Post Processor Report
OrCAD FILE: F:\PT8619\PCB\PT8619_REMOTE-2.MAX
Fri Mar 02 14:27:48 2007

*********************************************************

Output file: F:\PT8619\PCB\PT8619_REMOTE-2.TOP

Aperture totals for F:\PT8619\PCB\PT8619_REMOTE-2.TOP:
---------------------------------------------------------
D10:  0.0600 x 0.0780 RECTANGLE -----      70 Flashes
D11:  0.0980 x 0.0630 RECTANGLE -----       4 Flashes
D12:  0.0630 x 0.0980 RECTANGLE -----       2 Flashes
D13:  0.0620 ROUND  --       0 Draws,      78 Flashes
D14:  0.2360 ROUND  --       0 Draws,       8 Flashes
D15:  0.0700 ROUND  --       0 Draws,      33 Flashes
D16:  0.0700 SQUARE --       0 Draws,       1 Flashes
D17:  0.0800 ROUND  --       0 Draws,       1 Flashes
D18:  0.1000 ROUND  --       0 Draws,       4 Flashes
D19:  0.0550 ROUND  --       0 Draws,      15 Flashes
D20:  0.0780 x 0.0600 RECTANGLE -----      22 Flashes
D21:  0.0580 ROUND  --       0 Draws,      13 Flashes
D22:  0.0580 SQUARE --       0 Draws,       1 Flashes
---------------------------------------------------------
 13 D-Codes      -----       0 Draws,     252 Flashes

*********************************************************

Output file: F:\PT8619\PCB\PT8619_REMOTE-2.BOT

Aperture totals for F:\PT8619\PCB\PT8619_REMOTE-2.BOT:
---------------------------------------------------------
D23:  0.0620 ROUND  --       0 Draws,      78 Flashes
D24:  0.2360 ROUND  --       0 Draws,       8 Flashes
D25:  0.0453 x 0.0147 RECTANGLE -----      16 Flashes
D26:  0.0147 x 0.0453 RECTANGLE -----      16 Flashes
D27:  0.0700 ROUND  --       0 Draws,      33 Flashes
D28:  0.0700 SQUARE --       0 Draws,       1 Flashes
D29:  0.0800 ROUND  --       0 Draws,       1 Flashes
D30:  0.1000 ROUND  --       0 Draws,       4 Flashes
D31:  0.0550 ROUND  --       0 Draws,      15 Flashes
D32:  0.0580 ROUND  --       0 Draws,      13 Flashes
D33:  0.0580 SQUARE --       0 Draws,       1 Flashes
---------------------------------------------------------
 11 D-Codes      -----       0 Draws,     186 Flashes

*********************************************************

Output file: F:\PT8619\PCB\PT8619_REMOTE-2.GND

Aperture totals for F:\PT8619\PCB\PT8619_REMOTE-2.GND:
---------------------------------------------------------
D34:  0.0720 ROUND  --       0 Draws,      32 Flashes
D35:  0.0800 ROUND  --       0 Draws,      12 Flashes
D36:  0.1060 ROUND  --       0 Draws,       4 Flashes
D37:  0.0750 ROUND  --       0 Draws,      15 Flashes
D38:  0.0700 ROUND  --       0 Draws,      12 Flashes
D39:  0.0780 ROUND  --       0 Draws,      13 Flashes
D40:  0.0780 SQUARE --       0 Draws,       1 Flashes
D41:  0.0079 ROUND  --       4 Draws,       0 Flashes
---------------------------------------------------------
  8 D-Codes      -----       4 Draws,      89 Flashes

*********************************************************

Output file: F:\PT8619\PCB\PT8619_REMOTE-2.PWR

Aperture totals for F:\PT8619\PCB\PT8619_REMOTE-2.PWR:
---------------------------------------------------------
D34:  0.0720 ROUND  --       0 Draws,      32 Flashes
D35:  0.0800 ROUND  --       0 Draws,      12 Flashes
D36:  0.1060 ROUND  --       0 Draws,       4 Flashes
D37:  0.0750 ROUND  --       0 Draws,      15 Flashes
D38:  0.0700 ROUND  --       0 Draws,      12 Flashes
D39:  0.0780 ROUND  --       0 Draws,      13 Flashes
D40:  0.0780 SQUARE --       0 Draws,       1 Flashes
D41:  0.0079 ROUND  --       4 Draws,       0 Flashes
---------------------------------------------------------
  8 D-Codes      -----       4 Draws,      89 Flashes

*********************************************************

Output file: F:\PT8619\PCB\PT8619_REMOTE-2.SMT

Aperture totals for F:\PT8619\PCB\PT8619_REMOTE-2.SMT:
---------------------------------------------------------
D42:  0.0620 x 0.0800 RECTANGLE -----      70 Flashes
D43:  0.1000 x 0.0650 RECTANGLE -----       4 Flashes
D44:  0.0650 x 0.1000 RECTANGLE -----       2 Flashes
D45:  0.0640 ROUND  --       0 Draws,      62 Flashes
D46:  0.2380 ROUND  --       0 Draws,       8 Flashes
D47:  0.0720 ROUND  --       0 Draws,      33 Flashes
D48:  0.0720 SQUARE --       0 Draws,       1 Flashes
D49:  0.0820 ROUND  --       0 Draws,       1 Flashes
D50:  0.1050 ROUND  --       0 Draws,       4 Flashes
D51:  0.0670 ROUND  --       0 Draws,      16 Flashes
D52:  0.0550 ROUND  --       0 Draws,      15 Flashes
D53:  0.0800 x 0.0620 RECTANGLE -----      22 Flashes
D54:  0.0580 ROUND  --       0 Draws,      13 Flashes
D55:  0.0580 SQUARE --       0 Draws,       1 Flashes
---------------------------------------------------------
 14 D-Codes      -----       0 Draws,     252 Flashes

*********************************************************

Output file: F:\PT8619\PCB\PT8619_REMOTE-2.SMB

Aperture totals for F:\PT8619\PCB\PT8619_REMOTE-2.SMB:
---------------------------------------------------------
D45:  0.0640 ROUND  --       0 Draws,      62 Flashes
D46:  0.2380 ROUND  --       0 Draws,       8 Flashes
D47:  0.0720 ROUND  --       0 Draws,      33 Flashes
D48:  0.0720 SQUARE --       0 Draws,       1 Flashes
D49:  0.0820 ROUND  --       0 Draws,       1 Flashes
D50:  0.1050 ROUND  --       0 Draws,       4 Flashes
D51:  0.0670 ROUND  --       0 Draws,      16 Flashes
D52:  0.0550 ROUND  --       0 Draws,      15 Flashes
D54:  0.0580 ROUND  --       0 Draws,      13 Flashes
D55:  0.0580 SQUARE --       0 Draws,       1 Flashes
D56:  0.0473 x 0.0167 RECTANGLE -----      16 Flashes
D57:  0.0167 x 0.0473 RECTANGLE -----      16 Flashes
---------------------------------------------------------
 12 D-Codes      -----       0 Draws,     186 Flashes

*********************************************************

Output file: F:\PT8619\PCB\PT8619_REMOTE-2.SST

Aperture totals for F:\PT8619\PCB\PT8619_REMOTE-2.SST:
---------------------------------------------------------
D58:  0.0080 ROUND  --     574 Draws,       0 Flashes
D59:  0.0100 ROUND  --     132 Draws,       0 Flashes
D60:  0.0120 ROUND  --      18 Draws,       0 Flashes
D61:  0.0060 ROUND  --    1617 Draws,       0 Flashes
---------------------------------------------------------
  4 D-Codes      -----    2341 Draws,       0 Flashes

*********************************************************

Output file: F:\PT8619\PCB\PT8619_REMOTE-2.AST

Aperture totals for F:\PT8619\PCB\PT8619_REMOTE-2.AST:
---------------------------------------------------------
D41:  0.0079 ROUND  --       4 Draws,       0 Flashes
D52:  0.0550 ROUND  --       0 Draws,      15 Flashes
D54:  0.0580 ROUND  --       0 Draws,      13 Flashes
D55:  0.0580 SQUARE --       0 Draws,       1 Flashes
D58:  0.0080 ROUND  --     363 Draws,       0 Flashes
D59:  0.0100 ROUND  --      29 Draws,       0 Flashes
---------------------------------------------------------
  6 D-Codes      -----     396 Draws,      29 Flashes

*********************************************************

Output file: F:\PT8619\PCB\PT8619_REMOTE-2.DRD

Aperture totals for F:\PT8619\PCB\PT8619_REMOTE-2.DRD:
---------------------------------------------------------
D41:  0.0079 ROUND  --       4 Draws,       0 Flashes
D59:  0.0100 ROUND  --    1304 Draws,       0 Flashes
---------------------------------------------------------
  2 D-Codes      -----    1308 Draws,       0 Flashes


*********************************************************

Aperture totals for entire project:
---------------------------------------------------------
D10:  0.0600 x 0.0780 RECTANGLE -----      70 Flashes
D11:  0.0980 x 0.0630 RECTANGLE -----       4 Flashes
D12:  0.0630 x 0.0980 RECTANGLE -----       2 Flashes
D13:  0.0620 ROUND  --       0 Draws,      78 Flashes
D14:  0.2360 ROUND  --       0 Draws,       8 Flashes
D15:  0.0700 ROUND  --       0 Draws,      33 Flashes
D16:  0.0700 SQUARE --       0 Draws,       1 Flashes
D17:  0.0800 ROUND  --       0 Draws,       1 Flashes
D18:  0.1000 ROUND  --       0 Draws,       4 Flashes
D19:  0.0550 ROUND  --       0 Draws,      15 Flashes
D20:  0.0780 x 0.0600 RECTANGLE -----      22 Flashes
D21:  0.0580 ROUND  --       0 Draws,      13 Flashes
D22:  0.0580 SQUARE --       0 Draws,       1 Flashes
D23:  0.0620 ROUND  --       0 Draws,      78 Flashes
D24:  0.2360 ROUND  --       0 Draws,       8 Flashes
D25:  0.0453 x 0.0147 RECTANGLE -----      16 Flashes
D26:  0.0147 x 0.0453 RECTANGLE -----      16 Flashes
D27:  0.0700 ROUND  --       0 Draws,      33 Flashes
D28:  0.0700 SQUARE --       0 Draws,       1 Flashes
D29:  0.0800 ROUND  --       0 Draws,       1 Flashes
D30:  0.1000 ROUND  --       0 Draws,       4 Flashes
D31:  0.0550 ROUND  --       0 Draws,      15 Flashes
D32:  0.0580 ROUND  --       0 Draws,      13 Flashes
D33:  0.0580 SQUARE --       0 Draws,       1 Flashes
D34:  0.0720 ROUND  --       0 Draws,      64 Flashes
D35:  0.0800 ROUND  --       0 Draws,      24 Flashes
D36:  0.1060 ROUND  --       0 Draws,       8 Flashes
D37:  0.0750 ROUND  --       0 Draws,      30 Flashes
D38:  0.0700 ROUND  --       0 Draws,      24 Flashes
D39:  0.0780 ROUND  --       0 Draws,      26 Flashes
D40:  0.0780 SQUARE --       0 Draws,       2 Flashes
D41:  0.0079 ROUND  --      16 Draws,       0 Flashes
D42:  0.0620 x 0.0800 RECTANGLE -----      70 Flashes
D43:  0.1000 x 0.0650 RECTANGLE -----       4 Flashes
D44:  0.0650 x 0.1000 RECTANGLE -----       2 Flashes
D45:  0.0640 ROUND  --       0 Draws,     124 Flashes
D46:  0.2380 ROUND  --       0 Draws,      16 Flashes
D47:  0.0720 ROUND  --       0 Draws,      66 Flashes
D48:  0.0720 SQUARE --       0 Draws,       2 Flashes
D49:  0.0820 ROUND  --       0 Draws,       2 Flashes
D50:  0.1050 ROUND  --       0 Draws,       8 Flashes
D51:  0.0670 ROUND  --       0 Draws,      32 Flashes
D52:  0.0550 ROUND  --       0 Draws,      45 Flashes
D53:  0.0800 x 0.0620 RECTANGLE -----      22 Flashes
D54:  0.0580 ROUND  --       0 Draws,      39 Flashes
D55:  0.0580 SQUARE --       0 Draws,       3 Flashes
D56:  0.0473 x 0.0167 RECTANGLE -----      16 Flashes
D57:  0.0167 x 0.0473 RECTANGLE -----      16 Flashes
D58:  0.0080 ROUND  --     937 Draws,       0 Flashes
D59:  0.0100 ROUND  --    1465 Draws,       0 Flashes
D60:  0.0120 ROUND  --      18 Draws,       0 Flashes
D61:  0.0060 ROUND  --    1617 Draws,       0 Flashes
---------------------------------------------------------
 52 D-Codes      -----    4053 Draws,    1083 Flashes


No warnings or errors.
