iMPACT Version: 
iMPACT log file Started on Wed Feb 13 13:20:09 2008

// *** BATCH CMD : loadProjectFile -file"F:/PT8616/final_source/FPGA/gen_prom.ipf"
Connecting to cable (Usb Port - USB21).
Checking cable driver.
 Driver version: 1027 (1027).
 Driver windrvr6.sys version = 8.1.1.0. WinDriver v8.11 Jungo (c) 1997 - 2006 Build Date: Oct 16 2006 X86 32bit SYS12:35:07, version = 811.
 Cable PID = 0008.
 Max current requested during enumeration is 280 mA.
Type = 0x0605.
 Cable Type = 3, Revision = 0.
 Setting cable speed to 6 MHz.
Cable connection established.
Firmware version = 1027.
File version of C:/Xilinx92i/data/xusbdfwu.hex = 1027.
Firmware hex file version = 1027.
CPLD file version = 0012h.
CPLD version = 0012h.
INFO:iMPACT:1777 - 
   Reading C:/Xilinx92i/xcf/data/xcf02s.bsd...
INFO:iMPACT:501 - '1': Added Device xcf02s successfully.
----------------------------------------------------------------------
----------------------------------------------------------------------
'1': Loading file 'F:/PT8616/final_source/FPGA/final_FPGA.mcs' ...
done.
'2': Loading file 'F:/PT8616/final_source/FPGA/fpga_main.bit' ...
done.
INFO:iMPACT:1777 - 
   Reading C:/Xilinx92i/spartan3e/data/xc3s250e.bsd...
INFO:iMPACT:2257 - Startup Clock has been changed to 'JtagClk' in the bitstream   stored in memory,
   but the original bitstream file remains unchanged.
INFO:iMPACT:501 - '2': Added Device xc3s250e successfully.
----------------------------------------------------------------------
----------------------------------------------------------------------
'1': Loading file 'F:/PT8616/final_source/FPGA/fpga_main.bit' ...
INFO:iMPACT - Elapsed time =      0 sec.
done.
INFO:iMPACT:501 - '1': Added Device xc3s250e successfully.
----------------------------------------------------------------------
----------------------------------------------------------------------
'1': Added Device xcf02s successfully.
----------------------------------------------------------------------
Active mode is BS
// *** BATCH CMD : setMode -ss
// *** BATCH CMD : setMode -sm
// *** BATCH CMD : setMode -hw140
// *** BATCH CMD : setMode -spi
// *** BATCH CMD : setMode -acecf
// *** BATCH CMD : setMode -acempm
// *** BATCH CMD : setMode -pff
// *** BATCH CMD : setMode -bs
// *** BATCH CMD : setMode -bs
// *** BATCH CMD : setMode -bs
// *** BATCH CMD : setMode -pff
------------------------  GUI: PFFView Wizard Data Report ------------------------
SubMode: PFF_SERIAL
MB Master Device: 
MB Mode: 
MB Chain: 
getMultiBootSelected(): FALSE
getSPISelected(): FALSE
------------------------  GUI: End PFFView Report  ------------------------
// *** BATCH CMD : setMode -pff
// *** BATCH CMD : setMode -bs
// *** BATCH CMD : setMode -pff
// *** BATCH CMD : setMode -pff
// *** BATCH CMD : setMode -bs
// *** BATCH CMD : setMode -bs
// *** BATCH CMD : setMode -pff
// *** BATCH CMD : setMode -pff
// *** BATCH CMD : setMode -bs
// *** BATCH CMD : setMode -bs
// *** BATCH CMD : setMode -pff
// *** BATCH CMD : setMode -pff
// *** BATCH CMD : setMode -pff
// *** BATCH CMD : setMode -pff
// *** BATCH CMD : setCurrentDesign -version 0
// *** BATCH CMD : setMode -pff
// *** BATCH CMD : setCurrentDeviceChain -index 0
// *** BATCH CMD : setCurrentDeviceChain -index 0
// *** BATCH CMD : setMode -pff
// *** BATCH CMD : setSubmode -pffserial
// *** BATCH CMD : setAttribute -configdevice -attr fillValue -value "FF"
// *** BATCH CMD : setAttribute -configdevice -attr fileFormat -value "mcs"
// *** BATCH CMD : setAttribute -configdevice -attr dir -value "UP"
// *** BATCH CMD : setAttribute -configdevice -attr path -value"F:\PT8616\final_source\FPGA\/"
// *** BATCH CMD : setAttribute -configdevice -attr name -value "final_FPGA"
Total configuration bit size = 1353728 bits.
// *** BATCH CMD : generate
Total configuration byte size = 169216 bytes.
// *** BATCH CMD : setCurrentDesign -version 0
Swap bit can only be disabled in Hex file format only.
0x29500 (169216) bytes loaded up from 0x0
Using user-specified prom size of 256K
Writing file "F:\PT8616\final_source\FPGA\//final_FPGA.mcs".
Writing file "F:\PT8616\final_source\FPGA\//final_FPGA.prm".
Writing file "F:\PT8616\final_source\FPGA\//final_FPGA.sig".
// *** BATCH CMD : setMode -bs
// *** BATCH CMD : setMode -bs
Updating config file F:/PT8616/final_source/FPGA/final_FPGA.mcs...
// *** BATCH CMD : Program -p 1 -e -v -defaultVersion 0 
ERROR:iMPACT:2246 - A reference voltage has not been detected on the ribbon   cable
   	interface to the target system ( pin 2 ).  Check that power is applied
   	 to the target system and that the ribbon cable is properly seated at
   	 both ends.  The status LED on Platform Cable USB will be GREEN if target
   	 voltage is in the proper range and applied to the correct pin.
// *** BATCH CMD : Program -p 1 -e -v -defaultVersion 0 
INFO:iMPACT:467 - The device 'xcf02s' is in read protect mode. The device   contents cannot be read.
Maximum TCK operating frequency for this device chain: 10000000.
Validating chain...
Boundary-scan chain validated successfully.
'1': Erasing device...
PROGRESS_START - Starting Operation.
'1': Erasure completed successfully.
'1': Programming device...
done.
'1': Putting device in ISP mode...done.
'1': Putting device in ISP mode...done.
'1': Verifying device...done.
'1': Verification completed successfully.
'1': Calculated checksum matches expected checksum, 0018b9957
'1': Putting device in ISP mode...done.
'1': Putting device in ISP mode...done.
'1': Setting user-programmable bits...
done.
'1': Putting device in ISP mode...done.
'1': Programming completed successfully.
'1': Programming completed successfully.
PROGRESS_END - End Operation.
Elapsed time =     11 sec.
// *** BATCH CMD : Program -p 1 -e -v -defaultVersion 0 
Maximum TCK operating frequency for this device chain: 10000000.
Validating chain...
Boundary-scan chain validated successfully.
'1': Erasing device...
PROGRESS_START - Starting Operation.
'1': Erasure completed successfully.
'1': Programming device...
done.
'1': Putting device in ISP mode...done.
'1': Putting device in ISP mode...done.
'1': Verifying device...done.
'1': Verification completed successfully.
'1': Calculated checksum matches expected checksum, 0018b9957
'1': Putting device in ISP mode...done.
'1': Putting device in ISP mode...done.
'1': Setting user-programmable bits...
done.
'1': Putting device in ISP mode...done.
'1': Programming completed successfully.
'1': Programming completed successfully.
PROGRESS_END - End Operation.
Elapsed time =     10 sec.
// *** BATCH CMD : setMode -pff
// *** BATCH CMD : setMode -pff
// *** BATCH CMD : setMode -pff
// *** BATCH CMD : setSubmode -pffserial
// *** BATCH CMD : setAttribute -configdevice -attr fillValue -value "FF"
// *** BATCH CMD : setAttribute -configdevice -attr fileFormat -value "mcs"
// *** BATCH CMD : setAttribute -configdevice -attr dir -value "UP"
// *** BATCH CMD : setAttribute -configdevice -attr path -value"F:\PT8616\final_source\FPGA\/"
// *** BATCH CMD : setAttribute -configdevice -attr name -value "final_FPGA"
Updating config file F:/PT8616/final_source/FPGA/fpga_main.bit...
Total configuration bit size = 1353728 bits.
// *** BATCH CMD : generate
Total configuration byte size = 169216 bytes.
// *** BATCH CMD : setCurrentDesign -version 0
Swap bit can only be disabled in Hex file format only.
0x29500 (169216) bytes loaded up from 0x0
Using user-specified prom size of 256K
Writing file "F:\PT8616\final_source\FPGA\//final_FPGA.mcs".
Writing file "F:\PT8616\final_source\FPGA\//final_FPGA.prm".
Writing file "F:\PT8616\final_source\FPGA\//final_FPGA.sig".
// *** BATCH CMD : setMode -bs
// *** BATCH CMD : setMode -bs
Updating config file F:/PT8616/final_source/FPGA/final_FPGA.mcs...
// *** BATCH CMD : Program -p 1 -e -v -defaultVersion 0 
Maximum TCK operating frequency for this device chain: 10000000.
Validating chain...
Boundary-scan chain validated successfully.
'1': Erasing device...
PROGRESS_START - Starting Operation.
'1': Erasure completed successfully.
'1': Programming device...
done.
'1': Putting device in ISP mode...done.
'1': Putting device in ISP mode...done.
'1': Verifying device...done.
'1': Verification completed successfully.
'1': Calculated checksum matches expected checksum, 0018c2a81
'1': Putting device in ISP mode...done.
'1': Putting device in ISP mode...done.
'1': Setting user-programmable bits...
done.
'1': Putting device in ISP mode...done.
'1': Programming completed successfully.
'1': Programming completed successfully.
PROGRESS_END - End Operation.
Elapsed time =     10 sec.
// *** BATCH CMD : setMode -pff
// *** BATCH CMD : setMode -pff
// *** BATCH CMD : setMode -pff
// *** BATCH CMD : setSubmode -pffserial
// *** BATCH CMD : setAttribute -configdevice -attr fillValue -value "FF"
// *** BATCH CMD : setAttribute -configdevice -attr fileFormat -value "mcs"
// *** BATCH CMD : setAttribute -configdevice -attr dir -value "UP"
// *** BATCH CMD : setAttribute -configdevice -attr path -value"F:\PT8616\final_source\FPGA\/"
// *** BATCH CMD : setAttribute -configdevice -attr name -value "final_FPGA"
Updating config file F:/PT8616/final_source/FPGA/fpga_main.bit...
Total configuration bit size = 1353728 bits.
Total configuration byte size = 169216 bytes.
// *** BATCH CMD : setCurrentDesign -version 0
// *** BATCH CMD : generate
Swap bit can only be disabled in Hex file format only.
0x29500 (169216) bytes loaded up from 0x0
Using user-specified prom size of 256K
Writing file "F:\PT8616\final_source\FPGA\//final_FPGA.mcs".
Writing file "F:\PT8616\final_source\FPGA\//final_FPGA.prm".
Writing file "F:\PT8616\final_source\FPGA\//final_FPGA.sig".
// *** BATCH CMD : setMode -bs
// *** BATCH CMD : setMode -bs
Updating config file F:/PT8616/final_source/FPGA/final_FPGA.mcs...
// *** BATCH CMD : Program -p 1 -e -v -defaultVersion 0 
Maximum TCK operating frequency for this device chain: 10000000.
Validating chain...
Boundary-scan chain validated successfully.
'1': Erasing device...
PROGRESS_START - Starting Operation.
'1': Erasure completed successfully.
'1': Programming device...
done.
'1': Putting device in ISP mode...done.
'1': Putting device in ISP mode...done.
'1': Verifying device...done.
'1': Verification completed successfully.
'1': Calculated checksum matches expected checksum, 0018c2a81
'1': Putting device in ISP mode...done.
'1': Putting device in ISP mode...done.
'1': Setting user-programmable bits...
done.
'1': Putting device in ISP mode...done.
'1': Programming completed successfully.
'1': Programming completed successfully.
PROGRESS_END - End Operation.
Elapsed time =     11 sec.
// *** BATCH CMD : setMode -pff
// *** BATCH CMD : setMode -pff
// *** BATCH CMD : setMode -pff
// *** BATCH CMD : setSubmode -pffserial
// *** BATCH CMD : setAttribute -configdevice -attr fillValue -value "FF"
// *** BATCH CMD : setAttribute -configdevice -attr fileFormat -value "mcs"
// *** BATCH CMD : setAttribute -configdevice -attr dir -value "UP"
// *** BATCH CMD : setAttribute -configdevice -attr path -value"F:\PT8616\final_source\FPGA\/"
// *** BATCH CMD : setAttribute -configdevice -attr name -value "final_FPGA"
Updating config file F:/PT8616/final_source/FPGA/fpga_main.bit...
Total configuration bit size = 1353728 bits.
// *** BATCH CMD : generate
Total configuration byte size = 169216 bytes.
// *** BATCH CMD : setCurrentDesign -version 0
Swap bit can only be disabled in Hex file format only.
0x29500 (169216) bytes loaded up from 0x0
Using user-specified prom size of 256K
Writing file "F:\PT8616\final_source\FPGA\//final_FPGA.mcs".
Writing file "F:\PT8616\final_source\FPGA\//final_FPGA.prm".
Writing file "F:\PT8616\final_source\FPGA\//final_FPGA.sig".
// *** BATCH CMD : setMode -bs
// *** BATCH CMD : setMode -bs
Updating config file F:/PT8616/final_source/FPGA/final_FPGA.mcs...
// *** BATCH CMD : Verify -p 1 
ERROR:iMPACT:2246 - A reference voltage has not been detected on the ribbon   cable
   	interface to the target system ( pin 2 ).  Check that power is applied
   	 to the target system and that the ribbon cable is properly seated at
   	 both ends.  The status LED on Platform Cable USB will be GREEN if target
   	 voltage is in the proper range and applied to the correct pin.
// *** BATCH CMD : Program -p 1 -e -v -defaultVersion 0 
ERROR:iMPACT:2246 - A reference voltage has not been detected on the ribbon   cable
   	interface to the target system ( pin 2 ).  Check that power is applied
   	 to the target system and that the ribbon cable is properly seated at
   	 both ends.  The status LED on Platform Cable USB will be GREEN if target
   	 voltage is in the proper range and applied to the correct pin.
// *** BATCH CMD : Program -p 1 -e -v -defaultVersion 0 
Maximum TCK operating frequency for this device chain: 10000000.
Validating chain...
Boundary-scan chain validated successfully.
'1': Erasing device...
PROGRESS_START - Starting Operation.
'1': Erasure completed successfully.
'1': Programming device...
done.
'1': Putting device in ISP mode...done.
'1': Putting device in ISP mode...done.
'1': Verifying device...done.
'1': Verification completed successfully.
'1': Calculated checksum matches expected checksum, 0018bc967
'1': Putting device in ISP mode...done.
'1': Putting device in ISP mode...done.
'1': Setting user-programmable bits...
done.
'1': Putting device in ISP mode...done.
'1': Programming completed successfully.
'1': Programming completed successfully.
PROGRESS_END - End Operation.
Elapsed time =     11 sec.
// *** BATCH CMD : setMode -pff
// *** BATCH CMD : setMode -pff
// *** BATCH CMD : setMode -pff
// *** BATCH CMD : setSubmode -pffserial
// *** BATCH CMD : setAttribute -configdevice -attr fillValue -value "FF"
// *** BATCH CMD : setAttribute -configdevice -attr fileFormat -value "mcs"
// *** BATCH CMD : setAttribute -configdevice -attr dir -value "UP"
// *** BATCH CMD : setAttribute -configdevice -attr path -value"F:\PT8616\final_source\FPGA\/"
// *** BATCH CMD : setAttribute -configdevice -attr name -value "final_FPGA"
Total configuration bit size = 1353728 bits.
// *** BATCH CMD : generate
Total configuration byte size = 169216 bytes.
// *** BATCH CMD : setCurrentDesign -version 0
Swap bit can only be disabled in Hex file format only.
0x29500 (169216) bytes loaded up from 0x0
Using user-specified prom size of 256K
Writing file "F:\PT8616\final_source\FPGA\//final_FPGA.mcs".
Writing file "F:\PT8616\final_source\FPGA\//final_FPGA.prm".
Writing file "F:\PT8616\final_source\FPGA\//final_FPGA.sig".
// *** BATCH CMD : saveProjectFile -file"F:/PT8616/final_source/FPGA/gen_prom.ipf"
// *** BATCH CMD : setMode -bs
// *** BATCH CMD : deleteDevice -position 1
----------------------------------------------------------------------
// *** BATCH CMD : deleteDevice -position 1
// *** BATCH CMD : setMode -ss
// *** BATCH CMD : setMode -sm
// *** BATCH CMD : setMode -hw140
// *** BATCH CMD : setMode -spi
// *** BATCH CMD : setMode -acecf
// *** BATCH CMD : setMode -acempm
// *** BATCH CMD : setMode -pff
// *** BATCH CMD : deletePromDevice -position 1
// *** BATCH CMD : setCurrentDesign -version 0
// *** BATCH CMD : setCurrentDeviceChain -index 0
// *** BATCH CMD : deleteDevice -position 1
// *** BATCH CMD : setCurrentDeviceChain -index 0
// *** BATCH CMD : deleteDesign -version 0
// *** BATCH CMD : setCurrentDesign -version -1
// *** BATCH CMD : setMode -pff
// *** BATCH CMD : setMode -pff
// *** BATCH CMD : setMode -bs
// *** BATCH CMD : setMode -ss
// *** BATCH CMD : setMode -sm
// *** BATCH CMD : setMode -hw140
// *** BATCH CMD : setMode -spi
// *** BATCH CMD : setMode -acecf
// *** BATCH CMD : setMode -acempm
// *** BATCH CMD : setMode -pff
// *** BATCH CMD : setMode -pff
// *** BATCH CMD : setMode -pff
// *** BATCH CMD : setMode -bs
