Project Information                              c:\max2work\8632\32d1v63a.rpt

MAX+plus II Compiler Report File
Version 6.1 02/28/96
Compiled: 06/19/98 11:17:30

Copyright (c) 1996 by Altera Corporation.  All rights reserved.  This text
contains proprietary, confidential information of Altera Corporation, and
may be used, copied, and/or disclosed only pursuant to the terms of a
valid software license agreement with Altera Corporation.  This copyright
notice must be retained as part of this text at all times.



***** Project compilation was successful




** DEVICE SUMMARY **

Chip/                     Input   Output   Bidir         Shareable
POF       Device          Pins    Pins     Pins     LCs  Expanders  % Utilized

32d1v63a  EPM7128LC84      26       42       0      93      34          72 %

User Pins:                 26       42       0  



Project Information                              c:\max2work\8632\32d1v63a.rpt

** PROJECT COMPILATION MESSAGES **

Warning: Line 6, File c:\max2work\8632\hdecodw.tdf:
   Symbolic name "window" was declared but never used
Warning: GLOBAL primitive on node 'MRES' feeds logic -- non-global signal usage may result
Warning: Can't run "Multichip Partitioner": all network licenses are in use
Warning: Project has user pin or logic cell assignments, but has never been compiled before. For best fitting results, let the Compiler choose the first set of assignments instead.
Info: Reserved unused input pin 'FIELD2' for future use because it has a pin assignment--pin is tri-stated and must be connected to your board


Project Information                              c:\max2work\8632\32d1v63a.rpt

** AUTO GLOBAL SIGNALS **



INFO: Signal 'CLK' chosen for auto global Clock
INFO: Signal 'MRES' chosen for auto global Clear
INFO: Signal 'PAGE1' chosen for auto global Output Enable


Project Information                              c:\max2work\8632\32d1v63a.rpt

** PIN/LC/CHIP ASSIGNMENTS **

                  Actual                  
    User       Assignments                
Assignments   (if different)     Node Name

32d1v63a@61                       ABU0
32d1v63a@60                       ABU1
32d1v63a@58                       ABU2
32d1v63a@57                       ABU3
32d1v63a@56                       ABU4
32d1v63a@55                       ABU5
32d1v63a@54                       ABU6
32d1v63a@52                       ABU7
32d1v63a@51                       ABU8
32d1v63a@50                       ABU9
32d1v63a@49                       ABU10
32d1v63a@48                       ABU11
32d1v63a@46                       ABU12
32d1v63a@45                       ABU13
32d1v63a@44                       ABU14
32d1v63a@28                       ADDEN
32d1v63a@27                       ADJUST
32d1v63a@2                        A0
32d1v63a@14                       BBCKLIK
32d1v63a@29                       CHECKSUM
32d1v63a@83                       CLK
32d1v63a@76                       D0
32d1v63a@75                       D1
32d1v63a@74                       D2
32d1v63a@73                       D3
32d1v63a@70                       D4
32d1v63a@69                       D5
32d1v63a@68                       D6
32d1v63a@67                       D7
32d1v63a@65                       D8
32d1v63a@64                       D9
32d1v63a@63                       D10
32d1v63a@71                       FIELD2
32d1v63a@79                       HINT
32d1v63a@80                       HLOAD
32d1v63a@34                       HLOAD1
32d1v63a@9                        H0
32d1v63a@10                       H1
32d1v63a@11                       H2
32d1v63a@12                       H3
32d1v63a@4                        H4
32d1v63a@16                       H5
32d1v63a@17                       H6
32d1v63a@18                       H7
32d1v63a@20                       H8
32d1v63a@21                       H9
32d1v63a@22                       H10
32d1v63a@6                        KLIK
32d1v63a@62                       MOVEBIT
32d1v63a@1                        MRES
32d1v63a@15                       NOTH3
32d1v63a@8                        NOTH5
32d1v63a@84                       PAGE1
32d1v63a@31                       RAMDATA
32d1v63a@24                       SOUND
32d1v63a@81                       SYS_H
32d1v63a@77                       SYSSEL
32d1v63a@33                       S0
32d1v63a@5                        S1
32d1v63a@35                       TXTBLK0
32d1v63a@36                       TXTBLK1
32d1v63a@37                       TXTNR0
32d1v63a@39                       TXTNR1
32d1v63a@40                       TXTNR2
32d1v63a@41                       TXTNR3
32d1v63a@23                       WINDOW
32d1v63a@25                       3OR4
32d1v63a@30                       3OR4BUF


Project Information                              c:\max2work\8632\32d1v63a.rpt

** FILE HIERARCHY **



|3dffs:35|
|3dffs:22|
|resetgen:45|
|lcntw32:71|
|hdecodw:72|
|ramadrda:73|
|txtadr3:75|


Device-Specific Information:                     c:\max2work\8632\32d1v63a.rpt
32d1v63a

***** Logic for device '32d1v63a' compiled without errors.




Device: EPM7128LC84
Turbo: ON
Security: OFF


Device-Specific Information:                     c:\max2work\8632\32d1v63a.rpt
32d1v63a

** ERROR SUMMARY **

Info: Chip '32d1v63a' in device 'EPM7128LC84' has less than 20% of pins available for future logic changes -- if your project is likely to change, Altera recommends using a larger device
                                                                             
                                                                             
                                                                    S        
                       N                       P        S  H        Y        
                       O     K              M  A        Y  L  H     S        
                       T  G  L        V     R  G  C  G  S  O  I  V  S        
              H  H  H  H  N  I  S  H  C  A  E  E  L  N  _  A  N  C  E  D  D  
              2  1  0  5  D  K  1  4  C  0  S  1  K  D  H  D  T  C  L  0  1  
            -----------------------------------------------------------------_ 
          /  11 10  9  8  7  6  5  4  3  2  1 84 83 82 81 80 79 78 77 76 75   | 
      H3 | 12                                                              74 | D2 
     VCC | 13                                                              73 | D3 
 BBCKLIK | 14                                                              72 | GND 
   NOTH3 | 15                                                              71 | FIELD2 
      H5 | 16                                                              70 | D4 
      H6 | 17                                                              69 | D5 
      H7 | 18                                                              68 | D6 
     GND | 19                                                              67 | D7 
      H8 | 20                                                              66 | VCC 
      H9 | 21                                                              65 | D8 
     H10 | 22                         EPM7128LC84                          64 | D9 
  WINDOW | 23                                                              63 | D10 
   SOUND | 24                                                              62 | MOVEBIT 
    3OR4 | 25                                                              61 | ABU0 
     VCC | 26                                                              60 | ABU1 
  ADJUST | 27                                                              59 | GND 
   ADDEN | 28                                                              58 | ABU2 
CHECKSUM | 29                                                              57 | ABU3 
 3OR4BUF | 30                                                              56 | ABU4 
 RAMDATA | 31                                                              55 | ABU5 
     GND | 32                                                              54 | ABU6 
         |_  33 34 35 36 37 38 39 40 41 42 43 44 45 46 47 48 49 50 51 52 53  _| 
           ------------------------------------------------------------------ 
              S  H  T  T  T  V  T  T  T  G  V  A  A  A  G  A  A  A  A  A  V  
              0  L  X  X  X  C  X  X  X  N  C  B  B  B  N  B  B  B  B  B  C  
                 O  T  T  T  C  T  T  T  D  C  U  U  U  D  U  U  U  U  U  C  
                 A  B  B  N     N  N  N        1  1  1     1  1  9  8  7     
                 D  L  L  R     R  R  R        4  3  2     1  0              
                 1  K  K  0     1  2  3                                      
                    0  1                                                     
                                                                             


N.C. = Not Connected.
VCC = Dedicated power pin, which MUST be connected to VCC.
GND = Dedicated ground pin or unused dedicated input, which MUST be connected to GND.
RESERVED = Unused I/O pin, which MUST be left unconnected.



Device-Specific Information:                     c:\max2work\8632\32d1v63a.rpt
32d1v63a

** RESOURCE USAGE **

                                                Shareable     External
Logic Array Block     Logic Cells   I/O Pins    Expanders   Interconnect

A:     LC1 - LC16    10/16( 62%)   8/ 8(100%)  13/16( 81%)  24/36( 66%) 
B:    LC17 - LC32     7/16( 43%)   8/ 8(100%)   3/16( 18%)  20/36( 55%) 
C:    LC33 - LC48     5/16( 31%)   8/ 8(100%)   7/16( 43%)  18/36( 50%) 
D:    LC49 - LC64     7/16( 43%)   8/ 8(100%)   0/16(  0%)  20/36( 55%) 
E:    LC65 - LC80    16/16(100%)   8/ 8(100%)   0/16(  0%)  30/36( 83%) 
F:    LC81 - LC96    16/16(100%)   8/ 8(100%)   1/16(  6%)  25/36( 69%) 
G:   LC97 - LC112    16/16(100%)   8/ 8(100%)   0/16(  0%)  18/36( 50%) 
H:  LC113 - LC128    16/16(100%)   8/ 8(100%)  12/16( 75%)  25/36( 69%) 


Total dedicated input pins used:                 4/4    (100%)
Total I/O pins used:                            64/64   (100%)
Total logic cells used:                         93/128  ( 72%)
Total shareable expanders used:                 34/128  ( 26%)
Total Turbo logic cells used:                   93/128  ( 72%)
Total shareable expanders not available (n/a):   2/128  (  1%)

Total input pins required:                      26
Total output pins required:                     42
Total bidirectional pins required:               0
Total logic cells required:                     93
Total flipflops required:                       76
Total shareable expanders in database:          33

Synthesized logic cells:                         0/ 128 (  0%)



Device-Specific Information:                     c:\max2work\8632\32d1v63a.rpt
32d1v63a

** INPUTS **

                                         Shareable
                                         Expanders     Fan-In    Fan-Out
 Pin     LC  LAB  Primitive    Code   Total Shared n/a INP  FBK  OUT  FBK  Name
  27   (43)  (C)      INPUT              0      0   0    0    0    0    1  ADJUST
   2      -   -       INPUT              0      0   0    0    0    1    0  A0
  14   (32)  (B)      INPUT              0      0   0    0    0    1    0  BBCKLIK
  83      -   -       INPUT              0      0   0    0    0    0    0  CLK
  76  (120)  (H)      INPUT              0      0   0    0    0    1    0  D0
  75  (118)  (H)      INPUT              0      0   0    0    0    1    0  D1
  74  (117)  (H)      INPUT              0      0   0    0    0    1    0  D2
  73  (115)  (H)      INPUT              0      0   0    0    0    2    0  D3
  70  (109)  (G)      INPUT              0      0   0    0    0    1    0  D4
  69  (107)  (G)      INPUT              0      0   0    0    0    2    0  D5
  68  (105)  (G)      INPUT              0      0   0    0    0    1    0  D6
  67  (104)  (G)      INPUT              0      0   0    0    0    1    0  D7
  65  (101)  (G)      INPUT              0      0   0    0    0    1    0  D8
  64   (99)  (G)      INPUT              0      0   0    0    0    1    0  D9
  63   (97)  (G)      INPUT              0      0   0    0    0    1    0  D10
  71  (112)  (G)      INPUT              0      0   0    0    0    0    0  FIELD2
   6   (13)  (A)      INPUT              0      0   0    0    0    0    1  KLIK
  62   (96)  (F)      INPUT              0      0   0    0    0    0   11  MOVEBIT
   1      -   -       INPUT              0      0   0    0    0    1    2  MRES
  84      -   -       INPUT              0      0   0    0    0    0    0  PAGE1
  24   (46)  (C)      INPUT              0      0   0    0    0    0    1  SOUND
  81  (128)  (H)      INPUT              0      0   0    0    0    0    1  SYS_H
  77  (123)  (H)      INPUT              0      0   0    0    0    6    0  SYSSEL
  33   (64)  (D)      INPUT              0      0   0    0    0    1    0  S0
   5   (14)  (A)      INPUT              0      0   0    0    0    0    1  S1
  25   (45)  (C)      INPUT              0      0   0    0    0    1    0  3OR4


Code:

s = Synthesized pin or logic cell
t = Turbo logic cell
+ = Synchronous flipflop
! = NOT gate push-back
r = Fitter-inserted logic cell


Device-Specific Information:                     c:\max2work\8632\32d1v63a.rpt
32d1v63a

** OUTPUTS **

                                         Shareable
                                         Expanders     Fan-In    Fan-Out
 Pin     LC  LAB  Primitive    Code   Total Shared n/a INP  FBK  OUT  FBK  Name
  61     94    F        TRI     t        0      0   0    0    3    0    0  ABU0
  60     93    F        TRI     t        0      0   0    0    3    0    0  ABU1
  58     91    F        TRI     t        0      0   0    0    3    0    0  ABU2
  57     88    F        TRI     t        0      0   0    0    3    0    0  ABU3
  56     86    F        TRI     t        0      0   0    0    3    0    0  ABU4
  55     85    F        TRI     t        0      0   0    0    3    0    0  ABU5
  54     83    F        TRI     t        0      0   0    0    3    0    0  ABU6
  52     80    E        TRI     t        0      0   0    0    3    0    0  ABU7
  51     77    E        TRI     t        0      0   0    0    3    0    0  ABU8
  50     75    E        TRI     t        0      0   0    0    3    0    0  ABU9
  49     73    E        TRI     t        0      0   0    0    3    0    0  ABU10
  48     72    E        TRI     t        0      0   0    0    2    0    0  ABU11
  46     69    E        TRI     t        0      0   0    0    2    0    0  ABU12
  45     67    E        TRI     t        0      0   0    0    2    0    0  ABU13
  44     65    E        TRI     t        0      0   0    1    3    0    0  ABU14
  28     40    C         FF  +  t        7      0   0    0   13    0    0  ADDEN (|hdecodw:72|:56)
  29     38    C         FF  +  t        0      0   0    0   13    0    0  CHECKSUM (|hdecodw:72|:57)
  79    125    H     OUTPUT     t        0      0   0    1    3    0    0  HINT
  80    126    H         FF  +  t        0      0   0    0   11    0    1  HLOAD (|hdecodw:72|:55)
  34     61    D         FF  +  t        0      0   0    0   11    1   13  HLOAD1 (|hdecodw:72|:59)
   9      8    A         FF  +  t        0      0   0    1    2   19    8  H0 (|lcntw32:71|:66)
  10      6    A         FF  +  t        0      0   0    1    3   18    8  H1 (|lcntw32:71|:65)
  11      5    A         FF  +  t        2      0   1    2   12   17    8  H2 (|lcntw32:71|:64)
  12      3    A         FF  +  t        1      1   0    2   12    0    0  H3 (|lcntw32:71|:63)
   4     16    A         FF  +  t        0      0   0    2   12   17    8  H4 (|lcntw32:71|:62)
  16     27    B         FF  +  t        1      0   1    2   12    0    0  H5 (|lcntw32:71|:61)
  17     25    B         FF  +  t        1      0   0    1   12   17    8  H6 (|lcntw32:71|:60)
  18     24    B         FF  +  t        0      0   0    1   12   17    8  H7 (|lcntw32:71|:59)
  20     21    B         FF  +  t        0      0   0    1   10   17    8  H8 (|lcntw32:71|:58)
  21     19    B         FF  +  t        0      0   0    1   12   16    8  H9 (|lcntw32:71|:57)
  22     17    B         FF  +  t        0      0   0    1   12   16    8  H10 (|lcntw32:71|:56)
  15     29    B         FF  +  t !      1      1   0    2   12   17    8  NOTH3 (|lcntw32:71|:63)
   8     11    A         FF  +  t !      0      0   0    2   12   17    8  NOTH5 (|lcntw32:71|:61)
  31     35    C         FF  +  t        0      0   0    0   13    0    0  RAMDATA (|hdecodw:72|ramdata)
  35     59    D         FF     t        0      0   0    1    1    1    0  TXTBLK0 (|3dffs:22|sa)
  36     57    D     OUTPUT     t        0      0   0    1    1    0    0  TXTBLK1
  37     56    D         FF     t        0      0   0    0    7    4    0  TXTNR0 (|txtadr3:75|:40)
  39     53    D         FF     t        0      0   0    0    2    3    0  TXTNR1 (|txtadr3:75|:39)
  40     51    D         FF     t        0      0   0    0    3    2    0  TXTNR2 (|txtadr3:75|:38)
  41     49    D         FF     t        0      0   0    0    4    1    0  TXTNR3 (|txtadr3:75|:37)
  23     48    C         FF  +  t        0      0   0    0   13   15   11  WINDOW (|lcntw32:71|:67)
  30     37    C         FF     t        0      0   0    1    1    2    2  3OR4BUF (|3dffs:35|sa)


Code:

s = Synthesized pin or logic cell
t = Turbo logic cell
+ = Synchronous flipflop
! = NOT gate push-back
r = Fitter-inserted logic cell


Device-Specific Information:                     c:\max2work\8632\32d1v63a.rpt
32d1v63a

** BURIED LOGIC **

                                         Shareable
                                         Expanders     Fan-In    Fan-Out
 Pin     LC  LAB  Primitive    Code   Total Shared n/a INP  FBK  OUT  FBK  Name
 (73)   115    H       DFFE  +  t        8      0   0    0   11    0    1  |hdecodw:72|framereset
 (74)   117    H       DFFE  +  t        0      0   0    0   12    1    0  |hdecodw:72|pause
 (75)   118    H       DFFE  +  t        0      0   0    0   11    1    2  |hdecodw:72.hint (|hdecodw:72|:54)
   -    122    H       DFFE  +  t        4      0   0    0   13    0   14  |hdecodw:72.count (|hdecodw:72|:58)
   -    121    H       DFFE  +  t        0      0   0    1   13    0   15  |hdecodw:72.ramadj (|hdecodw:72|:60)
  (5)    14    A       DFFE  +  t       10      0   0    0   12    1    0  |hdecodw:72.frameb (|hdecodw:72|:61)
   -    124    H       DFFE  +  t        0      0   0    0   11    5    2  |hdecodw:72.upint (|hdecodw:72|:62)
   -      9    A       DFFE  +  t        0      0   0    1    0   13    0  |lcntw32:71|hclr
   -    119    H       DFFE  +  t        0      0   0    0   11    1    0  |lcntw32:71|rstwindow
   -    103    G       DFFE  +  t        0      0   0    0    1    0    1  |ramadrda:73|adjust1
   -    113    H       TFFE  +  t        0      0   0    0    2    1   13  |ramadrda:73|hsound0
   -    116    H       TFFE  +  t        0      0   0    0    3    1   12  |ramadrda:73|hsound1
 (77)   123    H       TFFE  +  t        0      0   0    0    4    1   11  |ramadrda:73|hsound2
   -    127    H       TFFE  +  t        0      0   0    0    5    1   10  |ramadrda:73|hsound3
 (81)   128    H       TFFE  +  t        0      0   0    0    6    1    9  |ramadrda:73|hsound4
   -     92    F       TFFE  +  t        0      0   0    0    7    1    8  |ramadrda:73|hsound5
   -     90    F       TFFE  +  t        0      0   0    0    8    1    7  |ramadrda:73|hsound6
   -     89    F       TFFE  +  t        0      0   0    0    9    1    6  |ramadrda:73|hsound7
   -     81    F       TFFE  +  t        1      0   0    0   16    1    6  |ramadrda:73|hsound8
   -     82    F       TFFE  +  t        0      0   0    0   13    1    6  |ramadrda:73|hsound9
   -     84    F       TFFE  +  t        0      0   0    0   16    1    5  |ramadrda:73|hsound10
   -     87    F       TFFE  +  t        0      0   0    0   16    1    5  |ramadrda:73|hsound11
 (62)    96    F       TFFE  +  t        0      0   0    0   14    1    4  |ramadrda:73|hsound12
   -     95    F       TFFE  +  t        0      0   0    0   16    1    4  |ramadrda:73|hsound13
   -     98    G       TFFE     t        0      0   0    1    0    0    7  |ramadrda:73|offset0
   -    100    G       DFFE     t        0      0   0    1   10    0   10  |ramadrda:73|offset1
 (69)   107    G       DFFE     t        0      0   0    1   10    0   10  |ramadrda:73|offset2
 (64)    99    G       TFFE     t        0      0   0    1   10    0   10  |ramadrda:73|offset3
 (63)    97    G       TFFE     t        0      0   0    1   10    0   10  |ramadrda:73|offset4
 (67)   104    G       TFFE     t        0      0   0    1    4    0    9  |ramadrda:73|offset5
 (70)   109    G       TFFE     t        0      0   0    1   10    0    9  |ramadrda:73|offset6
   -    110    G       TFFE     t        0      0   0    1    6    0    8  |ramadrda:73|offset7
   -    111    G       TFFE     t        0      0   0    1    7    0    7  |ramadrda:73|offset8
 (71)   112    G       TFFE     t        0      0   0    1   10    0    7  |ramadrda:73|offset9
   -    108    G       DFFE  +  t        0      0   0    0    4    1   11  |ramadrda:73|ramtekst0
   -    102    G       DFFE  +  t        0      0   0    0    5    1   10  |ramadrda:73|ramtekst1
 (68)   105    G       TFFE  +  t        0      0   0    0    6    1    9  |ramadrda:73|ramtekst2
   -     68    E       TFFE  +  t        0      0   0    0    7    1    8  |ramadrda:73|ramtekst3
   -     79    E       TFFE  +  t        0      0   0    0    8    1    7  |ramadrda:73|ramtekst4
   -     70    E       TFFE  +  t        0      0   0    0    9    1    6  |ramadrda:73|ramtekst5
   -     74    E       TFFE  +  t        0      0   0    0   10    1    5  |ramadrda:73|ramtekst6
   -     76    E       TFFE  +  t        0      0   0    0   11    1    4  |ramadrda:73|ramtekst7
   -     66    E       TFFE  +  t        0      0   0    0   12    1    3  |ramadrda:73|ramtekst8
   -     71    E       TFFE  +  t        0      0   0    0   13    1    2  |ramadrda:73|ramtekst9
   -     78    E       TFFE  +  t        0      0   0    0   13    1    1  |ramadrda:73|ramtekst10
 (76)   120    H       TFFE     t        0      0   0    1    3    1    2  |resetgen:45|d0
   -    114    H       TFFE     t        0      0   0    1    3    1    2  |resetgen:45|d1
   -     12    A       DFFE     t        0      0   0    1    1    2    0  |3dffs:22.s1b (|3dffs:22|sb)
   -      7    A       DFFE     t        0      0   0    1    1    1    0  |3dffs:22.s0b (|3dffs:22|sc)
   -    106    G       DFFE     t        0      0   0    1    1    3    2  |3dffs:35.s1b (|3dffs:35|sb)
 (65)   101    G       DFFE     t        0      0   0    1    1    1    0  |3dffs:35.s0b (|3dffs:35|sc)


Code:

s = Synthesized pin or logic cell
t = Turbo logic cell
+ = Synchronous flipflop
! = NOT gate push-back
r = Fitter-inserted logic cell


Device-Specific Information:                     c:\max2work\8632\32d1v63a.rpt
32d1v63a

** LOGIC CELL INTERCONNECTIONS **

Logic Array Block 'A':

                             Logic cells placed in LAB 'A'
        +------------------- LC14 |hdecodw:72.frameb
        | +----------------- LC8 H0
        | | +--------------- LC6 H1
        | | | +------------- LC5 H2
        | | | | +----------- LC3 H3
        | | | | | +--------- LC16 H4
        | | | | | | +------- LC9 |lcntw32:71|hclr
        | | | | | | | +----- LC11 NOTH5
        | | | | | | | | +--- LC12 |3dffs:22.s1b
        | | | | | | | | | +- LC7 |3dffs:22.s0b
        | | | | | | | | | | 
        | | | | | | | | | |   Other LABs fed by signals
        | | | | | | | | | |   that feed LAB 'A'
LC      | | | | | | | | | | | A B C D E F G H |     Logic cells that feed LAB 'A':
LC8  -> * * * * * * - * - - | * * * * - - - * | <-- H0
LC6  -> * - * * * * - * - - | * * * * - - - * | <-- H1
LC5  -> * - - * * * - * - - | * * * * - - - * | <-- H2
LC16 -> * - - * * * - * - - | * * * * - - - * | <-- H4
LC9  -> - * * * * * - * - - | * * - - - - - - | <-- |lcntw32:71|hclr
LC11 -> * - - * * * - * - - | * * * * - - - * | <-- NOTH5

Pin
2    -> - - - - - - - - - - | - - - * - - - - | <-- A0
83   -> - - - - - - - - - - | - - - - - - - - | <-- CLK
76   -> - * - - - - - - - - | * - - - - - - - | <-- D0
75   -> - - * - - - - - - - | * - - - - - - - | <-- D1
74   -> - - - * - - - - - - | * - - - - - - - | <-- D2
73   -> - - - - * - - - - - | * * - - - - - - | <-- D3
70   -> - - - - - * - - - - | * - - - - - - - | <-- D4
69   -> - - - - - - - * - - | * * - - - - - - | <-- D5
6    -> - - - - - - - - - * | * - - - - - - - | <-- KLIK
1    -> - - - - - - - - - - | - - - - - - - * | <-- MRES
84   -> - - - - - - - - - - | - - - - - - - - | <-- PAGE1
81   -> - - - - - - * - - - | * - - - - - - - | <-- SYS_H
77   -> - - - * * * - * - - | * * - - - - - - | <-- SYSSEL
5    -> - - - - - - - - * - | * - - - - - - - | <-- S1
LC115-> * - - - - - - - - - | * - - - - - - - | <-- |hdecodw:72|framereset
LC124-> - - - - - - - - * * | * - - * - - - - | <-- |hdecodw:72.upint
LC25 -> * - - * * * - * - - | * * * * - - - * | <-- H6
LC24 -> * - - * * * - * - - | * * * * - - - * | <-- H7
LC21 -> * - - * * * - * - - | * * * * - - - * | <-- H8
LC19 -> * - - * * * - * - - | * * * * - - - * | <-- H9
LC17 -> * - - * * * - * - - | * * * * - - - * | <-- H10
LC29 -> * - - * * * - * - - | * * * * - - - * | <-- NOTH3


* = The logic cell or pin is an input to the logic cell (or LAB) through the PIA.
- = The logic cell or pin is not an input to the logic cell (or LAB).


Device-Specific Information:                     c:\max2work\8632\32d1v63a.rpt
32d1v63a

** LOGIC CELL INTERCONNECTIONS **

Logic Array Block 'B':

                       Logic cells placed in LAB 'B'
        +------------- LC27 H5
        | +----------- LC25 H6
        | | +--------- LC24 H7
        | | | +------- LC21 H8
        | | | | +----- LC19 H9
        | | | | | +--- LC17 H10
        | | | | | | +- LC29 NOTH3
        | | | | | | | 
        | | | | | | |   Other LABs fed by signals
        | | | | | | |   that feed LAB 'B'
LC      | | | | | | | | A B C D E F G H |     Logic cells that feed LAB 'B':
LC25 -> * * * * * * * | * * * * - - - * | <-- H6
LC24 -> * * * * * * * | * * * * - - - * | <-- H7
LC21 -> * * * * * * * | * * * * - - - * | <-- H8
LC19 -> * * * - * * * | * * * * - - - * | <-- H9
LC17 -> * * * - * * * | * * * * - - - * | <-- H10
LC29 -> * * * * * * * | * * * * - - - * | <-- NOTH3

Pin
2    -> - - - - - - - | - - - * - - - - | <-- A0
83   -> - - - - - - - | - - - - - - - - | <-- CLK
73   -> - - - - - - * | * * - - - - - - | <-- D3
69   -> * - - - - - - | * * - - - - - - | <-- D5
68   -> - * - - - - - | - * - - - - - - | <-- D6
67   -> - - * - - - - | - * - - - - - - | <-- D7
65   -> - - - * - - - | - * - - - - - - | <-- D8
64   -> - - - - * - - | - * - - - - - - | <-- D9
63   -> - - - - - * - | - * - - - - - - | <-- D10
1    -> - - - - - - - | - - - - - - - * | <-- MRES
84   -> - - - - - - - | - - - - - - - - | <-- PAGE1
77   -> * - - - - - * | * * - - - - - - | <-- SYSSEL
LC8  -> * * * * * * * | * * * * - - - * | <-- H0
LC6  -> * * * * * * * | * * * * - - - * | <-- H1
LC5  -> * * * * * * * | * * * * - - - * | <-- H2
LC16 -> * * * * * * * | * * * * - - - * | <-- H4
LC9  -> * * * * * * * | * * - - - - - - | <-- |lcntw32:71|hclr
LC11 -> * * * * * * * | * * * * - - - * | <-- NOTH5


* = The logic cell or pin is an input to the logic cell (or LAB) through the PIA.
- = The logic cell or pin is not an input to the logic cell (or LAB).


Device-Specific Information:                     c:\max2work\8632\32d1v63a.rpt
32d1v63a

** LOGIC CELL INTERCONNECTIONS **

Logic Array Block 'C':

                   Logic cells placed in LAB 'C'
        +--------- LC40 ADDEN
        | +------- LC38 CHECKSUM
        | | +----- LC35 RAMDATA
        | | | +--- LC48 WINDOW
        | | | | +- LC37 3OR4BUF
        | | | | | 
        | | | | |   Other LABs fed by signals
        | | | | |   that feed LAB 'C'
LC      | | | | | | A B C D E F G H |     Logic cells that feed LAB 'C':
LC37 -> * * - - - | - - * - - - - * | <-- 3OR4BUF

Pin
2    -> - - - - - | - - - * - - - - | <-- A0
83   -> - - - - - | - - - - - - - - | <-- CLK
1    -> - - - - - | - - - - - - - * | <-- MRES
84   -> - - - - - | - - - - - - - - | <-- PAGE1
25   -> - - - - * | - - * - - - - - | <-- 3OR4
LC117-> - - * - - | - - * - - - - - | <-- |hdecodw:72|pause
LC61 -> - - - - * | - - * - * - * - | <-- HLOAD1
LC8  -> * * * * - | * * * * - - - * | <-- H0
LC6  -> * * * * - | * * * * - - - * | <-- H1
LC5  -> * * * * - | * * * * - - - * | <-- H2
LC16 -> * * * * - | * * * * - - - * | <-- H4
LC25 -> * * * * - | * * * * - - - * | <-- H6
LC24 -> * * * * - | * * * * - - - * | <-- H7
LC21 -> * * * * - | * * * * - - - * | <-- H8
LC19 -> * * * * - | * * * * - - - * | <-- H9
LC17 -> * * * * - | * * * * - - - * | <-- H10
LC119-> - - - * - | - - * - - - - - | <-- |lcntw32:71|rstwindow
LC29 -> * * * * - | * * * * - - - * | <-- NOTH3
LC11 -> * * * * - | * * * * - - - * | <-- NOTH5
LC106-> * * * - - | - - * - - - - * | <-- |3dffs:35.s1b
LC101-> - - - * - | - - * - - - - - | <-- |3dffs:35.s0b


* = The logic cell or pin is an input to the logic cell (or LAB) through the PIA.
- = The logic cell or pin is not an input to the logic cell (or LAB).


Device-Specific Information:                     c:\max2work\8632\32d1v63a.rpt
32d1v63a

** LOGIC CELL INTERCONNECTIONS **

Logic Array Block 'D':

                       Logic cells placed in LAB 'D'
        +------------- LC61 HLOAD1
        | +----------- LC59 TXTBLK0
        | | +--------- LC57 TXTBLK1
        | | | +------- LC56 TXTNR0
        | | | | +----- LC53 TXTNR1
        | | | | | +--- LC51 TXTNR2
        | | | | | | +- LC49 TXTNR3
        | | | | | | | 
        | | | | | | |   Other LABs fed by signals
        | | | | | | |   that feed LAB 'D'
LC      | | | | | | | | A B C D E F G H |     Logic cells that feed LAB 'D':
LC59 -> - - - * - - - | - - - * - - - - | <-- TXTBLK0
LC56 -> - - - * * * * | - - - * - - - - | <-- TXTNR0
LC53 -> - - - * * * * | - - - * - - - - | <-- TXTNR1
LC51 -> - - - * - * * | - - - * - - - - | <-- TXTNR2
LC49 -> - - - * - - * | - - - * - - - - | <-- TXTNR3

Pin
2    -> - - * - - - - | - - - * - - - - | <-- A0
83   -> - - - - - - - | - - - - - - - - | <-- CLK
1    -> - - - - - - - | - - - - - - - * | <-- MRES
84   -> - - - - - - - | - - - - - - - - | <-- PAGE1
33   -> - * - - - - - | - - - * - - - - | <-- S0
LC124-> - * - * * * * | * - - * - - - - | <-- |hdecodw:72.upint
LC8  -> * - - - - - - | * * * * - - - * | <-- H0
LC6  -> * - - - - - - | * * * * - - - * | <-- H1
LC5  -> * - - - - - - | * * * * - - - * | <-- H2
LC16 -> * - - - - - - | * * * * - - - * | <-- H4
LC25 -> * - - - - - - | * * * * - - - * | <-- H6
LC24 -> * - - - - - - | * * * * - - - * | <-- H7
LC21 -> * - - - - - - | * * * * - - - * | <-- H8
LC19 -> * - - - - - - | * * * * - - - * | <-- H9
LC17 -> * - - - - - - | * * * * - - - * | <-- H10
LC29 -> * - - - - - - | * * * * - - - * | <-- NOTH3
LC11 -> * - - - - - - | * * * * - - - * | <-- NOTH5
LC12 -> - - * * - - - | - - - * - - - - | <-- |3dffs:22.s1b


* = The logic cell or pin is an input to the logic cell (or LAB) through the PIA.
- = The logic cell or pin is not an input to the logic cell (or LAB).


Device-Specific Information:                     c:\max2work\8632\32d1v63a.rpt
32d1v63a

** LOGIC CELL INTERCONNECTIONS **

Logic Array Block 'E':

                                         Logic cells placed in LAB 'E'
        +------------------------------- LC80 ABU7
        | +----------------------------- LC77 ABU8
        | | +--------------------------- LC75 ABU9
        | | | +------------------------- LC73 ABU10
        | | | | +----------------------- LC72 ABU11
        | | | | | +--------------------- LC69 ABU12
        | | | | | | +------------------- LC67 ABU13
        | | | | | | | +----------------- LC65 ABU14
        | | | | | | | | +--------------- LC68 |ramadrda:73|ramtekst3
        | | | | | | | | | +------------- LC79 |ramadrda:73|ramtekst4
        | | | | | | | | | | +----------- LC70 |ramadrda:73|ramtekst5
        | | | | | | | | | | | +--------- LC74 |ramadrda:73|ramtekst6
        | | | | | | | | | | | | +------- LC76 |ramadrda:73|ramtekst7
        | | | | | | | | | | | | | +----- LC66 |ramadrda:73|ramtekst8
        | | | | | | | | | | | | | | +--- LC71 |ramadrda:73|ramtekst9
        | | | | | | | | | | | | | | | +- LC78 |ramadrda:73|ramtekst10
        | | | | | | | | | | | | | | | | 
        | | | | | | | | | | | | | | | |   Other LABs fed by signals
        | | | | | | | | | | | | | | | |   that feed LAB 'E'
LC      | | | | | | | | | | | | | | | | | A B C D E F G H |     Logic cells that feed LAB 'E':
LC68 -> - - - - - - - - * * * * * * * * | - - - - * * - - | <-- |ramadrda:73|ramtekst3
LC79 -> - - - - - - - - - * * * * * * * | - - - - * * - - | <-- |ramadrda:73|ramtekst4
LC70 -> - - - - - - - - - - * * * * * * | - - - - * * - - | <-- |ramadrda:73|ramtekst5
LC74 -> - - - - - - - - - - - * * * * * | - - - - * * - - | <-- |ramadrda:73|ramtekst6
LC76 -> * - - - - - - - - - - - * * * * | - - - - * - - - | <-- |ramadrda:73|ramtekst7
LC66 -> - * - - - - - - - - - - - * * * | - - - - * - - - | <-- |ramadrda:73|ramtekst8
LC71 -> - - * - - - - - - - - - - - * * | - - - - * - - - | <-- |ramadrda:73|ramtekst9
LC78 -> - - - * - - - - - - - - - - - * | - - - - * - - - | <-- |ramadrda:73|ramtekst10

Pin
2    -> - - - - - - - - - - - - - - - - | - - - * - - - - | <-- A0
14   -> - - - - - - - * - - - - - - - - | - - - - * - - - | <-- BBCKLIK
83   -> - - - - - - - - - - - - - - - - | - - - - - - - - | <-- CLK
1    -> - - - - - - - - - - - - - - - - | - - - - - - - * | <-- MRES
84   -> - - - - - - - - - - - - - - - - | - - - - - - - - | <-- PAGE1
LC14 -> - - - - - - - * - - - - - - - - | - - - - * - - - | <-- |hdecodw:72.frameb
LC61 -> - - - - - - - - * * * * * * * * | - - * - * - * - | <-- HLOAD1
LC89 -> * - - - - - - - - - - - - - - - | - - - - * * - - | <-- |ramadrda:73|hsound7
LC81 -> - * - - - - - - - - - - - - - - | - - - - * * - - | <-- |ramadrda:73|hsound8
LC82 -> - - * - - - - - - - - - - - - - | - - - - * * - - | <-- |ramadrda:73|hsound9
LC84 -> - - - * - - - - - - - - - - - - | - - - - * * - - | <-- |ramadrda:73|hsound10
LC87 -> - - - - * - - - - - - - - - - - | - - - - * * - - | <-- |ramadrda:73|hsound11
LC96 -> - - - - - * - - - - - - - - - - | - - - - * * - - | <-- |ramadrda:73|hsound12
LC95 -> - - - - - - * - - - - - - - - - | - - - - * * - - | <-- |ramadrda:73|hsound13
LC99 -> - - - - - - - - * - - - - - - - | - - - - * - * - | <-- |ramadrda:73|offset3
LC97 -> - - - - - - - - - * - - - - - - | - - - - * - * - | <-- |ramadrda:73|offset4
LC104-> - - - - - - - - - - * - - - - - | - - - - * - * - | <-- |ramadrda:73|offset5
LC109-> - - - - - - - - - - - * - - - - | - - - - * - * - | <-- |ramadrda:73|offset6
LC110-> - - - - - - - - - - - - * - - - | - - - - * - * - | <-- |ramadrda:73|offset7
LC111-> - - - - - - - - - - - - - * - - | - - - - * - * - | <-- |ramadrda:73|offset8
LC112-> - - - - - - - - - - - - - - * - | - - - - * - * - | <-- |ramadrda:73|offset9
LC108-> - - - - - - - - * * * * * * * * | - - - - * * * - | <-- |ramadrda:73|ramtekst0
LC102-> - - - - - - - - * * * * * * * * | - - - - * * * - | <-- |ramadrda:73|ramtekst1
LC105-> - - - - - - - - * * * * * * * * | - - - - * * * - | <-- |ramadrda:73|ramtekst2
LC48 -> * * * * * * * * * * * * * * * * | - - - - * * * - | <-- WINDOW
LC7  -> - - - - - - - * - - - - - - - - | - - - - * - - - | <-- |3dffs:22.s0b


* = The logic cell or pin is an input to the logic cell (or LAB) through the PIA.
- = The logic cell or pin is not an input to the logic cell (or LAB).


Device-Specific Information:                     c:\max2work\8632\32d1v63a.rpt
32d1v63a

** LOGIC CELL INTERCONNECTIONS **

Logic Array Block 'F':

                                         Logic cells placed in LAB 'F'
        +------------------------------- LC94 ABU0
        | +----------------------------- LC93 ABU1
        | | +--------------------------- LC91 ABU2
        | | | +------------------------- LC88 ABU3
        | | | | +----------------------- LC86 ABU4
        | | | | | +--------------------- LC85 ABU5
        | | | | | | +------------------- LC83 ABU6
        | | | | | | | +----------------- LC92 |ramadrda:73|hsound5
        | | | | | | | | +--------------- LC90 |ramadrda:73|hsound6
        | | | | | | | | | +------------- LC89 |ramadrda:73|hsound7
        | | | | | | | | | | +----------- LC81 |ramadrda:73|hsound8
        | | | | | | | | | | | +--------- LC82 |ramadrda:73|hsound9
        | | | | | | | | | | | | +------- LC84 |ramadrda:73|hsound10
        | | | | | | | | | | | | | +----- LC87 |ramadrda:73|hsound11
        | | | | | | | | | | | | | | +--- LC96 |ramadrda:73|hsound12
        | | | | | | | | | | | | | | | +- LC95 |ramadrda:73|hsound13
        | | | | | | | | | | | | | | | | 
        | | | | | | | | | | | | | | | |   Other LABs fed by signals
        | | | | | | | | | | | | | | | |   that feed LAB 'F'
LC      | | | | | | | | | | | | | | | | | A B C D E F G H |     Logic cells that feed LAB 'F':
LC92 -> - - - - - * - * * * * * * * * * | - - - - - * - - | <-- |ramadrda:73|hsound5
LC90 -> - - - - - - * - * * * * * * * * | - - - - - * - - | <-- |ramadrda:73|hsound6
LC89 -> - - - - - - - - - * * * * * * * | - - - - * * - - | <-- |ramadrda:73|hsound7
LC81 -> - - - - - - - - - - * * * * * * | - - - - * * - - | <-- |ramadrda:73|hsound8
LC82 -> - - - - - - - - - - * * * * * * | - - - - * * - - | <-- |ramadrda:73|hsound9
LC84 -> - - - - - - - - - - * - * * * * | - - - - * * - - | <-- |ramadrda:73|hsound10
LC87 -> - - - - - - - - - - * - * * * * | - - - - * * - - | <-- |ramadrda:73|hsound11
LC96 -> - - - - - - - - - - * - * * * * | - - - - * * - - | <-- |ramadrda:73|hsound12
LC95 -> - - - - - - - - - - * - * * - * | - - - - * * - - | <-- |ramadrda:73|hsound13

Pin
2    -> - - - - - - - - - - - - - - - - | - - - * - - - - | <-- A0
83   -> - - - - - - - - - - - - - - - - | - - - - - - - - | <-- CLK
1    -> - - - - - - - - - - - - - - - - | - - - - - - - * | <-- MRES
84   -> - - - - - - - - - - - - - - - - | - - - - - - - - | <-- PAGE1
LC122-> - - - - - - - * * * * * * * * * | - - - - - * - * | <-- |hdecodw:72.count
LC121-> - - - - - - - * * * * * * * * * | - - - - - * * * | <-- |hdecodw:72.ramadj
LC103-> - - - - - - - - - - - * - - - - | - - - - - * - - | <-- |ramadrda:73|adjust1
LC113-> * - - - - - - * * * * * * * * * | - - - - - * - * | <-- |ramadrda:73|hsound0
LC116-> - * - - - - - * * * * * * * * * | - - - - - * - * | <-- |ramadrda:73|hsound1
LC123-> - - * - - - - * * * * * * * * * | - - - - - * - * | <-- |ramadrda:73|hsound2
LC127-> - - - * - - - * * * * * * * * * | - - - - - * - * | <-- |ramadrda:73|hsound3
LC128-> - - - - * - - * * * * * * * * * | - - - - - * - - | <-- |ramadrda:73|hsound4
LC108-> * - - - - - - - - - - - - - - - | - - - - * * * - | <-- |ramadrda:73|ramtekst0
LC102-> - * - - - - - - - - - - - - - - | - - - - * * * - | <-- |ramadrda:73|ramtekst1
LC105-> - - * - - - - - - - - - - - - - | - - - - * * * - | <-- |ramadrda:73|ramtekst2
LC68 -> - - - * - - - - - - - - - - - - | - - - - * * - - | <-- |ramadrda:73|ramtekst3
LC79 -> - - - - * - - - - - - - - - - - | - - - - * * - - | <-- |ramadrda:73|ramtekst4
LC70 -> - - - - - * - - - - - - - - - - | - - - - * * - - | <-- |ramadrda:73|ramtekst5
LC74 -> - - - - - - * - - - - - - - - - | - - - - * * - - | <-- |ramadrda:73|ramtekst6
LC48 -> * * * * * * * - - - - - - - - - | - - - - * * * - | <-- WINDOW


* = The logic cell or pin is an input to the logic cell (or LAB) through the PIA.
- = The logic cell or pin is not an input to the logic cell (or LAB).


Device-Specific Information:                     c:\max2work\8632\32d1v63a.rpt
32d1v63a

** LOGIC CELL INTERCONNECTIONS **

Logic Array Block 'G':

                                         Logic cells placed in LAB 'G'
        +------------------------------- LC103 |ramadrda:73|adjust1
        | +----------------------------- LC98 |ramadrda:73|offset0
        | | +--------------------------- LC100 |ramadrda:73|offset1
        | | | +------------------------- LC107 |ramadrda:73|offset2
        | | | | +----------------------- LC99 |ramadrda:73|offset3
        | | | | | +--------------------- LC97 |ramadrda:73|offset4
        | | | | | | +------------------- LC104 |ramadrda:73|offset5
        | | | | | | | +----------------- LC109 |ramadrda:73|offset6
        | | | | | | | | +--------------- LC110 |ramadrda:73|offset7
        | | | | | | | | | +------------- LC111 |ramadrda:73|offset8
        | | | | | | | | | | +----------- LC112 |ramadrda:73|offset9
        | | | | | | | | | | | +--------- LC108 |ramadrda:73|ramtekst0
        | | | | | | | | | | | | +------- LC102 |ramadrda:73|ramtekst1
        | | | | | | | | | | | | | +----- LC105 |ramadrda:73|ramtekst2
        | | | | | | | | | | | | | | +--- LC106 |3dffs:35.s1b
        | | | | | | | | | | | | | | | +- LC101 |3dffs:35.s0b
        | | | | | | | | | | | | | | | | 
        | | | | | | | | | | | | | | | |   Other LABs fed by signals
        | | | | | | | | | | | | | | | |   that feed LAB 'G'
LC      | | | | | | | | | | | | | | | | | A B C D E F G H |     Logic cells that feed LAB 'G':
LC98 -> - * * * * * - * - - * * - - - - | - - - - - - * - | <-- |ramadrda:73|offset0
LC100-> - - * * * * * * * * * - * - - - | - - - - - - * - | <-- |ramadrda:73|offset1
LC107-> - - * * * * * * * * * - - * - - | - - - - - - * - | <-- |ramadrda:73|offset2
LC99 -> - - * * * * * * * * * - - - - - | - - - - * - * - | <-- |ramadrda:73|offset3
LC97 -> - - * * * * * * * * * - - - - - | - - - - * - * - | <-- |ramadrda:73|offset4
LC104-> - - * * * * * * * * * - - - - - | - - - - * - * - | <-- |ramadrda:73|offset5
LC109-> - - * * * * - * * * * - - - - - | - - - - * - * - | <-- |ramadrda:73|offset6
LC110-> - - * * * * - * * * * - - - - - | - - - - * - * - | <-- |ramadrda:73|offset7
LC111-> - - * * * * - * - * * - - - - - | - - - - * - * - | <-- |ramadrda:73|offset8
LC112-> - - * * * * - * - - * - - - - - | - - - - * - * - | <-- |ramadrda:73|offset9
LC108-> - - - - - - - - - - - * * * - - | - - - - * * * - | <-- |ramadrda:73|ramtekst0
LC102-> - - - - - - - - - - - - * * - - | - - - - * * * - | <-- |ramadrda:73|ramtekst1
LC105-> - - - - - - - - - - - - - * - - | - - - - * * * - | <-- |ramadrda:73|ramtekst2

Pin
2    -> - - - - - - - - - - - - - - - - | - - - * - - - - | <-- A0
83   -> - - - - - - - - - - - - - - - - | - - - - - - - - | <-- CLK
62   -> - * * * * * * * * * * - - - - * | - - - - - - * - | <-- MOVEBIT
1    -> - - - - - - - - - - - - - - - - | - - - - - - - * | <-- MRES
84   -> - - - - - - - - - - - - - - - - | - - - - - - - - | <-- PAGE1
24   -> - - - - - - - - - - - - - - * - | - - - - - - * - | <-- SOUND
LC121-> * - - - - - - - - - - - - - - - | - - - - - * * * | <-- |hdecodw:72.ramadj
LC61 -> - - - - - - - - - - - * * * * * | - - * - * - * - | <-- HLOAD1
LC48 -> - - - - - - - - - - - * * * - - | - - - - * * * - | <-- WINDOW


* = The logic cell or pin is an input to the logic cell (or LAB) through the PIA.
- = The logic cell or pin is not an input to the logic cell (or LAB).


Device-Specific Information:                     c:\max2work\8632\32d1v63a.rpt
32d1v63a

** LOGIC CELL INTERCONNECTIONS **

Logic Array Block 'H':

                                         Logic cells placed in LAB 'H'
        +------------------------------- LC115 |hdecodw:72|framereset
        | +----------------------------- LC117 |hdecodw:72|pause
        | | +--------------------------- LC118 |hdecodw:72.hint
        | | | +------------------------- LC122 |hdecodw:72.count
        | | | | +----------------------- LC121 |hdecodw:72.ramadj
        | | | | | +--------------------- LC124 |hdecodw:72.upint
        | | | | | | +------------------- LC125 HINT
        | | | | | | | +----------------- LC126 HLOAD
        | | | | | | | | +--------------- LC119 |lcntw32:71|rstwindow
        | | | | | | | | | +------------- LC113 |ramadrda:73|hsound0
        | | | | | | | | | | +----------- LC116 |ramadrda:73|hsound1
        | | | | | | | | | | | +--------- LC123 |ramadrda:73|hsound2
        | | | | | | | | | | | | +------- LC127 |ramadrda:73|hsound3
        | | | | | | | | | | | | | +----- LC128 |ramadrda:73|hsound4
        | | | | | | | | | | | | | | +--- LC120 |resetgen:45|d0
        | | | | | | | | | | | | | | | +- LC114 |resetgen:45|d1
        | | | | | | | | | | | | | | | | 
        | | | | | | | | | | | | | | | |   Other LABs fed by signals
        | | | | | | | | | | | | | | | |   that feed LAB 'H'
LC      | | | | | | | | | | | | | | | | | A B C D E F G H |     Logic cells that feed LAB 'H':
LC118-> - - - - - - * - - - - - - - * * | - - - - - - - * | <-- |hdecodw:72.hint
LC122-> - - - - - - - - - * * * * * - - | - - - - - * - * | <-- |hdecodw:72.count
LC121-> - - - - - - - - - * * * * * - - | - - - - - * * * | <-- |hdecodw:72.ramadj
LC126-> - - - - * - - - - - - - - - - - | - - - - - - - * | <-- HLOAD
LC113-> - - - - - - - - - * * * * * - - | - - - - - * - * | <-- |ramadrda:73|hsound0
LC116-> - - - - - - - - - - * * * * - - | - - - - - * - * | <-- |ramadrda:73|hsound1
LC123-> - - - - - - - - - - - * * * - - | - - - - - * - * | <-- |ramadrda:73|hsound2
LC127-> - - - - - - - - - - - - * * - - | - - - - - * - * | <-- |ramadrda:73|hsound3
LC120-> - - - - - - * - - - - - - - * * | - - - - - - - * | <-- |resetgen:45|d0
LC114-> - - - - - - * - - - - - - - * * | - - - - - - - * | <-- |resetgen:45|d1

Pin
27   -> - - - - * - - - - - - - - - - - | - - - - - - - * | <-- ADJUST
2    -> - - - - - - - - - - - - - - - - | - - - * - - - - | <-- A0
83   -> - - - - - - - - - - - - - - - - | - - - - - - - - | <-- CLK
1    -> - - - - - - * - - - - - - - * * | - - - - - - - * | <-- MRES
84   -> - - - - - - - - - - - - - - - - | - - - - - - - - | <-- PAGE1
LC8  -> * * * * * * - * * - - - - - - - | * * * * - - - * | <-- H0
LC6  -> * * * * * * - * * - - - - - - - | * * * * - - - * | <-- H1
LC5  -> * * * * * * - * * - - - - - - - | * * * * - - - * | <-- H2
LC16 -> * * * * * * - * * - - - - - - - | * * * * - - - * | <-- H4
LC25 -> * * * * * * - * * - - - - - - - | * * * * - - - * | <-- H6
LC24 -> * * * * * * - * * - - - - - - - | * * * * - - - * | <-- H7
LC21 -> * * * * * * - * * - - - - - - - | * * * * - - - * | <-- H8
LC19 -> * * * * * * - * * - - - - - - - | * * * * - - - * | <-- H9
LC17 -> * * * * * * - * * - - - - - - - | * * * * - - - * | <-- H10
LC29 -> * * * * * * - * * - - - - - - - | * * * * - - - * | <-- NOTH3
LC11 -> * * * * * * - * * - - - - - - - | * * * * - - - * | <-- NOTH5
LC106-> - - - * * - - - - - - - - - - - | - - * - - - - * | <-- |3dffs:35.s1b
LC37 -> - * - * - - - - - - - - - - - - | - - * - - - - * | <-- 3OR4BUF


* = The logic cell or pin is an input to the logic cell (or LAB) through the PIA.
- = The logic cell or pin is not an input to the logic cell (or LAB).


Device-Specific Information:                     c:\max2work\8632\32d1v63a.rpt
32d1v63a

** EQUATIONS **

ADJUST   : INPUT;
A0       : INPUT;
BBCKLIK  : INPUT;
CLK      : INPUT;
D0       : INPUT;
D1       : INPUT;
D2       : INPUT;
D3       : INPUT;
D4       : INPUT;
D5       : INPUT;
D6       : INPUT;
D7       : INPUT;
D8       : INPUT;
D9       : INPUT;
D10      : INPUT;
FIELD2   : INPUT;
KLIK     : INPUT;
MOVEBIT  : INPUT;
MRES     : INPUT;
PAGE1    : INPUT;
SOUND    : INPUT;
SYS_H    : INPUT;
SYSSEL   : INPUT;
S0       : INPUT;
S1       : INPUT;
3OR4     : INPUT;

-- Node name is 'ABU0' 
-- Equation name is 'ABU0', location is LC094, type is output.
ABU0     = TRI(_LC094, GLOBAL(!PAGE1));
_LC094   = LCELL( _EQ001 $  GND);
  _EQ001 =  _LC108 &  WINDOW
         #  _LC113 & !WINDOW;

-- Node name is 'ABU1' 
-- Equation name is 'ABU1', location is LC093, type is output.
ABU1     = TRI(_LC093, GLOBAL(!PAGE1));
_LC093   = LCELL( _EQ002 $  GND);
  _EQ002 =  _LC102 &  WINDOW
         #  _LC116 & !WINDOW;

-- Node name is 'ABU2' 
-- Equation name is 'ABU2', location is LC091, type is output.
ABU2     = TRI(_LC091, GLOBAL(!PAGE1));
_LC091   = LCELL( _EQ003 $  GND);
  _EQ003 =  _LC105 &  WINDOW
         #  _LC123 & !WINDOW;

-- Node name is 'ABU3' 
-- Equation name is 'ABU3', location is LC088, type is output.
ABU3     = TRI(_LC088, GLOBAL(!PAGE1));
_LC088   = LCELL( _EQ004 $  GND);
  _EQ004 =  _LC068 &  WINDOW
         #  _LC127 & !WINDOW;

-- Node name is 'ABU4' 
-- Equation name is 'ABU4', location is LC086, type is output.
ABU4     = TRI(_LC086, GLOBAL(!PAGE1));
_LC086   = LCELL( _EQ005 $  GND);
  _EQ005 =  _LC079 &  WINDOW
         #  _LC128 & !WINDOW;

-- Node name is 'ABU5' 
-- Equation name is 'ABU5', location is LC085, type is output.
ABU5     = TRI(_LC085, GLOBAL(!PAGE1));
_LC085   = LCELL( _EQ006 $  GND);
  _EQ006 =  _LC070 &  WINDOW
         #  _LC092 & !WINDOW;

-- Node name is 'ABU6' 
-- Equation name is 'ABU6', location is LC083, type is output.
ABU6     = TRI(_LC083, GLOBAL(!PAGE1));
_LC083   = LCELL( _EQ007 $  GND);
  _EQ007 =  _LC074 &  WINDOW
         #  _LC090 & !WINDOW;

-- Node name is 'ABU7' 
-- Equation name is 'ABU7', location is LC080, type is output.
ABU7     = TRI(_LC080, GLOBAL(!PAGE1));
_LC080   = LCELL( _EQ008 $  GND);
  _EQ008 =  _LC076 &  WINDOW
         #  _LC089 & !WINDOW;

-- Node name is 'ABU8' 
-- Equation name is 'ABU8', location is LC077, type is output.
ABU8     = TRI(_LC077, GLOBAL(!PAGE1));
_LC077   = LCELL( _EQ009 $  GND);
  _EQ009 =  _LC066 &  WINDOW
         #  _LC081 & !WINDOW;

-- Node name is 'ABU9' 
-- Equation name is 'ABU9', location is LC075, type is output.
ABU9     = TRI(_LC075, GLOBAL(!PAGE1));
_LC075   = LCELL( _EQ010 $  GND);
  _EQ010 =  _LC071 &  WINDOW
         #  _LC082 & !WINDOW;

-- Node name is 'ABU10' 
-- Equation name is 'ABU10', location is LC073, type is output.
ABU10    = TRI(_LC073, GLOBAL(!PAGE1));
_LC073   = LCELL( _EQ011 $  GND);
  _EQ011 =  _LC078 &  WINDOW
         #  _LC084 & !WINDOW;

-- Node name is 'ABU11' 
-- Equation name is 'ABU11', location is LC072, type is output.
ABU11    = TRI(_LC072, GLOBAL(!PAGE1));
_LC072   = LCELL( _EQ012 $  VCC);
  _EQ012 = !_LC087 & !WINDOW;

-- Node name is 'ABU12' 
-- Equation name is 'ABU12', location is LC069, type is output.
ABU12    = TRI(_LC069, GLOBAL(!PAGE1));
_LC069   = LCELL( _EQ013 $  VCC);
  _EQ013 = !_LC096 & !WINDOW;

-- Node name is 'ABU13' 
-- Equation name is 'ABU13', location is LC067, type is output.
ABU13    = TRI(_LC067, GLOBAL(!PAGE1));
_LC067   = LCELL( _EQ014 $  VCC);
  _EQ014 = !_LC095 & !WINDOW;

-- Node name is 'ABU14' 
-- Equation name is 'ABU14', location is LC065, type is output.
ABU14    = TRI(_LC065, GLOBAL(!PAGE1));
_LC065   = LCELL( _EQ015 $  GND);
  _EQ015 =  BBCKLIK &  _LC014 & !WINDOW
         #  _LC007 & !_LC014 & !WINDOW;

-- Node name is 'ADDEN' = '|hdecodw:72.addenable' from file "hdecodw.tdf" line 13, column 2
-- Equation name is 'ADDEN', type is output 
 ADDEN   = DFFE( GND $  VCC, GLOBAL( CLK), !_EQ016,  VCC,  _EQ017);
  _EQ016 =  H0 & !H1 & !H7 & !H8 &  H9 &  H10 &  NOTH3 &  _X001 &  _X002 & 
              _X003 &  _X004 &  _X005 &  _X006 &  _X007;
  _X001  = EXP( H2 &  H6);
  _X002  = EXP(!H2 & !3OR4BUF);
  _X003  = EXP( H4 &  3OR4BUF);
  _X004  = EXP(!NOTH5 &  3OR4BUF);
  _X005  = EXP( H2 & !H4);
  _X006  = EXP( H2 &  NOTH5);
  _X007  = EXP(!H6 &  3OR4BUF);
  _EQ017 =  H0 &  H1 & !H2 & !H4 & !H6 & !H7 & !H8 &  H9 &  H10 &  _LC106 & 
             !NOTH3 &  NOTH5;

-- Node name is 'CHECKSUM' = '|hdecodw:72.checksum' from file "hdecodw.tdf" line 11, column 8
-- Equation name is 'CHECKSUM', type is output 
 CHECKSUM = DFFE( _EQ018 $  GND, GLOBAL( CLK),  VCC,  VCC,  VCC);
  _EQ018 = !H0 &  H1 &  H2 &  H4 & !H6 & !H7 & !H8 &  H9 &  H10 &  _LC106 & 
             !NOTH3 & !NOTH5 &  3OR4BUF
         # !H0 &  H1 & !H2 &  H4 & !H6 & !H7 & !H8 &  H9 &  H10 &  _LC106 & 
              NOTH3 & !NOTH5 & !3OR4BUF;

-- Node name is 'HINT' 
-- Equation name is 'HINT', location is LC125, type is output.
 HINT    = LCELL( _EQ019 $  GND);
  _EQ019 =  _LC114 &  _LC118 &  _LC120 &  MRES;

-- Node name is 'HLOAD' = '|hdecodw:72.hsync' from file "hdecodw.tdf" line 11, column 2
-- Equation name is 'HLOAD', type is output 
 HLOAD   = DFFE( _EQ020 $  GND, GLOBAL( CLK),  VCC,  VCC,  VCC);
  _EQ020 =  H0 &  H1 &  H2 &  H4 & !H6 &  H7 &  H8 & !H9 &  H10 & !NOTH3 & 
              NOTH5;

-- Node name is 'HLOAD1' = '|hdecodw:72.hload1' from file "hdecodw.tdf" line 11, column 23
-- Equation name is 'HLOAD1', type is output 
 HLOAD1  = DFFE( _EQ021 $  GND, GLOBAL( CLK),  VCC,  VCC,  VCC);
  _EQ021 =  H0 &  H1 &  H2 & !H4 &  H6 &  H7 &  H8 & !H9 &  H10 & !NOTH3 & 
              NOTH5;

-- Node name is 'H0' = '|lcntw32:71.h0' from file "lcntw32.tdf" line 9, column 3
-- Equation name is 'H0', type is output 
 H0      = DFFE( _EQ022 $  VCC, GLOBAL( CLK),  VCC,  VCC,  VCC);
  _EQ022 =  H0 & !_LC009
         # !D0 &  _LC009;

-- Node name is 'H1' = '|lcntw32:71.h1' from file "lcntw32.tdf" line 9, column 3
-- Equation name is 'H1', type is output 
 H1      = DFFE( _EQ023 $  VCC, GLOBAL( CLK),  VCC,  VCC,  VCC);
  _EQ023 =  H0 &  H1 & !_LC009
         # !H0 & !H1 & !_LC009
         # !D1 &  _LC009;

-- Node name is 'H2' = '|lcntw32:71.h2' from file "lcntw32.tdf" line 9, column 3
-- Equation name is 'H2', type is output 
 H2      = DFFE( _EQ024 $  GND, GLOBAL( CLK),  VCC,  VCC,  VCC);
  _EQ024 =  H0 &  H1 &  H4 & !H6 &  H7 & !H8 &  H9 &  H10 & !_LC009 &  NOTH3 & 
              NOTH5 &  SYSSEL
         #  D2 &  H2 &  H4 & !H6 &  H7 & !H8 &  H9 &  H10 &  NOTH3 &  NOTH5 & 
              SYSSEL
         #  H0 &  H1 & !H2 & !_LC009
         #  H2 & !_LC009 &  _X008
         #  D2 &  _LC009;
  _X008  = EXP( H0 &  H1);

-- Node name is 'H3' = '|lcntw32~71.h3~1' from file "lcntw32.tdf" line 9, column 3
-- Equation name is 'H3', type is output 
 H3      = DFFE( _EQ025 $  VCC, GLOBAL( CLK),  VCC,  VCC,  VCC);
  _EQ025 =  H4 & !H6 &  H7 & !H8 &  H9 &  H10 & !_LC009 &  NOTH3 &  NOTH5 & 
              SYSSEL
         #  H0 &  H1 &  H2 & !_LC009 & !NOTH3
         # !_LC009 &  NOTH3 &  _X009
         # !D3 &  _LC009;
  _X009  = EXP( H0 &  H1 &  H2);

-- Node name is 'H4' = '|lcntw32:71.h4' from file "lcntw32.tdf" line 9, column 3
-- Equation name is 'H4', type is output 
 H4      = TFFE( _EQ026, GLOBAL( CLK),  VCC,  VCC,  VCC);
  _EQ026 =  H0 &  H1 &  H2 &  H4 & !H6 &  H7 & !H8 &  H9 &  H10 & !_LC009 & 
              NOTH3 &  NOTH5 &  SYSSEL
         #  H0 &  H1 &  H2 & !_LC009 & !NOTH3
         #  D4 & !H4 &  _LC009
         # !D4 &  H4 &  _LC009;

-- Node name is 'H5' = '|lcntw32~71.h5~1' from file "lcntw32.tdf" line 9, column 3
-- Equation name is 'H5', type is output 
 H5      = DFFE( _EQ027 $ !NOTH5, GLOBAL( CLK),  VCC,  VCC,  VCC);
  _EQ027 =  H0 &  H1 &  H2 &  H4 & !H6 &  H7 & !H8 &  H9 &  H10 & !_LC009 & 
              NOTH5 &  SYSSEL
         #  H0 &  H1 &  H2 &  H4 & !_LC009 & !NOTH3
         #  D5 &  _LC009 &  NOTH5
         # !D5 &  _LC009 & !NOTH5;

-- Node name is 'H6' = '|lcntw32:71.h6' from file "lcntw32.tdf" line 9, column 3
-- Equation name is 'H6', type is output 
 H6      = DFFE( _EQ028 $  VCC, GLOBAL( CLK),  VCC,  VCC,  VCC);
  _EQ028 =  H0 &  H1 &  H2 &  H4 &  H6 & !_LC009 & !NOTH3 & !NOTH5
         # !H6 &  H7 & !H8 &  H9 &  H10 & !_LC009
         # !H6 & !_LC009 &  _X010
         # !D6 &  _LC009;
  _X010  = EXP( H0 &  H1 &  H2 &  H4 & !NOTH3 & !NOTH5);

-- Node name is 'H7' = '|lcntw32:71.h7' from file "lcntw32.tdf" line 9, column 3
-- Equation name is 'H7', type is output 
 H7      = TFFE( _EQ029, GLOBAL( CLK),  VCC,  VCC,  VCC);
  _EQ029 =  H0 &  H1 &  H2 &  H4 & !H6 &  H7 & !H8 &  H9 &  H10 & !_LC009 & 
             !NOTH3 & !NOTH5
         #  H0 &  H1 &  H2 &  H4 &  H6 & !_LC009 & !NOTH3 & !NOTH5
         #  D7 & !H7 &  _LC009
         # !D7 &  H7 &  _LC009;

-- Node name is 'H8' = '|lcntw32:71.h8' from file "lcntw32.tdf" line 9, column 3
-- Equation name is 'H8', type is output 
 H8      = TFFE( _EQ030, GLOBAL( CLK),  VCC,  VCC,  VCC);
  _EQ030 =  H0 &  H1 &  H2 &  H4 &  H6 &  H7 & !_LC009 & !NOTH3 & !NOTH5
         #  D8 & !H8 &  _LC009
         # !D8 &  H8 &  _LC009;

-- Node name is 'H9' = '|lcntw32:71.h9' from file "lcntw32.tdf" line 9, column 3
-- Equation name is 'H9', type is output 
 H9      = TFFE( _EQ031, GLOBAL( CLK),  VCC,  VCC,  VCC);
  _EQ031 =  H0 &  H1 &  H2 &  H4 & !H6 &  H7 & !H8 &  H9 &  H10 & !_LC009 & 
             !NOTH3 & !NOTH5
         #  H0 &  H1 &  H2 &  H4 &  H6 &  H7 &  H8 & !_LC009 & !NOTH3 & 
             !NOTH5
         #  D9 & !H9 &  _LC009
         # !D9 &  H9 &  _LC009;

-- Node name is 'H10' = '|lcntw32:71.h10' from file "lcntw32.tdf" line 9, column 3
-- Equation name is 'H10', type is output 
 H10     = TFFE( _EQ032, GLOBAL( CLK),  VCC,  VCC,  VCC);
  _EQ032 =  H0 &  H1 &  H2 &  H4 & !H6 &  H7 & !H8 &  H9 &  H10 & !_LC009 & 
             !NOTH3 & !NOTH5
         #  H0 &  H1 &  H2 &  H4 &  H6 &  H7 &  H8 &  H9 & !_LC009 & !NOTH3 & 
             !NOTH5
         #  D10 & !H10 &  _LC009
         # !D10 &  H10 &  _LC009;

-- Node name is 'NOTH3' = '|lcntw32:71.h3' from file "lcntw32.tdf" line 9, column 3
-- Equation name is 'NOTH3', type is output 
NOTH3    = _LC029~NOT;
_LC029~NOT = DFFE( _EQ033 $  GND, GLOBAL( CLK),  VCC,  VCC,  VCC);
  _EQ033 =  H4 & !H6 &  H7 & !H8 &  H9 &  H10 & !_LC009 &  NOTH3 &  NOTH5 & 
              SYSSEL
         #  H0 &  H1 &  H2 & !_LC009 & !NOTH3
         # !_LC009 &  NOTH3 &  _X009
         # !D3 &  _LC009;
  _X009  = EXP( H0 &  H1 &  H2);

-- Node name is 'NOTH5' = '|lcntw32:71.h5' from file "lcntw32.tdf" line 9, column 3
-- Equation name is 'NOTH5', type is output 
NOTH5    = _LC011~NOT;
_LC011~NOT = TFFE( _EQ034, GLOBAL( CLK),  VCC,  VCC,  VCC);
  _EQ034 =  H0 &  H1 &  H2 &  H4 & !H6 &  H7 & !H8 &  H9 &  H10 & !_LC009 & 
              NOTH5 &  SYSSEL
         #  H0 &  H1 &  H2 &  H4 & !_LC009 & !NOTH3
         #  D5 &  _LC009 &  NOTH5
         # !D5 &  _LC009 & !NOTH5;

-- Node name is 'RAMDATA' = '|hdecodw:72.rambit' from file "hdecodw.tdf" line 13, column 18
-- Equation name is 'RAMDATA', type is output 
 RAMDATA = DFFE( GND $  VCC, GLOBAL( CLK), !_LC117,  VCC,  _EQ035);
  _EQ035 =  H0 & !H1 &  H2 & !H4 & !H6 & !H7 & !H8 &  H9 &  H10 &  _LC106 & 
              NOTH3 &  NOTH5;

-- Node name is 'TXTBLK0' = '|3dffs:22.s2b' from file "3dffs.tdf" line 7, column 2
-- Equation name is 'TXTBLK0', type is output 
 TXTBLK0 = DFFE( S0 $  GND,  _LC124,  VCC,  VCC,  VCC);

-- Node name is 'TXTBLK1' 
-- Equation name is 'TXTBLK1', location is LC057, type is output.
 TXTBLK1 = LCELL( _EQ036 $  VCC);
  _EQ036 = !A0 & !_LC012;

-- Node name is 'TXTNR0' = '|txtadr3:75.txtnr0' from file "txtadr3.tdf" line 8, column 7
-- Equation name is 'TXTNR0', type is output 
 TXTNR0  = TFFE(!_EQ037,  _LC124,  VCC,  VCC,  VCC);
  _EQ037 = !_LC012 & !TXTBLK0 & !TXTNR0 & !TXTNR1 & !TXTNR2 & !TXTNR3;

-- Node name is 'TXTNR1' = '|txtadr3:75.txtnr1' from file "txtadr3.tdf" line 8, column 7
-- Equation name is 'TXTNR1', type is output 
 TXTNR1  = TFFE( TXTNR0,  _LC124,  VCC,  VCC,  VCC);

-- Node name is 'TXTNR2' = '|txtadr3:75.txtnr2' from file "txtadr3.tdf" line 8, column 7
-- Equation name is 'TXTNR2', type is output 
 TXTNR2  = TFFE( _EQ038,  _LC124,  VCC,  VCC,  VCC);
  _EQ038 =  TXTNR0 &  TXTNR1;

-- Node name is 'TXTNR3' = '|txtadr3:75.txtnr3' from file "txtadr3.tdf" line 8, column 7
-- Equation name is 'TXTNR3', type is output 
 TXTNR3  = TFFE( _EQ039,  _LC124,  VCC,  VCC,  VCC);
  _EQ039 =  TXTNR0 &  TXTNR1 &  TXTNR2;

-- Node name is 'WINDOW' = '|lcntw32:71.window' from file "lcntw32.tdf" line 10, column 2
-- Equation name is 'WINDOW', type is output 
 WINDOW  = DFFE( GND $  VCC, GLOBAL( CLK), !_LC119,  VCC,  _EQ040);
  _EQ040 = !H0 & !H1 & !H2 &  H4 &  H6 & !H7 & !H8 &  H9 & !H10 &  _LC101 & 
             !NOTH3 &  NOTH5;

-- Node name is '3OR4BUF' = '|3dffs:35.s2b' from file "3dffs.tdf" line 7, column 2
-- Equation name is '3OR4BUF', type is output 
 3OR4BUF = DFFE( 3OR4 $  GND,  HLOAD1,  VCC,  VCC,  VCC);

-- Node name is '|hdecodw:72|:58' = '|hdecodw:72.count' from file "hdecodw.tdf" line 13, column 12
-- Equation name is '_LC122', type is buried 
_LC122   = DFFE( GND $  VCC, GLOBAL( CLK), !_EQ041,  VCC,  _EQ042);
  _EQ041 = !H0 &  H1 &  H4 & !H6 & !H7 & !H8 &  H9 &  H10 & !NOTH5 &  _X011 & 
              _X012 &  _X013 &  _X014;
  _X011  = EXP(!H2 &  3OR4BUF);
  _X012  = EXP( NOTH3 &  3OR4BUF);
  _X013  = EXP( H2 & !3OR4BUF);
  _X014  = EXP(!NOTH3 & !3OR4BUF);
  _EQ042 =  H0 & !H1 &  H2 & !H4 & !H6 & !H7 & !H8 &  H9 &  H10 &  _LC106 & 
             !NOTH3 &  NOTH5;

-- Node name is '|hdecodw:72|:61' = '|hdecodw:72.frameb' from file "hdecodw.tdf" line 14, column 2
-- Equation name is '_LC014', type is buried 
_LC014   = DFFE( GND $  VCC, GLOBAL( CLK), !_LC115,  VCC,  _EQ043);
  _EQ043 =  H0 & !H6 & !H7 & !H8 &  H9 &  H10 &  _X015 &  _X016 &  _X017 & 
              _X018 &  _X019 &  _X020 &  _X021 &  _X022 &  _X023 &  _X024;
  _X015  = EXP( H2 &  H4 & !NOTH3 & !NOTH5);
  _X016  = EXP( H1 & !NOTH3 &  NOTH5);
  _X017  = EXP( H1 &  H2 &  NOTH3 & !NOTH5);
  _X018  = EXP( H1 & !H2 & !H4 & !NOTH3);
  _X019  = EXP( H1 & !H2 &  H4 &  NOTH3);
  _X020  = EXP(!H1 & !H2 &  H4 & !NOTH3);
  _X021  = EXP(!H1 &  H2 &  NOTH3 &  NOTH5);
  _X022  = EXP(!H1 & !H2 &  NOTH3 & !NOTH5);
  _X023  = EXP(!H4 &  NOTH5);
  _X024  = EXP(!H1 &  H2 & !H4);

-- Node name is '|hdecodw:72|framereset' from file "hdecodw.tdf" line 12, column 2
-- Equation name is '_LC115', type is buried 
_LC115   = DFFE( _EQ044 $  VCC, GLOBAL( CLK),  VCC,  VCC,  VCC);
  _EQ044 =  _X025 &  _X026 &  _X027 &  _X028 &  _X029 &  _X030 &  _X031 & 
              _X032;
  _X025  = EXP(!H0 & !H1 & !H2 &  H4 & !H6 & !H7 & !H8 &  H9 &  H10 & !NOTH3 & 
             !NOTH5);
  _X026  = EXP(!H0 &  H1 &  H2 &  H4 & !H6 & !H7 & !H8 &  H9 &  H10 & !NOTH3 & 
             !NOTH5);
  _X027  = EXP(!H0 &  H1 & !H2 &  H4 & !H6 & !H7 & !H8 &  H9 &  H10 &  NOTH3 & 
             !NOTH5);
  _X028  = EXP(!H0 & !H1 &  H2 & !H4 & !H6 & !H7 & !H8 &  H9 &  H10 & !NOTH3 & 
             !NOTH5);
  _X029  = EXP(!H0 &  H1 &  H2 & !H4 & !H6 & !H7 & !H8 &  H9 &  H10 &  NOTH3 & 
             !NOTH5);
  _X030  = EXP(!H0 &  H1 & !H2 &  H4 & !H6 & !H7 & !H8 &  H9 &  H10 & !NOTH3 & 
              NOTH5);
  _X031  = EXP(!H0 & !H1 &  H2 &  H4 & !H6 & !H7 & !H8 &  H9 &  H10 &  NOTH3 & 
              NOTH5);
  _X032  = EXP(!H0 & !H1 & !H2 & !H4 & !H6 & !H7 & !H8 &  H9 &  H10 &  NOTH3 & 
             !NOTH5);

-- Node name is '|hdecodw:72|:54' = '|hdecodw:72.hint' from file "hdecodw.tdf" line 13, column 26
-- Equation name is '_LC118', type is buried 
_LC118   = DFFE( GND $  VCC, GLOBAL( CLK), !_EQ045,  VCC,  _EQ046);
  _EQ045 =  H0 &  H1 &  H2 & !H4 &  H6 & !H7 &  H8 & !H9 &  H10 & !NOTH3 & 
             !NOTH5;
  _EQ046 =  H0 & !H1 &  H2 & !H4 &  H6 &  H7 &  H8 & !H9 &  H10 & !NOTH3 & 
              NOTH5;

-- Node name is '|hdecodw:72|pause' from file "hdecodw.tdf" line 11, column 17
-- Equation name is '_LC117', type is buried 
_LC117   = DFFE( _EQ047 $  GND, GLOBAL( CLK),  VCC,  VCC,  VCC);
  _EQ047 =  H0 & !H1 &  H2 &  H4 & !H6 & !H7 & !H8 &  H9 &  H10 & !NOTH3 & 
             !NOTH5 &  3OR4BUF
         #  H0 & !H1 & !H2 &  H4 & !H6 & !H7 & !H8 &  H9 &  H10 &  NOTH3 & 
             !NOTH5 & !3OR4BUF;

-- Node name is '|hdecodw:72|:60' = '|hdecodw:72.ramadj' from file "hdecodw.tdf" line 13, column 31
-- Equation name is '_LC121', type is buried 
_LC121   = DFFE( GND $  VCC, GLOBAL( CLK), !HLOAD,  VCC,  _EQ048);
  _EQ048 = !ADJUST &  H0 & !H1 & !H2 &  H4 & !H6 & !H7 & !H8 &  H9 &  H10 & 
              _LC106 &  NOTH3 &  NOTH5;

-- Node name is '|hdecodw:72|:62' = '|hdecodw:72.upint' from file "hdecodw.tdf" line 12, column 13
-- Equation name is '_LC124', type is buried 
_LC124   = DFFE( _EQ049 $  GND, GLOBAL( CLK),  VCC,  VCC,  VCC);
  _EQ049 = !H0 & !H1 & !H2 & !H4 & !H6 & !H7 & !H8 &  H9 &  H10 & !NOTH3 & 
              NOTH5;

-- Node name is '|lcntw32:71|hclr' from file "lcntw32.tdf" line 9, column 12
-- Equation name is '_LC009', type is buried 
_LC009   = DFFE( SYS_H $  GND, GLOBAL( CLK),  VCC,  VCC,  VCC);

-- Node name is '|lcntw32:71|rstwindow' from file "lcntw32.tdf" line 11, column 2
-- Equation name is '_LC119', type is buried 
_LC119   = DFFE( _EQ050 $  GND, GLOBAL( CLK),  VCC,  VCC,  VCC);
  _EQ050 = !H0 &  H1 & !H2 &  H4 & !H6 & !H7 & !H8 & !H9 &  H10 &  NOTH3 & 
              NOTH5;

-- Node name is '|ramadrda:73|adjust1' from file "ramadrda.tdf" line 13, column 16
-- Equation name is '_LC103', type is buried 
_LC103   = DFFE( _LC121 $  GND, GLOBAL( CLK),  VCC,  VCC,  VCC);

-- Node name is '|ramadrda:73|hsound0' from file "ramadrda.tdf" line 13, column 8
-- Equation name is '_LC113', type is buried 
_LC113   = TFFE( _LC122, GLOBAL( CLK), !_LC121,  VCC,  VCC);

-- Node name is '|ramadrda:73|hsound1' from file "ramadrda.tdf" line 13, column 8
-- Equation name is '_LC116', type is buried 
_LC116   = TFFE( _EQ051, GLOBAL( CLK), !_LC121,  VCC,  VCC);
  _EQ051 =  _LC113 &  _LC122;

-- Node name is '|ramadrda:73|hsound2' from file "ramadrda.tdf" line 13, column 8
-- Equation name is '_LC123', type is buried 
_LC123   = TFFE( _EQ052, GLOBAL( CLK), !_LC121,  VCC,  VCC);
  _EQ052 =  _LC113 &  _LC116 &  _LC122;

-- Node name is '|ramadrda:73|hsound3' from file "ramadrda.tdf" line 13, column 8
-- Equation name is '_LC127', type is buried 
_LC127   = TFFE( _EQ053, GLOBAL( CLK), !_LC121,  VCC,  VCC);
  _EQ053 =  _LC113 &  _LC116 &  _LC122 &  _LC123;

-- Node name is '|ramadrda:73|hsound4' from file "ramadrda.tdf" line 13, column 8
-- Equation name is '_LC128', type is buried 
_LC128   = TFFE( _EQ054, GLOBAL( CLK), !_LC121,  VCC,  VCC);
  _EQ054 =  _LC113 &  _LC116 &  _LC122 &  _LC123 &  _LC127;

-- Node name is '|ramadrda:73|hsound5' from file "ramadrda.tdf" line 13, column 8
-- Equation name is '_LC092', type is buried 
_LC092   = TFFE( _EQ055, GLOBAL( CLK), !_LC121,  VCC,  VCC);
  _EQ055 =  _LC113 &  _LC116 &  _LC122 &  _LC123 &  _LC127 &  _LC128;

-- Node name is '|ramadrda:73|hsound6' from file "ramadrda.tdf" line 13, column 8
-- Equation name is '_LC090', type is buried 
_LC090   = TFFE( _EQ056, GLOBAL( CLK), !_LC121,  VCC,  VCC);
  _EQ056 =  _LC092 &  _LC113 &  _LC116 &  _LC122 &  _LC123 &  _LC127 & 
              _LC128;

-- Node name is '|ramadrda:73|hsound7' from file "ramadrda.tdf" line 13, column 8
-- Equation name is '_LC089', type is buried 
_LC089   = TFFE( _EQ057, GLOBAL( CLK), !_LC121,  VCC,  VCC);
  _EQ057 =  _LC090 &  _LC092 &  _LC113 &  _LC116 &  _LC122 &  _LC123 & 
              _LC127 &  _LC128;

-- Node name is '|ramadrda:73|hsound8' from file "ramadrda.tdf" line 13, column 8
-- Equation name is '_LC081', type is buried 
_LC081   = TFFE( _EQ058, GLOBAL( CLK), !_LC121,  VCC,  VCC);
  _EQ058 = !_LC081 &  _LC089 &  _LC090 &  _LC092 &  _LC113 &  _LC116 & 
              _LC122 &  _LC123 &  _LC127 &  _LC128 &  _X033
         #  _LC081 &  _LC089 &  _LC090 &  _LC092 &  _LC113 &  _LC116 & 
              _LC122 &  _LC123 &  _LC127 &  _LC128;
  _X033  = EXP( _LC082 &  _LC084 &  _LC087 &  _LC095 & !_LC096);

-- Node name is '|ramadrda:73|hsound9' from file "ramadrda.tdf" line 13, column 8
-- Equation name is '_LC082', type is buried 
_LC082   = TFFE( _EQ059, GLOBAL( CLK), !_LC121,  VCC,  VCC);
  _EQ059 =  _LC081 &  _LC089 &  _LC090 &  _LC092 &  _LC113 &  _LC116 & 
              _LC122 &  _LC123 &  _LC127 &  _LC128
         # !_LC082 &  _LC103 & !_LC122;

-- Node name is '|ramadrda:73|hsound10' from file "ramadrda.tdf" line 13, column 8
-- Equation name is '_LC084', type is buried 
_LC084   = TFFE( _EQ060, GLOBAL( CLK), !_LC121,  VCC,  VCC);
  _EQ060 = !_LC081 &  _LC082 &  _LC084 &  _LC087 &  _LC089 &  _LC090 & 
              _LC092 &  _LC095 & !_LC096 &  _LC113 &  _LC116 &  _LC122 & 
              _LC123 &  _LC127 &  _LC128
         #  _LC081 &  _LC082 &  _LC089 &  _LC090 &  _LC092 &  _LC113 & 
              _LC116 &  _LC122 &  _LC123 &  _LC127 &  _LC128;

-- Node name is '|ramadrda:73|hsound11' from file "ramadrda.tdf" line 13, column 8
-- Equation name is '_LC087', type is buried 
_LC087   = TFFE( _EQ061, GLOBAL( CLK), !_LC121,  VCC,  VCC);
  _EQ061 = !_LC081 &  _LC082 &  _LC084 &  _LC087 &  _LC089 &  _LC090 & 
              _LC092 &  _LC095 & !_LC096 &  _LC113 &  _LC116 &  _LC122 & 
              _LC123 &  _LC127 &  _LC128
         #  _LC081 &  _LC082 &  _LC084 &  _LC089 &  _LC090 &  _LC092 & 
              _LC113 &  _LC116 &  _LC122 &  _LC123 &  _LC127 &  _LC128;

-- Node name is '|ramadrda:73|hsound12' from file "ramadrda.tdf" line 13, column 8
-- Equation name is '_LC096', type is buried 
_LC096   = TFFE( _EQ062, GLOBAL( CLK), !_LC121,  VCC,  VCC);
  _EQ062 =  _LC081 &  _LC082 &  _LC084 &  _LC087 &  _LC089 &  _LC090 & 
              _LC092 &  _LC113 &  _LC116 &  _LC122 &  _LC123 &  _LC127 & 
              _LC128;

-- Node name is '|ramadrda:73|hsound13' from file "ramadrda.tdf" line 13, column 8
-- Equation name is '_LC095', type is buried 
_LC095   = TFFE( _EQ063, GLOBAL( CLK), !_LC121,  VCC,  VCC);
  _EQ063 = !_LC081 &  _LC082 &  _LC084 &  _LC087 &  _LC089 &  _LC090 & 
              _LC092 &  _LC095 & !_LC096 &  _LC113 &  _LC116 &  _LC122 & 
              _LC123 &  _LC127 &  _LC128
         #  _LC081 &  _LC082 &  _LC084 &  _LC087 &  _LC089 &  _LC090 & 
              _LC092 &  _LC096 &  _LC113 &  _LC116 &  _LC122 &  _LC123 & 
              _LC127 &  _LC128;

-- Node name is '|ramadrda:73|offset0' from file "ramadrda.tdf" line 14, column 8
-- Equation name is '_LC098', type is buried 
_LC098   = TFFE( GND,  MOVEBIT,  VCC,  VCC,  VCC);

-- Node name is '|ramadrda:73|offset1' from file "ramadrda.tdf" line 14, column 8
-- Equation name is '_LC100', type is buried 
_LC100   = DFFE( _EQ064 $  VCC,  MOVEBIT,  VCC,  VCC,  VCC);
  _EQ064 = !_LC097 & !_LC098 &  _LC099 &  _LC104 &  _LC107 & !_LC109 & 
              _LC110 &  _LC111 &  _LC112
         # !_LC097 & !_LC098 & !_LC099 & !_LC104 & !_LC107 & !_LC109 & 
             !_LC110 & !_LC111 & !_LC112
         #  _LC100;

-- Node name is '|ramadrda:73|offset2' from file "ramadrda.tdf" line 14, column 8
-- Equation name is '_LC107', type is buried 
_LC107   = DFFE( _EQ065 $  _LC100,  MOVEBIT,  VCC,  VCC,  VCC);
  _EQ065 = !_LC097 & !_LC098 & !_LC099 & !_LC100 & !_LC104 & !_LC107 & 
             !_LC109 & !_LC110 & !_LC111 & !_LC112
         #  _LC107;

-- Node name is '|ramadrda:73|offset3' from file "ramadrda.tdf" line 14, column 8
-- Equation name is '_LC099', type is buried 
_LC099   = TFFE( _EQ066,  MOVEBIT,  VCC,  VCC,  VCC);
  _EQ066 = !_LC097 & !_LC098 &  _LC099 & !_LC100 &  _LC104 &  _LC107 & 
             !_LC109 &  _LC110 &  _LC111 &  _LC112
         # !_LC097 & !_LC098 & !_LC099 & !_LC100 & !_LC104 & !_LC107 & 
             !_LC109 & !_LC110 & !_LC111 & !_LC112
         #  _LC100 &  _LC107;

-- Node name is '|ramadrda:73|offset4' from file "ramadrda.tdf" line 14, column 8
-- Equation name is '_LC097', type is buried 
_LC097   = TFFE( _EQ067,  MOVEBIT,  VCC,  VCC,  VCC);
  _EQ067 = !_LC097 & !_LC098 &  _LC099 & !_LC100 &  _LC104 &  _LC107 & 
             !_LC109 &  _LC110 &  _LC111 &  _LC112
         #  _LC099 &  _LC100 &  _LC107;

-- Node name is '|ramadrda:73|offset5' from file "ramadrda.tdf" line 14, column 8
-- Equation name is '_LC104', type is buried 
_LC104   = TFFE( _EQ068,  MOVEBIT,  VCC,  VCC,  VCC);
  _EQ068 =  _LC097 &  _LC099 &  _LC100 &  _LC107;

-- Node name is '|ramadrda:73|offset6' from file "ramadrda.tdf" line 14, column 8
-- Equation name is '_LC109', type is buried 
_LC109   = TFFE( _EQ069,  MOVEBIT,  VCC,  VCC,  VCC);
  _EQ069 = !_LC097 & !_LC098 &  _LC099 & !_LC100 &  _LC104 &  _LC107 & 
             !_LC109 &  _LC110 &  _LC111 &  _LC112
         # !_LC097 & !_LC098 & !_LC099 & !_LC100 & !_LC104 & !_LC107 & 
             !_LC109 & !_LC110 & !_LC111 & !_LC112
         #  _LC097 &  _LC099 &  _LC100 &  _LC104 &  _LC107;

-- Node name is '|ramadrda:73|offset7' from file "ramadrda.tdf" line 14, column 8
-- Equation name is '_LC110', type is buried 
_LC110   = TFFE( _EQ070,  MOVEBIT,  VCC,  VCC,  VCC);
  _EQ070 =  _LC097 &  _LC099 &  _LC100 &  _LC104 &  _LC107 &  _LC109;

-- Node name is '|ramadrda:73|offset8' from file "ramadrda.tdf" line 14, column 8
-- Equation name is '_LC111', type is buried 
_LC111   = TFFE( _EQ071,  MOVEBIT,  VCC,  VCC,  VCC);
  _EQ071 =  _LC097 &  _LC099 &  _LC100 &  _LC104 &  _LC107 &  _LC109 & 
              _LC110;

-- Node name is '|ramadrda:73|offset9' from file "ramadrda.tdf" line 14, column 8
-- Equation name is '_LC112', type is buried 
_LC112   = TFFE( _EQ072,  MOVEBIT,  VCC,  VCC,  VCC);
  _EQ072 = !_LC097 & !_LC098 &  _LC099 & !_LC100 &  _LC104 &  _LC107 & 
             !_LC109 &  _LC110 &  _LC111 &  _LC112
         # !_LC097 & !_LC098 & !_LC099 & !_LC100 & !_LC104 & !_LC107 & 
             !_LC109 & !_LC110 & !_LC111 & !_LC112
         #  _LC097 &  _LC099 &  _LC100 &  _LC104 &  _LC107 &  _LC109 & 
              _LC110 &  _LC111;

-- Node name is '|ramadrda:73|ramtekst0' from file "ramadrda.tdf" line 15, column 10
-- Equation name is '_LC108', type is buried 
_LC108   = DFFE( _EQ073 $  GND, GLOBAL( CLK),  VCC,  VCC,  VCC);
  _EQ073 = !HLOAD1 & !_LC108 &  WINDOW
         # !HLOAD1 &  _LC108 & !WINDOW
         #  HLOAD1 &  _LC098;

-- Node name is '|ramadrda:73|ramtekst1' from file "ramadrda.tdf" line 15, column 10
-- Equation name is '_LC102', type is buried 
_LC102   = DFFE( _EQ074 $  GND, GLOBAL( CLK),  VCC,  VCC,  VCC);
  _EQ074 = !HLOAD1 &  _LC102 & !_LC108 &  WINDOW
         # !HLOAD1 & !_LC102 &  _LC108 &  WINDOW
         # !HLOAD1 &  _LC102 & !WINDOW
         #  HLOAD1 &  _LC100;

-- Node name is '|ramadrda:73|ramtekst2' from file "ramadrda.tdf" line 15, column 10
-- Equation name is '_LC105', type is buried 
_LC105   = TFFE( _EQ075, GLOBAL( CLK),  VCC,  VCC,  VCC);
  _EQ075 = !HLOAD1 &  _LC102 &  _LC108 &  WINDOW
         #  HLOAD1 & !_LC105 &  _LC107
         #  HLOAD1 &  _LC105 & !_LC107;

-- Node name is '|ramadrda:73|ramtekst3' from file "ramadrda.tdf" line 15, column 10
-- Equation name is '_LC068', type is buried 
_LC068   = TFFE( _EQ076, GLOBAL( CLK),  VCC,  VCC,  VCC);
  _EQ076 = !HLOAD1 &  _LC102 &  _LC105 &  _LC108 &  WINDOW
         #  HLOAD1 & !_LC068 &  _LC099
         #  HLOAD1 &  _LC068 & !_LC099;

-- Node name is '|ramadrda:73|ramtekst4' from file "ramadrda.tdf" line 15, column 10
-- Equation name is '_LC079', type is buried 
_LC079   = TFFE( _EQ077, GLOBAL( CLK),  VCC,  VCC,  VCC);
  _EQ077 = !HLOAD1 &  _LC068 &  _LC102 &  _LC105 &  _LC108 &  WINDOW
         #  HLOAD1 & !_LC079 &  _LC097
         #  HLOAD1 &  _LC079 & !_LC097;

-- Node name is '|ramadrda:73|ramtekst5' from file "ramadrda.tdf" line 15, column 10
-- Equation name is '_LC070', type is buried 
_LC070   = TFFE( _EQ078, GLOBAL( CLK),  VCC,  VCC,  VCC);
  _EQ078 = !HLOAD1 &  _LC068 &  _LC079 &  _LC102 &  _LC105 &  _LC108 & 
              WINDOW
         #  HLOAD1 & !_LC070 &  _LC104
         #  HLOAD1 &  _LC070 & !_LC104;

-- Node name is '|ramadrda:73|ramtekst6' from file "ramadrda.tdf" line 15, column 10
-- Equation name is '_LC074', type is buried 
_LC074   = TFFE( _EQ079, GLOBAL( CLK),  VCC,  VCC,  VCC);
  _EQ079 = !HLOAD1 &  _LC068 &  _LC070 &  _LC079 &  _LC102 &  _LC105 & 
              _LC108 &  WINDOW
         #  HLOAD1 & !_LC074 &  _LC109
         #  HLOAD1 &  _LC074 & !_LC109;

-- Node name is '|ramadrda:73|ramtekst7' from file "ramadrda.tdf" line 15, column 10
-- Equation name is '_LC076', type is buried 
_LC076   = TFFE( _EQ080, GLOBAL( CLK),  VCC,  VCC,  VCC);
  _EQ080 = !HLOAD1 &  _LC068 &  _LC070 &  _LC074 &  _LC079 &  _LC102 & 
              _LC105 &  _LC108 &  WINDOW
         #  HLOAD1 & !_LC076 &  _LC110
         #  HLOAD1 &  _LC076 & !_LC110;

-- Node name is '|ramadrda:73|ramtekst8' from file "ramadrda.tdf" line 15, column 10
-- Equation name is '_LC066', type is buried 
_LC066   = TFFE( _EQ081, GLOBAL( CLK),  VCC,  VCC,  VCC);
  _EQ081 = !HLOAD1 &  _LC068 &  _LC070 &  _LC074 &  _LC076 &  _LC079 & 
              _LC102 &  _LC105 &  _LC108 &  WINDOW
         #  HLOAD1 & !_LC066 &  _LC111
         #  HLOAD1 &  _LC066 & !_LC111;

-- Node name is '|ramadrda:73|ramtekst9' from file "ramadrda.tdf" line 15, column 10
-- Equation name is '_LC071', type is buried 
_LC071   = TFFE( _EQ082, GLOBAL( CLK),  VCC,  VCC,  VCC);
  _EQ082 = !HLOAD1 &  _LC066 &  _LC068 &  _LC070 &  _LC074 &  _LC076 & 
              _LC079 &  _LC102 &  _LC105 &  _LC108 &  WINDOW
         #  HLOAD1 & !_LC071 &  _LC112
         #  HLOAD1 &  _LC071 & !_LC112;

-- Node name is '|ramadrda:73|ramtekst10' from file "ramadrda.tdf" line 15, column 10
-- Equation name is '_LC078', type is buried 
_LC078   = TFFE( _EQ083, GLOBAL( CLK),  VCC,  VCC,  VCC);
  _EQ083 = !HLOAD1 &  _LC066 &  _LC068 &  _LC070 &  _LC071 &  _LC074 & 
              _LC076 & !_LC078 &  _LC079 &  _LC102 &  _LC105 &  _LC108 & 
              WINDOW
         #  _LC066 &  _LC068 &  _LC070 &  _LC071 &  _LC074 &  _LC076 & 
              _LC078 &  _LC079 &  _LC102 &  _LC105 &  _LC108 &  WINDOW
         #  HLOAD1 &  _LC078;

-- Node name is '|resetgen:45|d0' from file "resetgen.tdf" line 7, column 3
-- Equation name is '_LC120', type is buried 
_LC120   = TFFE( _EQ084,  _LC118, GLOBAL( MRES),  VCC,  VCC);
  _EQ084 = !_LC114 &  _LC120 &  MRES
         # !_LC120 &  MRES;

-- Node name is '|resetgen:45|d1' from file "resetgen.tdf" line 7, column 3
-- Equation name is '_LC114', type is buried 
_LC114   = TFFE( _EQ085,  _LC118, GLOBAL( MRES),  VCC,  VCC);
  _EQ085 = !_LC114 &  _LC120 &  MRES;

-- Node name is '|3dffs:22|sc' = '|3dffs:22.s0b' from file "3dffs.tdf" line 7, column 8
-- Equation name is '_LC007', type is buried 
_LC007   = DFFE( KLIK $  GND,  _LC124,  VCC,  VCC,  VCC);

-- Node name is '|3dffs:22|sb' = '|3dffs:22.s1b' from file "3dffs.tdf" line 7, column 5
-- Equation name is '_LC012', type is buried 
_LC012   = DFFE( S1 $  GND,  _LC124,  VCC,  VCC,  VCC);

-- Node name is '|3dffs:35|sc' = '|3dffs:35.s0b' from file "3dffs.tdf" line 7, column 8
-- Equation name is '_LC101', type is buried 
_LC101   = DFFE( MOVEBIT $  GND,  HLOAD1,  VCC,  VCC,  VCC);

-- Node name is '|3dffs:35|sb' = '|3dffs:35.s1b' from file "3dffs.tdf" line 7, column 5
-- Equation name is '_LC106', type is buried 
_LC106   = DFFE( SOUND $  GND,  HLOAD1,  VCC,  VCC,  VCC);



--     Shareable expanders that are duplicated in multiple LABs:
--    _X009 occurs in LABs AB------




Project Information                              c:\max2work\8632\32d1v63a.rpt

** COMPILATION SETTINGS & TIMES **

Processing Menu Commands
------------------------

Design Doctor                             = off

Logic Synthesis:

   Synthesis Type Used                    = Standard

   Default Synthesis Style                = NORMAL

      Logic option settings in 'NORMAL' style for 'MAX7000' family

      DECOMPOSE_GATES                     = on
      DUPLICATE_LOGIC_EXTRACTION          = on
      MINIMIZATION                        = full
      MULTI_LEVEL_FACTORING               = on
      NOT_GATE_PUSH_BACK                  = on
      PARALLEL_EXPANDERS                  = off
      REDUCE_LOGIC                        = on
      REFACTORIZATION                     = on
      REGISTER_OPTIMIZATION               = on
      RESYNTHESIZE_NETWORK                = on
      SLOW_SLEW_RATE                      = off
      SOFT_BUFFER_INSERTION               = on
      SUBFACTOR_EXTRACTION                = on
      TURBO_BIT                           = on
      XOR_SYNTHESIS                       = on
      IGNORE_SOFT_BUFFERS                 = on
      USE_LPM_FOR_AHDL_OPERATORS          = off

   Other logic synthesis settings:

      Automatic Global Clock              = on
      Automatic Global Clear              = on
      Automatic Global Preset             = on
      Automatic Global Output Enable      = on
      Automatic I/O Cell Registers        = off
      Automatic Register Packing          = off
      Automatic Open-Drain Pins           = on
      Automatic Implement in EAB          = off
      One-Hot State Machine Encoding      = off
      Optimize                            = 5

Default Timing Specifications: None

Cut All Bidir Feedback Timing Paths       = on
Cut All Clear & Preset Timing Paths       = on

Ignore Timing Assignments                 = on

Functional SNF Extractor                  = off

Linked SNF Extractor                      = off
Timing SNF Extractor                      = on
Optimize Timing SNF                       = off
Generate AHDL TDO File                    = off
Fitter Settings                           = NORMAL
Smart Recompile                           = off
Total Recompile                           = off

Interface Menu Commands
-----------------------

EDIF Netlist Writer                       = off
Verilog Netlist Writer                    = off
VHDL Netlist Writer                       = off

Compilation Times
-----------------

   Compiler Netlist Extractor             00:00:01
   Database Builder                       00:00:02
   Logic Synthesizer                      00:00:02
   Partitioner                            00:00:01
   Fitter                                 00:00:04
   Timing SNF Extractor                   00:00:02
   Assembler                              00:00:00
   --------------------------             --------
   Total Time                             00:00:12


Memory Allocated
-----------------

Peak memory allocated during compilation  = 4,218K
