WARNING:Cpld:1218 - Removing unused input(s) 'miso'.  The input(s) are unused
   after optimization. Please verify functionality via simulation.
WARNING:Cpld:1218 - Removing unused input(s) 'gpbus<7>'.  The input(s) are
   unused after optimization. Please verify functionality via simulation.
WARNING:Cpld:1218 - Removing unused input(s) 'gpbus<6>'.  The input(s) are
   unused after optimization. Please verify functionality via simulation.
WARNING:Cpld:1218 - Removing unused input(s) 'gpbus<5>'.  The input(s) are
   unused after optimization. Please verify functionality via simulation.
WARNING:Cpld:1218 - Removing unused input(s) 'gpbus<4>'.  The input(s) are
   unused after optimization. Please verify functionality via simulation.
WARNING:Cpld:1218 - Removing unused input(s) 'gpbus<3>'.  The input(s) are
   unused after optimization. Please verify functionality via simulation.
WARNING:Cpld:1218 - Removing unused input(s) 'gpbus<2>'.  The input(s) are
   unused after optimization. Please verify functionality via simulation.
WARNING:Cpld:1218 - Removing unused input(s) 'gpbus<1>'.  The input(s) are
   unused after optimization. Please verify functionality via simulation.
WARNING:Cpld:1218 - Removing unused input(s) 'gpbus<0>'.  The input(s) are
   unused after optimization. Please verify functionality via simulation.
WARNING:Cpld:1218 - Removing unused input(s) 'fhm'.  The input(s) are unused
   after optimization. Please verify functionality via simulation.
WARNING:Cpld:1218 - Removing unused input(s) 'fhg'.  The input(s) are unused
   after optimization. Please verify functionality via simulation.
WARNING:Cpld:1218 - Removing unused input(s) 'f74m'.  The input(s) are unused
   after optimization. Please verify functionality via simulation.
WARNING:Cpld:824 - Signal 'tltimer/line_mid.CE' has been minimized to 'VCC'.
     The signal is removed.
WARNING:Cpld:1218 - Removing unused input(s) 'f4m'.  The input(s) are unused
   after optimization. Please verify functionality via simulation.
