Release 7.1.04i Map H.42
Xilinx Mapping Report File for Design 'parallel_to_pc_backend'

Design Information
------------------
Command Line   : C:/ISE71/bin/nt/map.exe -ise
f:\pt8613\vhdl\sdhd_module_v2\SDHD_module_v2.ise -intstyle ise -p
xc2vp20-ff896-6 -cm area -pr b -k 4 -c 100 -tx off -o
parallel_to_pc_backend_map.ncd parallel_to_pc_backend.ngd
parallel_to_pc_backend.pcf 
Target Device  : xc2vp20
Target Package : ff896
Target Speed   : -6
Mapper Version : virtex2p -- $Revision: 1.26.6.4 $
Mapped Date    : Fri Aug 18 11:36:06 2006

Design Summary
--------------
Number of errors:      0
Number of warnings:    2
Logic Utilization:
Logic Distribution:
  Number of Slices containing only related logic:       0 out of       0    0%
  Number of Slices containing unrelated logic:          0 out of       0    0%
        *See NOTES below for an explanation of the effects of unrelated logic

  Number of bonded IOBs:               23 out of     556    4%
    IOB Flip Flops:                     1
  Number of PPC405s:                   0 out of       2    0%
  Number of GCLKs:                      1 out of      16    6%
  Number of GTs:                        0 out of       8    0%
  Number of GT10s:                      0 out of       0    0%

Total equivalent gate count for design:  11
Additional JTAG gate count for IOBs:  1,104
Peak Memory Usage:  144 MB

NOTES:

   Related logic is defined as being logic that shares connectivity - e.g. two
   LUTs are "related" if they share common inputs.  When assembling slices,
   Map gives priority to combine logic that is related.  Doing so results in
   the best timing performance.

   Unrelated logic shares no connectivity.  Map will only begin packing
   unrelated logic into a slice once 99% of the slices are occupied through
   related logic packing.

   Note that once logic distribution reaches the 99% level through related
   logic packing, this does not mean the device is completely utilized.
   Unrelated logic packing will then begin, continuing until all usable LUTs
   and FFs are occupied.  Depending on your timing budget, increased levels of
   unrelated logic packing may adversely affect the overall timing performance
   of your design.

Table of Contents
-----------------
Section 1 - Errors
Section 2 - Warnings
Section 3 - Informational
Section 4 - Removed Logic Summary
Section 5 - Removed Logic
Section 6 - IOB Properties
Section 7 - RPMs
Section 8 - Guide Report
Section 9 - Area Group Summary
Section 10 - Modular Design Summary
Section 11 - Timing Report
Section 12 - Configuration String Information
Section 13 - Additional Device Resource Counts

Section 1 - Errors
------------------

Section 2 - Warnings
--------------------
WARNING:LIT:243 - Logical network sync_reset_i has no load.
WARNING:LIT:374 - The above warning message base_net_load_rule is repeated 31
   more times for the following (max. 5 shown):
   pc_ibf_i,
   data_a_i<19>,
   data_a_i<18>,
   data_a_i<17>,
   data_a_i<16>
   To see the details of these warning messages, please use the -detail switch.

Section 3 - Informational
-------------------------
INFO:MapLib:562 - No environment variables are currently set.
INFO:MapLib:535 - The following Virtex BUFG(s) is/are being retargetted to
   Virtex2 BUFGMUX(s) with input tied to I0 and Select pin tied to constant 0:
   BUFGP symbol "clk_i_BUFGP" (output signal=clk_i_BUFGP)
INFO:LIT:244 - All of the single ended outputs in this design are using slew
   rate limited output drivers. The delay on speed critical single ended outputs
   can be dramatically reduced by designating them as fast outputs in the
   schematic.

Section 4 - Removed Logic Summary
---------------------------------
   1 block(s) optimized away

Section 5 - Removed Logic
-------------------------

Optimized Block(s):
TYPE 		BLOCK
VCC 		XST_VCC

Section 6 - IOB Properties
--------------------------

+------------------------------------------------------------------------------------------------------------------------+
| IOB Name                           | Type    | Direction | IO Standard | Drive    | Slew | Reg (s)  | Resistor | IOB   |
|                                    |         |           |             | Strength | Rate |          |          | Delay |
+------------------------------------------------------------------------------------------------------------------------+
| clk_i                              | IOB     | INPUT     | LVCMOS25    |          |      |          |          |       |
| data_a_i<0>                        | IOB     | INPUT     | LVCMOS25    |          |      |          |          |       |
| data_a_i<1>                        | IOB     | INPUT     | LVCMOS25    |          |      |          |          |       |
| data_a_i<2>                        | IOB     | INPUT     | LVCMOS25    |          |      |          |          |       |
| data_a_i<3>                        | IOB     | INPUT     | LVCMOS25    |          |      |          |          |       |
| data_a_i<4>                        | IOB     | INPUT     | LVCMOS25    |          |      |          |          |       |
| data_a_i<5>                        | IOB     | INPUT     | LVCMOS25    |          |      |          |          |       |
| data_a_i<6>                        | IOB     | INPUT     | LVCMOS25    |          |      |          |          |       |
| data_a_i<7>                        | IOB     | INPUT     | LVCMOS25    |          |      |          |          |       |
| data_a_i<8>                        | IOB     | INPUT     | LVCMOS25    |          |      |          |          |       |
| data_a_i<9>                        | IOB     | INPUT     | LVCMOS25    |          |      |          |          |       |
| enable_o                           | IOB     | OUTPUT    | LVCMOS25    | 12       | SLOW | OFF1     |          |       |
| pc_data_o<0>                       | IOB     | OUTPUT    | LVCMOS25    | 12       | SLOW |          |          |       |
| pc_data_o<1>                       | IOB     | OUTPUT    | LVCMOS25    | 12       | SLOW |          |          |       |
| pc_data_o<2>                       | IOB     | OUTPUT    | LVCMOS25    | 12       | SLOW |          |          |       |
| pc_data_o<3>                       | IOB     | OUTPUT    | LVCMOS25    | 12       | SLOW |          |          |       |
| pc_data_o<4>                       | IOB     | OUTPUT    | LVCMOS25    | 12       | SLOW |          |          |       |
| pc_data_o<5>                       | IOB     | OUTPUT    | LVCMOS25    | 12       | SLOW |          |          |       |
| pc_data_o<6>                       | IOB     | OUTPUT    | LVCMOS25    | 12       | SLOW |          |          |       |
| pc_data_o<7>                       | IOB     | OUTPUT    | LVCMOS25    | 12       | SLOW |          |          |       |
| pc_data_o<8>                       | IOB     | OUTPUT    | LVCMOS25    | 12       | SLOW |          |          |       |
| pc_data_o<9>                       | IOB     | OUTPUT    | LVCMOS25    | 12       | SLOW |          |          |       |
| pc_zstb_o                          | IOB     | OUTPUT    | LVCMOS25    | 12       | SLOW |          |          |       |
+------------------------------------------------------------------------------------------------------------------------+

Section 7 - RPMs
----------------

Section 8 - Guide Report
------------------------
Guide not run on this design.

Section 9 - Area Group Summary
------------------------------
No area groups were found in this design.

Section 10 - Modular Design Summary
-----------------------------------
Modular Design not used for this design.

Section 11 - Timing Report
--------------------------
This design was not run using timing mode.

Section 12 - Configuration String Details
--------------------------
Use the "-detail" map option to print out Configuration Strings

Section 13 - Additional Device Resource Counts
----------------------------------------------
Number of JTAG Gates for IOBs = 23
Number of Equivalent Gates for Design = 11
Number of RPM Macros = 0
Number of Hard Macros = 0
GT10 = 0
GT = 0
CAPTUREs = 0
BSCANs = 0
STARTUPs = 0
PCILOGICs = 0
DCMs = 0
GCLKs = 1
ICAPs = 0
18X18 Multipliers = 0
Block RAMs = 0
TBUFs = 0
JTAGPPCs = 0
CLK_Ps = 0
CLK_Ns = 0
GTOPADs = 0
GTIPADs = 0
PPC405s = 0
Total Registers (Flops & Latches in Slices & IOBs) not driven by LUTs = 0
IOB Dual-Rate Flops not driven by LUTs = 0
IOB Dual-Rate Flops = 0
IOB Slave Pads = 0
IOB Master Pads = 0
IOB Latches not driven by LUTs = 0
IOB Latches = 0
IOB Flip Flops not driven by LUTs = 0
IOB Flip Flops = 1
Unbonded IOBs = 0
Bonded IOBs = 23
ORCYs = 0
XORs = 0
CARRY_INITs = 0
CARRY_SKIPs = 0
CARRY_MUXes = 0
Total Shift Registers = 0
Static Shift Registers = 0
Dynamic Shift Registers = 0
16x1 ROMs = 0
16x1 RAMs = 0
32x1 RAMs = 0
Dual Port RAMs = 0
MUXFs = 0
MULT_ANDs = 0
4 input LUTs used as Route-Thrus = 0
4 input LUTs = 0
Slice Latches not driven by LUTs = 0
Slice Latches = 0
Slice Flip Flops not driven by LUTs = 0
Slice Flip Flops = 0
Slices = 0
F6 Muxes = 0
F5 Muxes = 0
F8 Muxes = 0
F7 Muxes = 0
Number of LUT signals with 4 loads = 0
Number of LUT signals with 3 loads = 0
Number of LUT signals with 2 loads = 0
Number of LUT signals with 1 load = 0
NGM Average fanout of LUT = -1.#J
NGM Maximum fanout of LUT = 0
NGM Average fanin for LUT = -1.#IND
