Project Information                              c:\max2work\8631\anlv71v3.rpt

MAX+plus II Compiler Report File
Version 6.1 02/28/96
Compiled: 06/18/98 11:29:44

Copyright (c) 1996 by Altera Corporation.  All rights reserved.  This text
contains proprietary, confidential information of Altera Corporation, and
may be used, copied, and/or disclosed only pursuant to the terms of a
valid software license agreement with Altera Corporation.  This copyright
notice must be retained as part of this text at all times.



***** Project compilation was successful




** DEVICE SUMMARY **

Chip/                     Input   Output   Bidir         Shareable
POF       Device          Pins    Pins     Pins     LCs  Expanders  % Utilized

anlv71v3  EPM7128LC84      34       25       0      96      66          75 %

User Pins:                 34       25       0  



Project Information                              c:\max2work\8631\anlv71v3.rpt

** PROJECT COMPILATION MESSAGES **

Warning: Line 5, File c:\max2work\8631\yblanka2.tdf:
   Symbolic name "txt7" was declared but never used
Warning: Can't run "Multichip Partitioner": all network licenses are in use
Warning: Project has user pin or logic cell assignments, but has never been compiled before. For best fitting results, let the Compiler choose the first set of assignments instead.
Info: Reserved unused input pin 'TCK' for future use because it has a pin assignment--pin is tri-stated and must be connected to your board
Info: Reserved unused input pin 'TMS' for future use because it has a pin assignment--pin is tri-stated and must be connected to your board


Project Information                              c:\max2work\8631\anlv71v3.rpt

** AUTO GLOBAL SIGNALS **



INFO: Signal 'CLK' chosen for auto global Clock


Project Information                              c:\max2work\8631\anlv71v3.rpt

** PIN/LC/CHIP ASSIGNMENTS **

                  Actual                  
    User       Assignments                
Assignments   (if different)     Node Name

anlv71v3@83                       CLK
anlv71v3@22                       GATE
anlv71v3@62                       TCK
anlv71v3@5                        TC0
anlv71v3@6                        TC1
anlv71v3@8                        TC2
anlv71v3@14                       TDI
anlv71v3@71                       TDO
anlv71v3@23                       TMS
anlv71v3@4                        TXTON
anlv71v3@24                       TXT_ON
anlv71v3@52                       TXT0
anlv71v3@51                       TXT1
anlv71v3@50                       TXT2
anlv71v3@49                       TXT3
anlv71v3@48                       TXT4
anlv71v3@46                       TXT5
anlv71v3@45                       TXT6
anlv71v3@44                       TXT7
anlv71v3@81                       VD2
anlv71v3@80                       VD3
anlv71v3@79                       VD4
anlv71v3@77                       VD5
anlv71v3@76                       VD6
anlv71v3@75                       VD7
anlv71v3@74                       VD8
anlv71v3@73                       VD9
anlv71v3@9                        V4
anlv71v3@10                       V5
anlv71v3@11                       V6
anlv71v3@12                       V7
anlv71v3@15                       V8
anlv71v3@16                       V9
anlv71v3@17                       V10
anlv71v3@18                       V11
anlv71v3@68                       YD0
anlv71v3@67                       YD1
anlv71v3@65                       YD2
anlv71v3@64                       YD3
anlv71v3@63                       YD4
anlv71v3@61                       YD5
anlv71v3@60                       YD6
anlv71v3@58                       YD7
anlv71v3@57                       YD8
anlv71v3@56                       YD9
anlv71v3@55                       YD10
anlv71v3@54                       YD11
anlv71v3@28                       Y0
anlv71v3@29                       Y1
anlv71v3@30                       Y2
anlv71v3@31                       Y3
anlv71v3@33                       Y4
anlv71v3@34                       Y5
anlv71v3@35                       Y6
anlv71v3@36                       Y7
anlv71v3@37                       Y8
anlv71v3@39                       Y9
anlv71v3@40                       Y10
anlv71v3@41                       Y11


Project Information                              c:\max2work\8631\anlv71v3.rpt

** FILE HIERARCHY **



|count5:22|
|uvblank:24|
|yblanka2:27|
|yblanka2:27|lpm_add_sub:textadd|
|yblanka2:27|lpm_add_sub:textadd|p8fadd:lookahead_add0|


Device-Specific Information:                     c:\max2work\8631\anlv71v3.rpt
anlv71v3

***** Logic for device 'anlv71v3' compiled without errors.




Device: EPM7128LC84
Turbo: ON
Security: OFF


Device-Specific Information:                     c:\max2work\8631\anlv71v3.rpt
anlv71v3

** ERROR SUMMARY **

Info: Chip 'anlv71v3' in device 'EPM7128LC84' has less than 20% of pins available for future logic changes -- if your project is likely to change, Altera recommends using a larger device
                                                                             
                                                                             
                                                                             
                                   T                                         
                                   X                                         
                       T  G  T  T  T  V  G  G  G  C  G  V  V  V  V  V  V  V  
              V  V  V  C  N  C  C  O  C  N  N  N  L  N  D  D  D  C  D  D  D  
              6  5  4  2  D  1  0  N  C  D  D  D  K  D  2  3  4  C  5  6  7  
            -----------------------------------------------------------------_ 
          /  11 10  9  8  7  6  5  4  3  2  1 84 83 82 81 80 79 78 77 76 75   | 
      V7 | 12                                                              74 | VD8 
     VCC | 13                                                              73 | VD9 
     TDI | 14                                                              72 | GND 
      V8 | 15                                                              71 | TDO 
      V9 | 16                                                              70 | RESERVED 
     V10 | 17                                                              69 | RESERVED 
     V11 | 18                                                              68 | YD0 
     GND | 19                                                              67 | YD1 
RESERVED | 20                                                              66 | VCC 
RESERVED | 21                                                              65 | YD2 
    GATE | 22                         EPM7128LC84                          64 | YD3 
     TMS | 23                                                              63 | YD4 
  TXT_ON | 24                                                              62 | TCK 
RESERVED | 25                                                              61 | YD5 
     VCC | 26                                                              60 | YD6 
RESERVED | 27                                                              59 | GND 
      Y0 | 28                                                              58 | YD7 
      Y1 | 29                                                              57 | YD8 
      Y2 | 30                                                              56 | YD9 
      Y3 | 31                                                              55 | YD10 
     GND | 32                                                              54 | YD11 
         |_  33 34 35 36 37 38 39 40 41 42 43 44 45 46 47 48 49 50 51 52 53  _| 
           ------------------------------------------------------------------ 
              Y  Y  Y  Y  Y  V  Y  Y  Y  G  V  T  T  T  G  T  T  T  T  T  V  
              4  5  6  7  8  C  9  1  1  N  C  X  X  X  N  X  X  X  X  X  C  
                             C     0  1  D  C  T  T  T  D  T  T  T  T  T  C  
                                               7  6  5     4  3  2  1  0     
                                                                             
                                                                             
                                                                             
                                                                             


N.C. = Not Connected.
VCC = Dedicated power pin, which MUST be connected to VCC.
GND = Dedicated ground pin or unused dedicated input, which MUST be connected to GND.
RESERVED = Unused I/O pin, which MUST be left unconnected.



Device-Specific Information:                     c:\max2work\8631\anlv71v3.rpt
anlv71v3

** RESOURCE USAGE **

                                                Shareable     External
Logic Array Block     Logic Cells   I/O Pins    Expanders   Interconnect

A:     LC1 - LC16    16/16(100%)   8/ 8(100%)  11/16( 68%)  19/36( 52%) 
B:    LC17 - LC32     6/16( 37%)   6/ 8( 75%)  16/16(100%)  18/36( 50%) 
C:    LC33 - LC48     7/16( 43%)   6/ 8( 75%)  12/16( 75%)  16/36( 44%) 
D:    LC49 - LC64    15/16( 93%)   8/ 8(100%)  15/16( 93%)  26/36( 72%) 
E:    LC65 - LC80    15/16( 93%)   8/ 8(100%)   4/16( 25%)  22/36( 61%) 
F:    LC81 - LC96    15/16( 93%)   8/ 8(100%)   6/16( 37%)  21/36( 58%) 
G:   LC97 - LC112     6/16( 37%)   6/ 8( 75%)  16/16(100%)  16/36( 44%) 
H:  LC113 - LC128    16/16(100%)   8/ 8(100%)  16/16(100%)  19/36( 52%) 


Total dedicated input pins used:                 1/4    ( 25%)
Total I/O pins used:                            58/64   ( 90%)
Total logic cells used:                         96/128  ( 75%)
Total shareable expanders used:                 66/128  ( 51%)
Total Turbo logic cells used:                   96/128  ( 75%)
Total shareable expanders not available (n/a):  30/128  ( 23%)

Total input pins required:                      34
Total output pins required:                     25
Total bidirectional pins required:               0
Total logic cells required:                     96
Total flipflops required:                       72
Total shareable expanders in database:          62

Synthesized logic cells:                        20/ 128 ( 15%)



Device-Specific Information:                     c:\max2work\8631\anlv71v3.rpt
anlv71v3

** INPUTS **

                                         Shareable
                                         Expanders     Fan-In    Fan-Out
 Pin     LC  LAB  Primitive    Code   Total Shared n/a INP  FBK  OUT  FBK  Name
  83      -   -       INPUT              0      0   0    0    0    0    0  CLK
  22   (17)  (B)      INPUT              0      0   0    0    0    0   20  GATE
  62   (96)  (F)      INPUT              0      0   0    0    0    0    0  TCK
  14   (32)  (B)      INPUT              0      0   0    0    0    1    0  TDI
  23   (48)  (C)      INPUT              0      0   0    0    0    0    0  TMS
  24   (46)  (C)      INPUT              0      0   0    0    0    1    0  TXT_ON
  52   (80)  (E)      INPUT              0      0   0    0    0    0    1  TXT0
  51   (77)  (E)      INPUT              0      0   0    0    0    0    1  TXT1
  50   (75)  (E)      INPUT              0      0   0    0    0    0    1  TXT2
  49   (73)  (E)      INPUT              0      0   0    0    0    0    1  TXT3
  48   (72)  (E)      INPUT              0      0   0    0    0    0    1  TXT4
  46   (69)  (E)      INPUT              0      0   0    0    0    0    1  TXT5
  45   (67)  (E)      INPUT              0      0   0    0    0    0    1  TXT6
  44   (65)  (E)      INPUT              0      0   0    0    0    3    1  TXT7
  81  (128)  (H)      INPUT              0      0   0    0    0    0    1  VD2
  80  (126)  (H)      INPUT              0      0   0    0    0    0    1  VD3
  79  (125)  (H)      INPUT              0      0   0    0    0    0    1  VD4
  77  (123)  (H)      INPUT              0      0   0    0    0    0   14  VD5
  76  (120)  (H)      INPUT              0      0   0    0    0    0   14  VD6
  75  (118)  (H)      INPUT              0      0   0    0    0    0   14  VD7
  74  (117)  (H)      INPUT              0      0   0    0    0    0   15  VD8
  73  (115)  (H)      INPUT              0      0   0    0    0    0   15  VD9
  68  (105)  (G)      INPUT              0      0   0    0    0    0    1  YD0
  67  (104)  (G)      INPUT              0      0   0    0    0    0    1  YD1
  65  (101)  (G)      INPUT              0      0   0    0    0    0    1  YD2
  64   (99)  (G)      INPUT              0      0   0    0    0    0    1  YD3
  63   (97)  (G)      INPUT              0      0   0    0    0    0    1  YD4
  61   (94)  (F)      INPUT              0      0   0    0    0    0    1  YD5
  60   (93)  (F)      INPUT              0      0   0    0    0    0    1  YD6
  58   (91)  (F)      INPUT              0      0   0    0    0    0    1  YD7
  57   (88)  (F)      INPUT              0      0   0    0    0    0   16  YD8
  56   (86)  (F)      INPUT              0      0   0    0    0    0   17  YD9
  55   (85)  (F)      INPUT              0      0   0    0    0    0   17  YD10
  54   (83)  (F)      INPUT              0      0   0    0    0    0   16  YD11


Code:

s = Synthesized pin or logic cell
t = Turbo logic cell
+ = Synchronous flipflop
! = NOT gate push-back
r = Fitter-inserted logic cell


Device-Specific Information:                     c:\max2work\8631\anlv71v3.rpt
anlv71v3

** OUTPUTS **

                                         Shareable
                                         Expanders     Fan-In    Fan-Out
 Pin     LC  LAB  Primitive    Code   Total Shared n/a INP  FBK  OUT  FBK  Name
   5     14    A         FF  +  t        0      0   0    1    2    3   41  TC0 (|count5:22|:34)
   6     13    A         FF  +  t        0      0   0    1    3    2   41  TC1 (|count5:22|:33)
   8     11    A         FF  +  t        1      0   1    1    4    1   36  TC2 (|count5:22|:32)
  71    112    G     OUTPUT     t        0      0   0    1    0    0    0  TDO
   4     16    A     OUTPUT     t        0      0   0    1    0    0    0  TXTON
   9      8    A         FF  +  t        0      0   0    0    1    0    0  V4 (|uvblank:24|:55)
  10      6    A         FF  +  t        0      0   0    0    1    0    0  V5 (|uvblank:24|:54)
  11      5    A         FF  +  t        0      0   0    0    1    0    0  V6 (|uvblank:24|:53)
  12      3    A         FF  +  t        0      0   0    0    1    0    0  V7 (|uvblank:24|:52)
  15     29    B         FF  +  t        0      0   0    0    1    0    0  V8 (|uvblank:24|:51)
  16     27    B         FF  +  t        0      0   0    0    1    0    0  V9 (|uvblank:24|:50)
  17     25    B         FF  +  t        0      0   0    0    1    0    0  V10 (|uvblank:24|:49)
  18     24    B         FF  +  t        0      0   0    0    1    0    0  V11 (|uvblank:24|:48)
  28     40    C         FF  +  t        0      0   0    0    1    0    0  Y0 (|yblanka2:27|:105)
  29     38    C         FF  +  t        0      0   0    0    1    0    0  Y1 (|yblanka2:27|:104)
  30     37    C         FF  +  t        0      0   0    0    1    0    0  Y2 (|yblanka2:27|:103)
  31     35    C         FF  +  t        0      0   0    0    1    0    0  Y3 (|yblanka2:27|:102)
  33     64    D         FF  +  t        0      0   0    0    2    0    0  Y4 (|yblanka2:27|:101)
  34     61    D         FF  +  t        3      2   0    0    4    0    0  Y5 (|yblanka2:27|:100)
  35     59    D         FF  +  t        4      3   0    0    6    0    0  Y6 (|yblanka2:27|:99)
  36     57    D         FF  +  t        6      5   1    0    8    0    0  Y7 (|yblanka2:27|:98)
  37     56    D         FF  +  t        6      5   0    0   11    0    0  Y8 (|yblanka2:27|:97)
  39     53    D         FF  +  t        7      6   0    0   13    0    0  Y9 (|yblanka2:27|:96)
  40     51    D         FF  +  t        9      7   1    0   15    0    0  Y10 (|yblanka2:27|:95)
  41     49    D         FF  +  t        7      7   0    0   17    0    0  Y11 (|yblanka2:27|:94)


Code:

s = Synthesized pin or logic cell
t = Turbo logic cell
+ = Synchronous flipflop
! = NOT gate push-back
r = Fitter-inserted logic cell


Device-Specific Information:                     c:\max2work\8631\anlv71v3.rpt
anlv71v3

** BURIED LOGIC **

                                         Shareable
                                         Expanders     Fan-In    Fan-Out
 Pin     LC  LAB  Primitive    Code   Total Shared n/a INP  FBK  OUT  FBK  Name
   -     50    D       DFFE  +  t        0      0   0    1    3    3    0  |count5:22|carrybit
   -     54    D       DFFE  +  t        0      0   0    2    3    1    0  |uvblank:24|dout0
   -     58    D       DFFE  +  t        0      0   0    2    3    1    0  |uvblank:24|dout1
   -     62    D       DFFE  +  t        0      0   0    2    3    1    0  |uvblank:24|dout2
   -     18    B       DFFE  +  t        8      2   1    6    6    1    0  |uvblank:24|dout3
 (76)   120    H       DFFE  +  t        8      1   0    6    6    1    0  |uvblank:24|dout4
   -     28    B       DFFE  +  t       10      2   1    6    5    1    0  |uvblank:24|dout5
   -     74    E       DFFE  +  t        4      1   0    3    5    1    0  |uvblank:24|dout6
   -    124    H       DFFE  +  t        1      0   0    6    3    1    0  |uvblank:24|dout7
   -    114    H       SOFT   s t        1      0   1    5    2    0    1  |uvblank:24|~1615~1
   -     95    F       SOFT   s t        1      0   1    5    2    0    1  |uvblank:24|~1615~2
   -    122    H       SOFT   s t        1      0   1    5    3    0    1  |uvblank:24|~1615~3
   -    119    H       SOFT   s t        1      0   1    5    3    0    1  |uvblank:24|~1616~1
 (75)   118    H       SOFT   s t        1      0   1    5    3    0    1  |uvblank:24|~1616~2
   -    113    H       SOFT   s t        1      0   1    5    3    0    1  |uvblank:24|~1616~3
   -     82    F       SOFT   s t        1      0   1    5    2    0    1  |uvblank:24|~1617~1
   -     92    F       SOFT   s t        1      0   1    5    2    0    1  |uvblank:24|~1617~2
   -    116    H       SOFT   s t        1      0   1    5    3    0    1  |uvblank:24|~1618~1
   -    121    H       SOFT   s t        1      0   1    5    3    0    1  |uvblank:24|~1618~2
   -     60    D       DFFE  +  t        0      0   0    2    3    1    0  |yblanka2:27|dout0
 (77)   123    H       DFFE  +  t        0      0   0    2    3    1    0  |yblanka2:27|dout1
   -    127    H       DFFE  +  t        0      0   0    2    3    1    0  |yblanka2:27|dout2
 (79)   125    H       DFFE  +  t        0      0   0    2    3    1    0  |yblanka2:27|dout3
 (81)   128    H       DFFE  +  t        0      0   0    2    3    8    1  |yblanka2:27|dout4
   -     15    A       DFFE  +  t        3      1   0    6    6    7    1  |yblanka2:27|dout5
   -     41    C       DFFE  +  t        6      3   1    6    5    6    1  |yblanka2:27|dout6
 (68)   105    G       DFFE  +  t        7      2   0    6    5    5    1  |yblanka2:27|dout7
   -     98    G       DFFE  +  t        6      0   1    5    4    4    1  |yblanka2:27|dout8
   -     34    C       DFFE  +  t        5      0   1    5    4    3    1  |yblanka2:27|dout9
 (65)   101    G       DFFE  +  t        3      0   1    5    4    2    1  |yblanka2:27|dout10
   -      7    A       DFFE  +  t        1      0   1    4    3    1    0  |yblanka2:27|dout11
   -     63    D       SOFT     t        4      4   0    0    8    4    0  |yblanka2:27|lpm_add_sub:textadd|p8fadd:lookahead_add0|:60
   -     55    D       SOFT     t        2      2   0    0    6    1    0  |yblanka2:27|lpm_add_sub:textadd|p8fadd:lookahead_add0|:94
 (74)   117    H       DFFE  +  t        0      0   0    1    0    0    1  |yblanka2:27|txtffa0
 (73)   115    H       DFFE  +  t        0      0   0    1    0    0    1  |yblanka2:27|txtffa1
 (61)    94    F       DFFE  +  t        0      0   0    1    0    0    1  |yblanka2:27|txtffa2
 (55)    85    F       DFFE  +  t        0      0   0    1    0    0    1  |yblanka2:27|txtffa3
 (56)    86    F       DFFE  +  t        0      0   0    1    0    0    1  |yblanka2:27|txtffa4
 (57)    88    F       DFFE  +  t        0      0   0    1    0    0    1  |yblanka2:27|txtffa5
   -     81    F       DFFE  +  t        0      0   0    1    0    0    1  |yblanka2:27|txtffa6
 (60)    93    F       DFFE  +  t        0      0   0    0    1    0    1  |yblanka2:27|txtffb0
 (58)    91    F       DFFE  +  t        0      0   0    0    1    0    1  |yblanka2:27|txtffb1
 (80)   126    H       DFFE  +  t        0      0   0    0    1    0    1  |yblanka2:27|txtffb2
   -     84    F       DFFE  +  t        0      0   0    0    1    0    1  |yblanka2:27|txtffb3
   -     79    E       DFFE  +  t        0      0   0    0    1    0    1  |yblanka2:27|txtffb4
   -     66    E       DFFE  +  t        0      0   0    0    1    0    1  |yblanka2:27|txtffb5
 (45)    67    E       DFFE  +  t        0      0   0    0    1    0    1  |yblanka2:27|txtffb6
   -     78    E       DFFE  +  t        0      0   0    0    1    0    1  |yblanka2:27|txtffc0
 (44)    65    E       DFFE  +  t        0      0   0    0    1    0    1  |yblanka2:27|txtffc1
 (49)    73    E       DFFE  +  t        0      0   0    0    1    0    1  |yblanka2:27|txtffc2
   -     76    E       DFFE  +  t        0      0   0    0    1    0    1  |yblanka2:27|txtffc3
   -     89    F       DFFE  +  t        0      0   0    0    1    0    1  |yblanka2:27|txtffc4
 (50)    75    E       DFFE  +  t        0      0   0    0    1    0    1  |yblanka2:27|txtffc5
 (46)    69    E       DFFE  +  t        0      0   0    0    1    0    1  |yblanka2:27|txtffc6
   -     68    E       DFFE  +  t        0      0   0    0    1    8    1  |yblanka2:27|txtffd0
   -     70    E       DFFE  +  t        0      0   0    0    1    7    1  |yblanka2:27|txtffd1
   -     71    E       DFFE  +  t        0      0   0    0    1    6    1  |yblanka2:27|txtffd2
 (48)    72    E       DFFE  +  t        0      0   0    0    1    5    1  |yblanka2:27|txtffd3
 (51)    77    E       DFFE  +  t        0      0   0    0    1    4    1  |yblanka2:27|txtffd4
 (70)   109    G       DFFE  +  t        0      0   0    0    1    3    1  |yblanka2:27|txtffd5
   -    110    G       DFFE  +  t        0      0   0    0    1    2    1  |yblanka2:27|txtffd6
   -     33    C       SOFT   s t        1      0   1    3    2    0    1  |yblanka2:27|~763~1
   -      1    A       SOFT   s t        1      0   1    4    3    0    1  |yblanka2:27|~845~1
   -      2    A       SOFT   s t        1      0   1    4    3    0    1  |yblanka2:27|~845~2
   -      4    A       SOFT   s t        1      0   1    4    3    0    1  |yblanka2:27|~956~1
   -      9    A       SOFT   s t        1      0   1    4    3    0    1  |yblanka2:27|~956~2
   -     12    A       SOFT   s t        1      0   1    4    3    0    1  |yblanka2:27|~956~3
   -     10    A       SOFT   s t        1      0   1    4    3    0    1  |yblanka2:27|~966~1
 (54)    83    F       SOFT   s t        1      0   1    4    3    0    1  |yblanka2:27|~966~2
   -     87    F       SOFT   s t        1      0   1    4    3    0    1  |yblanka2:27|~967~1
   -     90    F       SOFT   s t        1      0   1    4    3    0    1  |yblanka2:27|~968~1


Code:

s = Synthesized pin or logic cell
t = Turbo logic cell
+ = Synchronous flipflop
! = NOT gate push-back
r = Fitter-inserted logic cell


Device-Specific Information:                     c:\max2work\8631\anlv71v3.rpt
anlv71v3

** LOGIC CELL INTERCONNECTIONS **

Logic Array Block 'A':

                                         Logic cells placed in LAB 'A'
        +------------------------------- LC14 TC0
        | +----------------------------- LC13 TC1
        | | +--------------------------- LC11 TC2
        | | | +------------------------- LC16 TXTON
        | | | | +----------------------- LC8 V4
        | | | | | +--------------------- LC6 V5
        | | | | | | +------------------- LC5 V6
        | | | | | | | +----------------- LC3 V7
        | | | | | | | | +--------------- LC15 |yblanka2:27|dout5
        | | | | | | | | | +------------- LC7 |yblanka2:27|dout11
        | | | | | | | | | | +----------- LC1 |yblanka2:27|~845~1
        | | | | | | | | | | | +--------- LC2 |yblanka2:27|~845~2
        | | | | | | | | | | | | +------- LC4 |yblanka2:27|~956~1
        | | | | | | | | | | | | | +----- LC9 |yblanka2:27|~956~2
        | | | | | | | | | | | | | | +--- LC12 |yblanka2:27|~956~3
        | | | | | | | | | | | | | | | +- LC10 |yblanka2:27|~966~1
        | | | | | | | | | | | | | | | | 
        | | | | | | | | | | | | | | | |   Other LABs fed by signals
        | | | | | | | | | | | | | | | |   that feed LAB 'A'
LC      | | | | | | | | | | | | | | | | | A B C D E F G H |     Logic cells that feed LAB 'A':
LC14 -> * * * - - - - - * * * * * * * * | * * * * * * * * | <-- TC0
LC13 -> - * * - - - - - * * * * * * * * | * * * * * * * * | <-- TC1
LC11 -> - - * - - - - - * * * * * * * * | * * * * * * * * | <-- TC2
LC4  -> - - - - - - - - * - - - - - - - | * - - - - - - - | <-- |yblanka2:27|~956~1
LC9  -> - - - - - - - - * - - - - - - - | * - - - - - - - | <-- |yblanka2:27|~956~2
LC12 -> - - - - - - - - * - - - - - - - | * - - - - - - - | <-- |yblanka2:27|~956~3

Pin
83   -> - - - - - - - - - - - - - - - - | - - - - - - - - | <-- CLK
22   -> - - - - - - - - * * - - - - - - | * * * * * - * * | <-- GATE
24   -> - - - * - - - - - - - - - - - - | * - - - - - - - | <-- TXT_ON
44   -> * * * - - - - - - - - - - - - - | * - - * - - - - | <-- TXT7
61   -> - - - - - - - - * - - - - - - - | * - - - - - - - | <-- YD5
57   -> - - - - - - - - * - * * * * * * | * - * - - * * - | <-- YD8
56   -> - - - - - - - - * * * * * * * * | * - * - - * * - | <-- YD9
55   -> - - - - - - - - * * * * * * * * | * - * - - * * - | <-- YD10
54   -> - - - - - - - - * * * * * * * * | * - * - - * * - | <-- YD11
LC50 -> * * * - - - - - - - - - - - - - | * - - - - - - - | <-- |count5:22|carrybit
LC54 -> - - - - * - - - - - - - - - - - | * - - - - - - - | <-- |uvblank:24|dout0
LC58 -> - - - - - * - - - - - - - - - - | * - - - - - - - | <-- |uvblank:24|dout1
LC62 -> - - - - - - * - - - - - - - - - | * - - - - - - - | <-- |uvblank:24|dout2
LC18 -> - - - - - - - * - - - - - - - - | * - - - - - - - | <-- |uvblank:24|dout3


* = The logic cell or pin is an input to the logic cell (or LAB) through the PIA.
- = The logic cell or pin is not an input to the logic cell (or LAB).


Device-Specific Information:                     c:\max2work\8631\anlv71v3.rpt
anlv71v3

** LOGIC CELL INTERCONNECTIONS **

Logic Array Block 'B':

                     Logic cells placed in LAB 'B'
        +----------- LC18 |uvblank:24|dout3
        | +--------- LC28 |uvblank:24|dout5
        | | +------- LC29 V8
        | | | +----- LC27 V9
        | | | | +--- LC25 V10
        | | | | | +- LC24 V11
        | | | | | | 
        | | | | | |   Other LABs fed by signals
        | | | | | |   that feed LAB 'B'
LC      | | | | | | | A B C D E F G H |     Logic cells that feed LAB 'B':
LC28 -> - - - * - - | - * - - - - - - | <-- |uvblank:24|dout5

Pin
83   -> - - - - - - | - - - - - - - - | <-- CLK
22   -> * * - - - - | * * * * * - * * | <-- GATE
77   -> * * - - - - | - * - - - * - * | <-- VD5
76   -> * * - - - - | - * - - - * - * | <-- VD6
75   -> * * - - - - | - * - - - * - * | <-- VD7
74   -> * * - - - - | - * - - * * - * | <-- VD8
73   -> * * - - - - | - * - - * * - * | <-- VD9
LC14 -> * * - - - - | * * * * * * * * | <-- TC0
LC13 -> * * - - - - | * * * * * * * * | <-- TC1
LC11 -> * * - - - - | * * * * * * * * | <-- TC2
LC120-> - - * - - - | - * - - - - - - | <-- |uvblank:24|dout4
LC74 -> - - - - * - | - * - - - - - - | <-- |uvblank:24|dout6
LC124-> - - - - - * | - * - - - - - - | <-- |uvblank:24|dout7
LC114-> * - - - - - | - * - - - - - - | <-- |uvblank:24|~1615~1
LC95 -> * - - - - - | - * - - - - - - | <-- |uvblank:24|~1615~2
LC122-> * - - - - - | - * - - - - - - | <-- |uvblank:24|~1615~3
LC82 -> - * - - - - | - * - - - - - - | <-- |uvblank:24|~1617~1
LC92 -> - * - - - - | - * - - - - - - | <-- |uvblank:24|~1617~2


* = The logic cell or pin is an input to the logic cell (or LAB) through the PIA.
- = The logic cell or pin is not an input to the logic cell (or LAB).


Device-Specific Information:                     c:\max2work\8631\anlv71v3.rpt
anlv71v3

** LOGIC CELL INTERCONNECTIONS **

Logic Array Block 'C':

                       Logic cells placed in LAB 'C'
        +------------- LC41 |yblanka2:27|dout6
        | +----------- LC34 |yblanka2:27|dout9
        | | +--------- LC33 |yblanka2:27|~763~1
        | | | +------- LC40 Y0
        | | | | +----- LC38 Y1
        | | | | | +--- LC37 Y2
        | | | | | | +- LC35 Y3
        | | | | | | | 
        | | | | | | |   Other LABs fed by signals
        | | | | | | |   that feed LAB 'C'
LC      | | | | | | | | A B C D E F G H |     Logic cells that feed LAB 'C':

Pin
83   -> - - - - - - - | - - - - - - - - | <-- CLK
22   -> * * - - - - - | * * * * * - * * | <-- GATE
60   -> * - - - - - - | - - * - - - - - | <-- YD6
57   -> * * * - - - - | * - * - - * * - | <-- YD8
56   -> * * * - - - - | * - * - - * * - | <-- YD9
55   -> * * * - - - - | * - * - - * * - | <-- YD10
54   -> * * - - - - - | * - * - - * * - | <-- YD11
LC14 -> * * * - - - - | * * * * * * * * | <-- TC0
LC13 -> * * * - - - - | * * * * * * * * | <-- TC1
LC11 -> * * - - - - - | * * * * * * * * | <-- TC2
LC60 -> - - - * - - - | - - * - - - - - | <-- |yblanka2:27|dout0
LC123-> - - - - * - - | - - * - - - - - | <-- |yblanka2:27|dout1
LC127-> - - - - - * - | - - * - - - - - | <-- |yblanka2:27|dout2
LC125-> - - - - - - * | - - * - - - - - | <-- |yblanka2:27|dout3
LC10 -> * - - - - - - | - - * - - - - - | <-- |yblanka2:27|~966~1
LC83 -> * - - - - - - | - - * - - - - - | <-- |yblanka2:27|~966~2
LC90 -> - * - - - - - | - - * - - - - - | <-- |yblanka2:27|~968~1


* = The logic cell or pin is an input to the logic cell (or LAB) through the PIA.
- = The logic cell or pin is not an input to the logic cell (or LAB).


Device-Specific Information:                     c:\max2work\8631\anlv71v3.rpt
anlv71v3

** LOGIC CELL INTERCONNECTIONS **

Logic Array Block 'D':

                                       Logic cells placed in LAB 'D'
        +----------------------------- LC50 |count5:22|carrybit
        | +--------------------------- LC54 |uvblank:24|dout0
        | | +------------------------- LC58 |uvblank:24|dout1
        | | | +----------------------- LC62 |uvblank:24|dout2
        | | | | +--------------------- LC60 |yblanka2:27|dout0
        | | | | | +------------------- LC63 |yblanka2:27|lpm_add_sub:textadd|p8fadd:lookahead_add0|:60
        | | | | | | +----------------- LC55 |yblanka2:27|lpm_add_sub:textadd|p8fadd:lookahead_add0|:94
        | | | | | | | +--------------- LC64 Y4
        | | | | | | | | +------------- LC61 Y5
        | | | | | | | | | +----------- LC59 Y6
        | | | | | | | | | | +--------- LC57 Y7
        | | | | | | | | | | | +------- LC56 Y8
        | | | | | | | | | | | | +----- LC53 Y9
        | | | | | | | | | | | | | +--- LC51 Y10
        | | | | | | | | | | | | | | +- LC49 Y11
        | | | | | | | | | | | | | | | 
        | | | | | | | | | | | | | | |   Other LABs fed by signals
        | | | | | | | | | | | | | | |   that feed LAB 'D'
LC      | | | | | | | | | | | | | | | | A B C D E F G H |     Logic cells that feed LAB 'D':
LC63 -> - - - - - - - - - - - * * * * | - - - * - - - - | <-- |yblanka2:27|lpm_add_sub:textadd|p8fadd:lookahead_add0|:60
LC55 -> - - - - - - - - - - - - - - * | - - - * - - - - | <-- |yblanka2:27|lpm_add_sub:textadd|p8fadd:lookahead_add0|:94

Pin
83   -> - - - - - - - - - - - - - - - | - - - - - - - - | <-- CLK
22   -> - * * * * - - - - - - - - - - | * * * * * - * * | <-- GATE
44   -> * - - - - - - - - - - - - - - | * - - * - - - - | <-- TXT7
81   -> - * - - - - - - - - - - - - - | - - - * - - - - | <-- VD2
80   -> - - * - - - - - - - - - - - - | - - - * - - - - | <-- VD3
79   -> - - - * - - - - - - - - - - - | - - - * - - - - | <-- VD4
68   -> - - - - * - - - - - - - - - - | - - - * - - - - | <-- YD0
LC14 -> * * * * * - - - - - - - - - - | * * * * * * * * | <-- TC0
LC13 -> * * * * * - - - - - - - - - - | * * * * * * * * | <-- TC1
LC11 -> * * * * * - - - - - - - - - - | * * * * * * * * | <-- TC2
LC128-> - - - - - * - * * * * * * * * | - - - * - - - - | <-- |yblanka2:27|dout4
LC15 -> - - - - - * - - * * * * * * * | - - - * - - - - | <-- |yblanka2:27|dout5
LC41 -> - - - - - * - - - * * * * * * | - - - * - - - - | <-- |yblanka2:27|dout6
LC105-> - - - - - * - - - - * * * * * | - - - * - - - - | <-- |yblanka2:27|dout7
LC98 -> - - - - - - * - - - - * * * * | - - - * - - - - | <-- |yblanka2:27|dout8
LC34 -> - - - - - - * - - - - - * * * | - - - * - - - - | <-- |yblanka2:27|dout9
LC101-> - - - - - - * - - - - - - * * | - - - * - - - - | <-- |yblanka2:27|dout10
LC7  -> - - - - - - - - - - - - - - * | - - - * - - - - | <-- |yblanka2:27|dout11
LC68 -> - - - - - * - * * * * * * * * | - - - * - - - - | <-- |yblanka2:27|txtffd0
LC70 -> - - - - - * - - * * * * * * * | - - - * - - - - | <-- |yblanka2:27|txtffd1
LC71 -> - - - - - * - - - * * * * * * | - - - * - - - - | <-- |yblanka2:27|txtffd2
LC72 -> - - - - - * - - - - * * * * * | - - - * - - - - | <-- |yblanka2:27|txtffd3
LC77 -> - - - - - - * - - - - * * * * | - - - * - - - - | <-- |yblanka2:27|txtffd4
LC109-> - - - - - - * - - - - - * * * | - - - * - - - - | <-- |yblanka2:27|txtffd5
LC110-> - - - - - - * - - - - - - * * | - - - * - - - - | <-- |yblanka2:27|txtffd6


* = The logic cell or pin is an input to the logic cell (or LAB) through the PIA.
- = The logic cell or pin is not an input to the logic cell (or LAB).


Device-Specific Information:                     c:\max2work\8631\anlv71v3.rpt
anlv71v3

** LOGIC CELL INTERCONNECTIONS **

Logic Array Block 'E':

                                       Logic cells placed in LAB 'E'
        +----------------------------- LC74 |uvblank:24|dout6
        | +--------------------------- LC79 |yblanka2:27|txtffb4
        | | +------------------------- LC66 |yblanka2:27|txtffb5
        | | | +----------------------- LC67 |yblanka2:27|txtffb6
        | | | | +--------------------- LC78 |yblanka2:27|txtffc0
        | | | | | +------------------- LC65 |yblanka2:27|txtffc1
        | | | | | | +----------------- LC73 |yblanka2:27|txtffc2
        | | | | | | | +--------------- LC76 |yblanka2:27|txtffc3
        | | | | | | | | +------------- LC75 |yblanka2:27|txtffc5
        | | | | | | | | | +----------- LC69 |yblanka2:27|txtffc6
        | | | | | | | | | | +--------- LC68 |yblanka2:27|txtffd0
        | | | | | | | | | | | +------- LC70 |yblanka2:27|txtffd1
        | | | | | | | | | | | | +----- LC71 |yblanka2:27|txtffd2
        | | | | | | | | | | | | | +--- LC72 |yblanka2:27|txtffd3
        | | | | | | | | | | | | | | +- LC77 |yblanka2:27|txtffd4
        | | | | | | | | | | | | | | | 
        | | | | | | | | | | | | | | |   Other LABs fed by signals
        | | | | | | | | | | | | | | |   that feed LAB 'E'
LC      | | | | | | | | | | | | | | | | A B C D E F G H |     Logic cells that feed LAB 'E':
LC66 -> - - - - - - - - * - - - - - - | - - - - * - - - | <-- |yblanka2:27|txtffb5
LC67 -> - - - - - - - - - * - - - - - | - - - - * - - - | <-- |yblanka2:27|txtffb6
LC78 -> - - - - - - - - - - * - - - - | - - - - * - - - | <-- |yblanka2:27|txtffc0
LC65 -> - - - - - - - - - - - * - - - | - - - - * - - - | <-- |yblanka2:27|txtffc1
LC73 -> - - - - - - - - - - - - * - - | - - - - * - - - | <-- |yblanka2:27|txtffc2
LC76 -> - - - - - - - - - - - - - * - | - - - - * - - - | <-- |yblanka2:27|txtffc3

Pin
83   -> - - - - - - - - - - - - - - - | - - - - - - - - | <-- CLK
22   -> * - - - - - - - - - - - - - - | * * * * * - * * | <-- GATE
74   -> * - - - - - - - - - - - - - - | - * - - * * - * | <-- VD8
73   -> * - - - - - - - - - - - - - - | - * - - * * - * | <-- VD9
LC14 -> * - - - - - - - - - - - - - - | * * * * * * * * | <-- TC0
LC13 -> * - - - - - - - - - - - - - - | * * * * * * * * | <-- TC1
LC11 -> * - - - - - - - - - - - - - - | * * * * * * * * | <-- TC2
LC116-> * - - - - - - - - - - - - - - | - - - - * - - - | <-- |uvblank:24|~1618~1
LC121-> * - - - - - - - - - - - - - - | - - - - * - - - | <-- |uvblank:24|~1618~2
LC86 -> - * - - - - - - - - - - - - - | - - - - * - - - | <-- |yblanka2:27|txtffa4
LC88 -> - - * - - - - - - - - - - - - | - - - - * - - - | <-- |yblanka2:27|txtffa5
LC81 -> - - - * - - - - - - - - - - - | - - - - * - - - | <-- |yblanka2:27|txtffa6
LC93 -> - - - - * - - - - - - - - - - | - - - - * - - - | <-- |yblanka2:27|txtffb0
LC91 -> - - - - - * - - - - - - - - - | - - - - * - - - | <-- |yblanka2:27|txtffb1
LC126-> - - - - - - * - - - - - - - - | - - - - * - - - | <-- |yblanka2:27|txtffb2
LC84 -> - - - - - - - * - - - - - - - | - - - - * - - - | <-- |yblanka2:27|txtffb3
LC89 -> - - - - - - - - - - - - - - * | - - - - * - - - | <-- |yblanka2:27|txtffc4


* = The logic cell or pin is an input to the logic cell (or LAB) through the PIA.
- = The logic cell or pin is not an input to the logic cell (or LAB).


Device-Specific Information:                     c:\max2work\8631\anlv71v3.rpt
anlv71v3

** LOGIC CELL INTERCONNECTIONS **

Logic Array Block 'F':

                                       Logic cells placed in LAB 'F'
        +----------------------------- LC95 |uvblank:24|~1615~2
        | +--------------------------- LC82 |uvblank:24|~1617~1
        | | +------------------------- LC92 |uvblank:24|~1617~2
        | | | +----------------------- LC94 |yblanka2:27|txtffa2
        | | | | +--------------------- LC85 |yblanka2:27|txtffa3
        | | | | | +------------------- LC86 |yblanka2:27|txtffa4
        | | | | | | +----------------- LC88 |yblanka2:27|txtffa5
        | | | | | | | +--------------- LC81 |yblanka2:27|txtffa6
        | | | | | | | | +------------- LC93 |yblanka2:27|txtffb0
        | | | | | | | | | +----------- LC91 |yblanka2:27|txtffb1
        | | | | | | | | | | +--------- LC84 |yblanka2:27|txtffb3
        | | | | | | | | | | | +------- LC89 |yblanka2:27|txtffc4
        | | | | | | | | | | | | +----- LC83 |yblanka2:27|~966~2
        | | | | | | | | | | | | | +--- LC87 |yblanka2:27|~967~1
        | | | | | | | | | | | | | | +- LC90 |yblanka2:27|~968~1
        | | | | | | | | | | | | | | | 
        | | | | | | | | | | | | | | |   Other LABs fed by signals
        | | | | | | | | | | | | | | |   that feed LAB 'F'
LC      | | | | | | | | | | | | | | | | A B C D E F G H |     Logic cells that feed LAB 'F':
LC85 -> - - - - - - - - - - * - - - - | - - - - - * - - | <-- |yblanka2:27|txtffa3

Pin
83   -> - - - - - - - - - - - - - - - | - - - - - - - - | <-- CLK
50   -> - - - * - - - - - - - - - - - | - - - - - * - - | <-- TXT2
49   -> - - - - * - - - - - - - - - - | - - - - - * - - | <-- TXT3
48   -> - - - - - * - - - - - - - - - | - - - - - * - - | <-- TXT4
46   -> - - - - - - * - - - - - - - - | - - - - - * - - | <-- TXT5
45   -> - - - - - - - * - - - - - - - | - - - - - * - - | <-- TXT6
77   -> * * * - - - - - - - - - - - - | - * - - - * - * | <-- VD5
76   -> * * * - - - - - - - - - - - - | - * - - - * - * | <-- VD6
75   -> * * * - - - - - - - - - - - - | - * - - - * - * | <-- VD7
74   -> * * * - - - - - - - - - - - - | - * - - * * - * | <-- VD8
73   -> * * * - - - - - - - - - - - - | - * - - * * - * | <-- VD9
57   -> - - - - - - - - - - - - * * * | * - * - - * * - | <-- YD8
56   -> - - - - - - - - - - - - * * * | * - * - - * * - | <-- YD9
55   -> - - - - - - - - - - - - * * * | * - * - - * * - | <-- YD10
54   -> - - - - - - - - - - - - * * * | * - * - - * * - | <-- YD11
LC14 -> * * * - - - - - - - - - * * * | * * * * * * * * | <-- TC0
LC13 -> * * * - - - - - - - - - * * * | * * * * * * * * | <-- TC1
LC11 -> - - - - - - - - - - - - * * * | * * * * * * * * | <-- TC2
LC117-> - - - - - - - - * - - - - - - | - - - - - * - - | <-- |yblanka2:27|txtffa0
LC115-> - - - - - - - - - * - - - - - | - - - - - * - - | <-- |yblanka2:27|txtffa1
LC79 -> - - - - - - - - - - - * - - - | - - - - - * - - | <-- |yblanka2:27|txtffb4


* = The logic cell or pin is an input to the logic cell (or LAB) through the PIA.
- = The logic cell or pin is not an input to the logic cell (or LAB).


Device-Specific Information:                     c:\max2work\8631\anlv71v3.rpt
anlv71v3

** LOGIC CELL INTERCONNECTIONS **

Logic Array Block 'G':

                     Logic cells placed in LAB 'G'
        +----------- LC112 TDO
        | +--------- LC105 |yblanka2:27|dout7
        | | +------- LC98 |yblanka2:27|dout8
        | | | +----- LC101 |yblanka2:27|dout10
        | | | | +--- LC109 |yblanka2:27|txtffd5
        | | | | | +- LC110 |yblanka2:27|txtffd6
        | | | | | | 
        | | | | | |   Other LABs fed by signals
        | | | | | |   that feed LAB 'G'
LC      | | | | | | | A B C D E F G H |     Logic cells that feed LAB 'G':

Pin
83   -> - - - - - - | - - - - - - - - | <-- CLK
22   -> - * * * - - | * * * * * - * * | <-- GATE
14   -> * - - - - - | - - - - - - * - | <-- TDI
58   -> - * - - - - | - - - - - - * - | <-- YD7
57   -> - * * * - - | * - * - - * * - | <-- YD8
56   -> - * * * - - | * - * - - * * - | <-- YD9
55   -> - * * * - - | * - * - - * * - | <-- YD10
54   -> - * * * - - | * - * - - * * - | <-- YD11
LC14 -> - * * * - - | * * * * * * * * | <-- TC0
LC13 -> - * * * - - | * * * * * * * * | <-- TC1
LC11 -> - * * * - - | * * * * * * * * | <-- TC2
LC75 -> - - - - * - | - - - - - - * - | <-- |yblanka2:27|txtffc5
LC69 -> - - - - - * | - - - - - - * - | <-- |yblanka2:27|txtffc6
LC33 -> - - - * - - | - - - - - - * - | <-- |yblanka2:27|~763~1
LC1  -> - * - - - - | - - - - - - * - | <-- |yblanka2:27|~845~1
LC2  -> - * - - - - | - - - - - - * - | <-- |yblanka2:27|~845~2
LC87 -> - - * - - - | - - - - - - * - | <-- |yblanka2:27|~967~1


* = The logic cell or pin is an input to the logic cell (or LAB) through the PIA.
- = The logic cell or pin is not an input to the logic cell (or LAB).


Device-Specific Information:                     c:\max2work\8631\anlv71v3.rpt
anlv71v3

** LOGIC CELL INTERCONNECTIONS **

Logic Array Block 'H':

                                         Logic cells placed in LAB 'H'
        +------------------------------- LC120 |uvblank:24|dout4
        | +----------------------------- LC124 |uvblank:24|dout7
        | | +--------------------------- LC114 |uvblank:24|~1615~1
        | | | +------------------------- LC122 |uvblank:24|~1615~3
        | | | | +----------------------- LC119 |uvblank:24|~1616~1
        | | | | | +--------------------- LC118 |uvblank:24|~1616~2
        | | | | | | +------------------- LC113 |uvblank:24|~1616~3
        | | | | | | | +----------------- LC116 |uvblank:24|~1618~1
        | | | | | | | | +--------------- LC121 |uvblank:24|~1618~2
        | | | | | | | | | +------------- LC123 |yblanka2:27|dout1
        | | | | | | | | | | +----------- LC127 |yblanka2:27|dout2
        | | | | | | | | | | | +--------- LC125 |yblanka2:27|dout3
        | | | | | | | | | | | | +------- LC128 |yblanka2:27|dout4
        | | | | | | | | | | | | | +----- LC117 |yblanka2:27|txtffa0
        | | | | | | | | | | | | | | +--- LC115 |yblanka2:27|txtffa1
        | | | | | | | | | | | | | | | +- LC126 |yblanka2:27|txtffb2
        | | | | | | | | | | | | | | | | 
        | | | | | | | | | | | | | | | |   Other LABs fed by signals
        | | | | | | | | | | | | | | | |   that feed LAB 'H'
LC      | | | | | | | | | | | | | | | | | A B C D E F G H |     Logic cells that feed LAB 'H':
LC119-> * - - - - - - - - - - - - - - - | - - - - - - - * | <-- |uvblank:24|~1616~1
LC118-> * - - - - - - - - - - - - - - - | - - - - - - - * | <-- |uvblank:24|~1616~2
LC113-> * - - - - - - - - - - - - - - - | - - - - - - - * | <-- |uvblank:24|~1616~3

Pin
83   -> - - - - - - - - - - - - - - - - | - - - - - - - - | <-- CLK
22   -> * * - - - - - - - * * * * - - - | * * * * * - * * | <-- GATE
52   -> - - - - - - - - - - - - - * - - | - - - - - - - * | <-- TXT0
51   -> - - - - - - - - - - - - - - * - | - - - - - - - * | <-- TXT1
77   -> * * * * * * * * * - - - - - - - | - * - - - * - * | <-- VD5
76   -> * * * * * * * * * - - - - - - - | - * - - - * - * | <-- VD6
75   -> * * * * * * * * * - - - - - - - | - * - - - * - * | <-- VD7
74   -> * * * * * * * * * - - - - - - - | - * - - * * - * | <-- VD8
73   -> * * * * * * * * * - - - - - - - | - * - - * * - * | <-- VD9
67   -> - - - - - - - - - * - - - - - - | - - - - - - - * | <-- YD1
65   -> - - - - - - - - - - * - - - - - | - - - - - - - * | <-- YD2
64   -> - - - - - - - - - - - * - - - - | - - - - - - - * | <-- YD3
63   -> - - - - - - - - - - - - * - - - | - - - - - - - * | <-- YD4
LC14 -> * * * * * * * * * * * * * - - - | * * * * * * * * | <-- TC0
LC13 -> * * * * * * * * * * * * * - - - | * * * * * * * * | <-- TC1
LC11 -> * * - * * * * * * * * * * - - - | * * * * * * * * | <-- TC2
LC94 -> - - - - - - - - - - - - - - - * | - - - - - - - * | <-- |yblanka2:27|txtffa2


* = The logic cell or pin is an input to the logic cell (or LAB) through the PIA.
- = The logic cell or pin is not an input to the logic cell (or LAB).


Device-Specific Information:                     c:\max2work\8631\anlv71v3.rpt
anlv71v3

** EQUATIONS **

CLK      : INPUT;
GATE     : INPUT;
TCK      : INPUT;
TDI      : INPUT;
TMS      : INPUT;
TXT_ON   : INPUT;
TXT0     : INPUT;
TXT1     : INPUT;
TXT2     : INPUT;
TXT3     : INPUT;
TXT4     : INPUT;
TXT5     : INPUT;
TXT6     : INPUT;
TXT7     : INPUT;
VD2      : INPUT;
VD3      : INPUT;
VD4      : INPUT;
VD5      : INPUT;
VD6      : INPUT;
VD7      : INPUT;
VD8      : INPUT;
VD9      : INPUT;
YD0      : INPUT;
YD1      : INPUT;
YD2      : INPUT;
YD3      : INPUT;
YD4      : INPUT;
YD5      : INPUT;
YD6      : INPUT;
YD7      : INPUT;
YD8      : INPUT;
YD9      : INPUT;
YD10     : INPUT;
YD11     : INPUT;

-- Node name is 'TC0' = '|count5:22.flb0' from file "count5.tdf" line 7, column 5
-- Equation name is 'TC0', type is output 
 TC0     = DFFE( _EQ001 $  TXT7, GLOBAL( CLK),  VCC,  VCC,  VCC);
  _EQ001 = !_LC050 &  TC0 &  TXT7
         #  _LC050 & !TC0;

-- Node name is 'TC1' = '|count5:22.flb1' from file "count5.tdf" line 7, column 5
-- Equation name is 'TC1', type is output 
 TC1     = DFFE( _EQ002 $  GND, GLOBAL( CLK),  VCC,  VCC,  VCC);
  _EQ002 = !_LC050 &  TC0 & !TC1 &  TXT7
         #  _LC050 & !TC0 & !TC1 & !TXT7
         #  _LC050 &  TC0 &  TC1
         # !TC0 &  TC1 &  TXT7;

-- Node name is 'TC2' = '|count5:22.flb2' from file "count5.tdf" line 7, column 5
-- Equation name is 'TC2', type is output 
 TC2     = TFFE( _EQ003, GLOBAL( CLK),  VCC,  VCC,  VCC);
  _EQ003 = !_LC050 &  TC0 &  TC1 & !TC2 &  TXT7
         #  _LC050 & !TC0 & !TC1 & !TC2 & !TXT7
         # !_LC050 &  TC0 &  TC1 &  TC2
         # !TC0 & !TC1 &  TC2 & !TXT7
         # !_LC050 &  TC2 & !TXT7;

-- Node name is 'TDO' 
-- Equation name is 'TDO', location is LC112, type is output.
 TDO     = LCELL( TDI $  GND);

-- Node name is 'TXTON' 
-- Equation name is 'TXTON', location is LC016, type is output.
 TXTON   = LCELL( TXT_ON $  GND);

-- Node name is 'V4' = '|uvblank:24.cout0' from file "uvblank.tdf" line 7, column 17
-- Equation name is 'V4', type is output 
 V4      = DFFE( _LC054 $  GND, GLOBAL( CLK),  VCC,  VCC,  VCC);

-- Node name is 'V5' = '|uvblank:24.cout1' from file "uvblank.tdf" line 7, column 17
-- Equation name is 'V5', type is output 
 V5      = DFFE( _LC058 $  GND, GLOBAL( CLK),  VCC,  VCC,  VCC);

-- Node name is 'V6' = '|uvblank:24.cout2' from file "uvblank.tdf" line 7, column 17
-- Equation name is 'V6', type is output 
 V6      = DFFE( _LC062 $  GND, GLOBAL( CLK),  VCC,  VCC,  VCC);

-- Node name is 'V7' = '|uvblank:24.cout3' from file "uvblank.tdf" line 7, column 17
-- Equation name is 'V7', type is output 
 V7      = DFFE( _LC018 $  GND, GLOBAL( CLK),  VCC,  VCC,  VCC);

-- Node name is 'V8' = '|uvblank:24.cout4' from file "uvblank.tdf" line 7, column 17
-- Equation name is 'V8', type is output 
 V8      = DFFE( _LC120 $  GND, GLOBAL( CLK),  VCC,  VCC,  VCC);

-- Node name is 'V9' = '|uvblank:24.cout5' from file "uvblank.tdf" line 7, column 17
-- Equation name is 'V9', type is output 
 V9      = DFFE( _LC028 $  GND, GLOBAL( CLK),  VCC,  VCC,  VCC);

-- Node name is 'V10' = '|uvblank:24.cout6' from file "uvblank.tdf" line 7, column 17
-- Equation name is 'V10', type is output 
 V10     = DFFE( _LC074 $  GND, GLOBAL( CLK),  VCC,  VCC,  VCC);

-- Node name is 'V11' = '|uvblank:24.cout7' from file "uvblank.tdf" line 7, column 17
-- Equation name is 'V11', type is output 
 V11     = DFFE( _LC124 $  GND, GLOBAL( CLK),  VCC,  VCC,  VCC);

-- Node name is 'Y0' = '|yblanka2:27.yout0' from file "yblanka2.tdf" line 10, column 18
-- Equation name is 'Y0', type is output 
 Y0      = DFFE( _LC060 $  GND, GLOBAL( CLK),  VCC,  VCC,  VCC);

-- Node name is 'Y1' = '|yblanka2:27.yout1' from file "yblanka2.tdf" line 10, column 18
-- Equation name is 'Y1', type is output 
 Y1      = DFFE( _LC123 $  GND, GLOBAL( CLK),  VCC,  VCC,  VCC);

-- Node name is 'Y2' = '|yblanka2:27.yout2' from file "yblanka2.tdf" line 10, column 18
-- Equation name is 'Y2', type is output 
 Y2      = DFFE( _LC127 $  GND, GLOBAL( CLK),  VCC,  VCC,  VCC);

-- Node name is 'Y3' = '|yblanka2:27.yout3' from file "yblanka2.tdf" line 10, column 18
-- Equation name is 'Y3', type is output 
 Y3      = DFFE( _LC125 $  GND, GLOBAL( CLK),  VCC,  VCC,  VCC);

-- Node name is 'Y4' = '|yblanka2:27.yout4' from file "yblanka2.tdf" line 10, column 18
-- Equation name is 'Y4', type is output 
 Y4      = DFFE( _LC068 $  _LC128, GLOBAL( CLK),  VCC,  VCC,  VCC);

-- Node name is 'Y5' = '|yblanka2:27.yout5' from file "yblanka2.tdf" line 10, column 18
-- Equation name is 'Y5', type is output 
 Y5      = DFFE( _EQ004 $  _EQ005, GLOBAL( CLK),  VCC,  VCC,  VCC);
  _EQ004 = !_LC068 &  _LC128
         #  _X001;
  _X001  = EXP( _LC068 & !_LC128);
  _EQ005 =  _X002 &  _X003;
  _X002  = EXP( _LC015 & !_LC070);
  _X003  = EXP(!_LC015 &  _LC070);

-- Node name is 'Y6' = '|yblanka2:27.yout6' from file "yblanka2.tdf" line 10, column 18
-- Equation name is 'Y6', type is output 
 Y6      = DFFE( _EQ006 $  _EQ007, GLOBAL( CLK),  VCC,  VCC,  VCC);
  _EQ006 = !_LC068 &  _LC128 &  _X003
         #  _LC015 & !_LC070
         #  _X001 &  _X003;
  _X003  = EXP(!_LC015 &  _LC070);
  _X001  = EXP( _LC068 & !_LC128);
  _EQ007 =  _X004 &  _X005;
  _X004  = EXP( _LC041 & !_LC071);
  _X005  = EXP(!_LC041 &  _LC071);

-- Node name is 'Y7' = '|yblanka2:27.yout7' from file "yblanka2.tdf" line 10, column 18
-- Equation name is 'Y7', type is output 
 Y7      = DFFE( _EQ008 $  _EQ009, GLOBAL( CLK),  VCC,  VCC,  VCC);
  _EQ008 = !_LC068 &  _LC128 &  _X003 &  _X005
         #  _LC015 & !_LC070 &  _X005
         #  _X001 &  _X003 &  _X005
         #  _LC041 & !_LC071;
  _X003  = EXP(!_LC015 &  _LC070);
  _X005  = EXP(!_LC041 &  _LC071);
  _X001  = EXP( _LC068 & !_LC128);
  _EQ009 =  _X006 &  _X007;
  _X006  = EXP( _LC072 & !_LC105);
  _X007  = EXP(!_LC072 &  _LC105);

-- Node name is 'Y8' = '|yblanka2:27.yout8' from file "yblanka2.tdf" line 10, column 18
-- Equation name is 'Y8', type is output 
 Y8      = DFFE( _EQ010 $  _EQ011, GLOBAL( CLK),  VCC,  VCC,  VCC);
  _EQ010 =  _X001 &  _X003 &  _X005 &  _X006
         #  _LC063;
  _X001  = EXP( _LC068 & !_LC128);
  _X003  = EXP(!_LC015 &  _LC070);
  _X005  = EXP(!_LC041 &  _LC071);
  _X006  = EXP( _LC072 & !_LC105);
  _EQ011 =  _X008 &  _X009;
  _X008  = EXP(!_LC077 &  _LC098);
  _X009  = EXP( _LC077 & !_LC098);

-- Node name is 'Y9' = '|yblanka2:27.yout9' from file "yblanka2.tdf" line 10, column 18
-- Equation name is 'Y9', type is output 
 Y9      = DFFE( _EQ012 $  _EQ013, GLOBAL( CLK),  VCC,  VCC,  VCC);
  _EQ012 =  _X001 &  _X003 &  _X005 &  _X006 &  _X009
         #  _LC063 &  _X009
         # !_LC077 &  _LC098;
  _X001  = EXP( _LC068 & !_LC128);
  _X003  = EXP(!_LC015 &  _LC070);
  _X005  = EXP(!_LC041 &  _LC071);
  _X006  = EXP( _LC072 & !_LC105);
  _X009  = EXP( _LC077 & !_LC098);
  _EQ013 =  _X010 &  _X011;
  _X010  = EXP( _LC034 & !_LC109);
  _X011  = EXP(!_LC034 &  _LC109);

-- Node name is 'Y10' = '|yblanka2:27.yout10' from file "yblanka2.tdf" line 10, column 18
-- Equation name is 'Y10', type is output 
 Y10     = DFFE( _EQ014 $  _EQ015, GLOBAL( CLK),  VCC,  VCC,  VCC);
  _EQ014 =  _X001 &  _X003 &  _X005 &  _X006 &  _X009 &  _X011
         #  _LC063 &  _X009 &  _X011
         # !_LC077 &  _LC098 &  _X011
         #  _LC034 & !_LC109;
  _X001  = EXP( _LC068 & !_LC128);
  _X003  = EXP(!_LC015 &  _LC070);
  _X005  = EXP(!_LC041 &  _LC071);
  _X006  = EXP( _LC072 & !_LC105);
  _X009  = EXP( _LC077 & !_LC098);
  _X011  = EXP(!_LC034 &  _LC109);
  _EQ015 =  _X012 &  _X013;
  _X012  = EXP(!_LC101 &  _LC110);
  _X013  = EXP( _LC101 & !_LC110);

-- Node name is 'Y11' = '|yblanka2:27.yout11' from file "yblanka2.tdf" line 10, column 18
-- Equation name is 'Y11', type is output 
 Y11     = DFFE( _EQ016 $ !_LC007, GLOBAL( CLK),  VCC,  VCC,  VCC);
  _EQ016 =  _X001 &  _X003 &  _X005 &  _X006 &  _X009 &  _X011 &  _X012
         #  _LC063 &  _X009 &  _X011 &  _X012
         #  _LC055;
  _X001  = EXP( _LC068 & !_LC128);
  _X003  = EXP(!_LC015 &  _LC070);
  _X005  = EXP(!_LC041 &  _LC071);
  _X006  = EXP( _LC072 & !_LC105);
  _X009  = EXP( _LC077 & !_LC098);
  _X011  = EXP(!_LC034 &  _LC109);
  _X012  = EXP(!_LC101 &  _LC110);

-- Node name is '|count5:22|carrybit' from file "count5.tdf" line 8, column 2
-- Equation name is '_LC050', type is buried 
_LC050   = DFFE( GND $  VCC, GLOBAL( CLK), !_EQ017,  VCC,  _EQ018);
  _EQ017 = !TC0 & !TC1 & !TC2 & !TXT7;
  _EQ018 =  TC0 & !TC1 &  TC2;

-- Node name is '|uvblank:24|dout0' from file "uvblank.tdf" line 7, column 6
-- Equation name is '_LC054', type is buried 
_LC054   = DFFE( _EQ019 $  GND, GLOBAL( CLK),  VCC,  VCC, !GATE);
  _EQ019 = !TC0 & !TC1 & !TC2 &  VD2;

-- Node name is '|uvblank:24|dout1' from file "uvblank.tdf" line 7, column 6
-- Equation name is '_LC058', type is buried 
_LC058   = DFFE( _EQ020 $  GND, GLOBAL( CLK),  VCC,  VCC, !GATE);
  _EQ020 = !TC0 & !TC1 & !TC2 &  VD3;

-- Node name is '|uvblank:24|dout2' from file "uvblank.tdf" line 7, column 6
-- Equation name is '_LC062', type is buried 
_LC062   = DFFE( _EQ021 $  GND, GLOBAL( CLK),  VCC,  VCC, !GATE);
  _EQ021 = !TC0 & !TC1 & !TC2 &  VD4;

-- Node name is '|uvblank:24|dout3' from file "uvblank.tdf" line 7, column 6
-- Equation name is '_LC018', type is buried 
_LC018   = DFFE( _EQ022 $  _EQ023, GLOBAL( CLK),  VCC,  VCC, !GATE);
  _EQ022 = !_LC095 & !_LC114 & !_LC122 &  TC0 &  TC1 &  VD5 &  VD6 &  VD7 & 
              VD8 &  _X014 &  _X015 &  _X016 &  _X017 &  _X018 &  _X019 & 
              _X020
         # !_LC095 & !_LC114 & !_LC122 &  TC0 &  TC1 &  VD6 &  VD7 &  VD8 & 
             !VD9 &  _X014 &  _X015 &  _X016 &  _X017 &  _X018 &  _X019 & 
              _X020
         # !_LC095 & !_LC114 & !_LC122 & !TC0 &  TC1 &  VD5 &  VD7 & !VD8 & 
              VD9 &  _X014 &  _X015 &  _X016 &  _X017 &  _X018 &  _X019 & 
              _X020;
  _X014  = EXP( TC0 &  TC2);
  _X015  = EXP( TC2 & !VD7 & !VD8 & !VD9);
  _X016  = EXP( TC1 &  TC2);
  _X017  = EXP( TC1 & !VD5 & !VD7 &  VD9);
  _X018  = EXP( TC0 &  TC1 & !VD6 & !VD7);
  _X019  = EXP( TC2 & !VD6 & !VD8 & !VD9);
  _X020  = EXP(!TC0 & !TC1 & !TC2 & !VD5);
  _EQ023 = !_LC095 & !_LC114 & !_LC122 &  _X014 &  _X015 &  _X016 &  _X017 & 
              _X018 &  _X019 &  _X020;
  _X014  = EXP( TC0 &  TC2);
  _X015  = EXP( TC2 & !VD7 & !VD8 & !VD9);
  _X016  = EXP( TC1 &  TC2);
  _X017  = EXP( TC1 & !VD5 & !VD7 &  VD9);
  _X018  = EXP( TC0 &  TC1 & !VD6 & !VD7);
  _X019  = EXP( TC2 & !VD6 & !VD8 & !VD9);
  _X020  = EXP(!TC0 & !TC1 & !TC2 & !VD5);

-- Node name is '|uvblank:24|dout4' from file "uvblank.tdf" line 7, column 6
-- Equation name is '_LC120', type is buried 
_LC120   = DFFE( _EQ024 $  VCC, GLOBAL( CLK),  VCC,  VCC, !GATE);
  _EQ024 = !_LC113 & !_LC118 & !_LC119 &  _X021 &  _X022 &  _X023 &  _X024 & 
              _X025 &  _X026 &  _X027 &  _X028;
  _X021  = EXP(!TC0 & !TC1 &  TC2 & !VD8 &  VD9);
  _X022  = EXP(!TC0 & !TC1 & !TC2 &  VD6);
  _X023  = EXP( TC0 &  TC1 & !TC2 & !VD6 &  VD8);
  _X024  = EXP( TC0 &  TC1 & !TC2 & !VD7 &  VD8);
  _X025  = EXP( TC1 & !TC2 & !VD6 & !VD7 &  VD8);
  _X026  = EXP(!TC1 & !TC2 &  VD5 &  VD6 & !VD9);
  _X027  = EXP(!TC1 & !TC2 & !VD5 &  VD6 &  VD9);
  _X028  = EXP( TC1 & !TC2 & !VD6 &  VD8 &  VD9);

-- Node name is '|uvblank:24|dout5' from file "uvblank.tdf" line 7, column 6
-- Equation name is '_LC028', type is buried 
_LC028   = DFFE( _EQ025 $  _EQ026, GLOBAL( CLK),  VCC,  VCC, !GATE);
  _EQ025 = !_LC082 & !_LC092 &  TC0 &  TC1 &  VD5 &  VD6 &  VD7 &  VD8 &  VD9 & 
              _X014 &  _X016 &  _X029 &  _X030 &  _X031 &  _X032 &  _X033 & 
              _X034 &  _X035
         # !_LC082 & !_LC092 &  TC0 & !TC1 &  VD5 &  VD6 &  VD7 & !VD8 &  VD9 & 
              _X014 &  _X016 &  _X029 &  _X030 &  _X031 &  _X032 &  _X033 & 
              _X034 &  _X035
         # !_LC082 & !_LC092 & !TC0 &  TC1 &  VD5 &  VD7 & !VD8 &  VD9 & 
              _X014 &  _X016 &  _X029 &  _X030 &  _X031 &  _X032 &  _X033 & 
              _X034 &  _X035;
  _X014  = EXP( TC0 &  TC2);
  _X016  = EXP( TC1 &  TC2);
  _X029  = EXP( TC0 &  TC1 & !VD7 & !VD9);
  _X030  = EXP( TC0 &  TC1 & !VD8 & !VD9);
  _X031  = EXP( TC1 & !VD6 &  VD7 & !VD9);
  _X032  = EXP(!TC0 & !TC1 & !TC2 & !VD7);
  _X033  = EXP( TC2 &  VD7 &  VD8);
  _X034  = EXP(!VD7 & !VD8 & !VD9);
  _X035  = EXP( TC2 & !VD9);
  _EQ026 = !_LC082 & !_LC092 &  _X014 &  _X016 &  _X029 &  _X030 &  _X031 & 
              _X032 &  _X033 &  _X034 &  _X035;
  _X014  = EXP( TC0 &  TC2);
  _X016  = EXP( TC1 &  TC2);
  _X029  = EXP( TC0 &  TC1 & !VD7 & !VD9);
  _X030  = EXP( TC0 &  TC1 & !VD8 & !VD9);
  _X031  = EXP( TC1 & !VD6 &  VD7 & !VD9);
  _X032  = EXP(!TC0 & !TC1 & !TC2 & !VD7);
  _X033  = EXP( TC2 &  VD7 &  VD8);
  _X034  = EXP(!VD7 & !VD8 & !VD9);
  _X035  = EXP( TC2 & !VD9);

-- Node name is '|uvblank:24|dout6' from file "uvblank.tdf" line 7, column 6
-- Equation name is '_LC074', type is buried 
_LC074   = DFFE( _EQ027 $  TC2, GLOBAL( CLK),  VCC,  VCC, !GATE);
  _EQ027 = !_LC116 & !_LC121 &  _X021 &  _X036 &  _X037 &  _X038;
  _X021  = EXP(!TC0 & !TC1 &  TC2 & !VD8 &  VD9);
  _X036  = EXP( TC0 &  TC1 & !TC2 & !VD9);
  _X037  = EXP(!TC0 & !TC1 & !TC2 & !VD8);
  _X038  = EXP(!TC2 & !VD8 & !VD9);

-- Node name is '|uvblank:24|dout7' from file "uvblank.tdf" line 7, column 6
-- Equation name is '_LC124', type is buried 
_LC124   = DFFE( _EQ028 $  GND, GLOBAL( CLK),  VCC,  VCC, !GATE);
  _EQ028 = !TC0 & !TC1 & !VD5 & !VD6 & !VD7 &  VD9
         # !TC0 & !TC1 & !VD8 &  VD9
         # !TC2 &  VD9 &  _X039;
  _X039  = EXP( TC0 &  TC1 &  VD5 &  VD6 &  VD7 &  VD8);

-- Node name is '|uvblank:24|~1615~1' from file "uvblank.tdf" line 172, column 17
-- Equation name is '_LC114', type is buried 
-- synthesized logic cell 
_LC114   = LCELL( _EQ029 $  GND);
  _EQ029 = !TC0 &  TC1 &  VD6 & !VD7 &  VD8 &  VD9
         # !TC0 &  TC1 &  VD5 & !VD6 &  VD7 &  VD9
         # !TC0 &  TC1 & !VD5 &  VD6 &  VD7 & !VD9
         # !TC0 &  TC1 & !VD5 & !VD6 &  VD8 & !VD9
         #  TC0 &  VD5 &  VD6 &  VD7 & !VD9;

-- Node name is '|uvblank:24|~1615~2' from file "uvblank.tdf" line 172, column 17
-- Equation name is '_LC095', type is buried 
-- synthesized logic cell 
_LC095   = LCELL( _EQ030 $  GND);
  _EQ030 = !VD5 &  VD6 & !VD7 &  VD8 &  VD9
         # !TC1 & !VD5 &  VD7 &  VD8 &  VD9
         #  TC0 &  VD5 & !VD7 & !VD8 &  VD9
         #  TC0 & !TC1 &  VD5 &  VD7 & !VD8
         #  TC0 & !TC1 &  VD5 &  VD8 & !VD9;

-- Node name is '|uvblank:24|~1615~3' from file "uvblank.tdf" line 172, column 17
-- Equation name is '_LC122', type is buried 
-- synthesized logic cell 
_LC122   = LCELL( _EQ031 $  GND);
  _EQ031 = !TC0 &  TC1 &  VD5 & !VD7 & !VD9
         #  TC0 & !VD5 & !VD7 & !VD8 & !VD9
         # !VD5 & !VD6 & !VD7 & !VD8 & !VD9
         # !TC0 & !TC1 & !VD5 & !VD8 & !VD9
         #  TC2 &  VD5 &  VD8 &  VD9;

-- Node name is '|uvblank:24|~1616~1' from file "uvblank.tdf" line 172, column 17
-- Equation name is '_LC119', type is buried 
-- synthesized logic cell 
_LC119   = LCELL( _EQ032 $  GND);
  _EQ032 =  TC0 & !TC2 &  VD5 &  VD6 &  VD7 & !VD8 & !VD9
         #  TC0 & !TC1 & !TC2 &  VD5 & !VD6 & !VD8 &  VD9
         # !TC0 &  TC1 & !TC2 & !VD5 & !VD6 &  VD7 & !VD8
         #  TC0 & !TC1 & !TC2 & !VD5 & !VD6 &  VD7 & !VD9
         # !TC0 &  TC1 & !TC2 & !VD6 &  VD7 & !VD8 & !VD9;

-- Node name is '|uvblank:24|~1616~2' from file "uvblank.tdf" line 172, column 17
-- Equation name is '_LC118', type is buried 
-- synthesized logic cell 
_LC118   = LCELL( _EQ033 $  GND);
  _EQ033 = !TC0 & !TC1 &  TC2 & !VD5 & !VD6 & !VD7 &  VD9
         # !TC2 & !VD5 &  VD6 &  VD7 &  VD8 &  VD9
         # !TC0 & !TC2 &  VD5 &  VD6 & !VD8 &  VD9
         # !TC0 & !TC2 & !VD5 &  VD6 &  VD8 & !VD9
         # !TC0 & !TC2 &  VD6 & !VD7 & !VD8 &  VD9;

-- Node name is '|uvblank:24|~1616~3' from file "uvblank.tdf" line 172, column 17
-- Equation name is '_LC113', type is buried 
-- synthesized logic cell 
_LC113   = LCELL( _EQ034 $  GND);
  _EQ034 = !TC0 & !TC2 &  VD5 &  VD6 & !VD7 & !VD8
         #  TC0 & !TC2 & !VD5 & !VD6 &  VD8 & !VD9
         # !TC1 & !TC2 &  VD6 & !VD7 & !VD8 & !VD9
         # !TC0 & !TC2 &  VD6 &  VD7 &  VD8
         # !TC1 & !TC2 &  VD6 &  VD8 &  VD9;

-- Node name is '|uvblank:24|~1617~1' from file "uvblank.tdf" line 172, column 17
-- Equation name is '_LC082', type is buried 
-- synthesized logic cell 
_LC082   = LCELL( _EQ035 $  GND);
  _EQ035 = !TC0 &  TC1 &  VD6 &  VD7 & !VD8 &  VD9
         # !TC0 &  TC1 & !VD6 & !VD7 &  VD8 &  VD9
         # !TC0 &  TC1 & !VD5 & !VD6 &  VD7 &  VD8
         # !TC0 &  TC1 &  VD7 &  VD8 & !VD9
         #  TC0 & !TC1 & !VD5 &  VD6 & !VD7;

-- Node name is '|uvblank:24|~1617~2' from file "uvblank.tdf" line 172, column 17
-- Equation name is '_LC092', type is buried 
-- synthesized logic cell 
_LC092   = LCELL( _EQ036 $  GND);
  _EQ036 =  TC0 & !TC1 & !VD6 & !VD7 &  VD9
         #  TC0 & !VD5 & !VD6 &  VD7 & !VD9
         # !TC1 &  VD5 & !VD7 &  VD8
         # !TC1 &  VD6 & !VD7 &  VD8
         #  VD5 &  VD6 & !VD7 & !VD9;

-- Node name is '|uvblank:24|~1618~1' from file "uvblank.tdf" line 172, column 17
-- Equation name is '_LC116', type is buried 
-- synthesized logic cell 
_LC116   = LCELL( _EQ037 $  GND);
  _EQ037 = !TC0 & !TC1 &  TC2 & !VD5 & !VD6 & !VD7 &  VD8 &  VD9
         #  TC0 &  TC1 & !TC2 &  VD5 &  VD6 &  VD7 &  VD8
         # !TC0 &  TC1 & !TC2 & !VD5 & !VD6 & !VD8
         #  TC0 & !TC2 & !VD5 & !VD6 & !VD7 & !VD9
         # !TC0 &  TC1 & !TC2 & !VD7 & !VD8;

-- Node name is '|uvblank:24|~1618~2' from file "uvblank.tdf" line 172, column 17
-- Equation name is '_LC121', type is buried 
-- synthesized logic cell 
_LC121   = LCELL( _EQ038 $  GND);
  _EQ038 =  TC0 & !TC1 & !TC2 & !VD7 & !VD8
         #  TC0 & !TC1 & !TC2 & !VD6 & !VD8
         #  TC0 & !TC1 & !TC2 & !VD5 & !VD8
         #  TC1 & !TC2 & !VD6 & !VD7 & !VD9
         #  TC1 & !TC2 & !VD5 & !VD7 & !VD9;

-- Node name is '|yblanka2:27|dout0' from file "yblanka2.tdf" line 10, column 6
-- Equation name is '_LC060', type is buried 
_LC060   = DFFE( _EQ039 $  VCC, GLOBAL( CLK),  VCC,  VCC, !GATE);
  _EQ039 = !TC0 & !TC1 & !TC2 & !YD0;

-- Node name is '|yblanka2:27|dout1' from file "yblanka2.tdf" line 10, column 6
-- Equation name is '_LC123', type is buried 
_LC123   = DFFE( _EQ040 $  GND, GLOBAL( CLK),  VCC,  VCC, !GATE);
  _EQ040 = !TC0 & !TC1 & !TC2 &  YD1;

-- Node name is '|yblanka2:27|dout2' from file "yblanka2.tdf" line 10, column 6
-- Equation name is '_LC127', type is buried 
_LC127   = DFFE( _EQ041 $  VCC, GLOBAL( CLK),  VCC,  VCC, !GATE);
  _EQ041 = !TC0 & !TC1 & !TC2 & !YD2;

-- Node name is '|yblanka2:27|dout3' from file "yblanka2.tdf" line 10, column 6
-- Equation name is '_LC125', type is buried 
_LC125   = DFFE( _EQ042 $  GND, GLOBAL( CLK),  VCC,  VCC, !GATE);
  _EQ042 = !TC0 & !TC1 & !TC2 &  YD3;

-- Node name is '|yblanka2:27|dout4' from file "yblanka2.tdf" line 10, column 6
-- Equation name is '_LC128', type is buried 
_LC128   = DFFE( _EQ043 $  VCC, GLOBAL( CLK),  VCC,  VCC, !GATE);
  _EQ043 = !TC0 & !TC1 & !TC2 & !YD4;

-- Node name is '|yblanka2:27|dout5' from file "yblanka2.tdf" line 10, column 6
-- Equation name is '_LC015', type is buried 
_LC015   = DFFE( _EQ044 $  VCC, GLOBAL( CLK),  VCC,  VCC, !GATE);
  _EQ044 = !_LC004 & !_LC009 & !_LC012 &  _X040 &  _X041 &  _X042;
  _X040  = EXP(!TC0 & !TC1 &  TC2 & !YD9 & !YD10 &  YD11);
  _X041  = EXP( TC0 & !TC2 & !YD8 &  YD9 &  YD10);
  _X042  = EXP(!TC0 & !TC1 & !TC2 &  YD5);

-- Node name is '|yblanka2:27|dout6' from file "yblanka2.tdf" line 10, column 6
-- Equation name is '_LC041', type is buried 
_LC041   = DFFE( _EQ045 $  _EQ046, GLOBAL( CLK),  VCC,  VCC, !GATE);
  _EQ045 = !_LC010 & !_LC083 & !TC0 &  TC1 & !TC2 &  _X040 &  _X043 &  _X044 & 
              _X045 &  _X046 &  YD8 & !YD9 &  YD10 &  YD11
         # !_LC010 & !_LC083 & !TC0 &  TC1 & !TC2 &  _X040 &  _X043 &  _X044 & 
              _X045 &  _X046 & !YD8 & !YD9 & !YD10 &  YD11
         # !_LC010 & !_LC083 &  TC0 & !TC1 & !TC2 &  _X040 &  _X043 &  _X044 & 
              _X045 &  _X046 &  YD9 &  YD10 &  YD11;
  _X040  = EXP(!TC0 & !TC1 &  TC2 & !YD9 & !YD10 &  YD11);
  _X043  = EXP( TC0 &  TC1 & !TC2 &  YD8 & !YD9 & !YD11);
  _X044  = EXP(!TC0 & !TC1 & !TC2 & !YD6);
  _X045  = EXP(!TC0 & !TC1 &  TC2 & !YD9 &  YD10 & !YD11);
  _X046  = EXP( TC0 & !TC2 & !YD9 & !YD10 & !YD11);
  _EQ046 = !_LC010 & !_LC083 &  _X040 &  _X043 &  _X044 &  _X045 &  _X046;
  _X040  = EXP(!TC0 & !TC1 &  TC2 & !YD9 & !YD10 &  YD11);
  _X043  = EXP( TC0 &  TC1 & !TC2 &  YD8 & !YD9 & !YD11);
  _X044  = EXP(!TC0 & !TC1 & !TC2 & !YD6);
  _X045  = EXP(!TC0 & !TC1 &  TC2 & !YD9 &  YD10 & !YD11);
  _X046  = EXP( TC0 & !TC2 & !YD9 & !YD10 & !YD11);

-- Node name is '|yblanka2:27|dout7' from file "yblanka2.tdf" line 10, column 6
-- Equation name is '_LC105', type is buried 
_LC105   = DFFE( _EQ047 $  VCC, GLOBAL( CLK),  VCC,  VCC, !GATE);
  _EQ047 = !_LC001 & !_LC002 &  _X043 &  _X045 &  _X047 &  _X048 &  _X049 & 
              _X050 &  _X051;
  _X043  = EXP( TC0 &  TC1 & !TC2 &  YD8 & !YD9 & !YD11);
  _X045  = EXP(!TC0 & !TC1 &  TC2 & !YD9 &  YD10 & !YD11);
  _X047  = EXP( TC0 & !TC2 & !YD8 &  YD9 & !YD10 & !YD11);
  _X048  = EXP( TC0 & !TC1 & !TC2 & !YD9 & !YD10 & !YD11);
  _X049  = EXP(!TC0 &  TC1 & !TC2 & !YD8 & !YD9 & !YD11);
  _X050  = EXP( TC0 & !TC2 &  YD8 & !YD9 &  YD11);
  _X051  = EXP(!TC0 & !TC1 & !TC2 &  YD7);

-- Node name is '|yblanka2:27|dout8' from file "yblanka2.tdf" line 10, column 6
-- Equation name is '_LC098', type is buried 
_LC098   = DFFE( _EQ048 $  _EQ049, GLOBAL( CLK),  VCC,  VCC, !GATE);
  _EQ048 = !_LC087 &  TC1 & !TC2 &  _X052 &  _X053 &  _X054 &  _X055 &  _X056 & 
              YD8 & !YD9 & !YD10 & !YD11
         # !_LC087 &  TC0 & !TC1 & !TC2 &  _X052 &  _X053 &  _X054 &  _X055 & 
              _X056 &  YD8 & !YD9 & !YD11
         # !_LC087 &  TC0 & !TC1 & !TC2 &  _X052 &  _X053 &  _X054 &  _X055 & 
              _X056 &  YD8 & !YD10 & !YD11;
  _X052  = EXP(!TC0 & !TC1 & !YD8 & !YD11);
  _X053  = EXP(!TC0 & !TC1 &  TC2 & !YD9 & !YD11);
  _X054  = EXP(!TC0 & !TC1 &  TC2 & !YD10 & !YD11);
  _X055  = EXP(!TC0 & !TC2 & !YD8 &  YD10 & !YD11);
  _X056  = EXP(!TC0 & !TC1 & !TC2 & !YD8);
  _EQ049 = !_LC087 &  _X052 &  _X053 &  _X054 &  _X055 &  _X056;
  _X052  = EXP(!TC0 & !TC1 & !YD8 & !YD11);
  _X053  = EXP(!TC0 & !TC1 &  TC2 & !YD9 & !YD11);
  _X054  = EXP(!TC0 & !TC1 &  TC2 & !YD10 & !YD11);
  _X055  = EXP(!TC0 & !TC2 & !YD8 &  YD10 & !YD11);
  _X056  = EXP(!TC0 & !TC1 & !TC2 & !YD8);

-- Node name is '|yblanka2:27|dout9' from file "yblanka2.tdf" line 10, column 6
-- Equation name is '_LC034', type is buried 
_LC034   = DFFE( _EQ050 $  _EQ051, GLOBAL( CLK),  VCC,  VCC, !GATE);
  _EQ050 = !TC2 &  _X057 &  YD8 & !YD9 &  YD11
         # !TC2 &  _X057 & !YD9 & !YD10 &  YD11
         # !TC0 & !TC1 & !TC2 & !YD9;
  _X057  = EXP( TC0 &  TC1);
  _EQ051 = !_LC090 &  _X058 &  _X059 &  _X060;
  _X058  = EXP( TC1 & !TC2 &  YD8 & !YD10 & !YD11);
  _X059  = EXP(!TC0 &  TC1 & !TC2 &  YD9 & !YD11);
  _X060  = EXP( TC0 & !TC2 & !YD8 & !YD9 & !YD11);

-- Node name is '|yblanka2:27|dout10' from file "yblanka2.tdf" line 10, column 6
-- Equation name is '_LC101', type is buried 
_LC101   = DFFE( _EQ052 $  _EQ053, GLOBAL( CLK),  VCC,  VCC, !GATE);
  _EQ052 = !_LC033 &  TC1 & !TC2 &  _X061 &  _X062 &  YD9 &  YD10 & !YD11
         # !_LC033 &  TC0 & !TC2 &  _X061 &  _X062 & !YD8 & !YD9 &  YD11
         # !_LC033 &  TC1 & !TC2 &  _X061 &  _X062 & !YD8 & !YD9 &  YD11;
  _X061  = EXP(!TC0 & !TC1 & !YD10);
  _X062  = EXP(!YD10 &  YD11);
  _EQ053 = !_LC033 & !TC2 &  _X061 &  _X062;
  _X061  = EXP(!TC0 & !TC1 & !YD10);
  _X062  = EXP(!YD10 &  YD11);

-- Node name is '|yblanka2:27|dout11' from file "yblanka2.tdf" line 10, column 6
-- Equation name is '_LC007', type is buried 
_LC007   = DFFE( _EQ054 $  TC2, GLOBAL( CLK),  VCC,  VCC, !GATE);
  _EQ054 =  TC1 & !TC2 &  YD9 &  YD10
         #  TC0 &  TC1 & !TC2
         # !TC2 &  YD11;

-- Node name is '|yblanka2:27|lpm_add_sub:textadd|p8fadd:lookahead_add0|:60' 
-- Equation name is '_LC063', type is buried 
_LC063   = LCELL( _EQ055 $  _EQ056);
  _EQ055 = !_LC068 &  _LC128 &  _X003 &  _X005 &  _X006 &  _X007
         #  _LC015 & !_LC070 &  _X005 &  _X006 &  _X007
         #  _LC041 & !_LC071 &  _X006 &  _X007;
  _X003  = EXP(!_LC015 &  _LC070);
  _X005  = EXP(!_LC041 &  _LC071);
  _X006  = EXP( _LC072 & !_LC105);
  _X007  = EXP(!_LC072 &  _LC105);
  _EQ056 = !_LC072 &  _LC105;

-- Node name is '|yblanka2:27|lpm_add_sub:textadd|p8fadd:lookahead_add0|:94' 
-- Equation name is '_LC055', type is buried 
_LC055   = LCELL( _EQ057 $  GND);
  _EQ057 = !_LC077 &  _LC098 &  _X011 &  _X012
         #  _LC034 & !_LC109 &  _X012
         #  _LC101 & !_LC110;
  _X011  = EXP(!_LC034 &  _LC109);
  _X012  = EXP(!_LC101 &  _LC110);

-- Node name is '|yblanka2:27|txtffa0' from file "yblanka2.tdf" line 12, column 8
-- Equation name is '_LC117', type is buried 
_LC117   = DFFE( TXT0 $  GND, GLOBAL( CLK),  VCC,  VCC,  VCC);

-- Node name is '|yblanka2:27|txtffa1' from file "yblanka2.tdf" line 12, column 8
-- Equation name is '_LC115', type is buried 
_LC115   = DFFE( TXT1 $  GND, GLOBAL( CLK),  VCC,  VCC,  VCC);

-- Node name is '|yblanka2:27|txtffa2' from file "yblanka2.tdf" line 12, column 8
-- Equation name is '_LC094', type is buried 
_LC094   = DFFE( TXT2 $  GND, GLOBAL( CLK),  VCC,  VCC,  VCC);

-- Node name is '|yblanka2:27|txtffa3' from file "yblanka2.tdf" line 12, column 8
-- Equation name is '_LC085', type is buried 
_LC085   = DFFE( TXT3 $  GND, GLOBAL( CLK),  VCC,  VCC,  VCC);

-- Node name is '|yblanka2:27|txtffa4' from file "yblanka2.tdf" line 12, column 8
-- Equation name is '_LC086', type is buried 
_LC086   = DFFE( TXT4 $  GND, GLOBAL( CLK),  VCC,  VCC,  VCC);

-- Node name is '|yblanka2:27|txtffa5' from file "yblanka2.tdf" line 12, column 8
-- Equation name is '_LC088', type is buried 
_LC088   = DFFE( TXT5 $  GND, GLOBAL( CLK),  VCC,  VCC,  VCC);

-- Node name is '|yblanka2:27|txtffa6' from file "yblanka2.tdf" line 12, column 8
-- Equation name is '_LC081', type is buried 
_LC081   = DFFE( TXT6 $  GND, GLOBAL( CLK),  VCC,  VCC,  VCC);

-- Node name is '|yblanka2:27|txtffb0' from file "yblanka2.tdf" line 12, column 21
-- Equation name is '_LC093', type is buried 
_LC093   = DFFE( _LC117 $  GND, GLOBAL( CLK),  VCC,  VCC,  VCC);

-- Node name is '|yblanka2:27|txtffb1' from file "yblanka2.tdf" line 12, column 21
-- Equation name is '_LC091', type is buried 
_LC091   = DFFE( _LC115 $  GND, GLOBAL( CLK),  VCC,  VCC,  VCC);

-- Node name is '|yblanka2:27|txtffb2' from file "yblanka2.tdf" line 12, column 21
-- Equation name is '_LC126', type is buried 
_LC126   = DFFE( _LC094 $  GND, GLOBAL( CLK),  VCC,  VCC,  VCC);

-- Node name is '|yblanka2:27|txtffb3' from file "yblanka2.tdf" line 12, column 21
-- Equation name is '_LC084', type is buried 
_LC084   = DFFE( _LC085 $  GND, GLOBAL( CLK),  VCC,  VCC,  VCC);

-- Node name is '|yblanka2:27|txtffb4' from file "yblanka2.tdf" line 12, column 21
-- Equation name is '_LC079', type is buried 
_LC079   = DFFE( _LC086 $  GND, GLOBAL( CLK),  VCC,  VCC,  VCC);

-- Node name is '|yblanka2:27|txtffb5' from file "yblanka2.tdf" line 12, column 21
-- Equation name is '_LC066', type is buried 
_LC066   = DFFE( _LC088 $  GND, GLOBAL( CLK),  VCC,  VCC,  VCC);

-- Node name is '|yblanka2:27|txtffb6' from file "yblanka2.tdf" line 12, column 21
-- Equation name is '_LC067', type is buried 
_LC067   = DFFE( _LC081 $  GND, GLOBAL( CLK),  VCC,  VCC,  VCC);

-- Node name is '|yblanka2:27|txtffc0' from file "yblanka2.tdf" line 13, column 8
-- Equation name is '_LC078', type is buried 
_LC078   = DFFE( _LC093 $  GND, GLOBAL( CLK),  VCC,  VCC,  VCC);

-- Node name is '|yblanka2:27|txtffc1' from file "yblanka2.tdf" line 13, column 8
-- Equation name is '_LC065', type is buried 
_LC065   = DFFE( _LC091 $  GND, GLOBAL( CLK),  VCC,  VCC,  VCC);

-- Node name is '|yblanka2:27|txtffc2' from file "yblanka2.tdf" line 13, column 8
-- Equation name is '_LC073', type is buried 
_LC073   = DFFE( _LC126 $  GND, GLOBAL( CLK),  VCC,  VCC,  VCC);

-- Node name is '|yblanka2:27|txtffc3' from file "yblanka2.tdf" line 13, column 8
-- Equation name is '_LC076', type is buried 
_LC076   = DFFE( _LC084 $  GND, GLOBAL( CLK),  VCC,  VCC,  VCC);

-- Node name is '|yblanka2:27|txtffc4' from file "yblanka2.tdf" line 13, column 8
-- Equation name is '_LC089', type is buried 
_LC089   = DFFE( _LC079 $  GND, GLOBAL( CLK),  VCC,  VCC,  VCC);

-- Node name is '|yblanka2:27|txtffc5' from file "yblanka2.tdf" line 13, column 8
-- Equation name is '_LC075', type is buried 
_LC075   = DFFE( _LC066 $  GND, GLOBAL( CLK),  VCC,  VCC,  VCC);

-- Node name is '|yblanka2:27|txtffc6' from file "yblanka2.tdf" line 13, column 8
-- Equation name is '_LC069', type is buried 
_LC069   = DFFE( _LC067 $  GND, GLOBAL( CLK),  VCC,  VCC,  VCC);

-- Node name is '|yblanka2:27|txtffd0' from file "yblanka2.tdf" line 13, column 21
-- Equation name is '_LC068', type is buried 
_LC068   = DFFE( _LC078 $  GND, GLOBAL( CLK),  VCC,  VCC,  VCC);

-- Node name is '|yblanka2:27|txtffd1' from file "yblanka2.tdf" line 13, column 21
-- Equation name is '_LC070', type is buried 
_LC070   = DFFE( _LC065 $  GND, GLOBAL( CLK),  VCC,  VCC,  VCC);

-- Node name is '|yblanka2:27|txtffd2' from file "yblanka2.tdf" line 13, column 21
-- Equation name is '_LC071', type is buried 
_LC071   = DFFE( _LC073 $  GND, GLOBAL( CLK),  VCC,  VCC,  VCC);

-- Node name is '|yblanka2:27|txtffd3' from file "yblanka2.tdf" line 13, column 21
-- Equation name is '_LC072', type is buried 
_LC072   = DFFE( _LC076 $  GND, GLOBAL( CLK),  VCC,  VCC,  VCC);

-- Node name is '|yblanka2:27|txtffd4' from file "yblanka2.tdf" line 13, column 21
-- Equation name is '_LC077', type is buried 
_LC077   = DFFE( _LC089 $  GND, GLOBAL( CLK),  VCC,  VCC,  VCC);

-- Node name is '|yblanka2:27|txtffd5' from file "yblanka2.tdf" line 13, column 21
-- Equation name is '_LC109', type is buried 
_LC109   = DFFE( _LC075 $  GND, GLOBAL( CLK),  VCC,  VCC,  VCC);

-- Node name is '|yblanka2:27|txtffd6' from file "yblanka2.tdf" line 13, column 21
-- Equation name is '_LC110', type is buried 
_LC110   = DFFE( _LC069 $  GND, GLOBAL( CLK),  VCC,  VCC,  VCC);

-- Node name is '|yblanka2:27|~763~1' from file "yblanka2.tdf" line 106, column 19
-- Equation name is '_LC033', type is buried 
-- synthesized logic cell 
_LC033   = LCELL( _EQ058 $  GND);
  _EQ058 =  TC0 &  TC1 & !YD10
         #  TC0 &  TC1 & !YD9
         #  TC0 & !YD8 & !YD10
         #  TC0 & !YD9 & !YD10
         # !YD8 & !YD9 & !YD10;

-- Node name is '|yblanka2:27|~845~1' from file "yblanka2.tdf" line 117, column 19
-- Equation name is '_LC001', type is buried 
-- synthesized logic cell 
_LC001   = LCELL( _EQ059 $  GND);
  _EQ059 =  TC0 &  TC1 & !TC2 & !YD8 &  YD9 &  YD10 & !YD11
         #  TC0 &  TC1 & !TC2 & !YD8 &  YD9 & !YD10 &  YD11
         #  TC0 &  TC1 & !TC2 & !YD8 & !YD9 &  YD10 &  YD11
         # !TC0 & !TC1 &  TC2 &  YD8 &  YD9 & !YD10 & !YD11
         # !TC0 & !TC1 &  TC2 & !YD8 &  YD9 &  YD10 & !YD11;

-- Node name is '|yblanka2:27|~845~2' from file "yblanka2.tdf" line 117, column 19
-- Equation name is '_LC002', type is buried 
-- synthesized logic cell 
_LC002   = LCELL( _EQ060 $  GND);
  _EQ060 =  TC0 & !TC1 & !TC2 &  YD8 &  YD9 &  YD10
         #  TC0 & !TC1 & !TC2 & !YD8 &  YD10 &  YD11
         # !TC0 &  TC1 & !TC2 &  YD8 &  YD9 & !YD11
         # !TC0 &  TC1 & !TC2 & !YD8 &  YD10 &  YD11
         # !TC0 &  TC1 & !TC2 & !YD9 & !YD10 &  YD11;

-- Node name is '|yblanka2:27|~956~1' from file "yblanka2.tdf" line 126, column 19
-- Equation name is '_LC004', type is buried 
-- synthesized logic cell 
_LC004   = LCELL( _EQ061 $  GND);
  _EQ061 = !TC0 & !TC1 &  TC2 &  YD8 &  YD9 &  YD10 &  YD11
         #  TC0 &  TC1 & !TC2 &  YD8 & !YD9 &  YD10 & !YD11
         #  TC0 & !TC1 & !TC2 &  YD8 &  YD9 & !YD10 & !YD11
         #  TC0 &  TC1 & !TC2 & !YD8 & !YD9 & !YD10 &  YD11
         # !TC0 &  TC1 & !TC2 & !YD8 & !YD9 &  YD10 & !YD11;

-- Node name is '|yblanka2:27|~956~2' from file "yblanka2.tdf" line 126, column 19
-- Equation name is '_LC009', type is buried 
-- synthesized logic cell 
_LC009   = LCELL( _EQ062 $  GND);
  _EQ062 = !TC0 & !TC1 &  TC2 & !YD8 & !YD9 &  YD10 & !YD11
         #  TC1 & !TC2 &  YD8 &  YD9 &  YD10 &  YD11
         #  TC0 & !TC1 & !TC2 & !YD9 &  YD10 &  YD11
         # !TC0 &  TC1 & !TC2 &  YD8 & !YD9 &  YD11
         #  TC0 & !TC2 & !YD8 &  YD9 & !YD10 &  YD11;

-- Node name is '|yblanka2:27|~956~3' from file "yblanka2.tdf" line 126, column 19
-- Equation name is '_LC012', type is buried 
-- synthesized logic cell 
_LC012   = LCELL( _EQ063 $  GND);
  _EQ063 = !TC0 &  TC1 & !TC2 &  YD8 & !YD10 & !YD11
         # !TC0 &  TC1 & !TC2 & !YD8 &  YD9 & !YD10
         # !TC0 & !TC1 &  TC2 &  YD8 & !YD9 & !YD11
         # !TC0 & !TC1 &  TC2 & !YD8 &  YD9 & !YD10
         #  TC0 & !TC2 & !YD8 & !YD9 & !YD10 & !YD11;

-- Node name is '|yblanka2:27|~966~1' from file "yblanka2.tdf" line 129, column 24
-- Equation name is '_LC010', type is buried 
-- synthesized logic cell 
_LC010   = LCELL( _EQ064 $  GND);
  _EQ064 =  TC0 &  TC1 & !TC2 & !YD8 &  YD10 &  YD11
         # !TC0 & !TC1 &  TC2 &  YD8 &  YD9 & !YD11
         # !TC0 &  TC1 & !TC2 &  YD9 &  YD10 & !YD11
         #  TC0 & !TC1 & !TC2 &  YD8 & !YD9 &  YD11
         #  TC0 &  TC1 & !TC2 &  YD8 & !YD10 & !YD11;

-- Node name is '|yblanka2:27|~966~2' from file "yblanka2.tdf" line 129, column 24
-- Equation name is '_LC083', type is buried 
-- synthesized logic cell 
_LC083   = LCELL( _EQ065 $  GND);
  _EQ065 = !TC0 &  TC1 & !TC2 & !YD8 &  YD10 & !YD11
         # !TC0 &  TC1 & !TC2 & !YD8 &  YD9 & !YD11
         # !TC0 & !TC1 &  TC2 & !YD8 & !YD10 &  YD11
         #  TC0 & !TC1 & !TC2 & !YD8 &  YD9
         #  TC0 & !TC1 & !TC2 & !YD8 & !YD10;

-- Node name is '|yblanka2:27|~967~1' from file "yblanka2.tdf" line 129, column 24
-- Equation name is '_LC087', type is buried 
-- synthesized logic cell 
_LC087   = LCELL( _EQ066 $  GND);
  _EQ066 =  TC1 & !TC2 &  YD8 &  YD9 &  YD10
         #  TC0 & !TC2 & !YD8 &  YD9 &  YD11
         #  TC0 &  TC1 & !TC2 & !YD9 & !YD10
         #  TC0 &  TC1 & !TC2 & !YD8 & !YD10
         # !TC2 & !YD8 &  YD9 & !YD10 &  YD11;

-- Node name is '|yblanka2:27|~968~1' from file "yblanka2.tdf" line 129, column 24
-- Equation name is '_LC090', type is buried 
-- synthesized logic cell 
_LC090   = LCELL( _EQ067 $  GND);
  _EQ067 =  TC0 &  TC1 & !TC2 &  YD9 &  YD10 &  YD11
         #  TC0 & !TC2 &  YD8 &  YD9 & !YD10 & !YD11
         #  TC1 & !TC2 & !YD8 &  YD9 &  YD10
         #  TC0 &  TC1 & !TC2 & !YD9 & !YD11
         #  TC0 &  TC1 & !TC2 & !YD10 & !YD11;



--     Shareable expanders that are duplicated in multiple LABs:
--    _X021 occurs in LABs ----E--H
--    _X040 occurs in LABs A-C-----
--    _X043 occurs in LABs --C---G-
--    _X045 occurs in LABs --C---G-




Project Information                              c:\max2work\8631\anlv71v3.rpt

** COMPILATION SETTINGS & TIMES **

Processing Menu Commands
------------------------

Design Doctor                             = off

Logic Synthesis:

   Synthesis Type Used                    = Standard

   Default Synthesis Style                = NORMAL

      Logic option settings in 'NORMAL' style for 'MAX7000' family

      DECOMPOSE_GATES                     = on
      DUPLICATE_LOGIC_EXTRACTION          = on
      MINIMIZATION                        = full
      MULTI_LEVEL_FACTORING               = on
      NOT_GATE_PUSH_BACK                  = on
      PARALLEL_EXPANDERS                  = off
      REDUCE_LOGIC                        = on
      REFACTORIZATION                     = on
      REGISTER_OPTIMIZATION               = on
      RESYNTHESIZE_NETWORK                = on
      SLOW_SLEW_RATE                      = off
      SOFT_BUFFER_INSERTION               = on
      SUBFACTOR_EXTRACTION                = on
      TURBO_BIT                           = on
      XOR_SYNTHESIS                       = on
      IGNORE_SOFT_BUFFERS                 = on
      USE_LPM_FOR_AHDL_OPERATORS          = off

   Other logic synthesis settings:

      Automatic Global Clock              = on
      Automatic Global Clear              = on
      Automatic Global Preset             = on
      Automatic Global Output Enable      = on
      Automatic I/O Cell Registers        = off
      Automatic Register Packing          = off
      Automatic Open-Drain Pins           = on
      Automatic Implement in EAB          = off
      One-Hot State Machine Encoding      = off
      Optimize                            = 5

Default Timing Specifications: None

Cut All Bidir Feedback Timing Paths       = on
Cut All Clear & Preset Timing Paths       = on

Ignore Timing Assignments                 = on

Functional SNF Extractor                  = off

Linked SNF Extractor                      = off
Timing SNF Extractor                      = on
Optimize Timing SNF                       = off
Generate AHDL TDO File                    = off
Fitter Settings                           = NORMAL
Smart Recompile                           = off
Total Recompile                           = off

Interface Menu Commands
-----------------------

EDIF Netlist Writer                       = off
Verilog Netlist Writer                    = off
VHDL Netlist Writer                       = off

Compilation Times
-----------------

   Compiler Netlist Extractor             00:00:04
   Database Builder                       00:00:02
   Logic Synthesizer                      00:00:04
   Partitioner                            00:00:01
   Fitter                                 00:00:04
   Timing SNF Extractor                   00:00:01
   Assembler                              00:00:00
   --------------------------             --------
   Total Time                             00:00:16


Memory Allocated
-----------------

Peak memory allocated during compilation  = 4,809K
