# Xilinx CORE Generator 6.3.03i
# User = Administrator
Initializing default project...
Loading plug-ins...
All runtime messages will be recorded in F:\PT8612\VHDL\xilinx\sdigen\sdigenerator\coregen.log
# lockprojectprops=false
# busformat=BusFormatAngleBracketNotRipped
# designflow=VHDL
# expandedprojectpath=F:\PT8612\VHDL\xilinx\sdigen\sdigenerator
# flowvendor=Foundation_iSE
# formalverification=None
# simulationoutputproducts=Verilog VHDL
# xilinxfamily=Virtex4
# outputoption=OutputProducts
# overwritefiles=true
# simvendor=ModelSim
# expandedprojectpath=F:\PT8612\VHDL\xilinx\sdigen\sdigenerator
SETPROJECT .
Set current Project to F:\PT8612\VHDL\xilinx\sdigen\sdigenerator
SET BusFormat = BusFormatAngleBracketNotRipped
SETXIPCPORTHOST 1592
XIPCPJSENDCORES virtex4
