4008 109 85690  SB

PART NO.              DESCRIPTION                      QTY NAME

4008-100-70650        SMD 1%, 15K                        2 R119-120
4008-002-06270        MAX810M                            1 V105
2222-581-16641        100N,X7R 1206                     47 C111-112
                                                           C116-117
                                                           C121-131
                                                           C139-148
                                                           C418-421
                                                           C426
                                                           C430-440
                                                           C505-510
2222-581-16641        100N,X7R 1206                     32 C18
                                                           C132
                                                           C401-405
                                                           C413-414
                                                           C417
                                                           C422
                                                           C425
                                                           C441
                                                           C501-504
                                                           C511-512
                                                           C514-516
                                                           C548-551
                                                           C587-588
                                                           C591
                                                           C593
                                                           C629-630
4008-100-70410        SMD 1%, 100                       34 R109-112
                                                           R423-428
                                                           R431-441
                                                           R461
                                                           R521-524
                                                           R541-544
                                                           R561-564
4008-002-04730        PCF8574T                           1 V107
2222-861-15279        27P,NP0 0805                       5 C102-103
                                                           C307
                                                           C309-310
4008-100-70490        SMD 1%, 681                        1 R108
9337-135-60112        74HC573D                           3 V104
                                                           V114
                                                           V201
9337-155-20112        74HC574D                           3 V108
                                                           V202
                                                           V303
4008-100-70510        SMD 1%, 1K                        31 R107
                                                           R116
                                                           R121-124
                                                           R126
                                                           R201-204
                                                           R216-219
                                                           R301
                                                           R306
                                                           R340-342
                                                           R345
                                                           R402
                                                           R404
                                                           R411
                                                           R442-447
                                                           R452
9337-134-00112        74HC138D                           1 V109
9350-233-60112        PCB80C31BH                         1 V103
4008-102-20210        EPF6016TC144-3                     2 V113
                                                           V406
4008-100-70630        SMD 1%, 10K                        5 R125
                                                           R429-430
                                                           R460
                                                           R534
2222-861-15101        100P,NP0 5% 0805                   2 C14
                                                           C446
4008-100-70670        SMD 1%, 22K1                       1 R117
4008-100-70790        SMD 1%, 221K                       1 R211
4008-100-70750        SMD 1%, 100K                       3 R210
                                                           R212-213
2222-863-15102        1N,NP0 5% 1206                     2 C207
                                                           C423
4008-100-70370        SMD 1%, 47R5                       4 R205-208
9337-148-30112        74HC4052T                          1 V1
9335-896-30215        BC848B                             1 Q401
9335-896-30215        BC848B                             1 Q403
9337-147-80112        74HC4040D                          1 V318
9337-143-10112        74HC32D                            1 V313
9337-133-80112        74HC74D                            2 V316-317
4008-100-70550        SMD 1%, 2K21                       2 R313-314
2222-683-09228        2P2,NP0 P25                        1 C303
9337-133-60112        74HC00D                            4 V110
                                                           V311
                                                           V315
                                                           V319
9337-142-70112        74HC08D                            2 V312
                                                           V314
4008-100-70520        SMD 1%, 1K21                       7 R302
                                                           R408-409
                                                           R451
                                                           R501-503
4008-100-70590        SMD 1%, 4K75                       5 R303
                                                           R307
                                                           R538
                                                           R554-555
9339-074-10682        LF353M                             3 V307-308
                                                           V320
4008-100-70530        SMD 1%, 1K5                        1 R305
4008-100-70580        SMD 1%, 3K92                       1 R343
4008-100-70880        SMD 1%, 75                        11 R405-406
                                                           R504-506
                                                           R532-533
                                                           R550-551
                                                           R570-571
4008-100-70420        SMD 1%, 121                        1 R407
2222-861-15479        47P,NP0 0805                       3 C411-412
                                                           C543
9332-061-59682        GS9007                             1 V405
9322-061-57682        GS9005A                            1 V403
2222-861-15568        5P6,NP0 0805                       1 C415
4008-100-70600        SMD 1%, 5K62                       1 R410
4008-100-70470        SMD 1%, 392                        4 R412-415
4008-100-70210        SMD 1%, 150                        7 R418-421
                                                           R510-512
4008-100-70390        SMD 1%, 68R1                       1 R422
2222-861-15188        1P8,NP0 0805                       1 C428
4008-101-90070        SOL 6U8,20V                        1 C427
9339-800-30682        LM337L                             1 V402
9332-153-70215        BAV99                              1 D401
9322-061-58682        GS9000                             1 V404
2222-580-16627        10N,X7R 0805                       1 C424
4008-100-70360        SMD 1%, 39R2                       2 R416-417
4008-100-70460        SMD 1%, 332                       14 R401
                                                           R403
                                                           R519-520
                                                           R526-527
                                                           R539-540
                                                           R547-548
                                                           R559-560
                                                           R567-568
9338-512-70682        DAC-08ED                           1 V407
4008-100-70560        SMD 1%, 2K67                       3 R448
                                                           R455
                                                           R457
4008-100-70570        SMD 1%, 3K32                       1 R449
4008-100-70500        SMD 1%, 825                        3 R450
                                                           R453
                                                           R456
4008-100-70160        SMD 1%, 562                        1 R454
2222-580-16623        4N7,X7R 0805                       1 C443
2222-861-15228        2P2,NP0 0805                       1 C442
2222-861-15181        180P,NP0 0805                      3 C444-445
                                                           C532
2222-861-15399        39P,NP0 0805                       2 C429
                                                           C533
9335-897-90215        BC858B                             1 Q402
4008-002-05500        MAX4102                            6 V503-508
4008-100-70440        SMD 1%, 221                        3 R525
                                                           R545
                                                           R565
4008-100-70430        SMD 1%, 182                       15 R513-515
                                                           R528-531
                                                           R546
                                                           R549
                                                           R552-553
                                                           R566
                                                           R569
                                                           R572-573
2222-861-15101        100P,NP0 5% 0805                   2 C520
                                                           C525
2222-863-18101        100P,NP0 1% 1206                  11 C521-522
                                                           C526-527
                                                           C561-562
                                                           C567
                                                           C601-602
                                                           C606-607
2222-863-18102        1N,NP0 1% 1206                     8 C523
                                                           C530
                                                           C570
                                                           C574
                                                           C578
                                                           C610
                                                           C614
                                                           C618
2222-861-15561        560P,NP0 0805                     17 C524
                                                           C528
                                                           C534
                                                           C538
                                                           C547
                                                           C560
                                                           C564
                                                           C568
                                                           C571
                                                           C579
                                                           C589
                                                           C600
                                                           C604
                                                           C608
                                                           C611
                                                           C619
                                                           C627
2222-863-18222        2N2,NP0 1% 1206                    5 C529
                                                           C563
                                                           C569
                                                           C603
                                                           C609
2222-861-15221        220P,NP0 0805                      5 C531
                                                           C539
                                                           C581
                                                           C583
                                                           C621
2222-861-15271        270P,NP0 0805                      6 C535
                                                           C542
                                                           C572
                                                           C580
                                                           C612
                                                           C620
2222-861-15151        150P,NP0 0805                      3 C536
                                                           C565
                                                           C605
2222-861-15189        18P,NP0 0805                       3 C537
                                                           C577
                                                           C617
2222-861-15121        120P,NP0 0805                      1 C540
2222-861-15109        10P,NP0 0805                       1 C541
2222-861-15478        4P7,NP0 0805                       3 C544
                                                           C584
                                                           C624
2222-861-15569        56P,NP0 0805                       3 C545
                                                           C585
                                                           C625
2222-861-15331        330P,NP0 0805                      8 C546
                                                           C576
                                                           C582
                                                           C592
                                                           C616
                                                           C622-623
                                                           C628
2222-863-15681        680P,NP0 1206                      2 C575
                                                           C615
2222-861-15829        82P,NP0 0805                       2 C573
                                                           C613
4008-102-20370        HI3050                             1 V501
4008-100-70540        SMD 1%, 1K82                       3 R535-537
4008-102-20390        ADR291                             1 V502

