Post Processor Report
OrCAD FILE: F:\PT8616\PCB\REV3_PCB\GENLOCK-63.MAX
Wed May 07 12:44:39 2008

*********************************************************

Output file: F:\PT8616\PCB\REV3_PCB\GENLOCK-63.TOP

Aperture totals for F:\PT8616\PCB\REV3_PCB\GENLOCK-63.TOP:
---------------------------------------------------------
D10:  0.0780 x 0.0600 RECTANGLE -----      68 Flashes
D11:  0.0600 x 0.0780 RECTANGLE -----      26 Flashes
D12:  0.0780 SQUARE --       0 Draws,       4 Flashes
D13:  0.0630 x 0.0980 RECTANGLE -----      24 Flashes
D14:  0.0980 x 0.0630 RECTANGLE -----       2 Flashes
D15:  0.1500 x 0.1000 RECTANGLE -----       1 Flashes
D16:  0.2677 x 0.1200 RECTANGLE -----       2 Flashes
D17:  0.0630 ROUND  --       0 Draws,      10 Flashes
D18:  0.0374 x 0.0256 RECTANGLE -----       3 Flashes
D19:  0.0374 x 0.0433 RECTANGLE -----       1 Flashes
D20:  0.2750 ROUND  --       0 Draws,       8 Flashes
D21:  0.0110 x 0.0700 OBLONG    -----      46 Flashes
D22:  0.0110 x 0.0700 RECTANGLE -----       4 Flashes
D23:  0.0700 x 0.0110 OBLONG    -----      45 Flashes
D24:  0.0700 x 0.0110 RECTANGLE -----       5 Flashes
D25:  0.0147 x 0.0453 RECTANGLE -----      16 Flashes
D26:  0.0453 x 0.0147 RECTANGLE -----      16 Flashes
D27:  0.0740 x 0.0240 OBLONG    -----       4 Flashes
D28:  0.0740 x 0.0240 RECTANGLE -----      28 Flashes
D29:  0.0787 x 0.0315 RECTANGLE -----      28 Flashes
D30:  0.0500 x 0.0138 RECTANGLE -----      48 Flashes
D31:  0.0600 x 0.0160 RECTANGLE -----      14 Flashes
D32:  0.0600 x 0.0160 OBLONG    -----       2 Flashes
D33:  0.0138 x 0.0500 RECTANGLE -----      20 Flashes
D34:  0.0500 x 0.0800 RECTANGLE -----      20 Flashes
D35:  0.0800 x 0.0500 RECTANGLE -----      21 Flashes
D36:  0.0750 x 0.0500 RECTANGLE -----       1 Flashes
D37:  0.0240 x 0.0740 OBLONG    -----       1 Flashes
D38:  0.0240 x 0.0740 RECTANGLE -----       7 Flashes
D39:  0.0620 ROUND  --       0 Draws,      30 Flashes
D40:  0.0800 ROUND  --       0 Draws,       1 Flashes
D41:  0.0700 ROUND  --       0 Draws,       9 Flashes
D42:  0.0700 SQUARE --       0 Draws,       1 Flashes
D43:  0.0450 x 0.0650 RECTANGLE -----      14 Flashes
D44:  0.0620 SQUARE --       0 Draws,       2 Flashes
D45:  0.0492 x 0.0394 RECTANGLE -----       6 Flashes
D46:  0.2756 x 0.1575 RECTANGLE -----       2 Flashes
D47:  0.0394 x 0.0492 RECTANGLE -----       2 Flashes
D48:  0.2600 x 0.3500 RECTANGLE -----       2 Flashes
D49:  0.0600 x 0.0400 RECTANGLE -----       6 Flashes
D50:  0.3500 x 0.2600 RECTANGLE -----       1 Flashes
D51:  0.0400 x 0.0600 RECTANGLE -----       3 Flashes
D52:  0.0787 ROUND  --       0 Draws,      14 Flashes
D53:  0.0650 x 0.0780 RECTANGLE -----       6 Flashes
D54:  0.0580 ROUND  --       0 Draws,       4 Flashes
D55:  0.0280 ROUND  --       0 Draws,     222 Flashes
D56:  0.0079 ROUND  --    4781 Draws,       0 Flashes
D57:  0.0100 ROUND  --     561 Draws,       0 Flashes
D58:  0.0080 ROUND  --    1196 Draws,       7 Flashes
D59:  0.0280 ROUND  --       0 Draws,     245 Flashes
D60:  0.0160 ROUND  --      49 Draws,       0 Flashes
D61:  0.0200 ROUND  --       2 Draws,       0 Flashes
D62:  0.0150 ROUND  --       4 Draws,       0 Flashes
D63:  0.0280 ROUND  --       0 Draws,       2 Flashes
---------------------------------------------------------
 54 D-Codes      -----    6593 Draws,    1054 Flashes

*********************************************************

Output file: F:\PT8616\PCB\REV3_PCB\GENLOCK-63.BOT

Aperture totals for F:\PT8616\PCB\REV3_PCB\GENLOCK-63.BOT:
---------------------------------------------------------
D56:  0.0079 ROUND  --    1895 Draws,       0 Flashes
D57:  0.0100 ROUND  --     164 Draws,       0 Flashes
D58:  0.0080 ROUND  --     597 Draws,       3 Flashes
D59:  0.0280 ROUND  --       0 Draws,     241 Flashes
D63:  0.0280 ROUND  --       0 Draws,       6 Flashes
D64:  0.1299 x 0.0197 RECTANGLE -----       2 Flashes
D65:  0.0780 x 0.0600 RECTANGLE -----      50 Flashes
D66:  0.0600 x 0.0780 RECTANGLE -----      40 Flashes
D67:  0.0980 x 0.0630 RECTANGLE -----       2 Flashes
D68:  0.2677 x 0.1200 RECTANGLE -----       2 Flashes
D69:  0.0630 ROUND  --       0 Draws,      10 Flashes
D70:  0.2750 ROUND  --       0 Draws,       8 Flashes
D71:  0.0620 ROUND  --       0 Draws,      30 Flashes
D72:  0.0800 ROUND  --       0 Draws,       1 Flashes
D73:  0.0700 ROUND  --       0 Draws,       9 Flashes
D74:  0.0700 SQUARE --       0 Draws,       1 Flashes
D75:  0.0450 x 0.0650 RECTANGLE -----      14 Flashes
D76:  0.0620 SQUARE --       0 Draws,       2 Flashes
D77:  0.0394 x 0.0492 RECTANGLE -----       4 Flashes
D78:  0.0492 x 0.0394 RECTANGLE -----       2 Flashes
D79:  0.0787 ROUND  --       0 Draws,      14 Flashes
D80:  0.0580 ROUND  --       0 Draws,       4 Flashes
D81:  0.0280 ROUND  --       0 Draws,     222 Flashes
---------------------------------------------------------
 23 D-Codes      -----    2656 Draws,     667 Flashes

*********************************************************

Output file: F:\PT8616\PCB\REV3_PCB\GENLOCK-63.GND

Aperture totals for F:\PT8616\PCB\REV3_PCB\GENLOCK-63.GND:
---------------------------------------------------------
D56:  0.0079 ROUND  --   14681 Draws,       0 Flashes
D57:  0.0100 ROUND  --    1133 Draws,       0 Flashes
D63:  0.0280 ROUND  --       0 Draws,      94 Flashes
D71:  0.0620 ROUND  --       0 Draws,       2 Flashes
D72:  0.0800 ROUND  --       0 Draws,      10 Flashes
D75:  0.0450 x 0.0650 RECTANGLE -----      14 Flashes
D79:  0.0787 ROUND  --       0 Draws,      14 Flashes
D81:  0.0280 ROUND  --       0 Draws,     222 Flashes
D82:  0.0610 ROUND  --       0 Draws,      10 Flashes
D83:  0.2850 ROUND  --       0 Draws,       8 Flashes
D84:  0.0720 ROUND  --       0 Draws,      20 Flashes
D85:  0.0900 ROUND  --       0 Draws,       1 Flashes
D86:  0.0820 ROUND  --       0 Draws,       4 Flashes
D87:  0.0820 SQUARE --       0 Draws,       2 Flashes
D88:  0.0618 ROUND  --       0 Draws,       4 Flashes
D89:  0.0579 ROUND  --       0 Draws,       4 Flashes
D90:  0.0020 ROUND  --       9 Draws,       0 Flashes
D91:  0.0280 ROUND  --       0 Draws,     153 Flashes
---------------------------------------------------------
 18 D-Codes      -----   15823 Draws,     562 Flashes

*********************************************************

Output file: F:\PT8616\PCB\REV3_PCB\GENLOCK-63.PWR

Aperture totals for F:\PT8616\PCB\REV3_PCB\GENLOCK-63.PWR:
---------------------------------------------------------
D56:  0.0079 ROUND  --   16229 Draws,       0 Flashes
D57:  0.0100 ROUND  --     508 Draws,       0 Flashes
D58:  0.0080 ROUND  --      32 Draws,       0 Flashes
D59:  0.0280 ROUND  --       0 Draws,     183 Flashes
D60:  0.0160 ROUND  --      18 Draws,       1 Flashes
D63:  0.0280 ROUND  --       0 Draws,      61 Flashes
D71:  0.0620 ROUND  --       0 Draws,       2 Flashes
D72:  0.0800 ROUND  --       0 Draws,      10 Flashes
D75:  0.0450 x 0.0650 RECTANGLE -----      14 Flashes
D79:  0.0787 ROUND  --       0 Draws,      14 Flashes
D81:  0.0280 ROUND  --       0 Draws,     222 Flashes
D82:  0.0610 ROUND  --       0 Draws,      10 Flashes
D83:  0.2850 ROUND  --       0 Draws,       8 Flashes
D84:  0.0720 ROUND  --       0 Draws,      20 Flashes
D85:  0.0900 ROUND  --       0 Draws,       1 Flashes
D86:  0.0820 ROUND  --       0 Draws,       4 Flashes
D87:  0.0820 SQUARE --       0 Draws,       2 Flashes
D88:  0.0618 ROUND  --       0 Draws,       4 Flashes
D89:  0.0579 ROUND  --       0 Draws,       4 Flashes
D90:  0.0020 ROUND  --       9 Draws,       0 Flashes
D91:  0.0280 ROUND  --       0 Draws,       3 Flashes
D92:  0.0157 ROUND  --       7 Draws,       0 Flashes
---------------------------------------------------------
 22 D-Codes      -----   16803 Draws,     563 Flashes

*********************************************************

Output file: F:\PT8616\PCB\REV3_PCB\GENLOCK-63.SMT

Aperture totals for F:\PT8616\PCB\REV3_PCB\GENLOCK-63.SMT:
---------------------------------------------------------
D68:  0.2677 x 0.1200 RECTANGLE -----       2 Flashes
D71:  0.0620 ROUND  --       0 Draws,       4 Flashes
D76:  0.0620 SQUARE --       0 Draws,       2 Flashes
D80:  0.0580 ROUND  --       0 Draws,       4 Flashes
D82:  0.0610 ROUND  --       0 Draws,      10 Flashes
D84:  0.0720 ROUND  --       0 Draws,       9 Flashes
D86:  0.0820 ROUND  --       0 Draws,       1 Flashes
D93:  0.0800 x 0.0620 RECTANGLE -----      68 Flashes
D94:  0.0620 x 0.0800 RECTANGLE -----      26 Flashes
D95:  0.0800 SQUARE --       0 Draws,       4 Flashes
D96:  0.0650 x 0.1000 RECTANGLE -----      24 Flashes
D97:  0.1000 x 0.0650 RECTANGLE -----       2 Flashes
D98:  0.1500 x 0.1000 RECTANGLE -----       1 Flashes
D99:  0.0413 x 0.0295 RECTANGLE -----       3 Flashes
D100: 0.0413 x 0.0472 RECTANGLE -----       1 Flashes
D101: 0.2770 ROUND  --       0 Draws,       8 Flashes
D102: 0.0110 x 0.0700 OBLONG    -----      46 Flashes
D103: 0.0110 x 0.0700 RECTANGLE -----       4 Flashes
D104: 0.0700 x 0.0110 OBLONG    -----      45 Flashes
D105: 0.0700 x 0.0110 RECTANGLE -----       5 Flashes
D106: 0.0167 x 0.0473 RECTANGLE -----      16 Flashes
D107: 0.0473 x 0.0167 RECTANGLE -----      16 Flashes
D108: 0.0760 x 0.0260 OBLONG    -----       4 Flashes
D109: 0.0760 x 0.0260 RECTANGLE -----      28 Flashes
D110: 0.0827 x 0.0354 RECTANGLE -----      28 Flashes
D111: 0.0520 x 0.0158 RECTANGLE -----      48 Flashes
D112: 0.0620 x 0.0180 RECTANGLE -----      14 Flashes
D113: 0.0620 x 0.0180 OBLONG    -----       2 Flashes
D114: 0.0158 x 0.0520 RECTANGLE -----      20 Flashes
D115: 0.0500 x 0.0800 RECTANGLE -----      20 Flashes
D116: 0.0800 x 0.0500 RECTANGLE -----      21 Flashes
D117: 0.0750 x 0.0500 RECTANGLE -----       1 Flashes
D118: 0.0260 x 0.0760 OBLONG    -----       1 Flashes
D119: 0.0260 x 0.0760 RECTANGLE -----       7 Flashes
D120: 0.0640 ROUND  --       0 Draws,      20 Flashes
D121: 0.0720 SQUARE --       0 Draws,       1 Flashes
D122: 0.0470 x 0.0670 RECTANGLE -----      14 Flashes
D123: 0.0670 ROUND  --       0 Draws,       6 Flashes
D124: 0.0512 x 0.0414 RECTANGLE -----       6 Flashes
D125: 0.2756 x 0.1575 RECTANGLE -----       2 Flashes
D126: 0.0414 x 0.0512 RECTANGLE -----       2 Flashes
D127: 0.2620 x 0.3520 RECTANGLE -----       2 Flashes
D128: 0.0620 x 0.0420 RECTANGLE -----       6 Flashes
D129: 0.3520 x 0.2620 RECTANGLE -----       1 Flashes
D130: 0.0420 x 0.0620 RECTANGLE -----       3 Flashes
D131: 0.0866 ROUND  --       0 Draws,      14 Flashes
D132: 0.0670 x 0.0800 RECTANGLE -----       6 Flashes
D133: 0.0320 ROUND  --       0 Draws,     222 Flashes
D134: 0.0320 ROUND  --       0 Draws,     137 Flashes
D135: 0.0320 ROUND  --       0 Draws,     110 Flashes
---------------------------------------------------------
 50 D-Codes      -----       0 Draws,    1047 Flashes

*********************************************************

Output file: F:\PT8616\PCB\REV3_PCB\GENLOCK-63.SMB

Aperture totals for F:\PT8616\PCB\REV3_PCB\GENLOCK-63.SMB:
---------------------------------------------------------
D64:  0.1299 x 0.0197 RECTANGLE -----       2 Flashes
D68:  0.2677 x 0.1200 RECTANGLE -----       2 Flashes
D71:  0.0620 ROUND  --       0 Draws,       4 Flashes
D76:  0.0620 SQUARE --       0 Draws,       2 Flashes
D80:  0.0580 ROUND  --       0 Draws,       4 Flashes
D82:  0.0610 ROUND  --       0 Draws,      10 Flashes
D84:  0.0720 ROUND  --       0 Draws,       9 Flashes
D86:  0.0820 ROUND  --       0 Draws,       1 Flashes
D93:  0.0800 x 0.0620 RECTANGLE -----      50 Flashes
D94:  0.0620 x 0.0800 RECTANGLE -----      40 Flashes
D97:  0.1000 x 0.0650 RECTANGLE -----       2 Flashes
D101: 0.2770 ROUND  --       0 Draws,       8 Flashes
D120: 0.0640 ROUND  --       0 Draws,      20 Flashes
D121: 0.0720 SQUARE --       0 Draws,       1 Flashes
D122: 0.0470 x 0.0670 RECTANGLE -----      14 Flashes
D123: 0.0670 ROUND  --       0 Draws,       6 Flashes
D124: 0.0512 x 0.0414 RECTANGLE -----       2 Flashes
D126: 0.0414 x 0.0512 RECTANGLE -----       4 Flashes
D131: 0.0866 ROUND  --       0 Draws,      14 Flashes
D133: 0.0320 ROUND  --       0 Draws,     222 Flashes
D134: 0.0320 ROUND  --       0 Draws,     137 Flashes
D135: 0.0320 ROUND  --       0 Draws,     110 Flashes
---------------------------------------------------------
 22 D-Codes      -----       0 Draws,     664 Flashes

*********************************************************

Output file: F:\PT8616\PCB\REV3_PCB\GENLOCK-63.SPT

Aperture totals for F:\PT8616\PCB\REV3_PCB\GENLOCK-63.SPT:
---------------------------------------------------------
D65:  0.0780 x 0.0600 RECTANGLE -----      68 Flashes
D66:  0.0600 x 0.0780 RECTANGLE -----      26 Flashes
D67:  0.0980 x 0.0630 RECTANGLE -----       2 Flashes
D68:  0.2677 x 0.1200 RECTANGLE -----       2 Flashes
D77:  0.0394 x 0.0492 RECTANGLE -----       2 Flashes
D78:  0.0492 x 0.0394 RECTANGLE -----       6 Flashes
D98:  0.1500 x 0.1000 RECTANGLE -----       1 Flashes
D99:  0.0413 x 0.0295 RECTANGLE -----       3 Flashes
D102: 0.0110 x 0.0700 OBLONG    -----      46 Flashes
D103: 0.0110 x 0.0700 RECTANGLE -----       4 Flashes
D104: 0.0700 x 0.0110 OBLONG    -----      45 Flashes
D105: 0.0700 x 0.0110 RECTANGLE -----       5 Flashes
D115: 0.0500 x 0.0800 RECTANGLE -----      20 Flashes
D116: 0.0800 x 0.0500 RECTANGLE -----      21 Flashes
D117: 0.0750 x 0.0500 RECTANGLE -----       1 Flashes
D125: 0.2756 x 0.1575 RECTANGLE -----       2 Flashes
D132: 0.0670 x 0.0800 RECTANGLE -----       6 Flashes
D136: 0.0780 SQUARE --       0 Draws,       4 Flashes
D137: 0.0630 x 0.0980 RECTANGLE -----      24 Flashes
D138: 0.0374 x 0.0433 RECTANGLE -----       1 Flashes
D139: 0.0147 x 0.0453 RECTANGLE -----      16 Flashes
D140: 0.0453 x 0.0147 RECTANGLE -----      16 Flashes
D141: 0.0740 x 0.0240 OBLONG    -----       4 Flashes
D142: 0.0740 x 0.0240 RECTANGLE -----      28 Flashes
D143: 0.0787 x 0.0315 RECTANGLE -----      28 Flashes
D144: 0.0500 x 0.0138 RECTANGLE -----      48 Flashes
D145: 0.0600 x 0.0160 RECTANGLE -----      14 Flashes
D146: 0.0600 x 0.0160 OBLONG    -----       2 Flashes
D147: 0.0138 x 0.0500 RECTANGLE -----      20 Flashes
D148: 0.0240 x 0.0740 OBLONG    -----       1 Flashes
D149: 0.0240 x 0.0740 RECTANGLE -----       7 Flashes
D150: 0.2600 x 0.3500 RECTANGLE -----       2 Flashes
D151: 0.0600 x 0.0400 RECTANGLE -----       6 Flashes
D152: 0.3500 x 0.2600 RECTANGLE -----       1 Flashes
D153: 0.0400 x 0.0600 RECTANGLE -----       3 Flashes
D154: 0.0010 ROUND  --       4 Draws,       0 Flashes
---------------------------------------------------------
 36 D-Codes      -----       4 Draws,     485 Flashes

*********************************************************

Output file: F:\PT8616\PCB\REV3_PCB\GENLOCK-63.SPB

Aperture totals for F:\PT8616\PCB\REV3_PCB\GENLOCK-63.SPB:
---------------------------------------------------------
D64:  0.1299 x 0.0197 RECTANGLE -----       2 Flashes
D65:  0.0780 x 0.0600 RECTANGLE -----      50 Flashes
D66:  0.0600 x 0.0780 RECTANGLE -----      40 Flashes
D67:  0.0980 x 0.0630 RECTANGLE -----       2 Flashes
D68:  0.2677 x 0.1200 RECTANGLE -----       2 Flashes
D77:  0.0394 x 0.0492 RECTANGLE -----       4 Flashes
D78:  0.0492 x 0.0394 RECTANGLE -----       2 Flashes
---------------------------------------------------------
  7 D-Codes      -----       0 Draws,     102 Flashes

*********************************************************

Output file: F:\PT8616\PCB\REV3_PCB\GENLOCK-63.SST

Aperture totals for F:\PT8616\PCB\REV3_PCB\GENLOCK-63.SST:
---------------------------------------------------------
D56:  0.0079 ROUND  --       2 Draws,       0 Flashes
D57:  0.0100 ROUND  --     438 Draws,       0 Flashes
D58:  0.0080 ROUND  --     267 Draws,       0 Flashes
D154: 0.0010 ROUND  --       9 Draws,       0 Flashes
D155: 0.0468 x 0.0669 RECTANGLE -----      14 Flashes
D156: 0.0120 ROUND  --      78 Draws,       0 Flashes
D157: 0.0060 ROUND  --    1561 Draws,       0 Flashes
D158: 0.0118 ROUND  --      13 Draws,       0 Flashes
D159: 0.0059 ROUND  --      53 Draws,       0 Flashes
---------------------------------------------------------
  9 D-Codes      -----    2421 Draws,      14 Flashes

*********************************************************

Output file: F:\PT8616\PCB\REV3_PCB\GENLOCK-63.SSB

Aperture totals for F:\PT8616\PCB\REV3_PCB\GENLOCK-63.SSB:
---------------------------------------------------------
D57:  0.0100 ROUND  --     376 Draws,       0 Flashes
D58:  0.0080 ROUND  --     232 Draws,       0 Flashes
D155: 0.0468 x 0.0669 RECTANGLE -----      14 Flashes
D156: 0.0120 ROUND  --      10 Draws,       0 Flashes
D157: 0.0060 ROUND  --     909 Draws,       0 Flashes
D159: 0.0059 ROUND  --     436 Draws,       0 Flashes
D160: 0.0050 ROUND  --       8 Draws,       0 Flashes
D161: 0.0040 ROUND  --       6 Draws,       0 Flashes
---------------------------------------------------------
  8 D-Codes      -----    1977 Draws,      14 Flashes

*********************************************************

Output file: F:\PT8616\PCB\REV3_PCB\GENLOCK-63.DRD

Aperture totals for F:\PT8616\PCB\REV3_PCB\GENLOCK-63.DRD:
---------------------------------------------------------
D57:  0.0100 ROUND  --   12541 Draws,       0 Flashes
D90:  0.0020 ROUND  --       9 Draws,       0 Flashes
---------------------------------------------------------
  2 D-Codes      -----   12550 Draws,       0 Flashes

*********************************************************

Output file: F:\PT8616\PCB\REV3_PCB\GENLOCK-63.CTR

Aperture totals for F:\PT8616\PCB\REV3_PCB\GENLOCK-63.CTR:
---------------------------------------------------------
D90:  0.0020 ROUND  --       9 Draws,       0 Flashes
---------------------------------------------------------
  1 D-Codes      -----       9 Draws,       0 Flashes


*********************************************************

Aperture totals for entire project:
---------------------------------------------------------
D10:  0.0780 x 0.0600 RECTANGLE -----      68 Flashes
D11:  0.0600 x 0.0780 RECTANGLE -----      26 Flashes
D12:  0.0780 SQUARE --       0 Draws,       4 Flashes
D13:  0.0630 x 0.0980 RECTANGLE -----      24 Flashes
D14:  0.0980 x 0.0630 RECTANGLE -----       2 Flashes
D15:  0.1500 x 0.1000 RECTANGLE -----       1 Flashes
D16:  0.2677 x 0.1200 RECTANGLE -----       2 Flashes
D17:  0.0630 ROUND  --       0 Draws,      10 Flashes
D18:  0.0374 x 0.0256 RECTANGLE -----       3 Flashes
D19:  0.0374 x 0.0433 RECTANGLE -----       1 Flashes
D20:  0.2750 ROUND  --       0 Draws,       8 Flashes
D21:  0.0110 x 0.0700 OBLONG    -----      46 Flashes
D22:  0.0110 x 0.0700 RECTANGLE -----       4 Flashes
D23:  0.0700 x 0.0110 OBLONG    -----      45 Flashes
D24:  0.0700 x 0.0110 RECTANGLE -----       5 Flashes
D25:  0.0147 x 0.0453 RECTANGLE -----      16 Flashes
D26:  0.0453 x 0.0147 RECTANGLE -----      16 Flashes
D27:  0.0740 x 0.0240 OBLONG    -----       4 Flashes
D28:  0.0740 x 0.0240 RECTANGLE -----      28 Flashes
D29:  0.0787 x 0.0315 RECTANGLE -----      28 Flashes
D30:  0.0500 x 0.0138 RECTANGLE -----      48 Flashes
D31:  0.0600 x 0.0160 RECTANGLE -----      14 Flashes
D32:  0.0600 x 0.0160 OBLONG    -----       2 Flashes
D33:  0.0138 x 0.0500 RECTANGLE -----      20 Flashes
D34:  0.0500 x 0.0800 RECTANGLE -----      20 Flashes
D35:  0.0800 x 0.0500 RECTANGLE -----      21 Flashes
D36:  0.0750 x 0.0500 RECTANGLE -----       1 Flashes
D37:  0.0240 x 0.0740 OBLONG    -----       1 Flashes
D38:  0.0240 x 0.0740 RECTANGLE -----       7 Flashes
D39:  0.0620 ROUND  --       0 Draws,      30 Flashes
D40:  0.0800 ROUND  --       0 Draws,       1 Flashes
D41:  0.0700 ROUND  --       0 Draws,       9 Flashes
D42:  0.0700 SQUARE --       0 Draws,       1 Flashes
D43:  0.0450 x 0.0650 RECTANGLE -----      14 Flashes
D44:  0.0620 SQUARE --       0 Draws,       2 Flashes
D45:  0.0492 x 0.0394 RECTANGLE -----       6 Flashes
D46:  0.2756 x 0.1575 RECTANGLE -----       2 Flashes
D47:  0.0394 x 0.0492 RECTANGLE -----       2 Flashes
D48:  0.2600 x 0.3500 RECTANGLE -----       2 Flashes
D49:  0.0600 x 0.0400 RECTANGLE -----       6 Flashes
D50:  0.3500 x 0.2600 RECTANGLE -----       1 Flashes
D51:  0.0400 x 0.0600 RECTANGLE -----       3 Flashes
D52:  0.0787 ROUND  --       0 Draws,      14 Flashes
D53:  0.0650 x 0.0780 RECTANGLE -----       6 Flashes
D54:  0.0580 ROUND  --       0 Draws,       4 Flashes
D55:  0.0280 ROUND  --       0 Draws,     222 Flashes
D56:  0.0079 ROUND  --   37588 Draws,       0 Flashes
D57:  0.0100 ROUND  --   15721 Draws,       0 Flashes
D58:  0.0080 ROUND  --    2324 Draws,      10 Flashes
D59:  0.0280 ROUND  --       0 Draws,     669 Flashes
D60:  0.0160 ROUND  --      67 Draws,       1 Flashes
D61:  0.0200 ROUND  --       2 Draws,       0 Flashes
D62:  0.0150 ROUND  --       4 Draws,       0 Flashes
D63:  0.0280 ROUND  --       0 Draws,     163 Flashes
D64:  0.1299 x 0.0197 RECTANGLE -----       6 Flashes
D65:  0.0780 x 0.0600 RECTANGLE -----     168 Flashes
D66:  0.0600 x 0.0780 RECTANGLE -----     106 Flashes
D67:  0.0980 x 0.0630 RECTANGLE -----       6 Flashes
D68:  0.2677 x 0.1200 RECTANGLE -----      10 Flashes
D69:  0.0630 ROUND  --       0 Draws,      10 Flashes
D70:  0.2750 ROUND  --       0 Draws,       8 Flashes
D71:  0.0620 ROUND  --       0 Draws,      42 Flashes
D72:  0.0800 ROUND  --       0 Draws,      21 Flashes
D73:  0.0700 ROUND  --       0 Draws,       9 Flashes
D74:  0.0700 SQUARE --       0 Draws,       1 Flashes
D75:  0.0450 x 0.0650 RECTANGLE -----      42 Flashes
D76:  0.0620 SQUARE --       0 Draws,       6 Flashes
D77:  0.0394 x 0.0492 RECTANGLE -----      10 Flashes
D78:  0.0492 x 0.0394 RECTANGLE -----      10 Flashes
D79:  0.0787 ROUND  --       0 Draws,      42 Flashes
D80:  0.0580 ROUND  --       0 Draws,      12 Flashes
D81:  0.0280 ROUND  --       0 Draws,     666 Flashes
D82:  0.0610 ROUND  --       0 Draws,      40 Flashes
D83:  0.2850 ROUND  --       0 Draws,      16 Flashes
D84:  0.0720 ROUND  --       0 Draws,      58 Flashes
D85:  0.0900 ROUND  --       0 Draws,       2 Flashes
D86:  0.0820 ROUND  --       0 Draws,      10 Flashes
D87:  0.0820 SQUARE --       0 Draws,       4 Flashes
D88:  0.0618 ROUND  --       0 Draws,       8 Flashes
D89:  0.0579 ROUND  --       0 Draws,       8 Flashes
D90:  0.0020 ROUND  --      36 Draws,       0 Flashes
D91:  0.0280 ROUND  --       0 Draws,     156 Flashes
D92:  0.0157 ROUND  --       7 Draws,       0 Flashes
D93:  0.0800 x 0.0620 RECTANGLE -----     118 Flashes
D94:  0.0620 x 0.0800 RECTANGLE -----      66 Flashes
D95:  0.0800 SQUARE --       0 Draws,       4 Flashes
D96:  0.0650 x 0.1000 RECTANGLE -----      24 Flashes
D97:  0.1000 x 0.0650 RECTANGLE -----       4 Flashes
D98:  0.1500 x 0.1000 RECTANGLE -----       2 Flashes
D99:  0.0413 x 0.0295 RECTANGLE -----       6 Flashes
D100: 0.0413 x 0.0472 RECTANGLE -----       1 Flashes
D101: 0.2770 ROUND  --       0 Draws,      16 Flashes
D102: 0.0110 x 0.0700 OBLONG    -----      92 Flashes
D103: 0.0110 x 0.0700 RECTANGLE -----       8 Flashes
D104: 0.0700 x 0.0110 OBLONG    -----      90 Flashes
D105: 0.0700 x 0.0110 RECTANGLE -----      10 Flashes
D106: 0.0167 x 0.0473 RECTANGLE -----      16 Flashes
D107: 0.0473 x 0.0167 RECTANGLE -----      16 Flashes
D108: 0.0760 x 0.0260 OBLONG    -----       4 Flashes
D109: 0.0760 x 0.0260 RECTANGLE -----      28 Flashes
D110: 0.0827 x 0.0354 RECTANGLE -----      28 Flashes
D111: 0.0520 x 0.0158 RECTANGLE -----      48 Flashes
D112: 0.0620 x 0.0180 RECTANGLE -----      14 Flashes
D113: 0.0620 x 0.0180 OBLONG    -----       2 Flashes
D114: 0.0158 x 0.0520 RECTANGLE -----      20 Flashes
D115: 0.0500 x 0.0800 RECTANGLE -----      40 Flashes
D116: 0.0800 x 0.0500 RECTANGLE -----      42 Flashes
D117: 0.0750 x 0.0500 RECTANGLE -----       2 Flashes
D118: 0.0260 x 0.0760 OBLONG    -----       1 Flashes
D119: 0.0260 x 0.0760 RECTANGLE -----       7 Flashes
D120: 0.0640 ROUND  --       0 Draws,      40 Flashes
D121: 0.0720 SQUARE --       0 Draws,       2 Flashes
D122: 0.0470 x 0.0670 RECTANGLE -----      28 Flashes
D123: 0.0670 ROUND  --       0 Draws,      12 Flashes
D124: 0.0512 x 0.0414 RECTANGLE -----       8 Flashes
D125: 0.2756 x 0.1575 RECTANGLE -----       4 Flashes
D126: 0.0414 x 0.0512 RECTANGLE -----       6 Flashes
D127: 0.2620 x 0.3520 RECTANGLE -----       2 Flashes
D128: 0.0620 x 0.0420 RECTANGLE -----       6 Flashes
D129: 0.3520 x 0.2620 RECTANGLE -----       1 Flashes
D130: 0.0420 x 0.0620 RECTANGLE -----       3 Flashes
D131: 0.0866 ROUND  --       0 Draws,      28 Flashes
D132: 0.0670 x 0.0800 RECTANGLE -----      12 Flashes
D133: 0.0320 ROUND  --       0 Draws,     444 Flashes
D134: 0.0320 ROUND  --       0 Draws,     274 Flashes
D135: 0.0320 ROUND  --       0 Draws,     220 Flashes
D136: 0.0780 SQUARE --       0 Draws,       4 Flashes
D137: 0.0630 x 0.0980 RECTANGLE -----      24 Flashes
D138: 0.0374 x 0.0433 RECTANGLE -----       1 Flashes
D139: 0.0147 x 0.0453 RECTANGLE -----      16 Flashes
D140: 0.0453 x 0.0147 RECTANGLE -----      16 Flashes
D141: 0.0740 x 0.0240 OBLONG    -----       4 Flashes
D142: 0.0740 x 0.0240 RECTANGLE -----      28 Flashes
D143: 0.0787 x 0.0315 RECTANGLE -----      28 Flashes
D144: 0.0500 x 0.0138 RECTANGLE -----      48 Flashes
D145: 0.0600 x 0.0160 RECTANGLE -----      14 Flashes
D146: 0.0600 x 0.0160 OBLONG    -----       2 Flashes
D147: 0.0138 x 0.0500 RECTANGLE -----      20 Flashes
D148: 0.0240 x 0.0740 OBLONG    -----       1 Flashes
D149: 0.0240 x 0.0740 RECTANGLE -----       7 Flashes
D150: 0.2600 x 0.3500 RECTANGLE -----       2 Flashes
D151: 0.0600 x 0.0400 RECTANGLE -----       6 Flashes
D152: 0.3500 x 0.2600 RECTANGLE -----       1 Flashes
D153: 0.0400 x 0.0600 RECTANGLE -----       3 Flashes
D154: 0.0010 ROUND  --      13 Draws,       0 Flashes
D155: 0.0468 x 0.0669 RECTANGLE -----      28 Flashes
D156: 0.0120 ROUND  --      88 Draws,       0 Flashes
D157: 0.0060 ROUND  --    2470 Draws,       0 Flashes
D158: 0.0118 ROUND  --      13 Draws,       0 Flashes
D159: 0.0059 ROUND  --     489 Draws,       0 Flashes
D160: 0.0050 ROUND  --       8 Draws,       0 Flashes
D161: 0.0040 ROUND  --       6 Draws,       0 Flashes
---------------------------------------------------------
152 D-Codes      -----   58836 Draws,    5172 Flashes


No warnings or errors.
