Release 7.1.04i Map H.42
Xilinx Mapping Report File for Design 'hd_gen_module'

Design Information
------------------
Command Line   : C:/Xilinx/bin/nt/map.exe -ise
f:\pt8612\vhdl\xilinx\jkhd\SDHD_module_v3.ise -intstyle ise -p xc2vp20-ff896-5
-cm area -pr b -k 4 -c 100 -tx off -o hd_gen_module_map.ncd hd_gen_module.ngd
hd_gen_module.pcf 
Target Device  : xc2vp20
Target Package : ff896
Target Speed   : -5
Mapper Version : virtex2p -- $Revision: 1.26.6.4 $
Mapped Date    : Mon Apr 03 12:45:52 2006

Design Summary
--------------
Number of errors:      0
Number of warnings:    5
Logic Utilization:
  Number of Slice Flip Flops:       6,637 out of  18,560   35%
  Number of 4 input LUTs:          10,095 out of  18,560   54%
Logic Distribution:
  Number of occupied Slices:        6,426 out of   9,280   69%
  Number of Slices containing only related logic:   6,426 out of   6,426  100%
  Number of Slices containing unrelated logic:          0 out of   6,426    0%
        *See NOTES below for an explanation of the effects of unrelated logic
Total Number 4 input LUTs:         10,302 out of  18,560   55%
  Number used as logic:            10,095
  Number used as a route-thru:        207

  Number of bonded IOBs:               31 out of     556    5%
    IOB Flip Flops:                     8
    IOB Master Pads:                    2
    IOB Slave Pads:                     2
  Number of PPC405s:                   0 out of       2    0%
  Number of GTIPADs:                   8 out of      16   50%
  Number of GTOPADs:                   8 out of      16   50%
  Number of Block RAMs:                 4 out of      88    4%
  Number of MULT18X18s:                24 out of      88   27%
  Number of GCLKs:                      6 out of      16   37%
  Number of GTs:                        4 out of       8   50%
  Number of GT10s:                      0 out of       0    0%

Total equivalent gate count for design:  480,970
Additional JTAG gate count for IOBs:  1,488
Peak Memory Usage:  278 MB

NOTES:

   Related logic is defined as being logic that shares connectivity - e.g. two
   LUTs are "related" if they share common inputs.  When assembling slices,
   Map gives priority to combine logic that is related.  Doing so results in
   the best timing performance.

   Unrelated logic shares no connectivity.  Map will only begin packing
   unrelated logic into a slice once 99% of the slices are occupied through
   related logic packing.

   Note that once logic distribution reaches the 99% level through related
   logic packing, this does not mean the device is completely utilized.
   Unrelated logic packing will then begin, continuing until all usable LUTs
   and FFs are occupied.  Depending on your timing budget, increased levels of
   unrelated logic packing may adversely affect the overall timing performance
   of your design.

Table of Contents
-----------------
Section 1 - Errors
Section 2 - Warnings
Section 3 - Informational
Section 4 - Removed Logic Summary
Section 5 - Removed Logic
Section 6 - IOB Properties
Section 7 - RPMs
Section 8 - Guide Report
Section 9 - Area Group Summary
Section 10 - Modular Design Summary
Section 11 - Timing Report
Section 12 - Configuration String Information
Section 13 - Additional Device Resource Counts

Section 1 - Errors
------------------

Section 2 - Warnings
--------------------
WARNING:LIT:243 - Logical network refclk_n_i has no load.
WARNING:LIT:374 - The above warning message base_net_load_rule is repeated 332
   more times for the following (max. 5 shown):
   refclk2_n_i,
   refclk_p_i,
   refclk2_p_i,
   debug_o<9>,
   debug_o<8>
   To see the details of these warning messages, please use the -detail switch.
WARNING:PhysDesignRules:367 - The signal <cs2_i_IBUF> is incomplete. The signal
   does not drive any load pins in the design.
WARNING:PhysDesignRules:367 - The signal <cs3_i_IBUF> is incomplete. The signal
   does not drive any load pins in the design.
WARNING:PhysDesignRules:367 - The signal <cs4_i_IBUF> is incomplete. The signal
   does not drive any load pins in the design.

Section 3 - Informational
-------------------------
INFO:MapLib:562 - No environment variables are currently set.
INFO:MapLib:535 - The following Virtex BUFG(s) is/are being retargetted to
   Virtex2 BUFGMUX(s) with input tied to I0 and Select pin tied to constant 0:
   BUFG symbol "clk1_for_logic" (output signal=clk1),
   BUFG symbol "clk2_for_logic" (output signal=clk2)
INFO:LIT:244 - All of the single ended outputs in this design are using slew
   rate limited output drivers. The delay on speed critical single ended outputs
   can be dramatically reduced by designating them as fast outputs in the
   schematic.

Section 4 - Removed Logic Summary
---------------------------------
   4 block(s) removed
   6 block(s) optimized away
 316 signal(s) removed

Section 5 - Removed Logic
-------------------------

The trimmed logic report below shows the logic removed from your design due to
sourceless or loadless signals, and VCC or ground connections.  If the removal
of a signal or symbol results in the subsequent removal of an additional signal
or symbol, the message explaining that second removal will be indented.  This
indentation will be repeated as a chain of related logic is removed.

To quickly locate the original cause for the removal of a chain of logic, look
above the place where that logic is listed in the trimming report, then locate
the lines that are least indented (begin at the leftmost edge).

The signal
"HD_Gen_Channel_1/video_generator_instance/rocket_io_inst/serial_data_output/GT_
CUSTOM_INST/CHBONDDONE" is sourceless and has been removed.
The signal
"HD_Gen_Channel_1/video_generator_instance/rocket_io_inst/serial_data_output/GT_
CUSTOM_INST/CHBONDO<3>" is sourceless and has been removed.
The signal
"HD_Gen_Channel_1/video_generator_instance/rocket_io_inst/serial_data_output/GT_
CUSTOM_INST/CHBONDO<2>" is sourceless and has been removed.
The signal
"HD_Gen_Channel_1/video_generator_instance/rocket_io_inst/serial_data_output/GT_
CUSTOM_INST/CHBONDO<1>" is sourceless and has been removed.
The signal
"HD_Gen_Channel_1/video_generator_instance/rocket_io_inst/serial_data_output/GT_
CUSTOM_INST/CHBONDO<0>" is sourceless and has been removed.
The signal
"HD_Gen_Channel_1/video_generator_instance/rocket_io_inst/serial_data_output/GT_
CUSTOM_INST/CONFIGOUT" is sourceless and has been removed.
The signal
"HD_Gen_Channel_1/video_generator_instance/rocket_io_inst/serial_data_output/GT_
CUSTOM_INST/RXBUFSTATUS<1>" is sourceless and has been removed.
The signal
"HD_Gen_Channel_1/video_generator_instance/rocket_io_inst/serial_data_output/GT_
CUSTOM_INST/RXBUFSTATUS<0>" is sourceless and has been removed.
The signal
"HD_Gen_Channel_1/video_generator_instance/rocket_io_inst/serial_data_output/GT_
CUSTOM_INST/RXCHARISCOMMA<3>" is sourceless and has been removed.
The signal
"HD_Gen_Channel_1/video_generator_instance/rocket_io_inst/serial_data_output/GT_
CUSTOM_INST/RXCHARISCOMMA<2>" is sourceless and has been removed.
The signal
"HD_Gen_Channel_1/video_generator_instance/rocket_io_inst/serial_data_output/GT_
CUSTOM_INST/RXCHARISCOMMA<1>" is sourceless and has been removed.
The signal
"HD_Gen_Channel_1/video_generator_instance/rocket_io_inst/serial_data_output/GT_
CUSTOM_INST/RXCHARISCOMMA<0>" is sourceless and has been removed.
The signal
"HD_Gen_Channel_1/video_generator_instance/rocket_io_inst/serial_data_output/GT_
CUSTOM_INST/RXCHARISK<3>" is sourceless and has been removed.
The signal
"HD_Gen_Channel_1/video_generator_instance/rocket_io_inst/serial_data_output/GT_
CUSTOM_INST/RXCHARISK<2>" is sourceless and has been removed.
The signal
"HD_Gen_Channel_1/video_generator_instance/rocket_io_inst/serial_data_output/GT_
CUSTOM_INST/RXCHARISK<1>" is sourceless and has been removed.
The signal
"HD_Gen_Channel_1/video_generator_instance/rocket_io_inst/serial_data_output/GT_
CUSTOM_INST/RXCHARISK<0>" is sourceless and has been removed.
The signal
"HD_Gen_Channel_1/video_generator_instance/rocket_io_inst/serial_data_output/GT_
CUSTOM_INST/RXCHECKINGCRC" is sourceless and has been removed.
The signal
"HD_Gen_Channel_1/video_generator_instance/rocket_io_inst/serial_data_output/GT_
CUSTOM_INST/RXCLKCORCNT<2>" is sourceless and has been removed.
The signal
"HD_Gen_Channel_1/video_generator_instance/rocket_io_inst/serial_data_output/GT_
CUSTOM_INST/RXCLKCORCNT<1>" is sourceless and has been removed.
The signal
"HD_Gen_Channel_1/video_generator_instance/rocket_io_inst/serial_data_output/GT_
CUSTOM_INST/RXCLKCORCNT<0>" is sourceless and has been removed.
The signal
"HD_Gen_Channel_1/video_generator_instance/rocket_io_inst/serial_data_output/GT_
CUSTOM_INST/RXCOMMADET" is sourceless and has been removed.
The signal
"HD_Gen_Channel_1/video_generator_instance/rocket_io_inst/serial_data_output/GT_
CUSTOM_INST/RXCRCERR" is sourceless and has been removed.
The signal
"HD_Gen_Channel_1/video_generator_instance/rocket_io_inst/serial_data_output/GT_
CUSTOM_INST/RXDATA<31>" is sourceless and has been removed.
The signal
"HD_Gen_Channel_1/video_generator_instance/rocket_io_inst/serial_data_output/GT_
CUSTOM_INST/RXDATA<30>" is sourceless and has been removed.
The signal
"HD_Gen_Channel_1/video_generator_instance/rocket_io_inst/serial_data_output/GT_
CUSTOM_INST/RXDATA<29>" is sourceless and has been removed.
The signal
"HD_Gen_Channel_1/video_generator_instance/rocket_io_inst/serial_data_output/GT_
CUSTOM_INST/RXDATA<28>" is sourceless and has been removed.
The signal
"HD_Gen_Channel_1/video_generator_instance/rocket_io_inst/serial_data_output/GT_
CUSTOM_INST/RXDATA<27>" is sourceless and has been removed.
The signal
"HD_Gen_Channel_1/video_generator_instance/rocket_io_inst/serial_data_output/GT_
CUSTOM_INST/RXDATA<26>" is sourceless and has been removed.
The signal
"HD_Gen_Channel_1/video_generator_instance/rocket_io_inst/serial_data_output/GT_
CUSTOM_INST/RXDATA<25>" is sourceless and has been removed.
The signal
"HD_Gen_Channel_1/video_generator_instance/rocket_io_inst/serial_data_output/GT_
CUSTOM_INST/RXDATA<24>" is sourceless and has been removed.
The signal
"HD_Gen_Channel_1/video_generator_instance/rocket_io_inst/serial_data_output/GT_
CUSTOM_INST/RXDATA<23>" is sourceless and has been removed.
The signal
"HD_Gen_Channel_1/video_generator_instance/rocket_io_inst/serial_data_output/GT_
CUSTOM_INST/RXDATA<22>" is sourceless and has been removed.
The signal
"HD_Gen_Channel_1/video_generator_instance/rocket_io_inst/serial_data_output/GT_
CUSTOM_INST/RXDATA<21>" is sourceless and has been removed.
The signal
"HD_Gen_Channel_1/video_generator_instance/rocket_io_inst/serial_data_output/GT_
CUSTOM_INST/RXDATA<20>" is sourceless and has been removed.
The signal
"HD_Gen_Channel_1/video_generator_instance/rocket_io_inst/serial_data_output/GT_
CUSTOM_INST/RXDATA<19>" is sourceless and has been removed.
The signal
"HD_Gen_Channel_1/video_generator_instance/rocket_io_inst/serial_data_output/GT_
CUSTOM_INST/RXDATA<18>" is sourceless and has been removed.
The signal
"HD_Gen_Channel_1/video_generator_instance/rocket_io_inst/serial_data_output/GT_
CUSTOM_INST/RXDATA<17>" is sourceless and has been removed.
The signal
"HD_Gen_Channel_1/video_generator_instance/rocket_io_inst/serial_data_output/GT_
CUSTOM_INST/RXDATA<16>" is sourceless and has been removed.
The signal
"HD_Gen_Channel_1/video_generator_instance/rocket_io_inst/serial_data_output/GT_
CUSTOM_INST/RXDATA<15>" is sourceless and has been removed.
The signal
"HD_Gen_Channel_1/video_generator_instance/rocket_io_inst/serial_data_output/GT_
CUSTOM_INST/RXDATA<14>" is sourceless and has been removed.
The signal
"HD_Gen_Channel_1/video_generator_instance/rocket_io_inst/serial_data_output/GT_
CUSTOM_INST/RXDATA<13>" is sourceless and has been removed.
The signal
"HD_Gen_Channel_1/video_generator_instance/rocket_io_inst/serial_data_output/GT_
CUSTOM_INST/RXDATA<12>" is sourceless and has been removed.
The signal
"HD_Gen_Channel_1/video_generator_instance/rocket_io_inst/serial_data_output/GT_
CUSTOM_INST/RXDATA<11>" is sourceless and has been removed.
The signal
"HD_Gen_Channel_1/video_generator_instance/rocket_io_inst/serial_data_output/GT_
CUSTOM_INST/RXDATA<10>" is sourceless and has been removed.
The signal
"HD_Gen_Channel_1/video_generator_instance/rocket_io_inst/serial_data_output/GT_
CUSTOM_INST/RXDATA<9>" is sourceless and has been removed.
The signal
"HD_Gen_Channel_1/video_generator_instance/rocket_io_inst/serial_data_output/GT_
CUSTOM_INST/RXDATA<8>" is sourceless and has been removed.
The signal
"HD_Gen_Channel_1/video_generator_instance/rocket_io_inst/serial_data_output/GT_
CUSTOM_INST/RXDATA<7>" is sourceless and has been removed.
The signal
"HD_Gen_Channel_1/video_generator_instance/rocket_io_inst/serial_data_output/GT_
CUSTOM_INST/RXDATA<6>" is sourceless and has been removed.
The signal
"HD_Gen_Channel_1/video_generator_instance/rocket_io_inst/serial_data_output/GT_
CUSTOM_INST/RXDATA<5>" is sourceless and has been removed.
The signal
"HD_Gen_Channel_1/video_generator_instance/rocket_io_inst/serial_data_output/GT_
CUSTOM_INST/RXDATA<4>" is sourceless and has been removed.
The signal
"HD_Gen_Channel_1/video_generator_instance/rocket_io_inst/serial_data_output/GT_
CUSTOM_INST/RXDATA<3>" is sourceless and has been removed.
The signal
"HD_Gen_Channel_1/video_generator_instance/rocket_io_inst/serial_data_output/GT_
CUSTOM_INST/RXDATA<2>" is sourceless and has been removed.
The signal
"HD_Gen_Channel_1/video_generator_instance/rocket_io_inst/serial_data_output/GT_
CUSTOM_INST/RXDATA<1>" is sourceless and has been removed.
The signal
"HD_Gen_Channel_1/video_generator_instance/rocket_io_inst/serial_data_output/GT_
CUSTOM_INST/RXDATA<0>" is sourceless and has been removed.
The signal
"HD_Gen_Channel_1/video_generator_instance/rocket_io_inst/serial_data_output/GT_
CUSTOM_INST/RXDISPERR<3>" is sourceless and has been removed.
The signal
"HD_Gen_Channel_1/video_generator_instance/rocket_io_inst/serial_data_output/GT_
CUSTOM_INST/RXDISPERR<2>" is sourceless and has been removed.
The signal
"HD_Gen_Channel_1/video_generator_instance/rocket_io_inst/serial_data_output/GT_
CUSTOM_INST/RXDISPERR<1>" is sourceless and has been removed.
The signal
"HD_Gen_Channel_1/video_generator_instance/rocket_io_inst/serial_data_output/GT_
CUSTOM_INST/RXDISPERR<0>" is sourceless and has been removed.
The signal
"HD_Gen_Channel_1/video_generator_instance/rocket_io_inst/serial_data_output/GT_
CUSTOM_INST/RXLOSSOFSYNC<1>" is sourceless and has been removed.
The signal
"HD_Gen_Channel_1/video_generator_instance/rocket_io_inst/serial_data_output/GT_
CUSTOM_INST/RXLOSSOFSYNC<0>" is sourceless and has been removed.
The signal
"HD_Gen_Channel_1/video_generator_instance/rocket_io_inst/serial_data_output/GT_
CUSTOM_INST/RXNOTINTABLE<3>" is sourceless and has been removed.
The signal
"HD_Gen_Channel_1/video_generator_instance/rocket_io_inst/serial_data_output/GT_
CUSTOM_INST/RXNOTINTABLE<2>" is sourceless and has been removed.
The signal
"HD_Gen_Channel_1/video_generator_instance/rocket_io_inst/serial_data_output/GT_
CUSTOM_INST/RXNOTINTABLE<1>" is sourceless and has been removed.
The signal
"HD_Gen_Channel_1/video_generator_instance/rocket_io_inst/serial_data_output/GT_
CUSTOM_INST/RXNOTINTABLE<0>" is sourceless and has been removed.
The signal
"HD_Gen_Channel_1/video_generator_instance/rocket_io_inst/serial_data_output/GT_
CUSTOM_INST/RXREALIGN" is sourceless and has been removed.
The signal
"HD_Gen_Channel_1/video_generator_instance/rocket_io_inst/serial_data_output/GT_
CUSTOM_INST/RXRECCLK" is sourceless and has been removed.
The signal
"HD_Gen_Channel_1/video_generator_instance/rocket_io_inst/serial_data_output/GT_
CUSTOM_INST/RXRUNDISP<3>" is sourceless and has been removed.
The signal
"HD_Gen_Channel_1/video_generator_instance/rocket_io_inst/serial_data_output/GT_
CUSTOM_INST/RXRUNDISP<2>" is sourceless and has been removed.
The signal
"HD_Gen_Channel_1/video_generator_instance/rocket_io_inst/serial_data_output/GT_
CUSTOM_INST/RXRUNDISP<1>" is sourceless and has been removed.
The signal
"HD_Gen_Channel_1/video_generator_instance/rocket_io_inst/serial_data_output/GT_
CUSTOM_INST/RXRUNDISP<0>" is sourceless and has been removed.
The signal
"HD_Gen_Channel_1/video_generator_instance/rocket_io_inst/serial_data_output/GT_
CUSTOM_INST/TXBUFERR" is sourceless and has been removed.
The signal
"HD_Gen_Channel_1/video_generator_instance/rocket_io_inst/serial_data_output/GT_
CUSTOM_INST/TXKERR<3>" is sourceless and has been removed.
The signal
"HD_Gen_Channel_1/video_generator_instance/rocket_io_inst/serial_data_output/GT_
CUSTOM_INST/TXKERR<2>" is sourceless and has been removed.
The signal
"HD_Gen_Channel_1/video_generator_instance/rocket_io_inst/serial_data_output/GT_
CUSTOM_INST/TXKERR<1>" is sourceless and has been removed.
The signal
"HD_Gen_Channel_1/video_generator_instance/rocket_io_inst/serial_data_output/GT_
CUSTOM_INST/TXKERR<0>" is sourceless and has been removed.
The signal
"HD_Gen_Channel_1/video_generator_instance/rocket_io_inst/serial_data_output/GT_
CUSTOM_INST/TXRUNDISP<3>" is sourceless and has been removed.
The signal
"HD_Gen_Channel_1/video_generator_instance/rocket_io_inst/serial_data_output/GT_
CUSTOM_INST/TXRUNDISP<2>" is sourceless and has been removed.
The signal
"HD_Gen_Channel_1/video_generator_instance/rocket_io_inst/serial_data_output/GT_
CUSTOM_INST/TXRUNDISP<1>" is sourceless and has been removed.
The signal
"HD_Gen_Channel_1/video_generator_instance/rocket_io_inst/serial_data_output/GT_
CUSTOM_INST/TXRUNDISP<0>" is sourceless and has been removed.
The signal
"HD_Gen_Channel_2/video_generator_instance/rocket_io_inst/serial_data_output/GT_
CUSTOM_INST/CHBONDDONE" is sourceless and has been removed.
The signal
"HD_Gen_Channel_2/video_generator_instance/rocket_io_inst/serial_data_output/GT_
CUSTOM_INST/CHBONDO<3>" is sourceless and has been removed.
The signal
"HD_Gen_Channel_2/video_generator_instance/rocket_io_inst/serial_data_output/GT_
CUSTOM_INST/CHBONDO<2>" is sourceless and has been removed.
The signal
"HD_Gen_Channel_2/video_generator_instance/rocket_io_inst/serial_data_output/GT_
CUSTOM_INST/CHBONDO<1>" is sourceless and has been removed.
The signal
"HD_Gen_Channel_2/video_generator_instance/rocket_io_inst/serial_data_output/GT_
CUSTOM_INST/CHBONDO<0>" is sourceless and has been removed.
The signal
"HD_Gen_Channel_2/video_generator_instance/rocket_io_inst/serial_data_output/GT_
CUSTOM_INST/CONFIGOUT" is sourceless and has been removed.
The signal
"HD_Gen_Channel_2/video_generator_instance/rocket_io_inst/serial_data_output/GT_
CUSTOM_INST/RXBUFSTATUS<1>" is sourceless and has been removed.
The signal
"HD_Gen_Channel_2/video_generator_instance/rocket_io_inst/serial_data_output/GT_
CUSTOM_INST/RXBUFSTATUS<0>" is sourceless and has been removed.
The signal
"HD_Gen_Channel_2/video_generator_instance/rocket_io_inst/serial_data_output/GT_
CUSTOM_INST/RXCHARISCOMMA<3>" is sourceless and has been removed.
The signal
"HD_Gen_Channel_2/video_generator_instance/rocket_io_inst/serial_data_output/GT_
CUSTOM_INST/RXCHARISCOMMA<2>" is sourceless and has been removed.
The signal
"HD_Gen_Channel_2/video_generator_instance/rocket_io_inst/serial_data_output/GT_
CUSTOM_INST/RXCHARISCOMMA<1>" is sourceless and has been removed.
The signal
"HD_Gen_Channel_2/video_generator_instance/rocket_io_inst/serial_data_output/GT_
CUSTOM_INST/RXCHARISCOMMA<0>" is sourceless and has been removed.
The signal
"HD_Gen_Channel_2/video_generator_instance/rocket_io_inst/serial_data_output/GT_
CUSTOM_INST/RXCHARISK<3>" is sourceless and has been removed.
The signal
"HD_Gen_Channel_2/video_generator_instance/rocket_io_inst/serial_data_output/GT_
CUSTOM_INST/RXCHARISK<2>" is sourceless and has been removed.
The signal
"HD_Gen_Channel_2/video_generator_instance/rocket_io_inst/serial_data_output/GT_
CUSTOM_INST/RXCHARISK<1>" is sourceless and has been removed.
The signal
"HD_Gen_Channel_2/video_generator_instance/rocket_io_inst/serial_data_output/GT_
CUSTOM_INST/RXCHARISK<0>" is sourceless and has been removed.
The signal
"HD_Gen_Channel_2/video_generator_instance/rocket_io_inst/serial_data_output/GT_
CUSTOM_INST/RXCHECKINGCRC" is sourceless and has been removed.
The signal
"HD_Gen_Channel_2/video_generator_instance/rocket_io_inst/serial_data_output/GT_
CUSTOM_INST/RXCLKCORCNT<2>" is sourceless and has been removed.
The signal
"HD_Gen_Channel_2/video_generator_instance/rocket_io_inst/serial_data_output/GT_
CUSTOM_INST/RXCLKCORCNT<1>" is sourceless and has been removed.
The signal
"HD_Gen_Channel_2/video_generator_instance/rocket_io_inst/serial_data_output/GT_
CUSTOM_INST/RXCLKCORCNT<0>" is sourceless and has been removed.
The signal
"HD_Gen_Channel_2/video_generator_instance/rocket_io_inst/serial_data_output/GT_
CUSTOM_INST/RXCOMMADET" is sourceless and has been removed.
The signal
"HD_Gen_Channel_2/video_generator_instance/rocket_io_inst/serial_data_output/GT_
CUSTOM_INST/RXCRCERR" is sourceless and has been removed.
The signal
"HD_Gen_Channel_2/video_generator_instance/rocket_io_inst/serial_data_output/GT_
CUSTOM_INST/RXDATA<31>" is sourceless and has been removed.
The signal
"HD_Gen_Channel_2/video_generator_instance/rocket_io_inst/serial_data_output/GT_
CUSTOM_INST/RXDATA<30>" is sourceless and has been removed.
The signal
"HD_Gen_Channel_2/video_generator_instance/rocket_io_inst/serial_data_output/GT_
CUSTOM_INST/RXDATA<29>" is sourceless and has been removed.
The signal
"HD_Gen_Channel_2/video_generator_instance/rocket_io_inst/serial_data_output/GT_
CUSTOM_INST/RXDATA<28>" is sourceless and has been removed.
The signal
"HD_Gen_Channel_2/video_generator_instance/rocket_io_inst/serial_data_output/GT_
CUSTOM_INST/RXDATA<27>" is sourceless and has been removed.
The signal
"HD_Gen_Channel_2/video_generator_instance/rocket_io_inst/serial_data_output/GT_
CUSTOM_INST/RXDATA<26>" is sourceless and has been removed.
The signal
"HD_Gen_Channel_2/video_generator_instance/rocket_io_inst/serial_data_output/GT_
CUSTOM_INST/RXDATA<25>" is sourceless and has been removed.
The signal
"HD_Gen_Channel_2/video_generator_instance/rocket_io_inst/serial_data_output/GT_
CUSTOM_INST/RXDATA<24>" is sourceless and has been removed.
The signal
"HD_Gen_Channel_2/video_generator_instance/rocket_io_inst/serial_data_output/GT_
CUSTOM_INST/RXDATA<23>" is sourceless and has been removed.
The signal
"HD_Gen_Channel_2/video_generator_instance/rocket_io_inst/serial_data_output/GT_
CUSTOM_INST/RXDATA<22>" is sourceless and has been removed.
The signal
"HD_Gen_Channel_2/video_generator_instance/rocket_io_inst/serial_data_output/GT_
CUSTOM_INST/RXDATA<21>" is sourceless and has been removed.
The signal
"HD_Gen_Channel_2/video_generator_instance/rocket_io_inst/serial_data_output/GT_
CUSTOM_INST/RXDATA<20>" is sourceless and has been removed.
The signal
"HD_Gen_Channel_2/video_generator_instance/rocket_io_inst/serial_data_output/GT_
CUSTOM_INST/RXDATA<19>" is sourceless and has been removed.
The signal
"HD_Gen_Channel_2/video_generator_instance/rocket_io_inst/serial_data_output/GT_
CUSTOM_INST/RXDATA<18>" is sourceless and has been removed.
The signal
"HD_Gen_Channel_2/video_generator_instance/rocket_io_inst/serial_data_output/GT_
CUSTOM_INST/RXDATA<17>" is sourceless and has been removed.
The signal
"HD_Gen_Channel_2/video_generator_instance/rocket_io_inst/serial_data_output/GT_
CUSTOM_INST/RXDATA<16>" is sourceless and has been removed.
The signal
"HD_Gen_Channel_2/video_generator_instance/rocket_io_inst/serial_data_output/GT_
CUSTOM_INST/RXDATA<15>" is sourceless and has been removed.
The signal
"HD_Gen_Channel_2/video_generator_instance/rocket_io_inst/serial_data_output/GT_
CUSTOM_INST/RXDATA<14>" is sourceless and has been removed.
The signal
"HD_Gen_Channel_2/video_generator_instance/rocket_io_inst/serial_data_output/GT_
CUSTOM_INST/RXDATA<13>" is sourceless and has been removed.
The signal
"HD_Gen_Channel_2/video_generator_instance/rocket_io_inst/serial_data_output/GT_
CUSTOM_INST/RXDATA<12>" is sourceless and has been removed.
The signal
"HD_Gen_Channel_2/video_generator_instance/rocket_io_inst/serial_data_output/GT_
CUSTOM_INST/RXDATA<11>" is sourceless and has been removed.
The signal
"HD_Gen_Channel_2/video_generator_instance/rocket_io_inst/serial_data_output/GT_
CUSTOM_INST/RXDATA<10>" is sourceless and has been removed.
The signal
"HD_Gen_Channel_2/video_generator_instance/rocket_io_inst/serial_data_output/GT_
CUSTOM_INST/RXDATA<9>" is sourceless and has been removed.
The signal
"HD_Gen_Channel_2/video_generator_instance/rocket_io_inst/serial_data_output/GT_
CUSTOM_INST/RXDATA<8>" is sourceless and has been removed.
The signal
"HD_Gen_Channel_2/video_generator_instance/rocket_io_inst/serial_data_output/GT_
CUSTOM_INST/RXDATA<7>" is sourceless and has been removed.
The signal
"HD_Gen_Channel_2/video_generator_instance/rocket_io_inst/serial_data_output/GT_
CUSTOM_INST/RXDATA<6>" is sourceless and has been removed.
The signal
"HD_Gen_Channel_2/video_generator_instance/rocket_io_inst/serial_data_output/GT_
CUSTOM_INST/RXDATA<5>" is sourceless and has been removed.
The signal
"HD_Gen_Channel_2/video_generator_instance/rocket_io_inst/serial_data_output/GT_
CUSTOM_INST/RXDATA<4>" is sourceless and has been removed.
The signal
"HD_Gen_Channel_2/video_generator_instance/rocket_io_inst/serial_data_output/GT_
CUSTOM_INST/RXDATA<3>" is sourceless and has been removed.
The signal
"HD_Gen_Channel_2/video_generator_instance/rocket_io_inst/serial_data_output/GT_
CUSTOM_INST/RXDATA<2>" is sourceless and has been removed.
The signal
"HD_Gen_Channel_2/video_generator_instance/rocket_io_inst/serial_data_output/GT_
CUSTOM_INST/RXDATA<1>" is sourceless and has been removed.
The signal
"HD_Gen_Channel_2/video_generator_instance/rocket_io_inst/serial_data_output/GT_
CUSTOM_INST/RXDATA<0>" is sourceless and has been removed.
The signal
"HD_Gen_Channel_2/video_generator_instance/rocket_io_inst/serial_data_output/GT_
CUSTOM_INST/RXDISPERR<3>" is sourceless and has been removed.
The signal
"HD_Gen_Channel_2/video_generator_instance/rocket_io_inst/serial_data_output/GT_
CUSTOM_INST/RXDISPERR<2>" is sourceless and has been removed.
The signal
"HD_Gen_Channel_2/video_generator_instance/rocket_io_inst/serial_data_output/GT_
CUSTOM_INST/RXDISPERR<1>" is sourceless and has been removed.
The signal
"HD_Gen_Channel_2/video_generator_instance/rocket_io_inst/serial_data_output/GT_
CUSTOM_INST/RXDISPERR<0>" is sourceless and has been removed.
The signal
"HD_Gen_Channel_2/video_generator_instance/rocket_io_inst/serial_data_output/GT_
CUSTOM_INST/RXLOSSOFSYNC<1>" is sourceless and has been removed.
The signal
"HD_Gen_Channel_2/video_generator_instance/rocket_io_inst/serial_data_output/GT_
CUSTOM_INST/RXLOSSOFSYNC<0>" is sourceless and has been removed.
The signal
"HD_Gen_Channel_2/video_generator_instance/rocket_io_inst/serial_data_output/GT_
CUSTOM_INST/RXNOTINTABLE<3>" is sourceless and has been removed.
The signal
"HD_Gen_Channel_2/video_generator_instance/rocket_io_inst/serial_data_output/GT_
CUSTOM_INST/RXNOTINTABLE<2>" is sourceless and has been removed.
The signal
"HD_Gen_Channel_2/video_generator_instance/rocket_io_inst/serial_data_output/GT_
CUSTOM_INST/RXNOTINTABLE<1>" is sourceless and has been removed.
The signal
"HD_Gen_Channel_2/video_generator_instance/rocket_io_inst/serial_data_output/GT_
CUSTOM_INST/RXNOTINTABLE<0>" is sourceless and has been removed.
The signal
"HD_Gen_Channel_2/video_generator_instance/rocket_io_inst/serial_data_output/GT_
CUSTOM_INST/RXREALIGN" is sourceless and has been removed.
The signal
"HD_Gen_Channel_2/video_generator_instance/rocket_io_inst/serial_data_output/GT_
CUSTOM_INST/RXRECCLK" is sourceless and has been removed.
The signal
"HD_Gen_Channel_2/video_generator_instance/rocket_io_inst/serial_data_output/GT_
CUSTOM_INST/RXRUNDISP<3>" is sourceless and has been removed.
The signal
"HD_Gen_Channel_2/video_generator_instance/rocket_io_inst/serial_data_output/GT_
CUSTOM_INST/RXRUNDISP<2>" is sourceless and has been removed.
The signal
"HD_Gen_Channel_2/video_generator_instance/rocket_io_inst/serial_data_output/GT_
CUSTOM_INST/RXRUNDISP<1>" is sourceless and has been removed.
The signal
"HD_Gen_Channel_2/video_generator_instance/rocket_io_inst/serial_data_output/GT_
CUSTOM_INST/RXRUNDISP<0>" is sourceless and has been removed.
The signal
"HD_Gen_Channel_2/video_generator_instance/rocket_io_inst/serial_data_output/GT_
CUSTOM_INST/TXBUFERR" is sourceless and has been removed.
The signal
"HD_Gen_Channel_2/video_generator_instance/rocket_io_inst/serial_data_output/GT_
CUSTOM_INST/TXKERR<3>" is sourceless and has been removed.
The signal
"HD_Gen_Channel_2/video_generator_instance/rocket_io_inst/serial_data_output/GT_
CUSTOM_INST/TXKERR<2>" is sourceless and has been removed.
The signal
"HD_Gen_Channel_2/video_generator_instance/rocket_io_inst/serial_data_output/GT_
CUSTOM_INST/TXKERR<1>" is sourceless and has been removed.
The signal
"HD_Gen_Channel_2/video_generator_instance/rocket_io_inst/serial_data_output/GT_
CUSTOM_INST/TXKERR<0>" is sourceless and has been removed.
The signal
"HD_Gen_Channel_2/video_generator_instance/rocket_io_inst/serial_data_output/GT_
CUSTOM_INST/TXRUNDISP<3>" is sourceless and has been removed.
The signal
"HD_Gen_Channel_2/video_generator_instance/rocket_io_inst/serial_data_output/GT_
CUSTOM_INST/TXRUNDISP<2>" is sourceless and has been removed.
The signal
"HD_Gen_Channel_2/video_generator_instance/rocket_io_inst/serial_data_output/GT_
CUSTOM_INST/TXRUNDISP<1>" is sourceless and has been removed.
The signal
"HD_Gen_Channel_2/video_generator_instance/rocket_io_inst/serial_data_output/GT_
CUSTOM_INST/TXRUNDISP<0>" is sourceless and has been removed.
The signal
"HD_Gen_Channel_3/video_generator_instance/rocket_io_inst/serial_data_output/GT_
CUSTOM_INST/CHBONDDONE" is sourceless and has been removed.
The signal
"HD_Gen_Channel_3/video_generator_instance/rocket_io_inst/serial_data_output/GT_
CUSTOM_INST/CHBONDO<3>" is sourceless and has been removed.
The signal
"HD_Gen_Channel_3/video_generator_instance/rocket_io_inst/serial_data_output/GT_
CUSTOM_INST/CHBONDO<2>" is sourceless and has been removed.
The signal
"HD_Gen_Channel_3/video_generator_instance/rocket_io_inst/serial_data_output/GT_
CUSTOM_INST/CHBONDO<1>" is sourceless and has been removed.
The signal
"HD_Gen_Channel_3/video_generator_instance/rocket_io_inst/serial_data_output/GT_
CUSTOM_INST/CHBONDO<0>" is sourceless and has been removed.
The signal
"HD_Gen_Channel_3/video_generator_instance/rocket_io_inst/serial_data_output/GT_
CUSTOM_INST/CONFIGOUT" is sourceless and has been removed.
The signal
"HD_Gen_Channel_3/video_generator_instance/rocket_io_inst/serial_data_output/GT_
CUSTOM_INST/RXBUFSTATUS<1>" is sourceless and has been removed.
The signal
"HD_Gen_Channel_3/video_generator_instance/rocket_io_inst/serial_data_output/GT_
CUSTOM_INST/RXBUFSTATUS<0>" is sourceless and has been removed.
The signal
"HD_Gen_Channel_3/video_generator_instance/rocket_io_inst/serial_data_output/GT_
CUSTOM_INST/RXCHARISCOMMA<3>" is sourceless and has been removed.
The signal
"HD_Gen_Channel_3/video_generator_instance/rocket_io_inst/serial_data_output/GT_
CUSTOM_INST/RXCHARISCOMMA<2>" is sourceless and has been removed.
The signal
"HD_Gen_Channel_3/video_generator_instance/rocket_io_inst/serial_data_output/GT_
CUSTOM_INST/RXCHARISCOMMA<1>" is sourceless and has been removed.
The signal
"HD_Gen_Channel_3/video_generator_instance/rocket_io_inst/serial_data_output/GT_
CUSTOM_INST/RXCHARISCOMMA<0>" is sourceless and has been removed.
The signal
"HD_Gen_Channel_3/video_generator_instance/rocket_io_inst/serial_data_output/GT_
CUSTOM_INST/RXCHARISK<3>" is sourceless and has been removed.
The signal
"HD_Gen_Channel_3/video_generator_instance/rocket_io_inst/serial_data_output/GT_
CUSTOM_INST/RXCHARISK<2>" is sourceless and has been removed.
The signal
"HD_Gen_Channel_3/video_generator_instance/rocket_io_inst/serial_data_output/GT_
CUSTOM_INST/RXCHARISK<1>" is sourceless and has been removed.
The signal
"HD_Gen_Channel_3/video_generator_instance/rocket_io_inst/serial_data_output/GT_
CUSTOM_INST/RXCHARISK<0>" is sourceless and has been removed.
The signal
"HD_Gen_Channel_3/video_generator_instance/rocket_io_inst/serial_data_output/GT_
CUSTOM_INST/RXCHECKINGCRC" is sourceless and has been removed.
The signal
"HD_Gen_Channel_3/video_generator_instance/rocket_io_inst/serial_data_output/GT_
CUSTOM_INST/RXCLKCORCNT<2>" is sourceless and has been removed.
The signal
"HD_Gen_Channel_3/video_generator_instance/rocket_io_inst/serial_data_output/GT_
CUSTOM_INST/RXCLKCORCNT<1>" is sourceless and has been removed.
The signal
"HD_Gen_Channel_3/video_generator_instance/rocket_io_inst/serial_data_output/GT_
CUSTOM_INST/RXCLKCORCNT<0>" is sourceless and has been removed.
The signal
"HD_Gen_Channel_3/video_generator_instance/rocket_io_inst/serial_data_output/GT_
CUSTOM_INST/RXCOMMADET" is sourceless and has been removed.
The signal
"HD_Gen_Channel_3/video_generator_instance/rocket_io_inst/serial_data_output/GT_
CUSTOM_INST/RXCRCERR" is sourceless and has been removed.
The signal
"HD_Gen_Channel_3/video_generator_instance/rocket_io_inst/serial_data_output/GT_
CUSTOM_INST/RXDATA<31>" is sourceless and has been removed.
The signal
"HD_Gen_Channel_3/video_generator_instance/rocket_io_inst/serial_data_output/GT_
CUSTOM_INST/RXDATA<30>" is sourceless and has been removed.
The signal
"HD_Gen_Channel_3/video_generator_instance/rocket_io_inst/serial_data_output/GT_
CUSTOM_INST/RXDATA<29>" is sourceless and has been removed.
The signal
"HD_Gen_Channel_3/video_generator_instance/rocket_io_inst/serial_data_output/GT_
CUSTOM_INST/RXDATA<28>" is sourceless and has been removed.
The signal
"HD_Gen_Channel_3/video_generator_instance/rocket_io_inst/serial_data_output/GT_
CUSTOM_INST/RXDATA<27>" is sourceless and has been removed.
The signal
"HD_Gen_Channel_3/video_generator_instance/rocket_io_inst/serial_data_output/GT_
CUSTOM_INST/RXDATA<26>" is sourceless and has been removed.
The signal
"HD_Gen_Channel_3/video_generator_instance/rocket_io_inst/serial_data_output/GT_
CUSTOM_INST/RXDATA<25>" is sourceless and has been removed.
The signal
"HD_Gen_Channel_3/video_generator_instance/rocket_io_inst/serial_data_output/GT_
CUSTOM_INST/RXDATA<24>" is sourceless and has been removed.
The signal
"HD_Gen_Channel_3/video_generator_instance/rocket_io_inst/serial_data_output/GT_
CUSTOM_INST/RXDATA<23>" is sourceless and has been removed.
The signal
"HD_Gen_Channel_3/video_generator_instance/rocket_io_inst/serial_data_output/GT_
CUSTOM_INST/RXDATA<22>" is sourceless and has been removed.
The signal
"HD_Gen_Channel_3/video_generator_instance/rocket_io_inst/serial_data_output/GT_
CUSTOM_INST/RXDATA<21>" is sourceless and has been removed.
The signal
"HD_Gen_Channel_3/video_generator_instance/rocket_io_inst/serial_data_output/GT_
CUSTOM_INST/RXDATA<20>" is sourceless and has been removed.
The signal
"HD_Gen_Channel_3/video_generator_instance/rocket_io_inst/serial_data_output/GT_
CUSTOM_INST/RXDATA<19>" is sourceless and has been removed.
The signal
"HD_Gen_Channel_3/video_generator_instance/rocket_io_inst/serial_data_output/GT_
CUSTOM_INST/RXDATA<18>" is sourceless and has been removed.
The signal
"HD_Gen_Channel_3/video_generator_instance/rocket_io_inst/serial_data_output/GT_
CUSTOM_INST/RXDATA<17>" is sourceless and has been removed.
The signal
"HD_Gen_Channel_3/video_generator_instance/rocket_io_inst/serial_data_output/GT_
CUSTOM_INST/RXDATA<16>" is sourceless and has been removed.
The signal
"HD_Gen_Channel_3/video_generator_instance/rocket_io_inst/serial_data_output/GT_
CUSTOM_INST/RXDATA<15>" is sourceless and has been removed.
The signal
"HD_Gen_Channel_3/video_generator_instance/rocket_io_inst/serial_data_output/GT_
CUSTOM_INST/RXDATA<14>" is sourceless and has been removed.
The signal
"HD_Gen_Channel_3/video_generator_instance/rocket_io_inst/serial_data_output/GT_
CUSTOM_INST/RXDATA<13>" is sourceless and has been removed.
The signal
"HD_Gen_Channel_3/video_generator_instance/rocket_io_inst/serial_data_output/GT_
CUSTOM_INST/RXDATA<12>" is sourceless and has been removed.
The signal
"HD_Gen_Channel_3/video_generator_instance/rocket_io_inst/serial_data_output/GT_
CUSTOM_INST/RXDATA<11>" is sourceless and has been removed.
The signal
"HD_Gen_Channel_3/video_generator_instance/rocket_io_inst/serial_data_output/GT_
CUSTOM_INST/RXDATA<10>" is sourceless and has been removed.
The signal
"HD_Gen_Channel_3/video_generator_instance/rocket_io_inst/serial_data_output/GT_
CUSTOM_INST/RXDATA<9>" is sourceless and has been removed.
The signal
"HD_Gen_Channel_3/video_generator_instance/rocket_io_inst/serial_data_output/GT_
CUSTOM_INST/RXDATA<8>" is sourceless and has been removed.
The signal
"HD_Gen_Channel_3/video_generator_instance/rocket_io_inst/serial_data_output/GT_
CUSTOM_INST/RXDATA<7>" is sourceless and has been removed.
The signal
"HD_Gen_Channel_3/video_generator_instance/rocket_io_inst/serial_data_output/GT_
CUSTOM_INST/RXDATA<6>" is sourceless and has been removed.
The signal
"HD_Gen_Channel_3/video_generator_instance/rocket_io_inst/serial_data_output/GT_
CUSTOM_INST/RXDATA<5>" is sourceless and has been removed.
The signal
"HD_Gen_Channel_3/video_generator_instance/rocket_io_inst/serial_data_output/GT_
CUSTOM_INST/RXDATA<4>" is sourceless and has been removed.
The signal
"HD_Gen_Channel_3/video_generator_instance/rocket_io_inst/serial_data_output/GT_
CUSTOM_INST/RXDATA<3>" is sourceless and has been removed.
The signal
"HD_Gen_Channel_3/video_generator_instance/rocket_io_inst/serial_data_output/GT_
CUSTOM_INST/RXDATA<2>" is sourceless and has been removed.
The signal
"HD_Gen_Channel_3/video_generator_instance/rocket_io_inst/serial_data_output/GT_
CUSTOM_INST/RXDATA<1>" is sourceless and has been removed.
The signal
"HD_Gen_Channel_3/video_generator_instance/rocket_io_inst/serial_data_output/GT_
CUSTOM_INST/RXDATA<0>" is sourceless and has been removed.
The signal
"HD_Gen_Channel_3/video_generator_instance/rocket_io_inst/serial_data_output/GT_
CUSTOM_INST/RXDISPERR<3>" is sourceless and has been removed.
The signal
"HD_Gen_Channel_3/video_generator_instance/rocket_io_inst/serial_data_output/GT_
CUSTOM_INST/RXDISPERR<2>" is sourceless and has been removed.
The signal
"HD_Gen_Channel_3/video_generator_instance/rocket_io_inst/serial_data_output/GT_
CUSTOM_INST/RXDISPERR<1>" is sourceless and has been removed.
The signal
"HD_Gen_Channel_3/video_generator_instance/rocket_io_inst/serial_data_output/GT_
CUSTOM_INST/RXDISPERR<0>" is sourceless and has been removed.
The signal
"HD_Gen_Channel_3/video_generator_instance/rocket_io_inst/serial_data_output/GT_
CUSTOM_INST/RXLOSSOFSYNC<1>" is sourceless and has been removed.
The signal
"HD_Gen_Channel_3/video_generator_instance/rocket_io_inst/serial_data_output/GT_
CUSTOM_INST/RXLOSSOFSYNC<0>" is sourceless and has been removed.
The signal
"HD_Gen_Channel_3/video_generator_instance/rocket_io_inst/serial_data_output/GT_
CUSTOM_INST/RXNOTINTABLE<3>" is sourceless and has been removed.
The signal
"HD_Gen_Channel_3/video_generator_instance/rocket_io_inst/serial_data_output/GT_
CUSTOM_INST/RXNOTINTABLE<2>" is sourceless and has been removed.
The signal
"HD_Gen_Channel_3/video_generator_instance/rocket_io_inst/serial_data_output/GT_
CUSTOM_INST/RXNOTINTABLE<1>" is sourceless and has been removed.
The signal
"HD_Gen_Channel_3/video_generator_instance/rocket_io_inst/serial_data_output/GT_
CUSTOM_INST/RXNOTINTABLE<0>" is sourceless and has been removed.
The signal
"HD_Gen_Channel_3/video_generator_instance/rocket_io_inst/serial_data_output/GT_
CUSTOM_INST/RXREALIGN" is sourceless and has been removed.
The signal
"HD_Gen_Channel_3/video_generator_instance/rocket_io_inst/serial_data_output/GT_
CUSTOM_INST/RXRECCLK" is sourceless and has been removed.
The signal
"HD_Gen_Channel_3/video_generator_instance/rocket_io_inst/serial_data_output/GT_
CUSTOM_INST/RXRUNDISP<3>" is sourceless and has been removed.
The signal
"HD_Gen_Channel_3/video_generator_instance/rocket_io_inst/serial_data_output/GT_
CUSTOM_INST/RXRUNDISP<2>" is sourceless and has been removed.
The signal
"HD_Gen_Channel_3/video_generator_instance/rocket_io_inst/serial_data_output/GT_
CUSTOM_INST/RXRUNDISP<1>" is sourceless and has been removed.
The signal
"HD_Gen_Channel_3/video_generator_instance/rocket_io_inst/serial_data_output/GT_
CUSTOM_INST/RXRUNDISP<0>" is sourceless and has been removed.
The signal
"HD_Gen_Channel_3/video_generator_instance/rocket_io_inst/serial_data_output/GT_
CUSTOM_INST/TXBUFERR" is sourceless and has been removed.
The signal
"HD_Gen_Channel_3/video_generator_instance/rocket_io_inst/serial_data_output/GT_
CUSTOM_INST/TXKERR<3>" is sourceless and has been removed.
The signal
"HD_Gen_Channel_3/video_generator_instance/rocket_io_inst/serial_data_output/GT_
CUSTOM_INST/TXKERR<2>" is sourceless and has been removed.
The signal
"HD_Gen_Channel_3/video_generator_instance/rocket_io_inst/serial_data_output/GT_
CUSTOM_INST/TXKERR<1>" is sourceless and has been removed.
The signal
"HD_Gen_Channel_3/video_generator_instance/rocket_io_inst/serial_data_output/GT_
CUSTOM_INST/TXKERR<0>" is sourceless and has been removed.
The signal
"HD_Gen_Channel_3/video_generator_instance/rocket_io_inst/serial_data_output/GT_
CUSTOM_INST/TXRUNDISP<3>" is sourceless and has been removed.
The signal
"HD_Gen_Channel_3/video_generator_instance/rocket_io_inst/serial_data_output/GT_
CUSTOM_INST/TXRUNDISP<2>" is sourceless and has been removed.
The signal
"HD_Gen_Channel_3/video_generator_instance/rocket_io_inst/serial_data_output/GT_
CUSTOM_INST/TXRUNDISP<1>" is sourceless and has been removed.
The signal
"HD_Gen_Channel_3/video_generator_instance/rocket_io_inst/serial_data_output/GT_
CUSTOM_INST/TXRUNDISP<0>" is sourceless and has been removed.
The signal
"HD_Gen_Channel_4/video_generator_instance/rocket_io_inst/serial_data_output/GT_
CUSTOM_INST/CHBONDDONE" is sourceless and has been removed.
The signal
"HD_Gen_Channel_4/video_generator_instance/rocket_io_inst/serial_data_output/GT_
CUSTOM_INST/CHBONDO<3>" is sourceless and has been removed.
The signal
"HD_Gen_Channel_4/video_generator_instance/rocket_io_inst/serial_data_output/GT_
CUSTOM_INST/CHBONDO<2>" is sourceless and has been removed.
The signal
"HD_Gen_Channel_4/video_generator_instance/rocket_io_inst/serial_data_output/GT_
CUSTOM_INST/CHBONDO<1>" is sourceless and has been removed.
The signal
"HD_Gen_Channel_4/video_generator_instance/rocket_io_inst/serial_data_output/GT_
CUSTOM_INST/CHBONDO<0>" is sourceless and has been removed.
The signal
"HD_Gen_Channel_4/video_generator_instance/rocket_io_inst/serial_data_output/GT_
CUSTOM_INST/CONFIGOUT" is sourceless and has been removed.
The signal
"HD_Gen_Channel_4/video_generator_instance/rocket_io_inst/serial_data_output/GT_
CUSTOM_INST/RXBUFSTATUS<1>" is sourceless and has been removed.
The signal
"HD_Gen_Channel_4/video_generator_instance/rocket_io_inst/serial_data_output/GT_
CUSTOM_INST/RXBUFSTATUS<0>" is sourceless and has been removed.
The signal
"HD_Gen_Channel_4/video_generator_instance/rocket_io_inst/serial_data_output/GT_
CUSTOM_INST/RXCHARISCOMMA<3>" is sourceless and has been removed.
The signal
"HD_Gen_Channel_4/video_generator_instance/rocket_io_inst/serial_data_output/GT_
CUSTOM_INST/RXCHARISCOMMA<2>" is sourceless and has been removed.
The signal
"HD_Gen_Channel_4/video_generator_instance/rocket_io_inst/serial_data_output/GT_
CUSTOM_INST/RXCHARISCOMMA<1>" is sourceless and has been removed.
The signal
"HD_Gen_Channel_4/video_generator_instance/rocket_io_inst/serial_data_output/GT_
CUSTOM_INST/RXCHARISCOMMA<0>" is sourceless and has been removed.
The signal
"HD_Gen_Channel_4/video_generator_instance/rocket_io_inst/serial_data_output/GT_
CUSTOM_INST/RXCHARISK<3>" is sourceless and has been removed.
The signal
"HD_Gen_Channel_4/video_generator_instance/rocket_io_inst/serial_data_output/GT_
CUSTOM_INST/RXCHARISK<2>" is sourceless and has been removed.
The signal
"HD_Gen_Channel_4/video_generator_instance/rocket_io_inst/serial_data_output/GT_
CUSTOM_INST/RXCHARISK<1>" is sourceless and has been removed.
The signal
"HD_Gen_Channel_4/video_generator_instance/rocket_io_inst/serial_data_output/GT_
CUSTOM_INST/RXCHARISK<0>" is sourceless and has been removed.
The signal
"HD_Gen_Channel_4/video_generator_instance/rocket_io_inst/serial_data_output/GT_
CUSTOM_INST/RXCHECKINGCRC" is sourceless and has been removed.
The signal
"HD_Gen_Channel_4/video_generator_instance/rocket_io_inst/serial_data_output/GT_
CUSTOM_INST/RXCLKCORCNT<2>" is sourceless and has been removed.
The signal
"HD_Gen_Channel_4/video_generator_instance/rocket_io_inst/serial_data_output/GT_
CUSTOM_INST/RXCLKCORCNT<1>" is sourceless and has been removed.
The signal
"HD_Gen_Channel_4/video_generator_instance/rocket_io_inst/serial_data_output/GT_
CUSTOM_INST/RXCLKCORCNT<0>" is sourceless and has been removed.
The signal
"HD_Gen_Channel_4/video_generator_instance/rocket_io_inst/serial_data_output/GT_
CUSTOM_INST/RXCOMMADET" is sourceless and has been removed.
The signal
"HD_Gen_Channel_4/video_generator_instance/rocket_io_inst/serial_data_output/GT_
CUSTOM_INST/RXCRCERR" is sourceless and has been removed.
The signal
"HD_Gen_Channel_4/video_generator_instance/rocket_io_inst/serial_data_output/GT_
CUSTOM_INST/RXDATA<31>" is sourceless and has been removed.
The signal
"HD_Gen_Channel_4/video_generator_instance/rocket_io_inst/serial_data_output/GT_
CUSTOM_INST/RXDATA<30>" is sourceless and has been removed.
The signal
"HD_Gen_Channel_4/video_generator_instance/rocket_io_inst/serial_data_output/GT_
CUSTOM_INST/RXDATA<29>" is sourceless and has been removed.
The signal
"HD_Gen_Channel_4/video_generator_instance/rocket_io_inst/serial_data_output/GT_
CUSTOM_INST/RXDATA<28>" is sourceless and has been removed.
The signal
"HD_Gen_Channel_4/video_generator_instance/rocket_io_inst/serial_data_output/GT_
CUSTOM_INST/RXDATA<27>" is sourceless and has been removed.
The signal
"HD_Gen_Channel_4/video_generator_instance/rocket_io_inst/serial_data_output/GT_
CUSTOM_INST/RXDATA<26>" is sourceless and has been removed.
The signal
"HD_Gen_Channel_4/video_generator_instance/rocket_io_inst/serial_data_output/GT_
CUSTOM_INST/RXDATA<25>" is sourceless and has been removed.
The signal
"HD_Gen_Channel_4/video_generator_instance/rocket_io_inst/serial_data_output/GT_
CUSTOM_INST/RXDATA<24>" is sourceless and has been removed.
The signal
"HD_Gen_Channel_4/video_generator_instance/rocket_io_inst/serial_data_output/GT_
CUSTOM_INST/RXDATA<23>" is sourceless and has been removed.
The signal
"HD_Gen_Channel_4/video_generator_instance/rocket_io_inst/serial_data_output/GT_
CUSTOM_INST/RXDATA<22>" is sourceless and has been removed.
The signal
"HD_Gen_Channel_4/video_generator_instance/rocket_io_inst/serial_data_output/GT_
CUSTOM_INST/RXDATA<21>" is sourceless and has been removed.
The signal
"HD_Gen_Channel_4/video_generator_instance/rocket_io_inst/serial_data_output/GT_
CUSTOM_INST/RXDATA<20>" is sourceless and has been removed.
The signal
"HD_Gen_Channel_4/video_generator_instance/rocket_io_inst/serial_data_output/GT_
CUSTOM_INST/RXDATA<19>" is sourceless and has been removed.
The signal
"HD_Gen_Channel_4/video_generator_instance/rocket_io_inst/serial_data_output/GT_
CUSTOM_INST/RXDATA<18>" is sourceless and has been removed.
The signal
"HD_Gen_Channel_4/video_generator_instance/rocket_io_inst/serial_data_output/GT_
CUSTOM_INST/RXDATA<17>" is sourceless and has been removed.
The signal
"HD_Gen_Channel_4/video_generator_instance/rocket_io_inst/serial_data_output/GT_
CUSTOM_INST/RXDATA<16>" is sourceless and has been removed.
The signal
"HD_Gen_Channel_4/video_generator_instance/rocket_io_inst/serial_data_output/GT_
CUSTOM_INST/RXDATA<15>" is sourceless and has been removed.
The signal
"HD_Gen_Channel_4/video_generator_instance/rocket_io_inst/serial_data_output/GT_
CUSTOM_INST/RXDATA<14>" is sourceless and has been removed.
The signal
"HD_Gen_Channel_4/video_generator_instance/rocket_io_inst/serial_data_output/GT_
CUSTOM_INST/RXDATA<13>" is sourceless and has been removed.
The signal
"HD_Gen_Channel_4/video_generator_instance/rocket_io_inst/serial_data_output/GT_
CUSTOM_INST/RXDATA<12>" is sourceless and has been removed.
The signal
"HD_Gen_Channel_4/video_generator_instance/rocket_io_inst/serial_data_output/GT_
CUSTOM_INST/RXDATA<11>" is sourceless and has been removed.
The signal
"HD_Gen_Channel_4/video_generator_instance/rocket_io_inst/serial_data_output/GT_
CUSTOM_INST/RXDATA<10>" is sourceless and has been removed.
The signal
"HD_Gen_Channel_4/video_generator_instance/rocket_io_inst/serial_data_output/GT_
CUSTOM_INST/RXDATA<9>" is sourceless and has been removed.
The signal
"HD_Gen_Channel_4/video_generator_instance/rocket_io_inst/serial_data_output/GT_
CUSTOM_INST/RXDATA<8>" is sourceless and has been removed.
The signal
"HD_Gen_Channel_4/video_generator_instance/rocket_io_inst/serial_data_output/GT_
CUSTOM_INST/RXDATA<7>" is sourceless and has been removed.
The signal
"HD_Gen_Channel_4/video_generator_instance/rocket_io_inst/serial_data_output/GT_
CUSTOM_INST/RXDATA<6>" is sourceless and has been removed.
The signal
"HD_Gen_Channel_4/video_generator_instance/rocket_io_inst/serial_data_output/GT_
CUSTOM_INST/RXDATA<5>" is sourceless and has been removed.
The signal
"HD_Gen_Channel_4/video_generator_instance/rocket_io_inst/serial_data_output/GT_
CUSTOM_INST/RXDATA<4>" is sourceless and has been removed.
The signal
"HD_Gen_Channel_4/video_generator_instance/rocket_io_inst/serial_data_output/GT_
CUSTOM_INST/RXDATA<3>" is sourceless and has been removed.
The signal
"HD_Gen_Channel_4/video_generator_instance/rocket_io_inst/serial_data_output/GT_
CUSTOM_INST/RXDATA<2>" is sourceless and has been removed.
The signal
"HD_Gen_Channel_4/video_generator_instance/rocket_io_inst/serial_data_output/GT_
CUSTOM_INST/RXDATA<1>" is sourceless and has been removed.
The signal
"HD_Gen_Channel_4/video_generator_instance/rocket_io_inst/serial_data_output/GT_
CUSTOM_INST/RXDATA<0>" is sourceless and has been removed.
The signal
"HD_Gen_Channel_4/video_generator_instance/rocket_io_inst/serial_data_output/GT_
CUSTOM_INST/RXDISPERR<3>" is sourceless and has been removed.
The signal
"HD_Gen_Channel_4/video_generator_instance/rocket_io_inst/serial_data_output/GT_
CUSTOM_INST/RXDISPERR<2>" is sourceless and has been removed.
The signal
"HD_Gen_Channel_4/video_generator_instance/rocket_io_inst/serial_data_output/GT_
CUSTOM_INST/RXDISPERR<1>" is sourceless and has been removed.
The signal
"HD_Gen_Channel_4/video_generator_instance/rocket_io_inst/serial_data_output/GT_
CUSTOM_INST/RXDISPERR<0>" is sourceless and has been removed.
The signal
"HD_Gen_Channel_4/video_generator_instance/rocket_io_inst/serial_data_output/GT_
CUSTOM_INST/RXLOSSOFSYNC<1>" is sourceless and has been removed.
The signal
"HD_Gen_Channel_4/video_generator_instance/rocket_io_inst/serial_data_output/GT_
CUSTOM_INST/RXLOSSOFSYNC<0>" is sourceless and has been removed.
The signal
"HD_Gen_Channel_4/video_generator_instance/rocket_io_inst/serial_data_output/GT_
CUSTOM_INST/RXNOTINTABLE<3>" is sourceless and has been removed.
The signal
"HD_Gen_Channel_4/video_generator_instance/rocket_io_inst/serial_data_output/GT_
CUSTOM_INST/RXNOTINTABLE<2>" is sourceless and has been removed.
The signal
"HD_Gen_Channel_4/video_generator_instance/rocket_io_inst/serial_data_output/GT_
CUSTOM_INST/RXNOTINTABLE<1>" is sourceless and has been removed.
The signal
"HD_Gen_Channel_4/video_generator_instance/rocket_io_inst/serial_data_output/GT_
CUSTOM_INST/RXNOTINTABLE<0>" is sourceless and has been removed.
The signal
"HD_Gen_Channel_4/video_generator_instance/rocket_io_inst/serial_data_output/GT_
CUSTOM_INST/RXREALIGN" is sourceless and has been removed.
The signal
"HD_Gen_Channel_4/video_generator_instance/rocket_io_inst/serial_data_output/GT_
CUSTOM_INST/RXRECCLK" is sourceless and has been removed.
The signal
"HD_Gen_Channel_4/video_generator_instance/rocket_io_inst/serial_data_output/GT_
CUSTOM_INST/RXRUNDISP<3>" is sourceless and has been removed.
The signal
"HD_Gen_Channel_4/video_generator_instance/rocket_io_inst/serial_data_output/GT_
CUSTOM_INST/RXRUNDISP<2>" is sourceless and has been removed.
The signal
"HD_Gen_Channel_4/video_generator_instance/rocket_io_inst/serial_data_output/GT_
CUSTOM_INST/RXRUNDISP<1>" is sourceless and has been removed.
The signal
"HD_Gen_Channel_4/video_generator_instance/rocket_io_inst/serial_data_output/GT_
CUSTOM_INST/RXRUNDISP<0>" is sourceless and has been removed.
The signal
"HD_Gen_Channel_4/video_generator_instance/rocket_io_inst/serial_data_output/GT_
CUSTOM_INST/TXBUFERR" is sourceless and has been removed.
The signal
"HD_Gen_Channel_4/video_generator_instance/rocket_io_inst/serial_data_output/GT_
CUSTOM_INST/TXKERR<3>" is sourceless and has been removed.
The signal
"HD_Gen_Channel_4/video_generator_instance/rocket_io_inst/serial_data_output/GT_
CUSTOM_INST/TXKERR<2>" is sourceless and has been removed.
The signal
"HD_Gen_Channel_4/video_generator_instance/rocket_io_inst/serial_data_output/GT_
CUSTOM_INST/TXKERR<1>" is sourceless and has been removed.
The signal
"HD_Gen_Channel_4/video_generator_instance/rocket_io_inst/serial_data_output/GT_
CUSTOM_INST/TXKERR<0>" is sourceless and has been removed.
The signal
"HD_Gen_Channel_4/video_generator_instance/rocket_io_inst/serial_data_output/GT_
CUSTOM_INST/TXRUNDISP<3>" is sourceless and has been removed.
The signal
"HD_Gen_Channel_4/video_generator_instance/rocket_io_inst/serial_data_output/GT_
CUSTOM_INST/TXRUNDISP<2>" is sourceless and has been removed.
The signal
"HD_Gen_Channel_4/video_generator_instance/rocket_io_inst/serial_data_output/GT_
CUSTOM_INST/TXRUNDISP<1>" is sourceless and has been removed.
The signal
"HD_Gen_Channel_4/video_generator_instance/rocket_io_inst/serial_data_output/GT_
CUSTOM_INST/TXRUNDISP<0>" is sourceless and has been removed.
Unused block "serial_interfacing/chan1_ram/VCC" (ONE) removed.
Unused block "serial_interfacing/chan2_ram/VCC" (ONE) removed.
Unused block "serial_interfacing/chan3_ram/VCC" (ONE) removed.
Unused block "serial_interfacing/chan4_ram/VCC" (ONE) removed.

Optimized Block(s):
TYPE 		BLOCK
GND 		XST_GND
VCC 		XST_VCC
GND 		serial_interfacing/chan1_ram/GND
GND 		serial_interfacing/chan2_ram/GND
GND 		serial_interfacing/chan3_ram/GND
GND 		serial_interfacing/chan4_ram/GND

To enable printing of redundant blocks removed and signals merged, set the
detailed map report option and rerun map.

Section 6 - IOB Properties
--------------------------

+------------------------------------------------------------------------------------------------------------------------+
| IOB Name                           | Type    | Direction | IO Standard | Drive    | Slew | Reg (s)  | Resistor | IOB   |
|                                    |         |           |             | Strength | Rate |          |          | Delay |
+------------------------------------------------------------------------------------------------------------------------+
| brefclk2_p_i                       | DIFFM   | INPUT     | LVDS_25     |          |      |          |          |       |
| brefclk_p_i                        | DIFFM   | INPUT     | LVDS_25     |          |      |          |          |       |
| cs1_i                              | IOB     | INPUT     | LVCMOS25    |          |      | INFF1    |          | IFD   |
| cs2_i                              | IOB     | INPUT     | LVCMOS25    |          |      |          |          |       |
| cs3_i                              | IOB     | INPUT     | LVCMOS25    |          |      |          |          |       |
| cs4_i                              | IOB     | INPUT     | LVCMOS25    |          |      |          |          |       |
| f4m_i                              | IOB     | INPUT     | LVCMOS25    |          |      | INFF1    |          | IFD   |
|                                    |         |           |             |          |      | INFF2    |          |       |
| f8g_i                              | IOB     | INPUT     | LVCMOS25    |          |      | INFF1    |          | IFD   |
| led1_o                             | IOB     | OUTPUT    | LVCMOS25    | 12       | SLOW | OFF1     |          |       |
| led2_o                             | IOB     | OUTPUT    | LVCMOS25    | 12       | SLOW |          |          |       |
| led3_o                             | IOB     | OUTPUT    | LVCMOS25    | 12       | SLOW |          |          |       |
| led4_o                             | IOB     | OUTPUT    | LVCMOS25    | 12       | SLOW |          |          |       |
| mosi_i                             | IOB     | INPUT     | LVCMOS25    |          |      | INFF1    |          | IFD   |
| mreset_i                           | IOB     | INPUT     | LVCMOS25    |          |      | INFF1    |          | IFD   |
| ok1_o                              | IOB     | OUTPUT    | LVCMOS25    | 12       | SLOW |          |          |       |
| ok2_o                              | IOB     | OUTPUT    | LVCMOS25    | 12       | SLOW |          |          |       |
| pll1_S0_o                          | IOB     | OUTPUT    | LVCMOS25    | 12       | SLOW |          |          |       |
| pll1_S1_o                          | IOB     | OUTPUT    | LVCMOS25    | 12       | SLOW |          |          |       |
| pll1_S2_o                          | IOB     | OUTPUT    | LVCMOS25    | 12       | SLOW |          |          |       |
| pll1_S3_o                          | IOB     | OUTPUT    | LVCMOS25    | 12       | SLOW |          |          |       |
| pll2_S0_o                          | IOB     | OUTPUT    | LVCMOS25    | 12       | SLOW |          |          |       |
| pll2_S1_o                          | IOB     | OUTPUT    | LVCMOS25    | 12       | SLOW |          |          |       |
| pll2_S2_o                          | IOB     | OUTPUT    | LVCMOS25    | 12       | SLOW |          |          |       |
| pll2_S3_o                          | IOB     | OUTPUT    | LVCMOS25    | 12       | SLOW |          |          |       |
| sck_i                              | IOB     | INPUT     | LVCMOS25    |          |      | INFF1    |          | IFD   |
| sd_zhd_1_o                         | IOB     | OUTPUT    | LVCMOS25    | 12       | SLOW |          |          |       |
| sd_zhd_2_o                         | IOB     | OUTPUT    | LVCMOS25    | 12       | SLOW |          |          |       |
| sd_zhd_3_o                         | IOB     | OUTPUT    | LVCMOS25    | 12       | SLOW |          |          |       |
| sd_zhd_4_o                         | IOB     | OUTPUT    | LVCMOS25    | 12       | SLOW |          |          |       |
+------------------------------------------------------------------------------------------------------------------------+

Section 7 - RPMs
----------------

Section 8 - Guide Report
------------------------
Guide not run on this design.

Section 9 - Area Group Summary
------------------------------
No area groups were found in this design.

Section 10 - Modular Design Summary
-----------------------------------
Modular Design not used for this design.

Section 11 - Timing Report
--------------------------
This design was not run using timing mode.

Section 12 - Configuration String Details
--------------------------
Use the "-detail" map option to print out Configuration Strings

Section 13 - Additional Device Resource Counts
----------------------------------------------
Number of JTAG Gates for IOBs = 31
Number of Equivalent Gates for Design = 480,970
Number of RPM Macros = 0
Number of Hard Macros = 0
GT10 = 0
GT = 4
CAPTUREs = 0
BSCANs = 0
STARTUPs = 0
PCILOGICs = 0
DCMs = 0
GCLKs = 6
ICAPs = 0
18X18 Multipliers = 24
Block RAMs = 4
TBUFs = 0
JTAGPPCs = 0
CLK_Ps = 0
CLK_Ns = 0
GTOPADs = 8
GTIPADs = 8
PPC405s = 0
Total Registers (Flops & Latches in Slices & IOBs) not driven by LUTs = 1529
IOB Dual-Rate Flops not driven by LUTs = 0
IOB Dual-Rate Flops = 0
IOB Slave Pads = 2
IOB Master Pads = 2
IOB Latches not driven by LUTs = 0
IOB Latches = 0
IOB Flip Flops not driven by LUTs = 8
IOB Flip Flops = 8
Unbonded IOBs = 0
Bonded IOBs = 31
ORCYs = 0
XORs = 1263
CARRY_INITs = 856
CARRY_SKIPs = 0
CARRY_MUXes = 1605
Total Shift Registers = 0
Static Shift Registers = 0
Dynamic Shift Registers = 0
16x1 ROMs = 0
16x1 RAMs = 0
32x1 RAMs = 0
Dual Port RAMs = 0
MUXFs = 162
MULT_ANDs = 0
4 input LUTs used as Route-Thrus = 207
4 input LUTs = 10095
Slice Latches not driven by LUTs = 0
Slice Latches = 0
Slice Flip Flops not driven by LUTs = 1521
Slice Flip Flops = 6637
Slices = 6426
F6 Muxes = 0
F5 Muxes = 162
F8 Muxes = 0
F7 Muxes = 0
Xilinx Core blkmemdp_v6_3, Coregen 7.1.04i_ip3 = 4
Number of LUT signals with 4 loads = 106
Number of LUT signals with 3 loads = 166
Number of LUT signals with 2 loads = 1367
Number of LUT signals with 1 load = 8091
NGM Average fanout of LUT = 1.81
NGM Maximum fanout of LUT = 49
NGM Average fanin for LUT = 2.6929
Number of LUT symbols = 10095
