
cap2edi V1.10.22 - OrCAD Capture Version 7.20 Built With EDI V2.46
Copyright 1997-1998 - Engineering DataXpress, Inc., All rights Reserved.

Started Mon May 03 09:36:07 1999

*** edi_putidentifier/edi_putsystemname - illegal edif identifier: SPG.HCTEST
      converted to: SPG_46_HCTEST
Translating schematic SPG
  to library SPG.HCTEST cell SPG view 1 page PAGE1
Translating schematic INPUT
  to library SPG.HCTEST cell INPUT view 1 page PAGE1
  Translating U:/PT5220/WORK/SYNCBACKPLANE/DIAGRAM/SPG.HCTEST.DSN symbol INPUT
    to library SPG.HCTEST cell INPUT view 1
  Translating C:/ORCADWIN/CAPTURE/LIBRARY/CAPSYM.OLB symbol PORTNO-R
    to library CAPSYM cell PORTNO-R view 1
  Translating C:/ORCADWIN/CAPTURE/LIBRARY/CAPSYM.OLB symbol PORTLEFT-L
    to library CAPSYM cell PORTLEFT-L view 1
  Translating C:/ORCADWIN/CAPTURE/LIBRARY/CAPSYM.OLB symbol PORTRIGHT-R
    to library CAPSYM cell PORTRIGHT-R view 1
  Translating D:/ORCADWIN/WINLIB/PTVSTANDARD.OLB symbol PTVTitle1
    to library PTVSTANDARD cell PTVTitle1 view 1
Translating schematic input
  to library SPG.HCTEST cell input view 1 page PAGE1
Checking Semantics...
Writing the output file SPG.HCTEST.EDF...

Completed Mon May 03 09:36:09 1999
Translated 5 symbols and 3 schematic pages, 0 errors, 0 warnings

