iMPACT Version: G.38
iMPACT log file Started on 2005/06/13 14:39:54
// *** BATCH CMD : setPreference -pref UserLevel:NOVICE
// *** BATCH CMD : setPreference -pref MessageLevel:DETAILED
// *** BATCH CMD : setPreference -pref ConcurrentMode:FALSE
// *** BATCH CMD : setPreference -pref UseHighz:FALSE
// *** BATCH CMD : setPreference -pref ConfigOnFailure:STOP
// *** BATCH CMD : setPreference -pref StartupCLock:AUTO_CORRECTION
// *** BATCH CMD : setPreference -pref AutoSignature:FALSE
// *** BATCH CMD : setPreference -pref KeepSVF:FALSE
// *** BATCH CMD : setPreference -pref svfUseTime:FALSE
// *** BATCH CMD : setPreference -pref UserLevel:NOVICE
// *** BATCH CMD : setPreference -pref MessageLevel:DETAILED
// *** BATCH CMD : setPreference -pref ConcurrentMode:FALSE
// *** BATCH CMD : setPreference -pref UseHighz:FALSE
// *** BATCH CMD : setPreference -pref ConfigOnFailure:STOP
// *** BATCH CMD : setPreference -pref StartupCLock:AUTO_CORRECTION
// *** BATCH CMD : setPreference -pref AutoSignature:FALSE
// *** BATCH CMD : setPreference -pref KeepSVF:FALSE
// *** BATCH CMD : setPreference -pref svfUseTime:FALSE
GUI --- Boundary-Scan Mode selected
// *** BATCH CMD : setMode -bs
GUI --- Auto connect to cable...
// *** BATCH CMD : setCable -port auto
AutoDetecting cable. Please wait.
CB_PROGRESS_START - Starting Operation.
Connecting to cable (USB Port).
Cable connection failed.
Connecting to cable (Parallel Port - LPT1).
Checking cable driver.
 Driver windrvr6.sys version = 6.2.2.2. LPT base address = 0378h.
 ECP base address = FFFFFFFFh.
Cable connection established.
CB_PROGRESS_END - End Operation.
Elapsed time =      1 sec.
// *** BATCH CMD : Identify
PROGRESS_START - Starting Operation.
Identifying chain contents ....'1': : Manufacturer's ID =Xilinx xc3s200, Version : 0
INFO:iMPACT:1777 - 
Reading C:/Xilinx63/spartan3/data/xc3s200.bsd...
Reading C:/Xilinx63/spartan3/data/xc3s200.bsd...
INFO:iMPACT:501 - '1': Added Device xc3s200 successfully.
----------------------------------------------------------------------
----------------------------------------------------------------------
'2': : Manufacturer's ID =Xilinx xcf01s, Version : 0
INFO:iMPACT:1777 - 
Reading C:/Xilinx63/xcf/data/xcf01s.bsd...
Reading C:/Xilinx63/xcf/data/xcf01s.bsd...
INFO:iMPACT:501 - '1': Added Device xcf01s successfully.
----------------------------------------------------------------------
----------------------------------------------------------------------
done.
PROGRESS_END - End Operation.
Elapsed time =      1 sec.
xc18v01_pc20
xc18v01_so20
xc18v01_vq44
xc18v02_pc44
xc18v02_vq44
xc18v04_pc44
xc18v04_vq44
xcf01s_vo20
xcf02s_vo20
xcf04s_vo20
xcf08p_fs48
xcf08p_vo48
xcf16p_fs48
xcf16p_vo48
xcf32p_fs48
xcf32p_vo48
// *** BATCH CMD : setAttribute -position 1 -attr devicePartName -value "xcf01s"
// *** BATCH CMD : setAttribute -position 1 -attr configFileName -value "F:\PT8611\Xilinx\fpga_version\v5.03\Tri_level_sync_generator\v503new.mcs"
'1': Loading file 'F:\PT8611\Xilinx\fpga_version\v5.03\Tri_level_sync_generator\v503new.mcs' ...
done.
// *** BATCH CMD : Program -p 1 -e -v 
PROGRESS_START - Starting Operation.
Validating chain...
Boundary-scan chain validated successfully.
'1': Putting device in ISP mode...done.
'1': Erasing device...done.
'1': Erasure completed successfully.
'1': Putting device in ISP mode...done.
'1': Programming device...done.
'1': Putting device in ISP mode...done.
'1': Putting device in ISP mode...done.
'1': Verifying device...done.
'1': Verification completed successfully.
'1': Calculated checksum matches expected checksum, 00021d46c
'1': Putting device in ISP mode...done.
'1': Setting user-programmable bits...
done.
'1': Putting device in ISP mode...done.
'1': Programming completed successfully.
PROGRESS_END - End Operation.
Elapsed time =     22 sec.
// *** BATCH CMD : Identify
PROGRESS_START - Starting Operation.
----------------------------------------------------------------------
----------------------------------------------------------------------
Identifying chain contents ....'1': : Manufacturer's ID =Xilinx xc3s200, Version : 0
INFO:iMPACT:1777 - 
Reading C:/Xilinx63/spartan3/data/xc3s200.bsd...
Reading C:/Xilinx63/spartan3/data/xc3s200.bsd...
INFO:iMPACT:501 - '1': Added Device xc3s200 successfully.
----------------------------------------------------------------------
----------------------------------------------------------------------
'2': : Manufacturer's ID =Xilinx xcf01s, Version : 0
INFO:iMPACT:1777 - 
Reading C:/Xilinx63/xcf/data/xcf01s.bsd...
Reading C:/Xilinx63/xcf/data/xcf01s.bsd...
INFO:iMPACT:501 - '1': Added Device xcf01s successfully.
----------------------------------------------------------------------
----------------------------------------------------------------------
done.
PROGRESS_END - End Operation.
Elapsed time =      0 sec.
xc18v01_pc20
xc18v01_so20
xc18v01_vq44
xc18v02_pc44
xc18v02_vq44
xc18v04_pc44
xc18v04_vq44
xcf01s_vo20
xcf02s_vo20
xcf04s_vo20
xcf08p_fs48
xcf08p_vo48
xcf16p_fs48
xcf16p_vo48
xcf32p_fs48
xcf32p_vo48
// *** BATCH CMD : setAttribute -position 1 -attr devicePartName -value "xcf01s"
// *** BATCH CMD : setAttribute -position 1 -attr configFileName -value "F:\PT8611\Xilinx\fpga_version\v5.03\Tri_level_sync_generator\v503new.mcs"
'1': Loading file 'F:\PT8611\Xilinx\fpga_version\v5.03\Tri_level_sync_generator\v503new.mcs' ...
done.
// *** BATCH CMD : Program -p 1 -e -v 
PROGRESS_START - Starting Operation.
Validating chain...
Boundary-scan chain validated successfully.
'1': Putting device in ISP mode...done.
'1': Erasing device...done.
'1': Erasure completed successfully.
'1': Putting device in ISP mode...done.
'1': Programming device...done.
'1': Putting device in ISP mode...done.
'1': Putting device in ISP mode...done.
'1': Verifying device...done.
'1': Verification completed successfully.
'1': Calculated checksum matches expected checksum, 00021d46c
'1': Putting device in ISP mode...done.
'1': Setting user-programmable bits...
done.
'1': Putting device in ISP mode...done.
'1': Programming completed successfully.
PROGRESS_END - End Operation.
Elapsed time =     23 sec.
*****   Closing iMPACT program.   *****
----------------------------------------------------------------------
----------------------------------------------------------------------
