Number of Timing Constraints that were not applied: 2

Asterisk (*) preceding a constraint indicates it was not met.
   This may be due to a setup or hold violation.

------------------------------------------------------------------------------------------------------
  Constraint                                |  Check  | Worst Case |  Best Case | Timing |   Timing   
                                            |         |    Slack   | Achievable | Errors |    Score   
------------------------------------------------------------------------------------------------------
* TS_brefclk2_n_i = PERIOD TIMEGRP "brefclk | SETUP   |     0.033ns|     6.633ns|       0|           0
  2_n_i" 150 MHz HIGH 50% INPUT_JITTER      | HOLD    |    -1.526ns|            |       2|        2802
      1 ns                                  |         |            |            |        |            
------------------------------------------------------------------------------------------------------
* TS_pll_F2F = MAXDELAY FROM TIMEGRP "pll_f | SETUP   |    -0.011ns|     2.011ns|       1|          11
  fs_on_27_mhz" TO TIMEGRP         "pll_ffs |         |            |            |        |            
  _on_148_mhz" 2 ns                         |         |            |            |        |            
------------------------------------------------------------------------------------------------------
  TS_2cycle = MAXDELAY FROM TIMEGRP "double | SETUP   |     0.182ns|    13.151ns|       0|           0
  _cycle" TO TIMEGRP "double_cycle"         |         |            |            |        |            
   TS_brefclk_p_i / 2                       |         |            |            |        |            
------------------------------------------------------------------------------------------------------
  TS_brefclk_n_i = PERIOD TIMEGRP "brefclk_ | SETUP   |     0.544ns|     6.122ns|       0|           0
  n_i" 150 MHz HIGH 50% INPUT_JITTER 1      | HOLD    |     0.348ns|            |       0|           0
      ns                                    |         |            |            |        |            
------------------------------------------------------------------------------------------------------
  TS_4cycle = MAXDELAY FROM TIMEGRP "quad_c | SETUP   |    19.789ns|     6.877ns|       0|           0
  ycle" TO TIMEGRP "quad_cycle"         TS_ |         |            |            |        |            
  brefclk_p_i / 4                           |         |            |            |        |            
------------------------------------------------------------------------------------------------------
  TS_clk_27_i = PERIOD TIMEGRP "clk_27_i" 2 | SETUP   |    28.457ns|     8.580ns|       0|           0
  7 MHz HIGH 50% INPUT_JITTER 1 ns          | HOLD    |     0.248ns|            |       0|           0
------------------------------------------------------------------------------------------------------
  TS_brefclk_p_i = PERIOD TIMEGRP "brefclk_ | N/A     |         N/A|         N/A|     N/A|         N/A
  p_i" 150 MHz HIGH 50% INPUT_JITTER 1      |         |            |            |        |            
      ns                                    |         |            |            |        |            
------------------------------------------------------------------------------------------------------
  TS_brefclk2_p_i = PERIOD TIMEGRP "brefclk | N/A     |         N/A|         N/A|     N/A|         N/A
  2_p_i" 150 MHz HIGH 50% INPUT_JITTER      |         |            |            |        |            
      1 ns                                  |         |            |            |        |            
------------------------------------------------------------------------------------------------------


2 constraints not met.
INFO:Timing:2761 - N/A entries in the Constraints list may indicate that the 
   constraint does not cover any paths or that it has no requested value.


