Wed Jun 16 10:42:16 2010				Page     1


 
Update Symbols/Modules Logfile
	Wed Jun 16 10:42:16 2010

------ Module Refresh Messages ------

SUMMARY:    Updated 0 out of 0 modules

------ End Module Messages     ------



Wed Jun 16 10:42:17 2010				Page     1

Cadence Design Systems, Inc.

Symbol Refresh Logfile

------ Symbol Refresh Directives ------

OLD_LAYOUT_NAME = 'D:/Dokumenter/PT5300/PT8643/PCB/PT8643_Rev_2/PT8640.brd';
NEW_LAYOUT_NAME = '';
REFRESH_MECHANICAL_SYMBOLS = 'NO';
REFRESH_FORMAT_SYMBOLS = 'NO';
REFRESH_PACKAGE_SYMBOLS = 'NO';
REFRESH_SHAPE_SYMBOLS = 'NO';
REFRESH_SYMBOL_PAD_STACKS = 'NO';
REFRESH_SYMBOL_TEXT_LOCATIONS = 'NO';
REFRESH_CUSTOM_DRILL_DATA = 'NO';
SYMBOL_LIST = 'C:/DOCUME~1/BS/LOCALS~1/Temp/#Taaaaap04932.tmp';


------ Library Paths ------
PSMPATH =  c:\allegro\packages 

PADPATH =  c:\allegro\pads 


------ Symbol Refresh Messages ------

'CONN_DSUB_9_FEMALE_SIP'  symbol refreshed successfully.
'CONN_DSUB_9_MALE_SIP'  symbol refreshed successfully.


----- Symbol Update Summary ----

Completed refreshing all symbols successfully.
