Available text fonts on plotter device 'CutePDF Writer' ...

  Symbol
  Courier
  Helvetica
  Times
  ZapfDingbats
  Marlett
  Arial
  Batang
  @Batang
  BatangChe
  @BatangChe
  Gungsuh
  @Gungsuh
  GungsuhChe
  @GungsuhChe
  Courier New
  DaunPenh
  DokChampa
  Estrangelo Edessa
  Euphemia
  Gautami
  Vani
  Gulim
  @Gulim
  GulimChe
  @GulimChe
  Dotum
  @Dotum
  DotumChe
  @DotumChe
  Impact
  Iskoola Pota
  Kalinga
  Kartika
  Khmer UI
  Lao UI
  Latha
  Lucida Console
  Malgun Gothic
  @Malgun Gothic
  Mangal
  Meiryo
  @Meiryo
  Meiryo UI
  @Meiryo UI
  Microsoft Himalaya
  Microsoft JhengHei
  @Microsoft JhengHei
  Microsoft YaHei
  @Microsoft YaHei
  MingLiU
  @MingLiU
  PMingLiU
  @PMingLiU
  MingLiU_HKSCS
  @MingLiU_HKSCS
  MingLiU-ExtB
  @MingLiU-ExtB
  PMingLiU-ExtB
  @PMingLiU-ExtB
  MingLiU_HKSCS-ExtB
  @MingLiU_HKSCS-ExtB
  Mongolian Baiti
  MS Gothic
  @MS Gothic
  MS PGothic
  @MS PGothic
  MS UI Gothic
  @MS UI Gothic
  MS Mincho
  @MS Mincho
  MS PMincho
  @MS PMincho
  MV Boli
  Microsoft New Tai Lue
  Nyala
  Microsoft PhagsPa
  Plantagenet Cherokee
  Raavi
  Segoe Script
  Segoe UI
  Segoe UI Semibold
  Segoe UI Light
  Segoe UI Symbol
  Shruti
  SimSun
  @SimSun
  NSimSun
  @NSimSun
  SimSun-ExtB
  @SimSun-ExtB
  Sylfaen
  Microsoft Tai Le
  Times New Roman
  Tunga
  Vrinda
  Shonar Bangla
  Microsoft Yi Baiti
  Tahoma
  Microsoft Sans Serif
  Angsana New
  Aparajita
  Cordia New
  Ebrima
  Gisha
  Kokila
  Leelawadee
  Microsoft Uighur
  MoolBoran
  Symbol
  Utsaah
  Vijaya
  Wingdings
  Andalus
  Arabic Typesetting
  Simplified Arabic
  Simplified Arabic Fixed
  Sakkal Majalla
  Traditional Arabic
  Aharoni fed
  David
  FrankRuehl
  Levenim MT
  Miriam
  Miriam Fixed
  Narkisim
  Rod
  FangSong
  @FangSong
  SimHei
  @SimHei
  KaiTi
  @KaiTi
  AngsanaUPC
  Browallia New
  BrowalliaUPC
  CordiaUPC
  DilleniaUPC
  EucrosiaUPC
  FreesiaUPC
  IrisUPC
  JasmineUPC
  KodchiangUPC
  LilyUPC
  DFKai-SB
  @DFKai-SB
  Lucida Sans Unicode
  Arial Black normal
  Calibri
  Cambria
  Cambria Math
  Candara
  Comic Sans MS
  Consolas
  Constantia
  Corbel
  Franklin Gothic Medium
  Gabriola
  Georgia
  Palatino Linotype
  Segoe Print
  Trebuchet MS
  Verdana
  Webdings
  Calibri Light Italic
  DejaVu Sans Condensed Bold Oblique
  OpenSymbol
  Arimo Bold
  Gentium Basic
  Gentium Book Basic Bold
  DejaVu Sans
  DejaVu Sans Mono
  DejaVu Serif Condensed Bold Italic
  DejaVu Serif Bold Italic
  DejaVu Sans ExtraLight
  Alibre Symbols
  Tera Special
  Modern
  Roman
  Script
