XA assembler v2.0 r2                    SN00085795-037 (c) 1998 TASKING, Inc.
                                                                                                                            Page   1
U:\Pt5201\Design\DDD\SW\Master\Source\MAKE\1_0\temp\xa\cpart.src
ADDR   CODE            LINE SOURCELINE
                          1 ; XA C compiler v2.0 r2                   SN00085795-Ccz (c) 1998 TASKING, Inc.
                          2 ; options: -A1 -Cxag3 -e -g -Ic:\cxa\include -I..\..\rtxcdef\xa
                          3 ;          -I..\..\rtxc\xa\include -I..\..\code\include\1_0 -I..\..\app_spec\xa
                          4 ;          -Ml -O2 -s
                          6 $NOZPAGE
                          7         NAME    CPART
                         11 ; cpart.c     1 /* cpart.c - RTXC Partition definitions - Default           12/28/99 08:34 */
                         12 ; cpart.c     2 
                         13 ; cpart.c     3 #include "typedef.h"
                         20 ; cpart.c     4 #include "rtxstruc.h"
                        109 ; cpart.c     5 
                        110 ; cpart.c     6 #include "cpart.h"
                        113 ; cpart.c     7 
                        114 ; cpart.c     8 const MAP nparts = NPARTS;
000000                  115 CPART_INI_FA    SEGMENT HDATA INSEGMENT INIT
000000                  116         RSEG    CPART_INI_FA
                        119         PUBLIC  _nparts
000000                  120 _nparts:
                        121 ; cpart.c     9 const MAP dnparts = DNPARTS;
000000 00               122         DB      000H
                        125         PUBLIC  _dnparts
000001                  126 _dnparts:
                        142 ; cpart.c    10 
                        143 ; cpart.c    11 
                        144 ; cpart.c    12 PHEADER ks_tblx pheader[1+NPARTS+DNPARTS];
                        150 ; cpart.c    13 
                        151 ; cpart.c    14 const PKHEADER pkheader[1+NPARTS] = 
000001 20               152         DB      020H
                        156         PUBLIC  _pkheader
                        157         ALIGN   1
000002                  158 _pkheader:
000002 00000000         159         DD      000000000H
                        160 ; cpart.c    15 {
                        161 ; cpart.c    16    { (struct xmap *)0, (size_t)0, 0 }
                        162 ; cpart.c    17 };
                        163 ; cpart.c    18 
                        164 ; cpart.c    19 #define NAMMAX 8
                        165 ; cpart.c    20 
                        166 ; cpart.c    21 const char partname[1+NPARTS][NAMMAX+1] =
000006 00000000         167         DW      00000H,00000H
                        172         PUBLIC  _partname
00000A                  173 _partname:
00000A 00000000000000   174         DB      000H,000H,000H,000H,000H,000H,000H,000H,000H
       0000                 
                        175 ; cpart.c    22 {
                        176 ; cpart.c    23    ""
                        177 ; cpart.c    24 };
000000                  183 CPART_CLR_FA    SEGMENT HDATA INSEGMENT CLEAR
000000                  184         RSEG    CPART_CLR_FA
                        185         PUBLIC  _pheader
                        186         ALIGN   1
000000                  187 _pheader:       DS      726
   |  RESERVED             
0002D5
                        188         EXTRN   DATA(__lc_ub_xvwbuffer)
                        189         EXTRN   DATA(__lc_ue_xvwbuffer)
