iMPACT Version: H.42
iMPACT log file started on 2005/11/16 14:40:40
// *** BATCH CMD : setPreference -pref UserLevel:NOVICE
// *** BATCH CMD : setPreference -pref MessageLevel:DETAILED
// *** BATCH CMD : setPreference -pref ConcurrentMode:FALSE
// *** BATCH CMD : setPreference -pref UseHighz:FALSE
// *** BATCH CMD : setPreference -pref ConfigOnFailure:STOP
// *** BATCH CMD : setPreference -pref StartupCLock:AUTO_CORRECTION
// *** BATCH CMD : setPreference -pref AutoSignature:FALSE
// *** BATCH CMD : setPreference -pref KeepSVF:FALSE
// *** BATCH CMD : setPreference -pref svfUseTime:FALSE
// *** BATCH CMD : setPreference -pref UserLevel:NOVICE
// *** BATCH CMD : setPreference -pref MessageLevel:DETAILED
// *** BATCH CMD : setPreference -pref ConcurrentMode:FALSE
// *** BATCH CMD : setPreference -pref UseHighz:FALSE
// *** BATCH CMD : setPreference -pref ConfigOnFailure:STOP
// *** BATCH CMD : setPreference -pref StartupCLock:AUTO_CORRECTION
// *** BATCH CMD : setPreference -pref AutoSignature:FALSE
// *** BATCH CMD : setPreference -pref KeepSVF:FALSE
// *** BATCH CMD : setPreference -pref svfUseTime:FALSE
// *** BATCH CMD : setMode -bs
Loading cdf file f:\pt8612\vhdl\xilinx\sdhd_module_1/SDHD_Module_1.ipf...
// *** BATCH CMD : setPreference -pref UserLevel:Novice
// *** BATCH CMD : setMode -pff
// *** BATCH CMD : setMode -mpm
// *** BATCH CMD : setMode -cf
// *** BATCH CMD : setMode -dtconfig
// *** BATCH CMD : setMode -bsfile
// *** BATCH CMD : setMode -sm
// *** BATCH CMD : setMode -ss
// *** BATCH CMD : setMode -bs
// *** BATCH CMD : addDevice -position 1 -part "xcf08p"
INFO:iMPACT:1777 - 
Reading C:/ISE71/xcfp/data/xcf08p.bsd...
Reading C:/ISE71/xcfp/data/xcf08p.bsd...
INFO:iMPACT:501 - '1': Added Device xcf08p successfully.
----------------------------------------------------------------------
----------------------------------------------------------------------
INFO:iMPACT:1835 - Loading CFI file BYPASS.cfi
CFI file not found, proceed with device default setting.
// *** BATCH CMD : addDevice -position 2 -file "F:\PT8612\VHDL\xilinx\SDHD_Module_1\hd_gen_module.bit"
'2': Loading file 'F:\PT8612\VHDL\xilinx\SDHD_Module_1\hd_gen_module.bit' ...
done.
INFO:iMPACT:1777 - 
Reading C:/ISE71/virtex4/data/xc4vfx20.bsd...
Reading C:/ISE71/virtex4/data/xc4vfx20.bsd...
WARNING:iMPACT:2257 - Startup Clock has been changed to 'JtagClk' in the bitstream stored in memory,
but the original bitstream file remains unchanged.
but the original bitstream file remains unchanged.
INFO:iMPACT:501 - '2': Added Device xc4vfx20 successfully.
----------------------------------------------------------------------
----------------------------------------------------------------------
// *** BATCH CMD : 
// *** BATCH CMD : setCable -port usb21 -baud 6000000
Connecting to cable (Usb Port - USB21).
Checking cable driver.
 Driver xusbdfwu.sys version: 1018 (1018).
 Driver windrvr6.sys version = 6.2.2.2. Max current requested during enumeration is 280 mA.
 Cable Type = 3, Revision = 0.
 Setting cable speed to 6 MHz.
Cable connection established.
Firmware version = 1018.
CPLD file version = 0006h.
CPLD version = 0006h.
// *** BATCH CMD : setMode -bs
Finish loading cdf file f:\pt8612\vhdl\xilinx\sdhd_module_1/SDHD_Module_1.ipf.
// *** BATCH CMD : setMode -bs
// *** BATCH CMD : setMode -ss
// *** BATCH CMD : setMode -sm
// *** BATCH CMD : setMode -bsfile
// *** BATCH CMD : setMode -dtconfig
// *** BATCH CMD : setMode -cf
GUI --- Read System ACE CF Mode...
// *** BATCH CMD : setMode -mpm
GUI --- Read System ACE MPM Mode...
// *** BATCH CMD : setMode -pff
GUI --- Read PROM Formatter Mode...
// *** BATCH CMD : setMode -bs
*****   Closing iMPACT program.   *****
----------------------------------------------------------------------
----------------------------------------------------------------------
