Post Processor Report
OrCAD FILE: F:\PT8616\PCB\REV5_PCB\GPS_GENLOCK-15.MAX
Fri Aug 13 13:04:38 2010

*********************************************************

Output file: F:\PT8616\PCB\REV5_PCB\GPS_GENLOCK-15.TOP

Aperture totals for F:\PT8616\PCB\REV5_PCB\GPS_GENLOCK-15.TOP:
---------------------------------------------------------
D10:  0.0780 x 0.0600 RECTANGLE -----      56 Flashes
D11:  0.0600 x 0.0780 RECTANGLE -----      24 Flashes
D12:  0.0780 SQUARE --       0 Draws,       4 Flashes
D13:  0.0980 x 0.0630 RECTANGLE -----       4 Flashes
D14:  0.0630 x 0.0980 RECTANGLE -----      16 Flashes
D15:  0.1500 x 0.1000 RECTANGLE -----       1 Flashes
D16:  0.2677 x 0.1200 RECTANGLE -----       2 Flashes
D17:  0.0630 ROUND  --       0 Draws,      10 Flashes
D18:  0.0374 x 0.0256 RECTANGLE -----       3 Flashes
D19:  0.0374 x 0.0433 RECTANGLE -----       1 Flashes
D20:  0.2750 ROUND  --       0 Draws,       8 Flashes
D21:  0.0110 x 0.0700 OBLONG    -----      46 Flashes
D22:  0.0110 x 0.0700 RECTANGLE -----       4 Flashes
D23:  0.0700 x 0.0110 OBLONG    -----      45 Flashes
D24:  0.0700 x 0.0110 RECTANGLE -----       5 Flashes
D25:  0.0147 x 0.0453 RECTANGLE -----      16 Flashes
D26:  0.0453 x 0.0147 RECTANGLE -----      16 Flashes
D27:  0.0740 x 0.0240 OBLONG    -----       4 Flashes
D28:  0.0740 x 0.0240 RECTANGLE -----      28 Flashes
D29:  0.0787 x 0.0315 RECTANGLE -----      28 Flashes
D30:  0.0709 x 0.0138 RECTANGLE -----      48 Flashes
D31:  0.0600 x 0.0160 RECTANGLE -----      14 Flashes
D32:  0.0600 x 0.0160 OBLONG    -----       2 Flashes
D33:  0.0138 x 0.0709 RECTANGLE -----      20 Flashes
D34:  0.0240 x 0.0740 OBLONG    -----       1 Flashes
D35:  0.0240 x 0.0740 RECTANGLE -----       7 Flashes
D36:  0.0620 ROUND  --       0 Draws,      44 Flashes
D37:  0.0800 ROUND  --       0 Draws,       2 Flashes
D38:  0.0700 ROUND  --       0 Draws,       9 Flashes
D39:  0.0700 SQUARE --       0 Draws,       1 Flashes
D40:  0.0450 x 0.0650 RECTANGLE -----      14 Flashes
D41:  0.0620 SQUARE --       0 Draws,       2 Flashes
D42:  0.2756 x 0.1575 RECTANGLE -----       2 Flashes
D43:  0.0394 x 0.0492 RECTANGLE -----       4 Flashes
D44:  0.2600 x 0.3500 RECTANGLE -----       2 Flashes
D45:  0.0600 x 0.0400 RECTANGLE -----       6 Flashes
D46:  0.3500 x 0.2600 RECTANGLE -----       1 Flashes
D47:  0.0400 x 0.0600 RECTANGLE -----       3 Flashes
D48:  0.0787 ROUND  --       0 Draws,      12 Flashes
D49:  0.0905 x 0.0780 RECTANGLE -----       6 Flashes
D50:  0.0580 ROUND  --       0 Draws,       4 Flashes
D51:  0.0280 ROUND  --       0 Draws,     216 Flashes
D52:  0.0079 ROUND  --    3998 Draws,       0 Flashes
D53:  0.0100 ROUND  --     530 Draws,       0 Flashes
D54:  0.0080 ROUND  --    1111 Draws,      20 Flashes
D55:  0.0280 ROUND  --       0 Draws,     204 Flashes
D56:  0.0160 ROUND  --      51 Draws,       0 Flashes
D57:  0.0200 ROUND  --       1 Draws,       0 Flashes
D58:  0.0150 ROUND  --       4 Draws,       0 Flashes
---------------------------------------------------------
 49 D-Codes      -----    5695 Draws,     965 Flashes

*********************************************************

Output file: F:\PT8616\PCB\REV5_PCB\GPS_GENLOCK-15.BOT

Aperture totals for F:\PT8616\PCB\REV5_PCB\GPS_GENLOCK-15.BOT:
---------------------------------------------------------
D52:  0.0079 ROUND  --    1906 Draws,       0 Flashes
D53:  0.0100 ROUND  --     164 Draws,       0 Flashes
D54:  0.0080 ROUND  --     548 Draws,       3 Flashes
D55:  0.0280 ROUND  --       0 Draws,     204 Flashes
D56:  0.0160 ROUND  --       4 Draws,       0 Flashes
D59:  0.1299 x 0.0197 RECTANGLE -----       2 Flashes
D60:  0.0780 x 0.0600 RECTANGLE -----      46 Flashes
D61:  0.0600 x 0.0780 RECTANGLE -----      36 Flashes
D62:  0.0980 x 0.0630 RECTANGLE -----       2 Flashes
D63:  0.2677 x 0.1200 RECTANGLE -----       2 Flashes
D64:  0.0630 ROUND  --       0 Draws,      10 Flashes
D65:  0.2750 ROUND  --       0 Draws,       8 Flashes
D66:  0.0620 ROUND  --       0 Draws,      44 Flashes
D67:  0.0800 ROUND  --       0 Draws,       2 Flashes
D68:  0.0700 ROUND  --       0 Draws,       9 Flashes
D69:  0.0700 SQUARE --       0 Draws,       1 Flashes
D70:  0.0450 x 0.0650 RECTANGLE -----      14 Flashes
D71:  0.0620 SQUARE --       0 Draws,       2 Flashes
D72:  0.0394 x 0.0492 RECTANGLE -----       4 Flashes
D73:  0.0492 x 0.0394 RECTANGLE -----       2 Flashes
D74:  0.0787 ROUND  --       0 Draws,      12 Flashes
D75:  0.0580 ROUND  --       0 Draws,       4 Flashes
D76:  0.0280 ROUND  --       0 Draws,     215 Flashes
D77:  0.0280 ROUND  --       0 Draws,       1 Flashes
---------------------------------------------------------
 24 D-Codes      -----    2622 Draws,     623 Flashes

*********************************************************

Output file: F:\PT8616\PCB\REV5_PCB\GPS_GENLOCK-15.GND

Aperture totals for F:\PT8616\PCB\REV5_PCB\GPS_GENLOCK-15.GND:
---------------------------------------------------------
D51:  0.0280 ROUND  --       0 Draws,      82 Flashes
D52:  0.0079 ROUND  --   14139 Draws,       0 Flashes
D53:  0.0100 ROUND  --     989 Draws,       0 Flashes
D67:  0.0800 ROUND  --       0 Draws,      10 Flashes
D70:  0.0450 x 0.0650 RECTANGLE -----      14 Flashes
D74:  0.0787 ROUND  --       0 Draws,      12 Flashes
D76:  0.0280 ROUND  --       0 Draws,     215 Flashes
D77:  0.0280 ROUND  --       0 Draws,     123 Flashes
D78:  0.0610 ROUND  --       0 Draws,      10 Flashes
D79:  0.2850 ROUND  --       0 Draws,       8 Flashes
D80:  0.0720 ROUND  --       0 Draws,      40 Flashes
D81:  0.0900 ROUND  --       0 Draws,       2 Flashes
D82:  0.0820 ROUND  --       0 Draws,       4 Flashes
D83:  0.0820 SQUARE --       0 Draws,       2 Flashes
D84:  0.0579 ROUND  --       0 Draws,       4 Flashes
D85:  0.0020 ROUND  --       9 Draws,       0 Flashes
---------------------------------------------------------
 16 D-Codes      -----   15137 Draws,     526 Flashes

*********************************************************

Output file: F:\PT8616\PCB\REV5_PCB\GPS_GENLOCK-15.PWR

Aperture totals for F:\PT8616\PCB\REV5_PCB\GPS_GENLOCK-15.PWR:
---------------------------------------------------------
D51:  0.0280 ROUND  --       0 Draws,      72 Flashes
D52:  0.0079 ROUND  --   15703 Draws,       0 Flashes
D53:  0.0100 ROUND  --     456 Draws,       0 Flashes
D54:  0.0080 ROUND  --      28 Draws,       0 Flashes
D55:  0.0280 ROUND  --       0 Draws,      60 Flashes
D56:  0.0160 ROUND  --       9 Draws,       1 Flashes
D67:  0.0800 ROUND  --       0 Draws,      10 Flashes
D70:  0.0450 x 0.0650 RECTANGLE -----      14 Flashes
D74:  0.0787 ROUND  --       0 Draws,      12 Flashes
D76:  0.0280 ROUND  --       0 Draws,     215 Flashes
D77:  0.0280 ROUND  --       0 Draws,      73 Flashes
D78:  0.0610 ROUND  --       0 Draws,      10 Flashes
D79:  0.2850 ROUND  --       0 Draws,       8 Flashes
D80:  0.0720 ROUND  --       0 Draws,      40 Flashes
D81:  0.0900 ROUND  --       0 Draws,       2 Flashes
D82:  0.0820 ROUND  --       0 Draws,       4 Flashes
D83:  0.0820 SQUARE --       0 Draws,       2 Flashes
D84:  0.0579 ROUND  --       0 Draws,       4 Flashes
D85:  0.0020 ROUND  --       9 Draws,       0 Flashes
D86:  0.0157 ROUND  --       9 Draws,       0 Flashes
---------------------------------------------------------
 20 D-Codes      -----   16214 Draws,     527 Flashes

*********************************************************

Output file: F:\PT8616\PCB\REV5_PCB\GPS_GENLOCK-15.SMT

Aperture totals for F:\PT8616\PCB\REV5_PCB\GPS_GENLOCK-15.SMT:
---------------------------------------------------------
D63:  0.2677 x 0.1200 RECTANGLE -----       2 Flashes
D66:  0.0620 ROUND  --       0 Draws,       4 Flashes
D71:  0.0620 SQUARE --       0 Draws,       2 Flashes
D75:  0.0580 ROUND  --       0 Draws,       4 Flashes
D78:  0.0610 ROUND  --       0 Draws,      10 Flashes
D80:  0.0720 ROUND  --       0 Draws,       9 Flashes
D82:  0.0820 ROUND  --       0 Draws,       2 Flashes
D87:  0.0800 x 0.0620 RECTANGLE -----      56 Flashes
D88:  0.0620 x 0.0800 RECTANGLE -----      24 Flashes
D89:  0.0800 SQUARE --       0 Draws,       4 Flashes
D90:  0.1000 x 0.0650 RECTANGLE -----       4 Flashes
D91:  0.0650 x 0.1000 RECTANGLE -----      16 Flashes
D92:  0.1500 x 0.1000 RECTANGLE -----       1 Flashes
D93:  0.0413 x 0.0295 RECTANGLE -----       3 Flashes
D94:  0.0413 x 0.0472 RECTANGLE -----       1 Flashes
D95:  0.2770 ROUND  --       0 Draws,       8 Flashes
D96:  0.0110 x 0.0700 OBLONG    -----      46 Flashes
D97:  0.0110 x 0.0700 RECTANGLE -----       4 Flashes
D98:  0.0700 x 0.0110 OBLONG    -----      45 Flashes
D99:  0.0700 x 0.0110 RECTANGLE -----       5 Flashes
D100: 0.0167 x 0.0473 RECTANGLE -----      16 Flashes
D101: 0.0473 x 0.0167 RECTANGLE -----      16 Flashes
D102: 0.0760 x 0.0260 OBLONG    -----       4 Flashes
D103: 0.0760 x 0.0260 RECTANGLE -----      28 Flashes
D104: 0.0827 x 0.0354 RECTANGLE -----      28 Flashes
D105: 0.0709 x 0.0158 RECTANGLE -----      48 Flashes
D106: 0.0620 x 0.0180 RECTANGLE -----      14 Flashes
D107: 0.0620 x 0.0180 OBLONG    -----       2 Flashes
D108: 0.0158 x 0.0709 RECTANGLE -----      20 Flashes
D109: 0.0260 x 0.0760 OBLONG    -----       1 Flashes
D110: 0.0260 x 0.0760 RECTANGLE -----       7 Flashes
D111: 0.0640 ROUND  --       0 Draws,      40 Flashes
D112: 0.0720 SQUARE --       0 Draws,       1 Flashes
D113: 0.0470 x 0.0670 RECTANGLE -----      14 Flashes
D114: 0.2756 x 0.1575 RECTANGLE -----       2 Flashes
D115: 0.0414 x 0.0512 RECTANGLE -----       4 Flashes
D116: 0.2620 x 0.3520 RECTANGLE -----       2 Flashes
D117: 0.0620 x 0.0420 RECTANGLE -----       6 Flashes
D118: 0.3520 x 0.2620 RECTANGLE -----       1 Flashes
D119: 0.0420 x 0.0620 RECTANGLE -----       3 Flashes
D120: 0.0866 ROUND  --       0 Draws,      12 Flashes
D121: 0.0925 x 0.0800 RECTANGLE -----       6 Flashes
---------------------------------------------------------
 42 D-Codes      -----       0 Draws,     525 Flashes

*********************************************************

Output file: F:\PT8616\PCB\REV5_PCB\GPS_GENLOCK-15.SMB

Aperture totals for F:\PT8616\PCB\REV5_PCB\GPS_GENLOCK-15.SMB:
---------------------------------------------------------
D59:  0.1299 x 0.0197 RECTANGLE -----       2 Flashes
D63:  0.2677 x 0.1200 RECTANGLE -----       2 Flashes
D66:  0.0620 ROUND  --       0 Draws,       4 Flashes
D71:  0.0620 SQUARE --       0 Draws,       2 Flashes
D75:  0.0580 ROUND  --       0 Draws,       4 Flashes
D78:  0.0610 ROUND  --       0 Draws,      10 Flashes
D80:  0.0720 ROUND  --       0 Draws,       9 Flashes
D82:  0.0820 ROUND  --       0 Draws,       2 Flashes
D87:  0.0800 x 0.0620 RECTANGLE -----      46 Flashes
D88:  0.0620 x 0.0800 RECTANGLE -----      36 Flashes
D90:  0.1000 x 0.0650 RECTANGLE -----       2 Flashes
D95:  0.2770 ROUND  --       0 Draws,       8 Flashes
D111: 0.0640 ROUND  --       0 Draws,      40 Flashes
D112: 0.0720 SQUARE --       0 Draws,       1 Flashes
D113: 0.0470 x 0.0670 RECTANGLE -----      14 Flashes
D115: 0.0414 x 0.0512 RECTANGLE -----       4 Flashes
D120: 0.0866 ROUND  --       0 Draws,      12 Flashes
D122: 0.0512 x 0.0414 RECTANGLE -----       2 Flashes
---------------------------------------------------------
 18 D-Codes      -----       0 Draws,     200 Flashes

*********************************************************

Output file: F:\PT8616\PCB\REV5_PCB\GPS_GENLOCK-15.SPT

Aperture totals for F:\PT8616\PCB\REV5_PCB\GPS_GENLOCK-15.SPT:
---------------------------------------------------------
D60:  0.0780 x 0.0600 RECTANGLE -----      56 Flashes
D61:  0.0600 x 0.0780 RECTANGLE -----      24 Flashes
D62:  0.0980 x 0.0630 RECTANGLE -----       4 Flashes
D63:  0.2677 x 0.1200 RECTANGLE -----       2 Flashes
D72:  0.0394 x 0.0492 RECTANGLE -----       4 Flashes
D92:  0.1500 x 0.1000 RECTANGLE -----       1 Flashes
D93:  0.0413 x 0.0295 RECTANGLE -----       3 Flashes
D96:  0.0110 x 0.0700 OBLONG    -----      46 Flashes
D97:  0.0110 x 0.0700 RECTANGLE -----       4 Flashes
D98:  0.0700 x 0.0110 OBLONG    -----      45 Flashes
D99:  0.0700 x 0.0110 RECTANGLE -----       5 Flashes
D114: 0.2756 x 0.1575 RECTANGLE -----       2 Flashes
D121: 0.0925 x 0.0800 RECTANGLE -----       6 Flashes
D123: 0.0780 SQUARE --       0 Draws,       4 Flashes
D124: 0.0630 x 0.0980 RECTANGLE -----      16 Flashes
D125: 0.0374 x 0.0433 RECTANGLE -----       1 Flashes
D126: 0.0147 x 0.0453 RECTANGLE -----      16 Flashes
D127: 0.0453 x 0.0147 RECTANGLE -----      16 Flashes
D128: 0.0740 x 0.0240 OBLONG    -----       4 Flashes
D129: 0.0740 x 0.0240 RECTANGLE -----      28 Flashes
D130: 0.0787 x 0.0315 RECTANGLE -----      28 Flashes
D131: 0.0709 x 0.0138 RECTANGLE -----      48 Flashes
D132: 0.0600 x 0.0160 RECTANGLE -----      14 Flashes
D133: 0.0600 x 0.0160 OBLONG    -----       2 Flashes
D134: 0.0138 x 0.0709 RECTANGLE -----      20 Flashes
D135: 0.0240 x 0.0740 OBLONG    -----       1 Flashes
D136: 0.0240 x 0.0740 RECTANGLE -----       7 Flashes
D137: 0.2600 x 0.3500 RECTANGLE -----       2 Flashes
D138: 0.0600 x 0.0400 RECTANGLE -----       6 Flashes
D139: 0.3500 x 0.2600 RECTANGLE -----       1 Flashes
D140: 0.0400 x 0.0600 RECTANGLE -----       3 Flashes
---------------------------------------------------------
 31 D-Codes      -----       0 Draws,     419 Flashes

*********************************************************

Output file: F:\PT8616\PCB\REV5_PCB\GPS_GENLOCK-15.SPB

Aperture totals for F:\PT8616\PCB\REV5_PCB\GPS_GENLOCK-15.SPB:
---------------------------------------------------------
D59:  0.1299 x 0.0197 RECTANGLE -----       2 Flashes
D60:  0.0780 x 0.0600 RECTANGLE -----      46 Flashes
D61:  0.0600 x 0.0780 RECTANGLE -----      36 Flashes
D62:  0.0980 x 0.0630 RECTANGLE -----       2 Flashes
D63:  0.2677 x 0.1200 RECTANGLE -----       2 Flashes
D72:  0.0394 x 0.0492 RECTANGLE -----       4 Flashes
D73:  0.0492 x 0.0394 RECTANGLE -----       2 Flashes
---------------------------------------------------------
  7 D-Codes      -----       0 Draws,      94 Flashes

*********************************************************

Output file: F:\PT8616\PCB\REV5_PCB\GPS_GENLOCK-15.SST

Aperture totals for F:\PT8616\PCB\REV5_PCB\GPS_GENLOCK-15.SST:
---------------------------------------------------------
D52:  0.0079 ROUND  --       2 Draws,       0 Flashes
D53:  0.0100 ROUND  --     357 Draws,       0 Flashes
D54:  0.0080 ROUND  --     231 Draws,       0 Flashes
D141: 0.0120 ROUND  --      64 Draws,       0 Flashes
D142: 0.0060 ROUND  --    1334 Draws,       0 Flashes
D143: 0.0118 ROUND  --      13 Draws,       0 Flashes
---------------------------------------------------------
  6 D-Codes      -----    2001 Draws,       0 Flashes

*********************************************************

Output file: F:\PT8616\PCB\REV5_PCB\GPS_GENLOCK-15.SSB

Aperture totals for F:\PT8616\PCB\REV5_PCB\GPS_GENLOCK-15.SSB:
---------------------------------------------------------
D52:  0.0079 ROUND  --      40 Draws,       0 Flashes
D53:  0.0100 ROUND  --     235 Draws,       0 Flashes
D54:  0.0080 ROUND  --     216 Draws,       0 Flashes
D141: 0.0120 ROUND  --      10 Draws,       0 Flashes
D142: 0.0060 ROUND  --     840 Draws,       0 Flashes
D144: 0.0050 ROUND  --       8 Draws,       0 Flashes
D145: 0.0040 ROUND  --       6 Draws,       0 Flashes
D146: 0.0059 ROUND  --     341 Draws,       0 Flashes
---------------------------------------------------------
  8 D-Codes      -----    1696 Draws,       0 Flashes

*********************************************************

Output file: F:\PT8616\PCB\REV5_PCB\GPS_GENLOCK-15.DRD

Aperture totals for F:\PT8616\PCB\REV5_PCB\GPS_GENLOCK-15.DRD:
---------------------------------------------------------
D53:  0.0100 ROUND  --   11120 Draws,       0 Flashes
D85:  0.0020 ROUND  --       9 Draws,       0 Flashes
---------------------------------------------------------
  2 D-Codes      -----   11129 Draws,       0 Flashes

*********************************************************

Output file: F:\PT8616\PCB\REV5_PCB\GPS_GENLOCK-15.CTR

Aperture totals for F:\PT8616\PCB\REV5_PCB\GPS_GENLOCK-15.CTR:
---------------------------------------------------------
D85:  0.0020 ROUND  --       9 Draws,       0 Flashes
---------------------------------------------------------
  1 D-Codes      -----       9 Draws,       0 Flashes


*********************************************************

Aperture totals for entire project:
---------------------------------------------------------
D10:  0.0780 x 0.0600 RECTANGLE -----      56 Flashes
D11:  0.0600 x 0.0780 RECTANGLE -----      24 Flashes
D12:  0.0780 SQUARE --       0 Draws,       4 Flashes
D13:  0.0980 x 0.0630 RECTANGLE -----       4 Flashes
D14:  0.0630 x 0.0980 RECTANGLE -----      16 Flashes
D15:  0.1500 x 0.1000 RECTANGLE -----       1 Flashes
D16:  0.2677 x 0.1200 RECTANGLE -----       2 Flashes
D17:  0.0630 ROUND  --       0 Draws,      10 Flashes
D18:  0.0374 x 0.0256 RECTANGLE -----       3 Flashes
D19:  0.0374 x 0.0433 RECTANGLE -----       1 Flashes
D20:  0.2750 ROUND  --       0 Draws,       8 Flashes
D21:  0.0110 x 0.0700 OBLONG    -----      46 Flashes
D22:  0.0110 x 0.0700 RECTANGLE -----       4 Flashes
D23:  0.0700 x 0.0110 OBLONG    -----      45 Flashes
D24:  0.0700 x 0.0110 RECTANGLE -----       5 Flashes
D25:  0.0147 x 0.0453 RECTANGLE -----      16 Flashes
D26:  0.0453 x 0.0147 RECTANGLE -----      16 Flashes
D27:  0.0740 x 0.0240 OBLONG    -----       4 Flashes
D28:  0.0740 x 0.0240 RECTANGLE -----      28 Flashes
D29:  0.0787 x 0.0315 RECTANGLE -----      28 Flashes
D30:  0.0709 x 0.0138 RECTANGLE -----      48 Flashes
D31:  0.0600 x 0.0160 RECTANGLE -----      14 Flashes
D32:  0.0600 x 0.0160 OBLONG    -----       2 Flashes
D33:  0.0138 x 0.0709 RECTANGLE -----      20 Flashes
D34:  0.0240 x 0.0740 OBLONG    -----       1 Flashes
D35:  0.0240 x 0.0740 RECTANGLE -----       7 Flashes
D36:  0.0620 ROUND  --       0 Draws,      44 Flashes
D37:  0.0800 ROUND  --       0 Draws,       2 Flashes
D38:  0.0700 ROUND  --       0 Draws,       9 Flashes
D39:  0.0700 SQUARE --       0 Draws,       1 Flashes
D40:  0.0450 x 0.0650 RECTANGLE -----      14 Flashes
D41:  0.0620 SQUARE --       0 Draws,       2 Flashes
D42:  0.2756 x 0.1575 RECTANGLE -----       2 Flashes
D43:  0.0394 x 0.0492 RECTANGLE -----       4 Flashes
D44:  0.2600 x 0.3500 RECTANGLE -----       2 Flashes
D45:  0.0600 x 0.0400 RECTANGLE -----       6 Flashes
D46:  0.3500 x 0.2600 RECTANGLE -----       1 Flashes
D47:  0.0400 x 0.0600 RECTANGLE -----       3 Flashes
D48:  0.0787 ROUND  --       0 Draws,      12 Flashes
D49:  0.0905 x 0.0780 RECTANGLE -----       6 Flashes
D50:  0.0580 ROUND  --       0 Draws,       4 Flashes
D51:  0.0280 ROUND  --       0 Draws,     370 Flashes
D52:  0.0079 ROUND  --   35788 Draws,       0 Flashes
D53:  0.0100 ROUND  --   13851 Draws,       0 Flashes
D54:  0.0080 ROUND  --    2134 Draws,      23 Flashes
D55:  0.0280 ROUND  --       0 Draws,     468 Flashes
D56:  0.0160 ROUND  --      64 Draws,       1 Flashes
D57:  0.0200 ROUND  --       1 Draws,       0 Flashes
D58:  0.0150 ROUND  --       4 Draws,       0 Flashes
D59:  0.1299 x 0.0197 RECTANGLE -----       6 Flashes
D60:  0.0780 x 0.0600 RECTANGLE -----     148 Flashes
D61:  0.0600 x 0.0780 RECTANGLE -----      96 Flashes
D62:  0.0980 x 0.0630 RECTANGLE -----       8 Flashes
D63:  0.2677 x 0.1200 RECTANGLE -----      10 Flashes
D64:  0.0630 ROUND  --       0 Draws,      10 Flashes
D65:  0.2750 ROUND  --       0 Draws,       8 Flashes
D66:  0.0620 ROUND  --       0 Draws,      52 Flashes
D67:  0.0800 ROUND  --       0 Draws,      22 Flashes
D68:  0.0700 ROUND  --       0 Draws,       9 Flashes
D69:  0.0700 SQUARE --       0 Draws,       1 Flashes
D70:  0.0450 x 0.0650 RECTANGLE -----      42 Flashes
D71:  0.0620 SQUARE --       0 Draws,       6 Flashes
D72:  0.0394 x 0.0492 RECTANGLE -----      12 Flashes
D73:  0.0492 x 0.0394 RECTANGLE -----       4 Flashes
D74:  0.0787 ROUND  --       0 Draws,      36 Flashes
D75:  0.0580 ROUND  --       0 Draws,      12 Flashes
D76:  0.0280 ROUND  --       0 Draws,     645 Flashes
D77:  0.0280 ROUND  --       0 Draws,     197 Flashes
D78:  0.0610 ROUND  --       0 Draws,      40 Flashes
D79:  0.2850 ROUND  --       0 Draws,      16 Flashes
D80:  0.0720 ROUND  --       0 Draws,      98 Flashes
D81:  0.0900 ROUND  --       0 Draws,       4 Flashes
D82:  0.0820 ROUND  --       0 Draws,      12 Flashes
D83:  0.0820 SQUARE --       0 Draws,       4 Flashes
D84:  0.0579 ROUND  --       0 Draws,       8 Flashes
D85:  0.0020 ROUND  --      36 Draws,       0 Flashes
D86:  0.0157 ROUND  --       9 Draws,       0 Flashes
D87:  0.0800 x 0.0620 RECTANGLE -----     102 Flashes
D88:  0.0620 x 0.0800 RECTANGLE -----      60 Flashes
D89:  0.0800 SQUARE --       0 Draws,       4 Flashes
D90:  0.1000 x 0.0650 RECTANGLE -----       6 Flashes
D91:  0.0650 x 0.1000 RECTANGLE -----      16 Flashes
D92:  0.1500 x 0.1000 RECTANGLE -----       2 Flashes
D93:  0.0413 x 0.0295 RECTANGLE -----       6 Flashes
D94:  0.0413 x 0.0472 RECTANGLE -----       1 Flashes
D95:  0.2770 ROUND  --       0 Draws,      16 Flashes
D96:  0.0110 x 0.0700 OBLONG    -----      92 Flashes
D97:  0.0110 x 0.0700 RECTANGLE -----       8 Flashes
D98:  0.0700 x 0.0110 OBLONG    -----      90 Flashes
D99:  0.0700 x 0.0110 RECTANGLE -----      10 Flashes
D100: 0.0167 x 0.0473 RECTANGLE -----      16 Flashes
D101: 0.0473 x 0.0167 RECTANGLE -----      16 Flashes
D102: 0.0760 x 0.0260 OBLONG    -----       4 Flashes
D103: 0.0760 x 0.0260 RECTANGLE -----      28 Flashes
D104: 0.0827 x 0.0354 RECTANGLE -----      28 Flashes
D105: 0.0709 x 0.0158 RECTANGLE -----      48 Flashes
D106: 0.0620 x 0.0180 RECTANGLE -----      14 Flashes
D107: 0.0620 x 0.0180 OBLONG    -----       2 Flashes
D108: 0.0158 x 0.0709 RECTANGLE -----      20 Flashes
D109: 0.0260 x 0.0760 OBLONG    -----       1 Flashes
D110: 0.0260 x 0.0760 RECTANGLE -----       7 Flashes
D111: 0.0640 ROUND  --       0 Draws,      80 Flashes
D112: 0.0720 SQUARE --       0 Draws,       2 Flashes
D113: 0.0470 x 0.0670 RECTANGLE -----      28 Flashes
D114: 0.2756 x 0.1575 RECTANGLE -----       4 Flashes
D115: 0.0414 x 0.0512 RECTANGLE -----       8 Flashes
D116: 0.2620 x 0.3520 RECTANGLE -----       2 Flashes
D117: 0.0620 x 0.0420 RECTANGLE -----       6 Flashes
D118: 0.3520 x 0.2620 RECTANGLE -----       1 Flashes
D119: 0.0420 x 0.0620 RECTANGLE -----       3 Flashes
D120: 0.0866 ROUND  --       0 Draws,      24 Flashes
D121: 0.0925 x 0.0800 RECTANGLE -----      12 Flashes
D122: 0.0512 x 0.0414 RECTANGLE -----       2 Flashes
D123: 0.0780 SQUARE --       0 Draws,       4 Flashes
D124: 0.0630 x 0.0980 RECTANGLE -----      16 Flashes
D125: 0.0374 x 0.0433 RECTANGLE -----       1 Flashes
D126: 0.0147 x 0.0453 RECTANGLE -----      16 Flashes
D127: 0.0453 x 0.0147 RECTANGLE -----      16 Flashes
D128: 0.0740 x 0.0240 OBLONG    -----       4 Flashes
D129: 0.0740 x 0.0240 RECTANGLE -----      28 Flashes
D130: 0.0787 x 0.0315 RECTANGLE -----      28 Flashes
D131: 0.0709 x 0.0138 RECTANGLE -----      48 Flashes
D132: 0.0600 x 0.0160 RECTANGLE -----      14 Flashes
D133: 0.0600 x 0.0160 OBLONG    -----       2 Flashes
D134: 0.0138 x 0.0709 RECTANGLE -----      20 Flashes
D135: 0.0240 x 0.0740 OBLONG    -----       1 Flashes
D136: 0.0240 x 0.0740 RECTANGLE -----       7 Flashes
D137: 0.2600 x 0.3500 RECTANGLE -----       2 Flashes
D138: 0.0600 x 0.0400 RECTANGLE -----       6 Flashes
D139: 0.3500 x 0.2600 RECTANGLE -----       1 Flashes
D140: 0.0400 x 0.0600 RECTANGLE -----       3 Flashes
D141: 0.0120 ROUND  --      74 Draws,       0 Flashes
D142: 0.0060 ROUND  --    2174 Draws,       0 Flashes
D143: 0.0118 ROUND  --      13 Draws,       0 Flashes
D144: 0.0050 ROUND  --       8 Draws,       0 Flashes
D145: 0.0040 ROUND  --       6 Draws,       0 Flashes
D146: 0.0059 ROUND  --     341 Draws,       0 Flashes
---------------------------------------------------------
137 D-Codes      -----   54503 Draws,    3879 Flashes


No warnings or errors.
