Thu Mar 01 12:53:35 UserDiv from Layout.INI for AutoECO: 60
Thu Mar 01 12:53:35 Loaded file C:\ORCAD\ORCAD_10.5\TOOLS\LAYOUT\DATA\2BET_SMT.TCH
Thu Mar 01 12:53:35 Loaded file E:\PROTEL_LIB\LIB\KOPI AF DKA_LIB_01.LLB
Thu Mar 01 12:53:35 Loaded file E:\PROTEL_LIB\LIB\ADDITION2.LLB
Thu Mar 01 12:53:35 Loaded file E:\PROTEL_LIB\LIB\DKA_LIB.LLB
Thu Mar 01 12:53:36 Loaded file E:\PROTEL_LIB\LIB\DKA_LIB_01.LLB
Thu Mar 01 12:53:36 Loaded file C:\OrCAD\OrCAD_10.5\tools\Layout\library\BCON100T.llb
Thu Mar 01 12:53:36 Loaded file C:\OrCAD\OrCAD_10.5\tools\Layout\library\BCON156T.llb
Thu Mar 01 12:53:36 Loaded file C:\OrCAD\OrCAD_10.5\tools\Layout\library\BGA.llb
Thu Mar 01 12:53:36 Loaded file C:\OrCAD\OrCAD_10.5\tools\Layout\library\CLCC.llb
Thu Mar 01 12:53:36 Loaded file C:\OrCAD\OrCAD_10.5\tools\Layout\library\DCON050T.llb
Thu Mar 01 12:53:36 Loaded file C:\OrCAD\OrCAD_10.5\tools\Layout\library\DCON085T.llb
Thu Mar 01 12:53:36 Loaded file C:\OrCAD\OrCAD_10.5\tools\Layout\library\DIMM050F.llb
Thu Mar 01 12:53:36 Loaded file C:\OrCAD\OrCAD_10.5\tools\Layout\library\DIMM050T.llb
Thu Mar 01 12:53:36 Loaded file C:\OrCAD\OrCAD_10.5\tools\Layout\library\DIN.llb
Thu Mar 01 12:53:36 Loaded file C:\OrCAD\OrCAD_10.5\tools\Layout\library\DIP100B.llb
Thu Mar 01 12:53:36 Loaded file C:\OrCAD\OrCAD_10.5\tools\Layout\library\DIP100T.llb
Thu Mar 01 12:53:36 Loaded file C:\OrCAD\OrCAD_10.5\tools\Layout\library\DSUBT.llb
Thu Mar 01 12:53:36 Loaded file C:\OrCAD\OrCAD_10.5\tools\Layout\library\DSUBT_HD.LLB
Thu Mar 01 12:53:36 Loaded file C:\OrCAD\OrCAD_10.5\tools\Layout\library\ECON100T.llb
Thu Mar 01 12:53:36 Loaded file C:\OrCAD\OrCAD_10.5\tools\Layout\library\FBUS.llb
Thu Mar 01 12:53:36 Loaded file C:\OrCAD\OrCAD_10.5\tools\Layout\library\ISA.llb
Thu Mar 01 12:53:36 Loaded file C:\OrCAD\OrCAD_10.5\tools\Layout\library\JUMPER.LLB
Thu Mar 01 12:53:36 Loaded file C:\OrCAD\OrCAD_10.5\tools\Layout\library\LAYOUT.llb
Thu Mar 01 12:53:36 Loaded file C:\OrCAD\OrCAD_10.5\tools\Layout\library\LCON100T.llb
Thu Mar 01 12:53:36 Loaded file C:\OrCAD\OrCAD_10.5\tools\Layout\library\PC104.llb
Thu Mar 01 12:53:36 Loaded file C:\OrCAD\OrCAD_10.5\tools\Layout\library\PCI.llb
Thu Mar 01 12:53:36 Loaded file C:\OrCAD\OrCAD_10.5\tools\Layout\library\PCON100T.llb
Thu Mar 01 12:53:36 Loaded file C:\OrCAD\OrCAD_10.5\tools\Layout\library\PCON156T.llb
Thu Mar 01 12:53:36 Loaded file C:\OrCAD\OrCAD_10.5\tools\Layout\library\PGA.llb
Thu Mar 01 12:53:36 Loaded file C:\OrCAD\OrCAD_10.5\tools\Layout\library\PLCC.llb
Thu Mar 01 12:53:36 Loaded file C:\OrCAD\OrCAD_10.5\tools\Layout\library\QUAD.llb
Thu Mar 01 12:53:37 Loaded file C:\OrCAD\OrCAD_10.5\tools\Layout\library\QUADB.llb
Thu Mar 01 12:53:37 Loaded file C:\OrCAD\OrCAD_10.5\tools\Layout\library\RELAY.llb
Thu Mar 01 12:53:37 Loaded file C:\OrCAD\OrCAD_10.5\tools\Layout\library\RF.llb
Thu Mar 01 12:53:37 Loaded file C:\OrCAD\OrCAD_10.5\tools\Layout\library\SBUS.llb
Thu Mar 01 12:53:37 Loaded file C:\OrCAD\OrCAD_10.5\tools\Layout\library\SIMM050F.llb
Thu Mar 01 12:53:37 Loaded file C:\OrCAD\OrCAD_10.5\tools\Layout\library\SIMM050T.llb
Thu Mar 01 12:53:37 Loaded file C:\OrCAD\OrCAD_10.5\tools\Layout\library\SIMM100F.llb
Thu Mar 01 12:53:37 Loaded file C:\OrCAD\OrCAD_10.5\tools\Layout\library\SIMM100T.llb
Thu Mar 01 12:53:37 Loaded file C:\OrCAD\OrCAD_10.5\tools\Layout\library\SIP.llb
Thu Mar 01 12:53:37 Loaded file C:\OrCAD\OrCAD_10.5\tools\Layout\library\SM.llb
Thu Mar 01 12:53:37 Loaded file C:\OrCAD\OrCAD_10.5\tools\Layout\library\SOG.llb
Thu Mar 01 12:53:37 Loaded file C:\OrCAD\OrCAD_10.5\tools\Layout\library\SOJ.llb
Thu Mar 01 12:53:37 Loaded file C:\OrCAD\OrCAD_10.5\tools\Layout\library\STIFF.llb
Thu Mar 01 12:53:37 Loaded file C:\OrCAD\OrCAD_10.5\tools\Layout\library\TELE.llb
Thu Mar 01 12:53:37 Loaded file C:\OrCAD\OrCAD_10.5\tools\Layout\library\TM_AXIAL.llb
Thu Mar 01 12:53:37 Loaded file C:\OrCAD\OrCAD_10.5\tools\Layout\library\TM_CAP_P.llb
Thu Mar 01 12:53:37 Loaded file C:\OrCAD\OrCAD_10.5\tools\Layout\library\TM_CYLND.llb
Thu Mar 01 12:53:37 Loaded file C:\OrCAD\OrCAD_10.5\tools\Layout\library\TM_DIODE.llb
Thu Mar 01 12:53:37 Loaded file C:\OrCAD\OrCAD_10.5\tools\Layout\library\TM_DISC.llb
Thu Mar 01 12:53:37 Loaded file C:\OrCAD\OrCAD_10.5\tools\Layout\library\TM_RAD.llb
Thu Mar 01 12:53:37 Loaded file C:\OrCAD\OrCAD_10.5\tools\Layout\library\TO.llb
Thu Mar 01 12:53:38 Loaded file C:\OrCAD\OrCAD_10.5\tools\Layout\library\TRAINING.LLB
Thu Mar 01 12:53:38 Loaded file C:\OrCAD\OrCAD_10.5\tools\Layout\library\VRES.llb
Thu Mar 01 12:53:38 Loaded file C:\OrCAD\OrCAD_10.5\tools\Layout\library\WCON100T.llb
Thu Mar 01 12:53:38 Loaded file C:\OrCAD\OrCAD_10.5\tools\Layout\library\XT.llb
Thu Mar 01 12:53:38 Loaded file C:\OrCAD\OrCAD_10.5\tools\Layout\library\ZIGZAG.llb
Thu Mar 01 12:53:38 Loaded file C:\ORCAD\ORCAD_10.5\TOOLS\LAYOUT\DATA\2BET_SMT.TCH
Thu Mar 01 12:53:38 Saved as file C:\ORCAD\ORCAD_10.5\TOOLS\LAYOUT\DATA\2BET_SMT.TCH
Thu Mar 01 12:54:30 UserDiv from Layout.INI for AutoECO: 60
Thu Mar 01 12:54:30 Loaded file C:\ORCAD\ORCAD_10.5\TOOLS\LAYOUT\DATA\2BET_SMT.TCH
Thu Mar 01 12:54:31 Loaded file E:\PROTEL_LIB\LIB\KOPI AF DKA_LIB_01.LLB
Thu Mar 01 12:54:31 Loaded file E:\PROTEL_LIB\LIB\ADDITION2.LLB
Thu Mar 01 12:54:31 Loaded file E:\PROTEL_LIB\LIB\DKA_LIB.LLB
Thu Mar 01 12:54:31 Loaded file E:\PROTEL_LIB\LIB\DKA_LIB_01.LLB
Thu Mar 01 12:54:31 Loaded file C:\OrCAD\OrCAD_10.5\tools\Layout\library\BCON100T.llb
Thu Mar 01 12:54:31 Loaded file C:\OrCAD\OrCAD_10.5\tools\Layout\library\BCON156T.llb
Thu Mar 01 12:54:31 Loaded file C:\OrCAD\OrCAD_10.5\tools\Layout\library\BGA.llb
Thu Mar 01 12:54:31 Loaded file C:\OrCAD\OrCAD_10.5\tools\Layout\library\CLCC.llb
Thu Mar 01 12:54:31 Loaded file C:\OrCAD\OrCAD_10.5\tools\Layout\library\DCON050T.llb
Thu Mar 01 12:54:31 Loaded file C:\OrCAD\OrCAD_10.5\tools\Layout\library\DCON085T.llb
Thu Mar 01 12:54:31 Loaded file C:\OrCAD\OrCAD_10.5\tools\Layout\library\DIMM050F.llb
Thu Mar 01 12:54:31 Loaded file C:\OrCAD\OrCAD_10.5\tools\Layout\library\DIMM050T.llb
Thu Mar 01 12:54:31 Loaded file C:\OrCAD\OrCAD_10.5\tools\Layout\library\DIN.llb
Thu Mar 01 12:54:31 Loaded file C:\OrCAD\OrCAD_10.5\tools\Layout\library\DIP100B.llb
Thu Mar 01 12:54:31 Loaded file C:\OrCAD\OrCAD_10.5\tools\Layout\library\DIP100T.llb
Thu Mar 01 12:54:31 Loaded file C:\OrCAD\OrCAD_10.5\tools\Layout\library\DSUBT.llb
Thu Mar 01 12:54:31 Loaded file C:\OrCAD\OrCAD_10.5\tools\Layout\library\DSUBT_HD.LLB
Thu Mar 01 12:54:32 Loaded file C:\OrCAD\OrCAD_10.5\tools\Layout\library\ECON100T.llb
Thu Mar 01 12:54:32 Loaded file C:\OrCAD\OrCAD_10.5\tools\Layout\library\FBUS.llb
Thu Mar 01 12:54:32 Loaded file C:\OrCAD\OrCAD_10.5\tools\Layout\library\ISA.llb
Thu Mar 01 12:54:32 Loaded file C:\OrCAD\OrCAD_10.5\tools\Layout\library\JUMPER.LLB
Thu Mar 01 12:54:32 Loaded file C:\OrCAD\OrCAD_10.5\tools\Layout\library\LAYOUT.llb
Thu Mar 01 12:54:32 Loaded file C:\OrCAD\OrCAD_10.5\tools\Layout\library\LCON100T.llb
Thu Mar 01 12:54:32 Loaded file C:\OrCAD\OrCAD_10.5\tools\Layout\library\PC104.llb
Thu Mar 01 12:54:32 Loaded file C:\OrCAD\OrCAD_10.5\tools\Layout\library\PCI.llb
Thu Mar 01 12:54:32 Loaded file C:\OrCAD\OrCAD_10.5\tools\Layout\library\PCON100T.llb
Thu Mar 01 12:54:32 Loaded file C:\OrCAD\OrCAD_10.5\tools\Layout\library\PCON156T.llb
Thu Mar 01 12:54:32 Loaded file C:\OrCAD\OrCAD_10.5\tools\Layout\library\PGA.llb
Thu Mar 01 12:54:32 Loaded file C:\OrCAD\OrCAD_10.5\tools\Layout\library\PLCC.llb
Thu Mar 01 12:54:32 Loaded file C:\OrCAD\OrCAD_10.5\tools\Layout\library\QUAD.llb
Thu Mar 01 12:54:32 Loaded file C:\OrCAD\OrCAD_10.5\tools\Layout\library\QUADB.llb
Thu Mar 01 12:54:32 Loaded file C:\OrCAD\OrCAD_10.5\tools\Layout\library\RELAY.llb
Thu Mar 01 12:54:32 Loaded file C:\OrCAD\OrCAD_10.5\tools\Layout\library\RF.llb
Thu Mar 01 12:54:32 Loaded file C:\OrCAD\OrCAD_10.5\tools\Layout\library\SBUS.llb
Thu Mar 01 12:54:32 Loaded file C:\OrCAD\OrCAD_10.5\tools\Layout\library\SIMM050F.llb
Thu Mar 01 12:54:32 Loaded file C:\OrCAD\OrCAD_10.5\tools\Layout\library\SIMM050T.llb
Thu Mar 01 12:54:32 Loaded file C:\OrCAD\OrCAD_10.5\tools\Layout\library\SIMM100F.llb
Thu Mar 01 12:54:32 Loaded file C:\OrCAD\OrCAD_10.5\tools\Layout\library\SIMM100T.llb
Thu Mar 01 12:54:32 Loaded file C:\OrCAD\OrCAD_10.5\tools\Layout\library\SIP.llb
Thu Mar 01 12:54:32 Loaded file C:\OrCAD\OrCAD_10.5\tools\Layout\library\SM.llb
Thu Mar 01 12:54:32 Loaded file C:\OrCAD\OrCAD_10.5\tools\Layout\library\SOG.llb
Thu Mar 01 12:54:32 Loaded file C:\OrCAD\OrCAD_10.5\tools\Layout\library\SOJ.llb
Thu Mar 01 12:54:32 Loaded file C:\OrCAD\OrCAD_10.5\tools\Layout\library\STIFF.llb
Thu Mar 01 12:54:32 Loaded file C:\OrCAD\OrCAD_10.5\tools\Layout\library\TELE.llb
Thu Mar 01 12:54:32 Loaded file C:\OrCAD\OrCAD_10.5\tools\Layout\library\TM_AXIAL.llb
Thu Mar 01 12:54:32 Loaded file C:\OrCAD\OrCAD_10.5\tools\Layout\library\TM_CAP_P.llb
Thu Mar 01 12:54:32 Loaded file C:\OrCAD\OrCAD_10.5\tools\Layout\library\TM_CYLND.llb
Thu Mar 01 12:54:32 Loaded file C:\OrCAD\OrCAD_10.5\tools\Layout\library\TM_DIODE.llb
Thu Mar 01 12:54:32 Loaded file C:\OrCAD\OrCAD_10.5\tools\Layout\library\TM_DISC.llb
Thu Mar 01 12:54:32 Loaded file C:\OrCAD\OrCAD_10.5\tools\Layout\library\TM_RAD.llb
Thu Mar 01 12:54:32 Loaded file C:\OrCAD\OrCAD_10.5\tools\Layout\library\TO.llb
Thu Mar 01 12:54:33 Loaded file C:\OrCAD\OrCAD_10.5\tools\Layout\library\TRAINING.LLB
Thu Mar 01 12:54:33 Loaded file C:\OrCAD\OrCAD_10.5\tools\Layout\library\VRES.llb
Thu Mar 01 12:54:33 Loaded file C:\OrCAD\OrCAD_10.5\tools\Layout\library\WCON100T.llb
Thu Mar 01 12:54:33 Loaded file C:\OrCAD\OrCAD_10.5\tools\Layout\library\XT.llb
Thu Mar 01 12:54:33 Loaded file C:\OrCAD\OrCAD_10.5\tools\Layout\library\ZIGZAG.llb
Thu Mar 01 12:54:33 Loaded file E:\PROTEL_LIB\LIB\DKA_LIB_01.LLB
Thu Mar 01 12:54:33 Loaded file E:\PROTEL_LIB\LIB\DKA_LIB_01.LLB
Thu Mar 01 12:54:45 Loaded file C:\OrCAD\OrCAD_10.5\tools\Layout\data\template.imp
Thu Mar 01 12:54:45 Loaded file C:\OrCAD\OrCAD_10.5\tools\Layout\data\template.imp
Thu Mar 01 12:55:11 Loaded file C:\OrCAD\OrCAD_10.5\tools\Layout\data\template.imp
Thu Mar 01 12:55:13 Loaded file E:\PROTEL_LIB\LIB\DKA_LIB_01.LLB
Thu Mar 01 12:55:22 Loaded file E:\PROTEL_LIB\LIB\KOPI AF DKA_LIB_01.LLB
Thu Mar 01 12:55:22 Loaded file E:\PROTEL_LIB\LIB\ADDITION2.LLB
Thu Mar 01 12:55:22 Loaded file E:\PROTEL_LIB\LIB\DKA_LIB.LLB
Thu Mar 01 12:55:23 Loaded file E:\PROTEL_LIB\LIB\DKA_LIB_01.LLB
Thu Mar 01 12:55:23 Loaded file C:\OrCAD\OrCAD_10.5\tools\Layout\library\BCON100T.llb
Thu Mar 01 12:55:23 Loaded file C:\OrCAD\OrCAD_10.5\tools\Layout\library\BCON156T.llb
Thu Mar 01 12:55:23 Loaded file C:\OrCAD\OrCAD_10.5\tools\Layout\library\BGA.llb
Thu Mar 01 12:55:23 Loaded file C:\OrCAD\OrCAD_10.5\tools\Layout\library\CLCC.llb
Thu Mar 01 12:55:23 Loaded file C:\OrCAD\OrCAD_10.5\tools\Layout\library\DCON050T.llb
Thu Mar 01 12:55:23 Loaded file C:\OrCAD\OrCAD_10.5\tools\Layout\library\DCON085T.llb
Thu Mar 01 12:55:23 Loaded file C:\OrCAD\OrCAD_10.5\tools\Layout\library\DIMM050F.llb
Thu Mar 01 12:55:23 Loaded file C:\OrCAD\OrCAD_10.5\tools\Layout\library\DIMM050T.llb
Thu Mar 01 12:55:23 Loaded file C:\OrCAD\OrCAD_10.5\tools\Layout\library\DIN.llb
Thu Mar 01 12:55:23 Loaded file C:\OrCAD\OrCAD_10.5\tools\Layout\library\DIP100B.llb
Thu Mar 01 12:55:23 Loaded file C:\OrCAD\OrCAD_10.5\tools\Layout\library\DIP100T.llb
Thu Mar 01 12:55:23 Loaded file C:\OrCAD\OrCAD_10.5\tools\Layout\library\DSUBT.llb
Thu Mar 01 12:55:23 Loaded file C:\OrCAD\OrCAD_10.5\tools\Layout\library\DSUBT_HD.LLB
Thu Mar 01 12:55:23 Loaded file C:\OrCAD\OrCAD_10.5\tools\Layout\library\ECON100T.llb
Thu Mar 01 12:55:23 Loaded file C:\OrCAD\OrCAD_10.5\tools\Layout\library\FBUS.llb
Thu Mar 01 12:55:23 Loaded file C:\OrCAD\OrCAD_10.5\tools\Layout\library\ISA.llb
Thu Mar 01 12:55:23 Loaded file C:\OrCAD\OrCAD_10.5\tools\Layout\library\JUMPER.LLB
Thu Mar 01 12:55:23 Loaded file C:\OrCAD\OrCAD_10.5\tools\Layout\library\LAYOUT.llb
Thu Mar 01 12:55:23 Loaded file C:\OrCAD\OrCAD_10.5\tools\Layout\library\LCON100T.llb
Thu Mar 01 12:55:23 Loaded file C:\OrCAD\OrCAD_10.5\tools\Layout\library\PC104.llb
Thu Mar 01 12:55:23 Loaded file C:\OrCAD\OrCAD_10.5\tools\Layout\library\PCI.llb
Thu Mar 01 12:55:23 Loaded file C:\OrCAD\OrCAD_10.5\tools\Layout\library\PCON100T.llb
Thu Mar 01 12:55:23 Loaded file C:\OrCAD\OrCAD_10.5\tools\Layout\library\PCON156T.llb
Thu Mar 01 12:55:23 Loaded file C:\OrCAD\OrCAD_10.5\tools\Layout\library\PGA.llb
Thu Mar 01 12:55:24 Loaded file C:\OrCAD\OrCAD_10.5\tools\Layout\library\PLCC.llb
Thu Mar 01 12:55:24 Loaded file C:\OrCAD\OrCAD_10.5\tools\Layout\library\QUAD.llb
Thu Mar 01 12:55:24 Loaded file C:\OrCAD\OrCAD_10.5\tools\Layout\library\QUADB.llb
Thu Mar 01 12:55:24 Loaded file C:\OrCAD\OrCAD_10.5\tools\Layout\library\RELAY.llb
Thu Mar 01 12:55:24 Loaded file C:\OrCAD\OrCAD_10.5\tools\Layout\library\RF.llb
Thu Mar 01 12:55:24 Loaded file C:\OrCAD\OrCAD_10.5\tools\Layout\library\SBUS.llb
Thu Mar 01 12:55:24 Loaded file C:\OrCAD\OrCAD_10.5\tools\Layout\library\SIMM050F.llb
Thu Mar 01 12:55:24 Loaded file C:\OrCAD\OrCAD_10.5\tools\Layout\library\SIMM050T.llb
Thu Mar 01 12:55:24 Loaded file C:\OrCAD\OrCAD_10.5\tools\Layout\library\SIMM100F.llb
Thu Mar 01 12:55:24 Loaded file C:\OrCAD\OrCAD_10.5\tools\Layout\library\SIMM100T.llb
Thu Mar 01 12:55:24 Loaded file C:\OrCAD\OrCAD_10.5\tools\Layout\library\SIP.llb
Thu Mar 01 12:55:24 Loaded file C:\OrCAD\OrCAD_10.5\tools\Layout\library\SM.llb
Thu Mar 01 12:55:24 Loaded file C:\OrCAD\OrCAD_10.5\tools\Layout\library\SOG.llb
Thu Mar 01 12:55:24 Loaded file C:\OrCAD\OrCAD_10.5\tools\Layout\library\SOJ.llb
Thu Mar 01 12:55:24 Loaded file C:\OrCAD\OrCAD_10.5\tools\Layout\library\STIFF.llb
Thu Mar 01 12:55:24 Loaded file C:\OrCAD\OrCAD_10.5\tools\Layout\library\TELE.llb
Thu Mar 01 12:55:24 Loaded file C:\OrCAD\OrCAD_10.5\tools\Layout\library\TM_AXIAL.llb
Thu Mar 01 12:55:24 Loaded file C:\OrCAD\OrCAD_10.5\tools\Layout\library\TM_CAP_P.llb
Thu Mar 01 12:55:24 Loaded file C:\OrCAD\OrCAD_10.5\tools\Layout\library\TM_CYLND.llb
Thu Mar 01 12:55:24 Loaded file C:\OrCAD\OrCAD_10.5\tools\Layout\library\TM_DIODE.llb
Thu Mar 01 12:55:24 Loaded file C:\OrCAD\OrCAD_10.5\tools\Layout\library\TM_DISC.llb
Thu Mar 01 12:55:24 Loaded file C:\OrCAD\OrCAD_10.5\tools\Layout\library\TM_RAD.llb
Thu Mar 01 12:55:24 Loaded file C:\OrCAD\OrCAD_10.5\tools\Layout\library\TO.llb
Thu Mar 01 12:55:24 Loaded file C:\OrCAD\OrCAD_10.5\tools\Layout\library\TRAINING.LLB
Thu Mar 01 12:55:24 Loaded file C:\OrCAD\OrCAD_10.5\tools\Layout\library\VRES.llb
Thu Mar 01 12:55:24 Loaded file C:\OrCAD\OrCAD_10.5\tools\Layout\library\WCON100T.llb
Thu Mar 01 12:55:24 Loaded file C:\OrCAD\OrCAD_10.5\tools\Layout\library\XT.llb
Thu Mar 01 12:55:24 Loaded file C:\OrCAD\OrCAD_10.5\tools\Layout\library\ZIGZAG.llb
Thu Mar 01 12:55:24 Loaded file E:\PROTEL_LIB\LIB\DKA_LIB_01.LLB
Thu Mar 01 12:55:25 Loaded file C:\OrCAD\OrCAD_10.5\tools\Layout\library\DIP100T.llb
Thu Mar 01 12:55:25 Loaded file C:\OrCAD\OrCAD_10.5\tools\Layout\library\TO.llb
Thu Mar 01 12:55:25 Loaded file E:\PROTEL_LIB\LIB\DKA_LIB_01.LLB
Thu Mar 01 12:55:25 Loaded file C:\OrCAD\OrCAD_10.5\tools\Layout\library\LAYOUT.llb
Thu Mar 01 12:55:25 Loaded file E:\PROTEL_LIB\LIB\DKA_LIB_01.LLB
Thu Mar 01 12:55:25 Loaded file E:\PROTEL_LIB\LIB\DKA_LIB_01.LLB
Thu Mar 01 12:55:25 Loaded file E:\PROTEL_LIB\LIB\DKA_LIB_01.LLB
Thu Mar 01 12:55:25 Loaded file E:\PROTEL_LIB\LIB\DKA_LIB_01.LLB
Thu Mar 01 12:55:25 Loaded file E:\PROTEL_LIB\LIB\DKA_LIB_01.LLB
Thu Mar 01 12:55:25 Loaded file C:\ORCAD\ORCAD_10.5\TOOLS\LAYOUT\DATA\2BET_SMT.TCH
Thu Mar 01 12:55:25 Saved as file C:\ORCAD\ORCAD_10.5\TOOLS\LAYOUT\DATA\2BET_SMT.TCH
Thu Mar 01 12:58:03 UserDiv from Layout.INI for AutoECO: 60
Thu Mar 01 12:58:03 Loaded file C:\ORCAD\ORCAD_10.5\TOOLS\LAYOUT\DATA\2BET_SMT.TCH
Thu Mar 01 12:58:03 Loaded file E:\PROTEL_LIB\LIB\KOPI AF DKA_LIB_01.LLB
Thu Mar 01 12:58:03 Loaded file E:\PROTEL_LIB\LIB\ADDITION2.LLB
Thu Mar 01 12:58:03 Loaded file E:\PROTEL_LIB\LIB\DKA_LIB.LLB
Thu Mar 01 12:58:03 Loaded file E:\PROTEL_LIB\LIB\DKA_LIB_01.LLB
Thu Mar 01 12:58:03 Loaded file C:\OrCAD\OrCAD_10.5\tools\Layout\library\BCON100T.llb
Thu Mar 01 12:58:03 Loaded file C:\OrCAD\OrCAD_10.5\tools\Layout\library\BCON156T.llb
Thu Mar 01 12:58:03 Loaded file C:\OrCAD\OrCAD_10.5\tools\Layout\library\BGA.llb
Thu Mar 01 12:58:03 Loaded file C:\OrCAD\OrCAD_10.5\tools\Layout\library\CLCC.llb
Thu Mar 01 12:58:03 Loaded file C:\OrCAD\OrCAD_10.5\tools\Layout\library\DCON050T.llb
Thu Mar 01 12:58:03 Loaded file C:\OrCAD\OrCAD_10.5\tools\Layout\library\DCON085T.llb
Thu Mar 01 12:58:03 Loaded file C:\OrCAD\OrCAD_10.5\tools\Layout\library\DIMM050F.llb
Thu Mar 01 12:58:04 Loaded file C:\OrCAD\OrCAD_10.5\tools\Layout\library\DIMM050T.llb
Thu Mar 01 12:58:04 Loaded file C:\OrCAD\OrCAD_10.5\tools\Layout\library\DIN.llb
Thu Mar 01 12:58:04 Loaded file C:\OrCAD\OrCAD_10.5\tools\Layout\library\DIP100B.llb
Thu Mar 01 12:58:04 Loaded file C:\OrCAD\OrCAD_10.5\tools\Layout\library\DIP100T.llb
Thu Mar 01 12:58:04 Loaded file C:\OrCAD\OrCAD_10.5\tools\Layout\library\DSUBT.llb
Thu Mar 01 12:58:04 Loaded file C:\OrCAD\OrCAD_10.5\tools\Layout\library\DSUBT_HD.LLB
Thu Mar 01 12:58:04 Loaded file C:\OrCAD\OrCAD_10.5\tools\Layout\library\ECON100T.llb
Thu Mar 01 12:58:04 Loaded file C:\OrCAD\OrCAD_10.5\tools\Layout\library\FBUS.llb
Thu Mar 01 12:58:04 Loaded file C:\OrCAD\OrCAD_10.5\tools\Layout\library\ISA.llb
Thu Mar 01 12:58:04 Loaded file C:\OrCAD\OrCAD_10.5\tools\Layout\library\JUMPER.LLB
Thu Mar 01 12:58:04 Loaded file C:\OrCAD\OrCAD_10.5\tools\Layout\library\LAYOUT.llb
Thu Mar 01 12:58:04 Loaded file C:\OrCAD\OrCAD_10.5\tools\Layout\library\LCON100T.llb
Thu Mar 01 12:58:04 Loaded file C:\OrCAD\OrCAD_10.5\tools\Layout\library\PC104.llb
Thu Mar 01 12:58:04 Loaded file C:\OrCAD\OrCAD_10.5\tools\Layout\library\PCI.llb
Thu Mar 01 12:58:04 Loaded file C:\OrCAD\OrCAD_10.5\tools\Layout\library\PCON100T.llb
Thu Mar 01 12:58:04 Loaded file C:\OrCAD\OrCAD_10.5\tools\Layout\library\PCON156T.llb
Thu Mar 01 12:58:04 Loaded file C:\OrCAD\OrCAD_10.5\tools\Layout\library\PGA.llb
Thu Mar 01 12:58:04 Loaded file C:\OrCAD\OrCAD_10.5\tools\Layout\library\PLCC.llb
Thu Mar 01 12:58:04 Loaded file C:\OrCAD\OrCAD_10.5\tools\Layout\library\QUAD.llb
Thu Mar 01 12:58:04 Loaded file C:\OrCAD\OrCAD_10.5\tools\Layout\library\QUADB.llb
Thu Mar 01 12:58:04 Loaded file C:\OrCAD\OrCAD_10.5\tools\Layout\library\RELAY.llb
Thu Mar 01 12:58:04 Loaded file C:\OrCAD\OrCAD_10.5\tools\Layout\library\RF.llb
Thu Mar 01 12:58:04 Loaded file C:\OrCAD\OrCAD_10.5\tools\Layout\library\SBUS.llb
Thu Mar 01 12:58:04 Loaded file C:\OrCAD\OrCAD_10.5\tools\Layout\library\SIMM050F.llb
Thu Mar 01 12:58:04 Loaded file C:\OrCAD\OrCAD_10.5\tools\Layout\library\SIMM050T.llb
Thu Mar 01 12:58:04 Loaded file C:\OrCAD\OrCAD_10.5\tools\Layout\library\SIMM100F.llb
Thu Mar 01 12:58:04 Loaded file C:\OrCAD\OrCAD_10.5\tools\Layout\library\SIMM100T.llb
Thu Mar 01 12:58:04 Loaded file C:\OrCAD\OrCAD_10.5\tools\Layout\library\SIP.llb
Thu Mar 01 12:58:04 Loaded file C:\OrCAD\OrCAD_10.5\tools\Layout\library\SM.llb
Thu Mar 01 12:58:04 Loaded file C:\OrCAD\OrCAD_10.5\tools\Layout\library\SOG.llb
Thu Mar 01 12:58:04 Loaded file C:\OrCAD\OrCAD_10.5\tools\Layout\library\SOJ.llb
Thu Mar 01 12:58:04 Loaded file C:\OrCAD\OrCAD_10.5\tools\Layout\library\STIFF.llb
Thu Mar 01 12:58:04 Loaded file C:\OrCAD\OrCAD_10.5\tools\Layout\library\TELE.llb
Thu Mar 01 12:58:04 Loaded file C:\OrCAD\OrCAD_10.5\tools\Layout\library\TM_AXIAL.llb
Thu Mar 01 12:58:04 Loaded file C:\OrCAD\OrCAD_10.5\tools\Layout\library\TM_CAP_P.llb
Thu Mar 01 12:58:05 Loaded file C:\OrCAD\OrCAD_10.5\tools\Layout\library\TM_CYLND.llb
Thu Mar 01 12:58:05 Loaded file C:\OrCAD\OrCAD_10.5\tools\Layout\library\TM_DIODE.llb
Thu Mar 01 12:58:05 Loaded file C:\OrCAD\OrCAD_10.5\tools\Layout\library\TM_DISC.llb
Thu Mar 01 12:58:05 Loaded file C:\OrCAD\OrCAD_10.5\tools\Layout\library\TM_RAD.llb
Thu Mar 01 12:58:05 Loaded file C:\OrCAD\OrCAD_10.5\tools\Layout\library\TO.llb
Thu Mar 01 12:58:05 Loaded file C:\OrCAD\OrCAD_10.5\tools\Layout\library\TRAINING.LLB
Thu Mar 01 12:58:05 Loaded file C:\OrCAD\OrCAD_10.5\tools\Layout\library\VRES.llb
Thu Mar 01 12:58:05 Loaded file C:\OrCAD\OrCAD_10.5\tools\Layout\library\WCON100T.llb
Thu Mar 01 12:58:05 Loaded file C:\OrCAD\OrCAD_10.5\tools\Layout\library\XT.llb
Thu Mar 01 12:58:05 Loaded file C:\OrCAD\OrCAD_10.5\tools\Layout\library\ZIGZAG.llb
Thu Mar 01 12:58:05 Loaded file E:\PROTEL_LIB\LIB\DKA_LIB_01.LLB
Thu Mar 01 12:58:05 Loaded file E:\PROTEL_LIB\LIB\DKA_LIB_01.LLB
Thu Mar 01 12:58:37 Loaded file E:\PROTEL_LIB\LIB\DKA_LIB_01.LLB
Thu Mar 01 12:58:37 Loaded file C:\OrCAD\OrCAD_10.5\tools\Layout\library\DIP100T.llb
Thu Mar 01 12:58:37 Loaded file C:\OrCAD\OrCAD_10.5\tools\Layout\library\TO.llb
Thu Mar 01 12:58:37 Loaded file E:\PROTEL_LIB\LIB\DKA_LIB_01.LLB
Thu Mar 01 12:58:37 Loaded file C:\OrCAD\OrCAD_10.5\tools\Layout\library\LAYOUT.llb
Thu Mar 01 12:58:37 Loaded file E:\PROTEL_LIB\LIB\DKA_LIB_01.LLB
Thu Mar 01 12:58:37 Loaded file E:\PROTEL_LIB\LIB\DKA_LIB_01.LLB
Thu Mar 01 12:58:37 Loaded file E:\PROTEL_LIB\LIB\DKA_LIB_01.LLB
Thu Mar 01 12:58:37 Loaded file E:\PROTEL_LIB\LIB\DKA_LIB_01.LLB
Thu Mar 01 12:58:37 Loaded file E:\PROTEL_LIB\LIB\DKA_LIB_01.LLB
Thu Mar 01 12:58:38 Loaded file C:\ORCAD\ORCAD_10.5\TOOLS\LAYOUT\DATA\2BET_SMT.TCH
Thu Mar 01 12:58:38 Saved as file C:\ORCAD\ORCAD_10.5\TOOLS\LAYOUT\DATA\2BET_SMT.TCH
Fri Mar 02 10:19:26 UserDiv from Layout.INI for AutoECO: 60
Fri Mar 02 10:19:27 Loaded file C:\ORCAD\ORCAD_10.5\TOOLS\LAYOUT\DATA\2BET_SMT.TCH
Fri Mar 02 10:19:27 Loaded file E:\PROTEL_LIB\LIB\KOPI AF DKA_LIB_01.LLB
Fri Mar 02 10:19:27 Loaded file E:\PROTEL_LIB\LIB\ADDITION2.LLB
Fri Mar 02 10:19:27 Loaded file E:\PROTEL_LIB\LIB\DKA_LIB.LLB
Fri Mar 02 10:19:27 Loaded file E:\PROTEL_LIB\LIB\DKA_LIB_01.LLB
Fri Mar 02 10:19:27 Loaded file C:\OrCAD\OrCAD_10.5\tools\Layout\library\BCON100T.llb
Fri Mar 02 10:19:27 Loaded file C:\OrCAD\OrCAD_10.5\tools\Layout\library\BCON156T.llb
Fri Mar 02 10:19:27 Loaded file C:\OrCAD\OrCAD_10.5\tools\Layout\library\BGA.llb
Fri Mar 02 10:19:27 Loaded file C:\OrCAD\OrCAD_10.5\tools\Layout\library\CLCC.llb
Fri Mar 02 10:19:27 Loaded file C:\OrCAD\OrCAD_10.5\tools\Layout\library\DCON050T.llb
Fri Mar 02 10:19:27 Loaded file C:\OrCAD\OrCAD_10.5\tools\Layout\library\DCON085T.llb
Fri Mar 02 10:19:27 Loaded file C:\OrCAD\OrCAD_10.5\tools\Layout\library\DIMM050F.llb
Fri Mar 02 10:19:27 Loaded file C:\OrCAD\OrCAD_10.5\tools\Layout\library\DIMM050T.llb
Fri Mar 02 10:19:28 Loaded file C:\OrCAD\OrCAD_10.5\tools\Layout\library\DIN.llb
Fri Mar 02 10:19:28 Loaded file C:\OrCAD\OrCAD_10.5\tools\Layout\library\DIP100B.llb
Fri Mar 02 10:19:28 Loaded file C:\OrCAD\OrCAD_10.5\tools\Layout\library\DIP100T.llb
Fri Mar 02 10:19:28 Loaded file C:\OrCAD\OrCAD_10.5\tools\Layout\library\DSUBT.llb
Fri Mar 02 10:19:28 Loaded file C:\OrCAD\OrCAD_10.5\tools\Layout\library\DSUBT_HD.LLB
Fri Mar 02 10:19:28 Loaded file C:\OrCAD\OrCAD_10.5\tools\Layout\library\ECON100T.llb
Fri Mar 02 10:19:28 Loaded file C:\OrCAD\OrCAD_10.5\tools\Layout\library\FBUS.llb
Fri Mar 02 10:19:28 Loaded file C:\OrCAD\OrCAD_10.5\tools\Layout\library\ISA.llb
Fri Mar 02 10:19:28 Loaded file C:\OrCAD\OrCAD_10.5\tools\Layout\library\JUMPER.LLB
Fri Mar 02 10:19:28 Loaded file C:\OrCAD\OrCAD_10.5\tools\Layout\library\LAYOUT.llb
Fri Mar 02 10:19:28 Loaded file C:\OrCAD\OrCAD_10.5\tools\Layout\library\LCON100T.llb
Fri Mar 02 10:19:28 Loaded file C:\OrCAD\OrCAD_10.5\tools\Layout\library\PC104.llb
Fri Mar 02 10:19:28 Loaded file C:\OrCAD\OrCAD_10.5\tools\Layout\library\PCI.llb
Fri Mar 02 10:19:28 Loaded file C:\OrCAD\OrCAD_10.5\tools\Layout\library\PCON100T.llb
Fri Mar 02 10:19:28 Loaded file C:\OrCAD\OrCAD_10.5\tools\Layout\library\PCON156T.llb
Fri Mar 02 10:19:28 Loaded file C:\OrCAD\OrCAD_10.5\tools\Layout\library\PGA.llb
Fri Mar 02 10:19:28 Loaded file C:\OrCAD\OrCAD_10.5\tools\Layout\library\PLCC.llb
Fri Mar 02 10:19:28 Loaded file C:\OrCAD\OrCAD_10.5\tools\Layout\library\QUAD.llb
Fri Mar 02 10:19:29 Loaded file C:\OrCAD\OrCAD_10.5\tools\Layout\library\QUADB.llb
Fri Mar 02 10:19:29 Loaded file C:\OrCAD\OrCAD_10.5\tools\Layout\library\RELAY.llb
Fri Mar 02 10:19:29 Loaded file C:\OrCAD\OrCAD_10.5\tools\Layout\library\RF.llb
Fri Mar 02 10:19:29 Loaded file C:\OrCAD\OrCAD_10.5\tools\Layout\library\SBUS.llb
Fri Mar 02 10:19:29 Loaded file C:\OrCAD\OrCAD_10.5\tools\Layout\library\SIMM050F.llb
Fri Mar 02 10:19:29 Loaded file C:\OrCAD\OrCAD_10.5\tools\Layout\library\SIMM050T.llb
Fri Mar 02 10:19:29 Loaded file C:\OrCAD\OrCAD_10.5\tools\Layout\library\SIMM100F.llb
Fri Mar 02 10:19:29 Loaded file C:\OrCAD\OrCAD_10.5\tools\Layout\library\SIMM100T.llb
Fri Mar 02 10:19:29 Loaded file C:\OrCAD\OrCAD_10.5\tools\Layout\library\SIP.llb
Fri Mar 02 10:19:29 Loaded file C:\OrCAD\OrCAD_10.5\tools\Layout\library\SM.llb
Fri Mar 02 10:19:29 Loaded file C:\OrCAD\OrCAD_10.5\tools\Layout\library\SOG.llb
Fri Mar 02 10:19:29 Loaded file C:\OrCAD\OrCAD_10.5\tools\Layout\library\SOJ.llb
Fri Mar 02 10:19:29 Loaded file C:\OrCAD\OrCAD_10.5\tools\Layout\library\STIFF.llb
Fri Mar 02 10:19:29 Loaded file C:\OrCAD\OrCAD_10.5\tools\Layout\library\TELE.llb
Fri Mar 02 10:19:29 Loaded file C:\OrCAD\OrCAD_10.5\tools\Layout\library\TM_AXIAL.llb
Fri Mar 02 10:19:29 Loaded file C:\OrCAD\OrCAD_10.5\tools\Layout\library\TM_CAP_P.llb
Fri Mar 02 10:19:30 Loaded file C:\OrCAD\OrCAD_10.5\tools\Layout\library\TM_CYLND.llb
Fri Mar 02 10:19:30 Loaded file C:\OrCAD\OrCAD_10.5\tools\Layout\library\TM_DIODE.llb
Fri Mar 02 10:19:30 Loaded file C:\OrCAD\OrCAD_10.5\tools\Layout\library\TM_DISC.llb
Fri Mar 02 10:19:30 Loaded file C:\OrCAD\OrCAD_10.5\tools\Layout\library\TM_RAD.llb
Fri Mar 02 10:19:30 Loaded file C:\OrCAD\OrCAD_10.5\tools\Layout\library\TO.llb
Fri Mar 02 10:19:30 Loaded file C:\OrCAD\OrCAD_10.5\tools\Layout\library\TRAINING.LLB
Fri Mar 02 10:19:30 Loaded file C:\OrCAD\OrCAD_10.5\tools\Layout\library\VRES.llb
Fri Mar 02 10:19:30 Loaded file C:\OrCAD\OrCAD_10.5\tools\Layout\library\WCON100T.llb
Fri Mar 02 10:19:30 Loaded file C:\OrCAD\OrCAD_10.5\tools\Layout\library\XT.llb
Fri Mar 02 10:19:30 Loaded file C:\OrCAD\OrCAD_10.5\tools\Layout\library\ZIGZAG.llb
Fri Mar 02 10:19:30 Loaded file E:\PROTEL_LIB\LIB\DKA_LIB_01.LLB
Fri Mar 02 10:19:30 Loaded file E:\PROTEL_LIB\LIB\DKA_LIB_01.LLB
Fri Mar 02 10:19:30 Loaded file E:\PROTEL_LIB\LIB\DKA_LIB_01.LLB
Fri Mar 02 10:19:30 Loaded file C:\OrCAD\OrCAD_10.5\tools\Layout\library\JUMPER.LLB
Fri Mar 02 10:19:30 Loaded file E:\PROTEL_LIB\LIB\DKA_LIB_01.LLB
Fri Mar 02 10:19:31 Loaded file C:\OrCAD\OrCAD_10.5\tools\Layout\library\TO.llb
Fri Mar 02 10:19:31 Loaded file E:\PROTEL_LIB\LIB\DKA_LIB_01.LLB
Fri Mar 02 10:19:31 Loaded file E:\PROTEL_LIB\LIB\DKA_LIB_01.LLB
Fri Mar 02 10:19:31 Loaded file C:\OrCAD\OrCAD_10.5\tools\Layout\library\DIP100T.llb
Fri Mar 02 10:19:31 Loaded file E:\PROTEL_LIB\LIB\DKA_LIB_01.LLB
Fri Mar 02 10:19:31 Loaded file E:\PROTEL_LIB\LIB\DKA_LIB_01.LLB
Fri Mar 02 10:19:31 Loaded file E:\PROTEL_LIB\LIB\DKA_LIB_01.LLB
Fri Mar 02 10:19:31 Loaded file E:\PROTEL_LIB\LIB\DKA_LIB_01.LLB
Fri Mar 02 10:19:31 Loaded file E:\PROTEL_LIB\LIB\DKA_LIB_01.LLB
Fri Mar 02 10:19:44 Loaded file C:\ORCAD\ORCAD_10.5\TOOLS\LAYOUT\DATA\2BET_SMT.TCH
Fri Mar 02 10:19:44 Saved as file C:\ORCAD\ORCAD_10.5\TOOLS\LAYOUT\DATA\2BET_SMT.TCH
Fri Mar 02 10:27:40 UserDiv from Layout.INI for AutoECO: 60
Fri Mar 02 10:27:40 Loaded file C:\ORCAD\ORCAD_10.5\TOOLS\LAYOUT\DATA\2BET_SMT.TCH
Fri Mar 02 10:27:40 Loaded file E:\PROTEL_LIB\LIB\KOPI AF DKA_LIB_01.LLB
Fri Mar 02 10:27:40 Loaded file E:\PROTEL_LIB\LIB\ADDITION2.LLB
Fri Mar 02 10:27:40 Loaded file E:\PROTEL_LIB\LIB\DKA_LIB.LLB
Fri Mar 02 10:27:40 Loaded file E:\PROTEL_LIB\LIB\DKA_LIB_01.LLB
Fri Mar 02 10:27:41 Loaded file C:\OrCAD\OrCAD_10.5\tools\Layout\library\BCON100T.llb
Fri Mar 02 10:27:41 Loaded file C:\OrCAD\OrCAD_10.5\tools\Layout\library\BCON156T.llb
Fri Mar 02 10:27:41 Loaded file C:\OrCAD\OrCAD_10.5\tools\Layout\library\BGA.llb
Fri Mar 02 10:27:41 Loaded file C:\OrCAD\OrCAD_10.5\tools\Layout\library\CLCC.llb
Fri Mar 02 10:27:41 Loaded file C:\OrCAD\OrCAD_10.5\tools\Layout\library\DCON050T.llb
Fri Mar 02 10:27:41 Loaded file C:\OrCAD\OrCAD_10.5\tools\Layout\library\DCON085T.llb
Fri Mar 02 10:27:41 Loaded file C:\OrCAD\OrCAD_10.5\tools\Layout\library\DIMM050F.llb
Fri Mar 02 10:27:41 Loaded file C:\OrCAD\OrCAD_10.5\tools\Layout\library\DIMM050T.llb
Fri Mar 02 10:27:41 Loaded file C:\OrCAD\OrCAD_10.5\tools\Layout\library\DIN.llb
Fri Mar 02 10:27:41 Loaded file C:\OrCAD\OrCAD_10.5\tools\Layout\library\DIP100B.llb
Fri Mar 02 10:27:41 Loaded file C:\OrCAD\OrCAD_10.5\tools\Layout\library\DIP100T.llb
Fri Mar 02 10:27:41 Loaded file C:\OrCAD\OrCAD_10.5\tools\Layout\library\DSUBT.llb
Fri Mar 02 10:27:41 Loaded file C:\OrCAD\OrCAD_10.5\tools\Layout\library\DSUBT_HD.LLB
Fri Mar 02 10:27:41 Loaded file C:\OrCAD\OrCAD_10.5\tools\Layout\library\ECON100T.llb
Fri Mar 02 10:27:41 Loaded file C:\OrCAD\OrCAD_10.5\tools\Layout\library\FBUS.llb
Fri Mar 02 10:27:41 Loaded file C:\OrCAD\OrCAD_10.5\tools\Layout\library\ISA.llb
Fri Mar 02 10:27:41 Loaded file C:\OrCAD\OrCAD_10.5\tools\Layout\library\JUMPER.LLB
Fri Mar 02 10:27:41 Loaded file C:\OrCAD\OrCAD_10.5\tools\Layout\library\LAYOUT.llb
Fri Mar 02 10:27:41 Loaded file C:\OrCAD\OrCAD_10.5\tools\Layout\library\LCON100T.llb
Fri Mar 02 10:27:41 Loaded file C:\OrCAD\OrCAD_10.5\tools\Layout\library\PC104.llb
Fri Mar 02 10:27:41 Loaded file C:\OrCAD\OrCAD_10.5\tools\Layout\library\PCI.llb
Fri Mar 02 10:27:41 Loaded file C:\OrCAD\OrCAD_10.5\tools\Layout\library\PCON100T.llb
Fri Mar 02 10:27:41 Loaded file C:\OrCAD\OrCAD_10.5\tools\Layout\library\PCON156T.llb
Fri Mar 02 10:27:41 Loaded file C:\OrCAD\OrCAD_10.5\tools\Layout\library\PGA.llb
Fri Mar 02 10:27:41 Loaded file C:\OrCAD\OrCAD_10.5\tools\Layout\library\PLCC.llb
Fri Mar 02 10:27:41 Loaded file C:\OrCAD\OrCAD_10.5\tools\Layout\library\QUAD.llb
Fri Mar 02 10:27:41 Loaded file C:\OrCAD\OrCAD_10.5\tools\Layout\library\QUADB.llb
Fri Mar 02 10:27:42 Loaded file C:\OrCAD\OrCAD_10.5\tools\Layout\library\RELAY.llb
Fri Mar 02 10:27:42 Loaded file C:\OrCAD\OrCAD_10.5\tools\Layout\library\RF.llb
Fri Mar 02 10:27:42 Loaded file C:\OrCAD\OrCAD_10.5\tools\Layout\library\SBUS.llb
Fri Mar 02 10:27:42 Loaded file C:\OrCAD\OrCAD_10.5\tools\Layout\library\SIMM050F.llb
Fri Mar 02 10:27:42 Loaded file C:\OrCAD\OrCAD_10.5\tools\Layout\library\SIMM050T.llb
Fri Mar 02 10:27:42 Loaded file C:\OrCAD\OrCAD_10.5\tools\Layout\library\SIMM100F.llb
Fri Mar 02 10:27:42 Loaded file C:\OrCAD\OrCAD_10.5\tools\Layout\library\SIMM100T.llb
Fri Mar 02 10:27:42 Loaded file C:\OrCAD\OrCAD_10.5\tools\Layout\library\SIP.llb
Fri Mar 02 10:27:42 Loaded file C:\OrCAD\OrCAD_10.5\tools\Layout\library\SM.llb
Fri Mar 02 10:27:42 Loaded file C:\OrCAD\OrCAD_10.5\tools\Layout\library\SOG.llb
Fri Mar 02 10:27:42 Loaded file C:\OrCAD\OrCAD_10.5\tools\Layout\library\SOJ.llb
Fri Mar 02 10:27:42 Loaded file C:\OrCAD\OrCAD_10.5\tools\Layout\library\STIFF.llb
Fri Mar 02 10:27:42 Loaded file C:\OrCAD\OrCAD_10.5\tools\Layout\library\TELE.llb
Fri Mar 02 10:27:42 Loaded file C:\OrCAD\OrCAD_10.5\tools\Layout\library\TM_AXIAL.llb
Fri Mar 02 10:27:42 Loaded file C:\OrCAD\OrCAD_10.5\tools\Layout\library\TM_CAP_P.llb
Fri Mar 02 10:27:42 Loaded file C:\OrCAD\OrCAD_10.5\tools\Layout\library\TM_CYLND.llb
Fri Mar 02 10:27:42 Loaded file C:\OrCAD\OrCAD_10.5\tools\Layout\library\TM_DIODE.llb
Fri Mar 02 10:27:42 Loaded file C:\OrCAD\OrCAD_10.5\tools\Layout\library\TM_DISC.llb
Fri Mar 02 10:27:42 Loaded file C:\OrCAD\OrCAD_10.5\tools\Layout\library\TM_RAD.llb
Fri Mar 02 10:27:42 Loaded file C:\OrCAD\OrCAD_10.5\tools\Layout\library\TO.llb
Fri Mar 02 10:27:42 Loaded file C:\OrCAD\OrCAD_10.5\tools\Layout\library\TRAINING.LLB
Fri Mar 02 10:27:42 Loaded file C:\OrCAD\OrCAD_10.5\tools\Layout\library\VRES.llb
Fri Mar 02 10:27:42 Loaded file C:\OrCAD\OrCAD_10.5\tools\Layout\library\WCON100T.llb
Fri Mar 02 10:27:42 Loaded file C:\OrCAD\OrCAD_10.5\tools\Layout\library\XT.llb
Fri Mar 02 10:27:42 Loaded file C:\OrCAD\OrCAD_10.5\tools\Layout\library\ZIGZAG.llb
Fri Mar 02 10:27:42 Loaded file E:\PROTEL_LIB\LIB\DKA_LIB_01.LLB
Fri Mar 02 10:27:43 Loaded file E:\PROTEL_LIB\LIB\DKA_LIB_01.LLB
Fri Mar 02 10:27:43 Loaded file E:\PROTEL_LIB\LIB\DKA_LIB_01.LLB
Fri Mar 02 10:27:43 Loaded file C:\OrCAD\OrCAD_10.5\tools\Layout\library\JUMPER.LLB
Fri Mar 02 10:27:43 Loaded file E:\PROTEL_LIB\LIB\DKA_LIB_01.LLB
Fri Mar 02 10:27:43 Loaded file C:\OrCAD\OrCAD_10.5\tools\Layout\library\TO.llb
Fri Mar 02 10:27:43 Loaded file E:\PROTEL_LIB\LIB\DKA_LIB_01.LLB
Fri Mar 02 10:27:43 Loaded file E:\PROTEL_LIB\LIB\DKA_LIB_01.LLB
Fri Mar 02 10:27:43 Loaded file C:\OrCAD\OrCAD_10.5\tools\Layout\library\DIP100T.llb
Fri Mar 02 10:27:43 Loaded file E:\PROTEL_LIB\LIB\DKA_LIB_01.LLB
Fri Mar 02 10:27:43 Loaded file E:\PROTEL_LIB\LIB\DKA_LIB_01.LLB
Fri Mar 02 10:27:43 Loaded file E:\PROTEL_LIB\LIB\DKA_LIB_01.LLB
Fri Mar 02 10:27:43 Loaded file E:\PROTEL_LIB\LIB\DKA_LIB_01.LLB
Fri Mar 02 10:27:43 Loaded file E:\PROTEL_LIB\LIB\DKA_LIB_01.LLB
Fri Mar 02 10:28:00 Loaded file C:\OrCAD\OrCAD_10.5\tools\Layout\data\template.imp
Fri Mar 02 10:28:00 Loaded file C:\OrCAD\OrCAD_10.5\tools\Layout\data\template.imp
Fri Mar 02 10:28:02 Loaded file C:\OrCAD\OrCAD_10.5\tools\Layout\data\template.imp
Fri Mar 02 10:28:03 Loaded file E:\PROTEL_LIB\LIB\DKA_LIB_01.LLB
Fri Mar 02 10:28:12 Loaded file E:\PROTEL_LIB\LIB\DKA_LIB_01.LLB
Fri Mar 02 10:28:14 Loaded file C:\OrCAD\OrCAD_10.5\tools\Layout\data\template.imp
Fri Mar 02 10:28:14 Loaded file C:\OrCAD\OrCAD_10.5\tools\Layout\data\template.imp
Fri Mar 02 10:28:18 Loaded file C:\ORCAD\ORCAD_10.5\TOOLS\LAYOUT\DATA\2BET_SMT.TCH
Fri Mar 02 10:28:18 Saved as file C:\ORCAD\ORCAD_10.5\TOOLS\LAYOUT\DATA\2BET_SMT.TCH
Fri Mar 02 10:29:52 UserDiv from Layout.INI for AutoECO: 60
Fri Mar 02 10:29:52 Loaded file C:\ORCAD\ORCAD_10.5\TOOLS\LAYOUT\DATA\2BET_SMT.TCH
Fri Mar 02 10:29:52 Loaded file E:\PROTEL_LIB\LIB\KOPI AF DKA_LIB_01.LLB
Fri Mar 02 10:29:52 Loaded file E:\PROTEL_LIB\LIB\ADDITION2.LLB
Fri Mar 02 10:29:52 Loaded file E:\PROTEL_LIB\LIB\DKA_LIB.LLB
Fri Mar 02 10:29:53 Loaded file E:\PROTEL_LIB\LIB\DKA_LIB_01.LLB
Fri Mar 02 10:29:53 Loaded file C:\OrCAD\OrCAD_10.5\tools\Layout\library\BCON100T.llb
Fri Mar 02 10:29:53 Loaded file C:\OrCAD\OrCAD_10.5\tools\Layout\library\BCON156T.llb
Fri Mar 02 10:29:53 Loaded file C:\OrCAD\OrCAD_10.5\tools\Layout\library\BGA.llb
Fri Mar 02 10:29:53 Loaded file C:\OrCAD\OrCAD_10.5\tools\Layout\library\CLCC.llb
Fri Mar 02 10:29:53 Loaded file C:\OrCAD\OrCAD_10.5\tools\Layout\library\DCON050T.llb
Fri Mar 02 10:29:53 Loaded file C:\OrCAD\OrCAD_10.5\tools\Layout\library\DCON085T.llb
Fri Mar 02 10:29:53 Loaded file C:\OrCAD\OrCAD_10.5\tools\Layout\library\DIMM050F.llb
Fri Mar 02 10:29:53 Loaded file C:\OrCAD\OrCAD_10.5\tools\Layout\library\DIMM050T.llb
Fri Mar 02 10:29:53 Loaded file C:\OrCAD\OrCAD_10.5\tools\Layout\library\DIN.llb
Fri Mar 02 10:29:53 Loaded file C:\OrCAD\OrCAD_10.5\tools\Layout\library\DIP100B.llb
Fri Mar 02 10:29:53 Loaded file C:\OrCAD\OrCAD_10.5\tools\Layout\library\DIP100T.llb
Fri Mar 02 10:29:53 Loaded file C:\OrCAD\OrCAD_10.5\tools\Layout\library\DSUBT.llb
Fri Mar 02 10:29:53 Loaded file C:\OrCAD\OrCAD_10.5\tools\Layout\library\DSUBT_HD.LLB
Fri Mar 02 10:29:53 Loaded file C:\OrCAD\OrCAD_10.5\tools\Layout\library\ECON100T.llb
Fri Mar 02 10:29:53 Loaded file C:\OrCAD\OrCAD_10.5\tools\Layout\library\FBUS.llb
Fri Mar 02 10:29:53 Loaded file C:\OrCAD\OrCAD_10.5\tools\Layout\library\ISA.llb
Fri Mar 02 10:29:53 Loaded file C:\OrCAD\OrCAD_10.5\tools\Layout\library\JUMPER.LLB
Fri Mar 02 10:29:53 Loaded file C:\OrCAD\OrCAD_10.5\tools\Layout\library\LAYOUT.llb
Fri Mar 02 10:29:53 Loaded file C:\OrCAD\OrCAD_10.5\tools\Layout\library\LCON100T.llb
Fri Mar 02 10:29:53 Loaded file C:\OrCAD\OrCAD_10.5\tools\Layout\library\PC104.llb
Fri Mar 02 10:29:53 Loaded file C:\OrCAD\OrCAD_10.5\tools\Layout\library\PCI.llb
Fri Mar 02 10:29:54 Loaded file C:\OrCAD\OrCAD_10.5\tools\Layout\library\PCON100T.llb
Fri Mar 02 10:29:54 Loaded file C:\OrCAD\OrCAD_10.5\tools\Layout\library\PCON156T.llb
Fri Mar 02 10:29:54 Loaded file C:\OrCAD\OrCAD_10.5\tools\Layout\library\PGA.llb
Fri Mar 02 10:29:54 Loaded file C:\OrCAD\OrCAD_10.5\tools\Layout\library\PLCC.llb
Fri Mar 02 10:29:54 Loaded file C:\OrCAD\OrCAD_10.5\tools\Layout\library\QUAD.llb
Fri Mar 02 10:29:54 Loaded file C:\OrCAD\OrCAD_10.5\tools\Layout\library\QUADB.llb
Fri Mar 02 10:29:54 Loaded file C:\OrCAD\OrCAD_10.5\tools\Layout\library\RELAY.llb
Fri Mar 02 10:29:54 Loaded file C:\OrCAD\OrCAD_10.5\tools\Layout\library\RF.llb
Fri Mar 02 10:29:54 Loaded file C:\OrCAD\OrCAD_10.5\tools\Layout\library\SBUS.llb
Fri Mar 02 10:29:54 Loaded file C:\OrCAD\OrCAD_10.5\tools\Layout\library\SIMM050F.llb
Fri Mar 02 10:29:54 Loaded file C:\OrCAD\OrCAD_10.5\tools\Layout\library\SIMM050T.llb
Fri Mar 02 10:29:54 Loaded file C:\OrCAD\OrCAD_10.5\tools\Layout\library\SIMM100F.llb
Fri Mar 02 10:29:54 Loaded file C:\OrCAD\OrCAD_10.5\tools\Layout\library\SIMM100T.llb
Fri Mar 02 10:29:54 Loaded file C:\OrCAD\OrCAD_10.5\tools\Layout\library\SIP.llb
Fri Mar 02 10:29:54 Loaded file C:\OrCAD\OrCAD_10.5\tools\Layout\library\SM.llb
Fri Mar 02 10:29:54 Loaded file C:\OrCAD\OrCAD_10.5\tools\Layout\library\SOG.llb
Fri Mar 02 10:29:54 Loaded file C:\OrCAD\OrCAD_10.5\tools\Layout\library\SOJ.llb
Fri Mar 02 10:29:54 Loaded file C:\OrCAD\OrCAD_10.5\tools\Layout\library\STIFF.llb
Fri Mar 02 10:29:54 Loaded file C:\OrCAD\OrCAD_10.5\tools\Layout\library\TELE.llb
Fri Mar 02 10:29:54 Loaded file C:\OrCAD\OrCAD_10.5\tools\Layout\library\TM_AXIAL.llb
Fri Mar 02 10:29:54 Loaded file C:\OrCAD\OrCAD_10.5\tools\Layout\library\TM_CAP_P.llb
Fri Mar 02 10:29:54 Loaded file C:\OrCAD\OrCAD_10.5\tools\Layout\library\TM_CYLND.llb
Fri Mar 02 10:29:54 Loaded file C:\OrCAD\OrCAD_10.5\tools\Layout\library\TM_DIODE.llb
Fri Mar 02 10:29:54 Loaded file C:\OrCAD\OrCAD_10.5\tools\Layout\library\TM_DISC.llb
Fri Mar 02 10:29:54 Loaded file C:\OrCAD\OrCAD_10.5\tools\Layout\library\TM_RAD.llb
Fri Mar 02 10:29:54 Loaded file C:\OrCAD\OrCAD_10.5\tools\Layout\library\TO.llb
Fri Mar 02 10:29:54 Loaded file C:\OrCAD\OrCAD_10.5\tools\Layout\library\TRAINING.LLB
Fri Mar 02 10:29:54 Loaded file C:\OrCAD\OrCAD_10.5\tools\Layout\library\VRES.llb
Fri Mar 02 10:29:54 Loaded file C:\OrCAD\OrCAD_10.5\tools\Layout\library\WCON100T.llb
Fri Mar 02 10:29:54 Loaded file C:\OrCAD\OrCAD_10.5\tools\Layout\library\XT.llb
Fri Mar 02 10:29:54 Loaded file C:\OrCAD\OrCAD_10.5\tools\Layout\library\ZIGZAG.llb
Fri Mar 02 10:29:55 Loaded file E:\PROTEL_LIB\LIB\DKA_LIB_01.LLB
Fri Mar 02 10:29:55 Loaded file E:\PROTEL_LIB\LIB\DKA_LIB_01.LLB
Fri Mar 02 10:29:55 Loaded file E:\PROTEL_LIB\LIB\DKA_LIB_01.LLB
Fri Mar 02 10:29:55 Loaded file C:\OrCAD\OrCAD_10.5\tools\Layout\library\JUMPER.LLB
Fri Mar 02 10:29:55 Loaded file E:\PROTEL_LIB\LIB\DKA_LIB_01.LLB
Fri Mar 02 10:29:55 Loaded file C:\OrCAD\OrCAD_10.5\tools\Layout\library\TO.llb
Fri Mar 02 10:29:55 Loaded file E:\PROTEL_LIB\LIB\DKA_LIB_01.LLB
Fri Mar 02 10:29:55 Loaded file E:\PROTEL_LIB\LIB\DKA_LIB_01.LLB
Fri Mar 02 10:29:55 Loaded file C:\OrCAD\OrCAD_10.5\tools\Layout\library\DIP100T.llb
Fri Mar 02 10:29:55 Loaded file E:\PROTEL_LIB\LIB\DKA_LIB_01.LLB
Fri Mar 02 10:29:55 Loaded file E:\PROTEL_LIB\LIB\DKA_LIB_01.LLB
Fri Mar 02 10:29:55 Loaded file E:\PROTEL_LIB\LIB\DKA_LIB_01.LLB
Fri Mar 02 10:29:55 Loaded file E:\PROTEL_LIB\LIB\DKA_LIB_01.LLB
Fri Mar 02 10:29:55 Loaded file E:\PROTEL_LIB\LIB\DKA_LIB_01.LLB
Fri Mar 02 10:29:55 Loaded file E:\PROTEL_LIB\LIB\DKA_LIB_01.LLB
Fri Mar 02 10:30:01 Saved as file F:\PT8619\PCB\PT8619_NETLIST-1.MAX
Fri Mar 02 10:36:48 Saved as file F:\PT8619\PCB\PT8619_NETLIST-1.MAX
Fri Mar 02 10:36:57 Saved as file F:\PT8619\PCB\PT8619_NETLIST-1.MAX
Fri Mar 02 10:37:07 Saved as file F:\PT8619\PCB\PT8619_REMOTE.MAX
Fri Mar 02 10:38:04 Saved as file ~undo.max
Fri Mar 02 10:38:45 Saved as file ~undo.max
Fri Mar 02 10:39:41 Saved as file ~undo.max
Fri Mar 02 10:39:51 Saved as file ~undo.max
Fri Mar 02 10:40:16 Saved as file ~undo.max
Fri Mar 02 10:40:50 Saved as file ~undo.max
Fri Mar 02 10:41:10 Saved as file ~undo.max
Fri Mar 02 10:41:14 Saved as file ~undo.max
Fri Mar 02 10:41:24 Saved as file ~undo.max
Fri Mar 02 10:41:28 Saved as file ~undo.max
Fri Mar 02 10:44:22 Saved as file ~undo.max
Fri Mar 02 10:44:38 Saved as file ~undo.max
Fri Mar 02 10:44:57 Saved as file ~undo.max
Fri Mar 02 10:45:30 Saved as file ~undo.max
Fri Mar 02 10:45:44 Saved as file ~undo.max
Fri Mar 02 10:46:10 Saved as file ~undo.max
Fri Mar 02 10:46:23 Saved as file ~undo.max
Fri Mar 02 10:46:25 Saved as file ~undo.max
Fri Mar 02 10:46:39 Saved as file ~undo.max
Fri Mar 02 10:47:00 Saved as file F:\PT8619\PCB\PT8619_REMOTE.MAX
Fri Mar 02 10:47:01 Saved as file F:\PT8619\PCB\PT8619_REMOTE.MAX
Fri Mar 02 10:47:02 Saved as file F:\PT8619\PCB\PT8619_REMOTE.MAX
Fri Mar 02 10:48:05 Saved as file BACKUP1.MAX
Fri Mar 02 10:51:14 Saved as file ~undo.max
Fri Mar 02 10:51:22 Saved as file ~undo.max
Fri Mar 02 10:51:44 Saved as file ~undo.max
Fri Mar 02 10:51:54 Saved as file ~undo.max
Fri Mar 02 10:52:06 Saved as file F:\PT8619\PCB\PT8619_REMOTE.MAX
Fri Mar 02 10:52:39 Saved as file ~undo.max
Fri Mar 02 10:52:46 Saved as file ~undo.max
Fri Mar 02 10:53:24 Saved as file ~undo.max
Fri Mar 02 10:54:24 Saved as file ~undo.max
Fri Mar 02 10:54:49 Saved as file ~undo.max
Fri Mar 02 10:54:57 Saved as file ~undo.max
Fri Mar 02 10:55:10 Saved as file ~undo.max
Fri Mar 02 10:55:38 Saved as file ~undo.max
Fri Mar 02 10:55:49 Saved as file ~undo.max
Fri Mar 02 10:56:04 Saved as file ~undo.max
Fri Mar 02 10:56:20 Saved as file ~undo.max
Fri Mar 02 10:56:43 Saved as file ~undo.max
Fri Mar 02 10:56:56 Saved as file ~undo.max
Fri Mar 02 10:57:31 Saved as file F:\PT8619\PCB\PT8619_REMOTE.MAX
Fri Mar 02 10:58:26 Saved as file F:\PT8619\PCB\PT8619_REMOTE.MAX
Fri Mar 02 10:59:01 Saved as file ~undo.max
Fri Mar 02 10:59:14 Saved as file ~undo.max
Fri Mar 02 10:59:22 Saved as file ~undo.max
Fri Mar 02 10:59:26 Saved as file ~undo.max
Fri Mar 02 10:59:29 Saved as file F:\PT8619\PCB\PT8619_REMOTE.MAX
Fri Mar 02 10:59:37 Saved as file ~undo.max
Fri Mar 02 11:00:32 Saved as file ~undo.max
Fri Mar 02 11:00:40 Saved as file ~undo.max
Fri Mar 02 11:00:56 Saved as file F:\PT8619\PCB\PT8619_REMOTE.MAX
Fri Mar 02 11:02:05 Saved as file BACKUP1.MAX
Fri Mar 02 11:12:35 Saved as file BACKUP1.MAX
Fri Mar 02 11:12:53 Loaded file C:\OrCAD\OrCAD_10.5\tools\Layout\data\template.imp
Fri Mar 02 11:12:53 Loaded file C:\OrCAD\OrCAD_10.5\tools\Layout\data\template.imp
Fri Mar 02 11:12:53 Loaded file C:\OrCAD\OrCAD_10.5\tools\Layout\data\template.imp
Fri Mar 02 11:12:53 Loaded file C:\OrCAD\OrCAD_10.5\tools\Layout\data\template.imp
Fri Mar 02 11:12:56 Loaded file E:\PROTEL_LIB\LIB\DKA_LIB_01.LLB
Fri Mar 02 11:13:00 Loaded file C:\OrCAD\OrCAD_10.5\tools\Layout\data\template.imp
Fri Mar 02 11:13:00 Loaded file C:\OrCAD\OrCAD_10.5\tools\Layout\data\template.imp
Fri Mar 02 11:13:05 Saved as file ~undo.max
Fri Mar 02 11:13:14 Saved as file ~undo.max
Fri Mar 02 11:13:16 Saved as file ~undo.max
Fri Mar 02 11:13:33 Saved as file ~undo.max
Fri Mar 02 11:13:40 Saved as file ~undo.max
Fri Mar 02 11:13:54 Saved as file ~undo.max
Fri Mar 02 11:13:59 Saved as file ~undo.max
Fri Mar 02 11:14:01 Saved as file ~undo.max
Fri Mar 02 11:14:02 Saved as file ~undo.max
Fri Mar 02 11:14:09 Saved as file ~undo.max
Fri Mar 02 11:14:11 Saved as file ~undo.max
Fri Mar 02 11:14:22 Saved as file ~undo.max
Fri Mar 02 11:14:24 Saved as file ~undo.max
Fri Mar 02 11:14:30 Saved as file ~undo.max
Fri Mar 02 11:14:44 Saved as file ~undo.max
Fri Mar 02 11:14:47 Saved as file ~undo.max
Fri Mar 02 11:14:54 Saved as file ~undo.max
Fri Mar 02 11:14:57 Saved as file ~undo.max
Fri Mar 02 11:15:01 Saved as file F:\PT8619\PCB\PT8619_REMOTE.MAX
Fri Mar 02 11:15:22 Saved as file ~undo.max
Fri Mar 02 11:19:57 Saved as file ~undo.max
Fri Mar 02 11:19:58 Saved as file ~undo.max
Fri Mar 02 11:20:11 Saved as file ~undo.max
Fri Mar 02 11:20:19 Saved as file ~undo.max
Fri Mar 02 11:20:46 Saved as file ~undo.max
Fri Mar 02 11:20:50 Saved as file ~undo.max
Fri Mar 02 11:20:52 Saved as file ~undo.max
Fri Mar 02 11:21:00 Saved as file ~undo.max
Fri Mar 02 11:21:08 Saved as file ~undo.max
Fri Mar 02 11:21:16 Saved as file ~undo.max
Fri Mar 02 11:21:18 Saved as file ~undo.max
Fri Mar 02 11:21:33 Saved as file ~undo.max
Fri Mar 02 11:22:40 Saved as file ~undo.max
Fri Mar 02 11:23:03 Saved as file ~undo.max
Fri Mar 02 11:23:32 Saved as file ~undo.max
Fri Mar 02 11:23:35 Saved as file BACKUP1.MAX
Fri Mar 02 11:23:38 Saved as file ~undo.max
Fri Mar 02 11:23:51 Saved as file ~undo.max
Fri Mar 02 11:23:54 Saved as file ~undo.max
Fri Mar 02 11:23:58 Saved as file ~undo.max
Fri Mar 02 11:24:05 Saved as file ~undo.max
Fri Mar 02 11:24:08 Saved as file ~undo.max
Fri Mar 02 11:24:11 Saved as file ~undo.max
Fri Mar 02 11:24:13 Saved as file ~undo.max
Fri Mar 02 11:24:20 Saved as file ~undo.max
Fri Mar 02 11:24:22 Saved as file ~undo.max
Fri Mar 02 11:24:26 Saved as file ~undo.max
Fri Mar 02 11:24:43 Saved as file ~undo.max
Fri Mar 02 11:25:02 Saved as file ~undo.max
Fri Mar 02 11:25:04 Saved as file ~undo.max
Fri Mar 02 11:25:05 Saved as file ~undo.max
Fri Mar 02 11:25:07 Saved as file ~undo.max
Fri Mar 02 11:25:16 Saved as file ~undo.max
Fri Mar 02 11:25:18 Saved as file ~undo.max
Fri Mar 02 11:25:23 Saved as file ~undo.max
Fri Mar 02 11:25:29 Saved as file F:\PT8619\PCB\PT8619_REMOTE.MAX
Fri Mar 02 11:25:34 Saved as file ~undo.max
Fri Mar 02 11:25:45 Saved as file ~undo.max
Fri Mar 02 11:26:00 Saved as file ~undo.max
Fri Mar 02 11:26:09 Saved as file ~undo.max
Fri Mar 02 11:26:12 Saved as file ~undo.max
Fri Mar 02 11:26:13 Saved as file ~undo.max
Fri Mar 02 11:26:15 Saved as file ~undo.max
Fri Mar 02 11:26:27 Saved as file ~undo.max
Fri Mar 02 11:26:30 Saved as file ~undo.max
Fri Mar 02 11:26:48 Saved as file ~undo.max
Fri Mar 02 11:26:53 Saved as file ~undo.max
Fri Mar 02 11:27:04 Saved as file ~undo.max
Fri Mar 02 11:27:07 Saved as file ~undo.max
Fri Mar 02 11:27:08 Saved as file ~undo.max
Fri Mar 02 11:27:12 Saved as file ~undo.max
Fri Mar 02 11:27:16 Saved as file ~undo.max
Fri Mar 02 11:27:29 Saved as file ~undo.max
Fri Mar 02 11:27:32 Saved as file ~undo.max
Fri Mar 02 11:27:34 Saved as file ~undo.max
Fri Mar 02 11:27:37 Saved as file ~undo.max
Fri Mar 02 11:27:40 Saved as file ~undo.max
Fri Mar 02 11:27:42 Saved as file ~undo.max
Fri Mar 02 11:28:12 Saved as file ~undo.max
Fri Mar 02 11:28:16 Saved as file ~undo.max
Fri Mar 02 11:28:31 Saved as file ~undo.max
Fri Mar 02 11:28:35 Saved as file ~undo.max
Fri Mar 02 11:28:43 Saved as file ~undo.max
Fri Mar 02 11:28:45 Saved as file ~undo.max
Fri Mar 02 11:28:51 Saved as file ~undo.max
Fri Mar 02 11:28:52 Saved as file ~undo.max
Fri Mar 02 11:28:59 Saved as file ~undo.max
Fri Mar 02 11:29:01 Saved as file ~undo.max
Fri Mar 02 11:29:11 Saved as file ~undo.max
Fri Mar 02 11:29:20 Saved as file ~undo.max
Fri Mar 02 11:29:26 Saved as file ~undo.max
Fri Mar 02 11:29:29 Saved as file ~undo.max
Fri Mar 02 11:29:35 Saved as file ~undo.max
Fri Mar 02 11:29:40 Saved as file ~undo.max
Fri Mar 02 11:29:42 Saved as file ~undo.max
Fri Mar 02 11:29:44 Saved as file ~undo.max
Fri Mar 02 11:29:48 Saved as file ~undo.max
Fri Mar 02 11:29:50 Saved as file ~undo.max
Fri Mar 02 11:29:51 Saved as file ~undo.max
Fri Mar 02 11:29:53 Saved as file ~undo.max
Fri Mar 02 11:29:54 Saved as file ~undo.max
Fri Mar 02 11:30:05 Saved as file ~undo.max
Fri Mar 02 11:30:07 Saved as file ~undo.max
Fri Mar 02 11:30:08 Saved as file ~undo.max
Fri Mar 02 11:30:10 Saved as file ~undo.max
Fri Mar 02 11:30:12 Saved as file ~undo.max
Fri Mar 02 11:30:14 Saved as file ~undo.max
Fri Mar 02 11:30:15 Saved as file ~undo.max
Fri Mar 02 11:30:17 Saved as file ~undo.max
Fri Mar 02 11:30:25 Saved as file F:\PT8619\PCB\PT8619_REMOTE.MAX
Fri Mar 02 11:32:04 Saved as file F:\PT8619\PCB\PT8619_REMOTE.MAX
Fri Mar 02 11:34:05 Saved as file BACKUP1.MAX
Fri Mar 02 11:44:35 Saved as file BACKUP1.MAX
Fri Mar 02 11:55:04 Saved as file BACKUP1.MAX
Fri Mar 02 11:58:26 Saved as file F:\PT8619\PCB\PT8619_REMOTE.MAX
Fri Mar 02 11:58:53 Saved as file ~undo.max
Fri Mar 02 11:59:07 Saved as file ~undo.max
Fri Mar 02 11:59:21 Saved as file ~undo.max
Fri Mar 02 11:59:23 Saved as file ~undo.max
Fri Mar 02 11:59:42 Saved as file ~undo.max
Fri Mar 02 11:59:56 Saved as file ~undo.max
Fri Mar 02 12:00:04 Saved as file ~undo.max
Fri Mar 02 12:02:33 Saved as file ~undo.max
Fri Mar 02 12:02:54 Saved as file ~undo.max
Fri Mar 02 12:02:58 Saved as file ~undo.max
Fri Mar 02 12:03:08 Saved as file ~undo.max
Fri Mar 02 12:03:11 Saved as file ~undo.max
Fri Mar 02 12:03:13 Saved as file ~undo.max
Fri Mar 02 12:03:24 Saved as file ~undo.max
Fri Mar 02 12:03:38 Saved as file ~undo.max
Fri Mar 02 12:03:55 Saved as file ~undo.max
Fri Mar 02 12:03:56 Saved as file ~undo.max
Fri Mar 02 12:03:58 Saved as file ~undo.max
Fri Mar 02 12:04:23 Saved as file ~undo.max
Fri Mar 02 12:04:35 Saved as file ~undo.max
Fri Mar 02 12:04:37 Saved as file ~undo.max
Fri Mar 02 12:04:40 Saved as file ~undo.max
Fri Mar 02 12:04:43 Saved as file ~undo.max
Fri Mar 02 12:04:48 Saved as file ~undo.max
Fri Mar 02 12:04:50 Saved as file ~undo.max
Fri Mar 02 12:04:52 Saved as file ~undo.max
Fri Mar 02 12:04:53 Saved as file ~undo.max
Fri Mar 02 12:04:55 Saved as file ~undo.max
Fri Mar 02 12:04:58 Saved as file ~undo.max
Fri Mar 02 12:05:04 Saved as file ~undo.max
Fri Mar 02 12:05:18 Saved as file ~undo.max
Fri Mar 02 12:05:29 Saved as file ~undo.max
Fri Mar 02 12:05:34 Saved as file BACKUP1.MAX
Fri Mar 02 12:05:39 Saved as file ~undo.max
Fri Mar 02 12:05:51 Saved as file ~undo.max
Fri Mar 02 12:06:06 Saved as file ~undo.max
Fri Mar 02 12:06:33 Saved as file ~undo.max
Fri Mar 02 12:06:37 Saved as file ~undo.max
Fri Mar 02 12:06:48 Saved as file ~undo.max
Fri Mar 02 12:06:49 Saved as file ~undo.max
Fri Mar 02 12:06:51 Saved as file ~undo.max
Fri Mar 02 12:06:53 Saved as file ~undo.max
Fri Mar 02 12:06:54 Saved as file ~undo.max
Fri Mar 02 12:06:58 Saved as file ~undo.max
Fri Mar 02 12:06:59 Saved as file ~undo.max
Fri Mar 02 12:07:00 Saved as file ~undo.max
Fri Mar 02 12:07:01 Saved as file ~undo.max
Fri Mar 02 12:07:05 Saved as file ~undo.max
Fri Mar 02 12:07:11 Saved as file ~undo.max
Fri Mar 02 12:07:12 Saved as file ~undo.max
Fri Mar 02 12:07:14 Saved as file ~undo.max
Fri Mar 02 12:07:15 Saved as file ~undo.max
Fri Mar 02 12:07:17 Saved as file ~undo.max
Fri Mar 02 12:07:19 Saved as file ~undo.max
Fri Mar 02 12:07:20 Saved as file ~undo.max
Fri Mar 02 12:07:21 Saved as file ~undo.max
Fri Mar 02 12:07:24 Saved as file ~undo.max
Fri Mar 02 12:09:02 Saved as file ~undo.max
Fri Mar 02 12:09:15 Saved as file ~undo.max
Fri Mar 02 12:09:27 Saved as file ~undo.max
Fri Mar 02 12:09:51 Saved as file ~undo.max
Fri Mar 02 12:09:53 Saved as file ~undo.max
Fri Mar 02 12:09:56 Saved as file F:\PT8619\PCB\PT8619_REMOTE.MAX
Fri Mar 02 12:09:59 Saved as file F:\PT8619\PCB\PT8619_REMOTE.MAX
Fri Mar 02 12:10:09 Saved as file ~undo.max
Fri Mar 02 12:10:18 Saved as file ~undo.max
Fri Mar 02 12:10:26 Saved as file ~undo.max
Fri Mar 02 12:10:40 Saved as file ~undo.max
Fri Mar 02 12:10:54 Saved as file ~undo.max
Fri Mar 02 12:10:57 Saved as file ~undo.max
Fri Mar 02 12:11:00 Saved as file ~undo.max
Fri Mar 02 12:11:22 Saved as file ~undo.max
Fri Mar 02 12:12:24 Saved as file ~undo.max
Fri Mar 02 12:12:46 Saved as file ~undo.max
Fri Mar 02 12:13:03 Saved as file ~undo.max
Fri Mar 02 12:13:24 Saved as file ~undo.max
Fri Mar 02 12:13:38 Saved as file ~undo.max
Fri Mar 02 12:13:52 Saved as file ~undo.max
Fri Mar 02 12:14:11 Saved as file ~undo.max
Fri Mar 02 12:14:13 Saved as file ~undo.max
Fri Mar 02 12:14:16 Saved as file ~undo.max
Fri Mar 02 12:14:17 Saved as file ~undo.max
Fri Mar 02 12:14:18 Saved as file ~undo.max
Fri Mar 02 12:14:20 Saved as file ~undo.max
Fri Mar 02 12:14:22 Saved as file ~undo.max
Fri Mar 02 12:14:24 Saved as file ~undo.max
Fri Mar 02 12:14:26 Saved as file ~undo.max
Fri Mar 02 12:14:28 Saved as file ~undo.max
Fri Mar 02 12:14:30 Saved as file ~undo.max
Fri Mar 02 12:14:33 Saved as file ~undo.max
Fri Mar 02 12:14:34 Saved as file ~undo.max
Fri Mar 02 12:14:37 Saved as file ~undo.max
Fri Mar 02 12:14:38 Saved as file ~undo.max
Fri Mar 02 12:14:39 Saved as file ~undo.max
Fri Mar 02 12:14:41 Saved as file ~undo.max
Fri Mar 02 12:14:55 Saved as file ~undo.max
Fri Mar 02 12:15:01 Saved as file ~undo.max
Fri Mar 02 12:15:04 Saved as file ~undo.max
Fri Mar 02 12:15:05 Saved as file ~undo.max
Fri Mar 02 12:15:08 Saved as file ~undo.max
Fri Mar 02 12:15:13 Saved as file ~undo.max
Fri Mar 02 12:15:16 Saved as file ~undo.max
Fri Mar 02 12:15:18 Saved as file ~undo.max
Fri Mar 02 12:15:21 Saved as file ~undo.max
Fri Mar 02 12:15:34 Saved as file ~undo.max
Fri Mar 02 12:15:50 Saved as file ~undo.max
Fri Mar 02 12:15:51 Saved as file ~undo.max
Fri Mar 02 12:15:53 Saved as file ~undo.max
Fri Mar 02 12:15:57 Saved as file ~undo.max
Fri Mar 02 12:15:58 Saved as file ~undo.max
Fri Mar 02 12:16:00 Saved as file ~undo.max
Fri Mar 02 12:16:02 Saved as file ~undo.max
Fri Mar 02 12:16:04 Saved as file BACKUP1.MAX
Fri Mar 02 12:16:06 Saved as file ~undo.max
Fri Mar 02 12:16:14 Saved as file ~undo.max
Fri Mar 02 12:16:16 Saved as file ~undo.max
Fri Mar 02 12:16:19 Saved as file ~undo.max
Fri Mar 02 12:16:20 Saved as file ~undo.max
Fri Mar 02 12:16:21 Saved as file ~undo.max
Fri Mar 02 12:16:23 Saved as file ~undo.max
Fri Mar 02 12:16:24 Saved as file ~undo.max
Fri Mar 02 12:16:43 Saved as file ~undo.max
Fri Mar 02 12:16:54 Saved as file ~undo.max
Fri Mar 02 12:17:03 Saved as file ~undo.max
Fri Mar 02 12:17:18 Saved as file ~undo.max
Fri Mar 02 12:17:29 Saved as file ~undo.max
Fri Mar 02 12:17:50 Saved as file ~undo.max
Fri Mar 02 12:18:54 Saved as file ~undo.max
Fri Mar 02 12:20:41 Saved as file F:\PT8619\PCB\PT8619_REMOTE.MAX
