4008 109 82922

PART NO.              DESCRIPTION                      QTY NAME

A                                                        1 XE1
4008-100-70880        SMD 1%, 75                         2 R1-2
4008-100-70420        SMD 1%, 121                        1 R3
2222-861-15479        47P,NP0 0805                       2 C1-2
9332-061-59682        GS9007                             1 V1
9322-061-57682        GS9005A                            1 V2
4008-103-56030        COAX13                             2 CX1-2
2222-581-16641        100N,X7R 1206                     11 C3
                                                           C5
                                                           C7
                                                           C13
                                                           C17-20
                                                           C25-26
                                                           C29
2222-861-15568        5P6,NP0 0805                       1 C4
4008-100-70520        SMD 1%, 1K21                       2 R4-5
2122-358-00105        BOURN 5K                           1 R6
4008-100-70600        SMD 1%, 5K62                       1 R7
4008-100-70510        SMD 1%, 1K                         2 R8
                                                           R44
4022-007-45420        TESTP                             10 TP1-10
2222-581-16641        100N,X7R 1206                     10 C8-12
                                                           C30-34
4008-100-70470        SMD 1%, 392                        4 R9-12
4008-100-70410        SMD 1%, 100                       17 R13-16
                                                           R18-28
                                                           R37
                                                           R43
4008-100-70630        SMD 1%, 10K                        2 R17
                                                           R36
4008-100-70210        SMD 1%, 150                        4 R31-34
4008-100-70390        SMD 1%, 68R1                       1 R35
2222-861-15188        1P8,NP0 0805                       1 C15
2222-128-55159        SAL-RPM 128 15U,16V                5 C6
                                                           C21-24
4008-101-90070        SOL 6U8,20V                        1 C14
9332-153-70215        BAV99                              1 D1
9322-061-58682        GS9000                             1 V3
4008-100-09040        2.7UH SIEMENS                      1 L2
4008-002-04730        PCF8574T                           1 V5
4008-100-70460        SMD 1%, 332                        6 R38-41
                                                           R45-46
4008-002-05050        PCF8591T                           1 V6
2222-863-15102        1N,NP0 5% 1206                     1 C27
2222-580-16627        10N,X7R 0805                       1 C28
4008-002-04710        EMP7064LC44-15                     1 V4
4008-100-09710        1.5 TURNS                          1 L1
4008-100-70360        SMD 1%, 39R2                       2 R29-30
4008-002-05510        NM24C02M8                          1 V7


