4008 109 82913

PART NO.              DESCRIPTION                      QTY NAME

A                                                        1 XB1
B                                                        1 XA1
4008-002-04710        EMP7064LC44-15                     1 V1
4008-002-04740        74HC4046AD                         1 V2
2222-581-16641        100N,X7R 1206                     32 C2
                                                           C5-6
                                                           C8-10
                                                           C16-24
                                                           C26-34
                                                           C40
                                                           C43
                                                           C45-47
                                                           C50-51
                                                           C58
2222-581-16636        47N,X7R 1206                       1 C4
2222-580-16627        10N,X7R 0805                       2 C3
                                                           C49
2222-861-15221        220P,NP0 0805                      2 C11
                                                           C41
4008-002-04680        TLE2082CD SMD                      1 V3
4008-100-70630        SMD 1%, 10K                        6 R1-3
                                                           R16
                                                           R26
                                                           R30
2M2-1%-RSMD                                              1 R4
4008-100-70750        SMD 1%, 100K                       3 R5
                                                           R14-15
4008-100-70180        SMD 1%, 3M3                        2 R6
                                                           R21
4008-100-70870        SMD 1%, 1M                         1 R17
4008-100-70510        SMD 1%, 1K                         2 R18
                                                           R27
4008-100-70380        SMD 1%, 56R2                       2 R10-11
4008-100-70320        SMD 1%, 18R2                       2 R8-9
4008-100-70460        SMD 1%, 332                        6 R19-20
                                                           R22-23
                                                           R28-29
4022-007-45420        TESTP                             10 TP1-10
9337-140-00112        74HCU04D                           1 V4
9335-053-10215        BBY40                              1 D2
4008-103-01600        HC-49/U13-XTAL                     1 X1
4008-002-04730        PCF8574T                           2 V5
                                                           V9
4008-002-04690        EPM7064LC64-15                     1 V7
4008-100-12320        76601/1                            1 TR1
4008-002-04700        M27C4001                           1 V6
8208-110-01690        22UH SIEMENS-SMD                   2 L3-4
4008-100-09040        2.7UH SIEMENS                      2 L1-2
9332-153-70215        BAV99                              1 D3
4008-002-04670        DS9638CM                           1 V8
4008-103-56030        COAX13                             1 CX1
2222-128-55159        SAL-RPM 128 15U,16V                8 C1
                                                           C44
                                                           C48
                                                           C52-54
                                                           C56-57
9335-593-70682        3MM LED GREEN                      2 D1
                                                           D4
4008-100-70490        SMD 1%, 681                        1 R24
4008-100-70880        SMD 1%, 75                         1 R25
4008-100-70590        SMD 1%, 4K75                       1 R7
4008-100-70620        SMD 1%, 8K25                       1 R12
4008-100-70670        SMD 1%, 22K1                       1 R13
2222-861-15479        47P,NP0 0805                       1 C39
XXX                   SOLDER PAD                         1 SP2
2222-861-15338        3P3,NP0 0805                       2 C13-14
2222-861-15688        6P8,NP0 0805                       1 C15
2222-863-15102        1N,NP0 5% 1206                     2 C7
                                                           C12
2222-861-15101        100P,NP0 5% 0805                   1 C55
4008-103-66660        PCS-032SMU-11                      1 VS6
4008-103-66690        PCS-084SMU-11                      1 VS7
4008-103-66670        PCS-044SMU-11                      1 VS1
4008-002-05510        NM24C02M8                          1 V11
4008-002-05500        MAX4102                            1 V10
4008-100-70230        SMD 1%, 0                          3 R31-33
4008-101-90070        SOL 6U8,20V                        3 C35-36
                                                           C42
4008-103-66140        PROGRAMMING PLUG 1X2 POL F095      1 PP1

