ISE Auto-Make Log File
-----------------------

Updating: Implement Design

Starting: 'exewrap @__tri_level_sync_generator_2prj_exewrap.rsp'


Creating TCL Process
Done: completed successfully.

Starting: 'exewrap -tapkeep -mode pipe -tcl -command C:/Programmer/xilinx_webpack/data/projnav/_filesAllClean.tcl _XSTClean.rsp 0'


Creating TCL Process
Cleaning Up Project
deleting directory: ./xst
Finished cleaning up project
Done: completed successfully.

Starting: 'exewrap @2600.rsp'
Original: 'exewrap -mode pipe -tapkeep -command C:/Programmer/xilinx_webpack/bin/nt/xst.exe -ifn tri_level_sync_generator.xst -ofn tri_level_sync_generator.syr'


Starting: 'C:/Programmer/xilinx_webpack/bin/nt/xst.exe -ifn tri_level_sync_generator.xst -ofn tri_level_sync_generator.syr '


Release 4.2WP3.x - xst E.38
Copyright (c) 1995-2001 Xilinx, Inc.  All rights reserved.
--> Parameter TMPDIR set to .
CPU : 0.00 / 0.99 s | Elapsed : 0.00 / 0.00 s
 
--> Parameter overwrite set to YES
CPU : 0.00 / 0.99 s | Elapsed : 0.00 / 0.00 s
 
--> Parameter xsthdpdir set to ./xst
CPU : 0.00 / 0.99 s | Elapsed : 0.00 / 0.00 s
 
--> =========================================================================
---- Source Parameters
Input Format                       : VHDL
Input File Name                    : tri_level_sync_generator.prj

---- Target Parameters
Target Device                      : XC9500XV
Output File Name                   : tri_level_sync_generator
Output Format                      : NGC
Target Technology                  : 9500xv

---- Source Options
Entity Name                        : tri_level_sync_generator
Automatic FSM Extraction           : YES
FSM Encoding Algorithm             : Auto
FSM Flip-Flop Type                 : D
Mux Extraction                     : YES
Resource Sharing                   : YES
Complex Clock Enable Extraction    : YES

---- Target Options
Add IO Buffers                     : YES
Equivalent register Removal        : YES
Macro Generator                    : Macro+
MACRO Preserve                     : YES
XOR Preserve                       : YES

---- General Options
Optimization Criterion             : Speed
Optimization Effort                : 1
Check Attribute Syntax             : YES
Keep Hierarchy                     : YES

---- Other Options
Clock Enable                       : YES
wysiwyg                            : NO

=========================================================================

Compiling vhdl file F:/PT-Trilevel/Xilinx/IC14-18-22/v4/sync_statemachine.vhd in Library work.
Entity <sync_statemachine> (Architecture <behavioral>) compiled.
Compiling vhdl file F:/PT-Trilevel/Xilinx/IC14-18-22/v4/phasedelay_count.vhd in Library work.
Entity <phasedelay_count> (Architecture <behavioral>) compiled.
Compiling vhdl file F:/PT-Trilevel/Xilinx/IC14-18-22/v4/da_converter.vhd in Library work.
Entity <da_converter> (Architecture <behavioral>) compiled.
Compiling vhdl file F:/PT-Trilevel/Xilinx/IC14-18-22/v4/genlock_timing.vhd in Library work.
Entity <genlock_timing> (Architecture <behavioral>) compiled.
Compiling vhdl file F:/PT-Trilevel/Xilinx/IC14-18-22/v4/serial_interface.vhd in Library work.
Entity <serial_interface> (Architecture <behavioral>) compiled.
Compiling vhdl file F:/PT-Trilevel/Xilinx/IC14-18-22/v4/Tri_level_timer.vhd in Library work.
Entity <tri_level_timer> (Architecture <behavioral>) compiled.
Compiling vhdl file F:/PT-Trilevel/Xilinx/IC14-18-22/v4/Tri_level_Sync_Generator.vhd in Library work.
Entity <tri_level_sync_generator> (Architecture <behavioral>) compiled.

Analyzing Entity <tri_level_sync_generator> (Architecture <behavioral>).
    Set user-defined property "BUFG =  CLK" for signal <f27m> in unit <tri_level_sync_generator>.
Entity <tri_level_sync_generator> analyzed. Unit <tri_level_sync_generator> generated.

Analyzing Entity <da_converter> (Architecture <behavioral>).
Entity <da_converter> analyzed. Unit <da_converter> generated.

Analyzing Entity <genlock_timing> (Architecture <behavioral>).
Entity <genlock_timing> analyzed. Unit <genlock_timing> generated.

Analyzing Entity <serial_interface> (Architecture <behavioral>).
Entity <serial_interface> analyzed. Unit <serial_interface> generated.

Analyzing Entity <tri_level_timer> (Architecture <behavioral>).
Entity <tri_level_timer> analyzed. Unit <tri_level_timer> generated.

Analyzing Entity <phasedelay_count> (Architecture <behavioral>).
Entity <phasedelay_count> analyzed. Unit <phasedelay_count> generated.

Analyzing Entity <sync_statemachine> (Architecture <behavioral>).
Entity <sync_statemachine> analyzed. Unit <sync_statemachine> generated.


Synthesizing Unit <sync_statemachine>.
    Related source file is F:/PT-Trilevel/Xilinx/IC14-18-22/v4/sync_statemachine.vhd.
    Found finite state machine <FSM_0> for signal <state>.
    -----------------------------------------------------------------------
    | States             | 6                                              |
    | Transitions        | 9                                              |
    | Inputs             | 3                                              |
    | Outputs            | 2                                              |
    | Reset type         | asynchronous                                   |
    | Encoding           | automatic                                      |
    | State register     | D  flip-flops                                  |
    -----------------------------------------------------------------------
    Found 1-bit register for signal <sync>.
    Found 1-bit register for signal <sync_t>.
    Found 2-bit adder for signal <$n0016> created at line 48.
    Found 1-bit register for signal <clk_sync>.
    Found 2-bit register for signal <div>.
    Found 1-bit register for signal <sm_clk>.
    Summary:
	inferred   1 Finite State Machine(s).
	inferred   6 D-type flip-flop(s).
	inferred   1 Adder/Subtracter(s).
Unit <sync_statemachine> synthesized.


Synthesizing Unit <phasedelay_count>.
    Related source file is F:/PT-Trilevel/Xilinx/IC14-18-22/v4/phasedelay_count.vhd.
    Found 1-bit register for signal <sync_delayed>.
    Found 26-bit comparator equal for signal <$n0003> created at line 176.
    Found 1-bit register for signal <counter_active>.
    Found 26-bit register for signal <delay_count>.
    Summary:
	inferred  28 D-type flip-flop(s).
	inferred   1 Comparator(s).
Unit <phasedelay_count> synthesized.


Synthesizing Unit <tri_level_timer>.
    Related source file is F:/PT-Trilevel/Xilinx/IC14-18-22/v4/Tri_level_timer.vhd.
    Found 1-bit register for signal <f148_div>.
    Found 10-bit register for signal <spldiv_downcount>.
    Found 1-bit register for signal <last_count>.
    Found 1-bit register for signal <line_clk>.
    Found 10-bit subtractor for signal <$n0029> created at line 120.
    Found 4-bit up counter for signal <div>.
    Found 1-bit register for signal <line_begin>.
    Found 1-bit register for signal <line_mid>.
    Summary:
	inferred   1 Counter(s).
	inferred  15 D-type flip-flop(s).
	inferred   1 Adder/Subtracter(s).
Unit <tri_level_timer> synthesized.


Synthesizing Unit <serial_interface>.
    Related source file is F:/PT-Trilevel/Xilinx/IC14-18-22/v4/serial_interface.vhd.
    Found 10-bit register for signal <spl_div>.
    Found 1-bit register for signal <system_clk>.
    Found 26-bit register for signal <phasedelay>.
    Found 6-bit up counter for signal <bitptr>.
    Found 2-bit register for signal <sm_tmp>.
    Found 1 1-bit 2-to-1 multiplexers.
    Summary:
	inferred   1 Counter(s).
	inferred  39 D-type flip-flop(s).
	inferred   1 Multiplexer(s).
Unit <serial_interface> synthesized.


Synthesizing Unit <genlock_timing>.
    Related source file is F:/PT-Trilevel/Xilinx/IC14-18-22/v4/genlock_timing.vhd.
    Found finite state machine <FSM_1> for signal <state>.
    -----------------------------------------------------------------------
    | States             | 3                                              |
    | Transitions        | 5                                              |
    | Inputs             | 1                                              |
    | Outputs            | 1                                              |
    | Reset type         | asynchronous                                   |
    | Encoding           | automatic                                      |
    | State register     | D  flip-flops                                  |
    -----------------------------------------------------------------------
    Found 1-bit register for signal <greset>.
    Found 1-bit register for signal <intern_sync>.
    Found 1-bit register for signal <start_counter>.
    Found 1-bit register for signal <temp_sync>.
    Found 1 1-bit 2-to-1 multiplexers.
WARNING:Xst:647 - Input <scan_method> is never used.
    Summary:
	inferred   1 Finite State Machine(s).
	inferred   4 D-type flip-flop(s).
	inferred   1 Multiplexer(s).
Unit <genlock_timing> synthesized.


Synthesizing Unit <da_converter>.
    Related source file is F:/PT-Trilevel/Xilinx/IC14-18-22/v4/da_converter.vhd.
    Found finite state machine <FSM_2> for signal <state>.
    -----------------------------------------------------------------------
    | States             | 5                                              |
    | Transitions        | 14                                             |
    | Inputs             | 2                                              |
    | Outputs            | 1                                              |
    | Reset type         | asynchronous                                   |
    | Encoding           | automatic                                      |
    | State register     | D  flip-flops                                  |
    -----------------------------------------------------------------------
    Found 4-bit register for signal <analoglevel>.
    Found 1-bit register for signal <f74>.
    Summary:
	inferred   1 Finite State Machine(s).
	inferred   5 D-type flip-flop(s).
Unit <da_converter> synthesized.


Synthesizing Unit <tri_level_sync_generator>.
    Related source file is F:/PT-Trilevel/Xilinx/IC14-18-22/v4/Tri_level_Sync_Generator.vhd.
    Found 2 1-bit 2-to-1 multiplexers.
WARNING:Xst:647 - Input <gy<9>> is never used.
WARNING:Xst:647 - Input <gy<8>> is never used.
WARNING:Xst:647 - Input <gy<7>> is never used.
WARNING:Xst:647 - Input <gy<6>> is never used.
WARNING:Xst:647 - Input <gy<5>> is never used.
WARNING:Xst:647 - Input <gy<4>> is never used.
WARNING:Xst:647 - Input <gy<3>> is never used.
WARNING:Xst:647 - Input <gy<2>> is never used.
WARNING:Xst:647 - Input <gy<1>> is never used.
WARNING:Xst:647 - Input <gy<0>> is never used.
WARNING:Xst:646 - Signal <spldiv_downcount<9>> is assigned but never used.
WARNING:Xst:646 - Signal <spldiv_downcount<8>> is assigned but never used.
WARNING:Xst:646 - Signal <spldiv_downcount<7>> is assigned but never used.
WARNING:Xst:646 - Signal <spldiv_downcount<6>> is assigned but never used.
WARNING:Xst:646 - Signal <spldiv_downcount<5>> is assigned but never used.
WARNING:Xst:646 - Signal <spldiv_downcount<4>> is assigned but never used.
WARNING:Xst:646 - Signal <spldiv_downcount<3>> is assigned but never used.
WARNING:Xst:646 - Signal <spldiv_downcount<2>> is assigned but never used.
WARNING:Xst:646 - Signal <spldiv_downcount<1>> is assigned but never used.
WARNING:Xst:646 - Signal <spldiv_downcount<0>> is assigned but never used.
    Summary:
	inferred   2 Multiplexer(s).
Unit <tri_level_sync_generator> synthesized.

=========================================================================
HDL Synthesis Report

Macro Statistics
# FSMs                             : 3
# Registers                        : 84
  2-bit register                   : 1
  10-bit register                  : 1
  1-bit register                   : 81
  4-bit register                   : 1
# Counters                         : 2
  4-bit up counter                 : 1
  6-bit up counter                 : 1
# Multiplexers                     : 4
  2-to-1 multiplexer               : 4
# Adders/Subtractors               : 2
  2-bit adder                      : 1
  10-bit subtractor                : 1
# Comparators                      : 1
  26-bit comparator equal          : 1

=========================================================================

Selecting encoding for FSM_0 ...
	Encoding for FSM_0 is Gray, flip-flop = D
Selecting encoding for FSM_1 ...
	Encoding for FSM_1 is Sequential, flip-flop = D
Selecting encoding for FSM_2 ...
	Encoding for FSM_2 is Gray, flip-flop = D

Starting low level synthesis...

Optimizing unit <sync_statemachine> ...

Optimizing unit <tri_level_timer> ...

Optimizing unit <serial_interface> ...

Optimizing unit <phasedelay_count> ...

Optimizing unit <genlock_timing> ...

Optimizing unit <da_converter> ...

Optimizing unit <tri_level_sync_generator> ...
  implementation constraint: BUFG=CLK	 : f27m

Merging netlists...

=========================================================================
Final Results
Output File Name                   : tri_level_sync_generator
Output Format                      : NGC
Optimization Criterion             : Speed
Target Technology                  : 9500xv
Keep Hierarchy                     : YES
Macro Preserve                     : YES
Macro Generation                   : Macro+
XOR Preserve                       : YES

Macro Statistics
# FSMs                             : 3
# Adders/Subtractors               : 4
  2-bit adder                      : 1
  10-bit subtractor                : 1
  4-bit adder                      : 1
  6-bit adder                      : 1

Design Statistics
# Edif Instances                   : 763
# I/Os                             : 34

=========================================================================
CPU : 18.07 / 19.06 s | Elapsed : 18.00 / 18.00 s
 
--> 
EXEWRAP detected that program 'C:/Programmer/xilinx_webpack/bin/nt/xst.exe' completed successfully.

Done: completed successfully.

Starting: 'exewrap @4801.rsp'
Original: 'exewrap -tapkeep -mode pipe -tcl -command C:/Programmer/xilinx_webpack/data/projnav/_edfTOngd.tcl _ngdbld.rsp tri_level_sync_generator ngdbuild.rsp'


Creating TCL Process
Starting: 'ngdbuild -f ngdbuild.rsp'


Release 4.2WP3.x - ngdbuild E.38
Copyright (c) 1995-2001 Xilinx, Inc.  All rights reserved.

Command Line: ngdbuild -dd _ngo -uc tri_level_sync_generator.ucf -p XC9500XV
tri_level_sync_generator.ngc tri_level_sync_generator.ngd 

Reading NGO file
"F:/PT-Trilevel/Xilinx/IC14-18-22/v4/tri_level_sync_generator/tri_level_sync_gen
erator.ngc" ...
Reading component libraries for design expansion...

Annotating constraints to design from file "tri_level_sync_generator.ucf" ...
WARNING:NgdBuild:679 - Could not find NET 'f148'.  NET 'dac/f148' was found and
   the constraint is being attached to it.  The complete hierarchial name will
   be required in the next release, so change the name in
   'tri_level_sync_generator.ucf'.
INFO:NgdBuild:678 - The constraint for NET 'dac/f148' is being attached to the
   equivalent NET 'N159'.

Checking timing specifications ...
Checking expanded design ...
WARNING:NgdBuild:454 - logical net 'N1236' has no load
WARNING:NgdBuild:454 - logical net 'N1239' has no load
WARNING:NgdBuild:454 - logical net 'N1242' has no load
WARNING:NgdBuild:454 - logical net 'N1245' has no load
WARNING:NgdBuild:454 - logical net 'N1248' has no load
WARNING:NgdBuild:454 - logical net 'N1251' has no load
WARNING:NgdBuild:454 - logical net 'N1254' has no load
WARNING:NgdBuild:454 - logical net 'N1257' has no load
WARNING:NgdBuild:454 - logical net 'N1260' has no load
WARNING:NgdBuild:454 - logical net 'N1263' has no load

NGDBUILD Design Results Summary:
  Number of errors:     0
  Number of warnings:  10

Writing NGD file "tri_level_sync_generator.ngd" ...

Writing NGDBUILD log file "tri_level_sync_generator.bld"...

NGDBUILD done.
Tcl C:/Programmer/xilinx_webpack/data/projnav/_edfTOngd.tcl detected that program 'ngdbuild -f ngdbuild.rsp' completed successfully.




Done: completed successfully.

Starting: 'exewrap -mode pipe -tapkeep -tcl -command _cpldfit.tcl'


Creating TCL Process
Starting: 'cpldfit -f _cpldfit.rsp tri_level_sync_generator.ngd'


Release 4.2WP3.x - CPLD Optimizer/Partitioner E.38
Copyright (c) 1995-2001 Xilinx, Inc.  All rights reserved.
WARNING:Cpld:1218 - Removing unused input(s) 'gy<9>'.  The input(s) are unused
   after optimization. Please verify functionality via simulation.
WARNING:Cpld:1218 - Removing unused input(s) 'gy<8>'.  The input(s) are unused
   after optimization. Please verify functionality via simulation.
WARNING:Cpld:1218 - Removing unused input(s) 'gy<7>'.  The input(s) are unused
   after optimization. Please verify functionality via simulation.
WARNING:Cpld:1218 - Removing unused input(s) 'gy<6>'.  The input(s) are unused
   after optimization. Please verify functionality via simulation.
WARNING:Cpld:1218 - Removing unused input(s) 'gy<5>'.  The input(s) are unused
   after optimization. Please verify functionality via simulation.
WARNING:Cpld:1218 - Removing unused input(s) 'gy<4>'.  The input(s) are unused
   after optimization. Please verify functionality via simulation.
WARNING:Cpld:1218 - Removing unused input(s) 'gy<3>'.  The input(s) are unused
   after optimization. Please verify functionality via simulation.
WARNING:Cpld:1218 - Removing unused input(s) 'gy<2>'.  The input(s) are unused
   after optimization. Please verify functionality via simulation.
WARNING:Cpld:1218 - Removing unused input(s) 'gy<1>'.  The input(s) are unused
   after optimization. Please verify functionality via simulation.
WARNING:Cpld:1218 - Removing unused input(s) 'gy<0>'.  The input(s) are unused
   after optimization. Please verify functionality via simulation.
Considering device XC95144XV-TQ100.
Multi-level logic optimization...
Density optimization...............................................  .. 
WARNING:Cpld:824 - Signal 'tltimer/div<3>.SETF' has been minimized to 'GND'.
     The signal is removed.
WARNING:Cpld:824 - Signal 'tltimer/div<2>.SETF' has been minimized to 'GND'.
     The signal is removed.
WARNING:Cpld:824 - Signal 'tltimer/div<1>.SETF' has been minimized to 'GND'.
     The signal is removed.
General global resource optimization........
Re-checking device resources ...
Mapping a total of 135 equations into 8 function blocks...................................

Design tri_level_sync_generator has been optimized and fit into device
XC95144XV-5-TQ100.
Tcl _cpldfit.tcl detected that program 'cpldfit -f _cpldfit.rsp tri_level_sync_generator.ngd' completed successfully.


Done: completed successfully.
