ISE Auto-Make Log File
-----------------------

Updating: Configure Device (iMPACT)

Launching: 'impact -f __impact.rsp'



ISE Auto-Make Log File
-----------------------

Starting: 'exewrap @__filesAllClean_exewrap.rsp'


Creating TCL Process
Cleaning Up Project
deleting file(s): __projnav.log _impact.log
deleting file(s): tmperr.err _editucf.err
deleting file(s): tri_level_sync_generator.ngd tri_level_sync_generator_last_ngd.ngd
deleting file(s): _ngdbld.rsp __tri_level_sync_generator_2prj_exewrap.rsp ngdbuild.rsp __impact.rsp _editucf.rsp _cpldfit.rsp _editucf_exewrap.rsp __filesAllClean_exewrap.rsp
deleting file(s): tri_level_sync_generator.ngc
deleting file(s): xst
deleting file(s): tri_level_sync_generator.prj
deleting file(s): tri_level_sync_generator.xst
deleting file(s): tri_level_sync_generator.syr
deleting file(s): tri_level_sync_generator.cup
deleting file(s): tri_level_sync_generator._prj
deleting file(s): tri_level_sync_generator.bld
deleting file(s): tri_level_sync_generator_ngdbuild.nav
deleting directory: _ngo
deleting file(s): nocomponent.jed tri_level_sync_generator.jed
deleting file(s): tri_level_sync_generator.gyd
deleting file(s): tri_level_sync_generator.pnx
deleting file(s): tri_level_sync_generator.rpt
deleting file(s): tri_level_sync_generator.vm6
deleting file(s): _cpldfit.tcl
Finished cleaning up project

Done: completed successfully.

ISE Auto-Make Log File
-----------------------

Updating: Generate Programming File

Starting: 'exewrap @__tri_level_sync_generator_2prj_exewrap.rsp'


Creating TCL Process
Done: completed successfully.

Starting: 'exewrap -tapkeep -mode pipe -tcl -command C:/Programmer/xilinx_webpack/data/projnav/_filesAllClean.tcl _XSTClean.rsp 0'


Creating TCL Process
Cleaning Up Project
Finished cleaning up project
Done: completed successfully.

Starting: 'exewrap @5344.rsp'
Original: 'exewrap -mode pipe -tapkeep -command C:/Programmer/xilinx_webpack/bin/nt/xst.exe -ifn tri_level_sync_generator.xst -ofn tri_level_sync_generator.syr'


Starting: 'C:/Programmer/xilinx_webpack/bin/nt/xst.exe -ifn tri_level_sync_generator.xst -ofn tri_level_sync_generator.syr '


Release 4.2WP3.x - xst E.38
Copyright (c) 1995-2001 Xilinx, Inc.  All rights reserved.
--> Parameter TMPDIR set to .
CPU : 0.00 / 0.05 s | Elapsed : 0.00 / 0.00 s
 
--> Parameter overwrite set to YES
CPU : 0.00 / 0.05 s | Elapsed : 0.00 / 0.00 s
 
--> Parameter xsthdpdir set to ./xst
CPU : 0.00 / 0.05 s | Elapsed : 0.00 / 0.00 s
 
--> =========================================================================
---- Source Parameters
Input Format                       : VHDL
Input File Name                    : tri_level_sync_generator.prj

---- Target Parameters
Target Device                      : XC9500XV
Output File Name                   : tri_level_sync_generator
Output Format                      : NGC
Target Technology                  : 9500xv

---- Source Options
Entity Name                        : tri_level_sync_generator
Automatic FSM Extraction           : YES
FSM Encoding Algorithm             : Auto
FSM Flip-Flop Type                 : D
Mux Extraction                     : YES
Resource Sharing                   : YES
Complex Clock Enable Extraction    : YES

---- Target Options
Add IO Buffers                     : YES
Equivalent register Removal        : YES
Macro Generator                    : Macro+
MACRO Preserve                     : YES
XOR Preserve                       : YES

---- General Options
Optimization Criterion             : Speed
Optimization Effort                : 1
Check Attribute Syntax             : YES
Keep Hierarchy                     : YES

---- Other Options
Clock Enable                       : YES
wysiwyg                            : NO

=========================================================================

Compiling vhdl file C:/PT-Trilevel/xilinx/IC14-18-22/hw-debug/nocomponent/Tri_level_Sync_Generator.vhd in Library work.
Entity <tri_level_sync_generator> (Architecture <behavioral>) compiled.

Analyzing Entity <tri_level_sync_generator> (Architecture <behavioral>).
Entity <tri_level_sync_generator> analyzed. Unit <tri_level_sync_generator> generated.


Synthesizing Unit <tri_level_sync_generator>.
    Related source file is C:/PT-Trilevel/xilinx/IC14-18-22/hw-debug/nocomponent/Tri_level_Sync_Generator.vhd.
WARNING:Xst:647 - Input <mreset> is never used.
WARNING:Xst:647 - Input <f27m> is never used.
WARNING:Xst:647 - Input <f74m> is never used.
WARNING:Xst:647 - Input <f148m> is never used.
WARNING:Xst:647 - Input <f4m> is never used.
WARNING:Xst:647 - Input <fhm> is never used.
WARNING:Xst:647 - Input <f8g> is never used.
WARNING:Xst:647 - Input <fhg> is never used.
WARNING:Xst:647 - Input <gpbus<7>> is never used.
WARNING:Xst:647 - Input <gpbus<6>> is never used.
WARNING:Xst:647 - Input <gpbus<5>> is never used.
WARNING:Xst:647 - Input <gpbus<4>> is never used.
WARNING:Xst:647 - Input <gpbus<3>> is never used.
WARNING:Xst:647 - Input <gpbus<2>> is never used.
WARNING:Xst:647 - Input <gpbus<1>> is never used.
WARNING:Xst:647 - Input <gpbus<0>> is never used.
WARNING:Xst:647 - Input <cs> is never used.
WARNING:Xst:647 - Input <sck> is never used.
WARNING:Xst:647 - Input <mosi> is never used.
WARNING:Xst:647 - Input <miso> is never used.
WARNING:Xst:647 - Input <sync_in> is never used.
WARNING:Xst:649 - Inout <sync> is never used.
WARNING:Xst:649 - Inout <sync_t> is never used.
WARNING:Xst:647 - Input <bcb_l<3>> is never used.
WARNING:Xst:647 - Input <bcb_l<2>> is never used.
WARNING:Xst:647 - Input <bcb_l<1>> is never used.
WARNING:Xst:647 - Input <bcb_l<0>> is never used.
Unit <tri_level_sync_generator> synthesized.

=========================================================================
HDL Synthesis Report

Found no macro
=========================================================================


Starting low level synthesis...

Optimizing unit <tri_level_sync_generator> ...
=========================================================================
Final Results
Output File Name                   : tri_level_sync_generator
Output Format                      : NGC
Optimization Criterion             : Speed
Target Technology                  : 9500xv
Keep Hierarchy                     : YES
Macro Preserve                     : YES
Macro Generation                   : Macro+
XOR Preserve                       : YES

Design Statistics
# Edif Instances                   : 28
# I/Os                             : 27

=========================================================================
CPU : 0.61 / 0.66 s | Elapsed : 0.00 / 0.00 s
 
--> 
EXEWRAP detected that program 'C:/Programmer/xilinx_webpack/bin/nt/xst.exe' completed successfully.

Done: completed successfully.

Starting: 'exewrap @5645.rsp'
Original: 'exewrap -tapkeep -mode pipe -tcl -command C:/Programmer/xilinx_webpack/data/projnav/_edfTOngd.tcl _ngdbld.rsp tri_level_sync_generator ngdbuild.rsp'


Creating TCL Process
Starting: 'ngdbuild -f ngdbuild.rsp'


Release 4.2WP3.x - ngdbuild E.38
Copyright (c) 1995-2001 Xilinx, Inc.  All rights reserved.

Command Line: ngdbuild -dd _ngo -uc tri_level_sync_generator.ucf -p XC9500XV
tri_level_sync_generator.ngc tri_level_sync_generator.ngd 

Reading NGO file
"C:/PT-Trilevel/xilinx/IC14-18-22/hw-debug/nocomponent/tri_level_sync_generator.
ngc" ...
Reading component libraries for design expansion...

Annotating constraints to design from file "tri_level_sync_generator.ucf" ...

Checking timing specifications ...
Checking expanded design ...
WARNING:NgdBuild:454 - logical net 'N29' has no load
WARNING:NgdBuild:454 - logical net 'N32' has no load
WARNING:NgdBuild:454 - logical net 'N35' has no load
WARNING:NgdBuild:454 - logical net 'N38' has no load
WARNING:NgdBuild:454 - logical net 'N41' has no load
WARNING:NgdBuild:454 - logical net 'N44' has no load
WARNING:NgdBuild:454 - logical net 'N47' has no load
WARNING:NgdBuild:454 - logical net 'N50' has no load
WARNING:NgdBuild:454 - logical net 'N53' has no load
WARNING:NgdBuild:454 - logical net 'N56' has no load
WARNING:NgdBuild:454 - logical net 'N59' has no load
WARNING:NgdBuild:454 - logical net 'N62' has no load
WARNING:NgdBuild:454 - logical net 'N65' has no load
WARNING:NgdBuild:454 - logical net 'N68' has no load
WARNING:NgdBuild:454 - logical net 'N71' has no load
WARNING:NgdBuild:454 - logical net 'N74' has no load
WARNING:NgdBuild:454 - logical net 'N77' has no load
WARNING:NgdBuild:454 - logical net 'N80' has no load
WARNING:NgdBuild:454 - logical net 'N83' has no load
WARNING:NgdBuild:454 - logical net 'N86' has no load
WARNING:NgdBuild:454 - logical net 'N89' has no load
WARNING:NgdBuild:454 - logical net 'N92' has no load
WARNING:NgdBuild:454 - logical net 'N95' has no load
WARNING:NgdBuild:454 - logical net 'N98' has no load
WARNING:NgdBuild:454 - logical net 'N101' has no load

NGDBUILD Design Results Summary:
  Number of errors:     0
  Number of warnings:  25

Writing NGD file "tri_level_sync_generator.ngd" ...

Writing NGDBUILD log file "tri_level_sync_generator.bld"...

NGDBUILD done.
Tcl C:/Programmer/xilinx_webpack/data/projnav/_edfTOngd.tcl detected that program 'ngdbuild -f ngdbuild.rsp' completed successfully.




Done: completed successfully.

Starting: 'exewrap -mode pipe -tapkeep -tcl -command _cpldfit.tcl'


Creating TCL Process
Starting: 'cpldfit -f _cpldfit.rsp tri_level_sync_generator.ngd'


Release 4.2WP3.x - CPLD Optimizer/Partitioner E.38
Copyright (c) 1995-2001 Xilinx, Inc.  All rights reserved.
WARNING:Cpld:1218 - Removing unused input(s) 'sync_in'.  The input(s) are unused
   after optimization. Please verify functionality via simulation.
WARNING:Cpld:1218 - Removing unused input(s) 'sck'.  The input(s) are unused
   after optimization. Please verify functionality via simulation.
WARNING:Cpld:1218 - Removing unused input(s) 'mreset'.  The input(s) are unused
   after optimization. Please verify functionality via simulation.
WARNING:Cpld:1218 - Removing unused input(s) 'mosi'.  The input(s) are unused
   after optimization. Please verify functionality via simulation.
WARNING:Cpld:1218 - Removing unused input(s) 'miso'.  The input(s) are unused
   after optimization. Please verify functionality via simulation.
WARNING:Cpld:1218 - Removing unused input(s) 'gpbus<7>'.  The input(s) are
   unused after optimization. Please verify functionality via simulation.
WARNING:Cpld:1218 - Removing unused input(s) 'gpbus<6>'.  The input(s) are
   unused after optimization. Please verify functionality via simulation.
WARNING:Cpld:1218 - Removing unused input(s) 'gpbus<5>'.  The input(s) are
   unused after optimization. Please verify functionality via simulation.
WARNING:Cpld:1218 - Removing unused input(s) 'gpbus<4>'.  The input(s) are
   unused after optimization. Please verify functionality via simulation.
WARNING:Cpld:1218 - Removing unused input(s) 'gpbus<3>'.  The input(s) are
   unused after optimization. Please verify functionality via simulation.
WARNING:Cpld:1218 - Removing unused input(s) 'gpbus<2>'.  The input(s) are
   unused after optimization. Please verify functionality via simulation.
WARNING:Cpld:1218 - Removing unused input(s) 'gpbus<1>'.  The input(s) are
   unused after optimization. Please verify functionality via simulation.
WARNING:Cpld:1218 - Removing unused input(s) 'gpbus<0>'.  The input(s) are
   unused after optimization. Please verify functionality via simulation.
WARNING:Cpld:1218 - Removing unused input(s) 'fhm'.  The input(s) are unused
   after optimization. Please verify functionality via simulation.
WARNING:Cpld:1218 - Removing unused input(s) 'fhg'.  The input(s) are unused
   after optimization. Please verify functionality via simulation.
WARNING:Cpld:1218 - Removing unused input(s) 'f8g'.  The input(s) are unused
   after optimization. Please verify functionality via simulation.
WARNING:Cpld:1218 - Removing unused input(s) 'f74m'.  The input(s) are unused
   after optimization. Please verify functionality via simulation.
WARNING:Cpld:1218 - Removing unused input(s) 'f4m'.  The input(s) are unused
   after optimization. Please verify functionality via simulation.
WARNING:Cpld:1218 - Removing unused input(s) 'f27m'.  The input(s) are unused
   after optimization. Please verify functionality via simulation.
WARNING:Cpld:1218 - Removing unused input(s) 'f148m'.  The input(s) are unused
   after optimization. Please verify functionality via simulation.
WARNING:Cpld:1218 - Removing unused input(s) 'cs'.  The input(s) are unused
   after optimization. Please verify functionality via simulation.
WARNING:Cpld:1218 - Removing unused input(s) 'bcb_l<3>'.  The input(s) are
   unused after optimization. Please verify functionality via simulation.
WARNING:Cpld:1218 - Removing unused input(s) 'bcb_l<2>'.  The input(s) are
   unused after optimization. Please verify functionality via simulation.
WARNING:Cpld:1218 - Removing unused input(s) 'bcb_l<1>'.  The input(s) are
   unused after optimization. Please verify functionality via simulation.
WARNING:Cpld:1218 - Removing unused input(s) 'bcb_l<0>'.  The input(s) are
   unused after optimization. Please verify functionality via simulation.
WARNING:Cpld:1217 - Design 'tri_level_sync_generator' has no inputs.
Considering device XC95144XV-TQ100.
Flattening design..
Timing optimization
Timing driven global resource optimization
General global resource optimization........
Re-checking device resources ...
Mapping a total of 2 equations into 8 function blocks

Design tri_level_sync_generator has been optimized and fit into device
XC95144XV-4-TQ100.
Tcl _cpldfit.tcl detected that program 'cpldfit -f _cpldfit.rsp tri_level_sync_generator.ngd' completed successfully.


Done: completed successfully.

Starting: 'exewrap @5946.rsp'
Original: 'exewrap -mode pipe -tapkeep -command hprep6 -i tri_level_sync_generator -r int -a -l tri_level_sync_generator.log -n tri_level_sync_generator '


Starting: 'hprep6 -i tri_level_sync_generator -r int -a -l tri_level_sync_generator.log -n tri_level_sync_generator '


Release 4.2WP3.x - Programming File Generator E.38
Copyright (c) 1995-2001 Xilinx, Inc.  All rights reserved.
EXEWRAP detected that program 'hprep6' completed successfully.

Done: completed successfully.

