#:C9     
#Xilinx FPGA Editor Command Log File
#Editor Version:
#:V   NT M2.1 H.42
#Design Path Name:
#:N   hd_gen_module.ncd
#Current Working Directory:
#:D   F:\PT8613\VHDL\PT8613 (work)
#Part Type:
#:P  Xilinx xc2vp20 ff896 -6
#Date/Time:
#:T   Thu Feb 01 13:41:11 2007
#------------------------------
	#1
setattr main edit-mode no-logic-changes
	#2
setattr main disable_draw on
	#3
setattr layer routes view on
	#4
setattr main disable_draw off
	#Hint: change the visibility of more than one layer at a time by clicking on the apply button, clicking two or more layer buttons, and then clicking on the apply button again.
	#5
setattr main disable_draw on
	#6
setattr layer routes view off
	#7
setattr main disable_draw off
	#8
setattr main disable_draw on
	#9
setattr layer components view off
	#10
setattr main disable_draw off
	#11
setattr main disable_draw on
	#12
setattr layer components view on
	#13
setattr main disable_draw off
	#14
unselect -all
