Project Information                             c:\snj\pt5220\sbp\pld\dram.rpt

MAX+plus II Compiler Report File
Version 8.2 1/12/98
Compiled: 04/08/99 14:28:13

Copyright (C) 1988-1998 Altera Corporation
Any megafunction design, and related net list (encrypted or decrypted),
support information, device programming or simulation file, and any other
associated documentation or information provided by Altera or a partner
under Altera's Megafunction Partnership Program may be used only to
program PLD devices (but not masked PLD devices) from Altera.  Any other
use of such megafunction design, net list, support information, device
programming or simulation file, or any other related documentation or
information is prohibited for any other purpose, including, but not
limited to modification, reverse engineering, de-compiling, or use with
any other silicon devices, unless such use is explicitly licensed under
a separate agreement with Altera or a megafunction partner.  Title to
the intellectual property, including patents, copyrights, trademarks,
trade secrets, or maskworks, embodied in any such megafunction design,
net list, support information, device programming or simulation file, or
any other related documentation or information provided by Altera or a
megafunction partner, remains with Altera, the megafunction partner, or
their respective licensors.  No other licenses, including any licenses
needed under any third party's intellectual property, are provided herein.



***** Project compilation was successful




** DEVICE SUMMARY **

Chip/                     Input   Output   Bidir 			    LCs
POF       Device          Pins    Pins     Pins      LCs    % Utilized

dram      EPF6016TC144-2   14       16       8       134         10 %

User Pins:                 14       16       8  



Project Information                             c:\snj\pt5220\sbp\pld\dram.rpt

** FILE HIERARCHY **



|lpm_counter:1|
|lpm_counter:1|lpm_add_sub:add_sub|
|lpm_counter:1|lpm_add_sub:add_sub|addcore:adder|
|lpm_counter:1|lpm_add_sub:add_sub|altshift:result_ext_latency_ffs|
|lpm_counter:1|lpm_add_sub:add_sub|altshift:carry_ext_latency_ffs|
|lpm_counter:1|lpm_add_sub:add_sub|altshift:oflow_ext_latency_ffs|
|lpm_counter:1|lpm_constant:scdw|
|lpm_counter:1|lpm_decode:decode|
|lpm_counter:1|lpm_decode:decode|altshift:external_latency_ffs|
|lpm_counter:1|lpm_decode:decode|declut:decoder0|
|lpm_counter:1|lpm_decode:decode|declut:decoder1|
|lpm_dff:12|
|lpm_dff:13|
|lpm_dff:11|
|lpm_dff:10|
|lpm_dff:9|
|lpm_dff:8|
|lpm_dff:7|
|lpm_dff:6|
|lpm_mux:3|
|lpm_mux:3|bypassff:sel_latency_ff0|
|lpm_mux:3|altshift:external_latency_ffs|
|lpm_mux:3|muxlut:135|
|lpm_mux:3|muxlut:135|muxlut:43|
|lpm_mux:3|muxlut:135|muxlut:60|
|lpm_mux:3|muxlut:135|muxlut:77|
|lpm_mux:3|muxlut:156|
|lpm_mux:3|muxlut:156|muxlut:43|
|lpm_mux:3|muxlut:156|muxlut:60|
|lpm_mux:3|muxlut:156|muxlut:77|
|lpm_mux:3|muxlut:177|
|lpm_mux:3|muxlut:177|muxlut:43|
|lpm_mux:3|muxlut:177|muxlut:60|
|lpm_mux:3|muxlut:177|muxlut:77|
|lpm_mux:3|muxlut:198|
|lpm_mux:3|muxlut:198|muxlut:43|
|lpm_mux:3|muxlut:198|muxlut:60|
|lpm_mux:3|muxlut:198|muxlut:77|
|lpm_mux:3|muxlut:219|
|lpm_mux:3|muxlut:219|muxlut:43|
|lpm_mux:3|muxlut:219|muxlut:60|
|lpm_mux:3|muxlut:219|muxlut:77|
|lpm_mux:3|muxlut:240|
|lpm_mux:3|muxlut:240|muxlut:43|
|lpm_mux:3|muxlut:240|muxlut:60|
|lpm_mux:3|muxlut:240|muxlut:77|
|lpm_mux:3|muxlut:261|
|lpm_mux:3|muxlut:261|muxlut:43|
|lpm_mux:3|muxlut:261|muxlut:60|
|lpm_mux:3|muxlut:261|muxlut:77|
|lpm_mux:3|muxlut:282|
|lpm_mux:3|muxlut:282|muxlut:43|
|lpm_mux:3|muxlut:282|muxlut:60|
|lpm_mux:3|muxlut:282|muxlut:77|
|lpm_bustri:4|


Device-Specific Information:                    c:\snj\pt5220\sbp\pld\dram.rpt
dram

***** Logic for device 'dram' compiled without errors.




Device: EPF6016TC144-2

FLEX 6000 Configuration Scheme: Passive Serial

Device Options:
    User-Supplied Start-Up Clock               = OFF
    Auto-Restart Configuration on Frame Error  = OFF
    Release Clears Before Tri-States           = OFF
    Enable Chip_Wide Reset                     = OFF
    Enable Chip-Wide Output Enable             = OFF
    Enable INIT_DONE Output                    = OFF
    Enable JTAG Support                        = OFF
    Low-Voltage I/O                            = OFF

                                                                                         
                                                                                         
                                R R R R R R R R         R R R R R R R R R R R R R R R R  
                                E E E E E E E E         E E E E E E E E E E E E E E E E  
                          I I I S S S S S S S S       ^ S S S S S S S S S S S S S S S S  
                D D D D A D D D E E E E E E E E ^ V   D E E E E E E E E E E E E E E E E  
                B B B B B A A A R R R R R R R R D C   A R R R R R R R R R R R R R R R R  
                U U U U U T T T V V V V V V V V C C G T V V V V V V V V V V V V V V V V  
                S S S S S A A A E E E E E E E E L I N A E E E E E E E E E E E E E E E E  
                3 2 1 0 2 5 3 4 D D D D D D D D K O D 0 D D D D D D D D D D D D D D D D  
              --------------------------------------------------------------------------_ 
             / 144 142 140 138 136 134 132 130 128 126 124 122 120 118 116 114 112 110   |_ 
            /    143 141 139 137 135 133 131 129 127 125 123 121 119 117 115 113 111 109    | 
     DBUS4 |  1                                                                         108 | RESERVED 
     DBUS5 |  2                                                                         107 | RESERVED 
     DBUS6 |  3                                                                         106 | RESERVED 
      ^nCE |  4                                                                         105 | ^CONF_DONE 
       GND |  5                                                                         104 | VCCIO 
    VCCINT |  6                                                                         103 | VCCINT 
     VCCIO |  7                                                                         102 | GND 
     DBUS7 |  8                                                                         101 | RESERVED 
    IDATA7 |  9                                                                         100 | RESERVED 
    IDATA6 | 10                                                                          99 | RESERVED 
  RESERVED | 11                                                                          98 | RESERVED 
START_SAMP | 12                                                                          97 | count9 
   &count4 | 13                                                                          96 | count5 
    count3 | 14                                                                          95 | count6 
    count1 | 15                                                                          94 | count7 
    count2 | 16                                                                          93 | RESERVED 
        H0 | 17                                                                          92 | READ 
       GND | 18                                                                          91 | VCCIO 
     VCCIO | 19                             EPF6016TC144-2                               90 | GND 
     ABUS1 | 20                                                                          89 | ABUS0 
  RESERVED | 21                                                                          88 | RESERVED 
  RESERVED | 22                                                                          87 | RESERVED 
  RESERVED | 23                                                                          86 | RESERVED 
  RESERVED | 24                                                                          85 | RESERVED 
  RESERVED | 25                                                                          84 | RESERVED 
  RESERVED | 26                                                                          83 | RESERVED 
  RESERVED | 27                                                                          82 | RESERVED 
  RESERVED | 28                                                                          81 | RESERVED 
  RESERVED | 29                                                                          80 | RESERVED 
       GND | 30                                                                          79 | RESERVED 
    VCCINT | 31                                                                          78 | VCCIO 
     VCCIO | 32                                                                          77 | VCCINT 
     ^MSEL | 33                                                                          76 | GND 
  RESERVED | 34                                                                          75 | RESERVED 
   count10 | 35                                                                          74 | RESERVED 
   count11 | 36                                                                          73 | RESERVED 
           |      38  40  42  44  46  48  50  52  54  56  58  60  62  64  66  68  70  72  _| 
            \   37  39  41  43  45  47  49  51  53  55  57  59  61  63  65  67  69  71   | 
             \--------------------------------------------------------------------------- 
                c c R R I I R I c R c R R c R R ^ G V ^ c R R R R R R R R R R R R R R R  
                o o E E D D E D o E o E E o E E n N C n o E E E E E E E E E E E E E E E  
                u u S S A A S A u S u S S u S S C D C S u S S S S S S S S S S S S S S S  
                n n E E T T E T n E n E E n E E O   I T n E E E E E E E E E E E E E E E  
                t t R R A A R A t R t R R t R R N   O A t R R R R R R R R R R R R R R R  
                1 1 V V 0 2 V 1 8 V 0 V V 1 V V F     T 1 V V V V V V V V V V V V V V V  
                2 4 E E     E     E   E E 3 E E I     U 5 E E E E E E E E E E E E E E E  
                    D D     D     D   D D   D D G     S   D D D D D D D D D D D D D D D  
                                                                                         
                                                                                         


N.C. = Not Connected.
VCCINT = Dedicated power pin, which MUST be connected to VCC (5.0 volts).
VCCIO = Dedicated power pin, which MUST be connected to VCC (5.0 or 3.3 volts).
GND = Dedicated ground pin or unused dedicated input, which MUST be connected to GND.
RESERVED = Unused I/O pin, which MUST be left unconnected.

^ = Dedicated configuration pin.
+ = Reserved configuration pin, which is tri-stated during user mode.
* = Reserved configuration pin, which drives out in user mode.
PDn = Power Down pin. 
@ = Special-purpose pin. 
# = JTAG Boundary-Scan Testing/In-System-Programming or Configuration Pin. The JTAG inputs (TMS, TCK, TDI) should be tied to VCC when not in use.
& = JTAG pin used for I/O. When used as user I/O, JTAG pins must be kept stable before and during configuration.  JTAG pin stability prevents accidental loading of JTAG instructions.

Device-Specific Information:                    c:\snj\pt5220\sbp\pld\dram.rpt
dram

** RESOURCE USAGE **

Logic                Column       Row                                   
Array                Interconnect Interconnect                  Sync.   Sync.   Left External  Right External  Borrowed LC1
Block   Logic Cells  Driven       Driven       Clocks  Clears   Clear   Load    Interconnect   Interconnect    Inputs
A1       8/10( 80%)   0/10(  0%)   0/10(  0%)    1/2    0/2      0/1     0/1      7/22( 31%)    7/22( 31%)      0/4
A5      10/10(100%)   0/10(  0%)   0/10(  0%)    1/2    0/2      0/1     0/1      4/22( 18%)    7/22( 31%)      0/4
A7       7/10( 70%)   0/10(  0%)   0/10(  0%)    1/2    0/2      0/1     0/1      4/22( 18%)    5/22( 22%)      0/4
A9       6/10( 60%)   0/10(  0%)   0/10(  0%)    1/2    0/2      0/1     0/1      3/22( 13%)    5/22( 22%)      0/4
A10      1/10( 10%)   0/10(  0%)   0/10(  0%)    0/2    0/2      0/1     0/1      1/22(  4%)    2/22(  9%)      0/4
A11      1/10( 10%)   0/10(  0%)   0/10(  0%)    0/2    0/2      0/1     0/1      2/22(  9%)    2/22(  9%)      0/4
A13      3/10( 30%)   0/10(  0%)   0/10(  0%)    1/2    0/2      0/1     0/1      3/22( 13%)    2/22(  9%)      0/4
B1       7/10( 70%)   0/10(  0%)   0/10(  0%)    1/2    0/2      0/1     0/1      4/22( 18%)    6/22( 27%)      0/4
B7      10/10(100%)   0/10(  0%)   0/10(  0%)    1/2    0/2      0/1     0/1      4/22( 18%)    5/22( 22%)      0/4
B9       8/10( 80%)   1/10( 10%)   0/10(  0%)    1/2    0/2      0/1     0/1      4/22( 18%)    5/22( 22%)      0/4
B11      7/10( 70%)   0/10(  0%)   0/10(  0%)    1/2    0/2      0/1     0/1      4/22( 18%)    5/22( 22%)      0/4
B14      3/10( 30%)   0/10(  0%)   0/10(  0%)    1/2    0/2      0/1     0/1      1/22(  4%)    3/22( 13%)      0/4
C2       9/10( 90%)   6/10( 60%)   0/10(  0%)    1/2    0/2      0/1     0/1      1/22(  4%)    2/22(  9%)      0/4
C3       4/10( 40%)   4/10( 40%)   0/10(  0%)    0/2    0/2      0/1     0/1      0/22(  0%)    2/22(  9%)      0/4
C6      10/10(100%)   2/10( 20%)   0/10(  0%)    1/2    0/2      0/1     0/1      5/22( 22%)    5/22( 22%)      0/4
C8      10/10(100%)   2/10( 20%)   0/10(  0%)    1/2    0/2      0/1     0/1      5/22( 22%)    5/22( 22%)      0/4
C10      1/10( 10%)   1/10( 10%)   0/10(  0%)    0/2    0/2      0/1     0/1      2/22(  9%)    2/22(  9%)      0/4
D1       7/10( 70%)   1/10( 10%)   0/10(  0%)    1/2    0/2      0/1     0/1      4/22( 18%)    4/22( 18%)      0/4
D5       7/10( 70%)   1/10( 10%)   0/10(  0%)    1/2    0/2      0/1     0/1      4/22( 18%)    3/22( 13%)      0/4
D11      7/10( 70%)   1/10( 10%)   0/10(  0%)    1/2    0/2      0/1     0/1      4/22( 18%)    3/22( 13%)      0/4
F1       1/10( 10%)   0/10(  0%)   0/10(  0%)    0/2    0/2      0/1     0/1      2/22(  9%)    2/22(  9%)      0/4
F4       4/10( 40%)   1/10( 10%)   0/10(  0%)    0/2    0/2      0/1     0/1      2/22(  9%)    2/22(  9%)      0/4
F7       1/10( 10%)   0/10(  0%)   0/10(  0%)    0/2    0/2      0/1     0/1      2/22(  9%)    2/22(  9%)      0/4
F9       1/10( 10%)   0/10(  0%)   0/10(  0%)    0/2    0/2      0/1     0/1      2/22(  9%)    2/22(  9%)      0/4
F11      1/10( 10%)   0/10(  0%)   0/10(  0%)    0/2    0/2      0/1     0/1      2/22(  9%)    2/22(  9%)      0/4


Total dedicated input pins used:                 4/4      (100%)
Total I/O pins used:                            34/113    ( 30%)
Total logic cells used:                        134/1320   ( 10%)
Average fan-in:                                 3.29/4    ( 82%)
Total fan-in:                                 441/5280    (  8%)

Total input pins required:                      14
Total output pins required:                     16
Total bidirectional pins required:               8
Total reserved pins required                     0
Total logic cells required:                    134
Total flipflops required:                       68
Total packed registers required:                 0
Total logic cells in carry chains:               0
Total number of carry chains:                    0
Total logic cells in cascade chains:             0
Total number of cascade chains:                  0

Synthesized logic cells:                        16/1320   (  1%)

Logic Cell Counts

Column:  01  02  03  04  05  06  07  08  09  10  11  12  13  14  15  16  17  18  19  20  21  22  Total
 A:      8   0   0   0  10   0   7   0   6   1   1   0   3   0   0   0   0   0   0   0   0   0     36
 B:      7   0   0   0   0   0  10   0   8   0   7   0   0   3   0   0   0   0   0   0   0   0     35
 C:      0   9   4   0   0  10   0  10   0   1   0   0   0   0   0   0   0   0   0   0   0   0     34
 D:      7   0   0   0   7   0   0   0   0   0   7   0   0   0   0   0   0   0   0   0   0   0     21
 E:      0   0   0   0   0   0   0   0   0   0   0   0   0   0   0   0   0   0   0   0   0   0      0
 F:      1   0   0   4   0   0   1   0   1   0   1   0   0   0   0   0   0   0   0   0   0   0      8

Total:  23   9   4   4  17  10  18  10  15   2  16   0   3   3   0   0   0   0   0   0   0   0    134



Device-Specific Information:                    c:\snj\pt5220\sbp\pld\dram.rpt
dram

** INPUTS **

                                               Fan-In    Fan-Out
 Pin     LC   Row  Col  Primitive    Code     INP  FBK  OUT  FBK  Name
  89      -    -    --      INPUT              0    0    0   32  ABUS0
  20      -    -    --      INPUT              0    0    0   24  ABUS1
 140      -    -    01      INPUT              0    0    0    8  ABUS2
 141      -    A    --      BIDIR              0    1    0    0  DBUS0
 142      -    A    --      BIDIR              0    1    0    0  DBUS1
 143      -    A    --      BIDIR              0    1    0    0  DBUS2
 144      -    A    --      BIDIR              0    1    0    0  DBUS3
   1      -    A    --      BIDIR              0    1    0    0  DBUS4
   2      -    A    --      BIDIR              0    1    0    0  DBUS5
   3      -    B    --      BIDIR              0    1    0    0  DBUS6
   8      -    B    --      BIDIR              0    1    0    0  DBUS7
  17      -    -    --      INPUT              0    0    0    0  H0
  41      -    -    01      INPUT              0    0    0    8  IDATA0
  44      -    -    04      INPUT              0    0    0    8  IDATA1
  42      -    -    02      INPUT              0    0    0    8  IDATA2
 138      -    -    03      INPUT              0    0    0    8  IDATA3
 137      -    -    04      INPUT              0    0    0    8  IDATA4
 139      -    -    02      INPUT              0    0    0    8  IDATA5
  10      -    B    --      INPUT              0    0    0    8  IDATA6
   9      -    B    --      INPUT              0    0    0    8  IDATA7
  92      -    -    --      INPUT              0    0    0    0  READ
  12      -    C    --      INPUT              0    0    0    4  START_SAMP


Code:

s = Synthesized pin or logic cell
+ = Synchronous flipflop
/ = Slow slew-rate output
! = NOT gate push-back
r = Fitter-inserted logic cell
^ = Increased input delay
$ = Driven by fast output logic cell


Device-Specific Information:                    c:\snj\pt5220\sbp\pld\dram.rpt
dram

** OUTPUTS **

       Fed By                                  Fan-In    Fan-Out
 Pin     LC   Row  Col  Primitive    Code     INP  FBK  OUT  FBK  Name
  47      -    -    07     OUTPUT          $   0    1    0    0  count0
  15      -    C    --     OUTPUT              0    1    0    0  count1
  16      -    C    --     OUTPUT              0    1    0    0  count2
  14      -    C    --     OUTPUT              0    1    0    0  count3
  13      -    C    --     OUTPUT              0    1    0    0  count4
  96      -    C    --     OUTPUT              0    1    0    0  count5
  95      -    C    --     OUTPUT              0    1    0    0  count6
  94      -    C    --     OUTPUT              0    1    0    0  count7
  45      -    -    05     OUTPUT          $   0    1    0    0  count8
  97      -    C    --     OUTPUT              0    1    0    0  count9
  35      -    F    --     OUTPUT              0    1    0    0  count10
  36      -    F    --     OUTPUT              0    1    0    0  count11
  37      -    F    --     OUTPUT              0    1    0    0  count12
  50      -    -    10     OUTPUT          $   0    1    0    0  count13
  38      -    F    --     OUTPUT          $   0    1    0    0  count14
  57      -    -    12     OUTPUT          $   0    1    0    0  count15
 141      -    A    --        TRI              0    1    0    0  DBUS0
 142      -    A    --        TRI              0    1    0    0  DBUS1
 143      -    A    --        TRI              0    1    0    0  DBUS2
 144      -    A    --        TRI          $   0    1    0    0  DBUS3
   1      -    A    --        TRI              0    1    0    0  DBUS4
   2      -    A    --        TRI          $   0    1    0    0  DBUS5
   3      -    B    --        TRI          $   0    1    0    0  DBUS6
   8      -    B    --        TRI              0    1    0    0  DBUS7


Code:

s = Synthesized pin or logic cell
+ = Synchronous flipflop
/ = Slow slew-rate output
! = NOT gate push-back
r = Fitter-inserted logic cell
^ = Increased input delay
$ = Driven by fast output logic cell


Device-Specific Information:                    c:\snj\pt5220\sbp\pld\dram.rpt
dram

** BURIED LOGIC **

                                               Fan-In    Fan-Out
 IOC     LC   Row  Col  Primitive    Code     INP  FBK  OUT  FBK  Name
   -     10    C    02        DFF  +          1    2    0   17  |LPM_COUNTER:1|dffs0
   -      2    C    02        DFF  +          1    3    0   16  |LPM_COUNTER:1|dffs1
   -      6    C    02        DFF  +          1    3    0   18  |LPM_COUNTER:1|dffs2
   -      4    C    02        DFF  +          1    3    0   17  |LPM_COUNTER:1|dffs3
   -      8    C    02       AND2             0    2    0    4  |LPM_COUNTER:1|lpm_add_sub:add_sub|addcore:adder|:55
   -      5    C    02       AND2             0    2    0    1  |LPM_COUNTER:1|lpm_add_sub:add_sub|addcore:adder|:59
   -      2    F    07       AND2             0    4    1    0  |LPM_COUNTER:1|lpm_decode:decode|declut:decoder0|anode0_3
   -      2    C    10       AND2             0    4    1    8  |LPM_COUNTER:1|lpm_decode:decode|declut:decoder0|anode1_3
   -      2    C    03       AND2             0    4    1    8  |LPM_COUNTER:1|lpm_decode:decode|declut:decoder0|anode2_3
   -      1    C    02       AND2             0    3    1    8  |LPM_COUNTER:1|lpm_decode:decode|declut:decoder0|anode3_3
   -      4    C    03       AND2             0    4    1    8  |LPM_COUNTER:1|lpm_decode:decode|declut:decoder0|anode4_3
   -      3    C    03       AND2             0    4    1    8  |LPM_COUNTER:1|lpm_decode:decode|declut:decoder0|anode5_3
   -      5    C    03       AND2             0    4    1    8  |LPM_COUNTER:1|lpm_decode:decode|declut:decoder0|anode6_3
   -      3    C    02       AND2             0    3    1    8  |LPM_COUNTER:1|lpm_decode:decode|declut:decoder0|anode7_3
   -      1    F    04       AND2             0    4    1    8  |LPM_COUNTER:1|lpm_decode:decode|declut:decoder1|anode0_3
   -      7    C    02        OR2       !     0    4    1    4  |LPM_COUNTER:1|lpm_decode:decode|declut:decoder1|anode1_3
   -      4    F    04       AND2             0    4    1    0  |LPM_COUNTER:1|lpm_decode:decode|declut:decoder1|anode2_3
   -      2    F    04       AND2             0    4    1    0  |LPM_COUNTER:1|lpm_decode:decode|declut:decoder1|anode3_3
   -      3    F    04       AND2             0    4    1    0  |LPM_COUNTER:1|lpm_decode:decode|declut:decoder1|anode4_3
   -      2    F    09       AND2             0    4    1    0  |LPM_COUNTER:1|lpm_decode:decode|declut:decoder1|anode5_3
   -      1    F    01       AND2             0    4    1    0  |LPM_COUNTER:1|lpm_decode:decode|declut:decoder1|anode6_3
   -      2    F    11       AND2             0    4    1    0  |LPM_COUNTER:1|lpm_decode:decode|declut:decoder1|anode7_3
   -      6    B    14        DFF  +          1    2    0    2  |LPM_DFF:6|dffs0
   -      6    D    11        DFF  +          1    2    0    2  |LPM_DFF:6|dffs1
   -      2    D    01        DFF  +          1    2    0    2  |LPM_DFF:6|dffs2
   -      1    C    08        DFF  +          1    2    0    2  |LPM_DFF:6|dffs3
   -      1    C    06        DFF  +          1    2    0    2  |LPM_DFF:6|dffs4
   -      6    D    05        DFF  +          1    2    0    2  |LPM_DFF:6|dffs5
   -      1    B    07        DFF  +          1    2    0    2  |LPM_DFF:6|dffs6
   -      6    B    07        DFF  +          1    2    0    2  |LPM_DFF:6|dffs7
   -      1    B    14        DFF  +          1    2    0    2  |LPM_DFF:7|dffs0
   -      1    D    11        DFF  +          1    2    0    2  |LPM_DFF:7|dffs1
   -      1    D    01        DFF  +          1    2    0    2  |LPM_DFF:7|dffs2
   -      6    C    08        DFF  +          1    2    0    2  |LPM_DFF:7|dffs3
   -      7    C    06        DFF  +          1    2    0    2  |LPM_DFF:7|dffs4
   -      1    D    05        DFF  +          1    2    0    2  |LPM_DFF:7|dffs5
   -      7    B    07        DFF  +          1    2    0    2  |LPM_DFF:7|dffs6
   -      2    B    07        DFF  +          1    2    0    2  |LPM_DFF:7|dffs7
   -      6    B    09        DFF  +          1    2    0    2  |LPM_DFF:8|dffs0
   -      7    D    11        DFF  +          1    2    0    2  |LPM_DFF:8|dffs1
   -      3    D    01        DFF  +          1    2    0    2  |LPM_DFF:8|dffs2
   -      7    C    08        DFF  +          1    2    0    2  |LPM_DFF:8|dffs3
   -      6    C    06        DFF  +          1    2    0    2  |LPM_DFF:8|dffs4
   -      7    D    05        DFF  +          1    2    0    2  |LPM_DFF:8|dffs5
   -      8    B    07        DFF  +          1    2    0    2  |LPM_DFF:8|dffs6
   -      1    B    09        DFF  +          1    2    0    2  |LPM_DFF:8|dffs7
   -      7    B    09        DFF  +          1    2    0    2  |LPM_DFF:9|dffs0
   -      2    D    11        DFF  +          1    2    0    2  |LPM_DFF:9|dffs1
   -      4    D    01        DFF  +          1    2    0    2  |LPM_DFF:9|dffs2
   -      3    C    08        DFF  +          1    2    0    2  |LPM_DFF:9|dffs3
   -      5    C    06        DFF  +          1    2    0    2  |LPM_DFF:9|dffs4
   -      4    D    05        DFF  +          1    2    0    2  |LPM_DFF:9|dffs5
   -     10    B    07        DFF  +          1    2    0    2  |LPM_DFF:9|dffs6
   -      5    B    09        DFF  +          1    2    0    2  |LPM_DFF:9|dffs7
   -      6    A    13        DFF  +          1    2    0    2  |LPM_DFF:10|dffs0
   -      3    A    05        DFF  +          1    2    0    2  |LPM_DFF:10|dffs1
   -      7    A    07        DFF  +          1    2    0    2  |LPM_DFF:10|dffs2
   -     10    C    08        DFF  +          1    2    0    2  |LPM_DFF:10|dffs3
   -      9    C    06        DFF  +          1    2    0    2  |LPM_DFF:10|dffs4
   -      8    A    05        DFF  +          1    2    0    2  |LPM_DFF:10|dffs5
   -      5    B    01        DFF  +          1    2    0    2  |LPM_DFF:10|dffs6
   -      7    B    11        DFF  +          1    2    0    2  |LPM_DFF:10|dffs7
   -      1    A    13        DFF  +          1    2    0    2  |LPM_DFF:11|dffs0
   -      7    A    05        DFF  +          1    2    0    2  |LPM_DFF:11|dffs1
   -      3    A    07        DFF  +          1    2    0    2  |LPM_DFF:11|dffs2
   -      9    C    08        DFF  +          1    2    0    2  |LPM_DFF:11|dffs3
   -     10    C    06        DFF  +          1    2    0    2  |LPM_DFF:11|dffs4
   -      5    A    05        DFF  +          1    2    0    2  |LPM_DFF:11|dffs5
   -      8    B    01        DFF  +          1    2    0    2  |LPM_DFF:11|dffs6
   -      4    B    11        DFF  +          1    2    0    2  |LPM_DFF:11|dffs7
   -      7    A    09        DFF  +          1    2    0    2  |LPM_DFF:12|dffs0
   -      9    A    05        DFF  +          1    2    0    2  |LPM_DFF:12|dffs1
   -      8    A    07        DFF  +          1    2    0    2  |LPM_DFF:12|dffs2
   -      8    A    01        DFF  +          1    2    0    2  |LPM_DFF:12|dffs3
   -      4    A    09        DFF  +          1    2    0    2  |LPM_DFF:12|dffs4
   -      7    A    01        DFF  +          1    2    0    2  |LPM_DFF:12|dffs5
   -      6    B    01        DFF  +          1    2    0    2  |LPM_DFF:12|dffs6
   -      8    B    11        DFF  +          1    2    0    2  |LPM_DFF:12|dffs7
   -      6    A    09        DFF  +          1    2    0    2  |LPM_DFF:13|dffs0
   -     10    A    05        DFF  +          1    2    0    2  |LPM_DFF:13|dffs1
   -      4    A    07        DFF  +          1    2    0    2  |LPM_DFF:13|dffs2
   -      6    A    01        DFF  +          1    2    0    2  |LPM_DFF:13|dffs3
   -      2    A    09        DFF  +          1    2    0    2  |LPM_DFF:13|dffs4
   -      5    A    01        DFF  +          1    2    0    2  |LPM_DFF:13|dffs5
   -      4    B    01        DFF  +          1    2    0    2  |LPM_DFF:13|dffs6
   -      3    B    11        DFF  +          1    2    0    2  |LPM_DFF:13|dffs7
   -      8    B    09        OR2   s         1    2    0    1  |LPM_MUX:3|muxlut:135|muxlut:43|~50~1
   -      3    B    14        OR2   s         1    2    0    1  |LPM_MUX:3|muxlut:135|muxlut:43|~61~1
   -      2    B    09        OR2       !     1    2    0    1  |LPM_MUX:3|muxlut:135|muxlut:43|:62
   -      3    A    09        OR2       !     2    2    0    1  |LPM_MUX:3|muxlut:135|muxlut:60|:50
   -      2    A    13        OR2       !     2    2    0    1  |LPM_MUX:3|muxlut:135|muxlut:60|:61
   -      2    A    11        OR2             1    3    1    0  |LPM_MUX:3|muxlut:135|muxlut:77|result_node
   -      8    D    11        OR2   s         1    2    0    1  |LPM_MUX:3|muxlut:156|muxlut:43|~50~1
   -      3    D    11        OR2   s         1    2    0    1  |LPM_MUX:3|muxlut:156|muxlut:43|~61~1
   -      4    D    11        OR2       !     1    2    0    1  |LPM_MUX:3|muxlut:156|muxlut:43|:62
   -      6    A    05        OR2       !     2    2    0    1  |LPM_MUX:3|muxlut:156|muxlut:60|:50
   -      1    A    05        OR2       !     2    2    0    1  |LPM_MUX:3|muxlut:156|muxlut:60|:61
   -      2    A    05        OR2             1    3    1    0  |LPM_MUX:3|muxlut:156|muxlut:77|result_node
   -      7    D    01        OR2   s         1    2    0    1  |LPM_MUX:3|muxlut:177|muxlut:43|~50~1
   -      6    D    01        OR2   s         1    2    0    1  |LPM_MUX:3|muxlut:177|muxlut:43|~61~1
   -      5    D    01        OR2       !     1    2    0    1  |LPM_MUX:3|muxlut:177|muxlut:43|:62
   -      6    A    07        OR2       !     2    2    0    1  |LPM_MUX:3|muxlut:177|muxlut:60|:50
   -      1    A    07        OR2       !     2    2    0    1  |LPM_MUX:3|muxlut:177|muxlut:60|:61
   -      2    A    07        OR2             1    3    1    0  |LPM_MUX:3|muxlut:177|muxlut:77|result_node
   -      8    C    08        OR2   s         1    2    0    1  |LPM_MUX:3|muxlut:198|muxlut:43|~50~1
   -      2    C    08        OR2   s         1    2    0    1  |LPM_MUX:3|muxlut:198|muxlut:43|~61~1
   -      4    C    08        OR2       !     1    2    0    1  |LPM_MUX:3|muxlut:198|muxlut:43|:62
   -      3    A    01        OR2       !     2    2    0    1  |LPM_MUX:3|muxlut:198|muxlut:60|:50
   -      5    C    08        OR2       !     2    2    0    1  |LPM_MUX:3|muxlut:198|muxlut:60|:61
   -      1    A    01        OR2             1    3    1    0  |LPM_MUX:3|muxlut:198|muxlut:77|result_node
   -      8    C    06        OR2   s         1    2    0    1  |LPM_MUX:3|muxlut:219|muxlut:43|~50~1
   -      2    C    06        OR2   s         1    2    0    1  |LPM_MUX:3|muxlut:219|muxlut:43|~61~1
   -      3    C    06        OR2       !     1    2    0    1  |LPM_MUX:3|muxlut:219|muxlut:43|:62
   -      1    A    09        OR2       !     2    2    0    1  |LPM_MUX:3|muxlut:219|muxlut:60|:50
   -      4    C    06        OR2       !     2    2    0    1  |LPM_MUX:3|muxlut:219|muxlut:60|:61
   -      2    A    10        OR2             1    3    1    0  |LPM_MUX:3|muxlut:219|muxlut:77|result_node
   -      8    D    05        OR2   s         1    2    0    1  |LPM_MUX:3|muxlut:240|muxlut:43|~50~1
   -      2    D    05        OR2   s         1    2    0    1  |LPM_MUX:3|muxlut:240|muxlut:43|~61~1
   -      3    D    05        OR2       !     1    2    0    1  |LPM_MUX:3|muxlut:240|muxlut:43|:62
   -      4    A    01        OR2       !     2    2    0    1  |LPM_MUX:3|muxlut:240|muxlut:60|:50
   -      4    A    05        OR2       !     2    2    0    1  |LPM_MUX:3|muxlut:240|muxlut:60|:61
   -      2    A    01        OR2             1    3    1    0  |LPM_MUX:3|muxlut:240|muxlut:77|result_node
   -      9    B    07        OR2   s         1    2    0    1  |LPM_MUX:3|muxlut:261|muxlut:43|~50~1
   -      3    B    07        OR2   s         1    2    0    1  |LPM_MUX:3|muxlut:261|muxlut:43|~61~1
   -      5    B    07        OR2       !     1    2    0    1  |LPM_MUX:3|muxlut:261|muxlut:43|:62
   -      2    B    01        OR2       !     2    2    0    1  |LPM_MUX:3|muxlut:261|muxlut:60|:50
   -      3    B    01        OR2       !     2    2    0    1  |LPM_MUX:3|muxlut:261|muxlut:60|:61
   -      1    B    01        OR2             1    3    1    0  |LPM_MUX:3|muxlut:261|muxlut:77|result_node
   -      3    B    09        OR2   s         1    2    0    1  |LPM_MUX:3|muxlut:282|muxlut:43|~50~1
   -      4    B    07        OR2   s         1    2    0    1  |LPM_MUX:3|muxlut:282|muxlut:43|~61~1
   -      4    B    09        OR2       !     1    2    0    1  |LPM_MUX:3|muxlut:282|muxlut:43|:62
   -      6    B    11        OR2       !     2    2    0    1  |LPM_MUX:3|muxlut:282|muxlut:60|:50
   -      1    B    11        OR2       !     2    2    0    1  |LPM_MUX:3|muxlut:282|muxlut:60|:61
   -      2    B    11        OR2             1    3    1    0  |LPM_MUX:3|muxlut:282|muxlut:77|result_node


Code:

s = Synthesized pin or logic cell
+ = Synchronous flipflop
/ = Slow slew-rate output
! = NOT gate push-back
r = Fitter-inserted logic cell
^ = Increased input delay
$ = Driven by fast output logic cell
p = Packed register


Device-Specific Information:                    c:\snj\pt5220\sbp\pld\dram.rpt
dram

** FASTTRACK INTERCONNECT UTILIZATION **

Row FastTrack Interconnect:

          Global         Left Half-      Right Half-
         FastTrack       FastTrack       FastTrack 
Row     Interconnect    Interconnect    Interconnect    Input Pins     Output Pins     Bidir Pins
A:       8/ 96(  8%)    20/ 48( 41%)     0/ 48(  0%)    0/20(  0%)      0/20(  0%)     6/20( 30%)
B:       5/ 96(  5%)    14/ 48( 29%)     0/ 48(  0%)    2/20( 10%)      0/20(  0%)     2/20( 10%)
C:       4/ 96(  4%)    16/ 48( 33%)     0/ 48(  0%)    1/20(  5%)      8/20( 40%)     0/20(  0%)
D:       0/ 96(  0%)     8/ 48( 16%)     0/ 48(  0%)    0/20(  0%)      0/20(  0%)     0/20(  0%)
E:       0/ 96(  0%)     0/ 48(  0%)     0/ 48(  0%)    0/20(  0%)      0/20(  0%)     0/20(  0%)
F:       0/ 96(  0%)     7/ 48( 14%)     0/ 48(  0%)    0/20(  0%)      4/20( 20%)     0/20(  0%)


Column FastTrack Interconnect:

         FastTrack                                 
Column  Interconnect    Input Pins     Output Pins     Bidir Pins
01:      3/20( 15%)     2/4( 50%)      0/4(  0%)       0/4(  0%)
02:      8/20( 40%)     2/4( 50%)      0/4(  0%)       0/4(  0%)
03:      5/20( 25%)     1/4( 25%)      0/4(  0%)       0/4(  0%)
04:      3/20( 15%)     2/4( 50%)      0/4(  0%)       0/4(  0%)
05:      1/20(  5%)     0/4(  0%)      1/4( 25%)       0/4(  0%)
06:      2/20( 10%)     0/4(  0%)      0/4(  0%)       0/4(  0%)
07:      0/20(  0%)     0/4(  0%)      1/4( 25%)       0/4(  0%)
08:      2/20( 10%)     0/4(  0%)      0/4(  0%)       0/4(  0%)
09:      1/20(  5%)     0/4(  0%)      0/4(  0%)       0/4(  0%)
10:      1/20(  5%)     0/4(  0%)      1/4( 25%)       0/4(  0%)
11:      1/20(  5%)     0/4(  0%)      0/4(  0%)       0/4(  0%)
12:      0/20(  0%)     0/4(  0%)      1/4( 25%)       0/4(  0%)
13:      0/20(  0%)     0/4(  0%)      0/4(  0%)       0/4(  0%)
14:      0/20(  0%)     0/4(  0%)      0/4(  0%)       0/4(  0%)
15:      0/20(  0%)     0/4(  0%)      0/4(  0%)       0/4(  0%)
16:      0/20(  0%)     0/4(  0%)      0/4(  0%)       0/4(  0%)
17:      0/20(  0%)     0/4(  0%)      0/4(  0%)       0/4(  0%)
18:      0/20(  0%)     0/4(  0%)      0/4(  0%)       0/4(  0%)
19:      0/20(  0%)     0/4(  0%)      0/4(  0%)       0/4(  0%)
20:      0/20(  0%)     0/4(  0%)      0/4(  0%)       0/4(  0%)
21:      0/20(  0%)     0/4(  0%)      0/4(  0%)       0/4(  0%)
22:      0/20(  0%)     0/4(  0%)      0/4(  0%)       0/4(  0%)


Device-Specific Information:                    c:\snj\pt5220\sbp\pld\dram.rpt
dram

** CLOCK SIGNALS **

Type     Fan-out       Name
INPUT       68         H0


Device-Specific Information:                    c:\snj\pt5220\sbp\pld\dram.rpt
dram

** EQUATIONS **

ABUS0    : INPUT;
ABUS1    : INPUT;
ABUS2    : INPUT;
H0       : INPUT;
IDATA0   : INPUT;
IDATA1   : INPUT;
IDATA2   : INPUT;
IDATA3   : INPUT;
IDATA4   : INPUT;
IDATA5   : INPUT;
IDATA6   : INPUT;
IDATA7   : INPUT;
READ     : INPUT;
START_SAMP : INPUT;

-- Node name is 'count0' 
-- Equation name is 'count0', type is output 
count0   =  _LC2_F7;

-- Node name is 'count1' 
-- Equation name is 'count1', type is output 
count1   =  _LC2_C10;

-- Node name is 'count2' 
-- Equation name is 'count2', type is output 
count2   =  _LC2_C3;

-- Node name is 'count3' 
-- Equation name is 'count3', type is output 
count3   =  _LC1_C2;

-- Node name is 'count4' 
-- Equation name is 'count4', type is output 
count4   =  _LC4_C3;

-- Node name is 'count5' 
-- Equation name is 'count5', type is output 
count5   =  _LC3_C3;

-- Node name is 'count6' 
-- Equation name is 'count6', type is output 
count6   =  _LC5_C3;

-- Node name is 'count7' 
-- Equation name is 'count7', type is output 
count7   =  _LC3_C2;

-- Node name is 'count8' 
-- Equation name is 'count8', type is output 
count8   =  _LC1_F4;

-- Node name is 'count9' 
-- Equation name is 'count9', type is output 
count9   =  _LC7_C2;

-- Node name is 'count10' 
-- Equation name is 'count10', type is output 
count10  =  _LC4_F4;

-- Node name is 'count11' 
-- Equation name is 'count11', type is output 
count11  =  _LC2_F4;

-- Node name is 'count12' 
-- Equation name is 'count12', type is output 
count12  =  _LC3_F4;

-- Node name is 'count13' 
-- Equation name is 'count13', type is output 
count13  =  _LC2_F9;

-- Node name is 'count14' 
-- Equation name is 'count14', type is output 
count14  =  _LC1_F1;

-- Node name is 'count15' 
-- Equation name is 'count15', type is output 
count15  =  _LC2_F11;

-- Node name is 'DBUS0' 
-- Equation name is 'DBUS0', type is bidir 
DBUS0    = TRI(_LC2_A11,  READ);

-- Node name is 'DBUS1' 
-- Equation name is 'DBUS1', type is bidir 
DBUS1    = TRI(_LC2_A5,  READ);

-- Node name is 'DBUS2' 
-- Equation name is 'DBUS2', type is bidir 
DBUS2    = TRI(_LC2_A7,  READ);

-- Node name is 'DBUS3' 
-- Equation name is 'DBUS3', type is bidir 
DBUS3    = TRI(_LC1_A1,  READ);

-- Node name is 'DBUS4' 
-- Equation name is 'DBUS4', type is bidir 
DBUS4    = TRI(_LC2_A10,  READ);

-- Node name is 'DBUS5' 
-- Equation name is 'DBUS5', type is bidir 
DBUS5    = TRI(_LC2_A1,  READ);

-- Node name is 'DBUS6' 
-- Equation name is 'DBUS6', type is bidir 
DBUS6    = TRI(_LC1_B1,  READ);

-- Node name is 'DBUS7' 
-- Equation name is 'DBUS7', type is bidir 
DBUS7    = TRI(_LC2_B11,  READ);

-- Node name is '|LPM_COUNTER:1|dffs0' from file "lpm_counter.tdf" line 237, column 10
-- Equation name is '_LC10_C2', type is buried 
_LC10_C2 = DFF( _EQ001, GLOBAL( H0),  VCC,  VCC);
  _EQ001 = !_LC10_C2 & !START_SAMP
         #  _LC7_C2 & !START_SAMP;

-- Node name is '|LPM_COUNTER:1|dffs1' from file "lpm_counter.tdf" line 237, column 10
-- Equation name is '_LC2_C2', type is buried 
_LC2_C2  = DFF( _EQ002, GLOBAL( H0),  VCC,  VCC);
  _EQ002 =  _LC2_C2 & !_LC7_C2 & !_LC10_C2 & !START_SAMP
         # !_LC2_C2 & !_LC7_C2 &  _LC10_C2 & !START_SAMP;

-- Node name is '|LPM_COUNTER:1|dffs2' from file "lpm_counter.tdf" line 237, column 10
-- Equation name is '_LC6_C2', type is buried 
_LC6_C2  = DFF( _EQ003, GLOBAL( H0),  VCC,  VCC);
  _EQ003 =  _LC6_C2 & !_LC7_C2 & !_LC8_C2 & !START_SAMP
         # !_LC6_C2 & !_LC7_C2 &  _LC8_C2 & !START_SAMP;

-- Node name is '|LPM_COUNTER:1|dffs3' from file "lpm_counter.tdf" line 237, column 10
-- Equation name is '_LC4_C2', type is buried 
_LC4_C2  = DFF( _EQ004, GLOBAL( H0),  VCC,  VCC);
  _EQ004 =  _LC4_C2 & !_LC5_C2 & !START_SAMP
         # !_LC4_C2 &  _LC5_C2 & !START_SAMP
         #  _LC7_C2 & !START_SAMP;

-- Node name is '|LPM_COUNTER:1|lpm_add_sub:add_sub|addcore:adder|:55' from file "addcore.tdf" line 352, column 64
-- Equation name is '_LC8_C2', type is buried 
_LC8_C2  = LCELL( _EQ005);
  _EQ005 =  _LC2_C2 &  _LC10_C2;

-- Node name is '|LPM_COUNTER:1|lpm_add_sub:add_sub|addcore:adder|:59' from file "addcore.tdf" line 352, column 64
-- Equation name is '_LC5_C2', type is buried 
_LC5_C2  = LCELL( _EQ006);
  _EQ006 =  _LC6_C2 &  _LC8_C2;

-- Node name is '|LPM_COUNTER:1|lpm_decode:decode|declut:decoder0|anode0_3' from file "declut.tdf" line 77, column 52
-- Equation name is '_LC2_F7', type is buried 
_LC2_F7  = LCELL( _EQ007);
  _EQ007 = !_LC2_C2 & !_LC4_C2 & !_LC6_C2 & !_LC10_C2;

-- Node name is '|LPM_COUNTER:1|lpm_decode:decode|declut:decoder0|anode1_3' from file "declut.tdf" line 77, column 52
-- Equation name is '_LC2_C10', type is buried 
_LC2_C10 = LCELL( _EQ008);
  _EQ008 = !_LC2_C2 & !_LC4_C2 & !_LC6_C2 &  _LC10_C2;

-- Node name is '|LPM_COUNTER:1|lpm_decode:decode|declut:decoder0|anode2_3' from file "declut.tdf" line 77, column 52
-- Equation name is '_LC2_C3', type is buried 
_LC2_C3  = LCELL( _EQ009);
  _EQ009 =  _LC2_C2 & !_LC4_C2 & !_LC6_C2 & !_LC10_C2;

-- Node name is '|LPM_COUNTER:1|lpm_decode:decode|declut:decoder0|anode3_3' from file "declut.tdf" line 77, column 52
-- Equation name is '_LC1_C2', type is buried 
_LC1_C2  = LCELL( _EQ010);
  _EQ010 = !_LC4_C2 & !_LC6_C2 &  _LC8_C2;

-- Node name is '|LPM_COUNTER:1|lpm_decode:decode|declut:decoder0|anode4_3' from file "declut.tdf" line 79, column 52
-- Equation name is '_LC4_C3', type is buried 
_LC4_C3  = LCELL( _EQ011);
  _EQ011 = !_LC2_C2 & !_LC4_C2 &  _LC6_C2 & !_LC10_C2;

-- Node name is '|LPM_COUNTER:1|lpm_decode:decode|declut:decoder0|anode5_3' from file "declut.tdf" line 79, column 52
-- Equation name is '_LC3_C3', type is buried 
_LC3_C3  = LCELL( _EQ012);
  _EQ012 = !_LC2_C2 & !_LC4_C2 &  _LC6_C2 &  _LC10_C2;

-- Node name is '|LPM_COUNTER:1|lpm_decode:decode|declut:decoder0|anode6_3' from file "declut.tdf" line 79, column 52
-- Equation name is '_LC5_C3', type is buried 
_LC5_C3  = LCELL( _EQ013);
  _EQ013 =  _LC2_C2 & !_LC4_C2 &  _LC6_C2 & !_LC10_C2;

-- Node name is '|LPM_COUNTER:1|lpm_decode:decode|declut:decoder0|anode7_3' from file "declut.tdf" line 79, column 52
-- Equation name is '_LC3_C2', type is buried 
_LC3_C2  = LCELL( _EQ014);
  _EQ014 = !_LC4_C2 &  _LC6_C2 &  _LC8_C2;

-- Node name is '|LPM_COUNTER:1|lpm_decode:decode|declut:decoder1|anode0_3' from file "declut.tdf" line 77, column 52
-- Equation name is '_LC1_F4', type is buried 
_LC1_F4  = LCELL( _EQ015);
  _EQ015 = !_LC2_C2 &  _LC4_C2 & !_LC6_C2 & !_LC10_C2;

-- Node name is '|LPM_COUNTER:1|lpm_decode:decode|declut:decoder1|anode1_3' from file "declut.tdf" line 77, column 52
-- Equation name is '_LC7_C2', type is buried 
!_LC7_C2 = _LC7_C2~NOT;
_LC7_C2~NOT = LCELL( _EQ016);
  _EQ016 =  _LC6_C2
         # !_LC4_C2
         #  _LC2_C2
         # !_LC10_C2;

-- Node name is '|LPM_COUNTER:1|lpm_decode:decode|declut:decoder1|anode2_3' from file "declut.tdf" line 77, column 52
-- Equation name is '_LC4_F4', type is buried 
_LC4_F4  = LCELL( _EQ017);
  _EQ017 =  _LC2_C2 &  _LC4_C2 & !_LC6_C2 & !_LC10_C2;

-- Node name is '|LPM_COUNTER:1|lpm_decode:decode|declut:decoder1|anode3_3' from file "declut.tdf" line 77, column 52
-- Equation name is '_LC2_F4', type is buried 
_LC2_F4  = LCELL( _EQ018);
  _EQ018 =  _LC2_C2 &  _LC4_C2 & !_LC6_C2 &  _LC10_C2;

-- Node name is '|LPM_COUNTER:1|lpm_decode:decode|declut:decoder1|anode4_3' from file "declut.tdf" line 79, column 52
-- Equation name is '_LC3_F4', type is buried 
_LC3_F4  = LCELL( _EQ019);
  _EQ019 = !_LC2_C2 &  _LC4_C2 &  _LC6_C2 & !_LC10_C2;

-- Node name is '|LPM_COUNTER:1|lpm_decode:decode|declut:decoder1|anode5_3' from file "declut.tdf" line 79, column 52
-- Equation name is '_LC2_F9', type is buried 
_LC2_F9  = LCELL( _EQ020);
  _EQ020 = !_LC2_C2 &  _LC4_C2 &  _LC6_C2 &  _LC10_C2;

-- Node name is '|LPM_COUNTER:1|lpm_decode:decode|declut:decoder1|anode6_3' from file "declut.tdf" line 79, column 52
-- Equation name is '_LC1_F1', type is buried 
_LC1_F1  = LCELL( _EQ021);
  _EQ021 =  _LC2_C2 &  _LC4_C2 &  _LC6_C2 & !_LC10_C2;

-- Node name is '|LPM_COUNTER:1|lpm_decode:decode|declut:decoder1|anode7_3' from file "declut.tdf" line 79, column 52
-- Equation name is '_LC2_F11', type is buried 
_LC2_F11 = LCELL( _EQ022);
  _EQ022 =  _LC2_C2 &  _LC4_C2 &  _LC6_C2 &  _LC10_C2;

-- Node name is '|LPM_DFF:6|dffs0' from file "lpm_dff.tdf" line 64, column 7
-- Equation name is '_LC6_B14', type is buried 
_LC6_B14 = DFF( _EQ023, GLOBAL( H0),  VCC,  VCC);
  _EQ023 =  IDATA0 &  _LC2_C10
         # !_LC2_C10 &  _LC6_B14;

-- Node name is '|LPM_DFF:6|dffs1' from file "lpm_dff.tdf" line 64, column 7
-- Equation name is '_LC6_D11', type is buried 
_LC6_D11 = DFF( _EQ024, GLOBAL( H0),  VCC,  VCC);
  _EQ024 =  IDATA1 &  _LC2_C10
         # !_LC2_C10 &  _LC6_D11;

-- Node name is '|LPM_DFF:6|dffs2' from file "lpm_dff.tdf" line 64, column 7
-- Equation name is '_LC2_D1', type is buried 
_LC2_D1  = DFF( _EQ025, GLOBAL( H0),  VCC,  VCC);
  _EQ025 =  IDATA2 &  _LC2_C10
         # !_LC2_C10 &  _LC2_D1;

-- Node name is '|LPM_DFF:6|dffs3' from file "lpm_dff.tdf" line 64, column 7
-- Equation name is '_LC1_C8', type is buried 
_LC1_C8  = DFF( _EQ026, GLOBAL( H0),  VCC,  VCC);
  _EQ026 =  IDATA3 &  _LC2_C10
         #  _LC1_C8 & !_LC2_C10;

-- Node name is '|LPM_DFF:6|dffs4' from file "lpm_dff.tdf" line 64, column 7
-- Equation name is '_LC1_C6', type is buried 
_LC1_C6  = DFF( _EQ027, GLOBAL( H0),  VCC,  VCC);
  _EQ027 =  IDATA4 &  _LC2_C10
         #  _LC1_C6 & !_LC2_C10;

-- Node name is '|LPM_DFF:6|dffs5' from file "lpm_dff.tdf" line 64, column 7
-- Equation name is '_LC6_D5', type is buried 
_LC6_D5  = DFF( _EQ028, GLOBAL( H0),  VCC,  VCC);
  _EQ028 =  IDATA5 &  _LC2_C10
         # !_LC2_C10 &  _LC6_D5;

-- Node name is '|LPM_DFF:6|dffs6' from file "lpm_dff.tdf" line 64, column 7
-- Equation name is '_LC1_B7', type is buried 
_LC1_B7  = DFF( _EQ029, GLOBAL( H0),  VCC,  VCC);
  _EQ029 =  IDATA6 &  _LC2_C10
         #  _LC1_B7 & !_LC2_C10;

-- Node name is '|LPM_DFF:6|dffs7' from file "lpm_dff.tdf" line 64, column 7
-- Equation name is '_LC6_B7', type is buried 
_LC6_B7  = DFF( _EQ030, GLOBAL( H0),  VCC,  VCC);
  _EQ030 =  IDATA7 &  _LC2_C10
         # !_LC2_C10 &  _LC6_B7;

-- Node name is '|LPM_DFF:7|dffs0' from file "lpm_dff.tdf" line 64, column 7
-- Equation name is '_LC1_B14', type is buried 
_LC1_B14 = DFF( _EQ031, GLOBAL( H0),  VCC,  VCC);
  _EQ031 =  IDATA0 &  _LC2_C3
         #  _LC1_B14 & !_LC2_C3;

-- Node name is '|LPM_DFF:7|dffs1' from file "lpm_dff.tdf" line 64, column 7
-- Equation name is '_LC1_D11', type is buried 
_LC1_D11 = DFF( _EQ032, GLOBAL( H0),  VCC,  VCC);
  _EQ032 =  IDATA1 &  _LC2_C3
         #  _LC1_D11 & !_LC2_C3;

-- Node name is '|LPM_DFF:7|dffs2' from file "lpm_dff.tdf" line 64, column 7
-- Equation name is '_LC1_D1', type is buried 
_LC1_D1  = DFF( _EQ033, GLOBAL( H0),  VCC,  VCC);
  _EQ033 =  IDATA2 &  _LC2_C3
         #  _LC1_D1 & !_LC2_C3;

-- Node name is '|LPM_DFF:7|dffs3' from file "lpm_dff.tdf" line 64, column 7
-- Equation name is '_LC6_C8', type is buried 
_LC6_C8  = DFF( _EQ034, GLOBAL( H0),  VCC,  VCC);
  _EQ034 =  IDATA3 &  _LC2_C3
         # !_LC2_C3 &  _LC6_C8;

-- Node name is '|LPM_DFF:7|dffs4' from file "lpm_dff.tdf" line 64, column 7
-- Equation name is '_LC7_C6', type is buried 
_LC7_C6  = DFF( _EQ035, GLOBAL( H0),  VCC,  VCC);
  _EQ035 =  IDATA4 &  _LC2_C3
         # !_LC2_C3 &  _LC7_C6;

-- Node name is '|LPM_DFF:7|dffs5' from file "lpm_dff.tdf" line 64, column 7
-- Equation name is '_LC1_D5', type is buried 
_LC1_D5  = DFF( _EQ036, GLOBAL( H0),  VCC,  VCC);
  _EQ036 =  IDATA5 &  _LC2_C3
         #  _LC1_D5 & !_LC2_C3;

-- Node name is '|LPM_DFF:7|dffs6' from file "lpm_dff.tdf" line 64, column 7
-- Equation name is '_LC7_B7', type is buried 
_LC7_B7  = DFF( _EQ037, GLOBAL( H0),  VCC,  VCC);
  _EQ037 =  IDATA6 &  _LC2_C3
         # !_LC2_C3 &  _LC7_B7;

-- Node name is '|LPM_DFF:7|dffs7' from file "lpm_dff.tdf" line 64, column 7
-- Equation name is '_LC2_B7', type is buried 
_LC2_B7  = DFF( _EQ038, GLOBAL( H0),  VCC,  VCC);
  _EQ038 =  IDATA7 &  _LC2_C3
         #  _LC2_B7 & !_LC2_C3;

-- Node name is '|LPM_DFF:8|dffs0' from file "lpm_dff.tdf" line 64, column 7
-- Equation name is '_LC6_B9', type is buried 
_LC6_B9  = DFF( _EQ039, GLOBAL( H0),  VCC,  VCC);
  _EQ039 =  IDATA0 &  _LC1_C2
         # !_LC1_C2 &  _LC6_B9;

-- Node name is '|LPM_DFF:8|dffs1' from file "lpm_dff.tdf" line 64, column 7
-- Equation name is '_LC7_D11', type is buried 
_LC7_D11 = DFF( _EQ040, GLOBAL( H0),  VCC,  VCC);
  _EQ040 =  IDATA1 &  _LC1_C2
         # !_LC1_C2 &  _LC7_D11;

-- Node name is '|LPM_DFF:8|dffs2' from file "lpm_dff.tdf" line 64, column 7
-- Equation name is '_LC3_D1', type is buried 
_LC3_D1  = DFF( _EQ041, GLOBAL( H0),  VCC,  VCC);
  _EQ041 =  IDATA2 &  _LC1_C2
         # !_LC1_C2 &  _LC3_D1;

-- Node name is '|LPM_DFF:8|dffs3' from file "lpm_dff.tdf" line 64, column 7
-- Equation name is '_LC7_C8', type is buried 
_LC7_C8  = DFF( _EQ042, GLOBAL( H0),  VCC,  VCC);
  _EQ042 =  IDATA3 &  _LC1_C2
         # !_LC1_C2 &  _LC7_C8;

-- Node name is '|LPM_DFF:8|dffs4' from file "lpm_dff.tdf" line 64, column 7
-- Equation name is '_LC6_C6', type is buried 
_LC6_C6  = DFF( _EQ043, GLOBAL( H0),  VCC,  VCC);
  _EQ043 =  IDATA4 &  _LC1_C2
         # !_LC1_C2 &  _LC6_C6;

-- Node name is '|LPM_DFF:8|dffs5' from file "lpm_dff.tdf" line 64, column 7
-- Equation name is '_LC7_D5', type is buried 
_LC7_D5  = DFF( _EQ044, GLOBAL( H0),  VCC,  VCC);
  _EQ044 =  IDATA5 &  _LC1_C2
         # !_LC1_C2 &  _LC7_D5;

-- Node name is '|LPM_DFF:8|dffs6' from file "lpm_dff.tdf" line 64, column 7
-- Equation name is '_LC8_B7', type is buried 
_LC8_B7  = DFF( _EQ045, GLOBAL( H0),  VCC,  VCC);
  _EQ045 =  IDATA6 &  _LC1_C2
         # !_LC1_C2 &  _LC8_B7;

-- Node name is '|LPM_DFF:8|dffs7' from file "lpm_dff.tdf" line 64, column 7
-- Equation name is '_LC1_B9', type is buried 
_LC1_B9  = DFF( _EQ046, GLOBAL( H0),  VCC,  VCC);
  _EQ046 =  IDATA7 &  _LC1_C2
         #  _LC1_B9 & !_LC1_C2;

-- Node name is '|LPM_DFF:9|dffs0' from file "lpm_dff.tdf" line 64, column 7
-- Equation name is '_LC7_B9', type is buried 
_LC7_B9  = DFF( _EQ047, GLOBAL( H0),  VCC,  VCC);
  _EQ047 =  IDATA0 &  _LC4_C3
         # !_LC4_C3 &  _LC7_B9;

-- Node name is '|LPM_DFF:9|dffs1' from file "lpm_dff.tdf" line 64, column 7
-- Equation name is '_LC2_D11', type is buried 
_LC2_D11 = DFF( _EQ048, GLOBAL( H0),  VCC,  VCC);
  _EQ048 =  IDATA1 &  _LC4_C3
         #  _LC2_D11 & !_LC4_C3;

-- Node name is '|LPM_DFF:9|dffs2' from file "lpm_dff.tdf" line 64, column 7
-- Equation name is '_LC4_D1', type is buried 
_LC4_D1  = DFF( _EQ049, GLOBAL( H0),  VCC,  VCC);
  _EQ049 =  IDATA2 &  _LC4_C3
         # !_LC4_C3 &  _LC4_D1;

-- Node name is '|LPM_DFF:9|dffs3' from file "lpm_dff.tdf" line 64, column 7
-- Equation name is '_LC3_C8', type is buried 
_LC3_C8  = DFF( _EQ050, GLOBAL( H0),  VCC,  VCC);
  _EQ050 =  IDATA3 &  _LC4_C3
         #  _LC3_C8 & !_LC4_C3;

-- Node name is '|LPM_DFF:9|dffs4' from file "lpm_dff.tdf" line 64, column 7
-- Equation name is '_LC5_C6', type is buried 
_LC5_C6  = DFF( _EQ051, GLOBAL( H0),  VCC,  VCC);
  _EQ051 =  IDATA4 &  _LC4_C3
         # !_LC4_C3 &  _LC5_C6;

-- Node name is '|LPM_DFF:9|dffs5' from file "lpm_dff.tdf" line 64, column 7
-- Equation name is '_LC4_D5', type is buried 
_LC4_D5  = DFF( _EQ052, GLOBAL( H0),  VCC,  VCC);
  _EQ052 =  IDATA5 &  _LC4_C3
         # !_LC4_C3 &  _LC4_D5;

-- Node name is '|LPM_DFF:9|dffs6' from file "lpm_dff.tdf" line 64, column 7
-- Equation name is '_LC10_B7', type is buried 
_LC10_B7 = DFF( _EQ053, GLOBAL( H0),  VCC,  VCC);
  _EQ053 =  IDATA6 &  _LC4_C3
         # !_LC4_C3 &  _LC10_B7;

-- Node name is '|LPM_DFF:9|dffs7' from file "lpm_dff.tdf" line 64, column 7
-- Equation name is '_LC5_B9', type is buried 
_LC5_B9  = DFF( _EQ054, GLOBAL( H0),  VCC,  VCC);
  _EQ054 =  IDATA7 &  _LC4_C3
         # !_LC4_C3 &  _LC5_B9;

-- Node name is '|LPM_DFF:10|dffs0' from file "lpm_dff.tdf" line 64, column 7
-- Equation name is '_LC6_A13', type is buried 
_LC6_A13 = DFF( _EQ055, GLOBAL( H0),  VCC,  VCC);
  _EQ055 =  IDATA0 &  _LC3_C3
         # !_LC3_C3 &  _LC6_A13;

-- Node name is '|LPM_DFF:10|dffs1' from file "lpm_dff.tdf" line 64, column 7
-- Equation name is '_LC3_A5', type is buried 
_LC3_A5  = DFF( _EQ056, GLOBAL( H0),  VCC,  VCC);
  _EQ056 =  IDATA1 &  _LC3_C3
         #  _LC3_A5 & !_LC3_C3;

-- Node name is '|LPM_DFF:10|dffs2' from file "lpm_dff.tdf" line 64, column 7
-- Equation name is '_LC7_A7', type is buried 
_LC7_A7  = DFF( _EQ057, GLOBAL( H0),  VCC,  VCC);
  _EQ057 =  IDATA2 &  _LC3_C3
         # !_LC3_C3 &  _LC7_A7;

-- Node name is '|LPM_DFF:10|dffs3' from file "lpm_dff.tdf" line 64, column 7
-- Equation name is '_LC10_C8', type is buried 
_LC10_C8 = DFF( _EQ058, GLOBAL( H0),  VCC,  VCC);
  _EQ058 =  IDATA3 &  _LC3_C3
         # !_LC3_C3 &  _LC10_C8;

-- Node name is '|LPM_DFF:10|dffs4' from file "lpm_dff.tdf" line 64, column 7
-- Equation name is '_LC9_C6', type is buried 
_LC9_C6  = DFF( _EQ059, GLOBAL( H0),  VCC,  VCC);
  _EQ059 =  IDATA4 &  _LC3_C3
         # !_LC3_C3 &  _LC9_C6;

-- Node name is '|LPM_DFF:10|dffs5' from file "lpm_dff.tdf" line 64, column 7
-- Equation name is '_LC8_A5', type is buried 
_LC8_A5  = DFF( _EQ060, GLOBAL( H0),  VCC,  VCC);
  _EQ060 =  IDATA5 &  _LC3_C3
         # !_LC3_C3 &  _LC8_A5;

-- Node name is '|LPM_DFF:10|dffs6' from file "lpm_dff.tdf" line 64, column 7
-- Equation name is '_LC5_B1', type is buried 
_LC5_B1  = DFF( _EQ061, GLOBAL( H0),  VCC,  VCC);
  _EQ061 =  IDATA6 &  _LC3_C3
         # !_LC3_C3 &  _LC5_B1;

-- Node name is '|LPM_DFF:10|dffs7' from file "lpm_dff.tdf" line 64, column 7
-- Equation name is '_LC7_B11', type is buried 
_LC7_B11 = DFF( _EQ062, GLOBAL( H0),  VCC,  VCC);
  _EQ062 =  IDATA7 &  _LC3_C3
         # !_LC3_C3 &  _LC7_B11;

-- Node name is '|LPM_DFF:11|dffs0' from file "lpm_dff.tdf" line 64, column 7
-- Equation name is '_LC1_A13', type is buried 
_LC1_A13 = DFF( _EQ063, GLOBAL( H0),  VCC,  VCC);
  _EQ063 =  IDATA0 &  _LC5_C3
         #  _LC1_A13 & !_LC5_C3;

-- Node name is '|LPM_DFF:11|dffs1' from file "lpm_dff.tdf" line 64, column 7
-- Equation name is '_LC7_A5', type is buried 
_LC7_A5  = DFF( _EQ064, GLOBAL( H0),  VCC,  VCC);
  _EQ064 =  IDATA1 &  _LC5_C3
         # !_LC5_C3 &  _LC7_A5;

-- Node name is '|LPM_DFF:11|dffs2' from file "lpm_dff.tdf" line 64, column 7
-- Equation name is '_LC3_A7', type is buried 
_LC3_A7  = DFF( _EQ065, GLOBAL( H0),  VCC,  VCC);
  _EQ065 =  IDATA2 &  _LC5_C3
         #  _LC3_A7 & !_LC5_C3;

-- Node name is '|LPM_DFF:11|dffs3' from file "lpm_dff.tdf" line 64, column 7
-- Equation name is '_LC9_C8', type is buried 
_LC9_C8  = DFF( _EQ066, GLOBAL( H0),  VCC,  VCC);
  _EQ066 =  IDATA3 &  _LC5_C3
         # !_LC5_C3 &  _LC9_C8;

-- Node name is '|LPM_DFF:11|dffs4' from file "lpm_dff.tdf" line 64, column 7
-- Equation name is '_LC10_C6', type is buried 
_LC10_C6 = DFF( _EQ067, GLOBAL( H0),  VCC,  VCC);
  _EQ067 =  IDATA4 &  _LC5_C3
         # !_LC5_C3 &  _LC10_C6;

-- Node name is '|LPM_DFF:11|dffs5' from file "lpm_dff.tdf" line 64, column 7
-- Equation name is '_LC5_A5', type is buried 
_LC5_A5  = DFF( _EQ068, GLOBAL( H0),  VCC,  VCC);
  _EQ068 =  IDATA5 &  _LC5_C3
         #  _LC5_A5 & !_LC5_C3;

-- Node name is '|LPM_DFF:11|dffs6' from file "lpm_dff.tdf" line 64, column 7
-- Equation name is '_LC8_B1', type is buried 
_LC8_B1  = DFF( _EQ069, GLOBAL( H0),  VCC,  VCC);
  _EQ069 =  IDATA6 &  _LC5_C3
         # !_LC5_C3 &  _LC8_B1;

-- Node name is '|LPM_DFF:11|dffs7' from file "lpm_dff.tdf" line 64, column 7
-- Equation name is '_LC4_B11', type is buried 
_LC4_B11 = DFF( _EQ070, GLOBAL( H0),  VCC,  VCC);
  _EQ070 =  IDATA7 &  _LC5_C3
         #  _LC4_B11 & !_LC5_C3;

-- Node name is '|LPM_DFF:12|dffs0' from file "lpm_dff.tdf" line 64, column 7
-- Equation name is '_LC7_A9', type is buried 
_LC7_A9  = DFF( _EQ071, GLOBAL( H0),  VCC,  VCC);
  _EQ071 =  IDATA0 &  _LC3_C2
         # !_LC3_C2 &  _LC7_A9;

-- Node name is '|LPM_DFF:12|dffs1' from file "lpm_dff.tdf" line 64, column 7
-- Equation name is '_LC9_A5', type is buried 
_LC9_A5  = DFF( _EQ072, GLOBAL( H0),  VCC,  VCC);
  _EQ072 =  IDATA1 &  _LC3_C2
         # !_LC3_C2 &  _LC9_A5;

-- Node name is '|LPM_DFF:12|dffs2' from file "lpm_dff.tdf" line 64, column 7
-- Equation name is '_LC8_A7', type is buried 
_LC8_A7  = DFF( _EQ073, GLOBAL( H0),  VCC,  VCC);
  _EQ073 =  IDATA2 &  _LC3_C2
         # !_LC3_C2 &  _LC8_A7;

-- Node name is '|LPM_DFF:12|dffs3' from file "lpm_dff.tdf" line 64, column 7
-- Equation name is '_LC8_A1', type is buried 
_LC8_A1  = DFF( _EQ074, GLOBAL( H0),  VCC,  VCC);
  _EQ074 =  IDATA3 &  _LC3_C2
         # !_LC3_C2 &  _LC8_A1;

-- Node name is '|LPM_DFF:12|dffs4' from file "lpm_dff.tdf" line 64, column 7
-- Equation name is '_LC4_A9', type is buried 
_LC4_A9  = DFF( _EQ075, GLOBAL( H0),  VCC,  VCC);
  _EQ075 =  IDATA4 &  _LC3_C2
         # !_LC3_C2 &  _LC4_A9;

-- Node name is '|LPM_DFF:12|dffs5' from file "lpm_dff.tdf" line 64, column 7
-- Equation name is '_LC7_A1', type is buried 
_LC7_A1  = DFF( _EQ076, GLOBAL( H0),  VCC,  VCC);
  _EQ076 =  IDATA5 &  _LC3_C2
         # !_LC3_C2 &  _LC7_A1;

-- Node name is '|LPM_DFF:12|dffs6' from file "lpm_dff.tdf" line 64, column 7
-- Equation name is '_LC6_B1', type is buried 
_LC6_B1  = DFF( _EQ077, GLOBAL( H0),  VCC,  VCC);
  _EQ077 =  IDATA6 &  _LC3_C2
         # !_LC3_C2 &  _LC6_B1;

-- Node name is '|LPM_DFF:12|dffs7' from file "lpm_dff.tdf" line 64, column 7
-- Equation name is '_LC8_B11', type is buried 
_LC8_B11 = DFF( _EQ078, GLOBAL( H0),  VCC,  VCC);
  _EQ078 =  IDATA7 &  _LC3_C2
         # !_LC3_C2 &  _LC8_B11;

-- Node name is '|LPM_DFF:13|dffs0' from file "lpm_dff.tdf" line 64, column 7
-- Equation name is '_LC6_A9', type is buried 
_LC6_A9  = DFF( _EQ079, GLOBAL( H0),  VCC,  VCC);
  _EQ079 =  IDATA0 &  _LC1_F4
         # !_LC1_F4 &  _LC6_A9;

-- Node name is '|LPM_DFF:13|dffs1' from file "lpm_dff.tdf" line 64, column 7
-- Equation name is '_LC10_A5', type is buried 
_LC10_A5 = DFF( _EQ080, GLOBAL( H0),  VCC,  VCC);
  _EQ080 =  IDATA1 &  _LC1_F4
         # !_LC1_F4 &  _LC10_A5;

-- Node name is '|LPM_DFF:13|dffs2' from file "lpm_dff.tdf" line 64, column 7
-- Equation name is '_LC4_A7', type is buried 
_LC4_A7  = DFF( _EQ081, GLOBAL( H0),  VCC,  VCC);
  _EQ081 =  IDATA2 &  _LC1_F4
         # !_LC1_F4 &  _LC4_A7;

-- Node name is '|LPM_DFF:13|dffs3' from file "lpm_dff.tdf" line 64, column 7
-- Equation name is '_LC6_A1', type is buried 
_LC6_A1  = DFF( _EQ082, GLOBAL( H0),  VCC,  VCC);
  _EQ082 =  IDATA3 &  _LC1_F4
         # !_LC1_F4 &  _LC6_A1;

-- Node name is '|LPM_DFF:13|dffs4' from file "lpm_dff.tdf" line 64, column 7
-- Equation name is '_LC2_A9', type is buried 
_LC2_A9  = DFF( _EQ083, GLOBAL( H0),  VCC,  VCC);
  _EQ083 =  IDATA4 &  _LC1_F4
         # !_LC1_F4 &  _LC2_A9;

-- Node name is '|LPM_DFF:13|dffs5' from file "lpm_dff.tdf" line 64, column 7
-- Equation name is '_LC5_A1', type is buried 
_LC5_A1  = DFF( _EQ084, GLOBAL( H0),  VCC,  VCC);
  _EQ084 =  IDATA5 &  _LC1_F4
         # !_LC1_F4 &  _LC5_A1;

-- Node name is '|LPM_DFF:13|dffs6' from file "lpm_dff.tdf" line 64, column 7
-- Equation name is '_LC4_B1', type is buried 
_LC4_B1  = DFF( _EQ085, GLOBAL( H0),  VCC,  VCC);
  _EQ085 =  IDATA6 &  _LC1_F4
         # !_LC1_F4 &  _LC4_B1;

-- Node name is '|LPM_DFF:13|dffs7' from file "lpm_dff.tdf" line 64, column 7
-- Equation name is '_LC3_B11', type is buried 
_LC3_B11 = DFF( _EQ086, GLOBAL( H0),  VCC,  VCC);
  _EQ086 =  IDATA7 &  _LC1_F4
         # !_LC1_F4 &  _LC3_B11;

-- Node name is '|LPM_MUX:3|muxlut:135|muxlut:43|~50~1' from file "muxlut.tdf" line 211, column 13
-- Equation name is '_LC8_B9', type is buried 
-- synthesized logic cell 
_LC8_B9  = LCELL( _EQ087);
  _EQ087 =  ABUS0 &  _LC7_B9
         # !ABUS0 &  _LC6_B9
         #  _LC6_B9 &  _LC7_B9;

-- Node name is '|LPM_MUX:3|muxlut:135|muxlut:43|~61~1' from file "muxlut.tdf" line 214, column 13
-- Equation name is '_LC3_B14', type is buried 
-- synthesized logic cell 
_LC3_B14 = LCELL( _EQ088);
  _EQ088 = !ABUS0 &  _LC6_B14
         #  ABUS0 &  _LC1_B14
         #  _LC1_B14 &  _LC6_B14;

-- Node name is '|LPM_MUX:3|muxlut:135|muxlut:43|:62' from file "muxlut.tdf" line 211, column 38
-- Equation name is '_LC2_B9', type is buried 
!_LC2_B9 = _LC2_B9~NOT;
_LC2_B9~NOT = LCELL( _EQ089);
  _EQ089 =  ABUS1 &  _LC8_B9
         # !ABUS1 &  _LC3_B14;

-- Node name is '|LPM_MUX:3|muxlut:135|muxlut:60|:50' from file "muxlut.tdf" line 211, column 13
-- Equation name is '_LC3_A9', type is buried 
!_LC3_A9 = _LC3_A9~NOT;
_LC3_A9~NOT = LCELL( _EQ090);
  _EQ090 =  ABUS0 &  ABUS1 &  _LC6_A9
         # !ABUS0 &  ABUS1 &  _LC7_A9
         #  ABUS1 &  _LC6_A9 &  _LC7_A9;

-- Node name is '|LPM_MUX:3|muxlut:135|muxlut:60|:61' from file "muxlut.tdf" line 214, column 13
-- Equation name is '_LC2_A13', type is buried 
!_LC2_A13 = _LC2_A13~NOT;
_LC2_A13~NOT = LCELL( _EQ091);
  _EQ091 = !ABUS0 & !ABUS1 &  _LC6_A13
         #  ABUS0 & !ABUS1 &  _LC1_A13
         # !ABUS1 &  _LC1_A13 &  _LC6_A13;

-- Node name is '|LPM_MUX:3|muxlut:135|muxlut:77|result_node' from file "muxlut.tdf" line 128, column 40
-- Equation name is '_LC2_A11', type is buried 
_LC2_A11 = LCELL( _EQ092);
  _EQ092 = !ABUS2 & !_LC2_B9
         #  ABUS2 & !_LC3_A9
         #  ABUS2 & !_LC2_A13;

-- Node name is '|LPM_MUX:3|muxlut:156|muxlut:43|~50~1' from file "muxlut.tdf" line 211, column 13
-- Equation name is '_LC8_D11', type is buried 
-- synthesized logic cell 
_LC8_D11 = LCELL( _EQ093);
  _EQ093 =  ABUS0 &  _LC2_D11
         # !ABUS0 &  _LC7_D11
         #  _LC2_D11 &  _LC7_D11;

-- Node name is '|LPM_MUX:3|muxlut:156|muxlut:43|~61~1' from file "muxlut.tdf" line 214, column 13
-- Equation name is '_LC3_D11', type is buried 
-- synthesized logic cell 
_LC3_D11 = LCELL( _EQ094);
  _EQ094 = !ABUS0 &  _LC6_D11
         #  ABUS0 &  _LC1_D11
         #  _LC1_D11 &  _LC6_D11;

-- Node name is '|LPM_MUX:3|muxlut:156|muxlut:43|:62' from file "muxlut.tdf" line 211, column 38
-- Equation name is '_LC4_D11', type is buried 
!_LC4_D11 = _LC4_D11~NOT;
_LC4_D11~NOT = LCELL( _EQ095);
  _EQ095 =  ABUS1 &  _LC8_D11
         # !ABUS1 &  _LC3_D11;

-- Node name is '|LPM_MUX:3|muxlut:156|muxlut:60|:50' from file "muxlut.tdf" line 211, column 13
-- Equation name is '_LC6_A5', type is buried 
!_LC6_A5 = _LC6_A5~NOT;
_LC6_A5~NOT = LCELL( _EQ096);
  _EQ096 =  ABUS0 &  ABUS1 &  _LC10_A5
         # !ABUS0 &  ABUS1 &  _LC9_A5
         #  ABUS1 &  _LC9_A5 &  _LC10_A5;

-- Node name is '|LPM_MUX:3|muxlut:156|muxlut:60|:61' from file "muxlut.tdf" line 214, column 13
-- Equation name is '_LC1_A5', type is buried 
!_LC1_A5 = _LC1_A5~NOT;
_LC1_A5~NOT = LCELL( _EQ097);
  _EQ097 = !ABUS0 & !ABUS1 &  _LC3_A5
         #  ABUS0 & !ABUS1 &  _LC7_A5
         # !ABUS1 &  _LC3_A5 &  _LC7_A5;

-- Node name is '|LPM_MUX:3|muxlut:156|muxlut:77|result_node' from file "muxlut.tdf" line 128, column 40
-- Equation name is '_LC2_A5', type is buried 
_LC2_A5  = LCELL( _EQ098);
  _EQ098 = !ABUS2 & !_LC4_D11
         #  ABUS2 & !_LC6_A5
         #  ABUS2 & !_LC1_A5;

-- Node name is '|LPM_MUX:3|muxlut:177|muxlut:43|~50~1' from file "muxlut.tdf" line 211, column 13
-- Equation name is '_LC7_D1', type is buried 
-- synthesized logic cell 
_LC7_D1  = LCELL( _EQ099);
  _EQ099 =  ABUS0 &  _LC4_D1
         # !ABUS0 &  _LC3_D1
         #  _LC3_D1 &  _LC4_D1;

-- Node name is '|LPM_MUX:3|muxlut:177|muxlut:43|~61~1' from file "muxlut.tdf" line 214, column 13
-- Equation name is '_LC6_D1', type is buried 
-- synthesized logic cell 
_LC6_D1  = LCELL( _EQ100);
  _EQ100 = !ABUS0 &  _LC2_D1
         #  ABUS0 &  _LC1_D1
         #  _LC1_D1 &  _LC2_D1;

-- Node name is '|LPM_MUX:3|muxlut:177|muxlut:43|:62' from file "muxlut.tdf" line 211, column 38
-- Equation name is '_LC5_D1', type is buried 
!_LC5_D1 = _LC5_D1~NOT;
_LC5_D1~NOT = LCELL( _EQ101);
  _EQ101 =  ABUS1 &  _LC7_D1
         # !ABUS1 &  _LC6_D1;

-- Node name is '|LPM_MUX:3|muxlut:177|muxlut:60|:50' from file "muxlut.tdf" line 211, column 13
-- Equation name is '_LC6_A7', type is buried 
!_LC6_A7 = _LC6_A7~NOT;
_LC6_A7~NOT = LCELL( _EQ102);
  _EQ102 =  ABUS0 &  ABUS1 &  _LC4_A7
         # !ABUS0 &  ABUS1 &  _LC8_A7
         #  ABUS1 &  _LC4_A7 &  _LC8_A7;

-- Node name is '|LPM_MUX:3|muxlut:177|muxlut:60|:61' from file "muxlut.tdf" line 214, column 13
-- Equation name is '_LC1_A7', type is buried 
!_LC1_A7 = _LC1_A7~NOT;
_LC1_A7~NOT = LCELL( _EQ103);
  _EQ103 = !ABUS0 & !ABUS1 &  _LC7_A7
         #  ABUS0 & !ABUS1 &  _LC3_A7
         # !ABUS1 &  _LC3_A7 &  _LC7_A7;

-- Node name is '|LPM_MUX:3|muxlut:177|muxlut:77|result_node' from file "muxlut.tdf" line 128, column 40
-- Equation name is '_LC2_A7', type is buried 
_LC2_A7  = LCELL( _EQ104);
  _EQ104 = !ABUS2 & !_LC5_D1
         #  ABUS2 & !_LC6_A7
         #  ABUS2 & !_LC1_A7;

-- Node name is '|LPM_MUX:3|muxlut:198|muxlut:43|~50~1' from file "muxlut.tdf" line 211, column 13
-- Equation name is '_LC8_C8', type is buried 
-- synthesized logic cell 
_LC8_C8  = LCELL( _EQ105);
  _EQ105 =  ABUS0 &  _LC3_C8
         # !ABUS0 &  _LC7_C8
         #  _LC3_C8 &  _LC7_C8;

-- Node name is '|LPM_MUX:3|muxlut:198|muxlut:43|~61~1' from file "muxlut.tdf" line 214, column 13
-- Equation name is '_LC2_C8', type is buried 
-- synthesized logic cell 
_LC2_C8  = LCELL( _EQ106);
  _EQ106 = !ABUS0 &  _LC1_C8
         #  ABUS0 &  _LC6_C8
         #  _LC1_C8 &  _LC6_C8;

-- Node name is '|LPM_MUX:3|muxlut:198|muxlut:43|:62' from file "muxlut.tdf" line 211, column 38
-- Equation name is '_LC4_C8', type is buried 
!_LC4_C8 = _LC4_C8~NOT;
_LC4_C8~NOT = LCELL( _EQ107);
  _EQ107 =  ABUS1 &  _LC8_C8
         # !ABUS1 &  _LC2_C8;

-- Node name is '|LPM_MUX:3|muxlut:198|muxlut:60|:50' from file "muxlut.tdf" line 211, column 13
-- Equation name is '_LC3_A1', type is buried 
!_LC3_A1 = _LC3_A1~NOT;
_LC3_A1~NOT = LCELL( _EQ108);
  _EQ108 =  ABUS0 &  ABUS1 &  _LC6_A1
         # !ABUS0 &  ABUS1 &  _LC8_A1
         #  ABUS1 &  _LC6_A1 &  _LC8_A1;

-- Node name is '|LPM_MUX:3|muxlut:198|muxlut:60|:61' from file "muxlut.tdf" line 214, column 13
-- Equation name is '_LC5_C8', type is buried 
!_LC5_C8 = _LC5_C8~NOT;
_LC5_C8~NOT = LCELL( _EQ109);
  _EQ109 = !ABUS0 & !ABUS1 &  _LC10_C8
         #  ABUS0 & !ABUS1 &  _LC9_C8
         # !ABUS1 &  _LC9_C8 &  _LC10_C8;

-- Node name is '|LPM_MUX:3|muxlut:198|muxlut:77|result_node' from file "muxlut.tdf" line 128, column 40
-- Equation name is '_LC1_A1', type is buried 
_LC1_A1  = LCELL( _EQ110);
  _EQ110 = !ABUS2 & !_LC4_C8
         #  ABUS2 & !_LC3_A1
         #  ABUS2 & !_LC5_C8;

-- Node name is '|LPM_MUX:3|muxlut:219|muxlut:43|~50~1' from file "muxlut.tdf" line 211, column 13
-- Equation name is '_LC8_C6', type is buried 
-- synthesized logic cell 
_LC8_C6  = LCELL( _EQ111);
  _EQ111 =  ABUS0 &  _LC5_C6
         # !ABUS0 &  _LC6_C6
         #  _LC5_C6 &  _LC6_C6;

-- Node name is '|LPM_MUX:3|muxlut:219|muxlut:43|~61~1' from file "muxlut.tdf" line 214, column 13
-- Equation name is '_LC2_C6', type is buried 
-- synthesized logic cell 
_LC2_C6  = LCELL( _EQ112);
  _EQ112 = !ABUS0 &  _LC1_C6
         #  ABUS0 &  _LC7_C6
         #  _LC1_C6 &  _LC7_C6;

-- Node name is '|LPM_MUX:3|muxlut:219|muxlut:43|:62' from file "muxlut.tdf" line 211, column 38
-- Equation name is '_LC3_C6', type is buried 
!_LC3_C6 = _LC3_C6~NOT;
_LC3_C6~NOT = LCELL( _EQ113);
  _EQ113 =  ABUS1 &  _LC8_C6
         # !ABUS1 &  _LC2_C6;

-- Node name is '|LPM_MUX:3|muxlut:219|muxlut:60|:50' from file "muxlut.tdf" line 211, column 13
-- Equation name is '_LC1_A9', type is buried 
!_LC1_A9 = _LC1_A9~NOT;
_LC1_A9~NOT = LCELL( _EQ114);
  _EQ114 =  ABUS0 &  ABUS1 &  _LC2_A9
         # !ABUS0 &  ABUS1 &  _LC4_A9
         #  ABUS1 &  _LC2_A9 &  _LC4_A9;

-- Node name is '|LPM_MUX:3|muxlut:219|muxlut:60|:61' from file "muxlut.tdf" line 214, column 13
-- Equation name is '_LC4_C6', type is buried 
!_LC4_C6 = _LC4_C6~NOT;
_LC4_C6~NOT = LCELL( _EQ115);
  _EQ115 = !ABUS0 & !ABUS1 &  _LC9_C6
         #  ABUS0 & !ABUS1 &  _LC10_C6
         # !ABUS1 &  _LC9_C6 &  _LC10_C6;

-- Node name is '|LPM_MUX:3|muxlut:219|muxlut:77|result_node' from file "muxlut.tdf" line 128, column 40
-- Equation name is '_LC2_A10', type is buried 
_LC2_A10 = LCELL( _EQ116);
  _EQ116 = !ABUS2 & !_LC3_C6
         #  ABUS2 & !_LC1_A9
         #  ABUS2 & !_LC4_C6;

-- Node name is '|LPM_MUX:3|muxlut:240|muxlut:43|~50~1' from file "muxlut.tdf" line 211, column 13
-- Equation name is '_LC8_D5', type is buried 
-- synthesized logic cell 
_LC8_D5  = LCELL( _EQ117);
  _EQ117 =  ABUS0 &  _LC4_D5
         # !ABUS0 &  _LC7_D5
         #  _LC4_D5 &  _LC7_D5;

-- Node name is '|LPM_MUX:3|muxlut:240|muxlut:43|~61~1' from file "muxlut.tdf" line 214, column 13
-- Equation name is '_LC2_D5', type is buried 
-- synthesized logic cell 
_LC2_D5  = LCELL( _EQ118);
  _EQ118 = !ABUS0 &  _LC6_D5
         #  ABUS0 &  _LC1_D5
         #  _LC1_D5 &  _LC6_D5;

-- Node name is '|LPM_MUX:3|muxlut:240|muxlut:43|:62' from file "muxlut.tdf" line 211, column 38
-- Equation name is '_LC3_D5', type is buried 
!_LC3_D5 = _LC3_D5~NOT;
_LC3_D5~NOT = LCELL( _EQ119);
  _EQ119 =  ABUS1 &  _LC8_D5
         # !ABUS1 &  _LC2_D5;

-- Node name is '|LPM_MUX:3|muxlut:240|muxlut:60|:50' from file "muxlut.tdf" line 211, column 13
-- Equation name is '_LC4_A1', type is buried 
!_LC4_A1 = _LC4_A1~NOT;
_LC4_A1~NOT = LCELL( _EQ120);
  _EQ120 =  ABUS0 &  ABUS1 &  _LC5_A1
         # !ABUS0 &  ABUS1 &  _LC7_A1
         #  ABUS1 &  _LC5_A1 &  _LC7_A1;

-- Node name is '|LPM_MUX:3|muxlut:240|muxlut:60|:61' from file "muxlut.tdf" line 214, column 13
-- Equation name is '_LC4_A5', type is buried 
!_LC4_A5 = _LC4_A5~NOT;
_LC4_A5~NOT = LCELL( _EQ121);
  _EQ121 = !ABUS0 & !ABUS1 &  _LC8_A5
         #  ABUS0 & !ABUS1 &  _LC5_A5
         # !ABUS1 &  _LC5_A5 &  _LC8_A5;

-- Node name is '|LPM_MUX:3|muxlut:240|muxlut:77|result_node' from file "muxlut.tdf" line 128, column 40
-- Equation name is '_LC2_A1', type is buried 
_LC2_A1  = LCELL( _EQ122);
  _EQ122 = !ABUS2 & !_LC3_D5
         #  ABUS2 & !_LC4_A1
         #  ABUS2 & !_LC4_A5;

-- Node name is '|LPM_MUX:3|muxlut:261|muxlut:43|~50~1' from file "muxlut.tdf" line 211, column 13
-- Equation name is '_LC9_B7', type is buried 
-- synthesized logic cell 
_LC9_B7  = LCELL( _EQ123);
  _EQ123 =  ABUS0 &  _LC10_B7
         # !ABUS0 &  _LC8_B7
         #  _LC8_B7 &  _LC10_B7;

-- Node name is '|LPM_MUX:3|muxlut:261|muxlut:43|~61~1' from file "muxlut.tdf" line 214, column 13
-- Equation name is '_LC3_B7', type is buried 
-- synthesized logic cell 
_LC3_B7  = LCELL( _EQ124);
  _EQ124 = !ABUS0 &  _LC1_B7
         #  ABUS0 &  _LC7_B7
         #  _LC1_B7 &  _LC7_B7;

-- Node name is '|LPM_MUX:3|muxlut:261|muxlut:43|:62' from file "muxlut.tdf" line 211, column 38
-- Equation name is '_LC5_B7', type is buried 
!_LC5_B7 = _LC5_B7~NOT;
_LC5_B7~NOT = LCELL( _EQ125);
  _EQ125 =  ABUS1 &  _LC9_B7
         # !ABUS1 &  _LC3_B7;

-- Node name is '|LPM_MUX:3|muxlut:261|muxlut:60|:50' from file "muxlut.tdf" line 211, column 13
-- Equation name is '_LC2_B1', type is buried 
!_LC2_B1 = _LC2_B1~NOT;
_LC2_B1~NOT = LCELL( _EQ126);
  _EQ126 =  ABUS0 &  ABUS1 &  _LC4_B1
         # !ABUS0 &  ABUS1 &  _LC6_B1
         #  ABUS1 &  _LC4_B1 &  _LC6_B1;

-- Node name is '|LPM_MUX:3|muxlut:261|muxlut:60|:61' from file "muxlut.tdf" line 214, column 13
-- Equation name is '_LC3_B1', type is buried 
!_LC3_B1 = _LC3_B1~NOT;
_LC3_B1~NOT = LCELL( _EQ127);
  _EQ127 = !ABUS0 & !ABUS1 &  _LC5_B1
         #  ABUS0 & !ABUS1 &  _LC8_B1
         # !ABUS1 &  _LC5_B1 &  _LC8_B1;

-- Node name is '|LPM_MUX:3|muxlut:261|muxlut:77|result_node' from file "muxlut.tdf" line 128, column 40
-- Equation name is '_LC1_B1', type is buried 
_LC1_B1  = LCELL( _EQ128);
  _EQ128 = !ABUS2 & !_LC5_B7
         #  ABUS2 & !_LC2_B1
         #  ABUS2 & !_LC3_B1;

-- Node name is '|LPM_MUX:3|muxlut:282|muxlut:43|~50~1' from file "muxlut.tdf" line 211, column 13
-- Equation name is '_LC3_B9', type is buried 
-- synthesized logic cell 
_LC3_B9  = LCELL( _EQ129);
  _EQ129 =  ABUS0 &  _LC5_B9
         # !ABUS0 &  _LC1_B9
         #  _LC1_B9 &  _LC5_B9;

-- Node name is '|LPM_MUX:3|muxlut:282|muxlut:43|~61~1' from file "muxlut.tdf" line 214, column 13
-- Equation name is '_LC4_B7', type is buried 
-- synthesized logic cell 
_LC4_B7  = LCELL( _EQ130);
  _EQ130 = !ABUS0 &  _LC6_B7
         #  ABUS0 &  _LC2_B7
         #  _LC2_B7 &  _LC6_B7;

-- Node name is '|LPM_MUX:3|muxlut:282|muxlut:43|:62' from file "muxlut.tdf" line 211, column 38
-- Equation name is '_LC4_B9', type is buried 
!_LC4_B9 = _LC4_B9~NOT;
_LC4_B9~NOT = LCELL( _EQ131);
  _EQ131 =  ABUS1 &  _LC3_B9
         # !ABUS1 &  _LC4_B7;

-- Node name is '|LPM_MUX:3|muxlut:282|muxlut:60|:50' from file "muxlut.tdf" line 211, column 13
-- Equation name is '_LC6_B11', type is buried 
!_LC6_B11 = _LC6_B11~NOT;
_LC6_B11~NOT = LCELL( _EQ132);
  _EQ132 =  ABUS0 &  ABUS1 &  _LC3_B11
         # !ABUS0 &  ABUS1 &  _LC8_B11
         #  ABUS1 &  _LC3_B11 &  _LC8_B11;

-- Node name is '|LPM_MUX:3|muxlut:282|muxlut:60|:61' from file "muxlut.tdf" line 214, column 13
-- Equation name is '_LC1_B11', type is buried 
!_LC1_B11 = _LC1_B11~NOT;
_LC1_B11~NOT = LCELL( _EQ133);
  _EQ133 = !ABUS0 & !ABUS1 &  _LC7_B11
         #  ABUS0 & !ABUS1 &  _LC4_B11
         # !ABUS1 &  _LC4_B11 &  _LC7_B11;

-- Node name is '|LPM_MUX:3|muxlut:282|muxlut:77|result_node' from file "muxlut.tdf" line 128, column 40
-- Equation name is '_LC2_B11', type is buried 
_LC2_B11 = LCELL( _EQ134);
  _EQ134 = !ABUS2 & !_LC4_B9
         #  ABUS2 & !_LC6_B11
         #  ABUS2 & !_LC1_B11;



Project Information                             c:\snj\pt5220\sbp\pld\dram.rpt

** COMPILATION SETTINGS & TIMES **

Processing Menu Commands
------------------------

Design Doctor                             = off

Logic Synthesis:

   Synthesis Type Used                    = Multi-Level

   Default Synthesis Style                = NORMAL

      Logic option settings in 'NORMAL' style for 'FLEX6000' family

      CARRY_CHAIN                         = ignore
      CARRY_CHAIN_LENGTH                  = 32
      CASCADE_CHAIN                       = ignore
      CASCADE_CHAIN_LENGTH                = 2
      DECOMPOSE_GATES                     = on
      DUPLICATE_LOGIC_EXTRACTION          = on
      MINIMIZATION                        = full
      MULTI_LEVEL_FACTORING               = on
      NOT_GATE_PUSH_BACK                  = on
      REDUCE_LOGIC                        = on
      REFACTORIZATION                     = on
      REGISTER_OPTIMIZATION               = on
      RESYNTHESIZE_NETWORK                = on
      SLOW_SLEW_RATE                      = off
      SUBFACTOR_EXTRACTION                = on
      IGNORE_SOFT_BUFFERS                 = on
      USE_LPM_FOR_AHDL_OPERATORS          = off

   Other logic synthesis settings:

      Automatic Global Clock              = on
      Automatic Global Clear              = on
      Automatic Global Preset             = on
      Automatic Global Output Enable      = on
      Automatic Fast I/O                  = off
      Automatic Register Packing          = off
      Automatic Open-Drain Pins           = on
      Automatic Implement in EAB          = off
      Optimize                            = 5

Default Timing Specifications: None

Cut All Bidir Feedback Timing Paths       = on
Cut All Clear & Preset Timing Paths       = on

Ignore Timing Assignments                 = off

Functional SNF Extractor                  = off

Linked SNF Extractor                      = off
Timing SNF Extractor                      = on
Optimize Timing SNF                       = off
Generate AHDL TDO File                    = off
Fitter Settings                           = NORMAL
Smart Recompile                           = off
Total Recompile                           = off

Interfaces Menu Commands
------------------------

EDIF Netlist Writer                       = off
Verilog Netlist Writer                    = off
VHDL Netlist Writer                       = off

Compilation Times
-----------------

   Compiler Netlist Extractor             00:00:03
   Database Builder                       00:00:02
   Logic Synthesizer                      00:00:04
   Partitioner                            00:00:04
   Fitter                                 00:01:03
   Timing SNF Extractor                   00:00:02
   Assembler                              00:00:04
   --------------------------             --------
   Total Time                             00:01:22


Memory Allocated
-----------------

Peak memory allocated during compilation  = 14,581K
