Project Information                         c:\snj\pt5220\sbp\pld\extlog00.rpt

MAX+plus II Compiler Report File
Version 8.2 1/12/98
Compiled: 04/09/99 14:04:58

Copyright (C) 1988-1998 Altera Corporation
Any megafunction design, and related net list (encrypted or decrypted),
support information, device programming or simulation file, and any other
associated documentation or information provided by Altera or a partner
under Altera's Megafunction Partnership Program may be used only to
program PLD devices (but not masked PLD devices) from Altera.  Any other
use of such megafunction design, net list, support information, device
programming or simulation file, or any other related documentation or
information is prohibited for any other purpose, including, but not
limited to modification, reverse engineering, de-compiling, or use with
any other silicon devices, unless such use is explicitly licensed under
a separate agreement with Altera or a megafunction partner.  Title to
the intellectual property, including patents, copyrights, trademarks,
trade secrets, or maskworks, embodied in any such megafunction design,
net list, support information, device programming or simulation file, or
any other related documentation or information provided by Altera or a
megafunction partner, remains with Altera, the megafunction partner, or
their respective licensors.  No other licenses, including any licenses
needed under any third party's intellectual property, are provided herein.



***** Project compilation was successful


EXTLOG00


** DEVICE SUMMARY **

Chip/                     Input   Output   Bidir 			    LCs
POF       Device          Pins    Pins     Pins      LCs    % Utilized

extlog00  EPF6016TC144-2   14       6        0       83          6  %

User Pins:                 14       6        0  



Device-Specific Information:                c:\snj\pt5220\sbp\pld\extlog00.rpt
extlog00

***** Logic for device 'extlog00' compiled without errors.




Device: EPF6016TC144-2

FLEX 6000 Configuration Scheme: Passive Serial

Device Options:
    User-Supplied Start-Up Clock               = OFF
    Auto-Restart Configuration on Frame Error  = OFF
    Release Clears Before Tri-States           = OFF
    Enable Chip_Wide Reset                     = OFF
    Enable Chip-Wide Output Enable             = OFF
    Enable INIT_DONE Output                    = OFF
    Enable JTAG Support                        = OFF
    Low-Voltage I/O                            = OFF

                                                                                         
                                                                                         
                R R     R R R R R R R   R R R R         R R R R R R R R R R R R R R R R  
                E E     E E E E E E E   E E E E         E E E E E E E E E E E E E E E E  
                S S   I S S S S S S S   S S S S       ^ S S S S S S S S S S S S S S S S  
                E E E N E E E E E E E   E E E E ^ V   D E E E E E E E E E E E E E E E E  
                R R L T R R R R R R R   R R R R D C   A R R R R R R R R R R R R R R R R  
                V V I E V V V V V V V   V V V V C C G T V V V V V V V V V V V V V V V V  
                E E N R E E E E E E E N E E E E L I N A E E E E E E E E E E E E E E E E  
                D D E N D D D D D D D S D D D D K O D 0 D D D D D D D D D D D D D D D D  
              --------------------------------------------------------------------------_ 
             / 144 142 140 138 136 134 132 130 128 126 124 122 120 118 116 114 112 110   |_ 
            /    143 141 139 137 135 133 131 129 127 125 123 121 119 117 115 113 111 109    | 
  RESERVED |  1                                                                         108 | RESERVED 
  RESERVED |  2                                                                         107 | RESERVED 
  RESERVED |  3                                                                         106 | RESERVED 
      ^nCE |  4                                                                         105 | ^CONF_DONE 
       GND |  5                                                                         104 | VCCIO 
    VCCINT |  6                                                                         103 | VCCINT 
     VCCIO |  7                                                                         102 | GND 
  RESERVED |  8                                                                         101 | RESERVED 
  RESERVED |  9                                                                         100 | RESERVED 
  RESERVED | 10                                                                          99 | RESERVED 
  RESERVED | 11                                                                          98 | RESERVED 
BURSTSTART | 12                                                                          97 | RESERVED 
    &V1OUT | 13                                                                          96 | RESERVED 
 SYNCSTART | 14                                                                          95 | RESERVED 
  RESERVED | 15                                                                          94 | RESERVED 
  RESERVED | 16                                                                          93 | RESERVED 
     CLOCK | 17                                                                          92 | G 
       GND | 18                                                                          91 | VCCIO 
     VCCIO | 19                             EPF6016TC144-2                               90 | GND 
     LEVEL | 20                                                                          89 | H0 
  RESERVED | 21                                                                          88 | RESERVED 
  RESERVED | 22                                                                          87 | RESERVED 
  RESERVED | 23                                                                          86 | RESERVED 
  RESERVED | 24                                                                          85 | RESERVED 
  RESERVED | 25                                                                          84 | RESERVED 
        I7 | 26                                                                          83 | RESERVED 
       &I3 | 27                                                                          82 | I2 
        I4 | 28                                                                          81 | FREQLOCK 
        I5 | 29                                                                          80 | I0 
       GND | 30                                                                          79 | I1 
    VCCINT | 31                                                                          78 | VCCIO 
     VCCIO | 32                                                                          77 | VCCINT 
     ^MSEL | 33                                                                          76 | GND 
       &I6 | 34                                                                          75 | CLP 
  RESERVED | 35                                                                          74 | RESERVED 
  RESERVED | 36                                                                          73 | RESERVED 
           |      38  40  42  44  46  48  50  52  54  56  58  60  62  64  66  68  70  72  _| 
            \   37  39  41  43  45  47  49  51  53  55  57  59  61  63  65  67  69  71   | 
             \--------------------------------------------------------------------------- 
                R R R R R R R R R R R R R R R R ^ G V ^ R R R R R R R R R R R R R R R R  
                E E E E E E E E E E E E E E E E n N C n E E E E E E E E E E E E E E E E  
                S S S S S S S S S S S S S S S S C D C S S S S S S S S S S S S S S S S S  
                E E E E E E E E E E E E E E E E O   I T E E E E E E E E E E E E E E E E  
                R R R R R R R R R R R R R R R R N   O A R R R R R R R R R R R R R R R R  
                V V V V V V V V V V V V V V V V F     T V V V V V V V V V V V V V V V V  
                E E E E E E E E E E E E E E E E I     U E E E E E E E E E E E E E E E E  
                D D D D D D D D D D D D D D D D G     S D D D D D D D D D D D D D D D D  
                                                                                         
                                                                                         


N.C. = Not Connected.
VCCINT = Dedicated power pin, which MUST be connected to VCC (5.0 volts).
VCCIO = Dedicated power pin, which MUST be connected to VCC (5.0 or 3.3 volts).
GND = Dedicated ground pin or unused dedicated input, which MUST be connected to GND.
RESERVED = Unused I/O pin, which MUST be left unconnected.

^ = Dedicated configuration pin.
+ = Reserved configuration pin, which is tri-stated during user mode.
* = Reserved configuration pin, which drives out in user mode.
PDn = Power Down pin. 
@ = Special-purpose pin. 
# = JTAG Boundary-Scan Testing/In-System-Programming or Configuration Pin. The JTAG inputs (TMS, TCK, TDI) should be tied to VCC when not in use.
& = JTAG pin used for I/O. When used as user I/O, JTAG pins must be kept stable before and during configuration.  JTAG pin stability prevents accidental loading of JTAG instructions.

Device-Specific Information:                c:\snj\pt5220\sbp\pld\extlog00.rpt
extlog00

** RESOURCE USAGE **

Logic                Column       Row                                   
Array                Interconnect Interconnect                  Sync.   Sync.   Left External  Right External  Borrowed LC1
Block   Logic Cells  Driven       Driven       Clocks  Clears   Clear   Load    Interconnect   Interconnect    Inputs
A1       9/10( 90%)   1/10( 10%)   0/10(  0%)    1/2    0/2      0/1     0/1      8/22( 36%)   11/22( 50%)      0/4
A3      10/10(100%)   6/10( 60%)   0/10(  0%)    1/2    0/2      0/1     0/1      3/22( 13%)    4/22( 18%)      0/4
A7       4/10( 40%)   3/10( 30%)   0/10(  0%)    1/2    0/2      0/1     0/1      2/22(  9%)    2/22(  9%)      0/4
A8       9/10( 90%)   0/10(  0%)   0/10(  0%)    1/2    0/2      0/1     0/1      5/22( 22%)    4/22( 18%)      0/4
A9       1/10( 10%)   1/10( 10%)   0/10(  0%)    1/2    0/2      0/1     0/1      1/22(  4%)    2/22(  9%)      0/4
A11      1/10( 10%)   1/10( 10%)   0/10(  0%)    1/2    0/2      0/1     0/1      0/22(  0%)    1/22(  4%)      0/4
A12      1/10( 10%)   0/10(  0%)   0/10(  0%)    0/2    0/2      0/1     0/1      2/22(  9%)    0/22(  0%)      0/4
C2       9/10( 90%)   2/10( 20%)   0/10(  0%)    1/2    0/2      0/1     0/1      6/22( 27%)    8/22( 36%)      0/4
C4       6/10( 60%)   0/10(  0%)   0/10(  0%)    1/2    0/2      0/1     0/1      5/22( 22%)    6/22( 27%)      0/4
C6      10/10(100%)   2/10( 20%)   0/10(  0%)    1/2    0/2      0/1     0/1      5/22( 22%)    5/22( 22%)      0/4
C8       1/10( 10%)   0/10(  0%)   0/10(  0%)    0/2    0/2      0/1     0/1      2/22(  9%)    2/22(  9%)      0/4
C10      1/10( 10%)   0/10(  0%)   0/10(  0%)    0/2    0/2      0/1     0/1      1/22(  4%)    1/22(  4%)      0/4
C11      1/10( 10%)   1/10( 10%)   0/10(  0%)    0/2    0/2      0/1     0/1      1/22(  4%)    2/22(  9%)      0/4
E5       7/10( 70%)   2/10( 20%)   0/10(  0%)    1/2    0/2      0/1     0/1      1/22(  4%)    1/22(  4%)      0/4
E8       6/10( 60%)   0/10(  0%)   0/10(  0%)    1/2    0/2      0/1     0/1      3/22( 13%)    6/22( 27%)      0/4
E10      7/10( 70%)   0/10(  0%)   0/10(  0%)    1/2    0/2      0/1     0/1      1/22(  4%)    3/22( 13%)      0/4


Total dedicated input pins used:                 4/4      (100%)
Total I/O pins used:                            16/113    ( 14%)
Total logic cells used:                         83/1320   (  6%)
Average fan-in:                                 3.27/4    ( 81%)
Total fan-in:                                 272/5280    (  5%)

Total input pins required:                      14
Total output pins required:                      6
Total bidirectional pins required:               0
Total reserved pins required                     0
Total logic cells required:                     83
Total flipflops required:                       33
Total packed registers required:                 0
Total logic cells in carry chains:               0
Total number of carry chains:                    0
Total logic cells in cascade chains:             0
Total number of cascade chains:                  0

Synthesized logic cells:                        39/1320   (  2%)

Logic Cell Counts

Column:  01  02  03  04  05  06  07  08  09  10  11  12  13  14  15  16  17  18  19  20  21  22  Total
 A:      9   0  10   0   0   0   4   9   1   0   1   1   0   0   0   0   0   0   0   0   0   0     35
 B:      0   0   0   0   0   0   0   0   0   0   0   0   0   0   0   0   0   0   0   0   0   0      0
 C:      0   9   0   6   0  10   0   1   0   1   1   0   0   0   0   0   0   0   0   0   0   0     28
 D:      0   0   0   0   0   0   0   0   0   0   0   0   0   0   0   0   0   0   0   0   0   0      0
 E:      0   0   0   0   7   0   0   6   0   7   0   0   0   0   0   0   0   0   0   0   0   0     20
 F:      0   0   0   0   0   0   0   0   0   0   0   0   0   0   0   0   0   0   0   0   0   0      0

Total:   9   9  10   6   7  10   4  16   1   8   2   1   0   0   0   0   0   0   0   0   0   0     83



Device-Specific Information:                c:\snj\pt5220\sbp\pld\extlog00.rpt
extlog00

** INPUTS **

                                               Fan-In    Fan-Out
 Pin     LC   Row  Col  Primitive    Code     INP  FBK  OUT  FBK  Name
  17      -    -    --      INPUT              0    0    0    0  CLOCK
  81      -    E    --      INPUT              0    0    0    1  FREQLOCK
  92      -    -    --      INPUT              0    0    0    5  G
  89      -    -    --      INPUT              0    0    0    3  H0
 141      -    A    --      INPUT              0    0    0    4  INTERN
  80      -    E    --      INPUT              0    0    0    1  I0
  79      -    E    --      INPUT              0    0    0    1  I1
  82      -    E    --      INPUT              0    0    0    2  I2
  27      -    E    --      INPUT              0    0    0    2  I3
  28      -    E    --      INPUT              0    0    0    2  I4
  29      -    E    --      INPUT              0    0    0    2  I5
  34      -    E    --      INPUT              0    0    0    2  I6
  26      -    E    --      INPUT              0    0    0    3  I7
  20      -    -    --      INPUT              0    0    0    3  LEVEL


Code:

s = Synthesized pin or logic cell
+ = Synchronous flipflop
/ = Slow slew-rate output
! = NOT gate push-back
r = Fitter-inserted logic cell
^ = Increased input delay
$ = Driven by fast output logic cell


Device-Specific Information:                c:\snj\pt5220\sbp\pld\extlog00.rpt
extlog00

** OUTPUTS **

       Fed By                                  Fan-In    Fan-Out
 Pin     LC   Row  Col  Primitive    Code     INP  FBK  OUT  FBK  Name
  12      -    C    --     OUTPUT              0    1    0    0  BURSTSTART
  75      -    E    --     OUTPUT              0    1    0    0  CLP
 142      -    A    --     OUTPUT          $   0    1    0    0  ELINE
 133      -    -    07     OUTPUT          $   0    1    0    0  NS
  14      -    C    --     OUTPUT              0    1    0    0  SYNCSTART
  13      -    C    --     OUTPUT              0    1    0    0  V1OUT


Code:

s = Synthesized pin or logic cell
+ = Synchronous flipflop
/ = Slow slew-rate output
! = NOT gate push-back
r = Fitter-inserted logic cell
^ = Increased input delay
$ = Driven by fast output logic cell


Device-Specific Information:                c:\snj\pt5220\sbp\pld\extlog00.rpt
extlog00

** BURIED LOGIC **

                                               Fan-In    Fan-Out
 IOC     LC   Row  Col  Primitive    Code     INP  FBK  OUT  FBK  Name
   -      2    E    08        DFF  +          3    1    0    2  AV0
   -      2    E    10        DFF  +          0    1    0    2  AV1
   -      8    E    10        DFF  +          0    1    0    2  AV2
   -      1    E    10        DFF  +          0    1    0    1  AV3
   -      7    A    01        DFF  +          0    4    0   13  CA1
   -      7    E    10        DFF  +          0    3    0    2  CLPHELP
   -      5    A    01        DFF  +          0    3    0    2  EARLYH
   -      1    E    08        DFF  +          2    1    0    4  ES0
   -      2    E    05        DFF  +          0    1    0    3  ES1
   -      6    E    05        DFF  +          0    1    0    3  ES2
   -      1    E    05        DFF  +          0    1    0    2  ES3
   -      9    A    11        DFF  +          0    2    0    9  E0
   -      2    A    07        DFF  +          0    3    0    9  E1
   -      1    A    07        DFF  +          0    3    0   13  E2
   -      6    A    07        DFF  +          0    4    0   12  E3
   -      6    A    09        DFF  +          0    4    0   11  E4
   -      2    A    03        DFF  +          0    3    0   12  E5
   -      9    A    03        DFF  +          0    4    0    7  E6
   -      6    A    03        DFF  +          0    4    0    6  E7
   -      4    A    03        DFF  +          0    3    0    8  E8
   -     10    A    03        DFF  +          0    4    0   10  E9
   -      3    A    03        DFF  +          0    4    0    9  E10
   -      7    C    02        DFF  +          0    4    0    4  GATE
   -      3    C    06        DFF  +          0    4    0    4  LATEV
   -      7    E    05        DFF  +          0    4    0    4  LPFILT
   -      3    E    05        DFF  +          0    3    0    4  RESET
   -      2    C    04        OR2   s         0    4    0    1  V1~1
   -      6    C    04        DFF  +          0    3    0    3  V1
   -      6    E    10        DFF  +          2    1    1    1  :47
   -      6    A    08        DFF  +          0    4    1    2  :48
   -      6    A    01        DFF  +          1    3    1    2  :49
   -      9    C    06       AND2   s   !     0    2    0    2  ~50~1
   -     10    C    06        OR2   s         0    4    0    1  ~50~2
   -      5    C    06        OR2   s         0    4    0    1  ~50~3
   -      6    C    06        DFF  +          0    4    1    2  :50
   -      3    C    04        DFF  +          0    4    1    0  :51
   -      4    C    04        DFF  +          1    3    1    0  :52
   -      7    E    08       AND2             2    0    0    2  :102
   -      4    E    08        OR2   s         3    0    0    1  ~112~1
   -      6    E    08        OR2   s         2    2    0    1  ~112~2
   -      8    E    05       AND2   s         0    3    0    1  ~115~1
   -      4    E    05        OR2   s         0    3    0    1  ~122~1
   -      3    E    08       AND2   s         3    1    0    1  ~135~1
   -      3    E    10       AND2   s         0    4    0    2  ~159~1
   -      9    E    10        OR2             0    4    0    1  :163
   -      1    C    02       AND2   s         0    4    0    2  ~345~1
   -      9    A    01        OR2   s         0    4    0    1  ~345~2
   -      8    A    01        OR2   s         1    3    0    1  ~345~3
   -      4    A    01        OR2   s         0    4    0    1  ~345~4
   -      3    A    07       AND2             0    2    0    5  :378
   -      2    A    12       AND2             0    2    0    1  :382
   -      8    A    03       AND2             0    4    0    4  :390
   -      5    A    03       AND2             0    2    0    1  :394
   -      7    A    03       AND2             0    4    0    3  :402
   -      1    A    03       AND2             0    2    0    1  :406
   -      8    A    08       AND2   s   !     0    2    0    1  ~440~1
   -      3    A    01        OR2             0    3    0    2  :440
   -      3    C    10       AND2             0    2    0    3  :474
   -      2    C    11        OR2   s         1    3    0    1  ~503~1
   -      2    A    01        OR2   s         0    4    0    1  ~503~2
   -      1    A    01        OR2   s         0    4    0    1  ~503~3
   -      6    C    02       AND2   s         1    3    0    1  ~525~1
   -      3    C    02       AND2   s         1    1    0    1  ~547~1
   -      8    C    02        OR2   s         0    4    0    1  ~548~1
   -      5    C    02       AND2   s         0    3    0    1  ~548~2
   -      4    A    08       AND2   s         2    2    0    1  ~585~1
   -     10    A    08       AND2   s         1    3    0    1  ~601~1
   -      3    A    08       AND2   s         1    3    0    1  ~618~1
   -      9    A    08        OR2   s         1    3    0    1  ~628~1
   -      2    A    08        OR2   s         0    4    0    1  ~628~2
   -      7    A    08        OR2   s         1    2    0    1  ~628~3
   -      4    C    06       AND2   s         0    4    0    2  ~628~4
   -      1    A    08       AND2   s         0    3    0    1  ~628~5
   -      3    C    08       AND2   s         0    4    0    2  ~681~1
   -      9    C    02        OR2   s   !     0    3    0    3  ~682~1
   -      4    C    02        OR2   s   !     0    3    0    2  ~682~2
   -      1    C    06       AND2   s         0    3    0    2  ~682~3
   -      7    C    06       AND2             0    4    0    1  :708
   -      2    C    06       AND2   s         0    4    0    1  ~729~1
   -      8    C    06       AND2   s         0    3    0    2  ~729~2
   -      2    C    02       AND2   s         0    3    0    1  ~822~1
   -      1    C    04        OR2   s         2    2    0    1  ~822~2
   -      7    C    04       AND2   s         0    4    0    1  ~839~1


Code:

s = Synthesized pin or logic cell
+ = Synchronous flipflop
/ = Slow slew-rate output
! = NOT gate push-back
r = Fitter-inserted logic cell
^ = Increased input delay
$ = Driven by fast output logic cell
p = Packed register


Device-Specific Information:                c:\snj\pt5220\sbp\pld\extlog00.rpt
extlog00

** FASTTRACK INTERCONNECT UTILIZATION **

Row FastTrack Interconnect:

          Global         Left Half-      Right Half-
         FastTrack       FastTrack       FastTrack 
Row     Interconnect    Interconnect    Interconnect    Input Pins     Output Pins     Bidir Pins
A:       0/ 96(  0%)    23/ 48( 47%)     0/ 48(  0%)    1/20(  5%)      1/20(  5%)     0/20(  0%)
B:       0/ 96(  0%)     0/ 48(  0%)     0/ 48(  0%)    0/20(  0%)      0/20(  0%)     0/20(  0%)
C:       0/ 96(  0%)    21/ 48( 43%)     0/ 48(  0%)    0/20(  0%)      3/20( 15%)     0/20(  0%)
D:       0/ 96(  0%)     0/ 48(  0%)     0/ 48(  0%)    0/20(  0%)      0/20(  0%)     0/20(  0%)
E:       5/ 96(  5%)     9/ 48( 18%)     0/ 48(  0%)    9/20( 45%)      1/20(  5%)     0/20(  0%)
F:       0/ 96(  0%)     0/ 48(  0%)     0/ 48(  0%)    0/20(  0%)      0/20(  0%)     0/20(  0%)


Column FastTrack Interconnect:

         FastTrack                                 
Column  Interconnect    Input Pins     Output Pins     Bidir Pins
01:      1/20(  5%)     0/4(  0%)      0/4(  0%)       0/4(  0%)
02:      2/20( 10%)     0/4(  0%)      0/4(  0%)       0/4(  0%)
03:      6/20( 30%)     0/4(  0%)      0/4(  0%)       0/4(  0%)
04:      0/20(  0%)     0/4(  0%)      0/4(  0%)       0/4(  0%)
05:      2/20( 10%)     0/4(  0%)      0/4(  0%)       0/4(  0%)
06:      2/20( 10%)     0/4(  0%)      0/4(  0%)       0/4(  0%)
07:      3/20( 15%)     0/4(  0%)      1/4( 25%)       0/4(  0%)
08:      0/20(  0%)     0/4(  0%)      0/4(  0%)       0/4(  0%)
09:      1/20(  5%)     0/4(  0%)      0/4(  0%)       0/4(  0%)
10:      0/20(  0%)     0/4(  0%)      0/4(  0%)       0/4(  0%)
11:      2/20( 10%)     0/4(  0%)      0/4(  0%)       0/4(  0%)
12:      0/20(  0%)     0/4(  0%)      0/4(  0%)       0/4(  0%)
13:      0/20(  0%)     0/4(  0%)      0/4(  0%)       0/4(  0%)
14:      0/20(  0%)     0/4(  0%)      0/4(  0%)       0/4(  0%)
15:      0/20(  0%)     0/4(  0%)      0/4(  0%)       0/4(  0%)
16:      0/20(  0%)     0/4(  0%)      0/4(  0%)       0/4(  0%)
17:      0/20(  0%)     0/4(  0%)      0/4(  0%)       0/4(  0%)
18:      0/20(  0%)     0/4(  0%)      0/4(  0%)       0/4(  0%)
19:      0/20(  0%)     0/4(  0%)      0/4(  0%)       0/4(  0%)
20:      0/20(  0%)     0/4(  0%)      0/4(  0%)       0/4(  0%)
21:      0/20(  0%)     0/4(  0%)      0/4(  0%)       0/4(  0%)
22:      0/20(  0%)     0/4(  0%)      0/4(  0%)       0/4(  0%)


Device-Specific Information:                c:\snj\pt5220\sbp\pld\extlog00.rpt
extlog00

** CLOCK SIGNALS **

Type     Fan-out       Name
INPUT       33         CLOCK


Device-Specific Information:                c:\snj\pt5220\sbp\pld\extlog00.rpt
extlog00

** EQUATIONS **

CLOCK    : INPUT;
FREQLOCK : INPUT;
G        : INPUT;
H0       : INPUT;
INTERN   : INPUT;
I0       : INPUT;
I1       : INPUT;
I2       : INPUT;
I3       : INPUT;
I4       : INPUT;
I5       : INPUT;
I6       : INPUT;
I7       : INPUT;
LEVEL    : INPUT;

-- Node name is 'AV0' from file "extlog00.tdf" line 41, column 4
-- Equation name is 'AV0', location is LC2_E8, type is buried.
AV0      = DFF( _EQ001, GLOBAL( CLOCK),  VCC,  VCC);
  _EQ001 = !I1 & !I2 & !I5 &  _LC3_E8;

-- Node name is 'AV1' from file "extlog00.tdf" line 41, column 4
-- Equation name is 'AV1', location is LC2_E10, type is buried.
AV1      = DFF( AV0, GLOBAL( CLOCK),  VCC,  VCC);

-- Node name is 'AV2' from file "extlog00.tdf" line 41, column 4
-- Equation name is 'AV2', location is LC8_E10, type is buried.
AV2      = DFF( AV1, GLOBAL( CLOCK),  VCC,  VCC);

-- Node name is 'AV3' from file "extlog00.tdf" line 41, column 4
-- Equation name is 'AV3', location is LC1_E10, type is buried.
AV3      = DFF( AV2, GLOBAL( CLOCK),  VCC,  VCC);

-- Node name is 'BURSTSTART' from file "extlog00.tdf" line 50, column 2
-- Equation name is 'BURSTSTART', type is output 
BURSTSTART =  _LC4_C4;

-- Node name is 'CA1' from file "extlog00.tdf" line 43, column 2
-- Equation name is 'CA1', location is LC7_A1, type is buried.
CA1      = DFF( _EQ002, GLOBAL( CLOCK),  VCC,  VCC);
  _EQ002 =  _LC6_A8 &  RESET
         #  _LC1_C2 &  _LC4_A1;

-- Node name is 'CLP' from file "extlog00.tdf" line 34, column 2
-- Equation name is 'CLP', type is output 
CLP      =  _LC6_E10;

-- Node name is 'CLPHELP' from file "extlog00.tdf" line 42, column 2
-- Equation name is 'CLPHELP', location is LC7_E10, type is buried.
CLPHELP  = DFF( _EQ003, GLOBAL( CLOCK),  VCC,  VCC);
  _EQ003 = !CLPHELP &  _LC6_A1
         #  _LC3_E10 & !_LC6_A1;

-- Node name is 'EARLYH' from file "extlog00.tdf" line 45, column 2
-- Equation name is 'EARLYH', location is LC5_A1, type is buried.
EARLYH   = DFF( _EQ004, GLOBAL( CLOCK),  VCC,  VCC);
  _EQ004 =  E9 &  E10 &  _LC1_A1;

-- Node name is 'ELINE' from file "extlog00.tdf" line 36, column 2
-- Equation name is 'ELINE', type is output 
ELINE    =  _LC6_A1;

-- Node name is 'ES0' from file "extlog00.tdf" line 38, column 4
-- Equation name is 'ES0', location is LC1_E8, type is buried.
ES0      = DFF( _EQ005, GLOBAL( CLOCK),  VCC,  VCC);
  _EQ005 = !I6 & !I7 &  _LC6_E8;

-- Node name is 'ES1' from file "extlog00.tdf" line 38, column 4
-- Equation name is 'ES1', location is LC2_E5, type is buried.
ES1      = DFF( ES0, GLOBAL( CLOCK),  VCC,  VCC);

-- Node name is 'ES2' from file "extlog00.tdf" line 38, column 4
-- Equation name is 'ES2', location is LC6_E5, type is buried.
ES2      = DFF( ES1, GLOBAL( CLOCK),  VCC,  VCC);

-- Node name is 'ES3' from file "extlog00.tdf" line 38, column 4
-- Equation name is 'ES3', location is LC1_E5, type is buried.
ES3      = DFF( ES2, GLOBAL( CLOCK),  VCC,  VCC);

-- Node name is 'E0' from file "extlog00.tdf" line 44, column 3
-- Equation name is 'E0', location is LC9_A11, type is buried.
E0       = DFF( _EQ006, GLOBAL( CLOCK),  VCC,  VCC);
  _EQ006 = !CA1 & !E0;

-- Node name is 'E1' from file "extlog00.tdf" line 44, column 3
-- Equation name is 'E1', location is LC2_A7, type is buried.
E1       = DFF( _EQ007, GLOBAL( CLOCK),  VCC,  VCC);
  _EQ007 = !CA1 & !E0 &  E1
         # !CA1 &  E0 & !E1;

-- Node name is 'E2' from file "extlog00.tdf" line 44, column 3
-- Equation name is 'E2', location is LC1_A7, type is buried.
E2       = DFF( _EQ008, GLOBAL( CLOCK),  VCC,  VCC);
  _EQ008 = !CA1 &  E2 & !_LC3_A7
         # !CA1 & !E2 &  _LC3_A7;

-- Node name is 'E3' from file "extlog00.tdf" line 44, column 3
-- Equation name is 'E3', location is LC6_A7, type is buried.
E3       = DFF( _EQ009, GLOBAL( CLOCK),  VCC,  VCC);
  _EQ009 = !CA1 & !E2 &  E3
         # !CA1 &  E3 & !_LC3_A7
         # !CA1 &  E2 & !E3 &  _LC3_A7;

-- Node name is 'E4' from file "extlog00.tdf" line 44, column 3
-- Equation name is 'E4', location is LC6_A9, type is buried.
E4       = DFF( _EQ010, GLOBAL( CLOCK),  VCC,  VCC);
  _EQ010 = !CA1 & !E3 &  E4
         # !CA1 &  E4 & !_LC2_A12
         # !CA1 &  E3 & !E4 &  _LC2_A12;

-- Node name is 'E5' from file "extlog00.tdf" line 44, column 3
-- Equation name is 'E5', location is LC2_A3, type is buried.
E5       = DFF( _EQ011, GLOBAL( CLOCK),  VCC,  VCC);
  _EQ011 = !CA1 &  E5 & !_LC8_A3
         # !CA1 & !E5 &  _LC8_A3;

-- Node name is 'E6' from file "extlog00.tdf" line 44, column 3
-- Equation name is 'E6', location is LC9_A3, type is buried.
E6       = DFF( _EQ012, GLOBAL( CLOCK),  VCC,  VCC);
  _EQ012 = !CA1 & !E5 &  E6
         # !CA1 &  E6 & !_LC8_A3
         # !CA1 &  E5 & !E6 &  _LC8_A3;

-- Node name is 'E7' from file "extlog00.tdf" line 44, column 3
-- Equation name is 'E7', location is LC6_A3, type is buried.
E7       = DFF( _EQ013, GLOBAL( CLOCK),  VCC,  VCC);
  _EQ013 = !CA1 &  E7 & !_LC5_A3
         # !CA1 & !E6 &  E7
         # !CA1 &  E6 & !E7 &  _LC5_A3;

-- Node name is 'E8' from file "extlog00.tdf" line 44, column 3
-- Equation name is 'E8', location is LC4_A3, type is buried.
E8       = DFF( _EQ014, GLOBAL( CLOCK),  VCC,  VCC);
  _EQ014 = !CA1 &  E8 & !_LC7_A3
         # !CA1 & !E8 &  _LC7_A3;

-- Node name is 'E9' from file "extlog00.tdf" line 44, column 3
-- Equation name is 'E9', location is LC10_A3, type is buried.
E9       = DFF( _EQ015, GLOBAL( CLOCK),  VCC,  VCC);
  _EQ015 = !CA1 & !E8 &  E9
         # !CA1 &  E9 & !_LC7_A3
         # !CA1 &  E8 & !E9 &  _LC7_A3;

-- Node name is 'E10' from file "extlog00.tdf" line 44, column 3
-- Equation name is 'E10', location is LC3_A3, type is buried.
E10      = DFF( _EQ016, GLOBAL( CLOCK),  VCC,  VCC);
  _EQ016 = !CA1 &  E10 & !_LC1_A3
         # !CA1 & !E9 &  E10
         # !CA1 &  E9 & !E10 &  _LC1_A3;

-- Node name is 'GATE' from file "extlog00.tdf" line 46, column 2
-- Equation name is 'GATE', location is LC7_C2, type is buried.
GATE     = DFF( _EQ017, GLOBAL( CLOCK),  VCC,  VCC);
  _EQ017 =  GATE & !RESET
         #  _LC5_C2 &  _LC8_C2 & !RESET;

-- Node name is 'LATEV' from file "extlog00.tdf" line 48, column 2
-- Equation name is 'LATEV', location is LC3_C6, type is buried.
LATEV    = DFF( _EQ018, GLOBAL( CLOCK),  VCC,  VCC);
  _EQ018 =  LATEV & !_LC2_C6 & !_LC7_C6
         #  LATEV & !_LC7_C6 & !_LC8_C6
         # !LATEV &  _LC7_C6
         # !LATEV &  _LC2_C6 &  _LC8_C6;

-- Node name is 'LPFILT' from file "extlog00.tdf" line 39, column 2
-- Equation name is 'LPFILT', location is LC7_E5, type is buried.
LPFILT   = DFF( _EQ019, GLOBAL( CLOCK),  VCC,  VCC);
  _EQ019 =  _LC4_E5 &  LPFILT
         #  ES1 &  LPFILT
         #  ES1 &  _LC8_E5;

-- Node name is 'NS' from file "extlog00.tdf" line 35, column 2
-- Equation name is 'NS', type is output 
NS       =  _LC6_A8;

-- Node name is 'RESET' from file "extlog00.tdf" line 40, column 2
-- Equation name is 'RESET', location is LC3_E5, type is buried.
RESET    = DFF( _EQ020, GLOBAL( CLOCK),  VCC,  VCC);
  _EQ020 =  ES0 & !ES1 &  GATE;

-- Node name is 'SYNCSTART' from file "extlog00.tdf" line 49, column 2
-- Equation name is 'SYNCSTART', type is output 
SYNCSTART =  _LC3_C4;

-- Node name is 'V1~1' from file "extlog00.tdf" line 47, column 2
-- Equation name is 'V1~1', location is LC2_C4, type is buried.
-- synthesized logic cell 
_LC2_C4  = LCELL( _EQ021);
  _EQ021 =  E5 &  V1
         #  E5 &  _LC4_C2 &  LPFILT
         # !_LC4_C2 &  V1;

-- Node name is 'V1' from file "extlog00.tdf" line 47, column 2
-- Equation name is 'V1', location is LC6_C4, type is buried.
V1       = DFF( _EQ022, GLOBAL( CLOCK),  VCC,  VCC);
  _EQ022 =  _LC2_C4
         # !_LC3_C8 &  V1;

-- Node name is 'V1OUT' from file "extlog00.tdf" line 37, column 2
-- Equation name is 'V1OUT', type is output 
V1OUT    =  _LC6_C6;

-- Node name is ':47' from file "extlog00.tdf" line 34, column 2
-- Equation name is '_LC6_E10', type is buried 
_LC6_E10 = DFF( _EQ023, GLOBAL( CLOCK),  VCC,  VCC);
  _EQ023 =  FREQLOCK & !I7
         # !FREQLOCK &  _LC9_E10;

-- Node name is ':48' from file "extlog00.tdf" line 35, column 2
-- Equation name is '_LC6_A8', type is buried 
_LC6_A8  = DFF( _EQ024, GLOBAL( CLOCK),  VCC,  VCC);
  _EQ024 =  _LC6_A8 &  _LC9_A8
         #  _LC1_A8 &  _LC2_A8;

-- Node name is ':49' from file "extlog00.tdf" line 36, column 2
-- Equation name is '_LC6_A1', type is buried 
_LC6_A1  = DFF( _EQ025, GLOBAL( CLOCK),  VCC,  VCC);
  _EQ025 = !E1 & !H0 & !_LC3_A1 &  _LC4_C6;

-- Node name is '~50~1' from file "extlog00.tdf" line 37, column 2
-- Equation name is '~50~1', location is LC9_C6, type is buried.
-- synthesized logic cell 
!_LC9_C6 = _LC9_C6~NOT;
_LC9_C6~NOT = LCELL( _EQ026);
  _EQ026 =  E7 &  E8;

-- Node name is '~50~2' from file "extlog00.tdf" line 37, column 2
-- Equation name is '~50~2', location is LC10_C6, type is buried.
-- synthesized logic cell 
_LC10_C6 = LCELL( _EQ027);
  _EQ027 =  LATEV
         # !LPFILT
         # !V1
         #  _LC9_C6;

-- Node name is '~50~3' from file "extlog00.tdf" line 37, column 2
-- Equation name is '~50~3', location is LC5_C6, type is buried.
-- synthesized logic cell 
_LC5_C6  = LCELL( _EQ028);
  _EQ028 =  _LC6_C6 &  _LC10_C6
         #  E10 &  _LC6_C6
         #  E9 &  _LC6_C6;

-- Node name is ':50' from file "extlog00.tdf" line 37, column 2
-- Equation name is '_LC6_C6', type is buried 
_LC6_C6  = DFF( _EQ029, GLOBAL( CLOCK),  VCC,  VCC);
  _EQ029 =  _LC5_C6
         #  E8 &  _LC1_C6 &  _LC8_C6;

-- Node name is ':51' from file "extlog00.tdf" line 49, column 2
-- Equation name is '_LC3_C4', type is buried 
_LC3_C4  = DFF( _EQ030, GLOBAL( CLOCK),  VCC,  VCC);
  _EQ030 = !E1 &  E3 &  _LC1_C2 &  _LC1_C4;

-- Node name is ':52' from file "extlog00.tdf" line 50, column 2
-- Equation name is '_LC4_C4', type is buried 
_LC4_C4  = DFF( _EQ031, GLOBAL( CLOCK),  VCC,  VCC);
  _EQ031 =  E2 & !E4 & !H0 &  _LC7_C4;

-- Node name is ':102' from file "extlog00.tdf" line 55, column 49
-- Equation name is '_LC7_E8', type is buried 
_LC7_E8  = LCELL( _EQ032);
  _EQ032 = !I3 & !I4;

-- Node name is '~112~1' from file "extlog00.tdf" line 55, column 36
-- Equation name is '~112~1', location is LC4_E8, type is buried.
-- synthesized logic cell 
_LC4_E8  = LCELL( _EQ033);
  _EQ033 = !I2 & !I3
         # !I4;

-- Node name is '~112~2' from file "extlog00.tdf" line 55, column 36
-- Equation name is '~112~2', location is LC6_E8, type is buried.
-- synthesized logic cell 
_LC6_E8  = LCELL( _EQ034);
  _EQ034 = !I5 &  _LC4_E8
         # !I5 &  LEVEL
         #  _LC7_E8 &  LEVEL;

-- Node name is '~115~1' from file "extlog00.tdf" line 61, column 38
-- Equation name is '~115~1', location is LC8_E5, type is buried.
-- synthesized logic cell 
_LC8_E5  = LCELL( _EQ035);
  _EQ035 =  ES0 &  ES2 &  ES3;

-- Node name is '~122~1' from file "extlog00.tdf" line 62, column 43
-- Equation name is '~122~1', location is LC4_E5, type is buried.
-- synthesized logic cell 
_LC4_E5  = LCELL( _EQ036);
  _EQ036 =  ES3
         #  ES2
         #  ES0;

-- Node name is '~135~1' from file "extlog00.tdf" line 68, column 14
-- Equation name is '~135~1', location is LC3_E8, type is buried.
-- synthesized logic cell 
_LC3_E8  = LCELL( _EQ037);
  _EQ037 = !I0 & !I6 & !I7 &  _LC7_E8;

-- Node name is '~159~1' from file "extlog00.tdf" line 77, column 44
-- Equation name is '~159~1', location is LC3_E10, type is buried.
-- synthesized logic cell 
_LC3_E10 = LCELL( _EQ038);
  _EQ038 =  AV0 &  AV1 &  AV2 &  AV3;

-- Node name is ':163' from file "extlog00.tdf" line 77, column 54
-- Equation name is '_LC9_E10', type is buried 
_LC9_E10 = LCELL( _EQ039);
  _EQ039 = !_LC6_A1 &  _LC6_E10
         #  CLPHELP &  _LC6_A1
         #  _LC3_E10 &  _LC6_A1;

-- Node name is '~345~1' from file "extlog00.tdf" line 91, column 5
-- Equation name is '~345~1', location is LC1_C2, type is buried.
-- synthesized logic cell 
_LC1_C2  = LCELL( _EQ040);
  _EQ040 =  E5 &  E9 &  E10 &  _LC9_C2;

-- Node name is '~345~2' from file "extlog00.tdf" line 91, column 5
-- Equation name is '~345~2', location is LC9_A1, type is buried.
-- synthesized logic cell 
_LC9_A1  = LCELL( _EQ041);
  _EQ041 =  EARLYH &  E0 & !E1
         # !E0 &  E1 &  RESET
         #  E0 & !E1 &  RESET;

-- Node name is '~345~3' from file "extlog00.tdf" line 91, column 5
-- Equation name is '~345~3', location is LC8_A1, type is buried.
-- synthesized logic cell 
_LC8_A1  = LCELL( _EQ042);
  _EQ042 =  E2 &  E3 &  E4 &  G
         # !E2 & !E3 &  E4 & !G;

-- Node name is '~345~4' from file "extlog00.tdf" line 91, column 5
-- Equation name is '~345~4', location is LC4_A1, type is buried.
-- synthesized logic cell 
_LC4_A1  = LCELL( _EQ043);
  _EQ043 =  _LC8_A1 &  _LC9_A1
         # !CA1 &  _LC3_A7 &  _LC8_A1;

-- Node name is ':378' from file "extlog00.tdf" line 100, column 10
-- Equation name is '_LC3_A7', type is buried 
_LC3_A7  = LCELL( _EQ044);
  _EQ044 =  E0 &  E1;

-- Node name is ':382' from file "extlog00.tdf" line 100, column 10
-- Equation name is '_LC2_A12', type is buried 
_LC2_A12 = LCELL( _EQ045);
  _EQ045 =  E2 &  _LC3_A7;

-- Node name is ':390' from file "extlog00.tdf" line 100, column 10
-- Equation name is '_LC8_A3', type is buried 
_LC8_A3  = LCELL( _EQ046);
  _EQ046 =  E2 &  E3 &  E4 &  _LC3_A7;

-- Node name is ':394' from file "extlog00.tdf" line 100, column 10
-- Equation name is '_LC5_A3', type is buried 
_LC5_A3  = LCELL( _EQ047);
  _EQ047 =  E5 &  _LC8_A3;

-- Node name is ':402' from file "extlog00.tdf" line 100, column 10
-- Equation name is '_LC7_A3', type is buried 
_LC7_A3  = LCELL( _EQ048);
  _EQ048 =  E5 &  E6 &  E7 &  _LC8_A3;

-- Node name is ':406' from file "extlog00.tdf" line 100, column 10
-- Equation name is '_LC1_A3', type is buried 
_LC1_A3  = LCELL( _EQ049);
  _EQ049 =  E8 &  _LC7_A3;

-- Node name is '~440~1' from file "extlog00.tdf" line 104, column 31
-- Equation name is '~440~1', location is LC8_A8, type is buried.
-- synthesized logic cell 
!_LC8_A8 = _LC8_A8~NOT;
_LC8_A8~NOT = LCELL( _EQ050);
  _EQ050 = !E2 & !E4;

-- Node name is ':440' from file "extlog00.tdf" line 104, column 31
-- Equation name is '_LC3_A1', type is buried 
_LC3_A1  = LCELL( _EQ051);
  _EQ051 =  E3
         #  E2
         #  E4;

-- Node name is ':474' from file "extlog00.tdf" line 105, column 31
-- Equation name is '_LC3_C10', type is buried 
_LC3_C10 = LCELL( _EQ052);
  _EQ052 =  E3 &  E4;

-- Node name is '~503~1' from file "extlog00.tdf" line 105, column 40
-- Equation name is '~503~1', location is LC2_C11, type is buried.
-- synthesized logic cell 
_LC2_C11 = LCELL( _EQ053);
  _EQ053 =  E6
         #  E5 & !G
         # !G &  _LC3_C10;

-- Node name is '~503~2' from file "extlog00.tdf" line 105, column 40
-- Equation name is '~503~2', location is LC2_A1, type is buried.
-- synthesized logic cell 
_LC2_A1  = LCELL( _EQ054);
  _EQ054 =  E7 &  _LC2_C11
         #  E5 &  E7 &  _LC3_A1;

-- Node name is '~503~3' from file "extlog00.tdf" line 105, column 40
-- Equation name is '~503~3', location is LC1_A1, type is buried.
-- synthesized logic cell 
_LC1_A1  = LCELL( _EQ055);
  _EQ055 =  E8 &  RESET
         #  EARLYH &  E8
         #  _LC2_A1 &  RESET
         #  EARLYH &  _LC2_A1;

-- Node name is '~525~1' from file "extlog00.tdf" line 109, column 43
-- Equation name is '~525~1', location is LC6_C2, type is buried.
-- synthesized logic cell 
_LC6_C2  = LCELL( _EQ056);
  _EQ056 =  E2 & !E3 & !E4 &  G;

-- Node name is '~547~1' from file "extlog00.tdf" line 110, column 46
-- Equation name is '~547~1', location is LC3_C2, type is buried.
-- synthesized logic cell 
_LC3_C2  = LCELL( _EQ057);
  _EQ057 = !E2 & !G;

-- Node name is '~548~1' from file "extlog00.tdf" line 110, column 6
-- Equation name is '~548~1', location is LC8_C2, type is buried.
-- synthesized logic cell 
_LC8_C2  = LCELL( _EQ058);
  _EQ058 =  E5 &  _LC6_C2
         # !E5 &  _LC3_C2 &  _LC3_C10;

-- Node name is '~548~2' from file "extlog00.tdf" line 110, column 6
-- Equation name is '~548~2', location is LC5_C2, type is buried.
-- synthesized logic cell 
_LC5_C2  = LCELL( _EQ059);
  _EQ059 = !E0 &  E1 &  _LC2_C2;

-- Node name is '~585~1' from file "extlog00.tdf" line 114, column 32
-- Equation name is '~585~1', location is LC4_A8, type is buried.
-- synthesized logic cell 
_LC4_A8  = LCELL( _EQ060);
  _EQ060 =  E0 &  E4 & !INTERN & !LEVEL;

-- Node name is '~601~1' from file "extlog00.tdf" line 115, column 32
-- Equation name is '~601~1', location is LC10_A8, type is buried.
-- synthesized logic cell 
_LC10_A8 = LCELL( _EQ061);
  _EQ061 = !E0 & !E3 & !E4 &  INTERN;

-- Node name is '~618~1' from file "extlog00.tdf" line 116, column 32
-- Equation name is '~618~1', location is LC3_A8, type is buried.
-- synthesized logic cell 
_LC3_A8  = LCELL( _EQ062);
  _EQ062 = !E0 &  E3 & !INTERN & !_LC8_A8;

-- Node name is '~628~1' from file "extlog00.tdf" line 119, column 4
-- Equation name is '~628~1', location is LC9_A8, type is buried.
-- synthesized logic cell 
_LC9_A8  = LCELL( _EQ063);
  _EQ063 =  INTERN & !_LC6_C6
         #  GATE
         # !CA1;

-- Node name is '~628~2' from file "extlog00.tdf" line 119, column 4
-- Equation name is '~628~2', location is LC2_A8, type is buried.
-- synthesized logic cell 
_LC2_A8  = LCELL( _EQ064);
  _EQ064 =  _LC3_A8
         #  E2 &  _LC4_A8
         #  E2 &  _LC10_A8;

-- Node name is '~628~3' from file "extlog00.tdf" line 119, column 4
-- Equation name is '~628~3', location is LC7_A8, type is buried.
-- synthesized logic cell 
_LC7_A8  = LCELL( _EQ065);
  _EQ065 = !E1 &  LEVEL
         #  E1 & !E3 & !LEVEL;

-- Node name is '~628~4' from file "extlog00.tdf" line 119, column 4
-- Equation name is '~628~4', location is LC4_C6, type is buried.
-- synthesized logic cell 
_LC4_C6  = LCELL( _EQ066);
  _EQ066 = !E5 & !E6 & !E8 &  _LC1_C6;

-- Node name is '~628~5' from file "extlog00.tdf" line 119, column 4
-- Equation name is '~628~5', location is LC1_A8, type is buried.
-- synthesized logic cell 
_LC1_A8  = LCELL( _EQ067);
  _EQ067 =  GATE &  _LC4_C6 &  _LC7_A8;

-- Node name is '~681~1' from file "extlog00.tdf" line 123, column 12
-- Equation name is '~681~1', location is LC3_C8, type is buried.
-- synthesized logic cell 
_LC3_C8  = LCELL( _EQ068);
  _EQ068 = !E0 &  E1 &  E2 &  _LC3_C10;

-- Node name is '~682~1' from file "extlog00.tdf" line 123, column 4
-- Equation name is '~682~1', location is LC9_C2, type is buried.
-- synthesized logic cell 
!_LC9_C2 = _LC9_C2~NOT;
_LC9_C2~NOT = LCELL( _EQ069);
  _EQ069 = !E7
         #  E8
         #  E6;

-- Node name is '~682~2' from file "extlog00.tdf" line 123, column 4
-- Equation name is '~682~2', location is LC4_C2, type is buried.
-- synthesized logic cell 
!_LC4_C2 = _LC4_C2~NOT;
_LC4_C2~NOT = LCELL( _EQ070);
  _EQ070 =  E10
         #  E9
         # !_LC9_C2;

-- Node name is '~682~3' from file "extlog00.tdf" line 123, column 4
-- Equation name is '~682~3', location is LC1_C6, type is buried.
-- synthesized logic cell 
_LC1_C6  = LCELL( _EQ071);
  _EQ071 = !E7 & !E9 & !E10;

-- Node name is ':708' from file "extlog00.tdf" line 126, column 46
-- Equation name is '_LC7_C6', type is buried 
_LC7_C6  = LCELL( _EQ072);
  _EQ072 = !E9 &  E10 & !LATEV &  LPFILT;

-- Node name is '~729~1' from file "extlog00.tdf" line 127, column 18
-- Equation name is '~729~1', location is LC2_C6, type is buried.
-- synthesized logic cell 
_LC2_C6  = LCELL( _EQ073);
  _EQ073 =  E9 & !E10 &  LATEV & !_LC9_C6;

-- Node name is '~729~2' from file "extlog00.tdf" line 127, column 18
-- Equation name is '~729~2', location is LC8_C6, type is buried.
-- synthesized logic cell 
_LC8_C6  = LCELL( _EQ074);
  _EQ074 =  E5 &  E6 &  _LC3_C8;

-- Node name is '~822~1' from file "extlog00.tdf" line 135, column 37
-- Equation name is '~822~1', location is LC2_C2, type is buried.
-- synthesized logic cell 
_LC2_C2  = LCELL( _EQ075);
  _EQ075 =  E9 &  E10 &  _LC9_C2;

-- Node name is '~822~2' from file "extlog00.tdf" line 135, column 37
-- Equation name is '~822~2', location is LC1_C4, type is buried.
-- synthesized logic cell 
_LC1_C4  = LCELL( _EQ076);
  _EQ076 = !E2 &  E4 &  G
         #  E2 & !E4 & !G & !H0;

-- Node name is '~839~1' from file "extlog00.tdf" line 137, column 29
-- Equation name is '~839~1', location is LC7_C4, type is buried.
-- synthesized logic cell 
_LC7_C4  = LCELL( _EQ077);
  _EQ077 =  E1 &  E3 &  E5 &  _LC4_C2;



Project Information                         c:\snj\pt5220\sbp\pld\extlog00.rpt

** COMPILATION SETTINGS & TIMES **

Processing Menu Commands
------------------------

Design Doctor                             = off

Logic Synthesis:

   Synthesis Type Used                    = Multi-Level

   Default Synthesis Style                = NORMAL

      Logic option settings in 'NORMAL' style for 'FLEX6000' family

      CARRY_CHAIN                         = ignore
      CARRY_CHAIN_LENGTH                  = 32
      CASCADE_CHAIN                       = ignore
      CASCADE_CHAIN_LENGTH                = 2
      DECOMPOSE_GATES                     = on
      DUPLICATE_LOGIC_EXTRACTION          = on
      MINIMIZATION                        = full
      MULTI_LEVEL_FACTORING               = on
      NOT_GATE_PUSH_BACK                  = on
      REDUCE_LOGIC                        = on
      REFACTORIZATION                     = on
      REGISTER_OPTIMIZATION               = on
      RESYNTHESIZE_NETWORK                = on
      SLOW_SLEW_RATE                      = off
      SUBFACTOR_EXTRACTION                = on
      IGNORE_SOFT_BUFFERS                 = on
      USE_LPM_FOR_AHDL_OPERATORS          = off

   Other logic synthesis settings:

      Automatic Global Clock              = on
      Automatic Global Clear              = on
      Automatic Global Preset             = on
      Automatic Global Output Enable      = on
      Automatic Fast I/O                  = off
      Automatic Register Packing          = off
      Automatic Open-Drain Pins           = on
      Automatic Implement in EAB          = off
      Optimize                            = 5

Default Timing Specifications: None

Cut All Bidir Feedback Timing Paths       = on
Cut All Clear & Preset Timing Paths       = on

Ignore Timing Assignments                 = off

Functional SNF Extractor                  = off

Linked SNF Extractor                      = off
Timing SNF Extractor                      = on
Optimize Timing SNF                       = off
Generate AHDL TDO File                    = off
Fitter Settings                           = NORMAL
Smart Recompile                           = off
Total Recompile                           = off

Interfaces Menu Commands
------------------------

EDIF Netlist Writer                       = off
Verilog Netlist Writer                    = off
VHDL Netlist Writer                       = off

Compilation Times
-----------------

   Compiler Netlist Extractor             00:00:02
   Database Builder                       00:00:01
   Logic Synthesizer                      00:00:02
   Partitioner                            00:00:04
   Fitter                                 00:00:29
   Timing SNF Extractor                   00:00:01
   Assembler                              00:00:04
   --------------------------             --------
   Total Time                             00:00:43


Memory Allocated
-----------------

Peak memory allocated during compilation  = 12,577K
