Project Information                         c:\snj\pt5220\sbp\pld\locdet00.rpt

MAX+plus II Compiler Report File
Version 8.2 1/12/98
Compiled: 04/15/99 08:16:52

Copyright (C) 1988-1998 Altera Corporation
Any megafunction design, and related net list (encrypted or decrypted),
support information, device programming or simulation file, and any other
associated documentation or information provided by Altera or a partner
under Altera's Megafunction Partnership Program may be used only to
program PLD devices (but not masked PLD devices) from Altera.  Any other
use of such megafunction design, net list, support information, device
programming or simulation file, or any other related documentation or
information is prohibited for any other purpose, including, but not
limited to modification, reverse engineering, de-compiling, or use with
any other silicon devices, unless such use is explicitly licensed under
a separate agreement with Altera or a megafunction partner.  Title to
the intellectual property, including patents, copyrights, trademarks,
trade secrets, or maskworks, embodied in any such megafunction design,
net list, support information, device programming or simulation file, or
any other related documentation or information provided by Altera or a
megafunction partner, remains with Altera, the megafunction partner, or
their respective licensors.  No other licenses, including any licenses
needed under any third party's intellectual property, are provided herein.



***** Project compilation was successful


LOCDET00


** DEVICE SUMMARY **

Chip/                     Input   Output   Bidir 			    LCs
POF       Device          Pins    Pins     Pins      LCs    % Utilized

locdet00  EPF6016TC144-2   4        1        0       23          1  %

User Pins:                 4        1        0  



Device-Specific Information:                c:\snj\pt5220\sbp\pld\locdet00.rpt
locdet00

***** Logic for device 'locdet00' compiled without errors.




Device: EPF6016TC144-2

FLEX 6000 Configuration Scheme: Passive Serial

Device Options:
    User-Supplied Start-Up Clock               = OFF
    Auto-Restart Configuration on Frame Error  = OFF
    Release Clears Before Tri-States           = OFF
    Enable Chip_Wide Reset                     = OFF
    Enable Chip-Wide Output Enable             = OFF
    Enable INIT_DONE Output                    = OFF
    Enable JTAG Support                        = OFF
    Low-Voltage I/O                            = OFF

                                                                                         
                                                                                         
                R R R   R R R R R R R R R R R           R R R R R R R R R R R R R R R R  
                E E E   E E E E E E E E E E E           E E E E E E E E E E E E E E E E  
                S S S   S S S S S S S S S S S         ^ S S S S S S S S S S S S S S S S  
                E E E V E E E E E E E E E E E   ^ V   D E E E E E E E E E E E E E E E E  
                R R R 1 R R R R R R R R R R R L D C   A R R R R R R R R R R R R R R R R  
                V V V O V V V V V V V V V V V O C C G T V V V V V V V V V V V V V V V V  
                E E E U E E E E E E E E E E E C L I N A E E E E E E E E E E E E E E E E  
                D D D T D D D D D D D D D D D K K O D 0 D D D D D D D D D D D D D D D D  
              --------------------------------------------------------------------------_ 
             / 144 142 140 138 136 134 132 130 128 126 124 122 120 118 116 114 112 110   |_ 
            /    143 141 139 137 135 133 131 129 127 125 123 121 119 117 115 113 111 109    | 
  RESERVED |  1                                                                         108 | RESERVED 
  RESERVED |  2                                                                         107 | RESERVED 
  RESERVED |  3                                                                         106 | RESERVED 
      ^nCE |  4                                                                         105 | ^CONF_DONE 
       GND |  5                                                                         104 | VCCIO 
    VCCINT |  6                                                                         103 | VCCINT 
     VCCIO |  7                                                                         102 | GND 
  RESERVED |  8                                                                         101 | RESERVED 
  RESERVED |  9                                                                         100 | RESERVED 
  RESERVED | 10                                                                          99 | RESERVED 
  RESERVED | 11                                                                          98 | RESERVED 
  RESERVED | 12                                                                          97 | RESERVED 
  RESERVED | 13                                                                          96 | RESERVED 
  RESERVED | 14                                                                          95 | RESERVED 
  RESERVED | 15                                                                          94 | RESERVED 
  RESERVED | 16                                                                          93 | RESERVED 
     CLOCK | 17                                                                          92 | ELINE 
       GND | 18                                                                          91 | VCCIO 
     VCCIO | 19                             EPF6016TC144-2                               90 | GND 
       GND | 20                                                                          89 | WINDOW 
  RESERVED | 21                                                                          88 | RESERVED 
  RESERVED | 22                                                                          87 | RESERVED 
  RESERVED | 23                                                                          86 | RESERVED 
  RESERVED | 24                                                                          85 | RESERVED 
  RESERVED | 25                                                                          84 | RESERVED 
  RESERVED | 26                                                                          83 | RESERVED 
  RESERVED | 27                                                                          82 | RESERVED 
  RESERVED | 28                                                                          81 | RESERVED 
  RESERVED | 29                                                                          80 | RESERVED 
       GND | 30                                                                          79 | RESERVED 
    VCCINT | 31                                                                          78 | VCCIO 
     VCCIO | 32                                                                          77 | VCCINT 
     ^MSEL | 33                                                                          76 | GND 
  RESERVED | 34                                                                          75 | RESERVED 
  RESERVED | 35                                                                          74 | RESERVED 
  RESERVED | 36                                                                          73 | RESERVED 
           |      38  40  42  44  46  48  50  52  54  56  58  60  62  64  66  68  70  72  _| 
            \   37  39  41  43  45  47  49  51  53  55  57  59  61  63  65  67  69  71   | 
             \--------------------------------------------------------------------------- 
                R R R R R R R R R R R R R R R R ^ G V ^ R R R R R R R R R R R R R R R R  
                E E E E E E E E E E E E E E E E n N C n E E E E E E E E E E E E E E E E  
                S S S S S S S S S S S S S S S S C D C S S S S S S S S S S S S S S S S S  
                E E E E E E E E E E E E E E E E O   I T E E E E E E E E E E E E E E E E  
                R R R R R R R R R R R R R R R R N   O A R R R R R R R R R R R R R R R R  
                V V V V V V V V V V V V V V V V F     T V V V V V V V V V V V V V V V V  
                E E E E E E E E E E E E E E E E I     U E E E E E E E E E E E E E E E E  
                D D D D D D D D D D D D D D D D G     S D D D D D D D D D D D D D D D D  
                                                                                         
                                                                                         


N.C. = Not Connected.
VCCINT = Dedicated power pin, which MUST be connected to VCC (5.0 volts).
VCCIO = Dedicated power pin, which MUST be connected to VCC (5.0 or 3.3 volts).
GND = Dedicated ground pin or unused dedicated input, which MUST be connected to GND.
RESERVED = Unused I/O pin, which MUST be left unconnected.

^ = Dedicated configuration pin.
+ = Reserved configuration pin, which is tri-stated during user mode.
* = Reserved configuration pin, which drives out in user mode.
PDn = Power Down pin. 
@ = Special-purpose pin. 
# = JTAG Boundary-Scan Testing/In-System-Programming or Configuration Pin. The JTAG inputs (TMS, TCK, TDI) should be tied to VCC when not in use.
& = JTAG pin used for I/O. When used as user I/O, JTAG pins must be kept stable before and during configuration.  JTAG pin stability prevents accidental loading of JTAG instructions.

Device-Specific Information:                c:\snj\pt5220\sbp\pld\locdet00.rpt
locdet00

** RESOURCE USAGE **

Logic                Column       Row                                   
Array                Interconnect Interconnect                  Sync.   Sync.   Left External  Right External  Borrowed LC1
Block   Logic Cells  Driven       Driven       Clocks  Clears   Clear   Load    Interconnect   Interconnect    Inputs
A1       6/10( 60%)   0/10(  0%)   0/10(  0%)    1/2    0/2      0/1     0/1      3/22( 13%)    3/22( 13%)      0/4
A3       5/10( 50%)   0/10(  0%)   0/10(  0%)    1/2    0/2      0/1     0/1      3/22( 13%)    4/22( 18%)      0/4
A5       9/10( 90%)   0/10(  0%)   0/10(  0%)    1/2    0/2      0/1     0/1      2/22(  9%)    4/22( 18%)      0/4
A7       1/10( 10%)   0/10(  0%)   0/10(  0%)    0/2    0/2      0/1     0/1      2/22(  9%)    2/22(  9%)      0/4
A9       1/10( 10%)   0/10(  0%)   0/10(  0%)    0/2    0/2      0/1     0/1      2/22(  9%)    2/22(  9%)      0/4
A11      1/10( 10%)   0/10(  0%)   0/10(  0%)    1/2    0/2      0/1     0/1      0/22(  0%)    1/22(  4%)      0/4


Total dedicated input pins used:                 3/4      ( 75%)
Total I/O pins used:                             2/113    (  1%)
Total logic cells used:                         23/1320   (  1%)
Average fan-in:                                 3.47/4    ( 86%)
Total fan-in:                                  80/5280    (  1%)

Total input pins required:                       4
Total output pins required:                      1
Total bidirectional pins required:               0
Total reserved pins required                     0
Total logic cells required:                     23
Total flipflops required:                        7
Total packed registers required:                 0
Total logic cells in carry chains:               0
Total number of carry chains:                    0
Total logic cells in cascade chains:             0
Total number of cascade chains:                  0

Synthesized logic cells:                         4/1320   (  0%)

Logic Cell Counts

Column:  01  02  03  04  05  06  07  08  09  10  11  12  13  14  15  16  17  18  19  20  21  22  Total
 A:      6   0   5   0   9   0   1   0   1   0   1   0   0   0   0   0   0   0   0   0   0   0     23
 B:      0   0   0   0   0   0   0   0   0   0   0   0   0   0   0   0   0   0   0   0   0   0      0
 C:      0   0   0   0   0   0   0   0   0   0   0   0   0   0   0   0   0   0   0   0   0   0      0
 D:      0   0   0   0   0   0   0   0   0   0   0   0   0   0   0   0   0   0   0   0   0   0      0
 E:      0   0   0   0   0   0   0   0   0   0   0   0   0   0   0   0   0   0   0   0   0   0      0
 F:      0   0   0   0   0   0   0   0   0   0   0   0   0   0   0   0   0   0   0   0   0   0      0

Total:   6   0   5   0   9   0   1   0   1   0   1   0   0   0   0   0   0   0   0   0   0   0     23



Device-Specific Information:                c:\snj\pt5220\sbp\pld\locdet00.rpt
locdet00

** INPUTS **

                                               Fan-In    Fan-Out
 Pin     LC   Row  Col  Primitive    Code     INP  FBK  OUT  FBK  Name
  17      -    -    --      INPUT              0    0    0    0  CLOCK
  92      -    -    --      INPUT              0    0    0    4  ELINE
 141      -    A    --      INPUT              0    0    0    3  V1OUT
  89      -    -    --      INPUT              0    0    0    4  WINDOW


Code:

s = Synthesized pin or logic cell
+ = Synchronous flipflop
/ = Slow slew-rate output
! = NOT gate push-back
r = Fitter-inserted logic cell
^ = Increased input delay
$ = Driven by fast output logic cell


Device-Specific Information:                c:\snj\pt5220\sbp\pld\locdet00.rpt
locdet00

** OUTPUTS **

       Fed By                                  Fan-In    Fan-Out
 Pin     LC   Row  Col  Primitive    Code     INP  FBK  OUT  FBK  Name
 129      -    -    11     OUTPUT          $   0    1    0    0  LOCK


Code:

s = Synthesized pin or logic cell
+ = Synchronous flipflop
/ = Slow slew-rate output
! = NOT gate push-back
r = Fitter-inserted logic cell
^ = Increased input delay
$ = Driven by fast output logic cell


Device-Specific Information:                c:\snj\pt5220\sbp\pld\locdet00.rpt
locdet00

** BURIED LOGIC **

                                               Fan-In    Fan-Out
 IOC     LC   Row  Col  Primitive    Code     INP  FBK  OUT  FBK  Name
   -      7    A    05        DFF  +          0    4    0    7  L0
   -      4    A    05        DFF  +          0    3    0    7  L1
   -      8    A    05        DFF  +          0    4    0    6  L2
   -      6    A    03        DFF  +          0    4    0    8  L3
   -      1    A    03        DFF  +          0    4    0    7  L4
   -      1    A    01        DFF  +          1    0    0    2  V1OUTD
   -      6    A    11        DFF  +          0    1    1    0  :32
   -      2    A    07        OR2             2    2    0    5  :50
   -      9    A    05        OR2             0    4    0    1  :63
   -      3    A    05       AND2             0    4    0    1  :65
   -      5    A    05        OR2             0    4    0    1  :72
   -      2    A    09       AND2             2    2    0    3  :76
   -      6    A    01        OR2             3    1    0    3  :91
   -      5    A    01        OR2             3    1    0    2  :103
   -      4    A    01       AND2             0    2    0    1  :113
   -      2    A    01        OR2             0    3    0    5  :126
   -      2    A    05        OR2             0    3    0    2  :139
   -      7    A    03        OR2             0    3    0    1  :148
   -      3    A    01        OR2   s         0    4    0    3  ~152~1
   -      6    A    05        OR2   s         0    4    0    1  ~154~1
   -      1    A    05        OR2             0    4    0    1  :155
   -      2    A    03        OR2   s         0    4    0    1  ~158~1
   -      8    A    03        OR2   s         0    4    0    1  ~160~1


Code:

s = Synthesized pin or logic cell
+ = Synchronous flipflop
/ = Slow slew-rate output
! = NOT gate push-back
r = Fitter-inserted logic cell
^ = Increased input delay
$ = Driven by fast output logic cell
p = Packed register


Device-Specific Information:                c:\snj\pt5220\sbp\pld\locdet00.rpt
locdet00

** FASTTRACK INTERCONNECT UTILIZATION **

Row FastTrack Interconnect:

          Global         Left Half-      Right Half-
         FastTrack       FastTrack       FastTrack 
Row     Interconnect    Interconnect    Interconnect    Input Pins     Output Pins     Bidir Pins
A:       0/ 96(  0%)    11/ 48( 22%)     0/ 48(  0%)    1/20(  5%)      0/20(  0%)     0/20(  0%)
B:       0/ 96(  0%)     0/ 48(  0%)     0/ 48(  0%)    0/20(  0%)      0/20(  0%)     0/20(  0%)
C:       0/ 96(  0%)     0/ 48(  0%)     0/ 48(  0%)    0/20(  0%)      0/20(  0%)     0/20(  0%)
D:       0/ 96(  0%)     0/ 48(  0%)     0/ 48(  0%)    0/20(  0%)      0/20(  0%)     0/20(  0%)
E:       0/ 96(  0%)     0/ 48(  0%)     0/ 48(  0%)    0/20(  0%)      0/20(  0%)     0/20(  0%)
F:       0/ 96(  0%)     0/ 48(  0%)     0/ 48(  0%)    0/20(  0%)      0/20(  0%)     0/20(  0%)


Column FastTrack Interconnect:

         FastTrack                                 
Column  Interconnect    Input Pins     Output Pins     Bidir Pins
01:      0/20(  0%)     0/4(  0%)      0/4(  0%)       0/4(  0%)
02:      0/20(  0%)     0/4(  0%)      0/4(  0%)       0/4(  0%)
03:      0/20(  0%)     0/4(  0%)      0/4(  0%)       0/4(  0%)
04:      0/20(  0%)     0/4(  0%)      0/4(  0%)       0/4(  0%)
05:      0/20(  0%)     0/4(  0%)      0/4(  0%)       0/4(  0%)
06:      0/20(  0%)     0/4(  0%)      0/4(  0%)       0/4(  0%)
07:      0/20(  0%)     0/4(  0%)      0/4(  0%)       0/4(  0%)
08:      0/20(  0%)     0/4(  0%)      0/4(  0%)       0/4(  0%)
09:      0/20(  0%)     0/4(  0%)      0/4(  0%)       0/4(  0%)
10:      0/20(  0%)     0/4(  0%)      0/4(  0%)       0/4(  0%)
11:      0/20(  0%)     0/4(  0%)      1/4( 25%)       0/4(  0%)
12:      0/20(  0%)     0/4(  0%)      0/4(  0%)       0/4(  0%)
13:      0/20(  0%)     0/4(  0%)      0/4(  0%)       0/4(  0%)
14:      0/20(  0%)     0/4(  0%)      0/4(  0%)       0/4(  0%)
15:      0/20(  0%)     0/4(  0%)      0/4(  0%)       0/4(  0%)
16:      0/20(  0%)     0/4(  0%)      0/4(  0%)       0/4(  0%)
17:      0/20(  0%)     0/4(  0%)      0/4(  0%)       0/4(  0%)
18:      0/20(  0%)     0/4(  0%)      0/4(  0%)       0/4(  0%)
19:      0/20(  0%)     0/4(  0%)      0/4(  0%)       0/4(  0%)
20:      0/20(  0%)     0/4(  0%)      0/4(  0%)       0/4(  0%)
21:      0/20(  0%)     0/4(  0%)      0/4(  0%)       0/4(  0%)
22:      0/20(  0%)     0/4(  0%)      0/4(  0%)       0/4(  0%)


Device-Specific Information:                c:\snj\pt5220\sbp\pld\locdet00.rpt
locdet00

** CLOCK SIGNALS **

Type     Fan-out       Name
INPUT        7         CLOCK


Device-Specific Information:                c:\snj\pt5220\sbp\pld\locdet00.rpt
locdet00

** EQUATIONS **

CLOCK    : INPUT;
ELINE    : INPUT;
V1OUT    : INPUT;
WINDOW   : INPUT;

-- Node name is 'LOCK' from file "locdet00.tdf" line 29, column 2
-- Equation name is 'LOCK', type is output 
LOCK     =  _LC6_A11;

-- Node name is 'L0' from file "locdet00.tdf" line 27, column 3
-- Equation name is 'L0', location is LC7_A5, type is buried.
L0       = DFF( _EQ001, GLOBAL( CLOCK),  VCC,  VCC);
  _EQ001 =  _LC3_A1 &  L0
         #  _LC2_A7 & !L0
         #  _LC2_A1 & !L0;

-- Node name is 'L1' from file "locdet00.tdf" line 27, column 3
-- Equation name is 'L1', location is LC4_A5, type is buried.
L1       = DFF( _EQ002, GLOBAL( CLOCK),  VCC,  VCC);
  _EQ002 =  _LC3_A1 &  L1
         #  _LC6_A5;

-- Node name is 'L2' from file "locdet00.tdf" line 27, column 3
-- Equation name is 'L2', location is LC8_A5, type is buried.
L2       = DFF( _EQ003, GLOBAL( CLOCK),  VCC,  VCC);
  _EQ003 =  _LC1_A5
         #  _LC3_A1 &  L2
         #  _LC5_A5;

-- Node name is 'L3' from file "locdet00.tdf" line 27, column 3
-- Equation name is 'L3', location is LC6_A3, type is buried.
L3       = DFF( _EQ004, GLOBAL( CLOCK),  VCC,  VCC);
  _EQ004 =  _LC2_A7 &  _LC9_A5
         #  _LC2_A3
         #  _LC2_A9;

-- Node name is 'L4' from file "locdet00.tdf" line 27, column 3
-- Equation name is 'L4', location is LC1_A3, type is buried.
L4       = DFF( _EQ005, GLOBAL( CLOCK),  VCC,  VCC);
  _EQ005 =  _LC2_A1 &  _LC7_A3
         #  _LC2_A9
         #  _LC8_A3;

-- Node name is 'V1OUTD' from file "locdet00.tdf" line 28, column 2
-- Equation name is 'V1OUTD', location is LC1_A1, type is buried.
V1OUTD   = DFF( V1OUT, GLOBAL( CLOCK),  VCC,  VCC);

-- Node name is ':32' from file "locdet00.tdf" line 29, column 2
-- Equation name is '_LC6_A11', type is buried 
_LC6_A11 = DFF(!L4, GLOBAL( CLOCK),  VCC,  VCC);

-- Node name is ':50' from file "locdet00.tdf" line 40, column 3
-- Equation name is '_LC2_A7', type is buried 
_LC2_A7  = LCELL( _EQ006);
  _EQ006 =  ELINE & !L4 & !WINDOW
         #  ELINE & !L3 & !WINDOW;

-- Node name is ':63' from file "locdet00.tdf" line 41, column 12
-- Equation name is '_LC9_A5', type is buried 
_LC9_A5  = LCELL( _EQ007);
  _EQ007 = !L1 &  L3
         # !L0 &  L3
         # !L2 &  L3
         #  L0 &  L1 &  L2 & !L3;

-- Node name is ':65' from file "locdet00.tdf" line 41, column 12
-- Equation name is '_LC3_A5', type is buried 
_LC3_A5  = LCELL( _EQ008);
  _EQ008 =  L0 &  L1 &  L2 &  L3;

-- Node name is ':72' from file "locdet00.tdf" line 41, column 8
-- Equation name is '_LC5_A5', type is buried 
_LC5_A5  = LCELL( _EQ009);
  _EQ009 =  _LC2_A7 & !L1 &  L2
         #  _LC2_A7 & !L0 &  L2
         #  _LC2_A7 &  L0 &  L1 & !L2;

-- Node name is ':76' from file "locdet00.tdf" line 40, column 3
-- Equation name is '_LC2_A9', type is buried 
_LC2_A9  = LCELL( _EQ010);
  _EQ010 =  ELINE &  L3 &  L4 & !WINDOW;

-- Node name is ':91' from file "locdet00.tdf" line 46, column 3
-- Equation name is '_LC6_A1', type is buried 
_LC6_A1  = LCELL( _EQ011);
  _EQ011 =  V1OUTD &  WINDOW
         # !V1OUT &  WINDOW
         # !ELINE &  V1OUTD
         # !ELINE & !V1OUT;

-- Node name is ':103' from file "locdet00.tdf" line 46, column 3
-- Equation name is '_LC5_A1', type is buried 
_LC5_A1  = LCELL( _EQ012);
  _EQ012 =  V1OUT & !V1OUTD &  WINDOW
         # !ELINE &  V1OUT & !V1OUTD;

-- Node name is ':113' from file "locdet00.tdf" line 49, column 11
-- Equation name is '_LC4_A1', type is buried 
_LC4_A1  = LCELL( _EQ013);
  _EQ013 = !L3 & !L4;

-- Node name is ':126' from file "locdet00.tdf" line 49, column 5
-- Equation name is '_LC2_A1', type is buried 
_LC2_A1  = LCELL( _EQ014);
  _EQ014 =  _LC5_A1 &  L4
         #  _LC5_A1 &  L3;

-- Node name is ':139' from file "locdet00.tdf" line 52, column 14
-- Equation name is '_LC2_A5', type is buried 
_LC2_A5  = LCELL( _EQ015);
  _EQ015 =  L1
         #  L0
         #  L2;

-- Node name is ':148' from file "locdet00.tdf" line 52, column 14
-- Equation name is '_LC7_A3', type is buried 
_LC7_A3  = LCELL( _EQ016);
  _EQ016 = !_LC2_A5 & !L3 & !L4
         #  L3 &  L4
         #  _LC2_A5 &  L4;

-- Node name is '~152~1' from file "locdet00.tdf" line 52, column 10
-- Equation name is '~152~1', location is LC3_A1, type is buried.
-- synthesized logic cell 
_LC3_A1  = LCELL( _EQ017);
  _EQ017 =  _LC6_A1
         #  _LC4_A1 &  _LC5_A1
         #  _LC2_A9;

-- Node name is '~154~1' from file "locdet00.tdf" line 52, column 10
-- Equation name is '~154~1', location is LC6_A5, type is buried.
-- synthesized logic cell 
_LC6_A5  = LCELL( _EQ018);
  _EQ018 =  _LC2_A7 &  L0 & !L1
         #  _LC2_A7 & !L0 &  L1
         #  _LC2_A1 & !L0 & !L1
         #  _LC2_A1 &  L0 &  L1;

-- Node name is ':155' from file "locdet00.tdf" line 52, column 10
-- Equation name is '_LC1_A5', type is buried 
_LC1_A5  = LCELL( _EQ019);
  _EQ019 =  _LC2_A1 & !L0 & !L1 & !L2
         #  _LC2_A1 &  L1 &  L2
         #  _LC2_A1 &  L0 &  L2;

-- Node name is '~158~1' from file "locdet00.tdf" line 52, column 10
-- Equation name is '~158~1', location is LC2_A3, type is buried.
-- synthesized logic cell 
_LC2_A3  = LCELL( _EQ020);
  _EQ020 =  _LC6_A1 &  L3
         #  _LC2_A1 & !_LC2_A5 & !L3
         #  _LC2_A1 &  _LC2_A5 &  L3;

-- Node name is '~160~1' from file "locdet00.tdf" line 52, column 10
-- Equation name is '~160~1', location is LC8_A3, type is buried.
-- synthesized logic cell 
_LC8_A3  = LCELL( _EQ021);
  _EQ021 =  _LC6_A1 &  L4
         #  _LC2_A7 & !_LC3_A5 &  L4
         #  _LC2_A7 &  _LC3_A5 & !L4;



Project Information                         c:\snj\pt5220\sbp\pld\locdet00.rpt

** COMPILATION SETTINGS & TIMES **

Processing Menu Commands
------------------------

Design Doctor                             = off

Logic Synthesis:

   Synthesis Type Used                    = Multi-Level

   Default Synthesis Style                = NORMAL

      Logic option settings in 'NORMAL' style for 'FLEX6000' family

      CARRY_CHAIN                         = ignore
      CARRY_CHAIN_LENGTH                  = 32
      CASCADE_CHAIN                       = ignore
      CASCADE_CHAIN_LENGTH                = 2
      DECOMPOSE_GATES                     = on
      DUPLICATE_LOGIC_EXTRACTION          = on
      MINIMIZATION                        = full
      MULTI_LEVEL_FACTORING               = on
      NOT_GATE_PUSH_BACK                  = on
      REDUCE_LOGIC                        = on
      REFACTORIZATION                     = on
      REGISTER_OPTIMIZATION               = on
      RESYNTHESIZE_NETWORK                = on
      SLOW_SLEW_RATE                      = off
      SUBFACTOR_EXTRACTION                = on
      IGNORE_SOFT_BUFFERS                 = on
      USE_LPM_FOR_AHDL_OPERATORS          = off

   Other logic synthesis settings:

      Automatic Global Clock              = on
      Automatic Global Clear              = on
      Automatic Global Preset             = on
      Automatic Global Output Enable      = on
      Automatic Fast I/O                  = off
      Automatic Register Packing          = off
      Automatic Open-Drain Pins           = on
      Automatic Implement in EAB          = off
      Optimize                            = 5

Default Timing Specifications: None

Cut All Bidir Feedback Timing Paths       = on
Cut All Clear & Preset Timing Paths       = on

Ignore Timing Assignments                 = off

Functional SNF Extractor                  = off

Linked SNF Extractor                      = off
Timing SNF Extractor                      = on
Optimize Timing SNF                       = off
Generate AHDL TDO File                    = off
Fitter Settings                           = NORMAL
Smart Recompile                           = off
Total Recompile                           = off

Interfaces Menu Commands
------------------------

EDIF Netlist Writer                       = off
Verilog Netlist Writer                    = off
VHDL Netlist Writer                       = off

Compilation Times
-----------------

   Compiler Netlist Extractor             00:00:01
   Database Builder                       00:00:00
   Logic Synthesizer                      00:00:02
   Partitioner                            00:00:02
   Fitter                                 00:00:12
   Timing SNF Extractor                   00:00:01
   Assembler                              00:00:04
   --------------------------             --------
   Total Time                             00:00:22


Memory Allocated
-----------------

Peak memory allocated during compilation  = 11,570K
