Project Information                d:\projects\pm5664\xilinxtrf\work\pga64.rpt

MAX+plus II Compiler Report File
Version 9.01 07/30/98
Compiled: 12/08/98 10:08:39

Copyright (C) 1988-1998 Altera Corporation
Any megafunction design, and related net list (encrypted or decrypted),
support information, device programming or simulation file, and any other
associated documentation or information provided by Altera or a partner
under Altera's Megafunction Partnership Program may be used only to
program PLD devices (but not masked PLD devices) from Altera.  Any other
use of such megafunction design, net list, support information, device
programming or simulation file, or any other related documentation or
information is prohibited for any other purpose, including, but not
limited to modification, reverse engineering, de-compiling, or use with
any other silicon devices, unless such use is explicitly licensed under
a separate agreement with Altera or a megafunction partner.  Title to
the intellectual property, including patents, copyrights, trademarks,
trade secrets, or maskworks, embodied in any such megafunction design,
net list, support information, device programming or simulation file, or
any other related documentation or information provided by Altera or a
megafunction partner, remains with Altera, the megafunction partner, or
their respective licensors.  No other licenses, including any licenses
needed under any third party's intellectual property, are provided herein.



***** Project compilation was successful




** DEVICE SUMMARY **

Chip/                     Input   Output   Bidir 			    LCs
POF       Device          Pins    Pins     Pins      LCs    % Utilized

pga64     EPF6016TC144-3   13       6        0       65          4  %

User Pins:                 13       6        0  



Project Information                d:\projects\pm5664\xilinxtrf\work\pga64.rpt

** PROJECT COMPILATION MESSAGES **

Info: Reserved unused input pin 'AD7' for future use because it has a pin assignment -- pin is tri-stated and must be connected to your board


Project Information                d:\projects\pm5664\xilinxtrf\work\pga64.rpt

** PIN/LOCATION/CHIP ASSIGNMENTS **

                  Actual                  
    User       Assignments                
Assignments   (if different)     Node Name

pga64@142                         AD2
pga64@141                         AD3
pga64@140                         AD4
pga64@139                         AD5
pga64@138                         AD6
pga64@137                         AD7
pga64@17                          CP1
pga64@36                          _FIELD
pga64@121                         _FIELDINT
pga64@35                          FIELD1
pga64@118                         GAWI
pga64@16                          _GRATBLK
pga64@20                          H
pga64@131                         I0
pga64@132                         I1
pga64@129                         I2
pga64@15                          _PSEN
pga64@24                          TB
pga64@119                         TVSYS


Project Information                d:\projects\pm5664\xilinxtrf\work\pga64.rpt

** FILE HIERARCHY **



|stengam:1|
|stengam:1|gamut:20|
|stengam:1|gamut:20|linedeco:13|
|stengam:1|gamut:20|linegawi:14|
|stengam:1|gamut:20|linegawi:14|lpm_counter:30|
|stengam:1|gamut:20|linegawi:14|lpm_counter:30|f8count:p8c0|
|stengam:1|gamut:20|linegawi:14|lpm_counter:32|
|stengam:1|gamut:20|linegawi:14|lpm_counter:32|f8count:p8c0|
|stengam:1|gamut:20|lpm_counter:15|
|stengam:1|gamut:20|lpm_counter:15|f8count:p8c1|
|stengam:1|gamut:20|lpm_counter:15|f8count:p8c0|
|stengam:1|gamut:20|ffsrplus:25|
|stengam:1|gamut:20|ffsrplus:26|
|stengam:1|gamut:20|ffsrplus:27|
|stengam:1|gamut:20|fdm:33|
|stengam:1|intens:21|
|stengam:1|intens:21|8dff:15|
|stengam:1|intens:21|mux41:17|
|stengam:1|dff6stk:23|


Device-Specific Information:       d:\projects\pm5664\xilinxtrf\work\pga64.rpt
pga64

***** Logic for device 'pga64' compiled without errors.




Device: EPF6016TC144-3

FLEX 6000 Configuration Scheme: Passive Serial

Device Options:
    User-Supplied Start-Up Clock               = OFF
    Auto-Restart Configuration on Frame Error  = OFF
    Release Clears Before Tri-States           = OFF
    Enable Chip_Wide Reset                     = OFF
    Enable Chip-Wide Output Enable             = OFF
    Enable INIT_DONE Output                    = OFF
    Enable JTAG Support                        = OFF
    MultiVolt I/O                              = OFF

                                                                                         
                                                              _                          
                R R             R R R R     R           R R R F R     R R R R R R R R R  
                E E             E E E E     E           E E E I E     E E E E E E E E E  
                S S             S S S S     S         ^ S S S E S     S S S S S S S S S  
                E E             E E E E     E   ^ V   D E E E L E T   E E E E E E E E E  
                R R             R R R R     R   D C   A R R R D R V G R R R R R R R R R  
                V V A A A A A A V V V V     V   C C G T V V V I V S A V V V V V V V V V  
                E E D D D D D D E E E E I I E I L I N A E E E N E Y W E E E E E E E E E  
                D D 2 3 4 5 6 7 D D D D 1 0 D 2 K O D 0 D D D T D S I D D D D D D D D D  
              --------------------------------------------------------------------------_ 
             / 144 142 140 138 136 134 132 130 128 126 124 122 120 118 116 114 112 110   |_ 
            /    143 141 139 137 135 133 131 129 127 125 123 121 119 117 115 113 111 109    | 
  RESERVED |  1                                                                         108 | RESERVED 
  RESERVED |  2                                                                         107 | RESERVED 
  RESERVED |  3                                                                         106 | RESERVED 
      ^nCE |  4                                                                         105 | ^CONF_DONE 
       GND |  5                                                                         104 | VCCIO 
    VCCINT |  6                                                                         103 | VCCINT 
     VCCIO |  7                                                                         102 | GND 
  RESERVED |  8                                                                         101 | RESERVED 
  RESERVED |  9                                                                         100 | RESERVED 
  RESERVED | 10                                                                          99 | RESERVED 
  RESERVED | 11                                                                          98 | RESERVED 
  RESERVED | 12                                                                          97 | RESERVED 
  RESERVED | 13                                                                          96 | RESERVED 
  RESERVED | 14                                                                          95 | RESERVED 
     _PSEN | 15                                                                          94 | RESERVED 
  _GRATBLK | 16                                                                          93 | RESERVED 
       CP1 | 17                                                                          92 | GND 
       GND | 18                                                                          91 | VCCIO 
     VCCIO | 19                             EPF6016TC144-3                               90 | GND 
         H | 20                                                                          89 | GND 
  RESERVED | 21                                                                          88 | RESERVED 
  RESERVED | 22                                                                          87 | RESERVED 
  RESERVED | 23                                                                          86 | RESERVED 
        TB | 24                                                                          85 | RESERVED 
  RESERVED | 25                                                                          84 | RESERVED 
  RESERVED | 26                                                                          83 | RESERVED 
  RESERVED | 27                                                                          82 | RESERVED 
  RESERVED | 28                                                                          81 | RESERVED 
  RESERVED | 29                                                                          80 | RESERVED 
       GND | 30                                                                          79 | RESERVED 
    VCCINT | 31                                                                          78 | VCCIO 
     VCCIO | 32                                                                          77 | VCCINT 
     ^MSEL | 33                                                                          76 | GND 
  RESERVED | 34                                                                          75 | RESERVED 
    FIELD1 | 35                                                                          74 | RESERVED 
    _FIELD | 36                                                                          73 | RESERVED 
           |      38  40  42  44  46  48  50  52  54  56  58  60  62  64  66  68  70  72  _| 
            \   37  39  41  43  45  47  49  51  53  55  57  59  61  63  65  67  69  71   | 
             \--------------------------------------------------------------------------- 
                R R R R R R R R R R R R R R R R ^ G V ^ R R R R R R R R R R R R R R R R  
                E E E E E E E E E E E E E E E E n N C n E E E E E E E E E E E E E E E E  
                S S S S S S S S S S S S S S S S C D C S S S S S S S S S S S S S S S S S  
                E E E E E E E E E E E E E E E E O   I T E E E E E E E E E E E E E E E E  
                R R R R R R R R R R R R R R R R N   O A R R R R R R R R R R R R R R R R  
                V V V V V V V V V V V V V V V V F     T V V V V V V V V V V V V V V V V  
                E E E E E E E E E E E E E E E E I     U E E E E E E E E E E E E E E E E  
                D D D D D D D D D D D D D D D D G     S D D D D D D D D D D D D D D D D  
                                                                                         
                                                                                         


N.C. = Not Connected.
VCCINT = Dedicated power pin, which MUST be connected to VCC (5.0 volts).
VCCIO = Dedicated power pin, which MUST be connected to VCC (5.0 volts).
GND = Dedicated ground pin or unused dedicated input, which MUST be connected to GND.
RESERVED = Unused I/O pin, which MUST be left unconnected.

^ = Dedicated configuration pin.
+ = Reserved configuration pin, which is tri-stated during user mode.
* = Reserved configuration pin, which drives out in user mode.
PDn = Power Down pin. 
@ = Special-purpose pin. 
# = JTAG Boundary-Scan Testing/In-System Programming or Configuration Pin. The JTAG inputs (TMS, TCK, TDI) should be tied to VCC when not in use.
& = JTAG pin used for I/O. When used as user I/O, JTAG pins must be kept stable before and during configuration.  JTAG pin stability prevents accidental loading of JTAG instructions.


Device-Specific Information:       d:\projects\pm5664\xilinxtrf\work\pga64.rpt
pga64

** RESOURCE USAGE **

Logic                Column       Row                                   
Array                Interconnect Interconnect                  Sync.   Sync.   Left External  Right External  Borrowed LC1
Block   Logic Cells  Driven       Driven       Clocks  Clears   Clear   Load    Interconnect   Interconnect    Inputs
A1       4/10( 40%)   0/10(  0%)   0/10(  0%)    1/2    1/2      0/1     0/1      1/22(  4%)    2/22(  9%)      2/4
A6       9/10( 90%)   0/10(  0%)   0/10(  0%)    2/2    0/2      0/1     0/1      3/22( 13%)    6/22( 27%)      2/4
A8       9/10( 90%)   0/10(  0%)   0/10(  0%)    2/2    0/2      0/1     0/1      3/22( 13%)    6/22( 27%)      1/4
A10     10/10(100%)   0/10(  0%)   0/10(  0%)    1/2    1/2      0/1     0/1      3/22( 13%)    4/22( 18%)      2/4
A12      4/10( 40%)   0/10(  0%)   0/10(  0%)    2/2    0/2      0/1     0/1      3/22( 13%)    2/22(  9%)      2/4
C2       2/10( 20%)   0/10(  0%)   0/10(  0%)    2/2    0/2      0/1     0/1      0/22(  0%)    2/22(  9%)      2/4
C4      10/10(100%)   3/10( 30%)   0/10(  0%)    2/2    1/2      0/1     0/1      2/22(  9%)    3/22( 13%)      3/4
C7       5/10( 50%)   2/10( 20%)   0/10(  0%)    2/2    0/2      0/1     0/1      1/22(  4%)    4/22( 18%)      1/4
C8       1/10( 10%)   0/10(  0%)   0/10(  0%)    1/2    0/2      0/1     0/1      0/22(  0%)    0/22(  0%)      0/4
C9       6/10( 60%)   0/10(  0%)   0/10(  0%)    1/2    0/2      0/1     0/1      0/22(  0%)    3/22( 13%)      1/4
C11      1/10( 10%)   0/10(  0%)   0/10(  0%)    1/2    0/2      0/1     0/1      1/22(  4%)    3/22( 13%)      1/4
F5       4/10( 40%)   3/10( 30%)   0/10(  0%)    2/2    0/2      0/1     0/1      0/22(  0%)    3/22( 13%)      2/4


Total dedicated input pins used:                 2/4      ( 50%)
Total I/O pins used:                            17/113    ( 15%)
Total logic cells used:                         65/1320   (  4%)
Average fan-in:                                 2.46/4    ( 61%)
Total fan-in:                                 160/5280    (  3%)

Total input pins required:                      13
Total output pins required:                      6
Total bidirectional pins required:               0
Total reserved pins required                     0
Total logic cells required:                     65
Total flipflops required:                       49
Total packed registers required:                 0
Total logic cells in carry chains:               0
Total number of carry chains:                    0
Total logic cells in cascade chains:             0
Total number of cascade chains:                  0

Synthesized logic cells:                         4/1320   (  0%)

Logic Cell Counts

Column:  01  02  03  04  05  06  07  08  09  10  11  12  13  14  15  16  17  18  19  20  21  22  Total
 A:      4   0   0   0   0   9   0   9   0  10   0   4   0   0   0   0   0   0   0   0   0   0     36
 B:      0   0   0   0   0   0   0   0   0   0   0   0   0   0   0   0   0   0   0   0   0   0      0
 C:      0   2   0  10   0   0   5   1   6   0   1   0   0   0   0   0   0   0   0   0   0   0     25
 D:      0   0   0   0   0   0   0   0   0   0   0   0   0   0   0   0   0   0   0   0   0   0      0
 E:      0   0   0   0   0   0   0   0   0   0   0   0   0   0   0   0   0   0   0   0   0   0      0
 F:      0   0   0   0   4   0   0   0   0   0   0   0   0   0   0   0   0   0   0   0   0   0      4

Total:   4   2   0  10   4   9   5  10   6  10   1   4   0   0   0   0   0   0   0   0   0   0     65



Device-Specific Information:       d:\projects\pm5664\xilinxtrf\work\pga64.rpt
pga64

** INPUTS **

                                               Fan-In    Fan-Out
 Pin     LC   Row  Col  Primitive    Code      INP  FBK  OUT  FBK  Name
 142      -    A    --      INPUT               0    0    0    1  AD2
 141      -    A    --      INPUT               0    0    0    1  AD3
 140      -    -    01      INPUT               0    0    0    1  AD4
 139      -    -    02      INPUT               0    0    0    1  AD5
 138      -    -    03      INPUT               0    0    0    1  AD6
 137      -    -    04      INPUT               0    0    0    0  AD7
  17      -    -    --      INPUT  G            0    0    0    0  CP1
  36      -    F    --      INPUT               0    0    0    4  _FIELD
  35      -    F    --      INPUT               0    0    0    1  FIELD1
  16      -    C    --      INPUT               0    0    0    1  _GRATBLK
  20      -    -    --      INPUT  G            0    0    0    1  H
  15      -    C    --      INPUT               0    0    0    5  _PSEN
  24      -    D    --      INPUT               0    0    0    3  TB


Code:

s = Synthesized pin or logic cell
+ = Synchronous flipflop
/ = Slow slew-rate output
! = NOT gate push-back
r = Fitter-inserted logic cell
^ = Increased input delay
$ = Driven by fast output logic cell
G = Global Source. Fan-out destinations counted here do not include destinations
that are driven using global routing resources. Refer to the Auto Global Signals,
Clock Signals, Clear Signals, Synchronous Load Signals, and Synchronous Clear Signals
Sections of this Report File for information on which signals' fan-outs are used as
Clock, Clear, Preset, Output Enable, and synchronous Load signals.


Device-Specific Information:       d:\projects\pm5664\xilinxtrf\work\pga64.rpt
pga64

** OUTPUTS **

       Fed By                                  Fan-In    Fan-Out
 Pin     LC   Row  Col  Primitive    Code      INP  FBK  OUT  FBK  Name
 121      -    -    15     OUTPUT               0    1    0    0  _FIELDINT
 118      -    -    18     OUTPUT               0    1    0    0  GAWI
 131      -    -    09     OUTPUT           $   0    1    0    0  I0
 132      -    -    08     OUTPUT           $   0    1    0    0  I1
 129      -    -    11     OUTPUT               0    1    0    0  I2
 119      -    -    17     OUTPUT               0    1    0    0  TVSYS


Code:

s = Synthesized pin or logic cell
+ = Synchronous flipflop
/ = Slow slew-rate output
! = NOT gate push-back
r = Fitter-inserted logic cell
^ = Increased input delay
$ = Driven by fast output logic cell


Device-Specific Information:       d:\projects\pm5664\xilinxtrf\work\pga64.rpt
pga64

** BURIED LOGIC **

                                               Fan-In    Fan-Out
 IOC     LC   Row  Col  Primitive    Code      INP  FBK  OUT  FBK  Name
   -      7    A    08        DFF              2    0    0    1  |stengam:1|dff6stk:23|Out0 (|stengam:1|dff6stk:23|:13)
   -      9    A    08        DFF              2    0    0    1  |stengam:1|dff6stk:23|Out1 (|stengam:1|dff6stk:23|:14)
   -      8    A    08        DFF              2    0    0    1  |stengam:1|dff6stk:23|Out2 (|stengam:1|dff6stk:23|:15)
   -      7    C    07        DFF              2    0    0    1  |stengam:1|dff6stk:23|Out3 (|stengam:1|dff6stk:23|:16)
   -      2    C    07        DFF              2    0    0    1  |stengam:1|dff6stk:23|Out4 (|stengam:1|dff6stk:23|:17)
   -      3    A    12        DFF              0    5    0    1  |stengam:1|gamut:20|fdm:33|Q (|stengam:1|gamut:20|fdm:33|:8)
   -      7    A    06        DFF              0    5    0    3  |stengam:1|gamut:20|ffsrplus:25|Q (|stengam:1|gamut:20|ffsrplus:25|:5)
   -      3    A    06        OR2    s         0    4    0    1  |stengam:1|gamut:20|ffsrplus:25|~6~1
   -      4    A    06        DFF              0    4    0    4  |stengam:1|gamut:20|ffsrplus:26|Q (|stengam:1|gamut:20|ffsrplus:26|:5)
   -      8    A    06        OR2    s         0    4    0    1  |stengam:1|gamut:20|ffsrplus:26|~6~1
   -      9    A    06        DFF              0    4    0    2  |stengam:1|gamut:20|ffsrplus:27|Q (|stengam:1|gamut:20|ffsrplus:27|:5)
   -      8    A    10        OR2    s         0    3    0    1  |stengam:1|gamut:20|linedeco:13|CHECKLI~1 (|stengam:1|gamut:20|linedeco:13|~22~1)
   -      2    A    10        OR2        !     0    4    0    7  |stengam:1|gamut:20|linedeco:13|CHECKLI (|stengam:1|gamut:20|linedeco:13|:22)
   -      6    C    09        DFF              0    5    0    8  |stengam:1|gamut:20|linegawi:14|LPM_COUNTER:30|f8count:p8c0|QC (|stengam:1|gamut:20|linegawi:14|LPM_COUNTER:30|f8count:p8c0|:6)
   -      3    C    09        DFF              0    4    0    2  |stengam:1|gamut:20|linegawi:14|LPM_COUNTER:30|f8count:p8c0|QB (|stengam:1|gamut:20|linegawi:14|LPM_COUNTER:30|f8count:p8c0|:7)
   -      8    C    09        DFF              0    3    0    3  |stengam:1|gamut:20|linegawi:14|LPM_COUNTER:30|f8count:p8c0|QA (|stengam:1|gamut:20|linegawi:14|LPM_COUNTER:30|f8count:p8c0|:8)
   -     10    C    04        DFF              0    6    0    2  |stengam:1|gamut:20|linegawi:14|LPM_COUNTER:32|f8count:p8c0|QF (|stengam:1|gamut:20|linegawi:14|LPM_COUNTER:32|f8count:p8c0|:3)
   -      6    C    04        DFF              0    5    0   14  |stengam:1|gamut:20|linegawi:14|LPM_COUNTER:32|f8count:p8c0|QE (|stengam:1|gamut:20|linegawi:14|LPM_COUNTER:32|f8count:p8c0|:4)
   -      5    C    04        DFF              0    4    0    4  |stengam:1|gamut:20|linegawi:14|LPM_COUNTER:32|f8count:p8c0|QD (|stengam:1|gamut:20|linegawi:14|LPM_COUNTER:32|f8count:p8c0|:5)
   -      8    C    04        DFF              0    6    0    4  |stengam:1|gamut:20|linegawi:14|LPM_COUNTER:32|f8count:p8c0|QC (|stengam:1|gamut:20|linegawi:14|LPM_COUNTER:32|f8count:p8c0|:6)
   -      4    C    04        DFF              0    5    0    4  |stengam:1|gamut:20|linegawi:14|LPM_COUNTER:32|f8count:p8c0|QB (|stengam:1|gamut:20|linegawi:14|LPM_COUNTER:32|f8count:p8c0|:7)
   -      9    C    04        DFF              0    4    0    4  |stengam:1|gamut:20|linegawi:14|LPM_COUNTER:32|f8count:p8c0|QA (|stengam:1|gamut:20|linegawi:14|LPM_COUNTER:32|f8count:p8c0|:8)
   -      3    C    04       AND2              0    4    0    3  |stengam:1|gamut:20|linegawi:14|LPM_COUNTER:32|f8count:p8c0|:289
   -      6    C    11        DFF              0    5    0    2  |stengam:1|gamut:20|linegawi:14|:11
   -      6    C    02        DFF              0    2    0    3  |stengam:1|gamut:20|linegawi:14|:14
   -      2    C    02        DFF              0    2    0    3  |stengam:1|gamut:20|linegawi:14|BLKPULS (|stengam:1|gamut:20|linegawi:14|:15)
   -      7    C    09        DFF              1    1    0    2  |stengam:1|gamut:20|linegawi:14|:22
   -      1    C    09        DFF              0    2    0    1  |stengam:1|gamut:20|linegawi:14|:23
   -      2    C    09        DFF              0    4    0    5  |stengam:1|gamut:20|linegawi:14|:26
   -      1    C    04        DFF              0    2    0   13  |stengam:1|gamut:20|linegawi:14|RE_LINE (|stengam:1|gamut:20|linegawi:14|:27)
   -      7    C    04        OR2              0    4    0    6  |stengam:1|gamut:20|linegawi:14|:33
   -      2    C    04        DFF              0    4    0    2  |stengam:1|gamut:20|linegawi:14|GAWI_LI (|stengam:1|gamut:20|linegawi:14|:36)
   -      1    A    10        DFF              0    4    0    2  |stengam:1|gamut:20|LPM_COUNTER:15|f8count:p8c0|QH (|stengam:1|gamut:20|LPM_COUNTER:15|f8count:p8c0|:1)
   -     10    A    10        DFF              0    5    0    2  |stengam:1|gamut:20|LPM_COUNTER:15|f8count:p8c0|QG (|stengam:1|gamut:20|LPM_COUNTER:15|f8count:p8c0|:2)
   -      9    A    10        DFF              0    4    0    4  |stengam:1|gamut:20|LPM_COUNTER:15|f8count:p8c0|QF (|stengam:1|gamut:20|LPM_COUNTER:15|f8count:p8c0|:3)
   -      3    A    10        DFF              0    6    0    4  |stengam:1|gamut:20|LPM_COUNTER:15|f8count:p8c0|QE (|stengam:1|gamut:20|LPM_COUNTER:15|f8count:p8c0|:4)
   -      7    A    10        DFF              0    5    0    3  |stengam:1|gamut:20|LPM_COUNTER:15|f8count:p8c0|QD (|stengam:1|gamut:20|LPM_COUNTER:15|f8count:p8c0|:5)
   -      6    A    01        DFF              0    6    0    6  |stengam:1|gamut:20|LPM_COUNTER:15|f8count:p8c0|QC (|stengam:1|gamut:20|LPM_COUNTER:15|f8count:p8c0|:6)
   -      3    A    01        DFF              0    5    0    4  |stengam:1|gamut:20|LPM_COUNTER:15|f8count:p8c0|QB (|stengam:1|gamut:20|LPM_COUNTER:15|f8count:p8c0|:7)
   -      7    A    01        DFF              0    4    0    6  |stengam:1|gamut:20|LPM_COUNTER:15|f8count:p8c0|QA (|stengam:1|gamut:20|LPM_COUNTER:15|f8count:p8c0|:8)
   -     10    A    01       AND2              0    3    0    3  |stengam:1|gamut:20|LPM_COUNTER:15|f8count:p8c0|:287
   -      4    A    10       AND2              0    4    0    3  |stengam:1|gamut:20|LPM_COUNTER:15|f8count:p8c0|:293
   -      6    A    10       AND2              0    3    0    2  |stengam:1|gamut:20|LPM_COUNTER:15|f8count:p8c0|:297
   -      5    A    10        DFF              0    6    0    4  |stengam:1|gamut:20|LPM_COUNTER:15|f8count:p8c1|QA (|stengam:1|gamut:20|LPM_COUNTER:15|f8count:p8c1|:8)
   -      6    C    08        DFF   +          0    1    0    9  |stengam:1|gamut:20|:17
   -      4    F    05        DFF              2    0    0    2  |stengam:1|gamut:20|:18
   -      6    F    05        DFF              1    1    0    2  |stengam:1|gamut:20|:19
   -      2    F    05        OR2        !     1    1    0    9  |stengam:1|gamut:20|:20
   -      5    F    05        DFF              1    2    0    4  |stengam:1|gamut:20|:22
   -      1    A    06        DFF              0    2    1    3  |stengam:1|gamut:20|TVSYS (|stengam:1|gamut:20|:28)
   -      5    A    06        DFF              0    3    0    1  |stengam:1|gamut:20|:29
   -      1    A    12        DFF              0    2    0    2  |stengam:1|gamut:20|:30
   -      4    A    12        DFF              0    2    0    1  |stengam:1|gamut:20|:31
   -      6    A    06        OR2        !     0    2    0    1  |stengam:1|gamut:20|:36
   -      2    A    12        DFF              0    2    1    0  |stengam:1|gamut:20|FIELDINT (|stengam:1|gamut:20|:39)
   -      2    A    06       AND2              0    3    1    0  |stengam:1|gamut:20|GAMWIN (|stengam:1|gamut:20|:40)
   -      3    C    07        OR2    s         1    3    0    3  |stengam:1|intens:21|MUX41:17|Q~1 (|stengam:1|intens:21|MUX41:17|~6~1)
   -      1    A    08        DFF   +          0    1    0    1  |stengam:1|intens:21|8dff:15|Q1 (|stengam:1|intens:21|8dff:15|:1)
   -      6    A    08        DFF   +          0    1    0    1  |stengam:1|intens:21|8dff:15|Q2 (|stengam:1|intens:21|8dff:15|:9)
   -      5    A    08        DFF   +          0    1    0    1  |stengam:1|intens:21|8dff:15|Q3 (|stengam:1|intens:21|8dff:15|:12)
   -      6    C    07        DFF   +          0    1    0    1  |stengam:1|intens:21|8dff:15|Q4 (|stengam:1|intens:21|8dff:15|:15)
   -      1    C    07        DFF   +          0    1    0    4  |stengam:1|intens:21|8dff:15|Q5 (|stengam:1|intens:21|8dff:15|:18)
   -      2    A    08        OR2              1    3    1    0  |stengam:1|intens:21|INTEN0 (|stengam:1|intens:21|:20)
   -      3    A    08        OR2              1    3    1    0  |stengam:1|intens:21|INTEN1 (|stengam:1|intens:21|:21)
   -      4    A    08        OR2              1    3    1    0  |stengam:1|intens:21|INTEN2 (|stengam:1|intens:21|:22)


Code:

s = Synthesized pin or logic cell
+ = Synchronous flipflop
/ = Slow slew-rate output
! = NOT gate push-back
r = Fitter-inserted logic cell
^ = Increased input delay
$ = Driven by fast output logic cell
p = Packed register


Device-Specific Information:       d:\projects\pm5664\xilinxtrf\work\pga64.rpt
pga64

** FASTTRACK INTERCONNECT UTILIZATION **

Row FastTrack Interconnect:

          Global         Left Half-      Right Half-
         FastTrack       FastTrack       FastTrack 
Row     Interconnect    Interconnect    Interconnect    Input Pins     Output Pins     Bidir Pins
A:       4/ 96(  4%)    22/ 48( 45%)     1/ 48(  2%)    2/20( 10%)      0/20(  0%)     0/20(  0%)
B:       0/ 96(  0%)     0/ 48(  0%)     0/ 48(  0%)    0/20(  0%)      0/20(  0%)     0/20(  0%)
C:       1/ 96(  1%)    11/ 48( 22%)     0/ 48(  0%)    2/20( 10%)      0/20(  0%)     0/20(  0%)
D:       1/ 96(  1%)     0/ 48(  0%)     0/ 48(  0%)    1/20(  5%)      0/20(  0%)     0/20(  0%)
E:       0/ 96(  0%)     0/ 48(  0%)     0/ 48(  0%)    0/20(  0%)      0/20(  0%)     0/20(  0%)
F:       0/ 96(  0%)     3/ 48(  6%)     0/ 48(  0%)    2/20( 10%)      0/20(  0%)     0/20(  0%)


Column FastTrack Interconnect:

         FastTrack                                 
Column  Interconnect    Input Pins     Output Pins     Bidir Pins
01:      1/20(  5%)     1/4( 25%)      0/4(  0%)       0/4(  0%)
02:      1/20(  5%)     1/4( 25%)      0/4(  0%)       0/4(  0%)
03:      1/20(  5%)     1/4( 25%)      0/4(  0%)       0/4(  0%)
04:      3/20( 15%)     1/4( 25%)      0/4(  0%)       0/4(  0%)
05:      3/20( 15%)     0/4(  0%)      0/4(  0%)       0/4(  0%)
06:      1/20(  5%)     0/4(  0%)      0/4(  0%)       0/4(  0%)
07:      2/20( 10%)     0/4(  0%)      0/4(  0%)       0/4(  0%)
08:      0/20(  0%)     0/4(  0%)      1/4( 25%)       0/4(  0%)
09:      0/20(  0%)     0/4(  0%)      1/4( 25%)       0/4(  0%)
10:      0/20(  0%)     0/4(  0%)      0/4(  0%)       0/4(  0%)
11:      1/20(  5%)     0/4(  0%)      1/4( 25%)       0/4(  0%)
12:      0/20(  0%)     0/4(  0%)      0/4(  0%)       0/4(  0%)
13:      0/20(  0%)     0/4(  0%)      0/4(  0%)       0/4(  0%)
14:      0/20(  0%)     0/4(  0%)      0/4(  0%)       0/4(  0%)
15:      0/20(  0%)     0/4(  0%)      1/4( 25%)       0/4(  0%)
16:      0/20(  0%)     0/4(  0%)      0/4(  0%)       0/4(  0%)
17:      0/20(  0%)     0/4(  0%)      1/4( 25%)       0/4(  0%)
18:      0/20(  0%)     0/4(  0%)      1/4( 25%)       0/4(  0%)
19:      0/20(  0%)     0/4(  0%)      0/4(  0%)       0/4(  0%)
20:      0/20(  0%)     0/4(  0%)      0/4(  0%)       0/4(  0%)
21:      0/20(  0%)     0/4(  0%)      0/4(  0%)       0/4(  0%)
22:      0/20(  0%)     0/4(  0%)      0/4(  0%)       0/4(  0%)


Device-Specific Information:       d:\projects\pm5664\xilinxtrf\work\pga64.rpt
pga64

** CLOCK SIGNALS **

Type     Fan-out       Name
DFF         14         |stengam:1|gamut:20|linegawi:14|LPM_COUNTER:32|f8count:p8c0|QE
DFF         13         |stengam:1|gamut:20|linegawi:14|RE_LINE
DFF          9         |stengam:1|gamut:20|:17
DFF          8         |stengam:1|gamut:20|linegawi:14|LPM_COUNTER:30|f8count:p8c0|QC
INPUT        6         H
INPUT        5         _PSEN
DFF          4         |stengam:1|gamut:20|:22
INPUT        4         _FIELD
DFF          3         |stengam:1|gamut:20|linegawi:14|:14
DFF          2         |stengam:1|gamut:20|linegawi:14|:11
INPUT        1         CP1


Device-Specific Information:       d:\projects\pm5664\xilinxtrf\work\pga64.rpt
pga64

** CLEAR SIGNALS **

Type     Fan-out       Name
DFF         13         |stengam:1|gamut:20|linegawi:14|RE_LINE
LCELL        9         |stengam:1|gamut:20|:20


Device-Specific Information:       d:\projects\pm5664\xilinxtrf\work\pga64.rpt
pga64

** EQUATIONS **

AD2      : INPUT;
AD3      : INPUT;
AD4      : INPUT;
AD5      : INPUT;
AD6      : INPUT;
AD7      : INPUT;
CP1      : INPUT;
FIELD1   : INPUT;
H        : INPUT;
TB       : INPUT;
_FIELD   : INPUT;
_GRATBLK : INPUT;
_PSEN    : INPUT;

-- Node name is 'GAWI' 
-- Equation name is 'GAWI', type is output 
GAWI     =  _LC2_A6;

-- Node name is 'I0' 
-- Equation name is 'I0', type is output 
I0       =  _LC2_A8;

-- Node name is 'I1' 
-- Equation name is 'I1', type is output 
I1       =  _LC3_A8;

-- Node name is 'I2' 
-- Equation name is 'I2', type is output 
I2       =  _LC4_A8;

-- Node name is 'TVSYS' 
-- Equation name is 'TVSYS', type is output 
TVSYS    =  _LC1_A6;

-- Node name is '|stengam:1|dff6stk:23|:13' = '|stengam:1|dff6stk:23|Out0' 
-- Equation name is '_LC7_A8', type is buried 
_LC7_A8  = DFF( AD2, !_PSEN,  VCC,  VCC);

-- Node name is '|stengam:1|dff6stk:23|:14' = '|stengam:1|dff6stk:23|Out1' 
-- Equation name is '_LC9_A8', type is buried 
_LC9_A8  = DFF( AD3, !_PSEN,  VCC,  VCC);

-- Node name is '|stengam:1|dff6stk:23|:15' = '|stengam:1|dff6stk:23|Out2' 
-- Equation name is '_LC8_A8', type is buried 
_LC8_A8  = DFF( AD4, !_PSEN,  VCC,  VCC);

-- Node name is '|stengam:1|dff6stk:23|:16' = '|stengam:1|dff6stk:23|Out3' 
-- Equation name is '_LC7_C7', type is buried 
_LC7_C7  = DFF( AD5, !_PSEN,  VCC,  VCC);

-- Node name is '|stengam:1|dff6stk:23|:17' = '|stengam:1|dff6stk:23|Out4' 
-- Equation name is '_LC2_C7', type is buried 
_LC2_C7  = DFF( AD6, !_PSEN,  VCC,  VCC);

-- Node name is '|stengam:1|gamut:20|fdm:33|:8' = '|stengam:1|gamut:20|fdm:33|Q' 
-- Equation name is '_LC3_A12', type is buried 
_LC3_A12 = DFF( _EQ001,  _LC1_C4,  VCC,  VCC);
  _EQ001 =  _LC1_A6 &  _LC1_A12
         #  _LC1_A12 & !_LC4_F5
         # !_LC1_A6 &  _LC4_A12 &  _LC4_F5;

-- Node name is '|stengam:1|gamut:20|ffsrplus:25|:5' = '|stengam:1|gamut:20|ffsrplus:25|Q' 
-- Equation name is '_LC7_A6', type is buried 
_LC7_A6  = DFF( _EQ002,  _LC1_C4,  VCC,  VCC);
  _EQ002 = !_LC6_A6 &  _LC7_A6
         #  _LC3_A6 &  _LC3_A10 & !_LC6_A6;

-- Node name is '|stengam:1|gamut:20|ffsrplus:25|~6~1' 
-- Equation name is '_LC3_A6', type is buried 
-- synthesized logic cell 
_LC3_A6  = LCELL( _EQ003);
  _EQ003 = !_LC1_A6 & !_LC5_A10
         #  _LC1_A6 &  _LC6_A1 &  _LC7_A1;

-- Node name is '|stengam:1|gamut:20|ffsrplus:26|:5' = '|stengam:1|gamut:20|ffsrplus:26|Q' 
-- Equation name is '_LC4_A6', type is buried 
_LC4_A6  = DFF( _EQ004,  _LC1_C4,  VCC,  VCC);
  _EQ004 =  _LC4_A6 & !_LC5_F5
         # !_LC5_F5 &  _LC8_A6
         # !_LC4_A6 &  _LC8_A6;

-- Node name is '|stengam:1|gamut:20|ffsrplus:26|~6~1' 
-- Equation name is '_LC8_A6', type is buried 
-- synthesized logic cell 
_LC8_A6  = LCELL( _EQ005);
  _EQ005 = !_LC1_A6 &  _LC3_A1 &  _LC5_A10
         #  _LC1_A6 &  _LC2_A10;

-- Node name is '|stengam:1|gamut:20|ffsrplus:27|:5' = '|stengam:1|gamut:20|ffsrplus:27|Q' 
-- Equation name is '_LC9_A6', type is buried 
_LC9_A6  = DFF( _EQ006,  _LC1_C4,  VCC,  VCC);
  _EQ006 = !_LC5_F5 &  _LC9_A6
         #  _LC2_A10 & !_LC5_F5;

-- Node name is '|stengam:1|gamut:20|:39' = '|stengam:1|gamut:20|FIELDINT' 
-- Equation name is '_LC2_A12', type is buried 
_LC2_A12 = DFF( _LC3_A12,  _LC6_C4,  VCC,  VCC);

-- Node name is '|stengam:1|gamut:20|:40' = '|stengam:1|gamut:20|GAMWIN' 
-- Equation name is '_LC2_A6', type is buried 
_LC2_A6  = LCELL( _EQ007);
  _EQ007 =  _LC2_C4 & !_LC4_A6 &  _LC7_A6;

-- Node name is '|stengam:1|gamut:20|linedeco:13|:22' = '|stengam:1|gamut:20|linedeco:13|CHECKLI' 
-- Equation name is '_LC2_A10', type is buried 
!_LC2_A10 = _LC2_A10~NOT;
_LC2_A10~NOT = LCELL( _EQ008);
  _EQ008 = !_LC3_A10
         # !_LC5_A10
         # !_LC6_A1
         #  _LC8_A10;

-- Node name is '|stengam:1|gamut:20|linedeco:13|~22~1' = '|stengam:1|gamut:20|linedeco:13|CHECKLI~1' 
-- Equation name is '_LC8_A10', type is buried 
-- synthesized logic cell 
_LC8_A10 = LCELL( _EQ009);
  _EQ009 = !_LC9_A10
         #  _LC4_F5 & !_LC7_A1;

-- Node name is '|stengam:1|gamut:20|linegawi:14|:15' = '|stengam:1|gamut:20|linegawi:14|BLKPULS' 
-- Equation name is '_LC2_C2', type is buried 
_LC2_C2  = DFF(!_LC2_C2, !_LC6_C2,  VCC,  VCC);

-- Node name is '|stengam:1|gamut:20|linegawi:14|:36' = '|stengam:1|gamut:20|linegawi:14|GAWI_LI' 
-- Equation name is '_LC2_C4', type is buried 
_LC2_C4  = DFF( _EQ010, !_LC6_C9,  VCC,  VCC);
  _EQ010 =  _LC2_C4 &  _LC7_C4
         #  _LC7_C4 &  _LC8_C4;

-- Node name is '|stengam:1|gamut:20|linegawi:14|LPM_COUNTER:30|f8count:p8c0|:8' = '|stengam:1|gamut:20|linegawi:14|LPM_COUNTER:30|f8count:p8c0|QA' 
-- Equation name is '_LC8_C9', type is buried 
_LC8_C9  = DFF( _EQ011,  _LC6_C8,  VCC,  VCC);
  _EQ011 = !_LC2_C9 & !_LC8_C9;

-- Node name is '|stengam:1|gamut:20|linegawi:14|LPM_COUNTER:30|f8count:p8c0|:7' = '|stengam:1|gamut:20|linegawi:14|LPM_COUNTER:30|f8count:p8c0|QB' 
-- Equation name is '_LC3_C9', type is buried 
_LC3_C9  = DFF( _EQ012,  _LC6_C8,  VCC,  VCC);
  _EQ012 = !_LC2_C9 &  _LC3_C9 & !_LC8_C9
         # !_LC2_C9 & !_LC3_C9 &  _LC8_C9;

-- Node name is '|stengam:1|gamut:20|linegawi:14|LPM_COUNTER:30|f8count:p8c0|:6' = '|stengam:1|gamut:20|linegawi:14|LPM_COUNTER:30|f8count:p8c0|QC' 
-- Equation name is '_LC6_C9', type is buried 
_LC6_C9  = DFF( _EQ013,  _LC6_C8,  VCC,  VCC);
  _EQ013 = !_LC2_C9 & !_LC3_C9 &  _LC6_C9
         # !_LC2_C9 &  _LC6_C9 & !_LC8_C9
         # !_LC2_C9 &  _LC3_C9 & !_LC6_C9 &  _LC8_C9;

-- Node name is '|stengam:1|gamut:20|linegawi:14|LPM_COUNTER:32|f8count:p8c0|:8' = '|stengam:1|gamut:20|linegawi:14|LPM_COUNTER:32|f8count:p8c0|QA' 
-- Equation name is '_LC9_C4', type is buried 
_LC9_C4  = DFF( _EQ014, !_LC6_C9, !_LC1_C4,  VCC);
  _EQ014 = !_LC7_C4 &  _LC9_C4
         #  _LC7_C4 & !_LC9_C4;

-- Node name is '|stengam:1|gamut:20|linegawi:14|LPM_COUNTER:32|f8count:p8c0|:7' = '|stengam:1|gamut:20|linegawi:14|LPM_COUNTER:32|f8count:p8c0|QB' 
-- Equation name is '_LC4_C4', type is buried 
_LC4_C4  = DFF( _EQ015, !_LC6_C9, !_LC1_C4,  VCC);
  _EQ015 =  _LC4_C4 & !_LC9_C4
         #  _LC4_C4 & !_LC7_C4
         # !_LC4_C4 &  _LC7_C4 &  _LC9_C4;

-- Node name is '|stengam:1|gamut:20|linegawi:14|LPM_COUNTER:32|f8count:p8c0|:6' = '|stengam:1|gamut:20|linegawi:14|LPM_COUNTER:32|f8count:p8c0|QC' 
-- Equation name is '_LC8_C4', type is buried 
_LC8_C4  = DFF( _EQ016, !_LC6_C9, !_LC1_C4,  VCC);
  _EQ016 =  _LC8_C4 & !_LC9_C4
         # !_LC7_C4 &  _LC8_C4
         # !_LC4_C4 &  _LC8_C4
         #  _LC4_C4 &  _LC7_C4 & !_LC8_C4 &  _LC9_C4;

-- Node name is '|stengam:1|gamut:20|linegawi:14|LPM_COUNTER:32|f8count:p8c0|:5' = '|stengam:1|gamut:20|linegawi:14|LPM_COUNTER:32|f8count:p8c0|QD' 
-- Equation name is '_LC5_C4', type is buried 
_LC5_C4  = DFF( _EQ017, !_LC6_C9, !_LC1_C4,  VCC);
  _EQ017 = !_LC3_C4 &  _LC5_C4
         #  _LC3_C4 & !_LC5_C4;

-- Node name is '|stengam:1|gamut:20|linegawi:14|LPM_COUNTER:32|f8count:p8c0|:4' = '|stengam:1|gamut:20|linegawi:14|LPM_COUNTER:32|f8count:p8c0|QE' 
-- Equation name is '_LC6_C4', type is buried 
_LC6_C4  = DFF( _EQ018, !_LC6_C9, !_LC1_C4,  VCC);
  _EQ018 = !_LC5_C4 &  _LC6_C4
         # !_LC3_C4 &  _LC6_C4
         #  _LC3_C4 &  _LC5_C4 & !_LC6_C4;

-- Node name is '|stengam:1|gamut:20|linegawi:14|LPM_COUNTER:32|f8count:p8c0|:3' = '|stengam:1|gamut:20|linegawi:14|LPM_COUNTER:32|f8count:p8c0|QF' 
-- Equation name is '_LC10_C4', type is buried 
_LC10_C4 = DFF( _EQ019, !_LC6_C9, !_LC1_C4,  VCC);
  _EQ019 = !_LC6_C4 &  _LC10_C4
         # !_LC5_C4 &  _LC10_C4
         # !_LC3_C4 &  _LC10_C4
         #  _LC3_C4 &  _LC5_C4 &  _LC6_C4 & !_LC10_C4;

-- Node name is '|stengam:1|gamut:20|linegawi:14|LPM_COUNTER:32|f8count:p8c0|:289' 
-- Equation name is '_LC3_C4', type is buried 
_LC3_C4  = LCELL( _EQ020);
  _EQ020 =  _LC4_C4 &  _LC7_C4 &  _LC8_C4 &  _LC9_C4;

-- Node name is '|stengam:1|gamut:20|linegawi:14|:27' = '|stengam:1|gamut:20|linegawi:14|RE_LINE' 
-- Equation name is '_LC1_C4', type is buried 
_LC1_C4  = DFF( _LC2_C9, !_LC6_C8,  VCC,  VCC);

-- Node name is '|stengam:1|gamut:20|linegawi:14|:11' 
-- Equation name is '_LC6_C11', type is buried 
_LC6_C11 = DFF( _EQ021,  _LC6_C8,  VCC,  VCC);
  _EQ021 = !_LC6_C11
         # !_LC2_C2 & !_LC2_C9 &  _LC6_C2;

-- Node name is '|stengam:1|gamut:20|linegawi:14|:14' 
-- Equation name is '_LC6_C2', type is buried 
_LC6_C2  = DFF(!_LC6_C2, !_LC6_C11,  VCC,  VCC);

-- Node name is '|stengam:1|gamut:20|linegawi:14|:22' 
-- Equation name is '_LC7_C9', type is buried 
_LC7_C9  = DFF(!H,  _LC6_C8,  VCC,  VCC);

-- Node name is '|stengam:1|gamut:20|linegawi:14|:23' 
-- Equation name is '_LC1_C9', type is buried 
_LC1_C9  = DFF( _LC7_C9,  _LC6_C8,  VCC,  VCC);

-- Node name is '|stengam:1|gamut:20|linegawi:14|:26' 
-- Equation name is '_LC2_C9', type is buried 
_LC2_C9  = DFF( _EQ022,  _LC6_C8,  VCC,  VCC);
  _EQ022 = !_LC1_C9 & !_LC7_C4 &  _LC7_C9;

-- Node name is '|stengam:1|gamut:20|linegawi:14|:33' 
-- Equation name is '_LC7_C4', type is buried 
_LC7_C4  = LCELL( _EQ023);
  _EQ023 = !_LC8_C4
         # !_LC5_C4
         # !_LC10_C4
         # !_LC4_C4;

-- Node name is '|stengam:1|gamut:20|LPM_COUNTER:15|f8count:p8c0|:8' = '|stengam:1|gamut:20|LPM_COUNTER:15|f8count:p8c0|QA' 
-- Equation name is '_LC7_A1', type is buried 
_LC7_A1  = DFF( _EQ024,  _LC6_C4, !_LC2_F5,  VCC);
  _EQ024 =  _LC2_A10 &  _LC7_A1
         # !_LC2_A10 & !_LC7_A1;

-- Node name is '|stengam:1|gamut:20|LPM_COUNTER:15|f8count:p8c0|:7' = '|stengam:1|gamut:20|LPM_COUNTER:15|f8count:p8c0|QB' 
-- Equation name is '_LC3_A1', type is buried 
_LC3_A1  = DFF( _EQ025,  _LC6_C4, !_LC2_F5,  VCC);
  _EQ025 =  _LC3_A1 & !_LC7_A1
         #  _LC2_A10 &  _LC3_A1
         # !_LC2_A10 & !_LC3_A1 &  _LC7_A1;

-- Node name is '|stengam:1|gamut:20|LPM_COUNTER:15|f8count:p8c0|:6' = '|stengam:1|gamut:20|LPM_COUNTER:15|f8count:p8c0|QC' 
-- Equation name is '_LC6_A1', type is buried 
_LC6_A1  = DFF( _EQ026,  _LC6_C4, !_LC2_F5,  VCC);
  _EQ026 =  _LC6_A1 & !_LC7_A1
         #  _LC2_A10 &  _LC6_A1
         # !_LC3_A1 &  _LC6_A1
         # !_LC2_A10 &  _LC3_A1 & !_LC6_A1 &  _LC7_A1;

-- Node name is '|stengam:1|gamut:20|LPM_COUNTER:15|f8count:p8c0|:5' = '|stengam:1|gamut:20|LPM_COUNTER:15|f8count:p8c0|QD' 
-- Equation name is '_LC7_A10', type is buried 
_LC7_A10 = DFF( _EQ027,  _LC6_C4, !_LC2_F5,  VCC);
  _EQ027 = !_LC6_A1 &  _LC7_A10
         #  _LC7_A10 & !_LC10_A1
         #  _LC6_A1 & !_LC7_A10 &  _LC10_A1;

-- Node name is '|stengam:1|gamut:20|LPM_COUNTER:15|f8count:p8c0|:4' = '|stengam:1|gamut:20|LPM_COUNTER:15|f8count:p8c0|QE' 
-- Equation name is '_LC3_A10', type is buried 
_LC3_A10 = DFF( _EQ028,  _LC6_C4, !_LC2_F5,  VCC);
  _EQ028 =  _LC3_A10 & !_LC6_A1
         #  _LC3_A10 & !_LC10_A1
         #  _LC3_A10 & !_LC7_A10
         # !_LC3_A10 &  _LC6_A1 &  _LC7_A10 &  _LC10_A1;

-- Node name is '|stengam:1|gamut:20|LPM_COUNTER:15|f8count:p8c0|:3' = '|stengam:1|gamut:20|LPM_COUNTER:15|f8count:p8c0|QF' 
-- Equation name is '_LC9_A10', type is buried 
_LC9_A10 = DFF( _EQ029,  _LC6_C4, !_LC2_F5,  VCC);
  _EQ029 = !_LC4_A10 &  _LC9_A10
         #  _LC4_A10 & !_LC9_A10;

-- Node name is '|stengam:1|gamut:20|LPM_COUNTER:15|f8count:p8c0|:2' = '|stengam:1|gamut:20|LPM_COUNTER:15|f8count:p8c0|QG' 
-- Equation name is '_LC10_A10', type is buried 
_LC10_A10 = DFF( _EQ030,  _LC6_C4, !_LC2_F5,  VCC);
  _EQ030 = !_LC9_A10 &  _LC10_A10
         # !_LC4_A10 &  _LC10_A10
         #  _LC4_A10 &  _LC9_A10 & !_LC10_A10;

-- Node name is '|stengam:1|gamut:20|LPM_COUNTER:15|f8count:p8c0|:1' = '|stengam:1|gamut:20|LPM_COUNTER:15|f8count:p8c0|QH' 
-- Equation name is '_LC1_A10', type is buried 
_LC1_A10 = DFF( _EQ031,  _LC6_C4, !_LC2_F5,  VCC);
  _EQ031 =  _LC1_A10 & !_LC6_A10
         # !_LC1_A10 &  _LC6_A10;

-- Node name is '|stengam:1|gamut:20|LPM_COUNTER:15|f8count:p8c0|:287' 
-- Equation name is '_LC10_A1', type is buried 
_LC10_A1 = LCELL( _EQ032);
  _EQ032 = !_LC2_A10 &  _LC3_A1 &  _LC7_A1;

-- Node name is '|stengam:1|gamut:20|LPM_COUNTER:15|f8count:p8c0|:293' 
-- Equation name is '_LC4_A10', type is buried 
_LC4_A10 = LCELL( _EQ033);
  _EQ033 =  _LC3_A10 &  _LC6_A1 &  _LC7_A10 &  _LC10_A1;

-- Node name is '|stengam:1|gamut:20|LPM_COUNTER:15|f8count:p8c0|:297' 
-- Equation name is '_LC6_A10', type is buried 
_LC6_A10 = LCELL( _EQ034);
  _EQ034 =  _LC4_A10 &  _LC9_A10 &  _LC10_A10;

-- Node name is '|stengam:1|gamut:20|LPM_COUNTER:15|f8count:p8c1|:8' = '|stengam:1|gamut:20|LPM_COUNTER:15|f8count:p8c1|QA' 
-- Equation name is '_LC5_A10', type is buried 
_LC5_A10 = DFF( _EQ035,  _LC6_C4, !_LC2_F5,  VCC);
  _EQ035 = !_LC1_A10 &  _LC5_A10
         #  _LC2_A10 &  _LC5_A10
         #  _LC5_A10 & !_LC6_A10
         #  _LC1_A10 & !_LC2_A10 & !_LC5_A10 &  _LC6_A10;

-- Node name is '|stengam:1|gamut:20|:28' = '|stengam:1|gamut:20|TVSYS' 
-- Equation name is '_LC1_A6', type is buried 
_LC1_A6  = DFF( _LC9_A6,  _LC5_F5,  VCC,  VCC);

-- Node name is '|stengam:1|gamut:20|:17' 
-- Equation name is '_LC6_C8', type is buried 
_LC6_C8  = DFF(!_LC6_C8, GLOBAL( CP1),  VCC,  VCC);

-- Node name is '|stengam:1|gamut:20|:18' 
-- Equation name is '_LC4_F5', type is buried 
_LC4_F5  = DFF( FIELD1,  _FIELD,  VCC,  VCC);

-- Node name is '|stengam:1|gamut:20|:19' 
-- Equation name is '_LC6_F5', type is buried 
_LC6_F5  = DFF( _FIELD, !_LC6_C4,  VCC,  VCC);

-- Node name is '|stengam:1|gamut:20|:20' 
-- Equation name is '_LC2_F5', type is buried 
!_LC2_F5 = _LC2_F5~NOT;
_LC2_F5~NOT = LCELL( _EQ036);
  _EQ036 =  _FIELD
         # !_LC6_F5;

-- Node name is '|stengam:1|gamut:20|:22' 
-- Equation name is '_LC5_F5', type is buried 
_LC5_F5  = DFF( _EQ037, !_LC6_C4,  VCC,  VCC);
  _EQ037 = !_FIELD &  _LC6_F5;

-- Node name is '|stengam:1|gamut:20|:29' 
-- Equation name is '_LC5_A6', type is buried 
_LC5_A6  = DFF( _EQ038,  _LC1_C4,  VCC,  VCC);
  _EQ038 = !_LC4_A6 &  _LC7_A6;

-- Node name is '|stengam:1|gamut:20|:30' 
-- Equation name is '_LC1_A12', type is buried 
_LC1_A12 = DFF( _LC5_A6,  _LC1_C4,  VCC,  VCC);

-- Node name is '|stengam:1|gamut:20|:31' 
-- Equation name is '_LC4_A12', type is buried 
_LC4_A12 = DFF( _LC1_A12,  _LC1_C4,  VCC,  VCC);

-- Node name is '|stengam:1|gamut:20|:36' 
-- Equation name is '_LC6_A6', type is buried 
!_LC6_A6 = _LC6_A6~NOT;
_LC6_A6~NOT = LCELL( _EQ039);
  _EQ039 = !_LC5_F5
         # !_LC4_A6;

-- Node name is '|stengam:1|intens:21|:20' = '|stengam:1|intens:21|INTEN0' 
-- Equation name is '_LC2_A8', type is buried 
_LC2_A8  = LCELL( _EQ040);
  _EQ040 =  _LC1_A8
         #  _LC1_C7 &  TB
         #  _LC3_C7;

-- Node name is '|stengam:1|intens:21|:21' = '|stengam:1|intens:21|INTEN1' 
-- Equation name is '_LC3_A8', type is buried 
_LC3_A8  = LCELL( _EQ041);
  _EQ041 =  _LC3_C7
         #  _LC1_C7 &  TB
         #  _LC6_A8;

-- Node name is '|stengam:1|intens:21|:22' = '|stengam:1|intens:21|INTEN2' 
-- Equation name is '_LC4_A8', type is buried 
_LC4_A8  = LCELL( _EQ042);
  _EQ042 =  _LC5_A8
         #  _LC1_C7 &  TB
         #  _LC3_C7;

-- Node name is '|stengam:1|intens:21|MUX41:17|~6~1' = '|stengam:1|intens:21|MUX41:17|Q~1' 
-- Equation name is '_LC3_C7', type is buried 
-- synthesized logic cell 
_LC3_C7  = LCELL( _EQ043);
  _EQ043 = !_GRATBLK & !_LC1_C7 &  _LC6_C7
         #  _LC1_C7 &  _LC2_C2 &  _LC6_C7;

-- Node name is '|stengam:1|intens:21|8dff:15|:1' = '|stengam:1|intens:21|8dff:15|Q1' 
-- Equation name is '_LC1_A8', type is buried 
_LC1_A8  = DFF( _LC7_A8, GLOBAL(!H),  VCC,  VCC);

-- Node name is '|stengam:1|intens:21|8dff:15|:9' = '|stengam:1|intens:21|8dff:15|Q2' 
-- Equation name is '_LC6_A8', type is buried 
_LC6_A8  = DFF( _LC9_A8, GLOBAL(!H),  VCC,  VCC);

-- Node name is '|stengam:1|intens:21|8dff:15|:12' = '|stengam:1|intens:21|8dff:15|Q3' 
-- Equation name is '_LC5_A8', type is buried 
_LC5_A8  = DFF( _LC8_A8, GLOBAL(!H),  VCC,  VCC);

-- Node name is '|stengam:1|intens:21|8dff:15|:15' = '|stengam:1|intens:21|8dff:15|Q4' 
-- Equation name is '_LC6_C7', type is buried 
_LC6_C7  = DFF( _LC2_C7, GLOBAL(!H),  VCC,  VCC);

-- Node name is '|stengam:1|intens:21|8dff:15|:18' = '|stengam:1|intens:21|8dff:15|Q5' 
-- Equation name is '_LC1_C7', type is buried 
_LC1_C7  = DFF( _LC7_C7, GLOBAL(!H),  VCC,  VCC);

-- Node name is '_FIELDINT' 
-- Equation name is '_FIELDINT', type is output 
_FIELDINT =  _LC2_A12;



Project Information                d:\projects\pm5664\xilinxtrf\work\pga64.rpt

** COMPILATION SETTINGS & TIMES **

Processing Menu Commands
------------------------

Design Doctor                             = off

Logic Synthesis:

   Synthesis Type Used                    = Multi-Level

   Default Synthesis Style                = NORMAL

      Logic option settings in 'NORMAL' style for 'FLEX6000' family

      CARRY_CHAIN                         = ignore
      CARRY_CHAIN_LENGTH                  = 32
      CASCADE_CHAIN                       = ignore
      CASCADE_CHAIN_LENGTH                = 2
      DECOMPOSE_GATES                     = on
      DUPLICATE_LOGIC_EXTRACTION          = on
      MINIMIZATION                        = full
      MULTI_LEVEL_FACTORING               = on
      NOT_GATE_PUSH_BACK                  = on
      REDUCE_LOGIC                        = on
      REFACTORIZATION                     = on
      REGISTER_OPTIMIZATION               = on
      RESYNTHESIZE_NETWORK                = on
      SLOW_SLEW_RATE                      = off
      SUBFACTOR_EXTRACTION                = on
      IGNORE_SOFT_BUFFERS                 = on
      USE_LPM_FOR_AHDL_OPERATORS          = off

   Other logic synthesis settings:

      Automatic Global Clock              = on
      Automatic Global Clear              = on
      Automatic Global Preset             = on
      Automatic Global Output Enable      = on
      Automatic Fast I/O                  = off
      Automatic Register Packing          = off
      Automatic Open-Drain Pins           = on
      Automatic Implement in EAB          = off
      Optimize                            = 5

Default Timing Specifications: None

Cut All Bidir Feedback Timing Paths       = on
Cut All Clear & Preset Timing Paths       = on

Ignore Timing Assignments                 = off

Functional SNF Extractor                  = off

Linked SNF Extractor                      = off
Timing SNF Extractor                      = on
Optimize Timing SNF                       = off
Generate AHDL TDO File                    = off
Fitter Settings                           = NORMAL
Smart Recompile                           = off
Total Recompile                           = off

Interfaces Menu Commands
------------------------

EDIF Netlist Writer                       = off
Verilog Netlist Writer                    = off
VHDL Netlist Writer                       = off

Compilation Times
-----------------

   Compiler Netlist Extractor             00:00:02
   Database Builder                       00:00:02
   Logic Synthesizer                      00:00:04
   Partitioner                            00:00:03
   Fitter                                 00:00:15
   Timing SNF Extractor                   00:00:02
   Assembler                              00:00:04
   --------------------------             --------
   Total Time                             00:00:32


Memory Allocated
-----------------

Peak memory allocated during compilation  = 12,157K
