iMPACT Version: G.38
iMPACT log file Started on 2005/07/13 14:34:57
// *** BATCH CMD : setPreference -pref UserLevel:NOVICE
// *** BATCH CMD : setPreference -pref MessageLevel:DETAILED
// *** BATCH CMD : setPreference -pref ConcurrentMode:FALSE
// *** BATCH CMD : setPreference -pref UseHighz:FALSE
// *** BATCH CMD : setPreference -pref ConfigOnFailure:STOP
// *** BATCH CMD : setPreference -pref StartupCLock:AUTO_CORRECTION
// *** BATCH CMD : setPreference -pref AutoSignature:FALSE
// *** BATCH CMD : setPreference -pref KeepSVF:FALSE
// *** BATCH CMD : setPreference -pref svfUseTime:FALSE
// *** BATCH CMD : setPreference -pref UserLevel:NOVICE
// *** BATCH CMD : setPreference -pref MessageLevel:DETAILED
// *** BATCH CMD : setPreference -pref ConcurrentMode:FALSE
// *** BATCH CMD : setPreference -pref UseHighz:FALSE
// *** BATCH CMD : setPreference -pref ConfigOnFailure:STOP
// *** BATCH CMD : setPreference -pref StartupCLock:AUTO_CORRECTION
// *** BATCH CMD : setPreference -pref AutoSignature:FALSE
// *** BATCH CMD : setPreference -pref KeepSVF:FALSE
// *** BATCH CMD : setPreference -pref svfUseTime:FALSE
GUI --- Boundary-Scan Mode selected
// *** BATCH CMD : setMode -bs
xc18v01_pc20
xc18v01_so20
xc18v01_vq44
xc18v02_pc44
xc18v02_vq44
xc18v04_pc44
xc18v04_vq44
xcf01s_vo20
xcf02s_vo20
xcf04s_vo20
xcf08p_fs48
xcf08p_vo48
xcf16p_fs48
xcf16p_vo48
xcf32p_fs48
xcf32p_vo48
// *** BATCH CMD : addDevice -position 1 -part "xcf02s"
INFO:iMPACT:1777 - 
Reading C:/Xilinx/xcf/data/xcf02s.bsd...
Reading C:/Xilinx/xcf/data/xcf02s.bsd...
INFO:iMPACT:501 - '1': Added Device xcf02s successfully.
----------------------------------------------------------------------
----------------------------------------------------------------------
// *** BATCH CMD : setAttribute -position 1 -attr configFileName -value "F:\PT8611\Xilinx\fpga_version\v5_debug\TrilevelModule\trilevelmodule.mcs"
'1': Loading file 'F:\PT8611\Xilinx\fpga_version\v5_debug\TrilevelModule\trilevelmodule.mcs' ...
done.
GUI --- Add one device.
GUI --- #1	xcf02s	F:\PT8611\Xilinx\fpga_version\v5_debug\TrilevelModule\trilevelmodule.mcs
*****   Closing iMPACT program.   *****
