# Xilinx CORE Generator 6.3.03i
# User = thh
Initializing default project...
Loading plug-ins...
All runtime messages will be recorded in F:\PT8611\Xilinx\fpga_version\v5_debug\TrilevelModule\coregen.log
# busformat=BusFormatAngleBracketNotRipped
# designflow=VHDL
# expandedprojectpath=F:\PT8611\Xilinx\fpga_version\v5_debug\TrilevelModule
# flowvendor=Foundation_iSE
# formalverification=None
# simulationoutputproducts=VHDL
# xilinxfamily=Virtex2
# outputoption=DesignFlow
# overwritefiles=Default
# simvendor=ModelSim
# expandedprojectpath=F:\PT8611\Xilinx\fpga_version\v5_debug\TrilevelModule
SETPROJECT .
Set current Project to F:\PT8611\Xilinx\fpga_version\v5_debug\TrilevelModule
SET BusFormat = BusFormatAngleBracketNotRipped
SETXIPCPORTHOST 1059
XIPCPJSENDCORES spartan3
