 command line:
   ./test_LTC_isim_beh.exe
     -intstyle  ise
     -ipchost  localhost
     -ipcport  49975

Thu Jan 24 15:15:18 2008

Total Line Count : 320

 Elaboration time : 0 sec.

 Estimate current memory usage : 127.209 Meg. 

 Total Signals          : 81
 Total Nets             : 267
 Total Signal Drivers   : 45
 Total Blocks           : 9
 Total Primitive Blocks : 4
 Total Processes        : 30
 Total Traceable Variables  : 29
 Total Scalar Nets and Variables : 480
ntrace select -o on -n /test_LTC/ltc_code_o 
ntrace select -o on -n /test_LTC/UUT/ltc_sync 
ntrace select -o on -n /test_LTC/UUT/ltc_clock_tick 
ntrace select -o on -n /test_LTC/UUT/ltc_frame_tick 
ntrace select -o on -n /test_LTC/UUT/LTC_frame_count/hour_tens_o 
ntrace select -o on -n /test_LTC/UUT/LTC_frame_count/hour_units_o 
ntrace select -o on -n /test_LTC/UUT/LTC_frame_count/min_tens_o 
ntrace select -o on -n /test_LTC/UUT/LTC_frame_count/min_units_o 
ntrace select -o on -n /test_LTC/UUT/LTC_frame_count/sec_tens_o 
ntrace select -o on -n /test_LTC/UUT/LTC_frame_count/sec_units_o 
ntrace select -o on -n /test_LTC/UUT/LTC_frame_count/frame_tens_o 
ntrace select -o on -n /test_LTC/UUT/LTC_frame_count/frame_units_o 
ntrace select -o on -n /test_LTC/UUT/LTC_frame_count/count_sec 
ntrace select -o on -n /test_LTC/clk_i 
ntrace select -o on -n /test_LTC/sync_i 
ntrace start 
isimrun 13000 ns 
Simulator is doing circuit initialization process.
Finished circuit initialization process.
isimrun 1000 ns 
isimrun 1000 ns 
isimrun 1000 ns 
isimrun 100000 ns 
isimrun 100000 us 
isimstop -s 

 Simulation time 5.81884 sec.

 Estimate current memory usage : 135.598 Meg. 

Thu Jan 24 15:16:58 2008

