Release 12.4 - ngc2edif M.81d (nt)
Copyright (c) 1995-2010 Xilinx, Inc.  All rights reserved.
Reading design FPGA_main.ngc ...
WARNING:NetListWriters:298 - No output is written to FPGA_main.xncf, ignored.
Processing design ...
   Preping design's networks ...
   Preping design's macros ...
  finished :Prep
Writing EDIF netlist file FPGA_main.edif ...
ngc2edif: Total memory usage is 50268 kilobytes

Release 12.4 - ngc2edif M.81d (nt)
Copyright (c) 1995-2010 Xilinx, Inc.  All rights reserved.
Reading design Chipscope.ngc ...
WARNING:NetListWriters:298 - No output is written to Chipscope.xncf, ignored.
Processing design ...
   Preping design's networks ...
   Preping design's macros ...
WARNING:NetListWriters:306 - Signal bus
   U0/I_YES_D.U_ILA/U_G2_SQ.U_CAPCTRL/U_CAP_ADDRGEN/U_SCNT_CMP/I_SRL16.U_GAND_SR
   L16/sel<11 : 0> on block Chipscope is not reconstructed, because there are
   some missing bus signals.
WARNING:NetListWriters:306 - Signal bus
   U0/I_YES_D.U_ILA/U_G2_SQ.U_CAPCTRL/U_CAP_ADDRGEN/U_WCNT_HCMP/I_SRL16.U_GAND_S
   RL16/sel<11 : 0> on block Chipscope is not reconstructed, because there are
   some missing bus signals.
WARNING:NetListWriters:306 - Signal bus
   U0/I_YES_D.U_ILA/U_G2_SQ.U_CAPCTRL/U_CAP_ADDRGEN/U_WCNT_LCMP/I_SRL16.U_GAND_S
   RL16/sel<11 : 0> on block Chipscope is not reconstructed, because there are
   some missing bus signals.
WARNING:NetListWriters:306 - Signal bus
   U0/I_YES_D.U_ILA/U_RST/U_ARM_XFER/iDOUT_dly<4 : 0> on block Chipscope is not
   reconstructed, because there are some missing bus signals.
WARNING:NetListWriters:306 - Signal bus
   U0/I_YES_D.U_ILA/U_RST/U_HALT_XFER/iDOUT_dly<2 : 0> on block Chipscope is not
   reconstructed, because there are some missing bus signals.
WARNING:NetListWriters:306 - Signal bus U0/I_YES_D.U_ILA/U_STAT/DSTAT<5 : 0> on
   block Chipscope is not reconstructed, because there are some missing bus
   signals.
  finished :Prep
Writing EDIF netlist file Chipscope.edif ...
ngc2edif: Total memory usage is 47196 kilobytes

Release 12.4 - ngc2edif M.81d (nt)
Copyright (c) 1995-2010 Xilinx, Inc.  All rights reserved.
Reading design Chipscope_ctrl.ngc ...
WARNING:NetListWriters:298 - No output is written to Chipscope_ctrl.xncf,
   ignored.
Processing design ...
   Preping design's networks ...
   Preping design's macros ...
WARNING:NetListWriters:306 - Signal bus U0/U_ICON/iCORE_ID_SEL<15 : 0> on block
   Chipscope_ctrl is not reconstructed, because there are some missing bus
   signals.
  finished :Prep
Writing EDIF netlist file Chipscope_ctrl.edif ...
ngc2edif: Total memory usage is 47132 kilobytes

Release 12.4 - ngc2edif M.81d (nt)
Copyright (c) 1995-2010 Xilinx, Inc.  All rights reserved.
Reading design FPGA_main.ngc ...
WARNING:NetListWriters:298 - No output is written to FPGA_main.xncf, ignored.
Processing design ...
   Preping design's networks ...
   Preping design's macros ...
WARNING:NetListWriters:306 - Signal bus period_count_mux0003<15 : 0> on block
   LTC_clockgen_NO1 is not reconstructed, because there are some missing bus
   signals.
WARNING:NetListWriters:306 - Signal bus ltc_frame<14 : 0> on block
   LTC_generator_NO1 is not reconstructed, because there are some missing bus
   signals.
WARNING:NetListWriters:306 - Signal bus period_count_mux0003<15 : 0> on block
   LTC_clockgen is not reconstructed, because there are some missing bus
   signals.
WARNING:NetListWriters:306 - Signal bus ltc_frame<14 : 0> on block LTC_generator
   is not reconstructed, because there are some missing bus signals.
WARNING:NetListWriters:306 - Signal bus
   Mcompar_integrator_limit_cmp_gt0000_lut<14 : 0> on block digital_phase_loop
   is not reconstructed, because there are some missing bus signals.
WARNING:NetListWriters:306 - Signal bus Mcompar_out_sum_limit_cmp_gt0000_lut<11
   : 0> on block digital_phase_loop is not reconstructed, because there are some
   missing bus signals.
WARNING:NetListWriters:306 - Signal bus integrator<25 : 0> on block
   digital_phase_loop is not reconstructed, because there are some missing bus
   signals.
WARNING:NetListWriters:306 - Signal bus integrator_limit<23 : 8> on block
   digital_phase_loop is not reconstructed, because there are some missing bus
   signals.
WARNING:NetListWriters:306 - Signal bus phase_count_mux0001<9 : 0> on block
   digital_pll_phase_detector is not reconstructed, because there are some
   missing bus signals.
WARNING:NetListWriters:306 - Signal bus
   Mcompar_integrator_limit_cmp_gt0000_lut<16 : 0> on block GPS_phase_loop is
   not reconstructed, because there are some missing bus signals.
WARNING:NetListWriters:306 - Signal bus Mcompar_out_sum_limit_cmp_gt0000_lut<13
   : 0> on block GPS_phase_loop is not reconstructed, because there are some
   missing bus signals.
WARNING:NetListWriters:306 - Signal bus integrator_limit<23 : 8> on block
   GPS_phase_loop is not reconstructed, because there are some missing bus
   signals.
WARNING:NetListWriters:306 - Signal bus integrator_mux0003<34 : 9> on block
   GPS_phase_loop is not reconstructed, because there are some missing bus
   signals.
WARNING:NetListWriters:306 - Signal bus out_sum_mux0001<24 : 3> on block
   GPS_phase_loop is not reconstructed, because there are some missing bus
   signals.
WARNING:NetListWriters:306 - Signal bus time_out_mux0009<21 : 3> on block
   I2C_engine is not reconstructed, because there are some missing bus signals.
  finished :Prep
Writing EDIF netlist file FPGA_main.edif ...
ngc2edif: Total memory usage is 50076 kilobytes

Release 12.4 - ngc2edif M.81d (nt)
Copyright (c) 1995-2010 Xilinx, Inc.  All rights reserved.
Reading design Chipscope.ngc ...
WARNING:NetListWriters:298 - No output is written to Chipscope.xncf, ignored.
Processing design ...
   Preping design's networks ...
   Preping design's macros ...
WARNING:NetListWriters:306 - Signal bus
   U0/I_YES_D.U_ILA/U_G2_SQ.U_CAPCTRL/U_CAP_ADDRGEN/U_SCNT_CMP/I_SRL16.U_GAND_SR
   L16/sel<11 : 0> on block Chipscope is not reconstructed, because there are
   some missing bus signals.
WARNING:NetListWriters:306 - Signal bus
   U0/I_YES_D.U_ILA/U_G2_SQ.U_CAPCTRL/U_CAP_ADDRGEN/U_WCNT_HCMP/I_SRL16.U_GAND_S
   RL16/sel<11 : 0> on block Chipscope is not reconstructed, because there are
   some missing bus signals.
WARNING:NetListWriters:306 - Signal bus
   U0/I_YES_D.U_ILA/U_G2_SQ.U_CAPCTRL/U_CAP_ADDRGEN/U_WCNT_LCMP/I_SRL16.U_GAND_S
   RL16/sel<11 : 0> on block Chipscope is not reconstructed, because there are
   some missing bus signals.
WARNING:NetListWriters:306 - Signal bus
   U0/I_YES_D.U_ILA/U_RST/U_ARM_XFER/iDOUT_dly<4 : 0> on block Chipscope is not
   reconstructed, because there are some missing bus signals.
WARNING:NetListWriters:306 - Signal bus
   U0/I_YES_D.U_ILA/U_RST/U_HALT_XFER/iDOUT_dly<2 : 0> on block Chipscope is not
   reconstructed, because there are some missing bus signals.
WARNING:NetListWriters:306 - Signal bus U0/I_YES_D.U_ILA/U_STAT/DSTAT<5 : 0> on
   block Chipscope is not reconstructed, because there are some missing bus
   signals.
  finished :Prep
Writing EDIF netlist file Chipscope.edif ...
ngc2edif: Total memory usage is 47004 kilobytes

Release 12.4 - ngc2edif M.81d (nt)
Copyright (c) 1995-2010 Xilinx, Inc.  All rights reserved.
Reading design Chipscope_ctrl.ngc ...
WARNING:NetListWriters:298 - No output is written to Chipscope_ctrl.xncf,
   ignored.
Processing design ...
   Preping design's networks ...
   Preping design's macros ...
WARNING:NetListWriters:306 - Signal bus U0/U_ICON/iCORE_ID_SEL<15 : 0> on block
   Chipscope_ctrl is not reconstructed, because there are some missing bus
   signals.
  finished :Prep
Writing EDIF netlist file Chipscope_ctrl.edif ...
ngc2edif: Total memory usage is 46940 kilobytes

Release 12.4 - ngc2edif M.81d (nt)
Copyright (c) 1995-2010 Xilinx, Inc.  All rights reserved.
Reading design FPGA_main.ngc ...
WARNING:NetListWriters:298 - No output is written to FPGA_main.xncf, ignored.
Processing design ...
   Preping design's networks ...
   Preping design's macros ...
WARNING:NetListWriters:306 - Signal bus period_count_mux0003<15 : 0> on block
   LTC_clockgen_NO1 is not reconstructed, because there are some missing bus
   signals.
WARNING:NetListWriters:306 - Signal bus ltc_frame<14 : 0> on block
   LTC_generator_NO1 is not reconstructed, because there are some missing bus
   signals.
WARNING:NetListWriters:306 - Signal bus period_count_mux0003<15 : 0> on block
   LTC_clockgen is not reconstructed, because there are some missing bus
   signals.
WARNING:NetListWriters:306 - Signal bus ltc_frame<14 : 0> on block LTC_generator
   is not reconstructed, because there are some missing bus signals.
WARNING:NetListWriters:306 - Signal bus
   Mcompar_integrator_limit_cmp_gt0000_lut<14 : 0> on block digital_phase_loop
   is not reconstructed, because there are some missing bus signals.
WARNING:NetListWriters:306 - Signal bus Mcompar_out_sum_limit_cmp_gt0000_lut<11
   : 0> on block digital_phase_loop is not reconstructed, because there are some
   missing bus signals.
WARNING:NetListWriters:306 - Signal bus integrator<25 : 0> on block
   digital_phase_loop is not reconstructed, because there are some missing bus
   signals.
WARNING:NetListWriters:306 - Signal bus integrator_limit<23 : 8> on block
   digital_phase_loop is not reconstructed, because there are some missing bus
   signals.
WARNING:NetListWriters:306 - Signal bus phase_count_mux0001<9 : 0> on block
   digital_pll_phase_detector is not reconstructed, because there are some
   missing bus signals.
WARNING:NetListWriters:306 - Signal bus
   Mcompar_integrator_limit_cmp_gt0000_lut<16 : 0> on block GPS_phase_loop is
   not reconstructed, because there are some missing bus signals.
WARNING:NetListWriters:306 - Signal bus Mcompar_out_sum_limit_cmp_gt0000_lut<13
   : 0> on block GPS_phase_loop is not reconstructed, because there are some
   missing bus signals.
WARNING:NetListWriters:306 - Signal bus integrator_limit<23 : 8> on block
   GPS_phase_loop is not reconstructed, because there are some missing bus
   signals.
WARNING:NetListWriters:306 - Signal bus integrator_mux0003<34 : 9> on block
   GPS_phase_loop is not reconstructed, because there are some missing bus
   signals.
WARNING:NetListWriters:306 - Signal bus out_sum_mux0001<24 : 3> on block
   GPS_phase_loop is not reconstructed, because there are some missing bus
   signals.
WARNING:NetListWriters:306 - Signal bus time_out_mux0009<21 : 3> on block
   I2C_engine is not reconstructed, because there are some missing bus signals.
  finished :Prep
Writing EDIF netlist file FPGA_main.edif ...
ngc2edif: Total memory usage is 50332 kilobytes

Release 12.4 - ngc2edif M.81d (nt)
Copyright (c) 1995-2010 Xilinx, Inc.  All rights reserved.
Reading design Chipscope.ngc ...
WARNING:NetListWriters:298 - No output is written to Chipscope.xncf, ignored.
Processing design ...
   Preping design's networks ...
   Preping design's macros ...
WARNING:NetListWriters:306 - Signal bus
   U0/I_YES_D.U_ILA/U_G2_SQ.U_CAPCTRL/U_CAP_ADDRGEN/U_SCNT_CMP/I_SRL16.U_GAND_SR
   L16/sel<11 : 0> on block Chipscope is not reconstructed, because there are
   some missing bus signals.
WARNING:NetListWriters:306 - Signal bus
   U0/I_YES_D.U_ILA/U_G2_SQ.U_CAPCTRL/U_CAP_ADDRGEN/U_WCNT_HCMP/I_SRL16.U_GAND_S
   RL16/sel<11 : 0> on block Chipscope is not reconstructed, because there are
   some missing bus signals.
WARNING:NetListWriters:306 - Signal bus
   U0/I_YES_D.U_ILA/U_G2_SQ.U_CAPCTRL/U_CAP_ADDRGEN/U_WCNT_LCMP/I_SRL16.U_GAND_S
   RL16/sel<11 : 0> on block Chipscope is not reconstructed, because there are
   some missing bus signals.
WARNING:NetListWriters:306 - Signal bus
   U0/I_YES_D.U_ILA/U_RST/U_ARM_XFER/iDOUT_dly<4 : 0> on block Chipscope is not
   reconstructed, because there are some missing bus signals.
WARNING:NetListWriters:306 - Signal bus
   U0/I_YES_D.U_ILA/U_RST/U_HALT_XFER/iDOUT_dly<2 : 0> on block Chipscope is not
   reconstructed, because there are some missing bus signals.
WARNING:NetListWriters:306 - Signal bus U0/I_YES_D.U_ILA/U_STAT/DSTAT<5 : 0> on
   block Chipscope is not reconstructed, because there are some missing bus
   signals.
  finished :Prep
Writing EDIF netlist file Chipscope.edif ...
ngc2edif: Total memory usage is 47580 kilobytes

Release 12.4 - ngc2edif M.81d (nt)
Copyright (c) 1995-2010 Xilinx, Inc.  All rights reserved.
Reading design Chipscope_ctrl.ngc ...
WARNING:NetListWriters:298 - No output is written to Chipscope_ctrl.xncf,
   ignored.
Processing design ...
   Preping design's networks ...
   Preping design's macros ...
WARNING:NetListWriters:306 - Signal bus U0/U_ICON/iCORE_ID_SEL<15 : 0> on block
   Chipscope_ctrl is not reconstructed, because there are some missing bus
   signals.
  finished :Prep
Writing EDIF netlist file Chipscope_ctrl.edif ...
ngc2edif: Total memory usage is 46684 kilobytes

Release 12.4 - ngc2edif M.81d (nt)
Copyright (c) 1995-2010 Xilinx, Inc.  All rights reserved.
Reading design FPGA_main.ngc ...
WARNING:NetListWriters:298 - No output is written to FPGA_main.xncf, ignored.
Processing design ...
   Preping design's networks ...
   Preping design's macros ...
WARNING:NetListWriters:306 - Signal bus period_count_mux0003<15 : 0> on block
   LTC_clockgen_NO1 is not reconstructed, because there are some missing bus
   signals.
WARNING:NetListWriters:306 - Signal bus ltc_frame<14 : 0> on block
   LTC_generator_NO1 is not reconstructed, because there are some missing bus
   signals.
WARNING:NetListWriters:306 - Signal bus period_count_mux0003<15 : 0> on block
   LTC_clockgen is not reconstructed, because there are some missing bus
   signals.
WARNING:NetListWriters:306 - Signal bus ltc_frame<14 : 0> on block LTC_generator
   is not reconstructed, because there are some missing bus signals.
WARNING:NetListWriters:306 - Signal bus
   Mcompar_integrator_limit_cmp_gt0000_lut<14 : 0> on block digital_phase_loop
   is not reconstructed, because there are some missing bus signals.
WARNING:NetListWriters:306 - Signal bus Mcompar_out_sum_limit_cmp_gt0000_lut<11
   : 0> on block digital_phase_loop is not reconstructed, because there are some
   missing bus signals.
WARNING:NetListWriters:306 - Signal bus integrator<25 : 0> on block
   digital_phase_loop is not reconstructed, because there are some missing bus
   signals.
WARNING:NetListWriters:306 - Signal bus integrator_limit<23 : 8> on block
   digital_phase_loop is not reconstructed, because there are some missing bus
   signals.
WARNING:NetListWriters:306 - Signal bus phase_count_mux0001<9 : 0> on block
   digital_pll_phase_detector is not reconstructed, because there are some
   missing bus signals.
WARNING:NetListWriters:306 - Signal bus
   Mcompar_integrator_limit_cmp_gt0000_lut<16 : 0> on block GPS_phase_loop is
   not reconstructed, because there are some missing bus signals.
WARNING:NetListWriters:306 - Signal bus Mcompar_out_sum_limit_cmp_gt0000_lut<13
   : 0> on block GPS_phase_loop is not reconstructed, because there are some
   missing bus signals.
WARNING:NetListWriters:306 - Signal bus integrator_limit<23 : 8> on block
   GPS_phase_loop is not reconstructed, because there are some missing bus
   signals.
WARNING:NetListWriters:306 - Signal bus integrator_mux0003<34 : 9> on block
   GPS_phase_loop is not reconstructed, because there are some missing bus
   signals.
WARNING:NetListWriters:306 - Signal bus out_sum_mux0001<24 : 3> on block
   GPS_phase_loop is not reconstructed, because there are some missing bus
   signals.
WARNING:NetListWriters:306 - Signal bus time_out_mux0009<21 : 3> on block
   I2C_engine is not reconstructed, because there are some missing bus signals.
  finished :Prep
Writing EDIF netlist file FPGA_main.edif ...
ngc2edif: Total memory usage is 50012 kilobytes

Release 12.4 - ngc2edif M.81d (nt)
Copyright (c) 1995-2010 Xilinx, Inc.  All rights reserved.
Reading design Chipscope.ngc ...
WARNING:NetListWriters:298 - No output is written to Chipscope.xncf, ignored.
Processing design ...
   Preping design's networks ...
   Preping design's macros ...
WARNING:NetListWriters:306 - Signal bus
   U0/I_YES_D.U_ILA/U_G2_SQ.U_CAPCTRL/U_CAP_ADDRGEN/U_SCNT_CMP/I_SRL16.U_GAND_SR
   L16/sel<11 : 0> on block Chipscope is not reconstructed, because there are
   some missing bus signals.
WARNING:NetListWriters:306 - Signal bus
   U0/I_YES_D.U_ILA/U_G2_SQ.U_CAPCTRL/U_CAP_ADDRGEN/U_WCNT_HCMP/I_SRL16.U_GAND_S
   RL16/sel<11 : 0> on block Chipscope is not reconstructed, because there are
   some missing bus signals.
WARNING:NetListWriters:306 - Signal bus
   U0/I_YES_D.U_ILA/U_G2_SQ.U_CAPCTRL/U_CAP_ADDRGEN/U_WCNT_LCMP/I_SRL16.U_GAND_S
   RL16/sel<11 : 0> on block Chipscope is not reconstructed, because there are
   some missing bus signals.
WARNING:NetListWriters:306 - Signal bus
   U0/I_YES_D.U_ILA/U_RST/U_ARM_XFER/iDOUT_dly<4 : 0> on block Chipscope is not
   reconstructed, because there are some missing bus signals.
WARNING:NetListWriters:306 - Signal bus
   U0/I_YES_D.U_ILA/U_RST/U_HALT_XFER/iDOUT_dly<2 : 0> on block Chipscope is not
   reconstructed, because there are some missing bus signals.
WARNING:NetListWriters:306 - Signal bus U0/I_YES_D.U_ILA/U_STAT/DSTAT<5 : 0> on
   block Chipscope is not reconstructed, because there are some missing bus
   signals.
  finished :Prep
Writing EDIF netlist file Chipscope.edif ...
ngc2edif: Total memory usage is 47004 kilobytes

Release 12.4 - ngc2edif M.81d (nt)
Copyright (c) 1995-2010 Xilinx, Inc.  All rights reserved.
Reading design Chipscope_ctrl.ngc ...
WARNING:NetListWriters:298 - No output is written to Chipscope_ctrl.xncf,
   ignored.
Processing design ...
   Preping design's networks ...
   Preping design's macros ...
WARNING:NetListWriters:306 - Signal bus U0/U_ICON/iCORE_ID_SEL<15 : 0> on block
   Chipscope_ctrl is not reconstructed, because there are some missing bus
   signals.
  finished :Prep
Writing EDIF netlist file Chipscope_ctrl.edif ...
ngc2edif: Total memory usage is 46492 kilobytes

Release 12.4 - ngc2edif M.81d (nt)
Copyright (c) 1995-2010 Xilinx, Inc.  All rights reserved.
Reading design FPGA_main.ngc ...
WARNING:NetListWriters:298 - No output is written to FPGA_main.xncf, ignored.
Processing design ...
   Preping design's networks ...
   Preping design's macros ...
WARNING:NetListWriters:306 - Signal bus period_count_mux0003<15 : 0> on block
   LTC_clockgen_NO1 is not reconstructed, because there are some missing bus
   signals.
WARNING:NetListWriters:306 - Signal bus ltc_frame<14 : 0> on block
   LTC_generator_NO1 is not reconstructed, because there are some missing bus
   signals.
WARNING:NetListWriters:306 - Signal bus period_count_mux0003<15 : 0> on block
   LTC_clockgen is not reconstructed, because there are some missing bus
   signals.
WARNING:NetListWriters:306 - Signal bus ltc_frame<14 : 0> on block LTC_generator
   is not reconstructed, because there are some missing bus signals.
WARNING:NetListWriters:306 - Signal bus
   Mcompar_integrator_limit_cmp_gt0000_lut<14 : 0> on block digital_phase_loop
   is not reconstructed, because there are some missing bus signals.
WARNING:NetListWriters:306 - Signal bus Mcompar_out_sum_limit_cmp_gt0000_lut<11
   : 0> on block digital_phase_loop is not reconstructed, because there are some
   missing bus signals.
WARNING:NetListWriters:306 - Signal bus integrator<25 : 0> on block
   digital_phase_loop is not reconstructed, because there are some missing bus
   signals.
WARNING:NetListWriters:306 - Signal bus integrator_limit<23 : 8> on block
   digital_phase_loop is not reconstructed, because there are some missing bus
   signals.
WARNING:NetListWriters:306 - Signal bus phase_count_mux0001<9 : 0> on block
   digital_pll_phase_detector is not reconstructed, because there are some
   missing bus signals.
WARNING:NetListWriters:306 - Signal bus
   Mcompar_integrator_limit_cmp_gt0000_lut<16 : 0> on block GPS_phase_loop is
   not reconstructed, because there are some missing bus signals.
WARNING:NetListWriters:306 - Signal bus Mcompar_out_sum_limit_cmp_gt0000_lut<13
   : 0> on block GPS_phase_loop is not reconstructed, because there are some
   missing bus signals.
WARNING:NetListWriters:306 - Signal bus integrator_limit<23 : 8> on block
   GPS_phase_loop is not reconstructed, because there are some missing bus
   signals.
WARNING:NetListWriters:306 - Signal bus integrator_mux0003<34 : 9> on block
   GPS_phase_loop is not reconstructed, because there are some missing bus
   signals.
WARNING:NetListWriters:306 - Signal bus out_sum_mux0001<24 : 3> on block
   GPS_phase_loop is not reconstructed, because there are some missing bus
   signals.
WARNING:NetListWriters:306 - Signal bus time_out_mux0009<21 : 3> on block
   I2C_engine is not reconstructed, because there are some missing bus signals.
  finished :Prep
Writing EDIF netlist file FPGA_main.edif ...
ngc2edif: Total memory usage is 50396 kilobytes

Release 12.4 - ngc2edif M.81d (nt)
Copyright (c) 1995-2010 Xilinx, Inc.  All rights reserved.
Reading design Chipscope.ngc ...
WARNING:NetListWriters:298 - No output is written to Chipscope.xncf, ignored.
Processing design ...
   Preping design's networks ...
   Preping design's macros ...
WARNING:NetListWriters:306 - Signal bus
   U0/I_YES_D.U_ILA/U_G2_SQ.U_CAPCTRL/U_CAP_ADDRGEN/U_SCNT_CMP/I_SRL16.U_GAND_SR
   L16/sel<11 : 0> on block Chipscope is not reconstructed, because there are
   some missing bus signals.
WARNING:NetListWriters:306 - Signal bus
   U0/I_YES_D.U_ILA/U_G2_SQ.U_CAPCTRL/U_CAP_ADDRGEN/U_WCNT_HCMP/I_SRL16.U_GAND_S
   RL16/sel<11 : 0> on block Chipscope is not reconstructed, because there are
   some missing bus signals.
WARNING:NetListWriters:306 - Signal bus
   U0/I_YES_D.U_ILA/U_G2_SQ.U_CAPCTRL/U_CAP_ADDRGEN/U_WCNT_LCMP/I_SRL16.U_GAND_S
   RL16/sel<11 : 0> on block Chipscope is not reconstructed, because there are
   some missing bus signals.
WARNING:NetListWriters:306 - Signal bus
   U0/I_YES_D.U_ILA/U_RST/U_ARM_XFER/iDOUT_dly<4 : 0> on block Chipscope is not
   reconstructed, because there are some missing bus signals.
WARNING:NetListWriters:306 - Signal bus
   U0/I_YES_D.U_ILA/U_RST/U_HALT_XFER/iDOUT_dly<2 : 0> on block Chipscope is not
   reconstructed, because there are some missing bus signals.
WARNING:NetListWriters:306 - Signal bus U0/I_YES_D.U_ILA/U_STAT/DSTAT<5 : 0> on
   block Chipscope is not reconstructed, because there are some missing bus
   signals.
  finished :Prep
Writing EDIF netlist file Chipscope.edif ...
ngc2edif: Total memory usage is 47388 kilobytes

Release 12.4 - ngc2edif M.81d (nt)
Copyright (c) 1995-2010 Xilinx, Inc.  All rights reserved.
Reading design Chipscope_ctrl.ngc ...
WARNING:NetListWriters:298 - No output is written to Chipscope_ctrl.xncf,
   ignored.
Processing design ...
   Preping design's networks ...
   Preping design's macros ...
WARNING:NetListWriters:306 - Signal bus U0/U_ICON/iCORE_ID_SEL<15 : 0> on block
   Chipscope_ctrl is not reconstructed, because there are some missing bus
   signals.
  finished :Prep
Writing EDIF netlist file Chipscope_ctrl.edif ...
ngc2edif: Total memory usage is 47324 kilobytes

Release 12.4 - ngc2edif M.81d (nt)
Copyright (c) 1995-2010 Xilinx, Inc.  All rights reserved.
Reading design FPGA_main.ngc ...
WARNING:NetListWriters:298 - No output is written to FPGA_main.xncf, ignored.
Processing design ...
   Preping design's networks ...
   Preping design's macros ...
WARNING:NetListWriters:306 - Signal bus period_count_mux0003<15 : 0> on block
   LTC_clockgen_NO1 is not reconstructed, because there are some missing bus
   signals.
WARNING:NetListWriters:306 - Signal bus ltc_frame<14 : 0> on block
   LTC_generator_NO1 is not reconstructed, because there are some missing bus
   signals.
WARNING:NetListWriters:306 - Signal bus period_count_mux0003<15 : 0> on block
   LTC_clockgen is not reconstructed, because there are some missing bus
   signals.
WARNING:NetListWriters:306 - Signal bus ltc_frame<14 : 0> on block LTC_generator
   is not reconstructed, because there are some missing bus signals.
WARNING:NetListWriters:306 - Signal bus
   Mcompar_integrator_limit_cmp_gt0000_lut<14 : 0> on block digital_phase_loop
   is not reconstructed, because there are some missing bus signals.
WARNING:NetListWriters:306 - Signal bus Mcompar_out_sum_limit_cmp_gt0000_lut<11
   : 0> on block digital_phase_loop is not reconstructed, because there are some
   missing bus signals.
WARNING:NetListWriters:306 - Signal bus integrator<25 : 0> on block
   digital_phase_loop is not reconstructed, because there are some missing bus
   signals.
WARNING:NetListWriters:306 - Signal bus integrator_limit<23 : 8> on block
   digital_phase_loop is not reconstructed, because there are some missing bus
   signals.
WARNING:NetListWriters:306 - Signal bus phase_count_mux0001<9 : 0> on block
   digital_pll_phase_detector is not reconstructed, because there are some
   missing bus signals.
WARNING:NetListWriters:306 - Signal bus
   Mcompar_integrator_limit_cmp_gt0000_lut<16 : 0> on block GPS_phase_loop is
   not reconstructed, because there are some missing bus signals.
WARNING:NetListWriters:306 - Signal bus Mcompar_out_sum_limit_cmp_gt0000_lut<13
   : 0> on block GPS_phase_loop is not reconstructed, because there are some
   missing bus signals.
WARNING:NetListWriters:306 - Signal bus integrator_limit<23 : 8> on block
   GPS_phase_loop is not reconstructed, because there are some missing bus
   signals.
WARNING:NetListWriters:306 - Signal bus integrator_mux0003<34 : 9> on block
   GPS_phase_loop is not reconstructed, because there are some missing bus
   signals.
WARNING:NetListWriters:306 - Signal bus out_sum_mux0001<24 : 3> on block
   GPS_phase_loop is not reconstructed, because there are some missing bus
   signals.
WARNING:NetListWriters:306 - Signal bus time_out_mux0009<21 : 3> on block
   I2C_engine is not reconstructed, because there are some missing bus signals.
  finished :Prep
Writing EDIF netlist file FPGA_main.edif ...
ngc2edif: Total memory usage is 50332 kilobytes

Release 12.4 - ngc2edif M.81d (nt)
Copyright (c) 1995-2010 Xilinx, Inc.  All rights reserved.
Reading design Chipscope.ngc ...
WARNING:NetListWriters:298 - No output is written to Chipscope.xncf, ignored.
Processing design ...
   Preping design's networks ...
   Preping design's macros ...
WARNING:NetListWriters:306 - Signal bus
   U0/I_YES_D.U_ILA/U_G2_SQ.U_CAPCTRL/U_CAP_ADDRGEN/U_SCNT_CMP/I_SRL16.U_GAND_SR
   L16/sel<11 : 0> on block Chipscope is not reconstructed, because there are
   some missing bus signals.
WARNING:NetListWriters:306 - Signal bus
   U0/I_YES_D.U_ILA/U_G2_SQ.U_CAPCTRL/U_CAP_ADDRGEN/U_WCNT_HCMP/I_SRL16.U_GAND_S
   RL16/sel<11 : 0> on block Chipscope is not reconstructed, because there are
   some missing bus signals.
WARNING:NetListWriters:306 - Signal bus
   U0/I_YES_D.U_ILA/U_G2_SQ.U_CAPCTRL/U_CAP_ADDRGEN/U_WCNT_LCMP/I_SRL16.U_GAND_S
   RL16/sel<11 : 0> on block Chipscope is not reconstructed, because there are
   some missing bus signals.
WARNING:NetListWriters:306 - Signal bus
   U0/I_YES_D.U_ILA/U_RST/U_ARM_XFER/iDOUT_dly<4 : 0> on block Chipscope is not
   reconstructed, because there are some missing bus signals.
WARNING:NetListWriters:306 - Signal bus
   U0/I_YES_D.U_ILA/U_RST/U_HALT_XFER/iDOUT_dly<2 : 0> on block Chipscope is not
   reconstructed, because there are some missing bus signals.
WARNING:NetListWriters:306 - Signal bus U0/I_YES_D.U_ILA/U_STAT/DSTAT<5 : 0> on
   block Chipscope is not reconstructed, because there are some missing bus
   signals.
  finished :Prep
Writing EDIF netlist file Chipscope.edif ...
ngc2edif: Total memory usage is 47324 kilobytes

Release 12.4 - ngc2edif M.81d (nt)
Copyright (c) 1995-2010 Xilinx, Inc.  All rights reserved.
Reading design Chipscope_ctrl.ngc ...
WARNING:NetListWriters:298 - No output is written to Chipscope_ctrl.xncf,
   ignored.
Processing design ...
   Preping design's networks ...
   Preping design's macros ...
WARNING:NetListWriters:306 - Signal bus U0/U_ICON/iCORE_ID_SEL<15 : 0> on block
   Chipscope_ctrl is not reconstructed, because there are some missing bus
   signals.
  finished :Prep
Writing EDIF netlist file Chipscope_ctrl.edif ...
ngc2edif: Total memory usage is 47260 kilobytes

Release 12.4 - ngc2edif M.81d (nt)
Copyright (c) 1995-2010 Xilinx, Inc.  All rights reserved.
Reading design FPGA_main.ngc ...
WARNING:NetListWriters:298 - No output is written to FPGA_main.xncf, ignored.
Processing design ...
   Preping design's networks ...
   Preping design's macros ...
WARNING:NetListWriters:306 - Signal bus period_count_mux0003<15 : 0> on block
   LTC_clockgen_NO1 is not reconstructed, because there are some missing bus
   signals.
WARNING:NetListWriters:306 - Signal bus ltc_frame<14 : 0> on block
   LTC_generator_NO1 is not reconstructed, because there are some missing bus
   signals.
WARNING:NetListWriters:306 - Signal bus period_count_mux0003<15 : 0> on block
   LTC_clockgen is not reconstructed, because there are some missing bus
   signals.
WARNING:NetListWriters:306 - Signal bus ltc_frame<14 : 0> on block LTC_generator
   is not reconstructed, because there are some missing bus signals.
WARNING:NetListWriters:306 - Signal bus
   Mcompar_integrator_limit_cmp_gt0000_lut<14 : 0> on block digital_phase_loop
   is not reconstructed, because there are some missing bus signals.
WARNING:NetListWriters:306 - Signal bus Mcompar_out_sum_limit_cmp_gt0000_lut<11
   : 0> on block digital_phase_loop is not reconstructed, because there are some
   missing bus signals.
WARNING:NetListWriters:306 - Signal bus integrator<25 : 0> on block
   digital_phase_loop is not reconstructed, because there are some missing bus
   signals.
WARNING:NetListWriters:306 - Signal bus integrator_limit<23 : 8> on block
   digital_phase_loop is not reconstructed, because there are some missing bus
   signals.
WARNING:NetListWriters:306 - Signal bus phase_count_mux0001<9 : 0> on block
   digital_pll_phase_detector is not reconstructed, because there are some
   missing bus signals.
WARNING:NetListWriters:306 - Signal bus
   Mcompar_integrator_limit_cmp_gt0000_lut<16 : 0> on block GPS_phase_loop is
   not reconstructed, because there are some missing bus signals.
WARNING:NetListWriters:306 - Signal bus Mcompar_out_sum_limit_cmp_gt0000_lut<13
   : 0> on block GPS_phase_loop is not reconstructed, because there are some
   missing bus signals.
WARNING:NetListWriters:306 - Signal bus integrator_limit<23 : 8> on block
   GPS_phase_loop is not reconstructed, because there are some missing bus
   signals.
WARNING:NetListWriters:306 - Signal bus integrator_mux0003<34 : 9> on block
   GPS_phase_loop is not reconstructed, because there are some missing bus
   signals.
WARNING:NetListWriters:306 - Signal bus out_sum_mux0001<24 : 3> on block
   GPS_phase_loop is not reconstructed, because there are some missing bus
   signals.
WARNING:NetListWriters:306 - Signal bus time_out_mux0009<21 : 3> on block
   I2C_engine is not reconstructed, because there are some missing bus signals.
  finished :Prep
Writing EDIF netlist file FPGA_main.edif ...
ngc2edif: Total memory usage is 50332 kilobytes

Release 12.4 - ngc2edif M.81d (nt)
Copyright (c) 1995-2010 Xilinx, Inc.  All rights reserved.
Reading design Chipscope.ngc ...
WARNING:NetListWriters:298 - No output is written to Chipscope.xncf, ignored.
Processing design ...
   Preping design's networks ...
   Preping design's macros ...
WARNING:NetListWriters:306 - Signal bus
   U0/I_YES_D.U_ILA/U_G2_SQ.U_CAPCTRL/U_CAP_ADDRGEN/U_SCNT_CMP/I_SRL16.U_GAND_SR
   L16/sel<11 : 0> on block Chipscope is not reconstructed, because there are
   some missing bus signals.
WARNING:NetListWriters:306 - Signal bus
   U0/I_YES_D.U_ILA/U_G2_SQ.U_CAPCTRL/U_CAP_ADDRGEN/U_WCNT_HCMP/I_SRL16.U_GAND_S
   RL16/sel<11 : 0> on block Chipscope is not reconstructed, because there are
   some missing bus signals.
WARNING:NetListWriters:306 - Signal bus
   U0/I_YES_D.U_ILA/U_G2_SQ.U_CAPCTRL/U_CAP_ADDRGEN/U_WCNT_LCMP/I_SRL16.U_GAND_S
   RL16/sel<11 : 0> on block Chipscope is not reconstructed, because there are
   some missing bus signals.
WARNING:NetListWriters:306 - Signal bus
   U0/I_YES_D.U_ILA/U_RST/U_ARM_XFER/iDOUT_dly<4 : 0> on block Chipscope is not
   reconstructed, because there are some missing bus signals.
WARNING:NetListWriters:306 - Signal bus
   U0/I_YES_D.U_ILA/U_RST/U_HALT_XFER/iDOUT_dly<2 : 0> on block Chipscope is not
   reconstructed, because there are some missing bus signals.
WARNING:NetListWriters:306 - Signal bus U0/I_YES_D.U_ILA/U_STAT/DSTAT<5 : 0> on
   block Chipscope is not reconstructed, because there are some missing bus
   signals.
  finished :Prep
Writing EDIF netlist file Chipscope.edif ...
ngc2edif: Total memory usage is 47644 kilobytes

Release 12.4 - ngc2edif M.81d (nt)
Copyright (c) 1995-2010 Xilinx, Inc.  All rights reserved.
Reading design Chipscope_ctrl.ngc ...
WARNING:NetListWriters:298 - No output is written to Chipscope_ctrl.xncf,
   ignored.
Processing design ...
   Preping design's networks ...
   Preping design's macros ...
WARNING:NetListWriters:306 - Signal bus U0/U_ICON/iCORE_ID_SEL<15 : 0> on block
   Chipscope_ctrl is not reconstructed, because there are some missing bus
   signals.
  finished :Prep
Writing EDIF netlist file Chipscope_ctrl.edif ...
ngc2edif: Total memory usage is 47324 kilobytes

Release 12.4 - ngc2edif M.81d (nt)
Copyright (c) 1995-2010 Xilinx, Inc.  All rights reserved.
Reading design FPGA_main.ngc ...
WARNING:NetListWriters:298 - No output is written to FPGA_main.xncf, ignored.
Processing design ...
   Preping design's networks ...
   Preping design's macros ...
WARNING:NetListWriters:306 - Signal bus period_count_mux0003<15 : 0> on block
   LTC_clockgen_NO1 is not reconstructed, because there are some missing bus
   signals.
WARNING:NetListWriters:306 - Signal bus ltc_frame<14 : 0> on block
   LTC_generator_NO1 is not reconstructed, because there are some missing bus
   signals.
WARNING:NetListWriters:306 - Signal bus period_count_mux0003<15 : 0> on block
   LTC_clockgen is not reconstructed, because there are some missing bus
   signals.
WARNING:NetListWriters:306 - Signal bus ltc_frame<14 : 0> on block LTC_generator
   is not reconstructed, because there are some missing bus signals.
WARNING:NetListWriters:306 - Signal bus
   Mcompar_integrator_limit_cmp_gt0000_lut<14 : 0> on block digital_phase_loop
   is not reconstructed, because there are some missing bus signals.
WARNING:NetListWriters:306 - Signal bus Mcompar_out_sum_limit_cmp_gt0000_lut<11
   : 0> on block digital_phase_loop is not reconstructed, because there are some
   missing bus signals.
WARNING:NetListWriters:306 - Signal bus integrator<25 : 0> on block
   digital_phase_loop is not reconstructed, because there are some missing bus
   signals.
WARNING:NetListWriters:306 - Signal bus integrator_limit<23 : 8> on block
   digital_phase_loop is not reconstructed, because there are some missing bus
   signals.
WARNING:NetListWriters:306 - Signal bus phase_count_mux0001<9 : 0> on block
   digital_pll_phase_detector is not reconstructed, because there are some
   missing bus signals.
WARNING:NetListWriters:306 - Signal bus
   Mcompar_integrator_limit_cmp_gt0000_lut<16 : 0> on block GPS_phase_loop is
   not reconstructed, because there are some missing bus signals.
WARNING:NetListWriters:306 - Signal bus Mcompar_out_sum_limit_cmp_gt0000_lut<13
   : 0> on block GPS_phase_loop is not reconstructed, because there are some
   missing bus signals.
WARNING:NetListWriters:306 - Signal bus integrator_limit<23 : 8> on block
   GPS_phase_loop is not reconstructed, because there are some missing bus
   signals.
WARNING:NetListWriters:306 - Signal bus integrator_mux0003<34 : 9> on block
   GPS_phase_loop is not reconstructed, because there are some missing bus
   signals.
WARNING:NetListWriters:306 - Signal bus out_sum_mux0001<24 : 3> on block
   GPS_phase_loop is not reconstructed, because there are some missing bus
   signals.
WARNING:NetListWriters:306 - Signal bus time_out_mux0009<21 : 3> on block
   I2C_engine is not reconstructed, because there are some missing bus signals.
  finished :Prep
Writing EDIF netlist file FPGA_main.edif ...
ngc2edif: Total memory usage is 50204 kilobytes

Release 12.4 - ngc2edif M.81d (nt)
Copyright (c) 1995-2010 Xilinx, Inc.  All rights reserved.
Reading design Chipscope.ngc ...
WARNING:NetListWriters:298 - No output is written to Chipscope.xncf, ignored.
Processing design ...
   Preping design's networks ...
   Preping design's macros ...
WARNING:NetListWriters:306 - Signal bus
   U0/I_YES_D.U_ILA/U_G2_SQ.U_CAPCTRL/U_CAP_ADDRGEN/U_SCNT_CMP/I_SRL16.U_GAND_SR
   L16/sel<11 : 0> on block Chipscope is not reconstructed, because there are
   some missing bus signals.
WARNING:NetListWriters:306 - Signal bus
   U0/I_YES_D.U_ILA/U_G2_SQ.U_CAPCTRL/U_CAP_ADDRGEN/U_WCNT_HCMP/I_SRL16.U_GAND_S
   RL16/sel<11 : 0> on block Chipscope is not reconstructed, because there are
   some missing bus signals.
WARNING:NetListWriters:306 - Signal bus
   U0/I_YES_D.U_ILA/U_G2_SQ.U_CAPCTRL/U_CAP_ADDRGEN/U_WCNT_LCMP/I_SRL16.U_GAND_S
   RL16/sel<11 : 0> on block Chipscope is not reconstructed, because there are
   some missing bus signals.
WARNING:NetListWriters:306 - Signal bus
   U0/I_YES_D.U_ILA/U_RST/U_ARM_XFER/iDOUT_dly<4 : 0> on block Chipscope is not
   reconstructed, because there are some missing bus signals.
WARNING:NetListWriters:306 - Signal bus
   U0/I_YES_D.U_ILA/U_RST/U_HALT_XFER/iDOUT_dly<2 : 0> on block Chipscope is not
   reconstructed, because there are some missing bus signals.
WARNING:NetListWriters:306 - Signal bus U0/I_YES_D.U_ILA/U_STAT/DSTAT<5 : 0> on
   block Chipscope is not reconstructed, because there are some missing bus
   signals.
  finished :Prep
Writing EDIF netlist file Chipscope.edif ...
ngc2edif: Total memory usage is 47068 kilobytes

Release 12.4 - ngc2edif M.81d (nt)
Copyright (c) 1995-2010 Xilinx, Inc.  All rights reserved.
Reading design Chipscope_ctrl.ngc ...
WARNING:NetListWriters:298 - No output is written to Chipscope_ctrl.xncf,
   ignored.
Processing design ...
   Preping design's networks ...
   Preping design's macros ...
WARNING:NetListWriters:306 - Signal bus U0/U_ICON/iCORE_ID_SEL<15 : 0> on block
   Chipscope_ctrl is not reconstructed, because there are some missing bus
   signals.
  finished :Prep
Writing EDIF netlist file Chipscope_ctrl.edif ...
ngc2edif: Total memory usage is 47260 kilobytes

Release 12.4 - ngc2edif M.81d (nt)
Copyright (c) 1995-2010 Xilinx, Inc.  All rights reserved.
Reading design FPGA_main.ngc ...
WARNING:NetListWriters:298 - No output is written to FPGA_main.xncf, ignored.
Processing design ...
   Preping design's networks ...
   Preping design's macros ...
WARNING:NetListWriters:306 - Signal bus period_count_mux0003<15 : 0> on block
   LTC_clockgen_NO1 is not reconstructed, because there are some missing bus
   signals.
WARNING:NetListWriters:306 - Signal bus ltc_frame<14 : 0> on block
   LTC_generator_NO1 is not reconstructed, because there are some missing bus
   signals.
WARNING:NetListWriters:306 - Signal bus period_count_mux0003<15 : 0> on block
   LTC_clockgen is not reconstructed, because there are some missing bus
   signals.
WARNING:NetListWriters:306 - Signal bus ltc_frame<14 : 0> on block LTC_generator
   is not reconstructed, because there are some missing bus signals.
WARNING:NetListWriters:306 - Signal bus
   Mcompar_integrator_limit_cmp_gt0000_lut<14 : 0> on block digital_phase_loop
   is not reconstructed, because there are some missing bus signals.
WARNING:NetListWriters:306 - Signal bus Mcompar_out_sum_limit_cmp_gt0000_lut<11
   : 0> on block digital_phase_loop is not reconstructed, because there are some
   missing bus signals.
WARNING:NetListWriters:306 - Signal bus integrator<25 : 0> on block
   digital_phase_loop is not reconstructed, because there are some missing bus
   signals.
WARNING:NetListWriters:306 - Signal bus integrator_limit<23 : 8> on block
   digital_phase_loop is not reconstructed, because there are some missing bus
   signals.
WARNING:NetListWriters:306 - Signal bus phase_count_mux0001<9 : 0> on block
   digital_pll_phase_detector is not reconstructed, because there are some
   missing bus signals.
WARNING:NetListWriters:306 - Signal bus
   Mcompar_integrator_limit_cmp_gt0000_lut<16 : 0> on block GPS_phase_loop is
   not reconstructed, because there are some missing bus signals.
WARNING:NetListWriters:306 - Signal bus Mcompar_out_sum_limit_cmp_gt0000_lut<13
   : 0> on block GPS_phase_loop is not reconstructed, because there are some
   missing bus signals.
WARNING:NetListWriters:306 - Signal bus integrator_limit<23 : 8> on block
   GPS_phase_loop is not reconstructed, because there are some missing bus
   signals.
WARNING:NetListWriters:306 - Signal bus integrator_mux0003<34 : 9> on block
   GPS_phase_loop is not reconstructed, because there are some missing bus
   signals.
WARNING:NetListWriters:306 - Signal bus out_sum_mux0001<24 : 3> on block
   GPS_phase_loop is not reconstructed, because there are some missing bus
   signals.
WARNING:NetListWriters:306 - Signal bus time_out_mux0009<21 : 3> on block
   I2C_engine is not reconstructed, because there are some missing bus signals.
  finished :Prep
Writing EDIF netlist file FPGA_main.edif ...
ngc2edif: Total memory usage is 49948 kilobytes

Release 12.4 - ngc2edif M.81d (nt)
Copyright (c) 1995-2010 Xilinx, Inc.  All rights reserved.
Reading design Chipscope.ngc ...
WARNING:NetListWriters:298 - No output is written to Chipscope.xncf, ignored.
Processing design ...
   Preping design's networks ...
   Preping design's macros ...
WARNING:NetListWriters:306 - Signal bus
   U0/I_YES_D.U_ILA/U_G2_SQ.U_CAPCTRL/U_CAP_ADDRGEN/U_SCNT_CMP/I_SRL16.U_GAND_SR
   L16/sel<11 : 0> on block Chipscope is not reconstructed, because there are
   some missing bus signals.
WARNING:NetListWriters:306 - Signal bus
   U0/I_YES_D.U_ILA/U_G2_SQ.U_CAPCTRL/U_CAP_ADDRGEN/U_WCNT_HCMP/I_SRL16.U_GAND_S
   RL16/sel<11 : 0> on block Chipscope is not reconstructed, because there are
   some missing bus signals.
WARNING:NetListWriters:306 - Signal bus
   U0/I_YES_D.U_ILA/U_G2_SQ.U_CAPCTRL/U_CAP_ADDRGEN/U_WCNT_LCMP/I_SRL16.U_GAND_S
   RL16/sel<11 : 0> on block Chipscope is not reconstructed, because there are
   some missing bus signals.
WARNING:NetListWriters:306 - Signal bus
   U0/I_YES_D.U_ILA/U_RST/U_ARM_XFER/iDOUT_dly<4 : 0> on block Chipscope is not
   reconstructed, because there are some missing bus signals.
WARNING:NetListWriters:306 - Signal bus
   U0/I_YES_D.U_ILA/U_RST/U_HALT_XFER/iDOUT_dly<2 : 0> on block Chipscope is not
   reconstructed, because there are some missing bus signals.
WARNING:NetListWriters:306 - Signal bus U0/I_YES_D.U_ILA/U_STAT/DSTAT<5 : 0> on
   block Chipscope is not reconstructed, because there are some missing bus
   signals.
  finished :Prep
Writing EDIF netlist file Chipscope.edif ...
ngc2edif: Total memory usage is 47260 kilobytes

Release 12.4 - ngc2edif M.81d (nt)
Copyright (c) 1995-2010 Xilinx, Inc.  All rights reserved.
Reading design Chipscope_ctrl.ngc ...
WARNING:NetListWriters:298 - No output is written to Chipscope_ctrl.xncf,
   ignored.
Processing design ...
   Preping design's networks ...
   Preping design's macros ...
WARNING:NetListWriters:306 - Signal bus U0/U_ICON/iCORE_ID_SEL<15 : 0> on block
   Chipscope_ctrl is not reconstructed, because there are some missing bus
   signals.
  finished :Prep
Writing EDIF netlist file Chipscope_ctrl.edif ...
ngc2edif: Total memory usage is 47324 kilobytes

Release 12.4 - ngc2edif M.81d (nt)
Copyright (c) 1995-2010 Xilinx, Inc.  All rights reserved.
Reading design FPGA_main.ngc ...
WARNING:NetListWriters:298 - No output is written to FPGA_main.xncf, ignored.
Processing design ...
   Preping design's networks ...
   Preping design's macros ...
WARNING:NetListWriters:306 - Signal bus period_count_mux0003<15 : 0> on block
   LTC_clockgen_NO1 is not reconstructed, because there are some missing bus
   signals.
WARNING:NetListWriters:306 - Signal bus ltc_frame<14 : 0> on block
   LTC_generator_NO1 is not reconstructed, because there are some missing bus
   signals.
WARNING:NetListWriters:306 - Signal bus period_count_mux0003<15 : 0> on block
   LTC_clockgen is not reconstructed, because there are some missing bus
   signals.
WARNING:NetListWriters:306 - Signal bus ltc_frame<14 : 0> on block LTC_generator
   is not reconstructed, because there are some missing bus signals.
WARNING:NetListWriters:306 - Signal bus
   Mcompar_integrator_limit_cmp_gt0000_lut<14 : 0> on block digital_phase_loop
   is not reconstructed, because there are some missing bus signals.
WARNING:NetListWriters:306 - Signal bus Mcompar_out_sum_limit_cmp_gt0000_lut<11
   : 0> on block digital_phase_loop is not reconstructed, because there are some
   missing bus signals.
WARNING:NetListWriters:306 - Signal bus integrator<25 : 0> on block
   digital_phase_loop is not reconstructed, because there are some missing bus
   signals.
WARNING:NetListWriters:306 - Signal bus integrator_limit<23 : 8> on block
   digital_phase_loop is not reconstructed, because there are some missing bus
   signals.
WARNING:NetListWriters:306 - Signal bus phase_count_mux0001<9 : 0> on block
   digital_pll_phase_detector is not reconstructed, because there are some
   missing bus signals.
WARNING:NetListWriters:306 - Signal bus
   Mcompar_integrator_limit_cmp_gt0000_lut<16 : 0> on block GPS_phase_loop is
   not reconstructed, because there are some missing bus signals.
WARNING:NetListWriters:306 - Signal bus Mcompar_out_sum_limit_cmp_gt0000_lut<13
   : 0> on block GPS_phase_loop is not reconstructed, because there are some
   missing bus signals.
WARNING:NetListWriters:306 - Signal bus integrator_limit<23 : 8> on block
   GPS_phase_loop is not reconstructed, because there are some missing bus
   signals.
WARNING:NetListWriters:306 - Signal bus integrator_mux0003<34 : 9> on block
   GPS_phase_loop is not reconstructed, because there are some missing bus
   signals.
WARNING:NetListWriters:306 - Signal bus out_sum_mux0001<24 : 3> on block
   GPS_phase_loop is not reconstructed, because there are some missing bus
   signals.
WARNING:NetListWriters:306 - Signal bus time_out_mux0009<21 : 3> on block
   I2C_engine is not reconstructed, because there are some missing bus signals.
  finished :Prep
Writing EDIF netlist file FPGA_main.edif ...
ngc2edif: Total memory usage is 49884 kilobytes

Release 12.4 - ngc2edif M.81d (nt)
Copyright (c) 1995-2010 Xilinx, Inc.  All rights reserved.
Reading design Chipscope.ngc ...
WARNING:NetListWriters:298 - No output is written to Chipscope.xncf, ignored.
Processing design ...
   Preping design's networks ...
   Preping design's macros ...
WARNING:NetListWriters:306 - Signal bus
   U0/I_YES_D.U_ILA/U_G2_SQ.U_CAPCTRL/U_CAP_ADDRGEN/U_SCNT_CMP/I_SRL16.U_GAND_SR
   L16/sel<11 : 0> on block Chipscope is not reconstructed, because there are
   some missing bus signals.
WARNING:NetListWriters:306 - Signal bus
   U0/I_YES_D.U_ILA/U_G2_SQ.U_CAPCTRL/U_CAP_ADDRGEN/U_WCNT_HCMP/I_SRL16.U_GAND_S
   RL16/sel<11 : 0> on block Chipscope is not reconstructed, because there are
   some missing bus signals.
WARNING:NetListWriters:306 - Signal bus
   U0/I_YES_D.U_ILA/U_G2_SQ.U_CAPCTRL/U_CAP_ADDRGEN/U_WCNT_LCMP/I_SRL16.U_GAND_S
   RL16/sel<11 : 0> on block Chipscope is not reconstructed, because there are
   some missing bus signals.
WARNING:NetListWriters:306 - Signal bus
   U0/I_YES_D.U_ILA/U_RST/U_ARM_XFER/iDOUT_dly<4 : 0> on block Chipscope is not
   reconstructed, because there are some missing bus signals.
WARNING:NetListWriters:306 - Signal bus
   U0/I_YES_D.U_ILA/U_RST/U_HALT_XFER/iDOUT_dly<2 : 0> on block Chipscope is not
   reconstructed, because there are some missing bus signals.
WARNING:NetListWriters:306 - Signal bus U0/I_YES_D.U_ILA/U_STAT/DSTAT<5 : 0> on
   block Chipscope is not reconstructed, because there are some missing bus
   signals.
  finished :Prep
Writing EDIF netlist file Chipscope.edif ...
ngc2edif: Total memory usage is 47196 kilobytes

Release 12.4 - ngc2edif M.81d (nt)
Copyright (c) 1995-2010 Xilinx, Inc.  All rights reserved.
Reading design Chipscope_ctrl.ngc ...
WARNING:NetListWriters:298 - No output is written to Chipscope_ctrl.xncf,
   ignored.
Processing design ...
   Preping design's networks ...
   Preping design's macros ...
WARNING:NetListWriters:306 - Signal bus U0/U_ICON/iCORE_ID_SEL<15 : 0> on block
   Chipscope_ctrl is not reconstructed, because there are some missing bus
   signals.
  finished :Prep
Writing EDIF netlist file Chipscope_ctrl.edif ...
ngc2edif: Total memory usage is 47260 kilobytes

Release 12.4 - ngc2edif M.81d (nt)
Copyright (c) 1995-2010 Xilinx, Inc.  All rights reserved.
Reading design FPGA_main.ngc ...
WARNING:NetListWriters:298 - No output is written to FPGA_main.xncf, ignored.
Processing design ...
   Preping design's networks ...
   Preping design's macros ...
WARNING:NetListWriters:306 - Signal bus period_count_mux0003<15 : 0> on block
   LTC_clockgen_NO1 is not reconstructed, because there are some missing bus
   signals.
WARNING:NetListWriters:306 - Signal bus ltc_frame<14 : 0> on block
   LTC_generator_NO1 is not reconstructed, because there are some missing bus
   signals.
WARNING:NetListWriters:306 - Signal bus period_count_mux0003<15 : 0> on block
   LTC_clockgen is not reconstructed, because there are some missing bus
   signals.
WARNING:NetListWriters:306 - Signal bus ltc_frame<14 : 0> on block LTC_generator
   is not reconstructed, because there are some missing bus signals.
WARNING:NetListWriters:306 - Signal bus
   Mcompar_integrator_limit_cmp_gt0000_lut<14 : 0> on block digital_phase_loop
   is not reconstructed, because there are some missing bus signals.
WARNING:NetListWriters:306 - Signal bus Mcompar_out_sum_limit_cmp_gt0000_lut<11
   : 0> on block digital_phase_loop is not reconstructed, because there are some
   missing bus signals.
WARNING:NetListWriters:306 - Signal bus integrator<25 : 0> on block
   digital_phase_loop is not reconstructed, because there are some missing bus
   signals.
WARNING:NetListWriters:306 - Signal bus integrator_limit<23 : 8> on block
   digital_phase_loop is not reconstructed, because there are some missing bus
   signals.
WARNING:NetListWriters:306 - Signal bus phase_count_mux0001<9 : 0> on block
   digital_pll_phase_detector is not reconstructed, because there are some
   missing bus signals.
WARNING:NetListWriters:306 - Signal bus
   Mcompar_integrator_limit_cmp_gt0000_lut<16 : 0> on block GPS_phase_loop is
   not reconstructed, because there are some missing bus signals.
WARNING:NetListWriters:306 - Signal bus Mcompar_out_sum_limit_cmp_gt0000_lut<13
   : 0> on block GPS_phase_loop is not reconstructed, because there are some
   missing bus signals.
WARNING:NetListWriters:306 - Signal bus integrator_limit<23 : 8> on block
   GPS_phase_loop is not reconstructed, because there are some missing bus
   signals.
WARNING:NetListWriters:306 - Signal bus integrator_mux0003<34 : 9> on block
   GPS_phase_loop is not reconstructed, because there are some missing bus
   signals.
WARNING:NetListWriters:306 - Signal bus out_sum_mux0001<24 : 3> on block
   GPS_phase_loop is not reconstructed, because there are some missing bus
   signals.
WARNING:NetListWriters:306 - Signal bus time_out_mux0009<21 : 3> on block
   I2C_engine is not reconstructed, because there are some missing bus signals.
  finished :Prep
Writing EDIF netlist file FPGA_main.edif ...
ngc2edif: Total memory usage is 49692 kilobytes

Release 12.4 - ngc2edif M.81d (nt)
Copyright (c) 1995-2010 Xilinx, Inc.  All rights reserved.
Reading design Chipscope.ngc ...
WARNING:NetListWriters:298 - No output is written to Chipscope.xncf, ignored.
Processing design ...
   Preping design's networks ...
   Preping design's macros ...
WARNING:NetListWriters:306 - Signal bus
   U0/I_YES_D.U_ILA/U_G2_SQ.U_CAPCTRL/U_CAP_ADDRGEN/U_SCNT_CMP/I_SRL16.U_GAND_SR
   L16/sel<11 : 0> on block Chipscope is not reconstructed, because there are
   some missing bus signals.
WARNING:NetListWriters:306 - Signal bus
   U0/I_YES_D.U_ILA/U_G2_SQ.U_CAPCTRL/U_CAP_ADDRGEN/U_WCNT_HCMP/I_SRL16.U_GAND_S
   RL16/sel<11 : 0> on block Chipscope is not reconstructed, because there are
   some missing bus signals.
WARNING:NetListWriters:306 - Signal bus
   U0/I_YES_D.U_ILA/U_G2_SQ.U_CAPCTRL/U_CAP_ADDRGEN/U_WCNT_LCMP/I_SRL16.U_GAND_S
   RL16/sel<11 : 0> on block Chipscope is not reconstructed, because there are
   some missing bus signals.
WARNING:NetListWriters:306 - Signal bus
   U0/I_YES_D.U_ILA/U_RST/U_ARM_XFER/iDOUT_dly<4 : 0> on block Chipscope is not
   reconstructed, because there are some missing bus signals.
WARNING:NetListWriters:306 - Signal bus
   U0/I_YES_D.U_ILA/U_RST/U_HALT_XFER/iDOUT_dly<2 : 0> on block Chipscope is not
   reconstructed, because there are some missing bus signals.
WARNING:NetListWriters:306 - Signal bus U0/I_YES_D.U_ILA/U_STAT/DSTAT<5 : 0> on
   block Chipscope is not reconstructed, because there are some missing bus
   signals.
  finished :Prep
Writing EDIF netlist file Chipscope.edif ...
ngc2edif: Total memory usage is 47388 kilobytes

Release 12.4 - ngc2edif M.81d (nt)
Copyright (c) 1995-2010 Xilinx, Inc.  All rights reserved.
Reading design Chipscope_ctrl.ngc ...
WARNING:NetListWriters:298 - No output is written to Chipscope_ctrl.xncf,
   ignored.
Processing design ...
   Preping design's networks ...
   Preping design's macros ...
WARNING:NetListWriters:306 - Signal bus U0/U_ICON/iCORE_ID_SEL<15 : 0> on block
   Chipscope_ctrl is not reconstructed, because there are some missing bus
   signals.
  finished :Prep
Writing EDIF netlist file Chipscope_ctrl.edif ...
ngc2edif: Total memory usage is 46620 kilobytes

Release 12.4 - ngc2edif M.81d (nt)
Copyright (c) 1995-2010 Xilinx, Inc.  All rights reserved.
Reading design FPGA_main.ngc ...
WARNING:NetListWriters:298 - No output is written to FPGA_main.xncf, ignored.
Processing design ...
   Preping design's networks ...
   Preping design's macros ...
WARNING:NetListWriters:306 - Signal bus period_count_mux0003<15 : 0> on block
   LTC_clockgen_NO1 is not reconstructed, because there are some missing bus
   signals.
WARNING:NetListWriters:306 - Signal bus ltc_frame<14 : 0> on block
   LTC_generator_NO1 is not reconstructed, because there are some missing bus
   signals.
WARNING:NetListWriters:306 - Signal bus period_count_mux0003<15 : 0> on block
   LTC_clockgen is not reconstructed, because there are some missing bus
   signals.
WARNING:NetListWriters:306 - Signal bus ltc_frame<14 : 0> on block LTC_generator
   is not reconstructed, because there are some missing bus signals.
WARNING:NetListWriters:306 - Signal bus
   Mcompar_integrator_limit_cmp_gt0000_lut<14 : 0> on block digital_phase_loop
   is not reconstructed, because there are some missing bus signals.
WARNING:NetListWriters:306 - Signal bus Mcompar_out_sum_limit_cmp_gt0000_lut<11
   : 0> on block digital_phase_loop is not reconstructed, because there are some
   missing bus signals.
WARNING:NetListWriters:306 - Signal bus integrator<25 : 0> on block
   digital_phase_loop is not reconstructed, because there are some missing bus
   signals.
WARNING:NetListWriters:306 - Signal bus integrator_limit<23 : 8> on block
   digital_phase_loop is not reconstructed, because there are some missing bus
   signals.
WARNING:NetListWriters:306 - Signal bus phase_count_mux0001<9 : 0> on block
   digital_pll_phase_detector is not reconstructed, because there are some
   missing bus signals.
WARNING:NetListWriters:306 - Signal bus
   Mcompar_integrator_limit_cmp_gt0000_lut<16 : 0> on block GPS_phase_loop is
   not reconstructed, because there are some missing bus signals.
WARNING:NetListWriters:306 - Signal bus Mcompar_out_sum_limit_cmp_gt0000_lut<13
   : 0> on block GPS_phase_loop is not reconstructed, because there are some
   missing bus signals.
WARNING:NetListWriters:306 - Signal bus integrator_limit<23 : 8> on block
   GPS_phase_loop is not reconstructed, because there are some missing bus
   signals.
WARNING:NetListWriters:306 - Signal bus integrator_mux0003<34 : 9> on block
   GPS_phase_loop is not reconstructed, because there are some missing bus
   signals.
WARNING:NetListWriters:306 - Signal bus out_sum_mux0001<24 : 3> on block
   GPS_phase_loop is not reconstructed, because there are some missing bus
   signals.
WARNING:NetListWriters:306 - Signal bus time_out_mux0009<21 : 3> on block
   I2C_engine is not reconstructed, because there are some missing bus signals.
  finished :Prep
Writing EDIF netlist file FPGA_main.edif ...
ngc2edif: Total memory usage is 50012 kilobytes

Release 12.4 - ngc2edif M.81d (nt)
Copyright (c) 1995-2010 Xilinx, Inc.  All rights reserved.
Reading design Chipscope.ngc ...
WARNING:NetListWriters:298 - No output is written to Chipscope.xncf, ignored.
Processing design ...
   Preping design's networks ...
   Preping design's macros ...
WARNING:NetListWriters:306 - Signal bus
   U0/I_YES_D.U_ILA/U_G2_SQ.U_CAPCTRL/U_CAP_ADDRGEN/U_SCNT_CMP/I_SRL16.U_GAND_SR
   L16/sel<11 : 0> on block Chipscope is not reconstructed, because there are
   some missing bus signals.
WARNING:NetListWriters:306 - Signal bus
   U0/I_YES_D.U_ILA/U_G2_SQ.U_CAPCTRL/U_CAP_ADDRGEN/U_WCNT_HCMP/I_SRL16.U_GAND_S
   RL16/sel<11 : 0> on block Chipscope is not reconstructed, because there are
   some missing bus signals.
WARNING:NetListWriters:306 - Signal bus
   U0/I_YES_D.U_ILA/U_G2_SQ.U_CAPCTRL/U_CAP_ADDRGEN/U_WCNT_LCMP/I_SRL16.U_GAND_S
   RL16/sel<11 : 0> on block Chipscope is not reconstructed, because there are
   some missing bus signals.
WARNING:NetListWriters:306 - Signal bus
   U0/I_YES_D.U_ILA/U_RST/U_ARM_XFER/iDOUT_dly<4 : 0> on block Chipscope is not
   reconstructed, because there are some missing bus signals.
WARNING:NetListWriters:306 - Signal bus
   U0/I_YES_D.U_ILA/U_RST/U_HALT_XFER/iDOUT_dly<2 : 0> on block Chipscope is not
   reconstructed, because there are some missing bus signals.
WARNING:NetListWriters:306 - Signal bus U0/I_YES_D.U_ILA/U_STAT/DSTAT<5 : 0> on
   block Chipscope is not reconstructed, because there are some missing bus
   signals.
  finished :Prep
Writing EDIF netlist file Chipscope.edif ...
ngc2edif: Total memory usage is 47324 kilobytes

Release 12.4 - ngc2edif M.81d (nt)
Copyright (c) 1995-2010 Xilinx, Inc.  All rights reserved.
Reading design Chipscope_ctrl.ngc ...
WARNING:NetListWriters:298 - No output is written to Chipscope_ctrl.xncf,
   ignored.
Processing design ...
   Preping design's networks ...
   Preping design's macros ...
WARNING:NetListWriters:306 - Signal bus U0/U_ICON/iCORE_ID_SEL<15 : 0> on block
   Chipscope_ctrl is not reconstructed, because there are some missing bus
   signals.
  finished :Prep
Writing EDIF netlist file Chipscope_ctrl.edif ...
ngc2edif: Total memory usage is 46876 kilobytes

