Release 6.3.03i Map G.38
Xilinx Mapping Report File for Design 'tri_level_sync_generator'

Design Information
------------------
Command Line   : C:/Programmer/Xilinx/bin/nt/map.exe -intstyle ise -p
xc3s200-pq208-4 -cm area -pr b -k 4 -c 100 -tx off -o
tri_level_sync_generator_map.ncd tri_level_sync_generator.ngd
tri_level_sync_generator.pcf 
Target Device  : x3s200
Target Package : pq208
Target Speed   : -4
Mapper Version : spartan3 -- $Revision: 1.16.8.2 $
Mapped Date    : Thu May 26 15:19:11 2005

Design Summary
--------------
Number of errors:      0
Number of warnings:    0
Logic Utilization:
  Number of Slice Flip Flops:         599 out of   3,840   15%
  Number of 4 input LUTs:           1,358 out of   3,840   35%
Logic Distribution:
  Number of occupied Slices:                        1,060 out of   1,920   55%
    Number of Slices containing only related logic:   1,060 out of   1,060  100%
    Number of Slices containing unrelated logic:          0 out of   1,060    0%
      *See NOTES below for an explanation of the effects of unrelated logic
Total Number 4 input LUTs:          1,426 out of   3,840   37%
  Number used as logic:              1,358
  Number used as a route-thru:          68
  Number of bonded IOBs:               44 out of     141   31%
    IOB Flip Flops:                    21
  Number of GCLKs:                     5 out of       8   62%

Total equivalent gate count for design:  14,131
Additional JTAG gate count for IOBs:  2,112
Peak Memory Usage:  78 MB

NOTES:

   Related logic is defined as being logic that shares connectivity -
   e.g. two LUTs are "related" if they share common inputs.
   When assembling slices, Map gives priority to combine logic that
   is related.  Doing so results in the best timing performance.

   Unrelated logic shares no connectivity.  Map will only begin
   packing unrelated logic into a slice once 99% of the slices are
   occupied through related logic packing.

   Note that once logic distribution reaches the 99% level through
   related logic packing, this does not mean the device is completely
   utilized.  Unrelated logic packing will then begin, continuing until
   all usable LUTs and FFs are occupied.  Depending on your timing
   budget, increased levels of unrelated logic packing may adversely
   affect the overall timing performance of your design.


Table of Contents
-----------------
Section 1 - Errors
Section 2 - Warnings
Section 3 - Informational
Section 4 - Removed Logic Summary
Section 5 - Removed Logic
Section 6 - IOB Properties
Section 7 - RPMs
Section 8 - Guide Report
Section 9 - Area Group Summary
Section 10 - Modular Design Summary
Section 11 - Timing Report
Section 12 - Configuration String Information
Section 13 - Additional Device Resource Counts

Section 1 - Errors
------------------

Section 2 - Warnings
--------------------

Section 3 - Informational
-------------------------
INFO:LIT:95 - All of the external outputs in this design are using slew rate
   limited output drivers. The delay on speed critical outputs can be
   dramatically reduced by designating them as fast outputs in the schematic.
INFO:MapLib:562 - No environment variables are currently set.
INFO:MapLib:535 - The following Virtex BUFG(s) is/are being retargetted to
   Virtex2 BUFGMUX(s) with input tied to I0 and Select pin tied to constant 0:
   BUFGP symbol "sck_BUFGP" (output signal=sck_BUFGP)

Section 4 - Removed Logic Summary
---------------------------------
   2 block(s) optimized away

Section 5 - Removed Logic
-------------------------

Optimized Block(s):
TYPE 		BLOCK
GND 		XST_GND
VCC 		XST_VCC

To enable printing of redundant blocks removed and signals merged, set the
detailed map report option and rerun map.

Section 6 - IOB Properties
--------------------------

+------------------------------------------------------------------------------------------------------------------------+
| IOB Name                           | Type    | Direction | IO Standard | Drive    | Slew | Reg (s)  | Resistor | IOB   |
|                                    |         |           |             | Strength | Rate |          |          | Delay |
+------------------------------------------------------------------------------------------------------------------------+
| clmp1                              | IOB     | OUTPUT    | LVCMOS25    | 12       | SLOW |          |          |       |
| clmp2                              | IOB     | OUTPUT    | LVCMOS25    | 12       | SLOW |          |          |       |
| clmp3                              | IOB     | OUTPUT    | LVCMOS25    | 12       | SLOW |          |          |       |
| clmp4                              | IOB     | OUTPUT    | LVCMOS25    | 12       | SLOW |          |          |       |
| cs1                                | IOB     | INPUT     | LVCMOS25    |          |      |          |          |       |
| cs2                                | IOB     | INPUT     | LVCMOS25    |          |      |          |          |       |
| cs3                                | IOB     | INPUT     | LVCMOS25    |          |      |          |          |       |
| cs4                                | IOB     | INPUT     | LVCMOS25    |          |      |          |          |       |
| ext1_out<0>                        | IOB     | OUTPUT    | LVCMOS25    | 12       | SLOW |          |          |       |
| ext1_out<1>                        | IOB     | OUTPUT    | LVCMOS25    | 12       | SLOW |          |          |       |
| ext1_out<2>                        | IOB     | OUTPUT    | LVCMOS25    | 12       | SLOW |          |          |       |
| ext1_out<3>                        | IOB     | OUTPUT    | LVCMOS25    | 12       | SLOW |          |          |       |
| f1484                              | IOB     | INPUT     | LVCMOS25    |          |      |          |          |       |
| f1485                              | IOB     | INPUT     | LVCMOS25    |          |      |          |          |       |
| f4m                                | IOB     | INPUT     | LVCMOS25    |          |      |          |          |       |
| f8g                                | IOB     | INPUT     | LVCMOS25    |          |      |          |          |       |
| led1                               | IOB     | OUTPUT    | LVCMOS25    | 12       | SLOW |          |          |       |
| led2                               | IOB     | OUTPUT    | LVCMOS25    | 12       | SLOW |          |          |       |
| led3                               | IOB     | OUTPUT    | LVCMOS25    | 12       | SLOW |          |          |       |
| mosi                               | IOB     | INPUT     | LVCMOS25    |          |      | INFF1    |          | IFD   |
| mreset                             | IOB     | INPUT     | LVCMOS25    |          |      |          |          |       |
| res1                               | IOB     | OUTPUT    | LVCMOS25    | 12       | SLOW |          |          |       |
| res2                               | IOB     | OUTPUT    | LVCMOS25    | 12       | SLOW |          |          |       |
| sck                                | IOB     | INPUT     | LVCMOS25    |          |      |          |          |       |
| tsg1_lvl                           | IOB     | INPUT     | LVCMOS25    |          |      | INFF1    |          | IFD   |
| tsg1_out<0>                        | IOB     | OUTPUT    | LVCMOS25    | 12       | SLOW | OFF1     |          |       |
| tsg1_out<1>                        | IOB     | OUTPUT    | LVCMOS25    | 12       | SLOW | OFF1     |          |       |
| tsg1_out<2>                        | IOB     | OUTPUT    | LVCMOS25    | 12       | SLOW | OFF1     |          |       |
| tsg1_out<3>                        | IOB     | OUTPUT    | LVCMOS25    | 12       | SLOW | OFF1     |          |       |
| tsg2_lvl                           | IOB     | INPUT     | LVCMOS25    |          |      | INFF1    |          | IFD   |
| tsg2_out<0>                        | IOB     | OUTPUT    | LVCMOS25    | 12       | SLOW | OFF1     |          |       |
| tsg2_out<1>                        | IOB     | OUTPUT    | LVCMOS25    | 12       | SLOW | OFF1     |          |       |
| tsg2_out<2>                        | IOB     | OUTPUT    | LVCMOS25    | 12       | SLOW | OFF1     |          |       |
| tsg2_out<3>                        | IOB     | OUTPUT    | LVCMOS25    | 12       | SLOW | OFF1     |          |       |
| tsg3_lvl                           | IOB     | INPUT     | LVCMOS25    |          |      | INFF1    |          | IFD   |
| tsg3_out<0>                        | IOB     | OUTPUT    | LVCMOS25    | 12       | SLOW | OFF1     |          |       |
| tsg3_out<1>                        | IOB     | OUTPUT    | LVCMOS25    | 12       | SLOW | OFF1     |          |       |
| tsg3_out<2>                        | IOB     | OUTPUT    | LVCMOS25    | 12       | SLOW | OFF1     |          |       |
| tsg3_out<3>                        | IOB     | OUTPUT    | LVCMOS25    | 12       | SLOW | OFF1     |          |       |
| tsg4_lvl                           | IOB     | INPUT     | LVCMOS25    |          |      | INFF1    |          | IFD   |
| tsg4_out<0>                        | IOB     | OUTPUT    | LVCMOS25    | 12       | SLOW | OFF1     |          |       |
| tsg4_out<1>                        | IOB     | OUTPUT    | LVCMOS25    | 12       | SLOW | OFF1     |          |       |
| tsg4_out<2>                        | IOB     | OUTPUT    | LVCMOS25    | 12       | SLOW | OFF1     |          |       |
| tsg4_out<3>                        | IOB     | OUTPUT    | LVCMOS25    | 12       | SLOW | OFF1     |          |       |
+------------------------------------------------------------------------------------------------------------------------+

Section 7 - RPMs
----------------

Section 8 - Guide Report
------------------------
Guide not run on this design.

Section 9 - Area Group Summary
------------------------------
No area groups were found in this design.

Section 10 - Modular Design Summary
-----------------------------------
Modular Design not used for this design.

Section 11 - Timing Report
--------------------------
This design was not run using timing mode.

Section 12 - Configuration String Details
-----------------------------------------
Use the "-detail" map option to print out Configuration Strings

Section 13 - Additional Device Resource Counts
----------------------------------------------
Number of JTAG Gates for IOBs = 44
Number of Equivalent Gates for Design = 14,131
Number of RPM Macros = 0
Number of Hard Macros = 0
DCIRESETs = 0
CAPTUREs = 0
BSCANs = 0
STARTUPs = 0
DCMs = 0
GCLKs = 5
ICAPs = 0
18X18 Multipliers = 0
Block RAMs = 0
Total Registers (Flops & Latches in Slices & IOBs) not driven by LUTs = 372
IOB Dual-Rate Flops not driven by LUTs = 0
IOB Dual-Rate Flops = 0
IOB Slave Pads = 0
IOB Master Pads = 0
IOB Latches not driven by LUTs = 0
IOB Latches = 0
IOB Flip Flops not driven by LUTs = 9
IOB Flip Flops = 21
Unbonded IOBs = 0
Bonded IOBs = 44
Shift Registers = 0
Static Shift Registers = 0
Dynamic Shift Registers = 0
16x1 ROMs = 0
16x1 RAMs = 0
32x1 RAMs = 0
Dual Port RAMs = 0
MUXFXs = 24
MULTANDs = 0
4 input LUTs used as Route-Thrus = 68
4 input LUTs = 1358
Slice Latches not driven by LUTs = 0
Slice Latches = 0
Slice Flip Flops not driven by LUTs = 363
Slice Flip Flops = 599
SliceMs = 0
SliceLs = 1060
Slices = 1060
Number of LUT signals with 4 loads = 11
Number of LUT signals with 3 loads = 14
Number of LUT signals with 2 loads = 91
Number of LUT signals with 1 load = 1200
NGM Average fanout of LUT = 1.47
NGM Maximum fanout of LUT = 38
NGM Average fanin for LUT = 3.3844
Number of LUT symbols = 1358
Number of IPAD symbols = 15
Number of IBUF symbols = 15
