Project Informationc:\pt5220\blackburst\pgadesign\bb_pga1\bb12_load_flash_2_ram.rpt

MAX+plus II Compiler Report File
Version 9.01 07/30/98
Compiled: 08/31/99 11:18:57

Copyright (C) 1988-1998 Altera Corporation
Any megafunction design, and related net list (encrypted or decrypted),
support information, device programming or simulation file, and any other
associated documentation or information provided by Altera or a partner
under Altera's Megafunction Partnership Program may be used only to
program PLD devices (but not masked PLD devices) from Altera.  Any other
use of such megafunction design, net list, support information, device
programming or simulation file, or any other related documentation or
information is prohibited for any other purpose, including, but not
limited to modification, reverse engineering, de-compiling, or use with
any other silicon devices, unless such use is explicitly licensed under
a separate agreement with Altera or a megafunction partner.  Title to
the intellectual property, including patents, copyrights, trademarks,
trade secrets, or maskworks, embodied in any such megafunction design,
net list, support information, device programming or simulation file, or
any other related documentation or information provided by Altera or a
megafunction partner, remains with Altera, the megafunction partner, or
their respective licensors.  No other licenses, including any licenses
needed under any third party's intellectual property, are provided herein.



***** Project compilation was successful


BB12_LOAD_FLASH_2_RAM


** DEVICE SUMMARY **

Chip/                     Input   Output   Bidir 			    LCs
POF       Device          Pins    Pins     Pins      LCs    % Utilized

bb12_load_flash_2_ram
      EPF6010ATC100-1      2        16       0   35          3  %

User Pins:                 2        16       0  



Project Informationc:\pt5220\blackburst\pgadesign\bb_pga1\bb12_load_flash_2_ram.rpt

** PROJECT TIMING MESSAGES **

Warning: Timing characteristics of device EPF6010ATC100-1 are preliminary


Project Informationc:\pt5220\blackburst\pgadesign\bb_pga1\bb12_load_flash_2_ram.rpt

** STATE MACHINE ASSIGNMENTS **


state: MACHINE
        OF BITS (
           state~5,
           state~4,
           state~3,
           state~2,
           state~1
        )
        WITH STATES (
           s0_burst_ramload_init = B"00000", 
          s1_burst_ramload_count = B"11000", 
          s2_burst_ramload_delay = B"10100", 
          s3_burst_ramload_delay = B"10010", 
           s4_burst_ramload_test = B"10001"
);



Project Informationc:\pt5220\blackburst\pgadesign\bb_pga1\bb12_load_flash_2_ram.rpt

** FILE HIERARCHY **



|lpm_add_sub:170|
|lpm_add_sub:170|addcore:adder|
|lpm_add_sub:170|altshift:result_ext_latency_ffs|
|lpm_add_sub:170|altshift:carry_ext_latency_ffs|
|lpm_add_sub:170|altshift:oflow_ext_latency_ffs|
|lpm_add_sub:261|
|lpm_add_sub:261|addcore:adder|
|lpm_add_sub:261|altshift:result_ext_latency_ffs|
|lpm_add_sub:261|altshift:carry_ext_latency_ffs|
|lpm_add_sub:261|altshift:oflow_ext_latency_ffs|


Device-Specific Information:c:\pt5220\blackburst\pgadesign\bb_pga1\bb12_load_flash_2_ram.rpt
bb12_load_flash_2_ram

***** Logic for device 'bb12_load_flash_2_ram' compiled without errors.




Device: EPF6010ATC100-1

FLEX 6000 Configuration Scheme: Passive Serial

Device Options:
    User-Supplied Start-Up Clock               = OFF
    Auto-Restart Configuration on Frame Error  = OFF
    Release Clears Before Tri-States           = OFF
    Enable Chip_Wide Reset                     = OFF
    Enable Chip-Wide Output Enable             = OFF
    Enable INIT_DONE Output                    = OFF
    Enable JTAG Support                        = OFF

                                    p       p p p   p                                  
                                    g       g g g   g                                  
                                    a       a a a   a                                  
                                    1   p p 1 1 1 p 1 p p                           p  
                                    _   g g _ _ _ g _ g g                           g  
                                    b   a a b b b a b a a                           a  
                                    b t 1 1 b b b 1 b 1 1                           1  
                                    1 r _ _ 1 1 1 _ 1 _ _                           _  
                                    2 i b b 2 2 2 b 2 b b                           b  
                                    _ s b b _ _ _ b _ b b                           b  
                                    b t 1 1 b b b 1 b 1 1                           1  
                                    u a 2 2 u u u 2 u 2 2                           2  
                                    r t _ _ r r r _ r _ _                           _  
                                    s e b b s s s b s b b                           b  
                                    t _ u u t t t u t u u                         p u  
                                    _ b r r _ _ _ r _ r r                         g r  
                                    s b s s s s s s s s s                         a s  
                                    a 1 t t a a a t a t t                         1 t  
                                    m _ _ _ m m m _ m _ _                         _ _  
                                    p f r r p p p r p r r                         b r  
                                    l l a a l l l a l a a                         b a  
                                    e a m m e e e m e m m                         1 m  
                                    a s a a a a a a a a a         R R R R R R R R 2 a  
                                    d h d d d d d d d d d         E E E E E E E E _ d  
                                    r _ r r r r r r r r r       ^ S S S S S S S S W r  
                                    _ 2 _ _ _ _ _ _ _ _ _ ^     D E E E E E E E E E _  
                                    b _ b b b b b b b b b D     A R R R R R R R R _ b  
                                    b r b b b b b b b b b C V G T V V V V V V V V b b  
                                    1 a 1 1 1 1 1 1 1 1 1 L C N A E E E E E E E E b 1  
                                    6 m 6 5 5 2 0 4 1 0 1 K C D 0 D D D D D D D D 1 3  
                                  ----------------------------------------------------_ 
                                 / 100  98  96  94  92  90  88  86  84  82  80  78  76   |_ 
                                /     99  97  95  93  91  89  87  85  83  81  79  77    | 
pga1_bb12_burst_sampleadr_bb13 |  1                                                    75 | pga1_bb12_burst_ramadr_bb12 
pga1_bb12_burst_sampleadr_bb14 |  2                                                    74 | RESERVED 
                          N.C. |  3                                                    73 | RESERVED 
                          ^nCE |  4                                                    72 | ^CONF_DONE 
                           GND |  5                                                    71 | VCC 
                           VCC |  6                                                    70 | GND 
                          N.C. |  7                                                    69 | RESERVED 
                      RESERVED |  8                                                    68 | N.C. 
                      RESERVED |  9                                                    67 | RESERVED 
                      RESERVED | 10                                                    66 | RESERVED 
                      RESERVED | 11                                                    65 | RESERVED 
                           clk | 12                                                    64 | RESERVED 
                           GND | 13                  EPF6010ATC100-1                   63 | pga1_bb12_ramload_bb1 
                      RESERVED | 14                                                    62 | GND 
                      RESERVED | 15                                                    61 | RESERVED 
                      RESERVED | 16                                                    60 | RESERVED 
                      RESERVED | 17                                                    59 | RESERVED 
                      RESERVED | 18                                                    58 | RESERVED 
                          N.C. | 19                                                    57 | RESERVED 
                           GND | 20                                                    56 | N.C. 
                           VCC | 21                                                    55 | N.C. 
                         ^MSEL | 22                                                    54 | VCC 
                      RESERVED | 23                                                    53 | GND 
                      RESERVED | 24                                                    52 | N.C. 
                      RESERVED | 25                                                    51 | RESERVED 
                               |      27  29  31  33  35  37  39  41  43  45  47  49  _| 
                                \   26  28  30  32  34  36  38  40  42  44  46  48  50   | 
                                 \----------------------------------------------------- 
                                    R R R R R R R R R R ^ G V ^ R R R R R R R R R R R  
                                    E E E E E E E E E E n N C n E E E E E E E E E E E  
                                    S S S S S S S S S S C D C S S S S S S S S S S S S  
                                    E E E E E E E E E E O     T E E E E E E E E E E E  
                                    R R R R R R R R R R N     A R R R R R R R R R R R  
                                    V V V V V V V V V V F     T V V V V V V V V V V V  
                                    E E E E E E E E E E I     U E E E E E E E E E E E  
                                    D D D D D D D D D D G     S D D D D D D D D D D D  
                                                                                       
                                                                                       
                                                                                       
                                                                                       
                                                                                       
                                                                                       
                                                                                       
                                                                                       
                                                                                       
                                                                                       
                                                                                       
                                                                                       
                                                                                       
                                                                                       
                                                                                       
                                                                                       
                                                                                       
                                                                                       
                                                                                       
                                                                                       
                                                                                       
                                                                                       


N.C. = Not Connected.
VCC = Dedicated power pin, which MUST be connected to VCC.
GND = Dedicated ground pin or unused dedicated input, which MUST be connected to GND.
RESERVED = Unused I/O pin, which MUST be left unconnected.

^ = Dedicated configuration pin.
+ = Reserved configuration pin, which is tri-stated during user mode.
* = Reserved configuration pin, which drives out in user mode.
PDn = Power Down pin. 
@ = Special-purpose pin. 
# = JTAG Boundary-Scan Testing/In-System Programming or Configuration Pin. The JTAG inputs (TMS, TCK, TDI) should be tied to VCC when not in use.
& = JTAG pin used for I/O. When used as user I/O, JTAG pins must be kept stable before and during configuration.  JTAG pin stability prevents accidental loading of JTAG instructions.


Device-Specific Information:c:\pt5220\blackburst\pgadesign\bb_pga1\bb12_load_flash_2_ram.rpt
bb12_load_flash_2_ram

** RESOURCE USAGE **

Logic                Column       Row                                   
Array                Interconnect Interconnect                  Sync.   Sync.   Left External  Right External  Borrowed LC1
Block   Logic Cells  Driven       Driven       Clocks  Clears   Clear   Load    Interconnect   Interconnect    Inputs
A1      10/10(100%)   0/10(  0%)   0/10(  0%)    1/2    0/2      0/1     0/1      2/22(  9%)    4/22( 18%)      0/4
A3       8/10( 80%)   0/10(  0%)   0/10(  0%)    1/2    0/2      0/1     0/1      2/22(  9%)    3/22( 13%)      0/4
A5       6/10( 60%)   0/10(  0%)   0/10(  0%)    1/2    0/2      0/1     0/1      4/22( 18%)    5/22( 22%)      0/4
A7       6/10( 60%)   0/10(  0%)   0/10(  0%)    1/2    0/2      0/1     0/1      1/22(  4%)    2/22(  9%)      0/4
A8       1/10( 10%)   0/10(  0%)   0/10(  0%)    1/2    0/2      0/1     0/1      0/22(  0%)    2/22(  9%)      0/4
A9       1/10( 10%)   0/10(  0%)   0/10(  0%)    1/2    0/2      0/1     0/1      1/22(  4%)    2/22(  9%)      0/4
A10      1/10( 10%)   0/10(  0%)   0/10(  0%)    1/2    0/2      0/1     0/1      1/22(  4%)    1/22(  4%)      0/4
A11      1/10( 10%)   0/10(  0%)   0/10(  0%)    1/2    0/2      0/1     0/1      1/22(  4%)    2/22(  9%)      0/4
A13      1/10( 10%)   0/10(  0%)   0/10(  0%)    1/2    0/2      0/1     0/1      1/22(  4%)    0/22(  0%)      0/4


Total dedicated input pins used:                 2/4      ( 50%)
Total I/O pins used:                            16/67     ( 23%)
Total logic cells used:                         35/880    (  3%)
Average fan-in:                                 3.22/4    ( 80%)
Total fan-in:                                 113/3520    (  3%)

Total input pins required:                       2
Total output pins required:                     16
Total bidirectional pins required:               0
Total reserved pins required                     0
Total logic cells required:                     35
Total flipflops required:                       21
Total packed registers required:                 0
Total logic cells in carry chains:               0
Total number of carry chains:                    0
Total logic cells in cascade chains:             0
Total number of cascade chains:                  0

Synthesized logic cells:                         3/ 880   (  0%)

Logic Cell Counts

Column:  01  02  03  04  05  06  07  08  09  10  11  12  13  14  15  16  17  18  19  20  21  22  Total
 A:     10   0   8   0   6   0   6   1   1   1   1   0   1   0   0   0   0   0   0   0   0   0     35
 B:      0   0   0   0   0   0   0   0   0   0   0   0   0   0   0   0   0   0   0   0   0   0      0
 C:      0   0   0   0   0   0   0   0   0   0   0   0   0   0   0   0   0   0   0   0   0   0      0
 D:      0   0   0   0   0   0   0   0   0   0   0   0   0   0   0   0   0   0   0   0   0   0      0

Total:  10   0   8   0   6   0   6   1   1   1   1   0   1   0   0   0   0   0   0   0   0   0     35



Device-Specific Information:c:\pt5220\blackburst\pgadesign\bb_pga1\bb12_load_flash_2_ram.rpt
bb12_load_flash_2_ram

** INPUTS **

                                               Fan-In    Fan-Out
 Pin     LC   Row  Col  Primitive    Code      INP  FBK  OUT  FBK  Name
  12      -    -    --      INPUT  G            0    0    0    0  clk
  63      -    -    --      INPUT               0    0    0    3  pga1_bb12_ramload_bb1


Code:

s = Synthesized pin or logic cell
+ = Synchronous flipflop
/ = Slow slew-rate output
! = NOT gate push-back
r = Fitter-inserted logic cell
^ = Increased input delay
$ = Driven by fast output logic cell
G = Global Source. Fan-out destinations counted here do not include destinations
that are driven using global routing resources. Refer to the Auto Global Signals,
Clock Signals, Clear Signals, Synchronous Load Signals, and Synchronous Clear Signals
Sections of this Report File for information on which signals' fan-outs are used as
Clock, Clear, Preset, Output Enable, and synchronous Load signals.


Device-Specific Information:c:\pt5220\blackburst\pgadesign\bb_pga1\bb12_load_flash_2_ram.rpt
bb12_load_flash_2_ram

** OUTPUTS **

       Fed By                                  Fan-In    Fan-Out
 Pin     LC   Row  Col  Primitive    Code      INP  FBK  OUT  FBK  Name
  91      -    -    10     OUTPUT           $   0    1    0    0  pga1_bb12_burst_ramadr_bb10
  90      -    -    11     OUTPUT           $   0    1    0    0  pga1_bb12_burst_ramadr_bb11
  75      -    A    --     OUTPUT               0    1    0    0  pga1_bb12_burst_ramadr_bb12
  76      -    A    --     OUTPUT               0    1    0    0  pga1_bb12_burst_ramadr_bb13
  93      -    -    08     OUTPUT               0    1    0    0  pga1_bb12_burst_ramadr_bb14
  97      -    -    02     OUTPUT           $   0    1    0    0  pga1_bb12_burst_ramadr_bb15
  98      -    -    01     OUTPUT           $   0    1    0    0  pga1_bb12_burst_ramadr_bb16
  94      -    -    07     OUTPUT           $   0    1    0    0  pga1_bb12_burst_sampleadr_bb10
  92      -    -    09     OUTPUT           $   0    1    0    0  pga1_bb12_burst_sampleadr_bb11
  95      -    -    05     OUTPUT           $   0    1    0    0  pga1_bb12_burst_sampleadr_bb12
   1      -    A    --     OUTPUT               0    1    0    0  pga1_bb12_burst_sampleadr_bb13
   2      -    A    --     OUTPUT               0    1    0    0  pga1_bb12_burst_sampleadr_bb14
  96      -    -    04     OUTPUT           $   0    1    0    0  pga1_bb12_burst_sampleadr_bb15
 100      -    A    --     OUTPUT               0    1    0    0  pga1_bb12_burst_sampleadr_bb16
  77      -    A    --     OUTPUT               0    1    0    0  pga1_bb12_WE_bb1
  99      -    A    --     OUTPUT               0    1    0    0  tristate_bb1_flash_2_ram


Code:

s = Synthesized pin or logic cell
+ = Synchronous flipflop
/ = Slow slew-rate output
! = NOT gate push-back
r = Fitter-inserted logic cell
^ = Increased input delay
$ = Driven by fast output logic cell


Device-Specific Information:c:\pt5220\blackburst\pgadesign\bb_pga1\bb12_load_flash_2_ram.rpt
bb12_load_flash_2_ram

** BURIED LOGIC **

                                               Fan-In    Fan-Out
 IOC     LC   Row  Col  Primitive    Code      INP  FBK  OUT  FBK  Name
   -      7    A    05       AND2              0    2    0    1  |LPM_ADD_SUB:170|addcore:adder|:121
   -      8    A    03       AND2              0    3    0    4  |LPM_ADD_SUB:170|addcore:adder|:125
   -      4    A    03       AND2              0    2    0    1  |LPM_ADD_SUB:170|addcore:adder|:129
   -      7    A    03       AND2              0    3    0    1  |LPM_ADD_SUB:170|addcore:adder|:133
   -      1    A    03       AND2              0    4    0    1  |LPM_ADD_SUB:170|addcore:adder|:137
   -     10    A    01       AND2              0    2    0    1  |LPM_ADD_SUB:261|addcore:adder|:121
   -      9    A    01       AND2              0    3    0    1  |LPM_ADD_SUB:261|addcore:adder|:125
   -      8    A    01       AND2              0    4    0    3  |LPM_ADD_SUB:261|addcore:adder|:129
   -      5    A    01       AND2              0    2    0    1  |LPM_ADD_SUB:261|addcore:adder|:133
   -      2    A    13        DFF   +          0    1    0    2  state~1
   -      2    A    07        DFF   +          0    1    0    3  state~2
   -      7    A    07        DFF   +          1    2    0    3  state~3
   -      3    A    05        DFF   +          0    2    0   10  state~4
   -      9    A    05        DFF   +          1    3    0   18  state~5
   -      1    A    07        DFF   +          0    4    1    1  :3
   -      6    A    07        DFF   +          1    2    1    1  :5
   -      2    A    01        DFF   +          0    3    1    1  ramadr_count6 (:21)
   -      1    A    01        DFF   +          0    4    1    2  ramadr_count5 (:22)
   -      6    A    01        DFF   +          0    4    1    3  ramadr_count4 (:23)
   -      3    A    01        DFF   +          0    4    1    2  ramadr_count3 (:24)
   -      7    A    01        DFF   +          0    4    1    3  ramadr_count2 (:25)
   -      6    A    11        DFF   +          0    4    1    4  ramadr_count1 (:26)
   -      6    A    10        DFF   +          0    3    1    5  ramadr_count0 (:27)
   -      6    A    03        DFF   +          0    4    1    2  flashburst_samplecount6 (:28)
   -      2    A    03        DFF   +          0    4    1    3  flashburst_samplecount5 (:29)
   -      9    A    03        DFF   +          0    4    1    4  flashburst_samplecount4 (:30)
   -      3    A    03        DFF   +          0    4    1    5  flashburst_samplecount3 (:31)
   -      8    A    05        DFF   +          0    4    1    3  flashburst_samplecount2 (:32)
   -      7    A    09        DFF   +          0    4    1    4  flashburst_samplecount1 (:33)
   -      6    A    08        DFF   +          0    3    1    5  flashburst_samplecount0 (:34)
   -      1    A    05        OR2    s         0    4    0    1  ~235~1
   -      6    A    05        OR2        !     0    4    0    2  :235
   -      4    A    01       AND2    s   !     0    4    0    1  ~325~1
   -      8    A    07       AND2    s   !     0    3    0    7  ~415~1
   -      9    A    07       AND2              0    2    0    1  :426


Code:

s = Synthesized pin or logic cell
+ = Synchronous flipflop
/ = Slow slew-rate output
! = NOT gate push-back
r = Fitter-inserted logic cell
^ = Increased input delay
$ = Driven by fast output logic cell
p = Packed register


Device-Specific Information:c:\pt5220\blackburst\pgadesign\bb_pga1\bb12_load_flash_2_ram.rpt
bb12_load_flash_2_ram

** FASTTRACK INTERCONNECT UTILIZATION **

Row FastTrack Interconnect:

          Global         Left Half-      Right Half-
         FastTrack       FastTrack       FastTrack 
Row     Interconnect    Interconnect    Interconnect    Input Pins     Output Pins     Bidir Pins
A:       5/ 96(  5%)    16/ 48( 33%)     0/ 48(  0%)    0/20(  0%)      7/20( 35%)     0/20(  0%)
B:       0/ 96(  0%)     0/ 48(  0%)     0/ 48(  0%)    0/20(  0%)      0/20(  0%)     0/20(  0%)
C:       0/ 96(  0%)     0/ 48(  0%)     0/ 48(  0%)    0/20(  0%)      0/20(  0%)     0/20(  0%)
D:       0/ 96(  0%)     0/ 48(  0%)     0/ 48(  0%)    0/20(  0%)      0/20(  0%)     0/20(  0%)


Column FastTrack Interconnect:

         FastTrack                                 
Column  Interconnect    Input Pins     Output Pins     Bidir Pins
01:      0/20(  0%)     0/4(  0%)      1/4( 25%)       0/4(  0%)
02:      0/20(  0%)     0/4(  0%)      1/4( 25%)       0/4(  0%)
03:      0/20(  0%)     0/4(  0%)      0/4(  0%)       0/4(  0%)
04:      0/20(  0%)     0/4(  0%)      1/4( 25%)       0/4(  0%)
05:      0/20(  0%)     0/4(  0%)      1/4( 25%)       0/4(  0%)
06:      0/20(  0%)     0/4(  0%)      0/4(  0%)       0/4(  0%)
07:      0/20(  0%)     0/4(  0%)      1/4( 25%)       0/4(  0%)
08:      0/20(  0%)     0/4(  0%)      1/4( 25%)       0/4(  0%)
09:      0/20(  0%)     0/4(  0%)      1/4( 25%)       0/4(  0%)
10:      0/20(  0%)     0/4(  0%)      1/4( 25%)       0/4(  0%)
11:      0/20(  0%)     0/4(  0%)      1/4( 25%)       0/4(  0%)
12:      0/20(  0%)     0/4(  0%)      0/4(  0%)       0/4(  0%)
13:      0/20(  0%)     0/4(  0%)      0/4(  0%)       0/4(  0%)
14:      0/20(  0%)     0/4(  0%)      0/4(  0%)       0/4(  0%)
15:      0/20(  0%)     0/4(  0%)      0/4(  0%)       0/4(  0%)
16:      0/20(  0%)     0/4(  0%)      0/4(  0%)       0/4(  0%)
17:      0/20(  0%)     0/4(  0%)      0/4(  0%)       0/4(  0%)
18:      0/20(  0%)     0/4(  0%)      0/4(  0%)       0/4(  0%)
19:      0/20(  0%)     0/4(  0%)      0/4(  0%)       0/4(  0%)
20:      0/20(  0%)     0/4(  0%)      0/4(  0%)       0/4(  0%)
21:      0/20(  0%)     0/4(  0%)      0/4(  0%)       0/4(  0%)
22:      0/20(  0%)     0/4(  0%)      0/4(  0%)       0/4(  0%)


Device-Specific Information:c:\pt5220\blackburst\pgadesign\bb_pga1\bb12_load_flash_2_ram.rpt
bb12_load_flash_2_ram

** CLOCK SIGNALS **

Type     Fan-out       Name
INPUT       21         clk


Device-Specific Information:c:\pt5220\blackburst\pgadesign\bb_pga1\bb12_load_flash_2_ram.rpt
bb12_load_flash_2_ram

** EQUATIONS **

clk      : INPUT;
pga1_bb12_ramload_bb1 : INPUT;

-- Node name is ':34' = 'flashburst_samplecount0' 
-- Equation name is 'flashburst_samplecount0', location is LC6_A8, type is buried.
flashburst_samplecount0 = DFF( _EQ001, GLOBAL( clk),  VCC,  VCC);
  _EQ001 =  flashburst_samplecount0 & !state~4 &  state~5
         # !flashburst_samplecount0 &  state~4 &  state~5;

-- Node name is ':33' = 'flashburst_samplecount1' 
-- Equation name is 'flashburst_samplecount1', location is LC7_A9, type is buried.
flashburst_samplecount1 = DFF( _EQ002, GLOBAL( clk),  VCC,  VCC);
  _EQ002 =  flashburst_samplecount1 & !state~4 &  state~5
         #  flashburst_samplecount0 & !flashburst_samplecount1 &  state~4 & 
              state~5
         # !flashburst_samplecount0 &  flashburst_samplecount1 &  state~5;

-- Node name is ':32' = 'flashburst_samplecount2' 
-- Equation name is 'flashburst_samplecount2', location is LC8_A5, type is buried.
flashburst_samplecount2 = DFF( _EQ003, GLOBAL( clk),  VCC,  VCC);
  _EQ003 =  flashburst_samplecount2 & !state~4 &  state~5
         #  flashburst_samplecount2 & !_LC7_A5 &  state~5
         # !flashburst_samplecount2 &  _LC7_A5 &  state~4 &  state~5;

-- Node name is ':31' = 'flashburst_samplecount3' 
-- Equation name is 'flashburst_samplecount3', location is LC3_A3, type is buried.
flashburst_samplecount3 = DFF( _EQ004, GLOBAL( clk),  VCC,  VCC);
  _EQ004 =  flashburst_samplecount3 & !state~4 &  state~5
         #  flashburst_samplecount3 & !_LC8_A3 &  state~5
         # !flashburst_samplecount3 &  _LC8_A3 &  state~4 &  state~5;

-- Node name is ':30' = 'flashburst_samplecount4' 
-- Equation name is 'flashburst_samplecount4', location is LC9_A3, type is buried.
flashburst_samplecount4 = DFF( _EQ005, GLOBAL( clk),  VCC,  VCC);
  _EQ005 =  flashburst_samplecount4 & !state~4 &  state~5
         #  flashburst_samplecount4 & !_LC4_A3 &  state~5
         # !flashburst_samplecount4 &  _LC4_A3 &  state~4 &  state~5;

-- Node name is ':29' = 'flashburst_samplecount5' 
-- Equation name is 'flashburst_samplecount5', location is LC2_A3, type is buried.
flashburst_samplecount5 = DFF( _EQ006, GLOBAL( clk),  VCC,  VCC);
  _EQ006 =  flashburst_samplecount5 & !state~4 &  state~5
         #  flashburst_samplecount5 & !_LC7_A3 &  state~5
         # !flashburst_samplecount5 &  _LC7_A3 &  state~4 &  state~5;

-- Node name is ':28' = 'flashburst_samplecount6' 
-- Equation name is 'flashburst_samplecount6', location is LC6_A3, type is buried.
flashburst_samplecount6 = DFF( _EQ007, GLOBAL( clk),  VCC,  VCC);
  _EQ007 =  flashburst_samplecount6 & !state~4 &  state~5
         #  flashburst_samplecount6 & !_LC1_A3 &  state~5
         # !flashburst_samplecount6 &  _LC1_A3 &  state~4 &  state~5;

-- Node name is 'pga1_bb12_burst_ramadr_bb10' 
-- Equation name is 'pga1_bb12_burst_ramadr_bb10', type is output 
pga1_bb12_burst_ramadr_bb10 =  ramadr_count0;

-- Node name is 'pga1_bb12_burst_ramadr_bb11' 
-- Equation name is 'pga1_bb12_burst_ramadr_bb11', type is output 
pga1_bb12_burst_ramadr_bb11 =  ramadr_count1;

-- Node name is 'pga1_bb12_burst_ramadr_bb12' 
-- Equation name is 'pga1_bb12_burst_ramadr_bb12', type is output 
pga1_bb12_burst_ramadr_bb12 =  ramadr_count2;

-- Node name is 'pga1_bb12_burst_ramadr_bb13' 
-- Equation name is 'pga1_bb12_burst_ramadr_bb13', type is output 
pga1_bb12_burst_ramadr_bb13 =  ramadr_count3;

-- Node name is 'pga1_bb12_burst_ramadr_bb14' 
-- Equation name is 'pga1_bb12_burst_ramadr_bb14', type is output 
pga1_bb12_burst_ramadr_bb14 =  ramadr_count4;

-- Node name is 'pga1_bb12_burst_ramadr_bb15' 
-- Equation name is 'pga1_bb12_burst_ramadr_bb15', type is output 
pga1_bb12_burst_ramadr_bb15 =  ramadr_count5;

-- Node name is 'pga1_bb12_burst_ramadr_bb16' 
-- Equation name is 'pga1_bb12_burst_ramadr_bb16', type is output 
pga1_bb12_burst_ramadr_bb16 =  ramadr_count6;

-- Node name is 'pga1_bb12_burst_sampleadr_bb10' 
-- Equation name is 'pga1_bb12_burst_sampleadr_bb10', type is output 
pga1_bb12_burst_sampleadr_bb10 =  flashburst_samplecount0;

-- Node name is 'pga1_bb12_burst_sampleadr_bb11' 
-- Equation name is 'pga1_bb12_burst_sampleadr_bb11', type is output 
pga1_bb12_burst_sampleadr_bb11 =  flashburst_samplecount1;

-- Node name is 'pga1_bb12_burst_sampleadr_bb12' 
-- Equation name is 'pga1_bb12_burst_sampleadr_bb12', type is output 
pga1_bb12_burst_sampleadr_bb12 =  flashburst_samplecount2;

-- Node name is 'pga1_bb12_burst_sampleadr_bb13' 
-- Equation name is 'pga1_bb12_burst_sampleadr_bb13', type is output 
pga1_bb12_burst_sampleadr_bb13 =  flashburst_samplecount3;

-- Node name is 'pga1_bb12_burst_sampleadr_bb14' 
-- Equation name is 'pga1_bb12_burst_sampleadr_bb14', type is output 
pga1_bb12_burst_sampleadr_bb14 =  flashburst_samplecount4;

-- Node name is 'pga1_bb12_burst_sampleadr_bb15' 
-- Equation name is 'pga1_bb12_burst_sampleadr_bb15', type is output 
pga1_bb12_burst_sampleadr_bb15 =  flashburst_samplecount5;

-- Node name is 'pga1_bb12_burst_sampleadr_bb16' 
-- Equation name is 'pga1_bb12_burst_sampleadr_bb16', type is output 
pga1_bb12_burst_sampleadr_bb16 =  flashburst_samplecount6;

-- Node name is 'pga1_bb12_WE_bb1' 
-- Equation name is 'pga1_bb12_WE_bb1', type is output 
pga1_bb12_WE_bb1 =  _LC1_A7;

-- Node name is ':27' = 'ramadr_count0' 
-- Equation name is 'ramadr_count0', location is LC6_A10, type is buried.
ramadr_count0 = DFF( _EQ008, GLOBAL( clk),  VCC,  VCC);
  _EQ008 =  _LC8_A7 &  ramadr_count0
         # !_LC8_A7 & !ramadr_count0
         # !state~5;

-- Node name is ':26' = 'ramadr_count1' 
-- Equation name is 'ramadr_count1', location is LC6_A11, type is buried.
ramadr_count1 = DFF( _EQ009, GLOBAL( clk),  VCC,  VCC);
  _EQ009 = !ramadr_count0 &  ramadr_count1
         #  _LC8_A7 &  ramadr_count1
         # !_LC8_A7 &  ramadr_count0 & !ramadr_count1
         # !state~5;

-- Node name is ':25' = 'ramadr_count2' 
-- Equation name is 'ramadr_count2', location is LC7_A1, type is buried.
ramadr_count2 = DFF( _EQ010, GLOBAL( clk),  VCC,  VCC);
  _EQ010 = !_LC10_A1 &  ramadr_count2
         #  _LC8_A7 &  ramadr_count2
         # !_LC8_A7 &  _LC10_A1 & !ramadr_count2
         # !state~5;

-- Node name is ':24' = 'ramadr_count3' 
-- Equation name is 'ramadr_count3', location is LC3_A1, type is buried.
ramadr_count3 = DFF( _EQ011, GLOBAL( clk),  VCC,  VCC);
  _EQ011 = !_LC9_A1 &  ramadr_count3
         #  _LC8_A7 &  ramadr_count3
         # !_LC8_A7 &  _LC9_A1 & !ramadr_count3
         # !state~5;

-- Node name is ':23' = 'ramadr_count4' 
-- Equation name is 'ramadr_count4', location is LC6_A1, type is buried.
ramadr_count4 = DFF( _EQ012, GLOBAL( clk),  VCC,  VCC);
  _EQ012 =  _LC8_A7 &  ramadr_count4
         # !_LC8_A1 &  ramadr_count4
         #  _LC8_A1 & !_LC8_A7 & !ramadr_count4
         # !state~5;

-- Node name is ':22' = 'ramadr_count5' 
-- Equation name is 'ramadr_count5', location is LC1_A1, type is buried.
ramadr_count5 = DFF( _EQ013, GLOBAL( clk),  VCC,  VCC);
  _EQ013 = !_LC5_A1 &  ramadr_count5
         #  _LC8_A7 &  ramadr_count5
         #  _LC5_A1 & !_LC8_A7 & !ramadr_count5
         # !state~5;

-- Node name is ':21' = 'ramadr_count6' 
-- Equation name is 'ramadr_count6', location is LC2_A1, type is buried.
ramadr_count6 = DFF( _EQ014, GLOBAL( clk),  VCC,  VCC);
  _EQ014 =  _LC4_A1 &  ramadr_count6
         # !_LC4_A1 & !ramadr_count6
         # !state~5;

-- Node name is 'state~1' 
-- Equation name is 'state~1', location is LC2_A13, type is buried.
state~1  = DFF( state~2, GLOBAL( clk),  VCC,  VCC);

-- Node name is 'state~2' 
-- Equation name is 'state~2', location is LC2_A7, type is buried.
state~2  = DFF( state~3, GLOBAL( clk),  VCC,  VCC);

-- Node name is 'state~3' 
-- Equation name is 'state~3', location is LC7_A7, type is buried.
state~3  = DFF( _EQ015, GLOBAL( clk),  VCC,  VCC);
  _EQ015 =  state~4
         #  pga1_bb12_ramload_bb1 & !state~5;

-- Node name is 'state~4' 
-- Equation name is 'state~4', location is LC3_A5, type is buried.
state~4  = DFF( _EQ016, GLOBAL( clk),  VCC,  VCC);
  _EQ016 = !_LC6_A5 &  state~1;

-- Node name is 'state~5' 
-- Equation name is 'state~5', location is LC9_A5, type is buried.
state~5  = DFF( _EQ017, GLOBAL( clk),  VCC,  VCC);
  _EQ017 = !state~1 &  state~5
         # !_LC6_A5 &  state~5
         #  pga1_bb12_ramload_bb1 & !state~1
         # !_LC6_A5 &  pga1_bb12_ramload_bb1;

-- Node name is 'tristate_bb1_flash_2_ram' 
-- Equation name is 'tristate_bb1_flash_2_ram', type is output 
tristate_bb1_flash_2_ram =  _LC6_A7;

-- Node name is '|LPM_ADD_SUB:170|addcore:adder|:121' from file "addcore.tdf" line 312, column 64
-- Equation name is '_LC7_A5', type is buried 
_LC7_A5  = LCELL( _EQ018);
  _EQ018 =  flashburst_samplecount0 &  flashburst_samplecount1;

-- Node name is '|LPM_ADD_SUB:170|addcore:adder|:125' from file "addcore.tdf" line 312, column 64
-- Equation name is '_LC8_A3', type is buried 
_LC8_A3  = LCELL( _EQ019);
  _EQ019 =  flashburst_samplecount0 &  flashburst_samplecount1 & 
              flashburst_samplecount2;

-- Node name is '|LPM_ADD_SUB:170|addcore:adder|:129' from file "addcore.tdf" line 312, column 64
-- Equation name is '_LC4_A3', type is buried 
_LC4_A3  = LCELL( _EQ020);
  _EQ020 =  flashburst_samplecount3 &  _LC8_A3;

-- Node name is '|LPM_ADD_SUB:170|addcore:adder|:133' from file "addcore.tdf" line 312, column 64
-- Equation name is '_LC7_A3', type is buried 
_LC7_A3  = LCELL( _EQ021);
  _EQ021 =  flashburst_samplecount3 &  flashburst_samplecount4 &  _LC8_A3;

-- Node name is '|LPM_ADD_SUB:170|addcore:adder|:137' from file "addcore.tdf" line 312, column 64
-- Equation name is '_LC1_A3', type is buried 
_LC1_A3  = LCELL( _EQ022);
  _EQ022 =  flashburst_samplecount3 &  flashburst_samplecount4 & 
              flashburst_samplecount5 &  _LC8_A3;

-- Node name is '|LPM_ADD_SUB:261|addcore:adder|:121' from file "addcore.tdf" line 312, column 64
-- Equation name is '_LC10_A1', type is buried 
_LC10_A1 = LCELL( _EQ023);
  _EQ023 =  ramadr_count0 &  ramadr_count1;

-- Node name is '|LPM_ADD_SUB:261|addcore:adder|:125' from file "addcore.tdf" line 312, column 64
-- Equation name is '_LC9_A1', type is buried 
_LC9_A1  = LCELL( _EQ024);
  _EQ024 =  ramadr_count0 &  ramadr_count1 &  ramadr_count2;

-- Node name is '|LPM_ADD_SUB:261|addcore:adder|:129' from file "addcore.tdf" line 312, column 64
-- Equation name is '_LC8_A1', type is buried 
_LC8_A1  = LCELL( _EQ025);
  _EQ025 =  ramadr_count0 &  ramadr_count1 &  ramadr_count2 &  ramadr_count3;

-- Node name is '|LPM_ADD_SUB:261|addcore:adder|:133' from file "addcore.tdf" line 312, column 64
-- Equation name is '_LC5_A1', type is buried 
_LC5_A1  = LCELL( _EQ026);
  _EQ026 =  _LC8_A1 &  ramadr_count4;

-- Node name is ':3' 
-- Equation name is '_LC1_A7', type is buried 
_LC1_A7  = DFF( _EQ027, GLOBAL( clk),  VCC,  VCC);
  _EQ027 =  _LC9_A7 & !state~4
         #  state~3 & !state~4
         # !state~5;

-- Node name is ':5' 
-- Equation name is '_LC6_A7', type is buried 
_LC6_A7  = DFF( _EQ028, GLOBAL( clk),  VCC,  VCC);
  _EQ028 =  _LC6_A7 &  state~5
         # !pga1_bb12_ramload_bb1 & !state~5;

-- Node name is '~235~1' 
-- Equation name is '~235~1', location is LC1_A5, type is buried.
-- synthesized logic cell 
_LC1_A5  = LCELL( _EQ029);
  _EQ029 =  flashburst_samplecount2
         #  flashburst_samplecount1
         # !flashburst_samplecount0
         # !flashburst_samplecount6;

-- Node name is ':235' 
-- Equation name is '_LC6_A5', type is buried 
!_LC6_A5 = _LC6_A5~NOT;
_LC6_A5~NOT = LCELL( _EQ030);
  _EQ030 =  flashburst_samplecount5
         #  flashburst_samplecount3
         # !flashburst_samplecount4
         #  _LC1_A5;

-- Node name is '~325~1' 
-- Equation name is '~325~1', location is LC4_A1, type is buried.
-- synthesized logic cell 
!_LC4_A1 = _LC4_A1~NOT;
_LC4_A1~NOT = LCELL( _EQ031);
  _EQ031 =  _LC8_A1 & !_LC8_A7 &  ramadr_count4 &  ramadr_count5;

-- Node name is '~415~1' 
-- Equation name is '~415~1', location is LC8_A7, type is buried.
-- synthesized logic cell 
!_LC8_A7 = _LC8_A7~NOT;
_LC8_A7~NOT = LCELL( _EQ032);
  _EQ032 = !state~2 & !state~3 & !state~4;

-- Node name is ':426' 
-- Equation name is '_LC9_A7', type is buried 
_LC9_A7  = LCELL( _EQ033);
  _EQ033 =  _LC1_A7 & !state~2;



Project Informationc:\pt5220\blackburst\pgadesign\bb_pga1\bb12_load_flash_2_ram.rpt

** COMPILATION SETTINGS & TIMES **

Processing Menu Commands
------------------------

Design Doctor                             = off

Logic Synthesis:

   Synthesis Type Used                    = Multi-Level

   Default Synthesis Style                = NORMAL

      Logic option settings in 'NORMAL' style for 'FLEX6000' family

      CARRY_CHAIN                         = ignore
      CARRY_CHAIN_LENGTH                  = 32
      CASCADE_CHAIN                       = ignore
      CASCADE_CHAIN_LENGTH                = 2
      DECOMPOSE_GATES                     = on
      DUPLICATE_LOGIC_EXTRACTION          = on
      MINIMIZATION                        = full
      MULTI_LEVEL_FACTORING               = on
      NOT_GATE_PUSH_BACK                  = on
      REDUCE_LOGIC                        = on
      REFACTORIZATION                     = on
      REGISTER_OPTIMIZATION               = on
      RESYNTHESIZE_NETWORK                = on
      SLOW_SLEW_RATE                      = off
      SUBFACTOR_EXTRACTION                = on
      IGNORE_SOFT_BUFFERS                 = on
      USE_LPM_FOR_AHDL_OPERATORS          = off

   Other logic synthesis settings:

      Automatic Global Clock              = on
      Automatic Global Clear              = on
      Automatic Global Preset             = on
      Automatic Global Output Enable      = on
      Automatic Fast I/O                  = off
      Automatic Register Packing          = off
      Automatic Open-Drain Pins           = on
      Automatic Implement in EAB          = off
      Optimize                            = 5

Default Timing Specifications: None

Cut All Bidir Feedback Timing Paths       = on
Cut All Clear & Preset Timing Paths       = on

Ignore Timing Assignments                 = off

Functional SNF Extractor                  = off

Linked SNF Extractor                      = off
Timing SNF Extractor                      = on
Optimize Timing SNF                       = off
Generate AHDL TDO File                    = off
Fitter Settings                           = NORMAL
Smart Recompile                           = off
Total Recompile                           = off

Interfaces Menu Commands
------------------------

EDIF Netlist Writer                       = off
Verilog Netlist Writer                    = off
VHDL Netlist Writer                       = off

Compilation Times
-----------------

   Compiler Netlist Extractor             00:00:07
   Database Builder                       00:00:00
   Logic Synthesizer                      00:00:03
   Partitioner                            00:00:04
   Fitter                                 00:00:17
   Timing SNF Extractor                   00:00:01
   Assembler                              00:00:05
   --------------------------             --------
   Total Time                             00:00:37


Memory Allocated
-----------------

Peak memory allocated during compilation  = 10,888K
