Project Informationc:\pt5220\blackburst\pgadesign\bb_pga1\main\bb1_make_st_sync_up_down.rpt

MAX+plus II Compiler Report File
Version 9.01 07/30/98
Compiled: 07/01/99 15:23:22

Copyright (C) 1988-1998 Altera Corporation
Any megafunction design, and related net list (encrypted or decrypted),
support information, device programming or simulation file, and any other
associated documentation or information provided by Altera or a partner
under Altera's Megafunction Partnership Program may be used only to
program PLD devices (but not masked PLD devices) from Altera.  Any other
use of such megafunction design, net list, support information, device
programming or simulation file, or any other related documentation or
information is prohibited for any other purpose, including, but not
limited to modification, reverse engineering, de-compiling, or use with
any other silicon devices, unless such use is explicitly licensed under
a separate agreement with Altera or a megafunction partner.  Title to
the intellectual property, including patents, copyrights, trademarks,
trade secrets, or maskworks, embodied in any such megafunction design,
net list, support information, device programming or simulation file, or
any other related documentation or information provided by Altera or a
megafunction partner, remains with Altera, the megafunction partner, or
their respective licensors.  No other licenses, including any licenses
needed under any third party's intellectual property, are provided herein.



***** Project compilation was successful


BB1_MAKE_ST_SYNC_UP_DOWN


** DEVICE SUMMARY **

Chip/                     Input   Output   Bidir 			    LCs
POF       Device          Pins    Pins     Pins      LCs    % Utilized

bb1_make_st_sync_up_down
      EPF6024AQC208-3      18       2        0   28          1  %

User Pins:                 18       2        0  



Project Informationc:\pt5220\blackburst\pgadesign\bb_pga1\main\bb1_make_st_sync_up_down.rpt

** PROJECT TIMING MESSAGES **

Warning: Timing characteristics of device EPF6024AQC208-3 are preliminary


Device-Specific Information:c:\pt5220\blackburst\pgadesign\bb_pga1\main\bb1_make_st_sync_up_down.rpt
bb1_make_st_sync_up_down

***** Logic for device 'bb1_make_st_sync_up_down' compiled without errors.




Device: EPF6024AQC208-3

FLEX 6000 Configuration Scheme: Passive Serial

Device Options:
    User-Supplied Start-Up Clock               = OFF
    Auto-Restart Configuration on Frame Error  = OFF
    Release Clears Before Tri-States           = OFF
    Enable Chip_Wide Reset                     = OFF
    Enable Chip-Wide Output Enable             = OFF
    Enable INIT_DONE Output                    = OFF
    Enable JTAG Support                        = OFF
    MultiVolt I/O                              = OFF

                                                                                                                                  
                                                                                                                                  
                                                                                                                           p      
                                                                                                                           g      
                                                                                                                           a      
                                                                                                                           1      
                                                                                                                           _      
                                                                                                                           b      
                                 p                                                                                         b      
                                 g                                                                                         1      
                                 a                                                                                         _      
                         R R R R 1 R R R     R R R R R R R R R R R R R R         R R R R R R R R R R R R R R     R R R R R s R R  
                         E E E E _ E E E     E E E E E E E E E E E E E E         E E E E E E E E E E E E E E     E E E E E t E E  
                         S S S S b S S S     S S S S S S S S S S S S S S       ^ S S S S S S S S S S S S S S     S S S S S a S S  
                         E E E E b E E E V   E E E E E E E E E E E E E E ^ V   D E E E E E E E E E E E E E E V   E E E E E r E E  
                         R R R R 1 R R R C   R R R R R R R R R R R R R R D C   A R R R R R R R R R R R R R R C   R R R R R t R R  
                         V V V V _ V V V C G V V V V V V V V V V V V V V C C G T V V V V V V V V V V V V V V C G V V V V V _ V V  
                         E E E E v E E E I N E E E E E E E E E E E E E E L I N A E E E E E E E E E E E E E E I N E E E E E u E E  
                         D D D D x D D D O D D D D D D D D D D D D D D D K O D 0 D D D D D D D D D D D D D D O D D D D D D p D D  
                       ----------------------------------------------------------------------------------------------------------_ 
                      / 208 206 204 202 200 198 196 194 192 190 188 186 184 182 180 178 176 174 172 170 168 166 164 162 160 158   |_ 
                     /    207 205 203 201 199 197 195 193 191 189 187 185 183 181 179 177 175 173 171 169 167 165 163 161 159 157    | 
           RESERVED |  1                                                                                                         156 | RESERVED 
           RESERVED |  2                                                                                                         155 | RESERVED 
           RESERVED |  3                                                                                                         154 | RESERVED 
    pga1_bb1_H10_00 |  4                                                                                                         153 | pga1_bb1_H10_03 
        pga1_bb1_xu |  5                                                                                                         152 | pga1_bb1_H10_02 
               ^nCE |  6                                                                                                         151 | pga1_bb1_H10_01 
                GND |  7                                                                                                         150 | ^CONF_DONE 
             VCCINT |  8                                                                                                         149 | VCCIO 
              VCCIO |  9                                                                                                         148 | VCCINT 
        pga1_bb1_xv | 10                                                                                                         147 | GND 
        pga1_bb1_sx | 11                                                                                                         146 | pga1_bb1_H10_05 
    pga1_bb1_H10_09 | 12                                                                                                         145 | pga1_bb1_H10_06 
       pga1_bb1_G_M | 13                                                                                                         144 | pga1_bb1_ux 
           RESERVED | 14                                                                                                         143 | pga1_bb1_H10_04 
           RESERVED | 15                                                                                                         142 | RESERVED 
           RESERVED | 16                                                                                                         141 | RESERVED 
           RESERVED | 17                                                                                                         140 | RESERVED 
           RESERVED | 18                                                                                                         139 | RESERVED 
           RESERVED | 19                                                                                                         138 | RESERVED 
           RESERVED | 20                                                                                                         137 | RESERVED 
           RESERVED | 21                                                                                                         136 | RESERVED 
           RESERVED | 22                                                                                                         135 | pga1_bb1_start_down 
           RESERVED | 23                                                                                                         134 | RESERVED 
                clk | 24                                                                                                         133 | RESERVED 
                GND | 25                                                                                                         132 | pga1_bb1_H10_08 
             VCCINT | 26                                                                                                         131 | VCCIO 
              VCCIO | 27                                             EPF6024AQC208-3                                             130 | VCCINT 
   pga1_bb1_H10_010 | 28                                                                                                         129 | GND 
           RESERVED | 29                                                                                                         128 | pga1_bb1_H10_07 
           RESERVED | 30                                                                                                         127 | RESERVED 
           RESERVED | 31                                                                                                         126 | RESERVED 
           RESERVED | 32                                                                                                         125 | RESERVED 
           RESERVED | 33                                                                                                         124 | RESERVED 
           RESERVED | 34                                                                                                         123 | RESERVED 
           RESERVED | 35                                                                                                         122 | RESERVED 
           RESERVED | 36                                                                                                         121 | RESERVED 
           RESERVED | 37                                                                                                         120 | RESERVED 
           RESERVED | 38                                                                                                         119 | RESERVED 
           RESERVED | 39                                                                                                         118 | RESERVED 
           RESERVED | 40                                                                                                         117 | RESERVED 
           RESERVED | 41                                                                                                         116 | RESERVED 
           RESERVED | 42                                                                                                         115 | RESERVED 
                GND | 43                                                                                                         114 | RESERVED 
             VCCINT | 44                                                                                                         113 | RESERVED 
              VCCIO | 45                                                                                                         112 | VCCIO 
              ^MSEL | 46                                                                                                         111 | VCCINT 
           RESERVED | 47                                                                                                         110 | GND 
           RESERVED | 48                                                                                                         109 | RESERVED 
           RESERVED | 49                                                                                                         108 | RESERVED 
           RESERVED | 50                                                                                                         107 | RESERVED 
           RESERVED | 51                                                                                                         106 | RESERVED 
           RESERVED | 52                                                                                                         105 | RESERVED 
                    |      54  56  58  60  62  64  66  68  70  72  74  76  78  80  82  84  86  88  90  92  94  96  98 100 102 104  _| 
                     \   53  55  57  59  61  63  65  67  69  71  73  75  77  79  81  83  85  87  89  91  93  95  97  99 101 103   | 
                      \----------------------------------------------------------------------------------------------------------- 
                         R R R R R R R R R G V R R R R R R R R R R R R R ^ G V ^ R R R R R R R R R R R R R R G V R R R R R R R R  
                         E E E E E E E E E N C E E E E E E E E E E E E E n N C n E E E E E E E E E E E E E E N C E E E E E E E E  
                         S S S S S S S S S D C S S S S S S S S S S S S S C D C S S S S S S S S S S S S S S S D C S S S S S S S S  
                         E E E E E E E E E   I E E E E E E E E E E E E E O   I T E E E E E E E E E E E E E E   I E E E E E E E E  
                         R R R R R R R R R   O R R R R R R R R R R R R R N   O A R R R R R R R R R R R R R R   O R R R R R R R R  
                         V V V V V V V V V     V V V V V V V V V V V V V F     T V V V V V V V V V V V V V V     V V V V V V V V  
                         E E E E E E E E E     E E E E E E E E E E E E E I     U E E E E E E E E E E E E E E     E E E E E E E E  
                         D D D D D D D D D     D D D D D D D D D D D D D G     S D D D D D D D D D D D D D D     D D D D D D D D  
                                                                                                                                  
                                                                                                                                  
                                                                                                                                  
                                                                                                                                  
                                                                                                                                  
                                                                                                                                  
                                                                                                                                  
                                                                                                                                  
                                                                                                                                  
                                                                                                                                  
                                                                                                                                  


N.C. = Not Connected.
VCCINT = Dedicated power pin, which MUST be connected to VCC (3.3 volts).
VCCIO = Dedicated power pin, which MUST be connected to VCC (3.3 volts).
GND = Dedicated ground pin or unused dedicated input, which MUST be connected to GND.
RESERVED = Unused I/O pin, which MUST be left unconnected.

^ = Dedicated configuration pin.
+ = Reserved configuration pin, which is tri-stated during user mode.
* = Reserved configuration pin, which drives out in user mode.
PDn = Power Down pin. 
@ = Special-purpose pin. 
# = JTAG Boundary-Scan Testing/In-System Programming or Configuration Pin. The JTAG inputs (TMS, TCK, TDI) should be tied to VCC when not in use.
& = JTAG pin used for I/O. When used as user I/O, JTAG pins must be kept stable before and during configuration.  JTAG pin stability prevents accidental loading of JTAG instructions.


Device-Specific Information:c:\pt5220\blackburst\pgadesign\bb_pga1\main\bb1_make_st_sync_up_down.rpt
bb1_make_st_sync_up_down

** RESOURCE USAGE **

Logic                Column       Row                                   
Array                Interconnect Interconnect                  Sync.   Sync.   Left External  Right External  Borrowed LC1
Block   Logic Cells  Driven       Driven       Clocks  Clears   Clear   Load    Interconnect   Interconnect    Inputs
B15      9/10( 90%)   1/10( 10%)   0/10(  0%)    1/2    0/2      0/1     0/1      9/22( 40%)   11/22( 50%)      0/4
B17      7/10( 70%)   1/10( 10%)   0/10(  0%)    1/2    0/2      0/1     0/1      9/22( 40%)    8/22( 36%)      0/4
B19     10/10(100%)   0/10(  0%)   0/10(  0%)    0/2    0/2      0/1     0/1      6/22( 27%)    7/22( 31%)      0/4
B21      1/10( 10%)   0/10(  0%)   0/10(  0%)    0/2    0/2      0/1     0/1      2/22(  9%)    2/22(  9%)      0/4
B23      1/10( 10%)   0/10(  0%)   0/10(  0%)    0/2    0/2      0/1     0/1      1/22(  4%)    2/22(  9%)      0/4


Total dedicated input pins used:                 4/4      (100%)
Total I/O pins used:                            16/167    (  9%)
Total logic cells used:                         28/1960   (  1%)
Average fan-in:                                 3.67/4    ( 91%)
Total fan-in:                                 103/7840    (  1%)

Total input pins required:                      18
Total output pins required:                      2
Total bidirectional pins required:               0
Total reserved pins required                     0
Total logic cells required:                     28
Total flipflops required:                        2
Total packed registers required:                 0
Total logic cells in carry chains:               0
Total number of carry chains:                    0
Total logic cells in cascade chains:             0
Total number of cascade chains:                  0

Synthesized logic cells:                        26/1960   (  1%)

Logic Cell Counts

Column:  01  02  03  04  05  06  07  08  09  10  11  12  13  14  15  16  17  18  19  20  21  22  23  24  25  26  27  28  Total
 A:      0   0   0   0   0   0   0   0   0   0   0   0   0   0   0   0   0   0   0   0   0   0   0   0   0   0   0   0      0
 B:      0   0   0   0   0   0   0   0   0   0   0   0   0   0   9   0   7   0  10   0   1   0   1   0   0   0   0   0     28
 C:      0   0   0   0   0   0   0   0   0   0   0   0   0   0   0   0   0   0   0   0   0   0   0   0   0   0   0   0      0
 D:      0   0   0   0   0   0   0   0   0   0   0   0   0   0   0   0   0   0   0   0   0   0   0   0   0   0   0   0      0
 E:      0   0   0   0   0   0   0   0   0   0   0   0   0   0   0   0   0   0   0   0   0   0   0   0   0   0   0   0      0
 F:      0   0   0   0   0   0   0   0   0   0   0   0   0   0   0   0   0   0   0   0   0   0   0   0   0   0   0   0      0
 G:      0   0   0   0   0   0   0   0   0   0   0   0   0   0   0   0   0   0   0   0   0   0   0   0   0   0   0   0      0

Total:   0   0   0   0   0   0   0   0   0   0   0   0   0   0   9   0   7   0  10   0   1   0   1   0   0   0   0   0     28



Device-Specific Information:c:\pt5220\blackburst\pgadesign\bb_pga1\main\bb1_make_st_sync_up_down.rpt
bb1_make_st_sync_up_down

** INPUTS **

                                               Fan-In    Fan-Out
 Pin     LC   Row  Col  Primitive    Code      INP  FBK  OUT  FBK  Name
  24      -    -    --      INPUT  G            0    0    0    0  clk
  13      -    B    --      INPUT               0    0    0    2  pga1_bb1_G_M
   4      -    B    --      INPUT               0    0    0    2  pga1_bb1_H10_00
 151      -    B    --      INPUT               0    0    0    6  pga1_bb1_H10_01
 152      -    B    --      INPUT               0    0    0    6  pga1_bb1_H10_02
 153      -    B    --      INPUT               0    0    0    5  pga1_bb1_H10_03
 143      -    B    --      INPUT               0    0    0    5  pga1_bb1_H10_04
 146      -    B    --      INPUT               0    0    0    7  pga1_bb1_H10_05
 145      -    B    --      INPUT               0    0    0    6  pga1_bb1_H10_06
 128      -    -    --      INPUT               0    0    0    6  pga1_bb1_H10_07
 132      -    -    --      INPUT               0    0    0    6  pga1_bb1_H10_08
  12      -    B    --      INPUT               0    0    0    4  pga1_bb1_H10_09
  28      -    -    --      INPUT               0    0    0    6  pga1_bb1_H10_010
  11      -    B    --      INPUT               0    0    0    2  pga1_bb1_sx
 144      -    B    --      INPUT               0    0    0    3  pga1_bb1_ux
 204      -    -    01      INPUT               0    0    0    2  pga1_bb1_vx
   5      -    B    --      INPUT               0    0    0    2  pga1_bb1_xu
  10      -    B    --      INPUT               0    0    0    2  pga1_bb1_xv


Code:

s = Synthesized pin or logic cell
+ = Synchronous flipflop
/ = Slow slew-rate output
! = NOT gate push-back
r = Fitter-inserted logic cell
^ = Increased input delay
$ = Driven by fast output logic cell
G = Global Source. Fan-out destinations counted here do not include destinations
that are driven using global routing resources. Refer to the Auto Global Signals,
Clock Signals, Clear Signals, Synchronous Load Signals, and Synchronous Clear Signals
Sections of this Report File for information on which signals' fan-outs are used as
Clock, Clear, Preset, Output Enable, and synchronous Load signals.


Device-Specific Information:c:\pt5220\blackburst\pgadesign\bb_pga1\main\bb1_make_st_sync_up_down.rpt
bb1_make_st_sync_up_down

** OUTPUTS **

       Fed By                                  Fan-In    Fan-Out
 Pin     LC   Row  Col  Primitive    Code      INP  FBK  OUT  FBK  Name
 135      -    D    --     OUTPUT               0    1    0    0  pga1_bb1_start_down
 159      -    A    --     OUTPUT               0    1    0    0  pga1_bb1_start_up


Code:

s = Synthesized pin or logic cell
+ = Synchronous flipflop
/ = Slow slew-rate output
! = NOT gate push-back
r = Fitter-inserted logic cell
^ = Increased input delay
$ = Driven by fast output logic cell


Device-Specific Information:c:\pt5220\blackburst\pgadesign\bb_pga1\main\bb1_make_st_sync_up_down.rpt
bb1_make_st_sync_up_down

** BURIED LOGIC **

                                               Fan-In    Fan-Out
 IOC     LC   Row  Col  Primitive    Code      INP  FBK  OUT  FBK  Name
   -      1    B    15       AND2    s         2    2    0    1  pga1_bb1_H10_07~1
   -      4    B    15        DFF   +          2    2    1    0  :19
   -      4    B    17        DFF   +          2    2    1    0  :21
   -      5    B    15        OR2    s         3    0    0    1  ~496~1
   -      8    B    19        OR2    s         2    2    0    1  ~496~2
   -      6    B    15        OR2    s         3    1    0    1  ~496~3
   -      9    B    15        OR2    s         2    2    0    1  ~496~4
   -     10    B    15       AND2    s         2    0    0    1  ~496~5
   -      7    B    15       AND2    s         3    0    0    1  ~540~1
   -      9    B    19       AND2    s         4    0    0    1  ~569~1
   -     10    B    19       AND2    s         3    0    0    2  ~682~1
   -      6    B    23       AND2    s         3    0    0    2  ~682~2
   -      5    B    19       AND2    s         2    2    0    1  ~682~3
   -      7    B    19       AND2    s         3    0    0    2  ~711~1
   -      2    B    19       AND2    s         2    2    0    1  ~711~2
   -      1    B    19       AND2    s         3    0    0    2  ~741~1
   -      4    B    21       AND2    s         4    0    0    2  ~742~1
   -      1    B    17        OR2    s         3    0    0    1  ~742~2
   -      6    B    17       AND2    s         4    0    0    1  ~742~3
   -      2    B    17       AND2    s         2    2    0    1  ~742~4
   -      7    B    17       AND2    s         3    1    0    1  ~742~5
   -      6    B    19       AND2    s         4    0    0    1  ~742~6
   -      3    B    19        OR2    s         1    3    0    1  ~742~7
   -      4    B    19        OR2    s         2    2    0    1  ~742~8
   -      2    B    15        OR2    s         2    2    0    1  ~742~9
   -      3    B    15       AND2    s         2    2    0    1  ~742~10
   -      3    B    17        OR2    s         2    2    0    1  ~742~11
   -      8    B    17        OR2    s         2    2    0    1  ~742~12


Code:

s = Synthesized pin or logic cell
+ = Synchronous flipflop
/ = Slow slew-rate output
! = NOT gate push-back
r = Fitter-inserted logic cell
^ = Increased input delay
$ = Driven by fast output logic cell
p = Packed register


Device-Specific Information:c:\pt5220\blackburst\pgadesign\bb_pga1\main\bb1_make_st_sync_up_down.rpt
bb1_make_st_sync_up_down

** FASTTRACK INTERCONNECT UTILIZATION **

Row FastTrack Interconnect:

          Global         Left Half-      Right Half-
         FastTrack       FastTrack       FastTrack 
Row     Interconnect    Interconnect    Interconnect    Input Pins     Output Pins     Bidir Pins
A:       0/124(  0%)     0/ 62(  0%)     1/ 62(  1%)    0/20(  0%)      1/20(  5%)     0/20(  0%)
B:       9/124(  7%)     1/ 62(  1%)    14/ 62( 22%)   13/20( 65%)      0/20(  0%)     0/20(  0%)
C:       0/124(  0%)     0/ 62(  0%)     0/ 62(  0%)    0/20(  0%)      0/20(  0%)     0/20(  0%)
D:       0/124(  0%)     0/ 62(  0%)     1/ 62(  1%)    0/20(  0%)      1/20(  5%)     0/20(  0%)
E:       0/124(  0%)     0/ 62(  0%)     0/ 62(  0%)    0/20(  0%)      0/20(  0%)     0/20(  0%)
F:       0/124(  0%)     0/ 62(  0%)     0/ 62(  0%)    0/20(  0%)      0/20(  0%)     0/20(  0%)
G:       0/124(  0%)     0/ 62(  0%)     0/ 62(  0%)    0/20(  0%)      0/20(  0%)     0/20(  0%)


Column FastTrack Interconnect:

         FastTrack                                 
Column  Interconnect    Input Pins     Output Pins     Bidir Pins
01:      1/30(  3%)     1/4( 25%)      0/4(  0%)       0/4(  0%)
02:      0/30(  0%)     0/4(  0%)      0/4(  0%)       0/4(  0%)
03:      0/30(  0%)     0/4(  0%)      0/4(  0%)       0/4(  0%)
04:      0/30(  0%)     0/4(  0%)      0/4(  0%)       0/4(  0%)
05:      0/30(  0%)     0/4(  0%)      0/4(  0%)       0/4(  0%)
06:      0/30(  0%)     0/4(  0%)      0/4(  0%)       0/4(  0%)
07:      0/30(  0%)     0/4(  0%)      0/4(  0%)       0/4(  0%)
08:      0/30(  0%)     0/4(  0%)      0/4(  0%)       0/4(  0%)
09:      0/30(  0%)     0/4(  0%)      0/4(  0%)       0/4(  0%)
10:      0/30(  0%)     0/4(  0%)      0/4(  0%)       0/4(  0%)
11:      0/30(  0%)     0/4(  0%)      0/4(  0%)       0/4(  0%)
12:      0/30(  0%)     0/4(  0%)      0/4(  0%)       0/4(  0%)
13:      0/30(  0%)     0/4(  0%)      0/4(  0%)       0/4(  0%)
14:      0/30(  0%)     0/4(  0%)      0/4(  0%)       0/4(  0%)
15:      1/30(  3%)     0/4(  0%)      0/4(  0%)       0/4(  0%)
16:      0/30(  0%)     0/4(  0%)      0/4(  0%)       0/4(  0%)
17:      1/30(  3%)     0/4(  0%)      0/4(  0%)       0/4(  0%)
18:      0/30(  0%)     0/4(  0%)      0/4(  0%)       0/4(  0%)
19:      0/30(  0%)     0/4(  0%)      0/4(  0%)       0/4(  0%)
20:      0/30(  0%)     0/4(  0%)      0/4(  0%)       0/4(  0%)
21:      0/30(  0%)     0/4(  0%)      0/4(  0%)       0/4(  0%)
22:      0/30(  0%)     0/4(  0%)      0/4(  0%)       0/4(  0%)
23:      0/30(  0%)     0/4(  0%)      0/4(  0%)       0/4(  0%)
24:      0/30(  0%)     0/4(  0%)      0/4(  0%)       0/4(  0%)
25:      0/30(  0%)     0/4(  0%)      0/4(  0%)       0/4(  0%)
26:      0/30(  0%)     0/4(  0%)      0/4(  0%)       0/4(  0%)
27:      0/30(  0%)     0/4(  0%)      0/4(  0%)       0/4(  0%)
28:      0/30(  0%)     0/4(  0%)      0/4(  0%)       0/4(  0%)


Device-Specific Information:c:\pt5220\blackburst\pgadesign\bb_pga1\main\bb1_make_st_sync_up_down.rpt
bb1_make_st_sync_up_down

** CLOCK SIGNALS **

Type     Fan-out       Name
INPUT        2         clk


Device-Specific Information:c:\pt5220\blackburst\pgadesign\bb_pga1\main\bb1_make_st_sync_up_down.rpt
bb1_make_st_sync_up_down

** EQUATIONS **

clk      : INPUT;
pga1_bb1_G_M : INPUT;
pga1_bb1_H10_00 : INPUT;
pga1_bb1_H10_01 : INPUT;
pga1_bb1_H10_02 : INPUT;
pga1_bb1_H10_03 : INPUT;
pga1_bb1_H10_04 : INPUT;
pga1_bb1_H10_05 : INPUT;
pga1_bb1_H10_06 : INPUT;
pga1_bb1_H10_07 : INPUT;
pga1_bb1_H10_08 : INPUT;
pga1_bb1_H10_09 : INPUT;
pga1_bb1_H10_010 : INPUT;
pga1_bb1_sx : INPUT;
pga1_bb1_ux : INPUT;
pga1_bb1_vx : INPUT;
pga1_bb1_xu : INPUT;
pga1_bb1_xv : INPUT;

-- Node name is 'pga1_bb1_H10_07~1' 
-- Equation name is 'pga1_bb1_H10_07~1', location is LC1_B15, type is buried.
-- synthesized logic cell 
_LC1_B15 = LCELL( _EQ001);
  _EQ001 =  _LC4_B21 &  _LC5_B15 & !pga1_bb1_H10_05 & !pga1_bb1_H10_09;

-- Node name is 'pga1_bb1_start_down' 
-- Equation name is 'pga1_bb1_start_down', type is output 
pga1_bb1_start_down =  _LC4_B17;

-- Node name is 'pga1_bb1_start_up' 
-- Equation name is 'pga1_bb1_start_up', type is output 
pga1_bb1_start_up =  _LC4_B15;

-- Node name is ':19' 
-- Equation name is '_LC4_B15', type is buried 
_LC4_B15 = DFF( _EQ002, GLOBAL( clk),  VCC,  VCC);
  _EQ002 =  _LC9_B15 &  _LC10_B15 & !pga1_bb1_H10_00 & !pga1_bb1_H10_07;

-- Node name is ':21' 
-- Equation name is '_LC4_B17', type is buried 
_LC4_B17 = DFF( _EQ003, GLOBAL( clk),  VCC,  VCC);
  _EQ003 =  _LC7_B17 &  pga1_bb1_H10_00
         #  _LC8_B17 &  pga1_bb1_H10_00 &  pga1_bb1_H10_09;

-- Node name is '~496~1' 
-- Equation name is '~496~1', location is LC5_B15, type is buried.
-- synthesized logic cell 
_LC5_B15 = LCELL( _EQ004);
  _EQ004 =  pga1_bb1_ux
         #  pga1_bb1_sx
         #  pga1_bb1_vx;

-- Node name is '~496~2' 
-- Equation name is '~496~2', location is LC8_B19, type is buried.
-- synthesized logic cell 
_LC8_B19 = LCELL( _EQ005);
  _EQ005 =  _LC10_B19 &  pga1_bb1_G_M & !pga1_bb1_H10_04
         #  _LC7_B19 & !pga1_bb1_G_M &  pga1_bb1_H10_04;

-- Node name is '~496~3' 
-- Equation name is '~496~3', location is LC6_B15, type is buried.
-- synthesized logic cell 
_LC6_B15 = LCELL( _EQ006);
  _EQ006 =  _LC8_B19 &  pga1_bb1_H10_09 &  pga1_bb1_xv
         #  _LC8_B19 &  pga1_bb1_H10_09 &  pga1_bb1_xu;

-- Node name is '~496~4' 
-- Equation name is '~496~4', location is LC9_B15, type is buried.
-- synthesized logic cell 
_LC9_B15 = LCELL( _EQ007);
  _EQ007 =  _LC1_B15 & !pga1_bb1_H10_06
         #  _LC6_B15 &  pga1_bb1_H10_06 &  pga1_bb1_H10_08;

-- Node name is '~496~5' 
-- Equation name is '~496~5', location is LC10_B15, type is buried.
-- synthesized logic cell 
_LC10_B15 = LCELL( _EQ008);
  _EQ008 = !pga1_bb1_H10_02 & !pga1_bb1_H10_010;

-- Node name is '~540~1' 
-- Equation name is '~540~1', location is LC7_B15, type is buried.
-- synthesized logic cell 
_LC7_B15 = LCELL( _EQ009);
  _EQ009 =  pga1_bb1_H10_05 & !pga1_bb1_H10_010 &  pga1_bb1_vx;

-- Node name is '~569~1' 
-- Equation name is '~569~1', location is LC9_B19, type is buried.
-- synthesized logic cell 
_LC9_B19 = LCELL( _EQ010);
  _EQ010 =  pga1_bb1_H10_01 &  pga1_bb1_H10_06 & !pga1_bb1_H10_08 & 
              pga1_bb1_ux;

-- Node name is '~682~1' 
-- Equation name is '~682~1', location is LC10_B19, type is buried.
-- synthesized logic cell 
_LC10_B19 = LCELL( _EQ011);
  _EQ011 = !pga1_bb1_H10_01 & !pga1_bb1_H10_03 &  pga1_bb1_H10_05;

-- Node name is '~682~2' 
-- Equation name is '~682~2', location is LC6_B23, type is buried.
-- synthesized logic cell 
_LC6_B23 = LCELL( _EQ012);
  _EQ012 = !pga1_bb1_H10_07 &  pga1_bb1_H10_010 &  pga1_bb1_xv;

-- Node name is '~682~3' 
-- Equation name is '~682~3', location is LC5_B19, type is buried.
-- synthesized logic cell 
_LC5_B19 = LCELL( _EQ013);
  _EQ013 =  _LC6_B23 &  _LC10_B19 &  pga1_bb1_H10_02 & !pga1_bb1_H10_08;

-- Node name is '~711~1' 
-- Equation name is '~711~1', location is LC7_B19, type is buried.
-- synthesized logic cell 
_LC7_B19 = LCELL( _EQ014);
  _EQ014 =  pga1_bb1_H10_01 &  pga1_bb1_H10_03 & !pga1_bb1_H10_05;

-- Node name is '~711~2' 
-- Equation name is '~711~2', location is LC2_B19, type is buried.
-- synthesized logic cell 
_LC2_B19 = LCELL( _EQ015);
  _EQ015 =  _LC1_B19 &  _LC7_B19 &  pga1_bb1_H10_02 &  pga1_bb1_H10_04;

-- Node name is '~741~1' 
-- Equation name is '~741~1', location is LC1_B19, type is buried.
-- synthesized logic cell 
_LC1_B19 = LCELL( _EQ016);
  _EQ016 = !pga1_bb1_H10_06 &  pga1_bb1_H10_08 &  pga1_bb1_xu;

-- Node name is '~742~1' 
-- Equation name is '~742~1', location is LC4_B21, type is buried.
-- synthesized logic cell 
_LC4_B21 = LCELL( _EQ017);
  _EQ017 = !pga1_bb1_H10_01 & !pga1_bb1_H10_03 & !pga1_bb1_H10_04 & 
             !pga1_bb1_H10_08;

-- Node name is '~742~2' 
-- Equation name is '~742~2', location is LC1_B17, type is buried.
-- synthesized logic cell 
_LC1_B17 = LCELL( _EQ018);
  _EQ018 =  pga1_bb1_H10_06 &  pga1_bb1_sx
         # !pga1_bb1_H10_06 &  pga1_bb1_ux;

-- Node name is '~742~3' 
-- Equation name is '~742~3', location is LC6_B17, type is buried.
-- synthesized logic cell 
_LC6_B17 = LCELL( _EQ019);
  _EQ019 =  pga1_bb1_H10_01 &  pga1_bb1_H10_02 &  pga1_bb1_H10_04 & 
             !pga1_bb1_H10_08;

-- Node name is '~742~4' 
-- Equation name is '~742~4', location is LC2_B17, type is buried.
-- synthesized logic cell 
_LC2_B17 = LCELL( _EQ020);
  _EQ020 =  _LC1_B17 &  _LC6_B17 &  pga1_bb1_H10_05 & !pga1_bb1_H10_010;

-- Node name is '~742~5' 
-- Equation name is '~742~5', location is LC7_B17, type is buried.
-- synthesized logic cell 
_LC7_B17 = LCELL( _EQ021);
  _EQ021 =  _LC2_B17 &  pga1_bb1_H10_03 & !pga1_bb1_H10_07 & !pga1_bb1_H10_09;

-- Node name is '~742~6' 
-- Equation name is '~742~6', location is LC6_B19, type is buried.
-- synthesized logic cell 
_LC6_B19 = LCELL( _EQ022);
  _EQ022 = !pga1_bb1_H10_02 &  pga1_bb1_H10_03 & !pga1_bb1_H10_05 & 
             !pga1_bb1_H10_010;

-- Node name is '~742~7' 
-- Equation name is '~742~7', location is LC3_B19, type is buried.
-- synthesized logic cell 
_LC3_B19 = LCELL( _EQ023);
  _EQ023 =  _LC6_B19 &  _LC9_B19
         #  _LC1_B19 &  _LC6_B19 & !pga1_bb1_H10_01;

-- Node name is '~742~8' 
-- Equation name is '~742~8', location is LC4_B19, type is buried.
-- synthesized logic cell 
_LC4_B19 = LCELL( _EQ024);
  _EQ024 =  _LC5_B19 & !pga1_bb1_H10_06
         #  _LC3_B19 &  pga1_bb1_H10_07;

-- Node name is '~742~9' 
-- Equation name is '~742~9', location is LC2_B15, type is buried.
-- synthesized logic cell 
_LC2_B15 = LCELL( _EQ025);
  _EQ025 =  _LC7_B15 &  pga1_bb1_H10_07
         #  _LC6_B23 & !pga1_bb1_H10_05;

-- Node name is '~742~10' 
-- Equation name is '~742~10', location is LC3_B15, type is buried.
-- synthesized logic cell 
_LC3_B15 = LCELL( _EQ026);
  _EQ026 =  _LC2_B15 &  _LC4_B21 & !pga1_bb1_H10_02 &  pga1_bb1_H10_06;

-- Node name is '~742~11' 
-- Equation name is '~742~11', location is LC3_B17, type is buried.
-- synthesized logic cell 
_LC3_B17 = LCELL( _EQ027);
  _EQ027 =  _LC3_B15
         #  _LC2_B19 &  pga1_bb1_H10_07 & !pga1_bb1_H10_010;

-- Node name is '~742~12' 
-- Equation name is '~742~12', location is LC8_B17, type is buried.
-- synthesized logic cell 
_LC8_B17 = LCELL( _EQ028);
  _EQ028 =  _LC4_B19 & !pga1_bb1_G_M &  pga1_bb1_H10_04
         #  _LC3_B17 &  pga1_bb1_G_M;



Project Informationc:\pt5220\blackburst\pgadesign\bb_pga1\main\bb1_make_st_sync_up_down.rpt

** COMPILATION SETTINGS & TIMES **

Processing Menu Commands
------------------------

Design Doctor                             = off

Logic Synthesis:

   Synthesis Type Used                    = Multi-Level

   Default Synthesis Style                = NORMAL

      Logic option settings in 'NORMAL' style for 'FLEX6000' family

      CARRY_CHAIN                         = ignore
      CARRY_CHAIN_LENGTH                  = 32
      CASCADE_CHAIN                       = ignore
      CASCADE_CHAIN_LENGTH                = 2
      DECOMPOSE_GATES                     = on
      DUPLICATE_LOGIC_EXTRACTION          = on
      MINIMIZATION                        = full
      MULTI_LEVEL_FACTORING               = on
      NOT_GATE_PUSH_BACK                  = on
      REDUCE_LOGIC                        = on
      REFACTORIZATION                     = on
      REGISTER_OPTIMIZATION               = on
      RESYNTHESIZE_NETWORK                = on
      SLOW_SLEW_RATE                      = off
      SUBFACTOR_EXTRACTION                = on
      IGNORE_SOFT_BUFFERS                 = on
      USE_LPM_FOR_AHDL_OPERATORS          = off

   Other logic synthesis settings:

      Automatic Global Clock              = on
      Automatic Global Clear              = on
      Automatic Global Preset             = on
      Automatic Global Output Enable      = on
      Automatic Fast I/O                  = off
      Automatic Register Packing          = off
      Automatic Open-Drain Pins           = on
      Automatic Implement in EAB          = off
      Optimize                            = 5

Default Timing Specifications: None

Cut All Bidir Feedback Timing Paths       = on
Cut All Clear & Preset Timing Paths       = on

Ignore Timing Assignments                 = off

Functional SNF Extractor                  = off

Linked SNF Extractor                      = off
Timing SNF Extractor                      = on
Optimize Timing SNF                       = off
Generate AHDL TDO File                    = off
Fitter Settings                           = NORMAL
Smart Recompile                           = off
Total Recompile                           = off

Interfaces Menu Commands
------------------------

EDIF Netlist Writer                       = off
Verilog Netlist Writer                    = off
VHDL Netlist Writer                       = off

Compilation Times
-----------------

   Compiler Netlist Extractor             00:00:06
   Database Builder                       00:00:01
   Logic Synthesizer                      00:00:10
   Partitioner                            00:00:03
   Fitter                                 00:00:52
   Timing SNF Extractor                   00:00:07
   Assembler                              00:00:08
   --------------------------             --------
   Total Time                             00:01:27


Memory Allocated
-----------------

Peak memory allocated during compilation  = 26,180K
