Project Informationc:\pt5220\blackburst\pgadesign\bb_pga1\make_timecode\bb1_tc_seqplay.rpt

MAX+plus II Compiler Report File
Version 9.01 07/30/98
Compiled: 07/01/99 11:53:36

Copyright (C) 1988-1998 Altera Corporation
Any megafunction design, and related net list (encrypted or decrypted),
support information, device programming or simulation file, and any other
associated documentation or information provided by Altera or a partner
under Altera's Megafunction Partnership Program may be used only to
program PLD devices (but not masked PLD devices) from Altera.  Any other
use of such megafunction design, net list, support information, device
programming or simulation file, or any other related documentation or
information is prohibited for any other purpose, including, but not
limited to modification, reverse engineering, de-compiling, or use with
any other silicon devices, unless such use is explicitly licensed under
a separate agreement with Altera or a megafunction partner.  Title to
the intellectual property, including patents, copyrights, trademarks,
trade secrets, or maskworks, embodied in any such megafunction design,
net list, support information, device programming or simulation file, or
any other related documentation or information provided by Altera or a
megafunction partner, remains with Altera, the megafunction partner, or
their respective licensors.  No other licenses, including any licenses
needed under any third party's intellectual property, are provided herein.



***** Project compilation was successful




** DEVICE SUMMARY **

Chip/                     Input   Output   Bidir 			    LCs
POF       Device          Pins    Pins     Pins      LCs    % Utilized

bb1_tc_seqplay
      EPF6016AQC208-3      14       7        0   97          7  %

User Pins:                 14       7        0  



Project Informationc:\pt5220\blackburst\pgadesign\bb_pga1\make_timecode\bb1_tc_seqplay.rpt

** PROJECT TIMING MESSAGES **

Warning: Timing characteristics of device EPF6016AQC208-3 are preliminary


Project Informationc:\pt5220\blackburst\pgadesign\bb_pga1\make_timecode\bb1_tc_seqplay.rpt

** STATE MACHINE ASSIGNMENTS **


|BB1_TC_SEQUENZE:16|state: MACHINE
        OF BITS (
           |BB1_TC_SEQUENZE:16|state~8,
           |BB1_TC_SEQUENZE:16|state~7,
           |BB1_TC_SEQUENZE:16|state~6,
           |BB1_TC_SEQUENZE:16|state~5,
           |BB1_TC_SEQUENZE:16|state~4,
           |BB1_TC_SEQUENZE:16|state~3,
           |BB1_TC_SEQUENZE:16|state~2,
           |BB1_TC_SEQUENZE:16|state~1
        )
        WITH STATES (
                         s0_init = B"00000000", 
                 s1_test_play_tc = B"11000000", 
                     s2_test_msb = B"10100000", 
                       s3_13_cnt = B"10010000", 
                       s4_15_cnt = B"10001000", 
                 s5_reset_offset = B"10000100", 
                       s6_14_cnt = B"10000010", 
                        s7_dummy = B"10000001"
);


|BB1_PLAY_TIMECODE:18|state: MACHINE
        OF BITS (
           |BB1_PLAY_TIMECODE:18|state~1
        )
        WITH STATES (
            s0_init_timecode_adr = B"0", 
            s1_get_timecode_data = B"1"
);



Project Informationc:\pt5220\blackburst\pgadesign\bb_pga1\make_timecode\bb1_tc_seqplay.rpt

** FILE HIERARCHY **



|bb1_tc_sequenze:16|
|bb1_tc_sequenze:16|lpm_add_sub:334|
|bb1_tc_sequenze:16|lpm_add_sub:334|addcore:adder|
|bb1_tc_sequenze:16|lpm_add_sub:334|altshift:result_ext_latency_ffs|
|bb1_tc_sequenze:16|lpm_add_sub:334|altshift:carry_ext_latency_ffs|
|bb1_tc_sequenze:16|lpm_add_sub:334|altshift:oflow_ext_latency_ffs|
|bb1_tc_sequenze:16|lpm_add_sub:572|
|bb1_tc_sequenze:16|lpm_add_sub:572|addcore:adder|
|bb1_tc_sequenze:16|lpm_add_sub:572|altshift:result_ext_latency_ffs|
|bb1_tc_sequenze:16|lpm_add_sub:572|altshift:carry_ext_latency_ffs|
|bb1_tc_sequenze:16|lpm_add_sub:572|altshift:oflow_ext_latency_ffs|
|bb1_tc_sequenze:16|lpm_add_sub:603|
|bb1_tc_sequenze:16|lpm_add_sub:603|addcore:adder|
|bb1_tc_sequenze:16|lpm_add_sub:603|altshift:result_ext_latency_ffs|
|bb1_tc_sequenze:16|lpm_add_sub:603|altshift:carry_ext_latency_ffs|
|bb1_tc_sequenze:16|lpm_add_sub:603|altshift:oflow_ext_latency_ffs|
|bb1_tc_sequenze:16|lpm_add_sub:633|
|bb1_tc_sequenze:16|lpm_add_sub:633|addcore:adder|
|bb1_tc_sequenze:16|lpm_add_sub:633|altshift:result_ext_latency_ffs|
|bb1_tc_sequenze:16|lpm_add_sub:633|altshift:carry_ext_latency_ffs|
|bb1_tc_sequenze:16|lpm_add_sub:633|altshift:oflow_ext_latency_ffs|
|bb1_tc_sequenze:16|lpm_add_sub:676|
|bb1_tc_sequenze:16|lpm_add_sub:676|addcore:adder|
|bb1_tc_sequenze:16|lpm_add_sub:676|altshift:result_ext_latency_ffs|
|bb1_tc_sequenze:16|lpm_add_sub:676|altshift:carry_ext_latency_ffs|
|bb1_tc_sequenze:16|lpm_add_sub:676|altshift:oflow_ext_latency_ffs|
|bb1_tc_sequenze:16|lpm_add_sub:702|
|bb1_tc_sequenze:16|lpm_add_sub:702|addcore:adder|
|bb1_tc_sequenze:16|lpm_add_sub:702|altshift:result_ext_latency_ffs|
|bb1_tc_sequenze:16|lpm_add_sub:702|altshift:carry_ext_latency_ffs|
|bb1_tc_sequenze:16|lpm_add_sub:702|altshift:oflow_ext_latency_ffs|
|bb1_tc_sequenze:16|lpm_add_sub:792|
|bb1_tc_sequenze:16|lpm_add_sub:792|addcore:adder|
|bb1_tc_sequenze:16|lpm_add_sub:792|altshift:result_ext_latency_ffs|
|bb1_tc_sequenze:16|lpm_add_sub:792|altshift:carry_ext_latency_ffs|
|bb1_tc_sequenze:16|lpm_add_sub:792|altshift:oflow_ext_latency_ffs|
|bb1_tc_sequenze:16|lpm_add_sub:835|
|bb1_tc_sequenze:16|lpm_add_sub:835|addcore:adder|
|bb1_tc_sequenze:16|lpm_add_sub:835|altshift:result_ext_latency_ffs|
|bb1_tc_sequenze:16|lpm_add_sub:835|altshift:carry_ext_latency_ffs|
|bb1_tc_sequenze:16|lpm_add_sub:835|altshift:oflow_ext_latency_ffs|
|bb1_tc_sequenze:16|lpm_add_sub:861|
|bb1_tc_sequenze:16|lpm_add_sub:861|addcore:adder|
|bb1_tc_sequenze:16|lpm_add_sub:861|altshift:result_ext_latency_ffs|
|bb1_tc_sequenze:16|lpm_add_sub:861|altshift:carry_ext_latency_ffs|
|bb1_tc_sequenze:16|lpm_add_sub:861|altshift:oflow_ext_latency_ffs|
|bb1_play_timecode:18|
|bb1_play_timecode:18|lpm_add_sub:241|
|bb1_play_timecode:18|lpm_add_sub:241|addcore:adder|
|bb1_play_timecode:18|lpm_add_sub:241|altshift:result_ext_latency_ffs|
|bb1_play_timecode:18|lpm_add_sub:241|altshift:carry_ext_latency_ffs|
|bb1_play_timecode:18|lpm_add_sub:241|altshift:oflow_ext_latency_ffs|
|bb1_play_timecode:18|lpm_add_sub:282|
|bb1_play_timecode:18|lpm_add_sub:282|addcore:adder|
|bb1_play_timecode:18|lpm_add_sub:282|altshift:result_ext_latency_ffs|
|bb1_play_timecode:18|lpm_add_sub:282|altshift:carry_ext_latency_ffs|
|bb1_play_timecode:18|lpm_add_sub:282|altshift:oflow_ext_latency_ffs|


Device-Specific Information:c:\pt5220\blackburst\pgadesign\bb_pga1\make_timecode\bb1_tc_seqplay.rpt
bb1_tc_seqplay

***** Logic for device 'bb1_tc_seqplay' compiled without errors.




Device: EPF6016AQC208-3

FLEX 6000 Configuration Scheme: Passive Serial

Device Options:
    User-Supplied Start-Up Clock               = OFF
    Auto-Restart Configuration on Frame Error  = OFF
    Release Clears Before Tri-States           = OFF
    Enable Chip_Wide Reset                     = OFF
    Enable Chip-Wide Output Enable             = OFF
    Enable INIT_DONE Output                    = OFF
    Enable JTAG Support                        = OFF
    MultiVolt I/O                              = OFF

                                                                                                                          
                                                                                                                          
                                                                                                                          
                 R R R R R R   R     R R R R R R R l p R R R R R         R R R R R R R R R R R R R R     R R R R R R R R  
                 E E E E E E b E     E E E E E E E o l E E E E E         E E E E E E E E E E E E E E     E E E E E E E E  
                 S S S S S S i S     S S S S S S S a a S S S S S       ^ S S S S S S S S S S S S S S     S S S S S S S S  
                 E E E E E E t E V   E E E E E E E d y E E E E E ^ V   D E E E E E E E E E E E E E E V   E E E E E E E E  
                 R R R R R R _ R C   R R R R R R R _ _ R R R R R D C   A R R R R R R R R R R R R R R C   R R R R R R R R  
                 V V V V V V e V C G V V V V V V V d e V V V V V C C G T V V V V V V V V V V V V V V C G V V V V V V V V  
                 E E E E E E n E I N E E E E E E E a n E E E E E L I N A E E E E E E E E E E E E E E I N E E E E E E E E  
                 D D D D D D d D O D D D D D D D D c d D D D D D K O D 0 D D D D D D D D D D D D D D O D D D D D D D D D  
               ----------------------------------------------------------------------------------------------------------_ 
              / 208 206 204 202 200 198 196 194 192 190 188 186 184 182 180 178 176 174 172 170 168 166 164 162 160 158   |_ 
             /    207 205 203 201 199 197 195 193 191 189 187 185 183 181 179 177 175 173 171 169 167 165 163 161 159 157    | 
   RESERVED |  1                                                                                                         156 | RESERVED 
   RESERVED |  2                                                                                                         155 | RESERVED 
   RESERVED |  3                                                                                                         154 | RESERVED 
   RESERVED |  4                                                                                                         153 | RESERVED 
   RESERVED |  5                                                                                                         152 | RESERVED 
       ^nCE |  6                                                                                                         151 | RESERVED 
        GND |  7                                                                                                         150 | ^CONF_DONE 
     VCCINT |  8                                                                                                         149 | VCCIO 
      VCCIO |  9                                                                                                         148 | VCCINT 
   RESERVED | 10                                                                                                         147 | GND 
   RESERVED | 11                                                                                                         146 | RESERVED 
   RESERVED | 12                                                                                                         145 | RESERVED 
   RESERVED | 13                                                                                                         144 | RESERVED 
   RESERVED | 14                                                                                                         143 | RESERVED 
   RESERVED | 15                                                                                                         142 | RESERVED 
   RESERVED | 16                                                                                                         141 | RESERVED 
   RESERVED | 17                                                                                                         140 | RESERVED 
   RESERVED | 18                                                                                                         139 | RESERVED 
   RESERVED | 19                                                                                                         138 | RESERVED 
   RESERVED | 20                                                                                                         137 | RESERVED 
   RESERVED | 21                                                                                                         136 | RESERVED 
   RESERVED | 22                                                                                                         135 | RESERVED 
   RESERVED | 23                                                                                                         134 | RESERVED 
        clk | 24                                                                                                         133 | RESERVED 
        GND | 25                                                                                                         132 | G_M 
     VCCINT | 26                                                                                                         131 | VCCIO 
      VCCIO | 27                                             EPF6016AQC208-3                                             130 | VCCINT 
        GND | 28                                                                                                         129 | GND 
         H4 | 29                                                                                                         128 | tc_start 
         H5 | 30                                                                                                         127 | H0 
         H2 | 31                                                                                                         126 | H10 
         H6 | 32                                                                                                         125 | H3 
         H7 | 33                                                                                                         124 | tc_ram_adr3 
         H8 | 34                                                                                                         123 | tc_ram_adr0 
         H9 | 35                                                                                                         122 | tc_ram_adr1 
         H1 | 36                                                                                                         121 | tc_ram_adr2 
   RESERVED | 37                                                                                                         120 | RESERVED 
   RESERVED | 38                                                                                                         119 | RESERVED 
   RESERVED | 39                                                                                                         118 | RESERVED 
   RESERVED | 40                                                                                                         117 | RESERVED 
   RESERVED | 41                                                                                                         116 | RESERVED 
   RESERVED | 42                                                                                                         115 | RESERVED 
        GND | 43                                                                                                         114 | RESERVED 
     VCCINT | 44                                                                                                         113 | RESERVED 
      VCCIO | 45                                                                                                         112 | VCCIO 
      ^MSEL | 46                                                                                                         111 | VCCINT 
   RESERVED | 47                                                                                                         110 | GND 
   RESERVED | 48                                                                                                         109 | RESERVED 
   RESERVED | 49                                                                                                         108 | RESERVED 
   RESERVED | 50                                                                                                         107 | RESERVED 
   RESERVED | 51                                                                                                         106 | RESERVED 
   RESERVED | 52                                                                                                         105 | RESERVED 
            |      54  56  58  60  62  64  66  68  70  72  74  76  78  80  82  84  86  88  90  92  94  96  98 100 102 104  _| 
             \   53  55  57  59  61  63  65  67  69  71  73  75  77  79  81  83  85  87  89  91  93  95  97  99 101 103   | 
              \----------------------------------------------------------------------------------------------------------- 
                 R R R R R R R R R G V R R R R R R R R R R R R R ^ G V ^ R R R R R R R R R R R R R R G V R R R R R R R R  
                 E E E E E E E E E N C E E E E E E E E E E E E E n N C n E E E E E E E E E E E E E E N C E E E E E E E E  
                 S S S S S S S S S D C S S S S S S S S S S S S S C D C S S S S S S S S S S S S S S S D C S S S S S S S S  
                 E E E E E E E E E   I E E E E E E E E E E E E E O   I T E E E E E E E E E E E E E E   I E E E E E E E E  
                 R R R R R R R R R   O R R R R R R R R R R R R R N   O A R R R R R R R R R R R R R R   O R R R R R R R R  
                 V V V V V V V V V     V V V V V V V V V V V V V F     T V V V V V V V V V V V V V V     V V V V V V V V  
                 E E E E E E E E E     E E E E E E E E E E E E E I     U E E E E E E E E E E E E E E     E E E E E E E E  
                 D D D D D D D D D     D D D D D D D D D D D D D G     S D D D D D D D D D D D D D D     D D D D D D D D  
                                                                                                                          
                                                                                                                          
                                                                                                                          


N.C. = Not Connected.
VCCINT = Dedicated power pin, which MUST be connected to VCC (3.3 volts).
VCCIO = Dedicated power pin, which MUST be connected to VCC (3.3 volts).
GND = Dedicated ground pin or unused dedicated input, which MUST be connected to GND.
RESERVED = Unused I/O pin, which MUST be left unconnected.

^ = Dedicated configuration pin.
+ = Reserved configuration pin, which is tri-stated during user mode.
* = Reserved configuration pin, which drives out in user mode.
PDn = Power Down pin. 
@ = Special-purpose pin. 
# = JTAG Boundary-Scan Testing/In-System Programming or Configuration Pin. The JTAG inputs (TMS, TCK, TDI) should be tied to VCC when not in use.
& = JTAG pin used for I/O. When used as user I/O, JTAG pins must be kept stable before and during configuration.  JTAG pin stability prevents accidental loading of JTAG instructions.


Device-Specific Information:c:\pt5220\blackburst\pgadesign\bb_pga1\make_timecode\bb1_tc_seqplay.rpt
bb1_tc_seqplay

** RESOURCE USAGE **

Logic                Column       Row                                   
Array                Interconnect Interconnect                  Sync.   Sync.   Left External  Right External  Borrowed LC1
Block   Logic Cells  Driven       Driven       Clocks  Clears   Clear   Load    Interconnect   Interconnect    Inputs
A1      10/10(100%)   2/10( 20%)   0/10(  0%)    1/2    0/2      0/1     0/1      7/22( 31%)    5/22( 22%)      0/4
A2       1/10( 10%)   1/10( 10%)   0/10(  0%)    1/2    0/2      0/1     0/1      0/22(  0%)    1/22(  4%)      0/4
A3       7/10( 70%)   1/10( 10%)   0/10(  0%)    1/2    0/2      0/1     0/1      4/22( 18%)    5/22( 22%)      0/4
A5       1/10( 10%)   0/10(  0%)   0/10(  0%)    0/2    0/2      0/1     0/1      2/22(  9%)    0/22(  0%)      0/4
A6       8/10( 80%)   0/10(  0%)   0/10(  0%)    1/2    0/2      0/1     0/1      3/22( 13%)    2/22(  9%)      0/4
A7       1/10( 10%)   1/10( 10%)   0/10(  0%)    0/2    0/2      0/1     0/1      2/22(  9%)    0/22(  0%)      0/4
A8       3/10( 30%)   1/10( 10%)   0/10(  0%)    1/2    0/2      0/1     0/1      1/22(  4%)    2/22(  9%)      0/4
A10      1/10( 10%)   0/10(  0%)   0/10(  0%)    1/2    0/2      0/1     0/1      2/22(  9%)    1/22(  4%)      0/4
A11      1/10( 10%)   1/10( 10%)   0/10(  0%)    1/2    0/2      0/1     0/1      1/22(  4%)    2/22(  9%)      0/4
A13      1/10( 10%)   1/10( 10%)   0/10(  0%)    0/2    0/2      0/1     0/1      2/22(  9%)    0/22(  0%)      0/4
C2       9/10( 90%)   1/10( 10%)   0/10(  0%)    1/2    0/2      0/1     0/1      7/22( 31%)    8/22( 36%)      0/4
C5      10/10(100%)   0/10(  0%)   0/10(  0%)    1/2    0/2      0/1     0/1      4/22( 18%)    7/22( 31%)      0/4
C7      10/10(100%)   0/10(  0%)   0/10(  0%)    1/2    0/2      0/1     0/1      5/22( 22%)    7/22( 31%)      0/4
C9       4/10( 40%)   1/10( 10%)   0/10(  0%)    0/2    0/2      0/1     0/1      4/22( 18%)    4/22( 18%)      0/4
C11      1/10( 10%)   1/10( 10%)   0/10(  0%)    0/2    0/2      0/1     0/1      1/22(  4%)    2/22(  9%)      0/4
C14      1/10( 10%)   0/10(  0%)   0/10(  0%)    0/2    0/2      0/1     0/1      1/22(  4%)    2/22(  9%)      0/4
C16      1/10( 10%)   0/10(  0%)   0/10(  0%)    0/2    0/2      0/1     0/1      1/22(  4%)    2/22(  9%)      0/4
C18      1/10( 10%)   0/10(  0%)   0/10(  0%)    0/2    0/2      0/1     0/1      0/22(  0%)    2/22(  9%)      0/4
D4       9/10( 90%)   0/10(  0%)   0/10(  0%)    1/2    0/2      0/1     0/1      2/22(  9%)    2/22(  9%)      0/4
D6       5/10( 50%)   1/10( 10%)   0/10(  0%)    0/2    0/2      0/1     0/1      6/22( 27%)    6/22( 27%)      0/4
E5      10/10(100%)   2/10( 20%)   0/10(  0%)    1/2    0/2      0/1     0/1      4/22( 18%)    6/22( 27%)      0/4
E10      2/10( 20%)   2/10( 20%)   0/10(  0%)    0/2    0/2      0/1     0/1      2/22(  9%)    2/22(  9%)      0/4


Total dedicated input pins used:                 3/4      ( 75%)
Total I/O pins used:                            18/167    ( 10%)
Total logic cells used:                         97/1320   (  7%)
Average fan-in:                                 3.36/4    ( 84%)
Total fan-in:                                 326/5280    (  6%)

Total input pins required:                      14
Total output pins required:                      7
Total bidirectional pins required:               0
Total reserved pins required                     0
Total logic cells required:                     97
Total flipflops required:                       29
Total packed registers required:                 0
Total logic cells in carry chains:               0
Total number of carry chains:                    0
Total logic cells in cascade chains:             0
Total number of cascade chains:                  0

Synthesized logic cells:                        53/1320   (  4%)

Logic Cell Counts

Column:  01  02  03  04  05  06  07  08  09  10  11  12  13  14  15  16  17  18  19  20  21  22  Total
 A:     10   1   7   0   1   8   1   3   0   1   1   0   1   0   0   0   0   0   0   0   0   0     34
 B:      0   0   0   0   0   0   0   0   0   0   0   0   0   0   0   0   0   0   0   0   0   0      0
 C:      0   9   0   0  10   0  10   0   4   0   1   0   0   1   0   1   0   1   0   0   0   0     37
 D:      0   0   0   9   0   5   0   0   0   0   0   0   0   0   0   0   0   0   0   0   0   0     14
 E:      0   0   0   0  10   0   0   0   0   2   0   0   0   0   0   0   0   0   0   0   0   0     12
 F:      0   0   0   0   0   0   0   0   0   0   0   0   0   0   0   0   0   0   0   0   0   0      0

Total:  10  10   7   9  21  13  11   3   4   3   2   0   1   1   0   1   0   1   0   0   0   0     97



Device-Specific Information:c:\pt5220\blackburst\pgadesign\bb_pga1\make_timecode\bb1_tc_seqplay.rpt
bb1_tc_seqplay

** INPUTS **

                                               Fan-In    Fan-Out
 Pin     LC   Row  Col  Primitive    Code      INP  FBK  OUT  FBK  Name
  24      -    -    --      INPUT  G            0    0    0    0  clk
 132      -    -    --      INPUT               0    0    0   22  G_M
 127      -    D    --      INPUT               0    0    0    2  H0
  36      -    D    --      INPUT               0    0    0    1  H1
  31      -    D    --      INPUT               0    0    0    1  H2
 125      -    D    --      INPUT               0    0    0    1  H3
  29      -    D    --      INPUT               0    0    0    2  H4
  30      -    D    --      INPUT               0    0    0    2  H5
  32      -    D    --      INPUT               0    0    0    2  H6
  33      -    D    --      INPUT               0    0    0    1  H7
  34      -    D    --      INPUT               0    0    0    1  H8
  35      -    D    --      INPUT               0    0    0    1  H9
 126      -    D    --      INPUT               0    0    0    1  H10
 128      -    -    --      INPUT               0    0    0    9  tc_start


Code:

s = Synthesized pin or logic cell
+ = Synchronous flipflop
/ = Slow slew-rate output
! = NOT gate push-back
r = Fitter-inserted logic cell
^ = Increased input delay
$ = Driven by fast output logic cell
G = Global Source. Fan-out destinations counted here do not include destinations
that are driven using global routing resources. Refer to the Auto Global Signals,
Clock Signals, Clear Signals, Synchronous Load Signals, and Synchronous Clear Signals
Sections of this Report File for information on which signals' fan-outs are used as
Clock, Clear, Preset, Output Enable, and synchronous Load signals.


Device-Specific Information:c:\pt5220\blackburst\pgadesign\bb_pga1\make_timecode\bb1_tc_seqplay.rpt
bb1_tc_seqplay

** OUTPUTS **

       Fed By                                  Fan-In    Fan-Out
 Pin     LC   Row  Col  Primitive    Code      INP  FBK  OUT  FBK  Name
 202      -    -    02     OUTPUT           $   0    1    0    0  bit_end
 191      -    -    07     OUTPUT           $   0    1    0    0  load_dac
 190      -    -    08     OUTPUT           $   0    1    0    0  play_end
 123      -    D    --     OUTPUT               0    1    0    0  tc_ram_adr0
 122      -    D    --     OUTPUT               0    1    0    0  tc_ram_adr1
 121      -    D    --     OUTPUT               0    1    0    0  tc_ram_adr2
 124      -    D    --     OUTPUT               0    1    0    0  tc_ram_adr3


Code:

s = Synthesized pin or logic cell
+ = Synchronous flipflop
/ = Slow slew-rate output
! = NOT gate push-back
r = Fitter-inserted logic cell
^ = Increased input delay
$ = Driven by fast output logic cell


Device-Specific Information:c:\pt5220\blackburst\pgadesign\bb_pga1\make_timecode\bb1_tc_seqplay.rpt
bb1_tc_seqplay

** BURIED LOGIC **

                                               Fan-In    Fan-Out
 IOC     LC   Row  Col  Primitive    Code      INP  FBK  OUT  FBK  Name
   -     10    D    04       AND2              0    2    0    1  |BB1_PLAY_TIMECODE:18|LPM_ADD_SUB:241|addcore:adder|:59
   -      4    D    04       AND2              0    3    0    1  |BB1_PLAY_TIMECODE:18|LPM_ADD_SUB:241|addcore:adder|:63
   -      6    A    08        DFF   +          1    2    0    8  |BB1_PLAY_TIMECODE:18|state~1
   -      1    A    08        DFF   +          1    3    1    4  |BB1_PLAY_TIMECODE:18|:20
   -      6    A    03        DFF   +          0    2    1    3  |BB1_PLAY_TIMECODE:18|:22
   -      7    A    08        DFF   +          1    3    1    1  |BB1_PLAY_TIMECODE:18|:24
   -      7    D    04        DFF   +          0    2    1    1  |BB1_PLAY_TIMECODE:18|adr_count3 (|BB1_PLAY_TIMECODE:18|:30)
   -      2    D    04        DFF   +          0    2    1    2  |BB1_PLAY_TIMECODE:18|adr_count2 (|BB1_PLAY_TIMECODE:18|:31)
   -      6    D    04        DFF   +          0    4    1    4  |BB1_PLAY_TIMECODE:18|adr_count1 (|BB1_PLAY_TIMECODE:18|:32)
   -      1    D    04        DFF   +          0    4    1    4  |BB1_PLAY_TIMECODE:18|adr_count0 (|BB1_PLAY_TIMECODE:18|:33)
   -      7    D    06        OR2    s         4    0    0    1  |BB1_PLAY_TIMECODE:18|~179~1
   -      3    D    06        OR2    s         4    0    0    1  |BB1_PLAY_TIMECODE:18|~206~1
   -      6    D    06        OR2    s         4    0    0    1  |BB1_PLAY_TIMECODE:18|~207~1
   -      1    D    06        OR2    s         3    1    0    1  |BB1_PLAY_TIMECODE:18|~207~2
   -      2    D    06        OR2        !     1    3    0    8  |BB1_PLAY_TIMECODE:18|:207
   -      2    A    06       AND2              0    4    0    2  |BB1_PLAY_TIMECODE:18|:212
   -      9    D    04        OR2              0    4    0    1  |BB1_PLAY_TIMECODE:18|:328
   -      3    D    04        OR2              0    4    0    1  |BB1_PLAY_TIMECODE:18|:340
   -      3    A    03        OR2    s         0    2    0    4  |BB1_PLAY_TIMECODE:18|~349~1
   -      8    D    04        OR2              0    3    0    1  |BB1_PLAY_TIMECODE:18|:349
   -      1    A    03        OR2    s         0    4    0    1  |BB1_PLAY_TIMECODE:18|~468~1
   -      6    A    06        OR2        !     0    2    0    1  |BB1_TC_SEQUENZE:16|LPM_ADD_SUB:334|addcore:adder|:59
   -      1    A    06        OR2        !     0    3    0    1  |BB1_TC_SEQUENZE:16|LPM_ADD_SUB:334|addcore:adder|:63
   -      2    C    07        OR2              0    3    0    4  |BB1_TC_SEQUENZE:16|LPM_ADD_SUB:676|addcore:adder|pcarry3
   -      4    C    05       AND2              0    2    0    3  |BB1_TC_SEQUENZE:16|LPM_ADD_SUB:676|addcore:adder|:87
   -      6    C    07        OR2              0    4    0    4  |BB1_TC_SEQUENZE:16|LPM_ADD_SUB:702|addcore:adder|pcarry3
   -      8    C    05       AND2              0    2    0    3  |BB1_TC_SEQUENZE:16|LPM_ADD_SUB:702|addcore:adder|:87
   -      9    A    01        DFF   +          0    1    0    1  |BB1_TC_SEQUENZE:16|state~1
   -      8    A    01        DFF   +          0    2    0    2  |BB1_TC_SEQUENZE:16|state~2
   -      7    A    01        DFF   +          1    2    0    2  |BB1_TC_SEQUENZE:16|state~3
   -      6    A    01        DFF   +          0    1    0    2  |BB1_TC_SEQUENZE:16|state~4
   -      3    A    10        DFF   +          1    2    0    4  |BB1_TC_SEQUENZE:16|state~5
   -      2    A    02        DFF   +          0    3    0   18  |BB1_TC_SEQUENZE:16|state~6
   -      3    A    01        DFF   +          0    4    0   11  |BB1_TC_SEQUENZE:16|state~7
   -      6    A    11        DFF   +          1    3    0   14  |BB1_TC_SEQUENZE:16|state~8
   -      7    A    03        DFF   +          0    4    0    3  |BB1_TC_SEQUENZE:16|:10
   -      7    A    06        DFF   +          0    4    0    2  |BB1_TC_SEQUENZE:16|G_M_out_reg3 (|BB1_TC_SEQUENZE:16|:12)
   -      3    A    06        DFF   +          0    4    0    3  |BB1_TC_SEQUENZE:16|G_M_out_reg2 (|BB1_TC_SEQUENZE:16|:13)
   -      8    A    06        DFF   +          0    4    0    4  |BB1_TC_SEQUENZE:16|G_M_out_reg1 (|BB1_TC_SEQUENZE:16|:14)
   -      4    A    06        DFF   +          1    3    0    5  |BB1_TC_SEQUENZE:16|G_M_out_reg0 (|BB1_TC_SEQUENZE:16|:15)
   -      6    C    02        DFF   +          0    4    0   10  |BB1_TC_SEQUENZE:16|G_M_offset_reg7 (|BB1_TC_SEQUENZE:16|:38)
   -      4    C    02        DFF   +          1    3    0    4  |BB1_TC_SEQUENZE:16|G_M_offset_reg6 (|BB1_TC_SEQUENZE:16|:39)
   -     10    C    05        DFF   +          0    4    0    5  |BB1_TC_SEQUENZE:16|G_M_offset_reg5 (|BB1_TC_SEQUENZE:16|:40)
   -      1    C    07        DFF   +          0    4    0    6  |BB1_TC_SEQUENZE:16|G_M_offset_reg4 (|BB1_TC_SEQUENZE:16|:41)
   -     10    C    07        DFF   +          0    4    0    3  |BB1_TC_SEQUENZE:16|G_M_offset_reg3 (|BB1_TC_SEQUENZE:16|:42)
   -      2    E    05        DFF   +          0    4    0    6  |BB1_TC_SEQUENZE:16|G_M_offset_reg2 (|BB1_TC_SEQUENZE:16|:43)
   -      1    A    01        DFF   +          0    3    0    8  |BB1_TC_SEQUENZE:16|G_M_offset_reg1 (|BB1_TC_SEQUENZE:16|:44)
   -      6    E    05        DFF   +          0    4    0    8  |BB1_TC_SEQUENZE:16|G_M_offset_reg0 (|BB1_TC_SEQUENZE:16|:45)
   -      6    E    10       AND2    s   !     0    2    0    5  |BB1_TC_SEQUENZE:16|~962~1
   -      9    A    06        OR2    s         0    4    0    4  |BB1_TC_SEQUENZE:16|~962~2
   -      2    A    01        OR2    s         0    3    0    2  |BB1_TC_SEQUENZE:16|~998~1
   -      8    A    07       AND2              1    1    0    9  |BB1_TC_SEQUENZE:16|:1039
   -     10    A    01       AND2              0    3    0    1  |BB1_TC_SEQUENZE:16|:1043
   -      4    A    03        OR2    s         0    4    0    1  |BB1_TC_SEQUENZE:16|~1081~1
   -      2    A    03       AND2    s   !     0    2    0    1  |BB1_TC_SEQUENZE:16|~1081~2
   -      8    A    03        OR2    s         1    3    0    1  |BB1_TC_SEQUENZE:16|~1081~3
   -      2    A    13        OR2    s   !     0    2    0   10  |BB1_TC_SEQUENZE:16|~1199~1
   -      5    C    05        OR2    s         1    3    0    2  |BB1_TC_SEQUENZE:16|~1199~2
   -      8    C    02       AND2    s         0    4    0    1  |BB1_TC_SEQUENZE:16|~1199~3
   -      2    C    02        OR2    s         0    4    0    1  |BB1_TC_SEQUENZE:16|~1199~4
   -      9    C    02        OR2    s         0    4    0    1  |BB1_TC_SEQUENZE:16|~1199~5
   -      3    C    02        OR2    s         0    4    0    1  |BB1_TC_SEQUENZE:16|~1199~6
   -      6    C    09       AND2    s         0    2    0    5  |BB1_TC_SEQUENZE:16|~1223~1
   -      8    C    09       AND2    s         0    2    0    3  |BB1_TC_SEQUENZE:16|~1223~2
   -      9    C    05        OR2    s         1    3    0    2  |BB1_TC_SEQUENZE:16|~1223~3
   -     10    C    02       AND2    s         0    4    0    1  |BB1_TC_SEQUENZE:16|~1223~4
   -      1    C    05        OR2    s         1    3    0    2  |BB1_TC_SEQUENZE:16|~1223~5
   -      2    C    14        OR2    s         0    3    0    1  |BB1_TC_SEQUENZE:16|~1223~6
   -      1    C    02        OR2    s         0    4    0    1  |BB1_TC_SEQUENZE:16|~1223~7
   -      7    C    02        OR2    s         0    4    0    1  |BB1_TC_SEQUENZE:16|~1223~8
   -      2    C    16       AND2    s         2    1    0    1  |BB1_TC_SEQUENZE:16|~1247~1
   -      3    C    05        OR2    s         1    3    0    1  |BB1_TC_SEQUENZE:16|~1247~2
   -      7    C    05        OR2    s         0    4    0    1  |BB1_TC_SEQUENZE:16|~1247~3
   -      2    C    05        OR2    s         0    4    0    1  |BB1_TC_SEQUENZE:16|~1247~4
   -      6    C    05        OR2    s         1    2    0    1  |BB1_TC_SEQUENZE:16|~1247~5
   -      8    C    07        OR2    s         0    3    0    2  |BB1_TC_SEQUENZE:16|~1271~1
   -      3    C    07        OR2    s         1    3    0    1  |BB1_TC_SEQUENZE:16|~1271~2
   -      7    C    07        OR2    s         0    4    0    1  |BB1_TC_SEQUENZE:16|~1271~3
   -      4    C    07        OR2    s         1    3    0    1  |BB1_TC_SEQUENZE:16|~1271~4
   -      2    C    09       AND2    s         1    1    0    3  |BB1_TC_SEQUENZE:16|~1295~1
   -      9    C    07        OR2    s         1    3    0    1  |BB1_TC_SEQUENZE:16|~1295~2
   -      5    C    07        OR2    s         0    4    0    1  |BB1_TC_SEQUENZE:16|~1295~3
   -      1    C    09        OR2    s         1    3    0    1  |BB1_TC_SEQUENZE:16|~1295~4
   -      2    C    18       AND2    s         0    2    0    1  |BB1_TC_SEQUENZE:16|~1295~5
   -      7    E    05        OR2    s         1    3    0    1  |BB1_TC_SEQUENZE:16|~1319~1
   -      1    E    05        OR2    s         0    4    0    1  |BB1_TC_SEQUENZE:16|~1319~2
   -      9    E    05        OR2    s         1    3    0    1  |BB1_TC_SEQUENZE:16|~1319~3
   -     10    E    05        OR2    s         0    4    0    1  |BB1_TC_SEQUENZE:16|~1319~4
   -      4    A    01        OR2    s         2    1    0    1  |BB1_TC_SEQUENZE:16|~1343~1
   -      4    E    10        OR2    s         1    2    0    1  |BB1_TC_SEQUENZE:16|~1343~2
   -      3    A    05       AND2    s         0    2    0    3  |BB1_TC_SEQUENZE:16|~1343~3
   -      5    A    01        OR2    s         0    4    0    1  |BB1_TC_SEQUENZE:16|~1343~4
   -      4    E    05       AND2    s         1    2    0    2  |BB1_TC_SEQUENZE:16|~1367~1
   -      5    C    11        OR2    s         0    3    0    4  |BB1_TC_SEQUENZE:16|~1367~2
   -      5    E    05        OR2    s         1    3    0    1  |BB1_TC_SEQUENZE:16|~1367~3
   -      8    E    05        OR2    s         1    2    0    1  |BB1_TC_SEQUENZE:16|~1367~4
   -      3    E    05        OR2    s         0    4    0    1  |BB1_TC_SEQUENZE:16|~1367~5


Code:

s = Synthesized pin or logic cell
+ = Synchronous flipflop
/ = Slow slew-rate output
! = NOT gate push-back
r = Fitter-inserted logic cell
^ = Increased input delay
$ = Driven by fast output logic cell
p = Packed register


Device-Specific Information:c:\pt5220\blackburst\pgadesign\bb_pga1\make_timecode\bb1_tc_seqplay.rpt
bb1_tc_seqplay

** FASTTRACK INTERCONNECT UTILIZATION **

Row FastTrack Interconnect:

          Global         Left Half-      Right Half-
         FastTrack       FastTrack       FastTrack 
Row     Interconnect    Interconnect    Interconnect    Input Pins     Output Pins     Bidir Pins
A:       3/ 96(  3%)    13/ 48( 27%)     0/ 48(  0%)    0/20(  0%)      0/20(  0%)     0/20(  0%)
B:       0/ 96(  0%)     0/ 48(  0%)     0/ 48(  0%)    0/20(  0%)      0/20(  0%)     0/20(  0%)
C:       9/ 96(  9%)    15/ 48( 31%)     0/ 48(  0%)    0/20(  0%)      0/20(  0%)     0/20(  0%)
D:       7/ 96(  7%)    11/ 48( 22%)     0/ 48(  0%)   11/20( 55%)      4/20( 20%)     0/20(  0%)
E:       1/ 96(  1%)     9/ 48( 18%)     0/ 48(  0%)    0/20(  0%)      0/20(  0%)     0/20(  0%)
F:       0/ 96(  0%)     0/ 48(  0%)     0/ 48(  0%)    0/20(  0%)      0/20(  0%)     0/20(  0%)


Column FastTrack Interconnect:

         FastTrack                                 
Column  Interconnect    Input Pins     Output Pins     Bidir Pins
01:      2/20( 10%)     0/4(  0%)      0/4(  0%)       0/4(  0%)
02:      2/20( 10%)     0/4(  0%)      1/4( 25%)       0/4(  0%)
03:      1/20(  5%)     0/4(  0%)      0/4(  0%)       0/4(  0%)
04:      0/20(  0%)     0/4(  0%)      0/4(  0%)       0/4(  0%)
05:      2/20( 10%)     0/4(  0%)      0/4(  0%)       0/4(  0%)
06:      1/20(  5%)     0/4(  0%)      0/4(  0%)       0/4(  0%)
07:      1/20(  5%)     0/4(  0%)      1/4( 25%)       0/4(  0%)
08:      1/20(  5%)     0/4(  0%)      1/4( 25%)       0/4(  0%)
09:      1/20(  5%)     0/4(  0%)      0/4(  0%)       0/4(  0%)
10:      2/20( 10%)     0/4(  0%)      0/4(  0%)       0/4(  0%)
11:      2/20( 10%)     0/4(  0%)      0/4(  0%)       0/4(  0%)
12:      0/20(  0%)     0/4(  0%)      0/4(  0%)       0/4(  0%)
13:      1/20(  5%)     0/4(  0%)      0/4(  0%)       0/4(  0%)
14:      0/20(  0%)     0/4(  0%)      0/4(  0%)       0/4(  0%)
15:      0/20(  0%)     0/4(  0%)      0/4(  0%)       0/4(  0%)
16:      0/20(  0%)     0/4(  0%)      0/4(  0%)       0/4(  0%)
17:      0/20(  0%)     0/4(  0%)      0/4(  0%)       0/4(  0%)
18:      0/20(  0%)     0/4(  0%)      0/4(  0%)       0/4(  0%)
19:      0/20(  0%)     0/4(  0%)      0/4(  0%)       0/4(  0%)
20:      0/20(  0%)     0/4(  0%)      0/4(  0%)       0/4(  0%)
21:      0/20(  0%)     0/4(  0%)      0/4(  0%)       0/4(  0%)
22:      0/20(  0%)     0/4(  0%)      0/4(  0%)       0/4(  0%)


Device-Specific Information:c:\pt5220\blackburst\pgadesign\bb_pga1\make_timecode\bb1_tc_seqplay.rpt
bb1_tc_seqplay

** CLOCK SIGNALS **

Type     Fan-out       Name
INPUT       29         clk


Device-Specific Information:c:\pt5220\blackburst\pgadesign\bb_pga1\make_timecode\bb1_tc_seqplay.rpt
bb1_tc_seqplay

** EQUATIONS **

clk      : INPUT;
G_M      : INPUT;
H0       : INPUT;
H1       : INPUT;
H2       : INPUT;
H3       : INPUT;
H4       : INPUT;
H5       : INPUT;
H6       : INPUT;
H7       : INPUT;
H8       : INPUT;
H9       : INPUT;
H10      : INPUT;
tc_start : INPUT;

-- Node name is 'bit_end' 
-- Equation name is 'bit_end', type is output 
bit_end  =  _LC6_A3;

-- Node name is 'load_dac' 
-- Equation name is 'load_dac', type is output 
load_dac =  _LC7_A8;

-- Node name is 'play_end' 
-- Equation name is 'play_end', type is output 
play_end =  _LC1_A8;

-- Node name is 'tc_ram_adr0' 
-- Equation name is 'tc_ram_adr0', type is output 
tc_ram_adr0 =  _LC1_D4;

-- Node name is 'tc_ram_adr1' 
-- Equation name is 'tc_ram_adr1', type is output 
tc_ram_adr1 =  _LC6_D4;

-- Node name is 'tc_ram_adr2' 
-- Equation name is 'tc_ram_adr2', type is output 
tc_ram_adr2 =  _LC2_D4;

-- Node name is 'tc_ram_adr3' 
-- Equation name is 'tc_ram_adr3', type is output 
tc_ram_adr3 =  _LC7_D4;

-- Node name is '|BB1_PLAY_TIMECODE:18|:33' = '|BB1_PLAY_TIMECODE:18|adr_count0' 
-- Equation name is '_LC1_D4', type is buried 
_LC1_D4  = DFF( _EQ001, GLOBAL( clk),  VCC,  VCC);
  _EQ001 = !_LC1_D4 & !_LC2_D6 &  _LC3_A3 &  _LC6_A8
         #  _LC1_D4 &  _LC2_D6 &  _LC6_A8;

-- Node name is '|BB1_PLAY_TIMECODE:18|:32' = '|BB1_PLAY_TIMECODE:18|adr_count1' 
-- Equation name is '_LC6_D4', type is buried 
_LC6_D4  = DFF( _EQ002, GLOBAL( clk),  VCC,  VCC);
  _EQ002 = !_LC2_D6 &  _LC6_A8 &  _LC8_D4
         #  _LC2_D6 &  _LC6_A8 &  _LC6_D4;

-- Node name is '|BB1_PLAY_TIMECODE:18|:31' = '|BB1_PLAY_TIMECODE:18|adr_count2' 
-- Equation name is '_LC2_D4', type is buried 
_LC2_D4  = DFF( _EQ003, GLOBAL( clk),  VCC,  VCC);
  _EQ003 =  _LC3_D4 &  _LC6_A8;

-- Node name is '|BB1_PLAY_TIMECODE:18|:30' = '|BB1_PLAY_TIMECODE:18|adr_count3' 
-- Equation name is '_LC7_D4', type is buried 
_LC7_D4  = DFF( _EQ004, GLOBAL( clk),  VCC,  VCC);
  _EQ004 =  _LC6_A8 &  _LC9_D4;

-- Node name is '|BB1_PLAY_TIMECODE:18|LPM_ADD_SUB:241|addcore:adder|:59' from file "addcore.tdf" line 312, column 64
-- Equation name is '_LC10_D4', type is buried 
_LC10_D4 = LCELL( _EQ005);
  _EQ005 =  _LC1_D4 &  _LC6_D4;

-- Node name is '|BB1_PLAY_TIMECODE:18|LPM_ADD_SUB:241|addcore:adder|:63' from file "addcore.tdf" line 312, column 64
-- Equation name is '_LC4_D4', type is buried 
_LC4_D4  = LCELL( _EQ006);
  _EQ006 =  _LC1_D4 &  _LC2_D4 &  _LC6_D4;

-- Node name is '|BB1_PLAY_TIMECODE:18|state~1' 
-- Equation name is '_LC6_A8', type is buried 
_LC6_A8  = DFF( _EQ007, GLOBAL( clk),  VCC,  VCC);
  _EQ007 = !_LC6_A8 &  tc_start
         # !_LC2_D6 &  _LC6_A8;

-- Node name is '|BB1_PLAY_TIMECODE:18|:20' 
-- Equation name is '_LC1_A8', type is buried 
_LC1_A8  = DFF( _EQ008, GLOBAL( clk),  VCC,  VCC);
  _EQ008 = !_LC6_A8 & !tc_start
         #  _LC1_A8 &  _LC6_A8
         #  _LC2_D6 &  _LC6_A8;

-- Node name is '|BB1_PLAY_TIMECODE:18|:22' 
-- Equation name is '_LC6_A3', type is buried 
_LC6_A3  = DFF( _EQ009, GLOBAL( clk),  VCC,  VCC);
  _EQ009 =  _LC1_A3 &  _LC6_A8;

-- Node name is '|BB1_PLAY_TIMECODE:18|:24' 
-- Equation name is '_LC7_A8', type is buried 
_LC7_A8  = DFF( _EQ010, GLOBAL( clk),  VCC,  VCC);
  _EQ010 = !_LC2_D6 &  _LC6_A8 &  _LC7_A8
         # !_LC6_A8 &  tc_start;

-- Node name is '|BB1_PLAY_TIMECODE:18|~179~1' 
-- Equation name is '_LC7_D6', type is buried 
-- synthesized logic cell 
_LC7_D6  = LCELL( _EQ011);
  _EQ011 = !H5
         #  H6
         # !H4
         #  H0;

-- Node name is '|BB1_PLAY_TIMECODE:18|~206~1' 
-- Equation name is '_LC3_D6', type is buried 
-- synthesized logic cell 
_LC3_D6  = LCELL( _EQ012);
  _EQ012 = !H0
         #  H4
         #  H5
         # !H6;

-- Node name is '|BB1_PLAY_TIMECODE:18|~207~1' 
-- Equation name is '_LC6_D6', type is buried 
-- synthesized logic cell 
_LC6_D6  = LCELL( _EQ013);
  _EQ013 =  H1
         # !H2
         # !H3
         #  H7;

-- Node name is '|BB1_PLAY_TIMECODE:18|~207~2' 
-- Equation name is '_LC1_D6', type is buried 
-- synthesized logic cell 
_LC1_D6  = LCELL( _EQ014);
  _EQ014 =  _LC6_D6
         # !H8
         #  H9
         # !H10;

-- Node name is '|BB1_PLAY_TIMECODE:18|:207' 
-- Equation name is '_LC2_D6', type is buried 
!_LC2_D6 = _LC2_D6~NOT;
_LC2_D6~NOT = LCELL( _EQ015);
  _EQ015 =  _LC1_D6
         #  _LC3_D6 &  _LC7_D6
         # !G_M &  _LC3_D6
         #  G_M &  _LC7_D6;

-- Node name is '|BB1_PLAY_TIMECODE:18|:212' 
-- Equation name is '_LC2_A6', type is buried 
_LC2_A6  = LCELL( _EQ016);
  _EQ016 = !_LC3_A6 & !_LC4_A6 &  _LC7_A6 &  _LC8_A6;

-- Node name is '|BB1_PLAY_TIMECODE:18|:328' 
-- Equation name is '_LC9_D4', type is buried 
_LC9_D4  = LCELL( _EQ017);
  _EQ017 =  _LC2_D6 &  _LC7_D4
         #  _LC3_A3 & !_LC4_D4 &  _LC7_D4
         # !_LC2_D6 &  _LC3_A3 &  _LC4_D4 & !_LC7_D4;

-- Node name is '|BB1_PLAY_TIMECODE:18|:340' 
-- Equation name is '_LC3_D4', type is buried 
_LC3_D4  = LCELL( _EQ018);
  _EQ018 =  _LC2_D4 &  _LC2_D6
         #  _LC2_D4 &  _LC3_A3 & !_LC10_D4
         # !_LC2_D4 & !_LC2_D6 &  _LC3_A3 &  _LC10_D4;

-- Node name is '|BB1_PLAY_TIMECODE:18|~349~1' 
-- Equation name is '_LC3_A3', type is buried 
-- synthesized logic cell 
_LC3_A3  = LCELL( _EQ019);
  _EQ019 =  _LC2_A6
         # !_LC7_A3;

-- Node name is '|BB1_PLAY_TIMECODE:18|:349' 
-- Equation name is '_LC8_D4', type is buried 
_LC8_D4  = LCELL( _EQ020);
  _EQ020 =  _LC1_D4 &  _LC3_A3 & !_LC6_D4
         # !_LC1_D4 &  _LC3_A3 &  _LC6_D4;

-- Node name is '|BB1_PLAY_TIMECODE:18|~468~1' 
-- Equation name is '_LC1_A3', type is buried 
-- synthesized logic cell 
_LC1_A3  = LCELL( _EQ021);
  _EQ021 =  _LC2_D6 &  _LC6_A3
         #  _LC6_A3 & !_LC7_A3
         #  _LC2_A6 & !_LC2_D6;

-- Node name is '|BB1_TC_SEQUENZE:16|:45' = '|BB1_TC_SEQUENZE:16|G_M_offset_reg0' 
-- Equation name is '_LC6_E5', type is buried 
_LC6_E5  = DFF( _EQ022, GLOBAL( clk),  VCC,  VCC);
  _EQ022 =  _LC5_E5 &  _LC6_C9
         #  _LC3_E5 &  _LC6_E5;

-- Node name is '|BB1_TC_SEQUENZE:16|:44' = '|BB1_TC_SEQUENZE:16|G_M_offset_reg1' 
-- Equation name is '_LC1_A1', type is buried 
_LC1_A1  = DFF( _EQ023, GLOBAL( clk),  VCC,  VCC);
  _EQ023 =  _LC4_A1 & !_LC6_A11
         #  _LC5_A1 &  _LC6_A11;

-- Node name is '|BB1_TC_SEQUENZE:16|:43' = '|BB1_TC_SEQUENZE:16|G_M_offset_reg2' 
-- Equation name is '_LC2_E5', type is buried 
_LC2_E5  = DFF( _EQ024, GLOBAL( clk),  VCC,  VCC);
  _EQ024 =  _LC1_E5
         #  _LC2_E5 &  _LC10_E5
         #  _LC2_E5 &  _LC8_A7;

-- Node name is '|BB1_TC_SEQUENZE:16|:42' = '|BB1_TC_SEQUENZE:16|G_M_offset_reg3' 
-- Equation name is '_LC10_C7', type is buried 
_LC10_C7 = DFF( _EQ025, GLOBAL( clk),  VCC,  VCC);
  _EQ025 =  _LC2_C9
         #  _LC5_C7 &  _LC10_C7
         #  _LC2_C18 & !_LC10_C7;

-- Node name is '|BB1_TC_SEQUENZE:16|:41' = '|BB1_TC_SEQUENZE:16|G_M_offset_reg4' 
-- Equation name is '_LC1_C7', type is buried 
_LC1_C7  = DFF( _EQ026, GLOBAL( clk),  VCC,  VCC);
  _EQ026 =  _LC7_C7
         #  _LC4_C7 &  _LC8_C9
         #  _LC2_C9;

-- Node name is '|BB1_TC_SEQUENZE:16|:40' = '|BB1_TC_SEQUENZE:16|G_M_offset_reg5' 
-- Equation name is '_LC10_C5', type is buried 
_LC10_C5 = DFF( _EQ027, GLOBAL( clk),  VCC,  VCC);
  _EQ027 =  _LC2_C5
         #  _LC6_C5 &  _LC8_C9 & !_LC10_C5;

-- Node name is '|BB1_TC_SEQUENZE:16|:39' = '|BB1_TC_SEQUENZE:16|G_M_offset_reg6' 
-- Equation name is '_LC4_C2', type is buried 
_LC4_C2  = DFF( _EQ028, GLOBAL( clk),  VCC,  VCC);
  _EQ028 = !G_M &  _LC2_C9
         #  _LC10_C2
         #  _LC7_C2;

-- Node name is '|BB1_TC_SEQUENZE:16|:38' = '|BB1_TC_SEQUENZE:16|G_M_offset_reg7' 
-- Equation name is '_LC6_C2', type is buried 
_LC6_C2  = DFF( _EQ029, GLOBAL( clk),  VCC,  VCC);
  _EQ029 =  _LC6_C2 &  _LC8_A7
         #  _LC3_C2 &  _LC6_A11;

-- Node name is '|BB1_TC_SEQUENZE:16|:15' = '|BB1_TC_SEQUENZE:16|G_M_out_reg0' 
-- Equation name is '_LC4_A6', type is buried 
_LC4_A6  = DFF( _EQ030, GLOBAL( clk),  VCC,  VCC);
  _EQ030 =  _LC4_A6 & !_LC6_A11 &  tc_start
         # !_LC4_A6 &  _LC9_A6;

-- Node name is '|BB1_TC_SEQUENZE:16|:14' = '|BB1_TC_SEQUENZE:16|G_M_out_reg1' 
-- Equation name is '_LC8_A6', type is buried 
_LC8_A6  = DFF( _EQ031, GLOBAL( clk),  VCC,  VCC);
  _EQ031 =  _LC8_A6 &  _LC8_A7
         #  _LC4_A6 & !_LC8_A6 &  _LC9_A6
         # !_LC4_A6 &  _LC8_A6 &  _LC9_A6;

-- Node name is '|BB1_TC_SEQUENZE:16|:13' = '|BB1_TC_SEQUENZE:16|G_M_out_reg2' 
-- Equation name is '_LC3_A6', type is buried 
_LC3_A6  = DFF( _EQ032, GLOBAL( clk),  VCC,  VCC);
  _EQ032 =  _LC3_A6 &  _LC8_A7
         # !_LC3_A6 &  _LC6_A6 &  _LC9_A6
         #  _LC3_A6 & !_LC6_A6 &  _LC9_A6;

-- Node name is '|BB1_TC_SEQUENZE:16|:12' = '|BB1_TC_SEQUENZE:16|G_M_out_reg3' 
-- Equation name is '_LC7_A6', type is buried 
_LC7_A6  = DFF( _EQ033, GLOBAL( clk),  VCC,  VCC);
  _EQ033 =  _LC7_A6 &  _LC8_A7
         #  _LC1_A6 & !_LC7_A6 &  _LC9_A6
         # !_LC1_A6 &  _LC7_A6 &  _LC9_A6;

-- Node name is '|BB1_TC_SEQUENZE:16|LPM_ADD_SUB:334|addcore:adder|:59' from file "addcore.tdf" line 312, column 64
-- Equation name is '_LC6_A6', type is buried 
!_LC6_A6 = _LC6_A6~NOT;
_LC6_A6~NOT = LCELL( _EQ034);
  _EQ034 = !_LC4_A6
         # !_LC8_A6;

-- Node name is '|BB1_TC_SEQUENZE:16|LPM_ADD_SUB:334|addcore:adder|:63' from file "addcore.tdf" line 312, column 64
-- Equation name is '_LC1_A6', type is buried 
!_LC1_A6 = _LC1_A6~NOT;
_LC1_A6~NOT = LCELL( _EQ035);
  _EQ035 = !_LC4_A6
         # !_LC8_A6
         # !_LC3_A6;

-- Node name is '|BB1_TC_SEQUENZE:16|LPM_ADD_SUB:676|addcore:adder|pcarry3' from file "addcore.tdf" line 312, column 40
-- Equation name is '_LC2_C7', type is buried 
_LC2_C7  = LCELL( _EQ036);
  _EQ036 =  _LC1_A1
         #  _LC2_E5
         #  _LC10_C7;

-- Node name is '|BB1_TC_SEQUENZE:16|LPM_ADD_SUB:676|addcore:adder|:87' from file "addcore.tdf" line 312, column 64
-- Equation name is '_LC4_C5', type is buried 
_LC4_C5  = LCELL( _EQ037);
  _EQ037 =  _LC1_C7 &  _LC2_C7;

-- Node name is '|BB1_TC_SEQUENZE:16|LPM_ADD_SUB:702|addcore:adder|pcarry3' from file "addcore.tdf" line 312, column 40
-- Equation name is '_LC6_C7', type is buried 
_LC6_C7  = LCELL( _EQ038);
  _EQ038 =  _LC1_A1 &  _LC2_E5
         #  _LC2_E5 &  _LC6_E5
         #  _LC10_C7;

-- Node name is '|BB1_TC_SEQUENZE:16|LPM_ADD_SUB:702|addcore:adder|:87' from file "addcore.tdf" line 312, column 64
-- Equation name is '_LC8_C5', type is buried 
_LC8_C5  = LCELL( _EQ039);
  _EQ039 =  _LC1_C7 &  _LC6_C7;

-- Node name is '|BB1_TC_SEQUENZE:16|state~1' 
-- Equation name is '_LC9_A1', type is buried 
_LC9_A1  = DFF( _LC8_A1, GLOBAL( clk),  VCC,  VCC);

-- Node name is '|BB1_TC_SEQUENZE:16|state~2' 
-- Equation name is '_LC8_A1', type is buried 
_LC8_A1  = DFF( _EQ040, GLOBAL( clk),  VCC,  VCC);
  _EQ040 =  _LC2_A2 & !_LC6_C2;

-- Node name is '|BB1_TC_SEQUENZE:16|state~3' 
-- Equation name is '_LC7_A1', type is buried 
_LC7_A1  = DFF( _EQ041, GLOBAL( clk),  VCC,  VCC);
  _EQ041 =  _LC6_A1
         #  G_M &  _LC3_A5;

-- Node name is '|BB1_TC_SEQUENZE:16|state~4' 
-- Equation name is '_LC6_A1', type is buried 
_LC6_A1  = DFF( _LC3_A10, GLOBAL( clk),  VCC,  VCC);

-- Node name is '|BB1_TC_SEQUENZE:16|state~5' 
-- Equation name is '_LC3_A10', type is buried 
_LC3_A10 = DFF( _EQ042, GLOBAL( clk),  VCC,  VCC);
  _EQ042 = !G_M &  _LC2_A2 &  _LC6_C2;

-- Node name is '|BB1_TC_SEQUENZE:16|state~6' 
-- Equation name is '_LC2_A2', type is buried 
_LC2_A2  = DFF( _EQ043, GLOBAL( clk),  VCC,  VCC);
  _EQ043 = !_LC1_A8 &  _LC3_A1 &  _LC6_A3;

-- Node name is '|BB1_TC_SEQUENZE:16|state~7' 
-- Equation name is '_LC3_A1', type is buried 
_LC3_A1  = DFF( _EQ044, GLOBAL( clk),  VCC,  VCC);
  _EQ044 =  _LC9_A1
         #  _LC7_A1
         #  _LC10_A1
         #  _LC8_A7;

-- Node name is '|BB1_TC_SEQUENZE:16|state~8' 
-- Equation name is '_LC6_A11', type is buried 
_LC6_A11 = DFF( _EQ045, GLOBAL( clk),  VCC,  VCC);
  _EQ045 = !_LC1_A8 &  tc_start
         # !_LC3_A1 &  tc_start
         # !_LC1_A8 &  _LC6_A11
         # !_LC3_A1 &  _LC6_A11;

-- Node name is '|BB1_TC_SEQUENZE:16|:10' 
-- Equation name is '_LC7_A3', type is buried 
_LC7_A3  = DFF( _EQ046, GLOBAL( clk),  VCC,  VCC);
  _EQ046 =  _LC4_A3 &  _LC6_A11
         # !_LC3_A1 &  _LC6_A11 &  _LC8_A3;

-- Node name is '|BB1_TC_SEQUENZE:16|~962~1' 
-- Equation name is '_LC6_E10', type is buried 
-- synthesized logic cell 
!_LC6_E10 = _LC6_E10~NOT;
_LC6_E10~NOT = LCELL( _EQ047);
  _EQ047 = !_LC2_A2 &  _LC2_A13;

-- Node name is '|BB1_TC_SEQUENZE:16|~962~2' 
-- Equation name is '_LC9_A6', type is buried 
-- synthesized logic cell 
_LC9_A6  = LCELL( _EQ048);
  _EQ048 =  _LC2_A2 &  _LC6_A11
         # !_LC2_A13 &  _LC6_A11
         #  _LC3_A1 &  _LC6_A11;

-- Node name is '|BB1_TC_SEQUENZE:16|~998~1' 
-- Equation name is '_LC2_A1', type is buried 
-- synthesized logic cell 
_LC2_A1  = LCELL( _EQ049);
  _EQ049 =  _LC6_A1
         # !_LC7_A1 &  _LC8_A1;

-- Node name is '|BB1_TC_SEQUENZE:16|:1039' 
-- Equation name is '_LC8_A7', type is buried 
_LC8_A7  = LCELL( _EQ050);
  _EQ050 = !_LC6_A11 &  tc_start;

-- Node name is '|BB1_TC_SEQUENZE:16|:1043' 
-- Equation name is '_LC10_A1', type is buried 
_LC10_A1 = LCELL( _EQ051);
  _EQ051 = !_LC1_A8 &  _LC3_A1 & !_LC6_A3;

-- Node name is '|BB1_TC_SEQUENZE:16|~1081~1' 
-- Equation name is '_LC4_A3', type is buried 
-- synthesized logic cell 
_LC4_A3  = LCELL( _EQ052);
  _EQ052 =  _LC3_A10 &  _LC7_A3
         #  _LC2_A2 &  _LC7_A3
         #  _LC3_A1 &  _LC7_A3;

-- Node name is '|BB1_TC_SEQUENZE:16|~1081~2' 
-- Equation name is '_LC2_A3', type is buried 
-- synthesized logic cell 
!_LC2_A3 = _LC2_A3~NOT;
_LC2_A3~NOT = LCELL( _EQ053);
  _EQ053 = !_LC2_A2 & !_LC3_A10;

-- Node name is '|BB1_TC_SEQUENZE:16|~1081~3' 
-- Equation name is '_LC8_A3', type is buried 
-- synthesized logic cell 
_LC8_A3  = LCELL( _EQ054);
  _EQ054 =  _LC2_A1 & !_LC2_A3
         #  G_M &  _LC3_A5;

-- Node name is '|BB1_TC_SEQUENZE:16|~1199~1' 
-- Equation name is '_LC2_A13', type is buried 
-- synthesized logic cell 
!_LC2_A13 = _LC2_A13~NOT;
_LC2_A13~NOT = LCELL( _EQ055);
  _EQ055 =  _LC3_A10
         #  _LC2_A1;

-- Node name is '|BB1_TC_SEQUENZE:16|~1199~2' 
-- Equation name is '_LC5_C5', type is buried 
-- synthesized logic cell 
_LC5_C5  = LCELL( _EQ056);
  _EQ056 = !G_M & !_LC1_C7
         # !G_M & !_LC6_C7
         # !G_M & !_LC10_C5;

-- Node name is '|BB1_TC_SEQUENZE:16|~1199~3' 
-- Equation name is '_LC8_C2', type is buried 
-- synthesized logic cell 
_LC8_C2  = LCELL( _EQ057);
  _EQ057 =  _LC2_A13 & !_LC3_A1 &  _LC4_C2 & !_LC6_C2;

-- Node name is '|BB1_TC_SEQUENZE:16|~1199~4' 
-- Equation name is '_LC2_C2', type is buried 
-- synthesized logic cell 
_LC2_C2  = LCELL( _EQ058);
  _EQ058 = !_LC4_C2
         #  _LC5_C5
         #  _LC1_C5
         # !_LC2_A13;

-- Node name is '|BB1_TC_SEQUENZE:16|~1199~5' 
-- Equation name is '_LC9_C2', type is buried 
-- synthesized logic cell 
_LC9_C2  = LCELL( _EQ059);
  _EQ059 =  _LC8_C2 &  _LC9_C5
         #  _LC2_C2 &  _LC6_C2;

-- Node name is '|BB1_TC_SEQUENZE:16|~1199~6' 
-- Equation name is '_LC3_C2', type is buried 
-- synthesized logic cell 
_LC3_C2  = LCELL( _EQ060);
  _EQ060 =  _LC3_A1 &  _LC6_C2
         # !_LC2_A2 &  _LC9_C2;

-- Node name is '|BB1_TC_SEQUENZE:16|~1223~1' 
-- Equation name is '_LC6_C9', type is buried 
-- synthesized logic cell 
_LC6_C9  = LCELL( _EQ061);
  _EQ061 = !_LC3_A1 &  _LC6_A11;

-- Node name is '|BB1_TC_SEQUENZE:16|~1223~2' 
-- Equation name is '_LC8_C9', type is buried 
-- synthesized logic cell 
_LC8_C9  = LCELL( _EQ062);
  _EQ062 =  _LC6_C9 & !_LC6_E10;

-- Node name is '|BB1_TC_SEQUENZE:16|~1223~3' 
-- Equation name is '_LC9_C5', type is buried 
-- synthesized logic cell 
_LC9_C5  = LCELL( _EQ063);
  _EQ063 =  G_M &  _LC4_C5 &  _LC10_C5
         # !G_M &  _LC8_C5 &  _LC10_C5;

-- Node name is '|BB1_TC_SEQUENZE:16|~1223~4' 
-- Equation name is '_LC10_C2', type is buried 
-- synthesized logic cell 
_LC10_C2 = LCELL( _EQ064);
  _EQ064 = !_LC4_C2 &  _LC6_C9 & !_LC6_E10 &  _LC9_C5;

-- Node name is '|BB1_TC_SEQUENZE:16|~1223~5' 
-- Equation name is '_LC1_C5', type is buried 
-- synthesized logic cell 
_LC1_C5  = LCELL( _EQ065);
  _EQ065 =  G_M & !_LC1_C7
         #  G_M & !_LC2_C7
         #  G_M & !_LC10_C5;

-- Node name is '|BB1_TC_SEQUENZE:16|~1223~6' 
-- Equation name is '_LC2_C14', type is buried 
-- synthesized logic cell 
_LC2_C14 = LCELL( _EQ066);
  _EQ066 =  _LC1_C5 & !_LC2_A2
         # !_LC2_A2 & !_LC2_A13;

-- Node name is '|BB1_TC_SEQUENZE:16|~1223~7' 
-- Equation name is '_LC1_C2', type is buried 
-- synthesized logic cell 
_LC1_C2  = LCELL( _EQ067);
  _EQ067 =  _LC2_C14 &  _LC6_A11
         #  _LC5_C11 &  _LC6_A11
         #  _LC8_A7;

-- Node name is '|BB1_TC_SEQUENZE:16|~1223~8' 
-- Equation name is '_LC7_C2', type is buried 
-- synthesized logic cell 
_LC7_C2  = LCELL( _EQ068);
  _EQ068 = !_LC2_A2 &  _LC4_C2 &  _LC5_C5
         #  _LC1_C2 &  _LC4_C2;

-- Node name is '|BB1_TC_SEQUENZE:16|~1247~1' 
-- Equation name is '_LC2_C16', type is buried 
-- synthesized logic cell 
_LC2_C16 = LCELL( _EQ069);
  _EQ069 =  G_M & !_LC6_A11 & !tc_start;

-- Node name is '|BB1_TC_SEQUENZE:16|~1247~2' 
-- Equation name is '_LC3_C5', type is buried 
-- synthesized logic cell 
_LC3_C5  = LCELL( _EQ070);
  _EQ070 = !G_M & !_LC8_C5
         #  G_M & !_LC4_C5
         # !_LC2_A13;

-- Node name is '|BB1_TC_SEQUENZE:16|~1247~3' 
-- Equation name is '_LC7_C5', type is buried 
-- synthesized logic cell 
_LC7_C5  = LCELL( _EQ071);
  _EQ071 = !_LC2_A2 &  _LC3_C5 &  _LC6_A11
         #  _LC5_C11 &  _LC6_A11;

-- Node name is '|BB1_TC_SEQUENZE:16|~1247~4' 
-- Equation name is '_LC2_C5', type is buried 
-- synthesized logic cell 
_LC2_C5  = LCELL( _EQ072);
  _EQ072 =  _LC2_C16
         #  _LC7_C5 &  _LC10_C5
         #  _LC8_A7 &  _LC10_C5;

-- Node name is '|BB1_TC_SEQUENZE:16|~1247~5' 
-- Equation name is '_LC6_C5', type is buried 
-- synthesized logic cell 
_LC6_C5  = LCELL( _EQ073);
  _EQ073 =  G_M &  _LC4_C5
         # !G_M &  _LC8_C5;

-- Node name is '|BB1_TC_SEQUENZE:16|~1271~1' 
-- Equation name is '_LC8_C7', type is buried 
-- synthesized logic cell 
_LC8_C7  = LCELL( _EQ074);
  _EQ074 =  _LC2_A2 & !_LC6_C2
         # !_LC6_C9;

-- Node name is '|BB1_TC_SEQUENZE:16|~1271~2' 
-- Equation name is '_LC3_C7', type is buried 
-- synthesized logic cell 
_LC3_C7  = LCELL( _EQ075);
  _EQ075 =  G_M & !_LC2_C7
         # !G_M & !_LC6_C7
         # !_LC2_A13;

-- Node name is '|BB1_TC_SEQUENZE:16|~1271~3' 
-- Equation name is '_LC7_C7', type is buried 
-- synthesized logic cell 
_LC7_C7  = LCELL( _EQ076);
  _EQ076 =  _LC1_C7 & !_LC2_A2 &  _LC3_C7
         #  _LC1_C7 &  _LC8_C7;

-- Node name is '|BB1_TC_SEQUENZE:16|~1271~4' 
-- Equation name is '_LC4_C7', type is buried 
-- synthesized logic cell 
_LC4_C7  = LCELL( _EQ077);
  _EQ077 =  G_M & !_LC1_C7 &  _LC2_C7
         # !G_M & !_LC1_C7 &  _LC6_C7;

-- Node name is '|BB1_TC_SEQUENZE:16|~1295~1' 
-- Equation name is '_LC2_C9', type is buried 
-- synthesized logic cell 
_LC2_C9  = LCELL( _EQ078);
  _EQ078 = !_LC6_A11 & !tc_start;

-- Node name is '|BB1_TC_SEQUENZE:16|~1295~2' 
-- Equation name is '_LC9_C7', type is buried 
-- synthesized logic cell 
_LC9_C7  = LCELL( _EQ079);
  _EQ079 =  _LC1_A1 &  _LC2_E5
         #  _LC2_E5 &  _LC6_E5
         #  G_M &  _LC1_A1
         #  G_M &  _LC2_E5;

-- Node name is '|BB1_TC_SEQUENZE:16|~1295~3' 
-- Equation name is '_LC5_C7', type is buried 
-- synthesized logic cell 
_LC5_C7  = LCELL( _EQ080);
  _EQ080 = !_LC2_A2 &  _LC9_C7
         # !_LC2_A2 & !_LC2_A13
         #  _LC8_C7;

-- Node name is '|BB1_TC_SEQUENZE:16|~1295~4' 
-- Equation name is '_LC1_C9', type is buried 
-- synthesized logic cell 
_LC1_C9  = LCELL( _EQ081);
  _EQ081 = !_LC1_A1 & !_LC2_E5
         # !G_M & !_LC1_A1 & !_LC6_E5
         # !G_M & !_LC2_E5;

-- Node name is '|BB1_TC_SEQUENZE:16|~1295~5' 
-- Equation name is '_LC2_C18', type is buried 
-- synthesized logic cell 
_LC2_C18 = LCELL( _EQ082);
  _EQ082 =  _LC1_C9 &  _LC8_C9;

-- Node name is '|BB1_TC_SEQUENZE:16|~1319~1' 
-- Equation name is '_LC7_E5', type is buried 
-- synthesized logic cell 
_LC7_E5  = LCELL( _EQ083);
  _EQ083 =  G_M & !_LC1_A1 & !_LC2_E5
         # !G_M &  _LC1_A1 & !_LC2_E5
         # !G_M & !_LC2_E5 &  _LC6_E5;

-- Node name is '|BB1_TC_SEQUENZE:16|~1319~2' 
-- Equation name is '_LC1_E5', type is buried 
-- synthesized logic cell 
_LC1_E5  = LCELL( _EQ084);
  _EQ084 =  _LC6_C9 & !_LC6_E10 &  _LC7_E5
         #  _LC4_E5 &  _LC6_C9;

-- Node name is '|BB1_TC_SEQUENZE:16|~1319~3' 
-- Equation name is '_LC9_E5', type is buried 
-- synthesized logic cell 
_LC9_E5  = LCELL( _EQ085);
  _EQ085 = !G_M & !_LC1_A1 & !_LC6_E5
         #  G_M &  _LC1_A1
         # !_LC2_A13;

-- Node name is '|BB1_TC_SEQUENZE:16|~1319~4' 
-- Equation name is '_LC10_E5', type is buried 
-- synthesized logic cell 
_LC10_E5 = LCELL( _EQ086);
  _EQ086 = !_LC2_A2 &  _LC6_A11 &  _LC9_E5
         #  _LC5_C11 &  _LC6_A11;

-- Node name is '|BB1_TC_SEQUENZE:16|~1343~1' 
-- Equation name is '_LC4_A1', type is buried 
-- synthesized logic cell 
_LC4_A1  = LCELL( _EQ087);
  _EQ087 =  G_M & !tc_start
         #  _LC1_A1 &  tc_start;

-- Node name is '|BB1_TC_SEQUENZE:16|~1343~2' 
-- Equation name is '_LC4_E10', type is buried 
-- synthesized logic cell 
_LC4_E10 = LCELL( _EQ088);
  _EQ088 =  G_M & !_LC6_E10
         # !_LC6_E5 & !_LC6_E10;

-- Node name is '|BB1_TC_SEQUENZE:16|~1343~3' 
-- Equation name is '_LC3_A5', type is buried 
-- synthesized logic cell 
_LC3_A5  = LCELL( _EQ089);
  _EQ089 =  _LC2_A2 &  _LC6_C2;

-- Node name is '|BB1_TC_SEQUENZE:16|~1343~4' 
-- Equation name is '_LC5_A1', type is buried 
-- synthesized logic cell 
_LC5_A1  = LCELL( _EQ090);
  _EQ090 =  _LC1_A1 &  _LC3_A1
         #  _LC1_A1 & !_LC4_E10
         # !_LC3_A1 &  _LC3_A5
         # !_LC1_A1 & !_LC3_A1 &  _LC4_E10;

-- Node name is '|BB1_TC_SEQUENZE:16|~1367~1' 
-- Equation name is '_LC4_E5', type is buried 
-- synthesized logic cell 
_LC4_E5  = LCELL( _EQ091);
  _EQ091 = !G_M &  _LC2_A2 &  _LC6_C2;

-- Node name is '|BB1_TC_SEQUENZE:16|~1367~2' 
-- Equation name is '_LC5_C11', type is buried 
-- synthesized logic cell 
_LC5_C11 = LCELL( _EQ092);
  _EQ092 =  _LC3_A1
         #  _LC2_A2 & !_LC6_C2;

-- Node name is '|BB1_TC_SEQUENZE:16|~1367~3' 
-- Equation name is '_LC5_E5', type is buried 
-- synthesized logic cell 
_LC5_E5  = LCELL( _EQ093);
  _EQ093 = !G_M & !_LC6_E5 & !_LC6_E10
         #  _LC4_E5;

-- Node name is '|BB1_TC_SEQUENZE:16|~1367~4' 
-- Equation name is '_LC8_E5', type is buried 
-- synthesized logic cell 
_LC8_E5  = LCELL( _EQ094);
  _EQ094 =  G_M & !_LC2_A2
         # !_LC2_A2 & !_LC2_A13;

-- Node name is '|BB1_TC_SEQUENZE:16|~1367~5' 
-- Equation name is '_LC3_E5', type is buried 
-- synthesized logic cell 
_LC3_E5  = LCELL( _EQ095);
  _EQ095 =  _LC6_A11 &  _LC8_E5
         #  _LC5_C11 &  _LC6_A11
         #  _LC8_A7;



Project Informationc:\pt5220\blackburst\pgadesign\bb_pga1\make_timecode\bb1_tc_seqplay.rpt

** COMPILATION SETTINGS & TIMES **

Processing Menu Commands
------------------------

Design Doctor                             = off

Logic Synthesis:

   Synthesis Type Used                    = Multi-Level

   Default Synthesis Style                = NORMAL

      Logic option settings in 'NORMAL' style for 'FLEX6000' family

      CARRY_CHAIN                         = ignore
      CARRY_CHAIN_LENGTH                  = 32
      CASCADE_CHAIN                       = ignore
      CASCADE_CHAIN_LENGTH                = 2
      DECOMPOSE_GATES                     = on
      DUPLICATE_LOGIC_EXTRACTION          = on
      MINIMIZATION                        = full
      MULTI_LEVEL_FACTORING               = on
      NOT_GATE_PUSH_BACK                  = on
      REDUCE_LOGIC                        = on
      REFACTORIZATION                     = on
      REGISTER_OPTIMIZATION               = on
      RESYNTHESIZE_NETWORK                = on
      SLOW_SLEW_RATE                      = off
      SUBFACTOR_EXTRACTION                = on
      IGNORE_SOFT_BUFFERS                 = on
      USE_LPM_FOR_AHDL_OPERATORS          = off

   Other logic synthesis settings:

      Automatic Global Clock              = on
      Automatic Global Clear              = on
      Automatic Global Preset             = on
      Automatic Global Output Enable      = on
      Automatic Fast I/O                  = off
      Automatic Register Packing          = off
      Automatic Open-Drain Pins           = on
      Automatic Implement in EAB          = off
      Optimize                            = 5

Default Timing Specifications: None

Cut All Bidir Feedback Timing Paths       = on
Cut All Clear & Preset Timing Paths       = on

Ignore Timing Assignments                 = off

Functional SNF Extractor                  = off

Linked SNF Extractor                      = off
Timing SNF Extractor                      = on
Optimize Timing SNF                       = off
Generate AHDL TDO File                    = off
Fitter Settings                           = NORMAL
Smart Recompile                           = off
Total Recompile                           = off

Interfaces Menu Commands
------------------------

EDIF Netlist Writer                       = off
Verilog Netlist Writer                    = off
VHDL Netlist Writer                       = off

Compilation Times
-----------------

   Compiler Netlist Extractor             00:00:05
   Database Builder                       00:00:02
   Logic Synthesizer                      00:00:07
   Partitioner                            00:00:05
   Fitter                                 00:00:30
   Timing SNF Extractor                   00:00:07
   Assembler                              00:00:05
   --------------------------             --------
   Total Time                             00:01:01


Memory Allocated
-----------------

Peak memory allocated during compilation  = 21,746K
