Project Informationc:\pt5220\blackburst\pgadesign\bb_pga1\bb1_make_dac_data.rpt

MAX+plus II Compiler Report File
Version 9.01 07/30/98
Compiled: 08/26/99 09:35:30

Copyright (C) 1988-1998 Altera Corporation
Any megafunction design, and related net list (encrypted or decrypted),
support information, device programming or simulation file, and any other
associated documentation or information provided by Altera or a partner
under Altera's Megafunction Partnership Program may be used only to
program PLD devices (but not masked PLD devices) from Altera.  Any other
use of such megafunction design, net list, support information, device
programming or simulation file, or any other related documentation or
information is prohibited for any other purpose, including, but not
limited to modification, reverse engineering, de-compiling, or use with
any other silicon devices, unless such use is explicitly licensed under
a separate agreement with Altera or a megafunction partner.  Title to
the intellectual property, including patents, copyrights, trademarks,
trade secrets, or maskworks, embodied in any such megafunction design,
net list, support information, device programming or simulation file, or
any other related documentation or information provided by Altera or a
megafunction partner, remains with Altera, the megafunction partner, or
their respective licensors.  No other licenses, including any licenses
needed under any third party's intellectual property, are provided herein.



***** Project compilation was successful




** DEVICE SUMMARY **

Chip/                     Input   Output   Bidir 			    LCs
POF       Device          Pins    Pins     Pins      LCs    % Utilized

bb1_make_dac_data
      EPF6024AQC208-3      7        33       0   117         5  %

User Pins:                 7        33       0  



Project Informationc:\pt5220\blackburst\pgadesign\bb_pga1\bb1_make_dac_data.rpt

** PROJECT TIMING MESSAGES **

Warning: Timing characteristics of device EPF6024AQC208-3 are preliminary


Project Informationc:\pt5220\blackburst\pgadesign\bb_pga1\bb1_make_dac_data.rpt

** STATE MACHINE ASSIGNMENTS **


|BB1_PLAY_LINE7:4|state: MACHINE
        OF BITS (
           |BB1_PLAY_LINE7:4|state~15,
           |BB1_PLAY_LINE7:4|state~14,
           |BB1_PLAY_LINE7:4|state~13,
           |BB1_PLAY_LINE7:4|state~12,
           |BB1_PLAY_LINE7:4|state~11,
           |BB1_PLAY_LINE7:4|state~10,
           |BB1_PLAY_LINE7:4|state~9,
           |BB1_PLAY_LINE7:4|state~8,
           |BB1_PLAY_LINE7:4|state~7,
           |BB1_PLAY_LINE7:4|state~6,
           |BB1_PLAY_LINE7:4|state~5,
           |BB1_PLAY_LINE7:4|state~4,
           |BB1_PLAY_LINE7:4|state~3,
           |BB1_PLAY_LINE7:4|state~2,
           |BB1_PLAY_LINE7:4|state~1
        )
        WITH STATES (
                        s0_up_30 = B"000000000000000", 
                       s1_up_100 = B"110000000000000", 
                       s2_up_225 = B"101000000000000", 
                       s3_up_350 = B"100100000000000", 
                       s4_up_475 = B"100010000000000", 
                       s5_up_600 = B"100001000000000", 
                       s6_up_670 = B"100000100000000", 
                       s7_up_700 = B"100000010000000", 
                     s8_down_670 = B"100000001000000", 
                     s9_down_600 = B"100000000100000", 
                    s10_down_475 = B"100000000010000", 
                    s11_down_350 = B"100000000001000", 
                    s12_down_225 = B"100000000000100", 
                    s13_down_100 = B"100000000000010", 
                     s14_down_30 = B"100000000000001"
);


|BB1_PLAY_SYNC:32|state: MACHINE
        OF BITS (
           |BB1_PLAY_SYNC:32|state~3,
           |BB1_PLAY_SYNC:32|state~2,
           |BB1_PLAY_SYNC:32|state~1
        )
        WITH STATES (
                s0_init_sync_adr = B"000", 
              s1_get_sync_u_data = B"110", 
              s2_get_sync_d_data = B"101"
);


|BB1_PLAY_PEDISTAL:35|state: MACHINE
        OF BITS (
           |BB1_PLAY_PEDISTAL:35|state~8,
           |BB1_PLAY_PEDISTAL:35|state~7,
           |BB1_PLAY_PEDISTAL:35|state~6,
           |BB1_PLAY_PEDISTAL:35|state~5,
           |BB1_PLAY_PEDISTAL:35|state~4,
           |BB1_PLAY_PEDISTAL:35|state~3,
           |BB1_PLAY_PEDISTAL:35|state~2,
           |BB1_PLAY_PEDISTAL:35|state~1
        )
        WITH STATES (
                        s0_up_95 = B"00000000", 
                        s1_up3_3 = B"11000000", 
                        s2_up6_1 = B"10100000", 
                        s3_up7_5 = B"10010000", 
                      s4_down6_1 = B"10001000", 
                      s5_down3_3 = B"10000100", 
                      s6_down_95 = B"10000010", 
                        s7_down0 = B"10000001"
);


|BB1_PLAY_BURST:36|state: MACHINE
        OF BITS (
           |BB1_PLAY_BURST:36|state~1
        )
        WITH STATES (
               s0_init_burst_adr = B"0", 
               s1_get_burst_data = B"1"
);



Project Informationc:\pt5220\blackburst\pgadesign\bb_pga1\bb1_make_dac_data.rpt

** FILE HIERARCHY **



|bb1_play_line7:4|
|bb1_play_sync:32|
|bb1_play_sync:32|lpm_add_sub:194|
|bb1_play_sync:32|lpm_add_sub:194|addcore:adder|
|bb1_play_sync:32|lpm_add_sub:194|altshift:result_ext_latency_ffs|
|bb1_play_sync:32|lpm_add_sub:194|altshift:carry_ext_latency_ffs|
|bb1_play_sync:32|lpm_add_sub:194|altshift:oflow_ext_latency_ffs|
|bb1_play_sync:32|lpm_add_sub:255|
|bb1_play_sync:32|lpm_add_sub:255|addcore:adder|
|bb1_play_sync:32|lpm_add_sub:255|altshift:result_ext_latency_ffs|
|bb1_play_sync:32|lpm_add_sub:255|altshift:carry_ext_latency_ffs|
|bb1_play_sync:32|lpm_add_sub:255|altshift:oflow_ext_latency_ffs|
|bb1_play_pedistal:35|
|bb1_play_burst:36|
|bb1_play_burst:36|lpm_add_sub:292|
|bb1_play_burst:36|lpm_add_sub:292|addcore:adder|
|bb1_play_burst:36|lpm_add_sub:292|altshift:result_ext_latency_ffs|
|bb1_play_burst:36|lpm_add_sub:292|altshift:carry_ext_latency_ffs|
|bb1_play_burst:36|lpm_add_sub:292|altshift:oflow_ext_latency_ffs|


Device-Specific Information:c:\pt5220\blackburst\pgadesign\bb_pga1\bb1_make_dac_data.rpt
bb1_make_dac_data

***** Logic for device 'bb1_make_dac_data' compiled without errors.




Device: EPF6024AQC208-3

FLEX 6000 Configuration Scheme: Passive Serial

Device Options:
    User-Supplied Start-Up Clock               = OFF
    Auto-Restart Configuration on Frame Error  = OFF
    Release Clears Before Tri-States           = OFF
    Enable Chip_Wide Reset                     = OFF
    Enable Chip-Wide Output Enable             = OFF
    Enable INIT_DONE Output                    = OFF
    Enable JTAG Support                        = OFF
    MultiVolt I/O                              = OFF

                                                    P P                                                                                
                                P P P     P P     P G G P       P   P   P                                                              
                                G G G     G G     G A A G       G   G   G                                                              
                                A A A     A A     A 1 1 A       A   A   A                                                              
                                1 1 1     1 1     1 _ _ 1       1   1   1                                                              
                                _ _ _     _ _     _ B B _       _   _   _                                                              
                                B B B     B B     B B B B       B   B   B                                                              
                                B B B     B B     B 1 1 B       B   B   B P                                                            
                                1 1 1     1 1     1 _ _ 1       1   1   1 G                                                            
                                _ _ _     _ _     _ B B _       _   _   _ A                                                            
                                B B B     B B     B U U B       B   B   B 1                                                            
                                U U U     U U     U R R U       U   U   U _                                                            
                                R R R     R R     R S S R       R   R   R B                                                            
                                S S S     S S     S T T S       S   S   S B                                                            
                                T T T     T T     T _ _ T       T   T   T 1                                                            
                                _ _ _     _ _     _ R R _       _   _   _ _                                                            
                              R R R R R R R R     R A A R R R R R R R R R L R         R R R R R R R R R R R R R R     R R R R R R R R  
                              E A A A E E A A     A M M A E E E A E A E A D E         E E E E E E E E E E E E E E     E E E E E E E E  
                              S M M M S S M M     M _ _ M S S S M S M S M _ S       ^ S S S S S S S S S S S S S S     S S S S S S S S  
                              E _ _ _ E E _ _ V   _ A A _ E E E _ E _ E _ B E ^ V   D E E E E E E E E E E E E E E V   E E E E E E E E  
                              R A A A R R A A C   A D D A R R R A R A R A U R D C   A R R R R R R R R R R R R R R C   R R R R R R R R  
                              V D D D V V D D C G D R R D V V V D V D V D R V C C G T V V V V V V V V V V V V V V C G V V V V V V V V  
                              E R R R E E R R I N R 1 1 R E E E R E R E R S E L I N A E E E E E E E E E E E E E E I N E E E E E E E E  
                              D 1 2 0 D D 4 3 O D 8 0 1 9 D D D 6 D 7 D 5 T D K O D 0 D D D D D D D D D D D D D D O D D D D D D D D D  
                            ----------------------------------------------------------------------------------------------------------_ 
                           / 208 206 204 202 200 198 196 194 192 190 188 186 184 182 180 178 176 174 172 170 168 166 164 162 160 158   |_ 
                          /    207 205 203 201 199 197 195 193 191 189 187 185 183 181 179 177 175 173 171 169 167 165 163 161 159 157    | 
                RESERVED |  1                                                                                                         156 | RESERVED 
                RESERVED |  2                                                                                                         155 | RESERVED 
                RESERVED |  3                                                                                                         154 | RESERVED 
     PGA1_BB1_LIN7_REG_1 |  4                                                                                                         153 | RESERVED 
     PGA1_BB1_LIN7_REG_3 |  5                                                                                                         152 | RESERVED 
                    ^nCE |  6                                                                                                         151 | RESERVED 
                     GND |  7                                                                                                         150 | ^CONF_DONE 
                  VCCINT |  8                                                                                                         149 | VCCIO 
                   VCCIO |  9                                                                                                         148 | VCCINT 
                RESERVED | 10                                                                                                         147 | GND 
                RESERVED | 11                                                                                                         146 | RESERVED 
                RESERVED | 12                                                                                                         145 | RESERVED 
                RESERVED | 13                                                                                                         144 | RESERVED 
    PGA1_BB1_START_PDOWN | 14                                                                                                         143 | RESERVED 
       PGA1_BB1_PED_REG3 | 15                                                                                                         142 | RESERVED 
       PGA1_BB1_PED_REG0 | 16                                                                                                         141 | RESERVED 
       PGA1_BB1_PED_REG1 | 17                                                                                                         140 | RESERVED 
       PGA1_BB1_PED_REG2 | 18                                                                                                         139 | RESERVED 
        &PGA1_BB1_LD_PED | 19                                                                                                         138 | RESERVED 
     PGA1_BB1_LIN7_REG_0 | 20                                                                                                         137 | RESERVED 
     PGA1_BB1_LIN7_REG_6 | 21                                                                                                         136 | RESERVED 
     PGA1_BB1_LIN7_REG_7 | 22                                                                                                         135 | PGA1_BB1_LOAD_LIN7 
     PGA1_BB1_LIN7_REG_8 | 23                                                                                                         134 | RESERVED 
                     CLK | 24                                                                                                         133 | RESERVED 
                     GND | 25                                                                                                         132 | PGA1_BB1_START_LINE7 
                  VCCINT | 26                                                                                                         131 | VCCIO 
                   VCCIO | 27                                             EPF6024AQC208-3                                             130 | VCCINT 
      PGA1_BB1_START_PUP | 28                                                                                                         129 | GND 
     PGA1_BB1_LIN7_REG_5 | 29                                                                                                         128 | PGA1_BB1_START_BURST 
     PGA1_BB1_LIN7_REG_4 | 30                                                                                                         127 | RESERVED 
     PGA1_BB1_LIN7_REG_2 | 31                                                                                                         126 | RESERVED 
   PGA1_BB1_START_SYNCUP | 32                                                                                                         125 | RESERVED 
 PGA1_BB1_START_SYNCDOWN | 33                                                                                                         124 | RESERVED 
        PGA1_BB1_LD_SYNC | 34                                                                                                         123 | RESERVED 
  PGA1_BB1_SYNC_RAM_ADR0 | 35                                                                                                         122 | RESERVED 
  PGA1_BB1_SYNC_RAM_ADR1 | 36                                                                                                         121 | RESERVED 
  PGA1_BB1_SYNC_RAM_ADR2 | 37                                                                                                         120 | RESERVED 
 &PGA1_BB1_SYNC_RAM_ADR3 | 38                                                                                                         119 | RESERVED 
                RESERVED | 39                                                                                                         118 | RESERVED 
                RESERVED | 40                                                                                                         117 | RESERVED 
                RESERVED | 41                                                                                                         116 | RESERVED 
                RESERVED | 42                                                                                                         115 | RESERVED 
                     GND | 43                                                                                                         114 | RESERVED 
                  VCCINT | 44                                                                                                         113 | RESERVED 
                   VCCIO | 45                                                                                                         112 | VCCIO 
                   ^MSEL | 46                                                                                                         111 | VCCINT 
                RESERVED | 47                                                                                                         110 | GND 
                RESERVED | 48                                                                                                         109 | RESERVED 
                RESERVED | 49                                                                                                         108 | RESERVED 
                RESERVED | 50                                                                                                         107 | RESERVED 
                RESERVED | 51                                                                                                         106 | RESERVED 
                RESERVED | 52                                                                                                         105 | RESERVED 
                         |      54  56  58  60  62  64  66  68  70  72  74  76  78  80  82  84  86  88  90  92  94  96  98 100 102 104  _| 
                          \   53  55  57  59  61  63  65  67  69  71  73  75  77  79  81  83  85  87  89  91  93  95  97  99 101 103   | 
                           \----------------------------------------------------------------------------------------------------------- 
                              R R R R R R R R R G V R R R R R R R R R R R R R ^ G V ^ R R R R R R R R R R R R R R G V R R R R R R R R  
                              E E E E E E E E E N C E E E E E E E E E E E E E n N C n E E E E E E E E E E E E E E N C E E E E E E E E  
                              S S S S S S S S S D C S S S S S S S S S S S S S C D C S S S S S S S S S S S S S S S D C S S S S S S S S  
                              E E E E E E E E E   I E E E E E E E E E E E E E O   I T E E E E E E E E E E E E E E   I E E E E E E E E  
                              R R R R R R R R R   O R R R R R R R R R R R R R N   O A R R R R R R R R R R R R R R   O R R R R R R R R  
                              V V V V V V V V V     V V V V V V V V V V V V V F     T V V V V V V V V V V V V V V     V V V V V V V V  
                              E E E E E E E E E     E E E E E E E E E E E E E I     U E E E E E E E E E E E E E E     E E E E E E E E  
                              D D D D D D D D D     D D D D D D D D D D D D D G     S D D D D D D D D D D D D D D     D D D D D D D D  
                                                                                                                                       
                                                                                                                                       
                                                                                                                                       
                                                                                                                                       
                                                                                                                                       
                                                                                                                                       
                                                                                                                                       
                                                                                                                                       
                                                                                                                                       
                                                                                                                                       
                                                                                                                                       
                                                                                                                                       
                                                                                                                                       
                                                                                                                                       
                                                                                                                                       
                                                                                                                                       


N.C. = Not Connected.
VCCINT = Dedicated power pin, which MUST be connected to VCC (3.3 volts).
VCCIO = Dedicated power pin, which MUST be connected to VCC (3.3 volts).
GND = Dedicated ground pin or unused dedicated input, which MUST be connected to GND.
RESERVED = Unused I/O pin, which MUST be left unconnected.

^ = Dedicated configuration pin.
+ = Reserved configuration pin, which is tri-stated during user mode.
* = Reserved configuration pin, which drives out in user mode.
PDn = Power Down pin. 
@ = Special-purpose pin. 
# = JTAG Boundary-Scan Testing/In-System Programming or Configuration Pin. The JTAG inputs (TMS, TCK, TDI) should be tied to VCC when not in use.
& = JTAG pin used for I/O. When used as user I/O, JTAG pins must be kept stable before and during configuration.  JTAG pin stability prevents accidental loading of JTAG instructions.


Device-Specific Information:c:\pt5220\blackburst\pgadesign\bb_pga1\bb1_make_dac_data.rpt
bb1_make_dac_data

** RESOURCE USAGE **

Logic                Column       Row                                   
Array                Interconnect Interconnect                  Sync.   Sync.   Left External  Right External  Borrowed LC1
Block   Logic Cells  Driven       Driven       Clocks  Clears   Clear   Load    Interconnect   Interconnect    Inputs
A4       9/10( 90%)   0/10(  0%)   0/10(  0%)    1/2    0/2      0/1     0/1      1/22(  4%)    1/22(  4%)      0/4
A6       8/10( 80%)   0/10(  0%)   0/10(  0%)    1/2    0/2      0/1     0/1      4/22( 18%)    5/22( 22%)      0/4
A9       1/10( 10%)   0/10(  0%)   0/10(  0%)    1/2    0/2      0/1     0/1      0/22(  0%)    1/22(  4%)      0/4
A11      4/10( 40%)   0/10(  0%)   0/10(  0%)    1/2    0/2      0/1     0/1      2/22(  9%)    4/22( 18%)      0/4
A13      1/10( 10%)   0/10(  0%)   0/10(  0%)    1/2    0/2      0/1     0/1      1/22(  4%)    2/22(  9%)      0/4
A14      1/10( 10%)   0/10(  0%)   0/10(  0%)    1/2    0/2      0/1     0/1      1/22(  4%)    1/22(  4%)      0/4
B2      10/10(100%)   5/10( 50%)   0/10(  0%)    1/2    0/2      0/1     0/1      2/22(  9%)    3/22( 13%)      0/4
C5       1/10( 10%)   0/10(  0%)   0/10(  0%)    1/2    0/2      0/1     0/1      0/22(  0%)    1/22(  4%)      0/4
C8       8/10( 80%)   0/10(  0%)   0/10(  0%)    1/2    0/2      0/1     0/1      3/22( 13%)    4/22( 18%)      0/4
C10     10/10(100%)   0/10(  0%)   0/10(  0%)    1/2    0/2      0/1     0/1      2/22(  9%)    5/22( 22%)      0/4
C12      1/10( 10%)   0/10(  0%)   0/10(  0%)    1/2    0/2      0/1     0/1      0/22(  0%)    1/22(  4%)      0/4
C14      1/10( 10%)   0/10(  0%)   0/10(  0%)    1/2    0/2      0/1     0/1      0/22(  0%)    2/22(  9%)      0/4
D1      10/10(100%)   1/10( 10%)   0/10(  0%)    1/2    0/2      0/1     0/1      7/22( 31%)    9/22( 40%)      0/4
D3       9/10( 90%)   1/10( 10%)   0/10(  0%)    1/2    0/2      0/1     0/1      6/22( 27%)    8/22( 36%)      0/4
D5       7/10( 70%)   0/10(  0%)   0/10(  0%)    1/2    0/2      0/1     0/1      7/22( 31%)    7/22( 31%)      0/4
D6       1/10( 10%)   0/10(  0%)   0/10(  0%)    1/2    0/2      0/1     0/1      1/22(  4%)    0/22(  0%)      0/4
D7       7/10( 70%)   0/10(  0%)   0/10(  0%)    1/2    0/2      0/1     0/1      5/22( 22%)    7/22( 31%)      0/4
D8       1/10( 10%)   0/10(  0%)   0/10(  0%)    1/2    0/2      0/1     0/1      0/22(  0%)    1/22(  4%)      0/4
D9       1/10( 10%)   0/10(  0%)   0/10(  0%)    1/2    0/2      0/1     0/1      1/22(  4%)    1/22(  4%)      0/4
D10      1/10( 10%)   0/10(  0%)   0/10(  0%)    1/2    0/2      0/1     0/1      0/22(  0%)    1/22(  4%)      0/4
D11      1/10( 10%)   0/10(  0%)   0/10(  0%)    0/2    0/2      0/1     0/1      1/22(  4%)    1/22(  4%)      0/4
D12      1/10( 10%)   1/10( 10%)   0/10(  0%)    0/2    0/2      0/1     0/1      1/22(  4%)    1/22(  4%)      0/4
D13      4/10( 40%)   0/10(  0%)   0/10(  0%)    1/2    0/2      0/1     0/1      0/22(  0%)    1/22(  4%)      0/4
D14      1/10( 10%)   0/10(  0%)   0/10(  0%)    1/2    0/2      0/1     0/1      0/22(  0%)    2/22(  9%)      0/4
D16      2/10( 20%)   0/10(  0%)   0/10(  0%)    1/2    0/2      0/1     0/1      0/22(  0%)    1/22(  4%)      0/4
E3       1/10( 10%)   0/10(  0%)   0/10(  0%)    0/2    0/2      0/1     0/1      0/22(  0%)    2/22(  9%)      0/4
E5       1/10( 10%)   0/10(  0%)   0/10(  0%)    1/2    0/2      0/1     0/1      0/22(  0%)    2/22(  9%)      0/4
E7       1/10( 10%)   0/10(  0%)   0/10(  0%)    1/2    0/2      0/1     0/1      1/22(  4%)    2/22(  9%)      0/4
E9       8/10( 80%)   0/10(  0%)   0/10(  0%)    1/2    0/2      0/1     0/1      1/22(  4%)    5/22( 22%)      0/4
E12      4/10( 40%)   0/10(  0%)   0/10(  0%)    1/2    0/2      0/1     0/1      3/22( 13%)    4/22( 18%)      0/4
E14      1/10( 10%)   0/10(  0%)   0/10(  0%)    1/2    0/2      0/1     0/1      2/22(  9%)    2/22(  9%)      0/4


Total dedicated input pins used:                 4/4      (100%)
Total I/O pins used:                            36/167    ( 21%)
Total logic cells used:                        117/1960   (  5%)
Average fan-in:                                 3.06/4    ( 76%)
Total fan-in:                                 359/7840    (  4%)

Total input pins required:                       7
Total output pins required:                     33
Total bidirectional pins required:               0
Total reserved pins required                     0
Total logic cells required:                    117
Total flipflops required:                       60
Total packed registers required:                 0
Total logic cells in carry chains:               0
Total number of carry chains:                    0
Total logic cells in cascade chains:             0
Total number of cascade chains:                  0

Synthesized logic cells:                        14/1960   (  0%)

Logic Cell Counts

Column:  01  02  03  04  05  06  07  08  09  10  11  12  13  14  15  16  17  18  19  20  21  22  23  24  25  26  27  28  Total
 A:      0   0   0   9   0   8   0   0   1   0   4   0   1   1   0   0   0   0   0   0   0   0   0   0   0   0   0   0     24
 B:      0  10   0   0   0   0   0   0   0   0   0   0   0   0   0   0   0   0   0   0   0   0   0   0   0   0   0   0     10
 C:      0   0   0   0   1   0   0   8   0  10   0   1   0   1   0   0   0   0   0   0   0   0   0   0   0   0   0   0     21
 D:     10   0   9   0   7   1   7   1   1   1   1   1   4   1   0   2   0   0   0   0   0   0   0   0   0   0   0   0     46
 E:      0   0   1   0   1   0   1   0   8   0   0   4   0   1   0   0   0   0   0   0   0   0   0   0   0   0   0   0     16
 F:      0   0   0   0   0   0   0   0   0   0   0   0   0   0   0   0   0   0   0   0   0   0   0   0   0   0   0   0      0
 G:      0   0   0   0   0   0   0   0   0   0   0   0   0   0   0   0   0   0   0   0   0   0   0   0   0   0   0   0      0

Total:  10  10  10   9   9   9   8   9  10  11   5   6   5   4   0   2   0   0   0   0   0   0   0   0   0   0   0   0    117



Device-Specific Information:c:\pt5220\blackburst\pgadesign\bb_pga1\bb1_make_dac_data.rpt
bb1_make_dac_data

** INPUTS **

                                               Fan-In    Fan-Out
 Pin     LC   Row  Col  Primitive    Code      INP  FBK  OUT  FBK  Name
  24      -    -    --      INPUT  G            0    0    0    0  CLK
 128      -    -    --      INPUT               0    0    0   14  PGA1_BB1_START_BURST
 132      -    -    --      INPUT               0    0    0   11  PGA1_BB1_START_LINE7
  14      -    C    --      INPUT               0    0    0    2  PGA1_BB1_START_PDOWN
  28      -    -    --      INPUT               0    0    0    7  PGA1_BB1_START_PUP
  33      -    E    --      INPUT               0    0    0    6  PGA1_BB1_START_SYNCDOWN
  32      -    E    --      INPUT               0    0    0    5  PGA1_BB1_START_SYNCUP


Code:

s = Synthesized pin or logic cell
+ = Synchronous flipflop
/ = Slow slew-rate output
! = NOT gate push-back
r = Fitter-inserted logic cell
^ = Increased input delay
$ = Driven by fast output logic cell
G = Global Source. Fan-out destinations counted here do not include destinations
that are driven using global routing resources. Refer to the Auto Global Signals,
Clock Signals, Clear Signals, Synchronous Load Signals, and Synchronous Clear Signals
Sections of this Report File for information on which signals' fan-outs are used as
Clock, Clear, Preset, Output Enable, and synchronous Load signals.


Device-Specific Information:c:\pt5220\blackburst\pgadesign\bb_pga1\bb1_make_dac_data.rpt
bb1_make_dac_data

** OUTPUTS **

       Fed By                                  Fan-In    Fan-Out
 Pin     LC   Row  Col  Primitive    Code      INP  FBK  OUT  FBK  Name
 205      -    A    --     OUTPUT               0    1    0    0  PGA1_BB1_BURST_RAM_ADR0
 207      -    A    --     OUTPUT               0    1    0    0  PGA1_BB1_BURST_RAM_ADR1
 206      -    A    --     OUTPUT               0    1    0    0  PGA1_BB1_BURST_RAM_ADR2
 201      -    -    04     OUTPUT           $   0    1    0    0  PGA1_BB1_BURST_RAM_ADR3
 202      -    -    03     OUTPUT           $   0    1    0    0  PGA1_BB1_BURST_RAM_ADR4
 187      -    -    12     OUTPUT           $   0    1    0    0  PGA1_BB1_BURST_RAM_ADR5
 191      -    -    10     OUTPUT           $   0    1    0    0  PGA1_BB1_BURST_RAM_ADR6
 189      -    -    11     OUTPUT           $   0    1    0    0  PGA1_BB1_BURST_RAM_ADR7
 198      -    -    05     OUTPUT           $   0    1    0    0  PGA1_BB1_BURST_RAM_ADR8
 195      -    -    07     OUTPUT           $   0    1    0    0  PGA1_BB1_BURST_RAM_ADR9
 197      -    -    06     OUTPUT           $   0    1    0    0  PGA1_BB1_BURST_RAM_ADR10
 196      -    -    06     OUTPUT           $   0    1    0    0  PGA1_BB1_BURST_RAM_ADR11
 186      -    -    13     OUTPUT           $   0    1    0    0  PGA1_BB1_LD_BURST
  19      -    C    --     OUTPUT               0    1    0    0  PGA1_BB1_LD_PED
  34      -    E    --     OUTPUT               0    1    0    0  PGA1_BB1_LD_SYNC
  20      -    D    --     OUTPUT               0    1    0    0  PGA1_BB1_LIN7_REG_0
   4      -    B    --     OUTPUT               0    1    0    0  PGA1_BB1_LIN7_REG_1
  31      -    D    --     OUTPUT           $   0    1    0    0  PGA1_BB1_LIN7_REG_2
   5      -    B    --     OUTPUT               0    1    0    0  PGA1_BB1_LIN7_REG_3
  30      -    D    --     OUTPUT               0    1    0    0  PGA1_BB1_LIN7_REG_4
  29      -    D    --     OUTPUT               0    1    0    0  PGA1_BB1_LIN7_REG_5
  21      -    D    --     OUTPUT           $   0    1    0    0  PGA1_BB1_LIN7_REG_6
  22      -    D    --     OUTPUT               0    1    0    0  PGA1_BB1_LIN7_REG_7
  23      -    D    --     OUTPUT           $   0    1    0    0  PGA1_BB1_LIN7_REG_8
 135      -    D    --     OUTPUT               0    1    0    0  PGA1_BB1_LOAD_LIN7
  16      -    C    --     OUTPUT               0    1    0    0  PGA1_BB1_PED_REG0
  17      -    C    --     OUTPUT               0    1    0    0  PGA1_BB1_PED_REG1
  18      -    C    --     OUTPUT               0    1    0    0  PGA1_BB1_PED_REG2
  15      -    C    --     OUTPUT               0    1    0    0  PGA1_BB1_PED_REG3
  35      -    E    --     OUTPUT               0    1    0    0  PGA1_BB1_SYNC_RAM_ADR0
  36      -    E    --     OUTPUT               0    1    0    0  PGA1_BB1_SYNC_RAM_ADR1
  37      -    E    --     OUTPUT               0    1    0    0  PGA1_BB1_SYNC_RAM_ADR2
  38      -    E    --     OUTPUT               0    1    0    0  PGA1_BB1_SYNC_RAM_ADR3


Code:

s = Synthesized pin or logic cell
+ = Synchronous flipflop
/ = Slow slew-rate output
! = NOT gate push-back
r = Fitter-inserted logic cell
^ = Increased input delay
$ = Driven by fast output logic cell


Device-Specific Information:c:\pt5220\blackburst\pgadesign\bb_pga1\bb1_make_dac_data.rpt
bb1_make_dac_data

** BURIED LOGIC **

                                               Fan-In    Fan-Out
 IOC     LC   Row  Col  Primitive    Code      INP  FBK  OUT  FBK  Name
   -      3    A    04       AND2              0    2    0    4  |BB1_PLAY_BURST:36|LPM_ADD_SUB:292|addcore:adder|:91
   -      9    A    04       AND2              0    2    0    1  |BB1_PLAY_BURST:36|LPM_ADD_SUB:292|addcore:adder|:95
   -      5    A    04       AND2              0    3    0    1  |BB1_PLAY_BURST:36|LPM_ADD_SUB:292|addcore:adder|:99
   -      4    A    04       AND2              0    4    0    4  |BB1_PLAY_BURST:36|LPM_ADD_SUB:292|addcore:adder|:103
   -      7    A    11       AND2              0    2    0    1  |BB1_PLAY_BURST:36|LPM_ADD_SUB:292|addcore:adder|:107
   -      2    A    11       AND2              0    3    0    1  |BB1_PLAY_BURST:36|LPM_ADD_SUB:292|addcore:adder|:111
   -      9    A    06       AND2              0    4    0    4  |BB1_PLAY_BURST:36|LPM_ADD_SUB:292|addcore:adder|:115
   -      4    A    06       AND2              0    2    0    1  |BB1_PLAY_BURST:36|LPM_ADD_SUB:292|addcore:adder|:119
   -      8    A    06       AND2              0    3    0    1  |BB1_PLAY_BURST:36|LPM_ADD_SUB:292|addcore:adder|:123
   -      3    A    06       AND2              0    4    0    1  |BB1_PLAY_BURST:36|LPM_ADD_SUB:292|addcore:adder|:127
   -      7    A    09        DFF   +          1    1    0   14  |BB1_PLAY_BURST:36|state~1
   -      6    A    14        DFF   +          1    1    1    0  |BB1_PLAY_BURST:36|:3
   -      2    A    06        DFF   +          1    3    1    1  |BB1_PLAY_BURST:36|adr_count11 (|BB1_PLAY_BURST:36|:17)
   -      6    A    06        DFF   +          1    3    1    2  |BB1_PLAY_BURST:36|adr_count10 (|BB1_PLAY_BURST:36|:18)
   -      1    A    06        DFF   +          1    3    1    3  |BB1_PLAY_BURST:36|adr_count9 (|BB1_PLAY_BURST:36|:19)
   -      7    A    06        DFF   +          1    3    1    4  |BB1_PLAY_BURST:36|adr_count8 (|BB1_PLAY_BURST:36|:20)
   -      1    A    11        DFF   +          1    3    1    2  |BB1_PLAY_BURST:36|adr_count7 (|BB1_PLAY_BURST:36|:21)
   -      6    A    11        DFF   +          1    3    1    3  |BB1_PLAY_BURST:36|adr_count6 (|BB1_PLAY_BURST:36|:22)
   -      6    A    13        DFF   +          1    3    1    4  |BB1_PLAY_BURST:36|adr_count5 (|BB1_PLAY_BURST:36|:23)
   -      6    A    04        DFF   +          1    3    1    2  |BB1_PLAY_BURST:36|adr_count4 (|BB1_PLAY_BURST:36|:24)
   -      1    A    04        DFF   +          1    3    1    3  |BB1_PLAY_BURST:36|adr_count3 (|BB1_PLAY_BURST:36|:25)
   -      7    A    04        DFF   +          1    3    1    4  |BB1_PLAY_BURST:36|adr_count2 (|BB1_PLAY_BURST:36|:26)
   -      2    A    04        DFF   +          1    3    1    2  |BB1_PLAY_BURST:36|adr_count1 (|BB1_PLAY_BURST:36|:27)
   -      8    A    04        DFF   +          1    2    1    3  |BB1_PLAY_BURST:36|adr_count0 (|BB1_PLAY_BURST:36|:28)
   -      7    D    01        DFF   +          0    1    0    1  |BB1_PLAY_LINE7:4|state~1
   -      7    D    10        DFF   +          0    1    0    4  |BB1_PLAY_LINE7:4|state~2
   -      6    D    13        DFF   +          0    1    0    8  |BB1_PLAY_LINE7:4|state~3
   -      1    D    13        DFF   +          0    1    0    6  |BB1_PLAY_LINE7:4|state~4
   -      7    D    13        DFF   +          0    1    0    6  |BB1_PLAY_LINE7:4|state~5
   -      6    D    16        DFF   +          0    1    0    6  |BB1_PLAY_LINE7:4|state~6
   -      2    D    09        DFF   +          1    1    0    4  |BB1_PLAY_LINE7:4|state~7
   -      7    D    14        DFF   +          1    2    0    6  |BB1_PLAY_LINE7:4|state~8
   -      8    D    08        DFF   +          0    1    0    5  |BB1_PLAY_LINE7:4|state~9
   -      1    D    06        DFF   +          0    1    0    7  |BB1_PLAY_LINE7:4|state~10
   -      2    B    02        DFF   +          0    1    0    6  |BB1_PLAY_LINE7:4|state~11
   -      4    B    02        DFF   +          0    1    0    3  |BB1_PLAY_LINE7:4|state~12
   -      7    B    02        DFF   +          0    1    0    6  |BB1_PLAY_LINE7:4|state~13
   -      1    B    02        DFF   +          1    1    0    8  |BB1_PLAY_LINE7:4|state~14
   -      1    D    01        DFF   +          0    2    0   11  |BB1_PLAY_LINE7:4|state~15
   -      3    D    01        DFF   +          0    4    1    1  |BB1_PLAY_LINE7:4|:3
   -      6    D    05        DFF   +          1    3    1    1  |BB1_PLAY_LINE7:4|:5
   -      2    D    01        DFF   +          0    4    1    1  |BB1_PLAY_LINE7:4|:7
   -      6    D    07        DFF   +          1    3    1    1  |BB1_PLAY_LINE7:4|:9
   -      6    D    03        DFF   +          1    3    1    1  |BB1_PLAY_LINE7:4|:11
   -      8    B    02        DFF   +          1    3    1    1  |BB1_PLAY_LINE7:4|:13
   -      4    D    01        DFF   +          0    4    1    1  |BB1_PLAY_LINE7:4|:15
   -      9    B    02        DFF   +          1    3    1    1  |BB1_PLAY_LINE7:4|:17
   -      1    D    05        DFF   +          1    3    1    1  |BB1_PLAY_LINE7:4|:19
   -      1    D    03        DFF   +          1    3    1    1  |BB1_PLAY_LINE7:4|:21
   -      5    D    01        OR2              0    4    0    1  |BB1_PLAY_LINE7:4|:1160
   -      2    D    05        OR2              0    4    0    1  |BB1_PLAY_LINE7:4|:1198
   -      7    D    05        OR2              0    4    0    1  |BB1_PLAY_LINE7:4|:1210
   -      6    B    02        OR2    s   !     0    2    0    6  |BB1_PLAY_LINE7:4|~1212~1
   -      3    D    05       AND2              0    3    0    2  |BB1_PLAY_LINE7:4|:1230
   -      5    D    05        OR2              0    3    0    1  |BB1_PLAY_LINE7:4|:1236
   -      3    D    07        OR2              0    3    0    1  |BB1_PLAY_LINE7:4|:1248
   -      6    D    01        OR2              0    4    0    1  |BB1_PLAY_LINE7:4|:1255
   -      3    D    13        OR2    s         0    2    0    3  |BB1_PLAY_LINE7:4|~1276~1
   -      1    D    07        OR2              0    4    0    1  |BB1_PLAY_LINE7:4|:1276
   -      7    D    07        OR2    s   !     0    3    0    3  |BB1_PLAY_LINE7:4|~1290~1
   -      3    B    02        OR2    s         0    2    0    4  |BB1_PLAY_LINE7:4|~1294~1
   -      8    D    07        OR2              0    4    0    1  |BB1_PLAY_LINE7:4|:1294
   -      3    D    11       AND2    s         0    2    0    4  |BB1_PLAY_LINE7:4|~1305~1
   -      4    D    07       AND2              0    3    0    1  |BB1_PLAY_LINE7:4|:1305
   -      4    D    03        OR2              0    4    0    2  |BB1_PLAY_LINE7:4|:1329
   -      9    D    03        OR2              0    4    0    1  |BB1_PLAY_LINE7:4|:1338
   -      5    D    03        OR2              0    4    0    1  |BB1_PLAY_LINE7:4|:1345
   -      3    D    12        OR2        !     0    3    0    3  |BB1_PLAY_LINE7:4|:1386
   -     10    B    02        OR2              0    3    0    1  |BB1_PLAY_LINE7:4|:1390
   -      9    D    01        OR2              0    3    0    1  |BB1_PLAY_LINE7:4|:1413
   -      2    D    07        OR2    s         0    3    0    3  |BB1_PLAY_LINE7:4|~1423~1
   -     10    D    01        OR2              0    4    0    1  |BB1_PLAY_LINE7:4|:1432
   -      3    D    03       AND2              0    4    0    1  |BB1_PLAY_LINE7:4|:1473
   -      5    B    02        OR2              0    4    0    1  |BB1_PLAY_LINE7:4|:1480
   -      8    D    05        OR2              0    4    0    1  |BB1_PLAY_LINE7:4|:1530
   -      8    D    01        OR2        !     1    1    0    4  |BB1_PLAY_LINE7:4|:1531
   -      2    D    16        OR2    s         0    2    0    1  |BB1_PLAY_LINE7:4|~1594~1
   -      8    D    03        OR2    s         0    4    0    1  |BB1_PLAY_LINE7:4|~1594~2
   -      2    D    03        OR2    s         0    4    0    1  |BB1_PLAY_LINE7:4|~1594~3
   -      7    D    03        OR2    s         0    4    0    1  |BB1_PLAY_LINE7:4|~1594~4
   -      9    C    08        DFF   +          0    1    0    1  |BB1_PLAY_PEDISTAL:35|state~1
   -      3    C    05        DFF   +          0    1    0    3  |BB1_PLAY_PEDISTAL:35|state~2
   -      2    C    12        DFF   +          0    1    0    5  |BB1_PLAY_PEDISTAL:35|state~3
   -      5    C    10        DFF   +          1    1    0    4  |BB1_PLAY_PEDISTAL:35|state~4
   -      9    C    10        DFF   +          1    2    0    5  |BB1_PLAY_PEDISTAL:35|state~5
   -     10    C    10        DFF   +          0    1    0    4  |BB1_PLAY_PEDISTAL:35|state~6
   -      5    C    14        DFF   +          1    1    0    6  |BB1_PLAY_PEDISTAL:35|state~7
   -      7    C    08        DFF   +          1    2    0    8  |BB1_PLAY_PEDISTAL:35|state~8
   -      2    C    08        DFF   +          1    3    1    1  |BB1_PLAY_PEDISTAL:35|:4
   -      6    C    08        DFF   +          1    3    1    1  |BB1_PLAY_PEDISTAL:35|:6
   -      6    C    10        DFF   +          1    3    1    1  |BB1_PLAY_PEDISTAL:35|:8
   -      1    C    10        DFF   +          1    3    1    1  |BB1_PLAY_PEDISTAL:35|:10
   -      1    C    08        DFF   +          1    3    1    1  |BB1_PLAY_PEDISTAL:35|:12
   -      3    C    10        OR2              0    3    0    3  |BB1_PLAY_PEDISTAL:35|:352
   -      3    C    08       AND2              0    3    0    1  |BB1_PLAY_PEDISTAL:35|:362
   -      8    C    08        OR2              0    3    0    1  |BB1_PLAY_PEDISTAL:35|:381
   -      2    C    10        OR2              0    3    0    1  |BB1_PLAY_PEDISTAL:35|:401
   -      7    C    10        OR2              0    4    0    1  |BB1_PLAY_PEDISTAL:35|:405
   -      4    C    10        OR2              0    3    0    1  |BB1_PLAY_PEDISTAL:35|:423
   -      8    C    10        OR2              0    3    0    1  |BB1_PLAY_PEDISTAL:35|:429
   -      4    C    08        OR2    s         0    4    0    1  |BB1_PLAY_PEDISTAL:35|~470~1
   -      2    E    12        OR2              0    4    0    1  |BB1_PLAY_SYNC:32|LPM_ADD_SUB:194|addcore:adder|:77
   -      7    E    12        OR2              0    4    0    1  |BB1_PLAY_SYNC:32|LPM_ADD_SUB:255|addcore:adder|:77
   -      9    E    09        DFF   +          1    2    0    2  |BB1_PLAY_SYNC:32|state~1
   -      7    E    05        DFF   +          1    2    0    6  |BB1_PLAY_SYNC:32|state~2
   -      7    E    09        DFF   +          1    3    0    8  |BB1_PLAY_SYNC:32|state~3
   -      2    E    14        DFF   +          2    2    1    0  |BB1_PLAY_SYNC:32|:4
   -      6    E    12        DFF   +          1    3    1    3  |BB1_PLAY_SYNC:32|adr_count3 (|BB1_PLAY_SYNC:32|:10)
   -      1    E    09        DFF   +          0    4    1    4  |BB1_PLAY_SYNC:32|adr_count2 (|BB1_PLAY_SYNC:32|:11)
   -      6    E    09        DFF   +          0    4    1    5  |BB1_PLAY_SYNC:32|adr_count1 (|BB1_PLAY_SYNC:32|:12)
   -      6    E    07        DFF   +          1    3    1    5  |BB1_PLAY_SYNC:32|adr_count0 (|BB1_PLAY_SYNC:32|:13)
   -      8    E    09        OR2        !     2    1    0    3  |BB1_PLAY_SYNC:32|:280
   -      3    E    03       AND2    s         1    1    0    3  |BB1_PLAY_SYNC:32|~284~1
   -      3    E    09        OR2        !     1    1    0    1  |BB1_PLAY_SYNC:32|:286
   -      1    E    12        OR2              0    4    0    1  |BB1_PLAY_SYNC:32|:302
   -      4    E    09        OR2    s         0    4    0    1  |BB1_PLAY_SYNC:32|~306~1
   -      2    E    09        OR2    s         0    3    0    1  |BB1_PLAY_SYNC:32|~315~1


Code:

s = Synthesized pin or logic cell
+ = Synchronous flipflop
/ = Slow slew-rate output
! = NOT gate push-back
r = Fitter-inserted logic cell
^ = Increased input delay
$ = Driven by fast output logic cell
p = Packed register


Device-Specific Information:c:\pt5220\blackburst\pgadesign\bb_pga1\bb1_make_dac_data.rpt
bb1_make_dac_data

** FASTTRACK INTERCONNECT UTILIZATION **

Row FastTrack Interconnect:

          Global         Left Half-      Right Half-
         FastTrack       FastTrack       FastTrack 
Row     Interconnect    Interconnect    Interconnect    Input Pins     Output Pins     Bidir Pins
A:       0/124(  0%)     9/ 62( 14%)     0/ 62(  0%)    0/20(  0%)      3/20( 15%)     0/20(  0%)
B:       0/124(  0%)     5/ 62(  8%)     0/ 62(  0%)    0/20(  0%)      2/20( 10%)     0/20(  0%)
C:       0/124(  0%)    12/ 62( 19%)     0/ 62(  0%)    1/20(  5%)      5/20( 25%)     0/20(  0%)
D:       4/124(  3%)    26/ 62( 41%)     0/ 62(  0%)    0/20(  0%)      8/20( 40%)     0/20(  0%)
E:       0/124(  0%)    11/ 62( 17%)     0/ 62(  0%)    2/20( 10%)      5/20( 25%)     0/20(  0%)
F:       0/124(  0%)     0/ 62(  0%)     0/ 62(  0%)    0/20(  0%)      0/20(  0%)     0/20(  0%)
G:       0/124(  0%)     0/ 62(  0%)     0/ 62(  0%)    0/20(  0%)      0/20(  0%)     0/20(  0%)


Column FastTrack Interconnect:

         FastTrack                                 
Column  Interconnect    Input Pins     Output Pins     Bidir Pins
01:      1/30(  3%)     0/4(  0%)      0/4(  0%)       0/4(  0%)
02:      5/30( 16%)     0/4(  0%)      0/4(  0%)       0/4(  0%)
03:      1/30(  3%)     0/4(  0%)      1/4( 25%)       0/4(  0%)
04:      0/30(  0%)     0/4(  0%)      1/4( 25%)       0/4(  0%)
05:      0/30(  0%)     0/4(  0%)      1/4( 25%)       0/4(  0%)
06:      0/30(  0%)     0/4(  0%)      2/4( 50%)       0/4(  0%)
07:      0/30(  0%)     0/4(  0%)      1/4( 25%)       0/4(  0%)
08:      0/30(  0%)     0/4(  0%)      0/4(  0%)       0/4(  0%)
09:      0/30(  0%)     0/4(  0%)      0/4(  0%)       0/4(  0%)
10:      0/30(  0%)     0/4(  0%)      1/4( 25%)       0/4(  0%)
11:      0/30(  0%)     0/4(  0%)      1/4( 25%)       0/4(  0%)
12:      1/30(  3%)     0/4(  0%)      1/4( 25%)       0/4(  0%)
13:      0/30(  0%)     0/4(  0%)      1/4( 25%)       0/4(  0%)
14:      0/30(  0%)     0/4(  0%)      0/4(  0%)       0/4(  0%)
15:      0/30(  0%)     0/4(  0%)      0/4(  0%)       0/4(  0%)
16:      0/30(  0%)     0/4(  0%)      0/4(  0%)       0/4(  0%)
17:      0/30(  0%)     0/4(  0%)      0/4(  0%)       0/4(  0%)
18:      0/30(  0%)     0/4(  0%)      0/4(  0%)       0/4(  0%)
19:      0/30(  0%)     0/4(  0%)      0/4(  0%)       0/4(  0%)
20:      0/30(  0%)     0/4(  0%)      0/4(  0%)       0/4(  0%)
21:      0/30(  0%)     0/4(  0%)      0/4(  0%)       0/4(  0%)
22:      0/30(  0%)     0/4(  0%)      0/4(  0%)       0/4(  0%)
23:      0/30(  0%)     0/4(  0%)      0/4(  0%)       0/4(  0%)
24:      0/30(  0%)     0/4(  0%)      0/4(  0%)       0/4(  0%)
25:      0/30(  0%)     0/4(  0%)      0/4(  0%)       0/4(  0%)
26:      0/30(  0%)     0/4(  0%)      0/4(  0%)       0/4(  0%)
27:      0/30(  0%)     0/4(  0%)      0/4(  0%)       0/4(  0%)
28:      0/30(  0%)     0/4(  0%)      0/4(  0%)       0/4(  0%)


Device-Specific Information:c:\pt5220\blackburst\pgadesign\bb_pga1\bb1_make_dac_data.rpt
bb1_make_dac_data

** CLOCK SIGNALS **

Type     Fan-out       Name
INPUT       60         CLK


Device-Specific Information:c:\pt5220\blackburst\pgadesign\bb_pga1\bb1_make_dac_data.rpt
bb1_make_dac_data

** EQUATIONS **

CLK      : INPUT;
PGA1_BB1_START_BURST : INPUT;
PGA1_BB1_START_LINE7 : INPUT;
PGA1_BB1_START_PDOWN : INPUT;
PGA1_BB1_START_PUP : INPUT;
PGA1_BB1_START_SYNCDOWN : INPUT;
PGA1_BB1_START_SYNCUP : INPUT;

-- Node name is 'PGA1_BB1_BURST_RAM_ADR0' 
-- Equation name is 'PGA1_BB1_BURST_RAM_ADR0', type is output 
PGA1_BB1_BURST_RAM_ADR0 =  _LC8_A4;

-- Node name is 'PGA1_BB1_BURST_RAM_ADR1' 
-- Equation name is 'PGA1_BB1_BURST_RAM_ADR1', type is output 
PGA1_BB1_BURST_RAM_ADR1 =  _LC2_A4;

-- Node name is 'PGA1_BB1_BURST_RAM_ADR2' 
-- Equation name is 'PGA1_BB1_BURST_RAM_ADR2', type is output 
PGA1_BB1_BURST_RAM_ADR2 =  _LC7_A4;

-- Node name is 'PGA1_BB1_BURST_RAM_ADR3' 
-- Equation name is 'PGA1_BB1_BURST_RAM_ADR3', type is output 
PGA1_BB1_BURST_RAM_ADR3 =  _LC1_A4;

-- Node name is 'PGA1_BB1_BURST_RAM_ADR4' 
-- Equation name is 'PGA1_BB1_BURST_RAM_ADR4', type is output 
PGA1_BB1_BURST_RAM_ADR4 =  _LC6_A4;

-- Node name is 'PGA1_BB1_BURST_RAM_ADR5' 
-- Equation name is 'PGA1_BB1_BURST_RAM_ADR5', type is output 
PGA1_BB1_BURST_RAM_ADR5 =  _LC6_A13;

-- Node name is 'PGA1_BB1_BURST_RAM_ADR6' 
-- Equation name is 'PGA1_BB1_BURST_RAM_ADR6', type is output 
PGA1_BB1_BURST_RAM_ADR6 =  _LC6_A11;

-- Node name is 'PGA1_BB1_BURST_RAM_ADR7' 
-- Equation name is 'PGA1_BB1_BURST_RAM_ADR7', type is output 
PGA1_BB1_BURST_RAM_ADR7 =  _LC1_A11;

-- Node name is 'PGA1_BB1_BURST_RAM_ADR8' 
-- Equation name is 'PGA1_BB1_BURST_RAM_ADR8', type is output 
PGA1_BB1_BURST_RAM_ADR8 =  _LC7_A6;

-- Node name is 'PGA1_BB1_BURST_RAM_ADR9' 
-- Equation name is 'PGA1_BB1_BURST_RAM_ADR9', type is output 
PGA1_BB1_BURST_RAM_ADR9 =  _LC1_A6;

-- Node name is 'PGA1_BB1_BURST_RAM_ADR10' 
-- Equation name is 'PGA1_BB1_BURST_RAM_ADR10', type is output 
PGA1_BB1_BURST_RAM_ADR10 =  _LC6_A6;

-- Node name is 'PGA1_BB1_BURST_RAM_ADR11' 
-- Equation name is 'PGA1_BB1_BURST_RAM_ADR11', type is output 
PGA1_BB1_BURST_RAM_ADR11 =  _LC2_A6;

-- Node name is 'PGA1_BB1_LD_BURST' 
-- Equation name is 'PGA1_BB1_LD_BURST', type is output 
PGA1_BB1_LD_BURST =  _LC6_A14;

-- Node name is 'PGA1_BB1_LD_PED' 
-- Equation name is 'PGA1_BB1_LD_PED', type is output 
PGA1_BB1_LD_PED =  _LC1_C8;

-- Node name is 'PGA1_BB1_LD_SYNC' 
-- Equation name is 'PGA1_BB1_LD_SYNC', type is output 
PGA1_BB1_LD_SYNC =  _LC2_E14;

-- Node name is 'PGA1_BB1_LIN7_REG_0' 
-- Equation name is 'PGA1_BB1_LIN7_REG_0', type is output 
PGA1_BB1_LIN7_REG_0 =  _LC1_D5;

-- Node name is 'PGA1_BB1_LIN7_REG_1' 
-- Equation name is 'PGA1_BB1_LIN7_REG_1', type is output 
PGA1_BB1_LIN7_REG_1 =  _LC9_B2;

-- Node name is 'PGA1_BB1_LIN7_REG_2' 
-- Equation name is 'PGA1_BB1_LIN7_REG_2', type is output 
PGA1_BB1_LIN7_REG_2 =  _LC4_D1;

-- Node name is 'PGA1_BB1_LIN7_REG_3' 
-- Equation name is 'PGA1_BB1_LIN7_REG_3', type is output 
PGA1_BB1_LIN7_REG_3 =  _LC8_B2;

-- Node name is 'PGA1_BB1_LIN7_REG_4' 
-- Equation name is 'PGA1_BB1_LIN7_REG_4', type is output 
PGA1_BB1_LIN7_REG_4 =  _LC6_D3;

-- Node name is 'PGA1_BB1_LIN7_REG_5' 
-- Equation name is 'PGA1_BB1_LIN7_REG_5', type is output 
PGA1_BB1_LIN7_REG_5 =  _LC6_D7;

-- Node name is 'PGA1_BB1_LIN7_REG_6' 
-- Equation name is 'PGA1_BB1_LIN7_REG_6', type is output 
PGA1_BB1_LIN7_REG_6 =  _LC2_D1;

-- Node name is 'PGA1_BB1_LIN7_REG_7' 
-- Equation name is 'PGA1_BB1_LIN7_REG_7', type is output 
PGA1_BB1_LIN7_REG_7 =  _LC6_D5;

-- Node name is 'PGA1_BB1_LIN7_REG_8' 
-- Equation name is 'PGA1_BB1_LIN7_REG_8', type is output 
PGA1_BB1_LIN7_REG_8 =  _LC3_D1;

-- Node name is 'PGA1_BB1_LOAD_LIN7' 
-- Equation name is 'PGA1_BB1_LOAD_LIN7', type is output 
PGA1_BB1_LOAD_LIN7 =  _LC1_D3;

-- Node name is 'PGA1_BB1_PED_REG0' 
-- Equation name is 'PGA1_BB1_PED_REG0', type is output 
PGA1_BB1_PED_REG0 =  _LC1_C10;

-- Node name is 'PGA1_BB1_PED_REG1' 
-- Equation name is 'PGA1_BB1_PED_REG1', type is output 
PGA1_BB1_PED_REG1 =  _LC6_C10;

-- Node name is 'PGA1_BB1_PED_REG2' 
-- Equation name is 'PGA1_BB1_PED_REG2', type is output 
PGA1_BB1_PED_REG2 =  _LC6_C8;

-- Node name is 'PGA1_BB1_PED_REG3' 
-- Equation name is 'PGA1_BB1_PED_REG3', type is output 
PGA1_BB1_PED_REG3 =  _LC2_C8;

-- Node name is 'PGA1_BB1_SYNC_RAM_ADR0' 
-- Equation name is 'PGA1_BB1_SYNC_RAM_ADR0', type is output 
PGA1_BB1_SYNC_RAM_ADR0 =  _LC6_E7;

-- Node name is 'PGA1_BB1_SYNC_RAM_ADR1' 
-- Equation name is 'PGA1_BB1_SYNC_RAM_ADR1', type is output 
PGA1_BB1_SYNC_RAM_ADR1 =  _LC6_E9;

-- Node name is 'PGA1_BB1_SYNC_RAM_ADR2' 
-- Equation name is 'PGA1_BB1_SYNC_RAM_ADR2', type is output 
PGA1_BB1_SYNC_RAM_ADR2 =  _LC1_E9;

-- Node name is 'PGA1_BB1_SYNC_RAM_ADR3' 
-- Equation name is 'PGA1_BB1_SYNC_RAM_ADR3', type is output 
PGA1_BB1_SYNC_RAM_ADR3 =  _LC6_E12;

-- Node name is '|BB1_PLAY_BURST:36|:28' = '|BB1_PLAY_BURST:36|adr_count0' 
-- Equation name is '_LC8_A4', type is buried 
_LC8_A4  = DFF( _EQ001, GLOBAL( CLK),  VCC,  VCC);
  _EQ001 =  _LC7_A9 & !_LC8_A4 & !PGA1_BB1_START_BURST
         #  _LC7_A9 &  _LC8_A4 &  PGA1_BB1_START_BURST;

-- Node name is '|BB1_PLAY_BURST:36|:27' = '|BB1_PLAY_BURST:36|adr_count1' 
-- Equation name is '_LC2_A4', type is buried 
_LC2_A4  = DFF( _EQ002, GLOBAL( CLK),  VCC,  VCC);
  _EQ002 = !_LC2_A4 &  _LC7_A9 &  _LC8_A4 & !PGA1_BB1_START_BURST
         #  _LC2_A4 &  _LC7_A9 & !_LC8_A4
         #  _LC2_A4 &  _LC7_A9 &  PGA1_BB1_START_BURST;

-- Node name is '|BB1_PLAY_BURST:36|:26' = '|BB1_PLAY_BURST:36|adr_count2' 
-- Equation name is '_LC7_A4', type is buried 
_LC7_A4  = DFF( _EQ003, GLOBAL( CLK),  VCC,  VCC);
  _EQ003 = !_LC3_A4 &  _LC7_A4 &  _LC7_A9
         #  _LC3_A4 & !_LC7_A4 &  _LC7_A9 & !PGA1_BB1_START_BURST
         #  _LC7_A4 &  _LC7_A9 &  PGA1_BB1_START_BURST;

-- Node name is '|BB1_PLAY_BURST:36|:25' = '|BB1_PLAY_BURST:36|adr_count3' 
-- Equation name is '_LC1_A4', type is buried 
_LC1_A4  = DFF( _EQ004, GLOBAL( CLK),  VCC,  VCC);
  _EQ004 =  _LC1_A4 &  _LC7_A9 &  PGA1_BB1_START_BURST
         #  _LC1_A4 &  _LC7_A9 & !_LC9_A4
         # !_LC1_A4 &  _LC7_A9 &  _LC9_A4 & !PGA1_BB1_START_BURST;

-- Node name is '|BB1_PLAY_BURST:36|:24' = '|BB1_PLAY_BURST:36|adr_count4' 
-- Equation name is '_LC6_A4', type is buried 
_LC6_A4  = DFF( _EQ005, GLOBAL( CLK),  VCC,  VCC);
  _EQ005 =  _LC6_A4 &  _LC7_A9 &  PGA1_BB1_START_BURST
         # !_LC5_A4 &  _LC6_A4 &  _LC7_A9
         #  _LC5_A4 & !_LC6_A4 &  _LC7_A9 & !PGA1_BB1_START_BURST;

-- Node name is '|BB1_PLAY_BURST:36|:23' = '|BB1_PLAY_BURST:36|adr_count5' 
-- Equation name is '_LC6_A13', type is buried 
_LC6_A13 = DFF( _EQ006, GLOBAL( CLK),  VCC,  VCC);
  _EQ006 =  _LC6_A13 &  _LC7_A9 &  PGA1_BB1_START_BURST
         # !_LC4_A4 &  _LC6_A13 &  _LC7_A9
         #  _LC4_A4 & !_LC6_A13 &  _LC7_A9 & !PGA1_BB1_START_BURST;

-- Node name is '|BB1_PLAY_BURST:36|:22' = '|BB1_PLAY_BURST:36|adr_count6' 
-- Equation name is '_LC6_A11', type is buried 
_LC6_A11 = DFF( _EQ007, GLOBAL( CLK),  VCC,  VCC);
  _EQ007 =  _LC6_A11 &  _LC7_A9 &  PGA1_BB1_START_BURST
         #  _LC6_A11 &  _LC7_A9 & !_LC7_A11
         # !_LC6_A11 &  _LC7_A9 &  _LC7_A11 & !PGA1_BB1_START_BURST;

-- Node name is '|BB1_PLAY_BURST:36|:21' = '|BB1_PLAY_BURST:36|adr_count7' 
-- Equation name is '_LC1_A11', type is buried 
_LC1_A11 = DFF( _EQ008, GLOBAL( CLK),  VCC,  VCC);
  _EQ008 =  _LC1_A11 &  _LC7_A9 &  PGA1_BB1_START_BURST
         #  _LC1_A11 & !_LC2_A11 &  _LC7_A9
         # !_LC1_A11 &  _LC2_A11 &  _LC7_A9 & !PGA1_BB1_START_BURST;

-- Node name is '|BB1_PLAY_BURST:36|:20' = '|BB1_PLAY_BURST:36|adr_count8' 
-- Equation name is '_LC7_A6', type is buried 
_LC7_A6  = DFF( _EQ009, GLOBAL( CLK),  VCC,  VCC);
  _EQ009 =  _LC7_A6 &  _LC7_A9 &  PGA1_BB1_START_BURST
         #  _LC7_A6 &  _LC7_A9 & !_LC9_A6
         # !_LC7_A6 &  _LC7_A9 &  _LC9_A6 & !PGA1_BB1_START_BURST;

-- Node name is '|BB1_PLAY_BURST:36|:19' = '|BB1_PLAY_BURST:36|adr_count9' 
-- Equation name is '_LC1_A6', type is buried 
_LC1_A6  = DFF( _EQ010, GLOBAL( CLK),  VCC,  VCC);
  _EQ010 =  _LC1_A6 &  _LC7_A9 &  PGA1_BB1_START_BURST
         #  _LC1_A6 & !_LC4_A6 &  _LC7_A9
         # !_LC1_A6 &  _LC4_A6 &  _LC7_A9 & !PGA1_BB1_START_BURST;

-- Node name is '|BB1_PLAY_BURST:36|:18' = '|BB1_PLAY_BURST:36|adr_count10' 
-- Equation name is '_LC6_A6', type is buried 
_LC6_A6  = DFF( _EQ011, GLOBAL( CLK),  VCC,  VCC);
  _EQ011 =  _LC6_A6 &  _LC7_A9 &  PGA1_BB1_START_BURST
         #  _LC6_A6 &  _LC7_A9 & !_LC8_A6
         # !_LC6_A6 &  _LC7_A9 &  _LC8_A6 & !PGA1_BB1_START_BURST;

-- Node name is '|BB1_PLAY_BURST:36|:17' = '|BB1_PLAY_BURST:36|adr_count11' 
-- Equation name is '_LC2_A6', type is buried 
_LC2_A6  = DFF( _EQ012, GLOBAL( CLK),  VCC,  VCC);
  _EQ012 =  _LC2_A6 &  _LC7_A9 &  PGA1_BB1_START_BURST
         #  _LC2_A6 & !_LC3_A6 &  _LC7_A9
         # !_LC2_A6 &  _LC3_A6 &  _LC7_A9 & !PGA1_BB1_START_BURST;

-- Node name is '|BB1_PLAY_BURST:36|LPM_ADD_SUB:292|addcore:adder|:91' from file "addcore.tdf" line 312, column 64
-- Equation name is '_LC3_A4', type is buried 
_LC3_A4  = LCELL( _EQ013);
  _EQ013 =  _LC2_A4 &  _LC8_A4;

-- Node name is '|BB1_PLAY_BURST:36|LPM_ADD_SUB:292|addcore:adder|:95' from file "addcore.tdf" line 312, column 64
-- Equation name is '_LC9_A4', type is buried 
_LC9_A4  = LCELL( _EQ014);
  _EQ014 =  _LC3_A4 &  _LC7_A4;

-- Node name is '|BB1_PLAY_BURST:36|LPM_ADD_SUB:292|addcore:adder|:99' from file "addcore.tdf" line 312, column 64
-- Equation name is '_LC5_A4', type is buried 
_LC5_A4  = LCELL( _EQ015);
  _EQ015 =  _LC1_A4 &  _LC3_A4 &  _LC7_A4;

-- Node name is '|BB1_PLAY_BURST:36|LPM_ADD_SUB:292|addcore:adder|:103' from file "addcore.tdf" line 312, column 64
-- Equation name is '_LC4_A4', type is buried 
_LC4_A4  = LCELL( _EQ016);
  _EQ016 =  _LC1_A4 &  _LC3_A4 &  _LC6_A4 &  _LC7_A4;

-- Node name is '|BB1_PLAY_BURST:36|LPM_ADD_SUB:292|addcore:adder|:107' from file "addcore.tdf" line 312, column 64
-- Equation name is '_LC7_A11', type is buried 
_LC7_A11 = LCELL( _EQ017);
  _EQ017 =  _LC4_A4 &  _LC6_A13;

-- Node name is '|BB1_PLAY_BURST:36|LPM_ADD_SUB:292|addcore:adder|:111' from file "addcore.tdf" line 312, column 64
-- Equation name is '_LC2_A11', type is buried 
_LC2_A11 = LCELL( _EQ018);
  _EQ018 =  _LC4_A4 &  _LC6_A11 &  _LC6_A13;

-- Node name is '|BB1_PLAY_BURST:36|LPM_ADD_SUB:292|addcore:adder|:115' from file "addcore.tdf" line 312, column 64
-- Equation name is '_LC9_A6', type is buried 
_LC9_A6  = LCELL( _EQ019);
  _EQ019 =  _LC1_A11 &  _LC4_A4 &  _LC6_A11 &  _LC6_A13;

-- Node name is '|BB1_PLAY_BURST:36|LPM_ADD_SUB:292|addcore:adder|:119' from file "addcore.tdf" line 312, column 64
-- Equation name is '_LC4_A6', type is buried 
_LC4_A6  = LCELL( _EQ020);
  _EQ020 =  _LC7_A6 &  _LC9_A6;

-- Node name is '|BB1_PLAY_BURST:36|LPM_ADD_SUB:292|addcore:adder|:123' from file "addcore.tdf" line 312, column 64
-- Equation name is '_LC8_A6', type is buried 
_LC8_A6  = LCELL( _EQ021);
  _EQ021 =  _LC1_A6 &  _LC7_A6 &  _LC9_A6;

-- Node name is '|BB1_PLAY_BURST:36|LPM_ADD_SUB:292|addcore:adder|:127' from file "addcore.tdf" line 312, column 64
-- Equation name is '_LC3_A6', type is buried 
_LC3_A6  = LCELL( _EQ022);
  _EQ022 =  _LC1_A6 &  _LC6_A6 &  _LC7_A6 &  _LC9_A6;

-- Node name is '|BB1_PLAY_BURST:36|state~1' 
-- Equation name is '_LC7_A9', type is buried 
_LC7_A9  = DFF( _EQ023, GLOBAL( CLK),  VCC,  VCC);
  _EQ023 =  _LC7_A9 & !PGA1_BB1_START_BURST
         # !_LC7_A9 &  PGA1_BB1_START_BURST;

-- Node name is '|BB1_PLAY_BURST:36|:3' 
-- Equation name is '_LC6_A14', type is buried 
_LC6_A14 = DFF( _EQ024, GLOBAL( CLK),  VCC,  VCC);
  _EQ024 =  _LC7_A9 & !PGA1_BB1_START_BURST
         # !_LC7_A9 &  PGA1_BB1_START_BURST;

-- Node name is '|BB1_PLAY_LINE7:4|state~1' 
-- Equation name is '_LC7_D1', type is buried 
_LC7_D1  = DFF( _LC7_D10, GLOBAL( CLK),  VCC,  VCC);

-- Node name is '|BB1_PLAY_LINE7:4|state~2' 
-- Equation name is '_LC7_D10', type is buried 
_LC7_D10 = DFF( _LC6_D13, GLOBAL( CLK),  VCC,  VCC);

-- Node name is '|BB1_PLAY_LINE7:4|state~3' 
-- Equation name is '_LC6_D13', type is buried 
_LC6_D13 = DFF( _LC1_D13, GLOBAL( CLK),  VCC,  VCC);

-- Node name is '|BB1_PLAY_LINE7:4|state~4' 
-- Equation name is '_LC1_D13', type is buried 
_LC1_D13 = DFF( _LC7_D13, GLOBAL( CLK),  VCC,  VCC);

-- Node name is '|BB1_PLAY_LINE7:4|state~5' 
-- Equation name is '_LC7_D13', type is buried 
_LC7_D13 = DFF( _LC6_D16, GLOBAL( CLK),  VCC,  VCC);

-- Node name is '|BB1_PLAY_LINE7:4|state~6' 
-- Equation name is '_LC6_D16', type is buried 
_LC6_D16 = DFF( _LC2_D9, GLOBAL( CLK),  VCC,  VCC);

-- Node name is '|BB1_PLAY_LINE7:4|state~7' 
-- Equation name is '_LC2_D9', type is buried 
_LC2_D9  = DFF( _EQ025, GLOBAL( CLK),  VCC,  VCC);
  _EQ025 =  _LC7_D14 &  PGA1_BB1_START_LINE7;

-- Node name is '|BB1_PLAY_LINE7:4|state~8' 
-- Equation name is '_LC7_D14', type is buried 
_LC7_D14 = DFF( _EQ026, GLOBAL( CLK),  VCC,  VCC);
  _EQ026 =  _LC8_D8
         #  _LC7_D14 & !PGA1_BB1_START_LINE7;

-- Node name is '|BB1_PLAY_LINE7:4|state~9' 
-- Equation name is '_LC8_D8', type is buried 
_LC8_D8  = DFF( _LC1_D6, GLOBAL( CLK),  VCC,  VCC);

-- Node name is '|BB1_PLAY_LINE7:4|state~10' 
-- Equation name is '_LC1_D6', type is buried 
_LC1_D6  = DFF( _LC2_B2, GLOBAL( CLK),  VCC,  VCC);

-- Node name is '|BB1_PLAY_LINE7:4|state~11' 
-- Equation name is '_LC2_B2', type is buried 
_LC2_B2  = DFF( _LC4_B2, GLOBAL( CLK),  VCC,  VCC);

-- Node name is '|BB1_PLAY_LINE7:4|state~12' 
-- Equation name is '_LC4_B2', type is buried 
_LC4_B2  = DFF( _LC7_B2, GLOBAL( CLK),  VCC,  VCC);

-- Node name is '|BB1_PLAY_LINE7:4|state~13' 
-- Equation name is '_LC7_B2', type is buried 
_LC7_B2  = DFF( _LC1_B2, GLOBAL( CLK),  VCC,  VCC);

-- Node name is '|BB1_PLAY_LINE7:4|state~14' 
-- Equation name is '_LC1_B2', type is buried 
_LC1_B2  = DFF( _EQ027, GLOBAL( CLK),  VCC,  VCC);
  _EQ027 = !_LC1_D1 &  PGA1_BB1_START_LINE7;

-- Node name is '|BB1_PLAY_LINE7:4|state~15' 
-- Equation name is '_LC1_D1', type is buried 
_LC1_D1  = DFF( _EQ028, GLOBAL( CLK),  VCC,  VCC);
  _EQ028 = !_LC7_D1 & !_LC8_D1;

-- Node name is '|BB1_PLAY_LINE7:4|:3' 
-- Equation name is '_LC3_D1', type is buried 
_LC3_D1  = DFF( _EQ029, GLOBAL( CLK),  VCC,  VCC);
  _EQ029 =  _LC3_D1 &  _LC8_D1
         #  _LC3_D11 &  _LC5_D1;

-- Node name is '|BB1_PLAY_LINE7:4|:5' 
-- Equation name is '_LC6_D5', type is buried 
_LC6_D5  = DFF( _EQ030, GLOBAL( CLK),  VCC,  VCC);
  _EQ030 = !_LC1_D1 &  _LC6_D5
         # !_LC1_D1 &  PGA1_BB1_START_LINE7
         #  _LC1_D1 &  _LC7_D5;

-- Node name is '|BB1_PLAY_LINE7:4|:7' 
-- Equation name is '_LC2_D1', type is buried 
_LC2_D1  = DFF( _EQ031, GLOBAL( CLK),  VCC,  VCC);
  _EQ031 =  _LC1_D1 &  _LC6_D1
         #  _LC2_D1 &  _LC8_D1;

-- Node name is '|BB1_PLAY_LINE7:4|:9' 
-- Equation name is '_LC6_D7', type is buried 
_LC6_D7  = DFF( _EQ032, GLOBAL( CLK),  VCC,  VCC);
  _EQ032 = !_LC1_D1 &  _LC6_D7
         # !_LC1_D1 &  PGA1_BB1_START_LINE7
         #  _LC4_D7;

-- Node name is '|BB1_PLAY_LINE7:4|:11' 
-- Equation name is '_LC6_D3', type is buried 
_LC6_D3  = DFF( _EQ033, GLOBAL( CLK),  VCC,  VCC);
  _EQ033 =  _LC1_D1 &  _LC5_D3
         # !_LC1_D1 &  _LC6_D3
         # !_LC1_D1 &  PGA1_BB1_START_LINE7;

-- Node name is '|BB1_PLAY_LINE7:4|:13' 
-- Equation name is '_LC8_B2', type is buried 
_LC8_B2  = DFF( _EQ034, GLOBAL( CLK),  VCC,  VCC);
  _EQ034 = !_LC1_D1 &  _LC8_B2
         # !_LC1_D1 &  PGA1_BB1_START_LINE7
         #  _LC1_D1 &  _LC10_B2;

-- Node name is '|BB1_PLAY_LINE7:4|:15' 
-- Equation name is '_LC4_D1', type is buried 
_LC4_D1  = DFF( _EQ035, GLOBAL( CLK),  VCC,  VCC);
  _EQ035 =  _LC3_D11 &  _LC10_D1
         #  _LC4_D1 &  _LC8_D1;

-- Node name is '|BB1_PLAY_LINE7:4|:17' 
-- Equation name is '_LC9_B2', type is buried 
_LC9_B2  = DFF( _EQ036, GLOBAL( CLK),  VCC,  VCC);
  _EQ036 =  _LC1_D1 &  _LC5_B2
         # !_LC1_D1 &  _LC9_B2
         # !_LC1_D1 &  PGA1_BB1_START_LINE7;

-- Node name is '|BB1_PLAY_LINE7:4|:19' 
-- Equation name is '_LC1_D5', type is buried 
_LC1_D5  = DFF( _EQ037, GLOBAL( CLK),  VCC,  VCC);
  _EQ037 = !_LC1_D1 &  _LC1_D5
         # !_LC1_D1 &  PGA1_BB1_START_LINE7
         #  _LC8_D5;

-- Node name is '|BB1_PLAY_LINE7:4|:21' 
-- Equation name is '_LC1_D3', type is buried 
_LC1_D3  = DFF( _EQ038, GLOBAL( CLK),  VCC,  VCC);
  _EQ038 =  _LC1_D1 &  _LC1_D3 &  _LC7_D3
         # !_LC1_D1 &  PGA1_BB1_START_LINE7;

-- Node name is '|BB1_PLAY_LINE7:4|:1160' 
-- Equation name is '_LC5_D1', type is buried 
_LC5_D1  = LCELL( _EQ039);
  _EQ039 =  _LC6_D13
         #  _LC1_D13
         # !_LC3_D12
         # !_LC6_B2;

-- Node name is '|BB1_PLAY_LINE7:4|:1198' 
-- Equation name is '_LC2_D5', type is buried 
_LC2_D5  = LCELL( _EQ040);
  _EQ040 = !_LC1_D13 & !_LC6_D13 & !_LC7_D13
         #  _LC2_D7;

-- Node name is '|BB1_PLAY_LINE7:4|:1210' 
-- Equation name is '_LC7_D5', type is buried 
_LC7_D5  = LCELL( _EQ041);
  _EQ041 = !_LC2_B2 &  _LC2_D5 &  _LC6_B2
         #  _LC1_B2;

-- Node name is '|BB1_PLAY_LINE7:4|~1212~1' 
-- Equation name is '_LC6_B2', type is buried 
-- synthesized logic cell 
!_LC6_B2 = _LC6_B2~NOT;
_LC6_B2~NOT = LCELL( _EQ042);
  _EQ042 =  _LC7_B2
         #  _LC4_B2;

-- Node name is '|BB1_PLAY_LINE7:4|:1230' 
-- Equation name is '_LC3_D5', type is buried 
_LC3_D5  = LCELL( _EQ043);
  _EQ043 = !_LC1_D13 & !_LC6_D13 &  _LC7_D10;

-- Node name is '|BB1_PLAY_LINE7:4|:1236' 
-- Equation name is '_LC5_D5', type is buried 
_LC5_D5  = LCELL( _EQ044);
  _EQ044 =  _LC3_D5 & !_LC6_D16
         # !_LC6_D16 &  _LC7_D13;

-- Node name is '|BB1_PLAY_LINE7:4|:1248' 
-- Equation name is '_LC3_D7', type is buried 
_LC3_D7  = LCELL( _EQ045);
  _EQ045 = !_LC1_D6 &  _LC5_D5
         # !_LC1_D6 & !_LC7_D7;

-- Node name is '|BB1_PLAY_LINE7:4|:1255' 
-- Equation name is '_LC6_D1', type is buried 
_LC6_D1  = LCELL( _EQ046);
  _EQ046 =  _LC3_D7 &  _LC6_B2
         #  _LC2_B2 &  _LC6_B2
         #  _LC1_B2;

-- Node name is '|BB1_PLAY_LINE7:4|~1276~1' 
-- Equation name is '_LC3_D13', type is buried 
-- synthesized logic cell 
_LC3_D13 = LCELL( _EQ047);
  _EQ047 =  _LC1_D13
         #  _LC7_D13;

-- Node name is '|BB1_PLAY_LINE7:4|:1276' 
-- Equation name is '_LC1_D7', type is buried 
_LC1_D7  = LCELL( _EQ048);
  _EQ048 = !_LC6_D13 & !_LC7_D10
         #  _LC6_D16
         #  _LC3_D13;

-- Node name is '|BB1_PLAY_LINE7:4|~1290~1' 
-- Equation name is '_LC7_D7', type is buried 
-- synthesized logic cell 
!_LC7_D7 = _LC7_D7~NOT;
_LC7_D7~NOT = LCELL( _EQ049);
  _EQ049 =  _LC8_D8
         #  _LC7_D14
         #  _LC2_D9;

-- Node name is '|BB1_PLAY_LINE7:4|~1294~1' 
-- Equation name is '_LC3_B2', type is buried 
-- synthesized logic cell 
_LC3_B2  = LCELL( _EQ050);
  _EQ050 =  _LC4_B2
         #  _LC2_B2;

-- Node name is '|BB1_PLAY_LINE7:4|:1294' 
-- Equation name is '_LC8_D7', type is buried 
_LC8_D7  = LCELL( _EQ051);
  _EQ051 =  _LC3_B2
         #  _LC1_D6
         #  _LC1_D7 &  _LC7_D7;

-- Node name is '|BB1_PLAY_LINE7:4|~1305~1' 
-- Equation name is '_LC3_D11', type is buried 
-- synthesized logic cell 
_LC3_D11 = LCELL( _EQ052);
  _EQ052 = !_LC1_B2 &  _LC1_D1;

-- Node name is '|BB1_PLAY_LINE7:4|:1305' 
-- Equation name is '_LC4_D7', type is buried 
_LC4_D7  = LCELL( _EQ053);
  _EQ053 =  _LC3_D11 & !_LC7_B2 &  _LC8_D7;

-- Node name is '|BB1_PLAY_LINE7:4|:1329' 
-- Equation name is '_LC4_D3', type is buried 
_LC4_D3  = LCELL( _EQ054);
  _EQ054 = !_LC2_D9 &  _LC3_D13 & !_LC6_D16
         # !_LC2_D9 & !_LC6_D13 & !_LC6_D16;

-- Node name is '|BB1_PLAY_LINE7:4|:1338' 
-- Equation name is '_LC9_D3', type is buried 
_LC9_D3  = LCELL( _EQ055);
  _EQ055 = !_LC1_D6 &  _LC4_D3 & !_LC8_D8
         # !_LC1_D6 &  _LC7_D14 & !_LC8_D8;

-- Node name is '|BB1_PLAY_LINE7:4|:1345' 
-- Equation name is '_LC5_D3', type is buried 
_LC5_D3  = LCELL( _EQ056);
  _EQ056 = !_LC7_B2 &  _LC9_D3
         #  _LC3_B2 & !_LC7_B2
         #  _LC1_B2;

-- Node name is '|BB1_PLAY_LINE7:4|:1386' 
-- Equation name is '_LC3_D12', type is buried 
!_LC3_D12 = _LC3_D12~NOT;
_LC3_D12~NOT = LCELL( _EQ057);
  _EQ057 =  _LC7_D13
         #  _LC2_B2
         #  _LC2_D7;

-- Node name is '|BB1_PLAY_LINE7:4|:1390' 
-- Equation name is '_LC10_B2', type is buried 
_LC10_B2 = LCELL( _EQ058);
  _EQ058 = !_LC6_B2
         #  _LC1_B2
         #  _LC3_D12;

-- Node name is '|BB1_PLAY_LINE7:4|:1413' 
-- Equation name is '_LC9_D1', type is buried 
_LC9_D1  = LCELL( _EQ059);
  _EQ059 =  _LC6_D13 & !_LC7_D13
         #  _LC1_D13 & !_LC7_D13;

-- Node name is '|BB1_PLAY_LINE7:4|~1423~1' 
-- Equation name is '_LC2_D7', type is buried 
-- synthesized logic cell 
_LC2_D7  = LCELL( _EQ060);
  _EQ060 =  _LC6_D16
         #  _LC1_D6
         # !_LC7_D7;

-- Node name is '|BB1_PLAY_LINE7:4|:1432' 
-- Equation name is '_LC10_D1', type is buried 
_LC10_D1 = LCELL( _EQ061);
  _EQ061 = !_LC2_B2 &  _LC9_D1
         # !_LC2_B2 &  _LC2_D7
         # !_LC6_B2;

-- Node name is '|BB1_PLAY_LINE7:4|:1473' 
-- Equation name is '_LC3_D3', type is buried 
_LC3_D3  = LCELL( _EQ062);
  _EQ062 = !_LC1_D6 &  _LC4_D3 & !_LC7_D14 & !_LC8_D8;

-- Node name is '|BB1_PLAY_LINE7:4|:1480' 
-- Equation name is '_LC5_B2', type is buried 
_LC5_B2  = LCELL( _EQ063);
  _EQ063 =  _LC3_D3 & !_LC7_B2
         #  _LC3_B2 & !_LC7_B2
         #  _LC1_B2;

-- Node name is '|BB1_PLAY_LINE7:4|:1530' 
-- Equation name is '_LC8_D5', type is buried 
_LC8_D5  = LCELL( _EQ064);
  _EQ064 = !_LC3_D5 &  _LC3_D11 &  _LC3_D12
         #  _LC3_D11 & !_LC6_B2;

-- Node name is '|BB1_PLAY_LINE7:4|:1531' 
-- Equation name is '_LC8_D1', type is buried 
!_LC8_D1 = _LC8_D1~NOT;
_LC8_D1~NOT = LCELL( _EQ065);
  _EQ065 =  _LC1_D1
         #  PGA1_BB1_START_LINE7;

-- Node name is '|BB1_PLAY_LINE7:4|~1594~1' 
-- Equation name is '_LC2_D16', type is buried 
-- synthesized logic cell 
_LC2_D16 = LCELL( _EQ066);
  _EQ066 =  _LC6_D16
         #  _LC2_D9;

-- Node name is '|BB1_PLAY_LINE7:4|~1594~2' 
-- Equation name is '_LC8_D3', type is buried 
-- synthesized logic cell 
_LC8_D3  = LCELL( _EQ067);
  _EQ067 =  _LC2_D16
         #  _LC7_B2
         #  _LC7_D14
         #  _LC1_B2;

-- Node name is '|BB1_PLAY_LINE7:4|~1594~3' 
-- Equation name is '_LC2_D3', type is buried 
-- synthesized logic cell 
_LC2_D3  = LCELL( _EQ068);
  _EQ068 =  _LC1_D6
         #  _LC8_D8
         #  _LC7_D10
         #  _LC6_D13;

-- Node name is '|BB1_PLAY_LINE7:4|~1594~4' 
-- Equation name is '_LC7_D3', type is buried 
-- synthesized logic cell 
_LC7_D3  = LCELL( _EQ069);
  _EQ069 =  _LC3_D13
         #  _LC8_D3
         #  _LC3_B2
         #  _LC2_D3;

-- Node name is '|BB1_PLAY_PEDISTAL:35|state~1' 
-- Equation name is '_LC9_C8', type is buried 
_LC9_C8  = DFF( _LC3_C5, GLOBAL( CLK),  VCC,  VCC);

-- Node name is '|BB1_PLAY_PEDISTAL:35|state~2' 
-- Equation name is '_LC3_C5', type is buried 
_LC3_C5  = DFF( _LC2_C12, GLOBAL( CLK),  VCC,  VCC);

-- Node name is '|BB1_PLAY_PEDISTAL:35|state~3' 
-- Equation name is '_LC2_C12', type is buried 
_LC2_C12 = DFF( _LC5_C10, GLOBAL( CLK),  VCC,  VCC);

-- Node name is '|BB1_PLAY_PEDISTAL:35|state~4' 
-- Equation name is '_LC5_C10', type is buried 
_LC5_C10 = DFF( _EQ070, GLOBAL( CLK),  VCC,  VCC);
  _EQ070 =  _LC9_C10 &  PGA1_BB1_START_PDOWN;

-- Node name is '|BB1_PLAY_PEDISTAL:35|state~5' 
-- Equation name is '_LC9_C10', type is buried 
_LC9_C10 = DFF( _EQ071, GLOBAL( CLK),  VCC,  VCC);
  _EQ071 =  _LC9_C10 & !PGA1_BB1_START_PDOWN
         #  _LC10_C10;

-- Node name is '|BB1_PLAY_PEDISTAL:35|state~6' 
-- Equation name is '_LC10_C10', type is buried 
_LC10_C10 = DFF( _LC5_C14, GLOBAL( CLK),  VCC,  VCC);

-- Node name is '|BB1_PLAY_PEDISTAL:35|state~7' 
-- Equation name is '_LC5_C14', type is buried 
_LC5_C14 = DFF( _EQ072, GLOBAL( CLK),  VCC,  VCC);
  _EQ072 = !_LC7_C8 &  PGA1_BB1_START_PUP;

-- Node name is '|BB1_PLAY_PEDISTAL:35|state~8' 
-- Equation name is '_LC7_C8', type is buried 
_LC7_C8  = DFF( _EQ073, GLOBAL( CLK),  VCC,  VCC);
  _EQ073 =  _LC7_C8 & !_LC9_C8
         # !_LC9_C8 &  PGA1_BB1_START_PUP;

-- Node name is '|BB1_PLAY_PEDISTAL:35|:4' 
-- Equation name is '_LC2_C8', type is buried 
_LC2_C8  = DFF( _EQ074, GLOBAL( CLK),  VCC,  VCC);
  _EQ074 =  _LC3_C8
         #  _LC2_C8 & !_LC7_C8 & !PGA1_BB1_START_PUP;

-- Node name is '|BB1_PLAY_PEDISTAL:35|:6' 
-- Equation name is '_LC6_C8', type is buried 
_LC6_C8  = DFF( _EQ075, GLOBAL( CLK),  VCC,  VCC);
  _EQ075 =  _LC7_C8 &  _LC8_C8
         #  _LC6_C8 & !_LC7_C8 & !PGA1_BB1_START_PUP;

-- Node name is '|BB1_PLAY_PEDISTAL:35|:8' 
-- Equation name is '_LC6_C10', type is buried 
_LC6_C10 = DFF( _EQ076, GLOBAL( CLK),  VCC,  VCC);
  _EQ076 =  _LC6_C10 & !_LC7_C8
         # !_LC7_C8 &  PGA1_BB1_START_PUP
         #  _LC7_C8 &  _LC7_C10;

-- Node name is '|BB1_PLAY_PEDISTAL:35|:10' 
-- Equation name is '_LC1_C10', type is buried 
_LC1_C10 = DFF( _EQ077, GLOBAL( CLK),  VCC,  VCC);
  _EQ077 =  _LC7_C8 &  _LC8_C10
         #  _LC1_C10 & !_LC7_C8 & !PGA1_BB1_START_PUP;

-- Node name is '|BB1_PLAY_PEDISTAL:35|:12' 
-- Equation name is '_LC1_C8', type is buried 
_LC1_C8  = DFF( _EQ078, GLOBAL( CLK),  VCC,  VCC);
  _EQ078 =  _LC1_C8 &  _LC4_C8 &  _LC7_C8
         # !_LC7_C8 &  PGA1_BB1_START_PUP;

-- Node name is '|BB1_PLAY_PEDISTAL:35|:352' 
-- Equation name is '_LC3_C10', type is buried 
_LC3_C10 = LCELL( _EQ079);
  _EQ079 =  _LC5_C10
         #  _LC10_C10
         #  _LC9_C10;

-- Node name is '|BB1_PLAY_PEDISTAL:35|:362' 
-- Equation name is '_LC3_C8', type is buried 
_LC3_C8  = LCELL( _EQ080);
  _EQ080 =  _LC3_C10 & !_LC5_C14 &  _LC7_C8;

-- Node name is '|BB1_PLAY_PEDISTAL:35|:381' 
-- Equation name is '_LC8_C8', type is buried 
_LC8_C8  = LCELL( _EQ081);
  _EQ081 =  _LC3_C10
         #  _LC5_C14
         #  _LC2_C12;

-- Node name is '|BB1_PLAY_PEDISTAL:35|:401' 
-- Equation name is '_LC2_C10', type is buried 
_LC2_C10 = LCELL( _EQ082);
  _EQ082 =  _LC3_C5 & !_LC5_C10
         #  _LC2_C12 & !_LC5_C10;

-- Node name is '|BB1_PLAY_PEDISTAL:35|:405' 
-- Equation name is '_LC7_C10', type is buried 
_LC7_C10 = LCELL( _EQ083);
  _EQ083 =  _LC2_C10 & !_LC10_C10
         #  _LC9_C10 & !_LC10_C10
         #  _LC5_C14;

-- Node name is '|BB1_PLAY_PEDISTAL:35|:423' 
-- Equation name is '_LC4_C10', type is buried 
_LC4_C10 = LCELL( _EQ084);
  _EQ084 =  _LC2_C12 & !_LC5_C10
         #  _LC9_C10;

-- Node name is '|BB1_PLAY_PEDISTAL:35|:429' 
-- Equation name is '_LC8_C10', type is buried 
_LC8_C10 = LCELL( _EQ085);
  _EQ085 =  _LC4_C10 & !_LC10_C10
         #  _LC5_C14;

-- Node name is '|BB1_PLAY_PEDISTAL:35|~470~1' 
-- Equation name is '_LC4_C8', type is buried 
-- synthesized logic cell 
_LC4_C8  = LCELL( _EQ086);
  _EQ086 =  _LC3_C5
         #  _LC2_C12
         #  _LC3_C10
         #  _LC5_C14;

-- Node name is '|BB1_PLAY_SYNC:32|:13' = '|BB1_PLAY_SYNC:32|adr_count0' 
-- Equation name is '_LC6_E7', type is buried 
_LC6_E7  = DFF( _EQ087, GLOBAL( CLK),  VCC,  VCC);
  _EQ087 =  _LC3_E3 &  _LC6_E7
         #  _LC3_E3 &  PGA1_BB1_START_SYNCDOWN
         # !_LC6_E7 &  _LC7_E9;

-- Node name is '|BB1_PLAY_SYNC:32|:12' = '|BB1_PLAY_SYNC:32|adr_count1' 
-- Equation name is '_LC6_E9', type is buried 
_LC6_E9  = DFF( _EQ088, GLOBAL( CLK),  VCC,  VCC);
  _EQ088 =  _LC2_E9 &  _LC7_E9
         #  _LC6_E9 &  _LC8_E9;

-- Node name is '|BB1_PLAY_SYNC:32|:11' = '|BB1_PLAY_SYNC:32|adr_count2' 
-- Equation name is '_LC1_E9', type is buried 
_LC1_E9  = DFF( _EQ089, GLOBAL( CLK),  VCC,  VCC);
  _EQ089 =  _LC4_E9 &  _LC7_E9
         #  _LC1_E9 &  _LC8_E9;

-- Node name is '|BB1_PLAY_SYNC:32|:10' = '|BB1_PLAY_SYNC:32|adr_count3' 
-- Equation name is '_LC6_E12', type is buried 
_LC6_E12 = DFF( _EQ090, GLOBAL( CLK),  VCC,  VCC);
  _EQ090 =  _LC1_E12
         #  _LC3_E3 &  _LC6_E12
         #  _LC3_E3 &  PGA1_BB1_START_SYNCDOWN;

-- Node name is '|BB1_PLAY_SYNC:32|LPM_ADD_SUB:194|addcore:adder|:77' from file "addcore.tdf" line 316, column 45
-- Equation name is '_LC2_E12', type is buried 
_LC2_E12 = LCELL( _EQ091);
  _EQ091 = !_LC1_E9 &  _LC6_E12
         # !_LC6_E7 &  _LC6_E12
         # !_LC6_E9 &  _LC6_E12
         #  _LC1_E9 &  _LC6_E7 &  _LC6_E9 & !_LC6_E12;

-- Node name is '|BB1_PLAY_SYNC:32|LPM_ADD_SUB:255|addcore:adder|:77' from file "addcore.tdf" line 316, column 45
-- Equation name is '_LC7_E12', type is buried 
_LC7_E12 = LCELL( _EQ092);
  _EQ092 = !_LC1_E9 & !_LC6_E7 & !_LC6_E9 &  _LC6_E12
         #  _LC1_E9 & !_LC6_E12
         #  _LC6_E7 & !_LC6_E12
         #  _LC6_E9 & !_LC6_E12;

-- Node name is '|BB1_PLAY_SYNC:32|state~1' 
-- Equation name is '_LC9_E9', type is buried 
_LC9_E9  = DFF( _EQ093, GLOBAL( CLK),  VCC,  VCC);
  _EQ093 =  _LC9_E9 & !PGA1_BB1_START_SYNCDOWN
         #  _LC3_E3 &  PGA1_BB1_START_SYNCDOWN;

-- Node name is '|BB1_PLAY_SYNC:32|state~2' 
-- Equation name is '_LC7_E5', type is buried 
_LC7_E5  = DFF( _EQ094, GLOBAL( CLK),  VCC,  VCC);
  _EQ094 = !_LC7_E9 &  PGA1_BB1_START_SYNCUP
         #  _LC7_E5 & !PGA1_BB1_START_SYNCUP;

-- Node name is '|BB1_PLAY_SYNC:32|state~3' 
-- Equation name is '_LC7_E9', type is buried 
_LC7_E9  = DFF( _EQ095, GLOBAL( CLK),  VCC,  VCC);
  _EQ095 = !_LC3_E9 & !_LC8_E9 & !PGA1_BB1_START_SYNCDOWN
         # !_LC3_E9 & !_LC8_E9 & !_LC9_E9;

-- Node name is '|BB1_PLAY_SYNC:32|:4' 
-- Equation name is '_LC2_E14', type is buried 
_LC2_E14 = DFF( _EQ096, GLOBAL( CLK),  VCC,  VCC);
  _EQ096 = !_LC7_E5 &  _LC7_E9 & !PGA1_BB1_START_SYNCDOWN
         #  _LC7_E5 &  _LC7_E9 & !PGA1_BB1_START_SYNCUP
         # !_LC7_E9 &  PGA1_BB1_START_SYNCUP
         # !_LC7_E9 &  PGA1_BB1_START_SYNCDOWN;

-- Node name is '|BB1_PLAY_SYNC:32|:280' 
-- Equation name is '_LC8_E9', type is buried 
!_LC8_E9 = _LC8_E9~NOT;
_LC8_E9~NOT = LCELL( _EQ097);
  _EQ097 =  _LC7_E9
         #  PGA1_BB1_START_SYNCUP
         #  PGA1_BB1_START_SYNCDOWN;

-- Node name is '|BB1_PLAY_SYNC:32|~284~1' 
-- Equation name is '_LC3_E3', type is buried 
-- synthesized logic cell 
_LC3_E3  = LCELL( _EQ098);
  _EQ098 = !_LC7_E9 & !PGA1_BB1_START_SYNCUP;

-- Node name is '|BB1_PLAY_SYNC:32|:286' 
-- Equation name is '_LC3_E9', type is buried 
!_LC3_E9 = _LC3_E9~NOT;
_LC3_E9~NOT = LCELL( _EQ099);
  _EQ099 = !PGA1_BB1_START_SYNCUP
         # !_LC7_E5;

-- Node name is '|BB1_PLAY_SYNC:32|:302' 
-- Equation name is '_LC1_E12', type is buried 
_LC1_E12 = LCELL( _EQ100);
  _EQ100 = !_LC7_E5 &  _LC7_E9 & !_LC7_E12
         #  _LC2_E12 &  _LC7_E5 &  _LC7_E9;

-- Node name is '|BB1_PLAY_SYNC:32|~306~1' 
-- Equation name is '_LC4_E9', type is buried 
-- synthesized logic cell 
_LC4_E9  = LCELL( _EQ101);
  _EQ101 =  _LC1_E9 &  _LC6_E7 & !_LC7_E5
         #  _LC1_E9 &  _LC6_E9 & !_LC7_E5
         # !_LC1_E9 & !_LC6_E7 & !_LC6_E9 & !_LC7_E5
         #  _LC1_E9 & !_LC6_E7 &  _LC7_E5
         #  _LC1_E9 & !_LC6_E9 &  _LC7_E5
         # !_LC1_E9 &  _LC6_E7 &  _LC6_E9 &  _LC7_E5;

-- Node name is '|BB1_PLAY_SYNC:32|~315~1' 
-- Equation name is '_LC2_E9', type is buried 
-- synthesized logic cell 
_LC2_E9  = LCELL( _EQ102);
  _EQ102 =  _LC6_E7 & !_LC6_E9 &  _LC7_E5
         # !_LC6_E7 &  _LC6_E9 &  _LC7_E5
         #  _LC6_E7 &  _LC6_E9 & !_LC7_E5
         # !_LC6_E7 & !_LC6_E9 & !_LC7_E5;



Project Informationc:\pt5220\blackburst\pgadesign\bb_pga1\bb1_make_dac_data.rpt

** COMPILATION SETTINGS & TIMES **

Processing Menu Commands
------------------------

Design Doctor                             = off

Logic Synthesis:

   Synthesis Type Used                    = Multi-Level

   Default Synthesis Style                = NORMAL

      Logic option settings in 'NORMAL' style for 'FLEX6000' family

      CARRY_CHAIN                         = ignore
      CARRY_CHAIN_LENGTH                  = 32
      CASCADE_CHAIN                       = ignore
      CASCADE_CHAIN_LENGTH                = 2
      DECOMPOSE_GATES                     = on
      DUPLICATE_LOGIC_EXTRACTION          = on
      MINIMIZATION                        = full
      MULTI_LEVEL_FACTORING               = on
      NOT_GATE_PUSH_BACK                  = on
      REDUCE_LOGIC                        = on
      REFACTORIZATION                     = on
      REGISTER_OPTIMIZATION               = on
      RESYNTHESIZE_NETWORK                = on
      SLOW_SLEW_RATE                      = off
      SUBFACTOR_EXTRACTION                = on
      IGNORE_SOFT_BUFFERS                 = on
      USE_LPM_FOR_AHDL_OPERATORS          = off

   Other logic synthesis settings:

      Automatic Global Clock              = on
      Automatic Global Clear              = on
      Automatic Global Preset             = on
      Automatic Global Output Enable      = on
      Automatic Fast I/O                  = off
      Automatic Register Packing          = off
      Automatic Open-Drain Pins           = on
      Automatic Implement in EAB          = off
      Optimize                            = 5

Default Timing Specifications: None

Cut All Bidir Feedback Timing Paths       = on
Cut All Clear & Preset Timing Paths       = on

Ignore Timing Assignments                 = off

Functional SNF Extractor                  = off

Linked SNF Extractor                      = off
Timing SNF Extractor                      = on
Optimize Timing SNF                       = off
Generate AHDL TDO File                    = off
Fitter Settings                           = NORMAL
Smart Recompile                           = off
Total Recompile                           = off

Interfaces Menu Commands
------------------------

EDIF Netlist Writer                       = off
Verilog Netlist Writer                    = off
VHDL Netlist Writer                       = off

Compilation Times
-----------------

   Compiler Netlist Extractor             00:00:02
   Database Builder                       00:00:02
   Logic Synthesizer                      00:00:03
   Partitioner                            00:00:03
   Fitter                                 00:00:45
   Timing SNF Extractor                   00:00:03
   Assembler                              00:00:06
   --------------------------             --------
   Total Time                             00:01:04


Memory Allocated
-----------------

Peak memory allocated during compilation  = 16,779K
