Project Informationc:\pt5220\blackburst\pgadesign\bb_pga1\main\bb1_make_st_pon_poff.rpt

MAX+plus II Compiler Report File
Version 9.01 07/30/98
Compiled: 07/01/99 15:33:28

Copyright (C) 1988-1998 Altera Corporation
Any megafunction design, and related net list (encrypted or decrypted),
support information, device programming or simulation file, and any other
associated documentation or information provided by Altera or a partner
under Altera's Megafunction Partnership Program may be used only to
program PLD devices (but not masked PLD devices) from Altera.  Any other
use of such megafunction design, net list, support information, device
programming or simulation file, or any other related documentation or
information is prohibited for any other purpose, including, but not
limited to modification, reverse engineering, de-compiling, or use with
any other silicon devices, unless such use is explicitly licensed under
a separate agreement with Altera or a megafunction partner.  Title to
the intellectual property, including patents, copyrights, trademarks,
trade secrets, or maskworks, embodied in any such megafunction design,
net list, support information, device programming or simulation file, or
any other related documentation or information provided by Altera or a
megafunction partner, remains with Altera, the megafunction partner, or
their respective licensors.  No other licenses, including any licenses
needed under any third party's intellectual property, are provided herein.



***** Project compilation was successful


BB1_MAKE_ST_PON_POFF


** DEVICE SUMMARY **

Chip/                     Input   Output   Bidir 			    LCs
POF       Device          Pins    Pins     Pins      LCs    % Utilized

bb1_make_st_pon_poff
      EPF6024AQC208-3      18       2        0   13          0  %

User Pins:                 18       2        0  



Project Informationc:\pt5220\blackburst\pgadesign\bb_pga1\main\bb1_make_st_pon_poff.rpt

** PROJECT TIMING MESSAGES **

Warning: Timing characteristics of device EPF6024AQC208-3 are preliminary


Device-Specific Information:c:\pt5220\blackburst\pgadesign\bb_pga1\main\bb1_make_st_pon_poff.rpt
bb1_make_st_pon_poff

***** Logic for device 'bb1_make_st_pon_poff' compiled without errors.




Device: EPF6024AQC208-3

FLEX 6000 Configuration Scheme: Passive Serial

Device Options:
    User-Supplied Start-Up Clock               = OFF
    Auto-Restart Configuration on Frame Error  = OFF
    Release Clears Before Tri-States           = OFF
    Enable Chip_Wide Reset                     = OFF
    Enable Chip-Wide Output Enable             = OFF
    Enable INIT_DONE Output                    = OFF
    Enable JTAG Support                        = OFF
    MultiVolt I/O                              = OFF

                                                                                                                            p      
                                                                                                                            g      
                                                                                                                            a      
                                                                                                                            1      
                                                                                                                            _      
                                                                                                                            b      
                                                                                                                            b      
                                                                                                                            1      
                                                                                                                            _      
                                                                                                                            s      
                                                                                                                            t      
                                                                                                                            a      
                          R R R R R R R R     R R R R R R R R R R R R R R         R R R R R R R R R R R R R R     R R R R R r R R  
                          E E E E E E E E     E E E E E E E E E E E E E E         E E E E E E E E E E E E E E     E E E E E t E E  
                          S S S S S S S S     S S S S S S S S S S S S S S       ^ S S S S S S S S S S S S S S     S S S S S _ S S  
                          E E E E E E E E V   E E E E E E E E E E E E E E ^ V   D E E E E E E E E E E E E E E V   E E E E E p E E  
                          R R R R R R R R C   R R R R R R R R R R R R R R D C   A R R R R R R R R R R R R R R C   R R R R R d R R  
                          V V V V V V V V C G V V V V V V V V V V V V V V C C G T V V V V V V V V V V V V V V C G V V V V V o V V  
                          E E E E E E E E I N E E E E E E E E E E E E E E L I N A E E E E E E E E E E E E E E I N E E E E E w E E  
                          D D D D D D D D O D D D D D D D D D D D D D D D K O D 0 D D D D D D D D D D D D D D O D D D D D D n D D  
                        ----------------------------------------------------------------------------------------------------------_ 
                       / 208 206 204 202 200 198 196 194 192 190 188 186 184 182 180 178 176 174 172 170 168 166 164 162 160 158   |_ 
                      /    207 205 203 201 199 197 195 193 191 189 187 185 183 181 179 177 175 173 171 169 167 165 163 161 159 157    | 
            RESERVED |  1                                                                                                         156 | RESERVED 
            RESERVED |  2                                                                                                         155 | RESERVED 
            RESERVED |  3                                                                                                         154 | RESERVED 
         pga1_bb1_p2 |  4                                                                                                         153 | pga1_bb1_H10_05 
         pga1_bb1_p3 |  5                                                                                                         152 | pga1_bb1_H10_04 
                ^nCE |  6                                                                                                         151 | pga1_bb1_H10_01 
                 GND |  7                                                                                                         150 | ^CONF_DONE 
              VCCINT |  8                                                                                                         149 | VCCIO 
               VCCIO |  9                                                                                                         148 | VCCINT 
         pga1_bb1_p4 | 10                                                                                                         147 | GND 
     pga1_bb1_H10_09 | 11                                                                                                         146 | pga1_bb1_H10_010 
     pga1_bb1_H10_06 | 12                                                                                                         145 | pga1_bb1_p1 
     pga1_bb1_H10_03 | 13                                                                                                         144 | pga1_bb1_poff 
            RESERVED | 14                                                                                                         143 | pga1_bb1_H10_00 
            RESERVED | 15                                                                                                         142 | RESERVED 
            RESERVED | 16                                                                                                         141 | RESERVED 
            RESERVED | 17                                                                                                         140 | RESERVED 
            RESERVED | 18                                                                                                         139 | RESERVED 
            RESERVED | 19                                                                                                         138 | RESERVED 
            RESERVED | 20                                                                                                         137 | RESERVED 
            RESERVED | 21                                                                                                         136 | RESERVED 
            RESERVED | 22                                                                                                         135 | pga1_bb1_start_pup 
            RESERVED | 23                                                                                                         134 | RESERVED 
                 clk | 24                                                                                                         133 | RESERVED 
                 GND | 25                                                                                                         132 | pga1_bb1_H10_02 
              VCCINT | 26                                                                                                         131 | VCCIO 
               VCCIO | 27                                             EPF6024AQC208-3                                             130 | VCCINT 
     pga1_bb1_H10_07 | 28                                                                                                         129 | GND 
            RESERVED | 29                                                                                                         128 | pga1_bb1_H10_08 
            RESERVED | 30                                                                                                         127 | RESERVED 
            RESERVED | 31                                                                                                         126 | RESERVED 
            RESERVED | 32                                                                                                         125 | RESERVED 
            RESERVED | 33                                                                                                         124 | RESERVED 
            RESERVED | 34                                                                                                         123 | RESERVED 
            RESERVED | 35                                                                                                         122 | RESERVED 
            RESERVED | 36                                                                                                         121 | RESERVED 
            RESERVED | 37                                                                                                         120 | RESERVED 
            RESERVED | 38                                                                                                         119 | RESERVED 
            RESERVED | 39                                                                                                         118 | RESERVED 
            RESERVED | 40                                                                                                         117 | RESERVED 
            RESERVED | 41                                                                                                         116 | RESERVED 
            RESERVED | 42                                                                                                         115 | RESERVED 
                 GND | 43                                                                                                         114 | RESERVED 
              VCCINT | 44                                                                                                         113 | RESERVED 
               VCCIO | 45                                                                                                         112 | VCCIO 
               ^MSEL | 46                                                                                                         111 | VCCINT 
            RESERVED | 47                                                                                                         110 | GND 
            RESERVED | 48                                                                                                         109 | RESERVED 
            RESERVED | 49                                                                                                         108 | RESERVED 
            RESERVED | 50                                                                                                         107 | RESERVED 
            RESERVED | 51                                                                                                         106 | RESERVED 
            RESERVED | 52                                                                                                         105 | RESERVED 
                     |      54  56  58  60  62  64  66  68  70  72  74  76  78  80  82  84  86  88  90  92  94  96  98 100 102 104  _| 
                      \   53  55  57  59  61  63  65  67  69  71  73  75  77  79  81  83  85  87  89  91  93  95  97  99 101 103   | 
                       \----------------------------------------------------------------------------------------------------------- 
                          R R R R R R p R R G V R R R R R R R R R R R R R ^ G V ^ R R R R R R R R R R R R R R G V R R R R R R R R  
                          E E E E E E g E E N C E E E E E E E E E E E E E n N C n E E E E E E E E E E E E E E N C E E E E E E E E  
                          S S S S S S a S S D C S S S S S S S S S S S S S C D C S S S S S S S S S S S S S S S D C S S S S S S S S  
                          E E E E E E 1 E E   I E E E E E E E E E E E E E O   I T E E E E E E E E E E E E E E   I E E E E E E E E  
                          R R R R R R _ R R   O R R R R R R R R R R R R R N   O A R R R R R R R R R R R R R R   O R R R R R R R R  
                          V V V V V V b V V     V V V V V V V V V V V V V F     T V V V V V V V V V V V V V V     V V V V V V V V  
                          E E E E E E b E E     E E E E E E E E E E E E E I     U E E E E E E E E E E E E E E     E E E E E E E E  
                          D D D D D D 1 D D     D D D D D D D D D D D D D G     S D D D D D D D D D D D D D D     D D D D D D D D  
                                      _                                                                                            
                                      G                                                                                            
                                      _                                                                                            
                                      M                                                                                            
                                                                                                                                   
                                                                                                                                   
                                                                                                                                   
                                                                                                                                   
                                                                                                                                   
                                                                                                                                   
                                                                                                                                   
                                                                                                                                   


N.C. = Not Connected.
VCCINT = Dedicated power pin, which MUST be connected to VCC (3.3 volts).
VCCIO = Dedicated power pin, which MUST be connected to VCC (3.3 volts).
GND = Dedicated ground pin or unused dedicated input, which MUST be connected to GND.
RESERVED = Unused I/O pin, which MUST be left unconnected.

^ = Dedicated configuration pin.
+ = Reserved configuration pin, which is tri-stated during user mode.
* = Reserved configuration pin, which drives out in user mode.
PDn = Power Down pin. 
@ = Special-purpose pin. 
# = JTAG Boundary-Scan Testing/In-System Programming or Configuration Pin. The JTAG inputs (TMS, TCK, TDI) should be tied to VCC when not in use.
& = JTAG pin used for I/O. When used as user I/O, JTAG pins must be kept stable before and during configuration.  JTAG pin stability prevents accidental loading of JTAG instructions.


Device-Specific Information:c:\pt5220\blackburst\pgadesign\bb_pga1\main\bb1_make_st_pon_poff.rpt
bb1_make_st_pon_poff

** RESOURCE USAGE **

Logic                Column       Row                                   
Array                Interconnect Interconnect                  Sync.   Sync.   Left External  Right External  Borrowed LC1
Block   Logic Cells  Driven       Driven       Clocks  Clears   Clear   Load    Interconnect   Interconnect    Inputs
B15     10/10(100%)   2/10( 20%)   0/10(  0%)    1/2    0/2      0/1     0/1     14/22( 63%)    9/22( 40%)      0/4
B17      3/10( 30%)   0/10(  0%)   0/10(  0%)    0/2    0/2      0/1     0/1      2/22(  9%)    4/22( 18%)      0/4


Total dedicated input pins used:                 4/4      (100%)
Total I/O pins used:                            16/167    (  9%)
Total logic cells used:                         13/1960   (  0%)
Average fan-in:                                 3.53/4    ( 88%)
Total fan-in:                                  46/7840    (  0%)

Total input pins required:                      18
Total output pins required:                      2
Total bidirectional pins required:               0
Total reserved pins required                     0
Total logic cells required:                     13
Total flipflops required:                        2
Total packed registers required:                 0
Total logic cells in carry chains:               0
Total number of carry chains:                    0
Total logic cells in cascade chains:             0
Total number of cascade chains:                  0

Synthesized logic cells:                        11/1960   (  0%)

Logic Cell Counts

Column:  01  02  03  04  05  06  07  08  09  10  11  12  13  14  15  16  17  18  19  20  21  22  23  24  25  26  27  28  Total
 A:      0   0   0   0   0   0   0   0   0   0   0   0   0   0   0   0   0   0   0   0   0   0   0   0   0   0   0   0      0
 B:      0   0   0   0   0   0   0   0   0   0   0   0   0   0  10   0   3   0   0   0   0   0   0   0   0   0   0   0     13
 C:      0   0   0   0   0   0   0   0   0   0   0   0   0   0   0   0   0   0   0   0   0   0   0   0   0   0   0   0      0
 D:      0   0   0   0   0   0   0   0   0   0   0   0   0   0   0   0   0   0   0   0   0   0   0   0   0   0   0   0      0
 E:      0   0   0   0   0   0   0   0   0   0   0   0   0   0   0   0   0   0   0   0   0   0   0   0   0   0   0   0      0
 F:      0   0   0   0   0   0   0   0   0   0   0   0   0   0   0   0   0   0   0   0   0   0   0   0   0   0   0   0      0
 G:      0   0   0   0   0   0   0   0   0   0   0   0   0   0   0   0   0   0   0   0   0   0   0   0   0   0   0   0      0

Total:   0   0   0   0   0   0   0   0   0   0   0   0   0   0  10   0   3   0   0   0   0   0   0   0   0   0   0   0     13



Device-Specific Information:c:\pt5220\blackburst\pgadesign\bb_pga1\main\bb1_make_st_pon_poff.rpt
bb1_make_st_pon_poff

** INPUTS **

                                               Fan-In    Fan-Out
 Pin     LC   Row  Col  Primitive    Code      INP  FBK  OUT  FBK  Name
  24      -    -    --      INPUT  G            0    0    0    0  clk
  59      -    -    03      INPUT               0    0    0    1  pga1_bb1_G_M
 143      -    B    --      INPUT               0    0    0    1  pga1_bb1_H10_00
 151      -    B    --      INPUT               0    0    0    2  pga1_bb1_H10_01
 132      -    -    --      INPUT               0    0    0    4  pga1_bb1_H10_02
  13      -    B    --      INPUT               0    0    0    2  pga1_bb1_H10_03
 152      -    B    --      INPUT               0    0    0    2  pga1_bb1_H10_04
 153      -    B    --      INPUT               0    0    0    2  pga1_bb1_H10_05
  12      -    B    --      INPUT               0    0    0    2  pga1_bb1_H10_06
  28      -    -    --      INPUT               0    0    0    4  pga1_bb1_H10_07
 128      -    -    --      INPUT               0    0    0    2  pga1_bb1_H10_08
  11      -    B    --      INPUT               0    0    0    2  pga1_bb1_H10_09
 146      -    B    --      INPUT               0    0    0    2  pga1_bb1_H10_010
 144      -    B    --      INPUT               0    0    0    1  pga1_bb1_poff
 145      -    B    --      INPUT               0    0    0    1  pga1_bb1_p1
   4      -    B    --      INPUT               0    0    0    1  pga1_bb1_p2
   5      -    B    --      INPUT               0    0    0    1  pga1_bb1_p3
  10      -    B    --      INPUT               0    0    0    1  pga1_bb1_p4


Code:

s = Synthesized pin or logic cell
+ = Synchronous flipflop
/ = Slow slew-rate output
! = NOT gate push-back
r = Fitter-inserted logic cell
^ = Increased input delay
$ = Driven by fast output logic cell
G = Global Source. Fan-out destinations counted here do not include destinations
that are driven using global routing resources. Refer to the Auto Global Signals,
Clock Signals, Clear Signals, Synchronous Load Signals, and Synchronous Clear Signals
Sections of this Report File for information on which signals' fan-outs are used as
Clock, Clear, Preset, Output Enable, and synchronous Load signals.


Device-Specific Information:c:\pt5220\blackburst\pgadesign\bb_pga1\main\bb1_make_st_pon_poff.rpt
bb1_make_st_pon_poff

** OUTPUTS **

       Fed By                                  Fan-In    Fan-Out
 Pin     LC   Row  Col  Primitive    Code      INP  FBK  OUT  FBK  Name
 159      -    A    --     OUTPUT               0    1    0    0  pga1_bb1_start_pdown
 135      -    D    --     OUTPUT               0    1    0    0  pga1_bb1_start_pup


Code:

s = Synthesized pin or logic cell
+ = Synchronous flipflop
/ = Slow slew-rate output
! = NOT gate push-back
r = Fitter-inserted logic cell
^ = Increased input delay
$ = Driven by fast output logic cell


Device-Specific Information:c:\pt5220\blackburst\pgadesign\bb_pga1\main\bb1_make_st_pon_poff.rpt
bb1_make_st_pon_poff

** BURIED LOGIC **

                                               Fan-In    Fan-Out
 IOC     LC   Row  Col  Primitive    Code      INP  FBK  OUT  FBK  Name
   -      9    B    15        DFF   +          3    1    1    0  :19
   -      7    B    15        DFF   +          2    2    1    0  :21
   -      6    B    17       AND2    s         3    0    0    2  ~148~1
   -      1    B    17       AND2    s         3    1    0    1  ~148~2
   -     10    B    15       AND2    s         3    0    0    2  ~180~1
   -      6    B    15       AND2    s         3    1    0    1  ~180~2
   -      1    B    15       AND2    s         3    0    0    2  ~181~1
   -      2    B    15       AND2    s         2    0    0    2  ~181~2
   -      3    B    15        OR2    s         0    4    0    1  ~181~3
   -      2    B    17       AND2    s         2    1    0    1  ~229~1
   -      4    B    15       AND2    s         3    1    0    1  ~229~2
   -      5    B    15       AND2    s         2    2    0    1  ~261~1
   -      8    B    15        OR2    s         2    2    0    1  ~262~1


Code:

s = Synthesized pin or logic cell
+ = Synchronous flipflop
/ = Slow slew-rate output
! = NOT gate push-back
r = Fitter-inserted logic cell
^ = Increased input delay
$ = Driven by fast output logic cell
p = Packed register


Device-Specific Information:c:\pt5220\blackburst\pgadesign\bb_pga1\main\bb1_make_st_pon_poff.rpt
bb1_make_st_pon_poff

** FASTTRACK INTERCONNECT UTILIZATION **

Row FastTrack Interconnect:

          Global         Left Half-      Right Half-
         FastTrack       FastTrack       FastTrack 
Row     Interconnect    Interconnect    Interconnect    Input Pins     Output Pins     Bidir Pins
A:       0/124(  0%)     0/ 62(  0%)     1/ 62(  1%)    0/20(  0%)      1/20(  5%)     0/20(  0%)
B:       4/124(  3%)     7/ 62( 11%)     7/ 62( 11%)   13/20( 65%)      0/20(  0%)     0/20(  0%)
C:       0/124(  0%)     0/ 62(  0%)     0/ 62(  0%)    0/20(  0%)      0/20(  0%)     0/20(  0%)
D:       0/124(  0%)     0/ 62(  0%)     1/ 62(  1%)    0/20(  0%)      1/20(  5%)     0/20(  0%)
E:       0/124(  0%)     0/ 62(  0%)     0/ 62(  0%)    0/20(  0%)      0/20(  0%)     0/20(  0%)
F:       0/124(  0%)     0/ 62(  0%)     0/ 62(  0%)    0/20(  0%)      0/20(  0%)     0/20(  0%)
G:       0/124(  0%)     0/ 62(  0%)     0/ 62(  0%)    0/20(  0%)      0/20(  0%)     0/20(  0%)


Column FastTrack Interconnect:

         FastTrack                                 
Column  Interconnect    Input Pins     Output Pins     Bidir Pins
01:      0/30(  0%)     0/4(  0%)      0/4(  0%)       0/4(  0%)
02:      0/30(  0%)     0/4(  0%)      0/4(  0%)       0/4(  0%)
03:      1/30(  3%)     1/4( 25%)      0/4(  0%)       0/4(  0%)
04:      0/30(  0%)     0/4(  0%)      0/4(  0%)       0/4(  0%)
05:      0/30(  0%)     0/4(  0%)      0/4(  0%)       0/4(  0%)
06:      0/30(  0%)     0/4(  0%)      0/4(  0%)       0/4(  0%)
07:      0/30(  0%)     0/4(  0%)      0/4(  0%)       0/4(  0%)
08:      0/30(  0%)     0/4(  0%)      0/4(  0%)       0/4(  0%)
09:      0/30(  0%)     0/4(  0%)      0/4(  0%)       0/4(  0%)
10:      0/30(  0%)     0/4(  0%)      0/4(  0%)       0/4(  0%)
11:      0/30(  0%)     0/4(  0%)      0/4(  0%)       0/4(  0%)
12:      0/30(  0%)     0/4(  0%)      0/4(  0%)       0/4(  0%)
13:      0/30(  0%)     0/4(  0%)      0/4(  0%)       0/4(  0%)
14:      0/30(  0%)     0/4(  0%)      0/4(  0%)       0/4(  0%)
15:      2/30(  6%)     0/4(  0%)      0/4(  0%)       0/4(  0%)
16:      0/30(  0%)     0/4(  0%)      0/4(  0%)       0/4(  0%)
17:      0/30(  0%)     0/4(  0%)      0/4(  0%)       0/4(  0%)
18:      0/30(  0%)     0/4(  0%)      0/4(  0%)       0/4(  0%)
19:      0/30(  0%)     0/4(  0%)      0/4(  0%)       0/4(  0%)
20:      0/30(  0%)     0/4(  0%)      0/4(  0%)       0/4(  0%)
21:      0/30(  0%)     0/4(  0%)      0/4(  0%)       0/4(  0%)
22:      0/30(  0%)     0/4(  0%)      0/4(  0%)       0/4(  0%)
23:      0/30(  0%)     0/4(  0%)      0/4(  0%)       0/4(  0%)
24:      0/30(  0%)     0/4(  0%)      0/4(  0%)       0/4(  0%)
25:      0/30(  0%)     0/4(  0%)      0/4(  0%)       0/4(  0%)
26:      0/30(  0%)     0/4(  0%)      0/4(  0%)       0/4(  0%)
27:      0/30(  0%)     0/4(  0%)      0/4(  0%)       0/4(  0%)
28:      0/30(  0%)     0/4(  0%)      0/4(  0%)       0/4(  0%)


Device-Specific Information:c:\pt5220\blackburst\pgadesign\bb_pga1\main\bb1_make_st_pon_poff.rpt
bb1_make_st_pon_poff

** CLOCK SIGNALS **

Type     Fan-out       Name
INPUT        2         clk


Device-Specific Information:c:\pt5220\blackburst\pgadesign\bb_pga1\main\bb1_make_st_pon_poff.rpt
bb1_make_st_pon_poff

** EQUATIONS **

clk      : INPUT;
pga1_bb1_G_M : INPUT;
pga1_bb1_H10_00 : INPUT;
pga1_bb1_H10_01 : INPUT;
pga1_bb1_H10_02 : INPUT;
pga1_bb1_H10_03 : INPUT;
pga1_bb1_H10_04 : INPUT;
pga1_bb1_H10_05 : INPUT;
pga1_bb1_H10_06 : INPUT;
pga1_bb1_H10_07 : INPUT;
pga1_bb1_H10_08 : INPUT;
pga1_bb1_H10_09 : INPUT;
pga1_bb1_H10_010 : INPUT;
pga1_bb1_poff : INPUT;
pga1_bb1_p1 : INPUT;
pga1_bb1_p2 : INPUT;
pga1_bb1_p3 : INPUT;
pga1_bb1_p4 : INPUT;

-- Node name is 'pga1_bb1_start_pdown' 
-- Equation name is 'pga1_bb1_start_pdown', type is output 
pga1_bb1_start_pdown =  _LC7_B15;

-- Node name is 'pga1_bb1_start_pup' 
-- Equation name is 'pga1_bb1_start_pup', type is output 
pga1_bb1_start_pup =  _LC9_B15;

-- Node name is ':19' 
-- Equation name is '_LC9_B15', type is buried 
_LC9_B15 = DFF( _EQ001, GLOBAL( clk),  VCC,  VCC);
  _EQ001 =  _LC3_B15 &  pga1_bb1_H10_04 &  pga1_bb1_H10_06 & !pga1_bb1_H10_09;

-- Node name is ':21' 
-- Equation name is '_LC7_B15', type is buried 
_LC7_B15 = DFF( _EQ002, GLOBAL( clk),  VCC,  VCC);
  _EQ002 =  _LC1_B15 &  _LC8_B15 & !pga1_bb1_H10_06 &  pga1_bb1_H10_09;

-- Node name is '~148~1' 
-- Equation name is '~148~1', location is LC6_B17, type is buried.
-- synthesized logic cell 
_LC6_B17 = LCELL( _EQ003);
  _EQ003 =  pga1_bb1_H10_01 &  pga1_bb1_H10_05 & !pga1_bb1_H10_010;

-- Node name is '~148~2' 
-- Equation name is '~148~2', location is LC1_B17, type is buried.
-- synthesized logic cell 
_LC1_B17 = LCELL( _EQ004);
  _EQ004 =  _LC6_B17 &  pga1_bb1_H10_02 &  pga1_bb1_H10_07 &  pga1_bb1_p1;

-- Node name is '~180~1' 
-- Equation name is '~180~1', location is LC10_B15, type is buried.
-- synthesized logic cell 
_LC10_B15 = LCELL( _EQ005);
  _EQ005 = !pga1_bb1_H10_01 & !pga1_bb1_H10_05 &  pga1_bb1_H10_010;

-- Node name is '~180~2' 
-- Equation name is '~180~2', location is LC6_B15, type is buried.
-- synthesized logic cell 
_LC6_B15 = LCELL( _EQ006);
  _EQ006 =  _LC10_B15 & !pga1_bb1_H10_02 & !pga1_bb1_H10_07 &  pga1_bb1_p3;

-- Node name is '~181~1' 
-- Equation name is '~181~1', location is LC1_B15, type is buried.
-- synthesized logic cell 
_LC1_B15 = LCELL( _EQ007);
  _EQ007 = !pga1_bb1_G_M & !pga1_bb1_H10_00 & !pga1_bb1_poff;

-- Node name is '~181~2' 
-- Equation name is '~181~2', location is LC2_B15, type is buried.
-- synthesized logic cell 
_LC2_B15 = LCELL( _EQ008);
  _EQ008 =  pga1_bb1_H10_03 & !pga1_bb1_H10_08;

-- Node name is '~181~3' 
-- Equation name is '~181~3', location is LC3_B15, type is buried.
-- synthesized logic cell 
_LC3_B15 = LCELL( _EQ009);
  _EQ009 =  _LC1_B15 &  _LC2_B15 &  _LC6_B15
         #  _LC1_B15 &  _LC1_B17 &  _LC2_B15;

-- Node name is '~229~1' 
-- Equation name is '~229~1', location is LC2_B17, type is buried.
-- synthesized logic cell 
_LC2_B17 = LCELL( _EQ010);
  _EQ010 =  _LC6_B17 & !pga1_bb1_H10_02 & !pga1_bb1_H10_07;

-- Node name is '~229~2' 
-- Equation name is '~229~2', location is LC4_B15, type is buried.
-- synthesized logic cell 
_LC4_B15 = LCELL( _EQ011);
  _EQ011 =  _LC2_B17 & !pga1_bb1_H10_03 &  pga1_bb1_H10_08 &  pga1_bb1_p2;

-- Node name is '~261~1' 
-- Equation name is '~261~1', location is LC5_B15, type is buried.
-- synthesized logic cell 
_LC5_B15 = LCELL( _EQ012);
  _EQ012 =  _LC2_B15 &  _LC10_B15 &  pga1_bb1_H10_02 &  pga1_bb1_H10_07;

-- Node name is '~262~1' 
-- Equation name is '~262~1', location is LC8_B15, type is buried.
-- synthesized logic cell 
_LC8_B15 = LCELL( _EQ013);
  _EQ013 =  _LC5_B15 & !pga1_bb1_H10_04 &  pga1_bb1_p4
         #  _LC4_B15 &  pga1_bb1_H10_04;



Project Informationc:\pt5220\blackburst\pgadesign\bb_pga1\main\bb1_make_st_pon_poff.rpt

** COMPILATION SETTINGS & TIMES **

Processing Menu Commands
------------------------

Design Doctor                             = off

Logic Synthesis:

   Synthesis Type Used                    = Multi-Level

   Default Synthesis Style                = NORMAL

      Logic option settings in 'NORMAL' style for 'FLEX6000' family

      CARRY_CHAIN                         = ignore
      CARRY_CHAIN_LENGTH                  = 32
      CASCADE_CHAIN                       = ignore
      CASCADE_CHAIN_LENGTH                = 2
      DECOMPOSE_GATES                     = on
      DUPLICATE_LOGIC_EXTRACTION          = on
      MINIMIZATION                        = full
      MULTI_LEVEL_FACTORING               = on
      NOT_GATE_PUSH_BACK                  = on
      REDUCE_LOGIC                        = on
      REFACTORIZATION                     = on
      REGISTER_OPTIMIZATION               = on
      RESYNTHESIZE_NETWORK                = on
      SLOW_SLEW_RATE                      = off
      SUBFACTOR_EXTRACTION                = on
      IGNORE_SOFT_BUFFERS                 = on
      USE_LPM_FOR_AHDL_OPERATORS          = off

   Other logic synthesis settings:

      Automatic Global Clock              = on
      Automatic Global Clear              = on
      Automatic Global Preset             = on
      Automatic Global Output Enable      = on
      Automatic Fast I/O                  = off
      Automatic Register Packing          = off
      Automatic Open-Drain Pins           = on
      Automatic Implement in EAB          = off
      Optimize                            = 5

Default Timing Specifications: None

Cut All Bidir Feedback Timing Paths       = on
Cut All Clear & Preset Timing Paths       = on

Ignore Timing Assignments                 = off

Functional SNF Extractor                  = off

Linked SNF Extractor                      = off
Timing SNF Extractor                      = on
Optimize Timing SNF                       = off
Generate AHDL TDO File                    = off
Fitter Settings                           = NORMAL
Smart Recompile                           = off
Total Recompile                           = off

Interfaces Menu Commands
------------------------

EDIF Netlist Writer                       = off
Verilog Netlist Writer                    = off
VHDL Netlist Writer                       = off

Compilation Times
-----------------

   Compiler Netlist Extractor             00:00:00
   Database Builder                       00:00:00
   Logic Synthesizer                      00:00:06
   Partitioner                            00:00:04
   Fitter                                 00:00:42
   Timing SNF Extractor                   00:00:07
   Assembler                              00:00:07
   --------------------------             --------
   Total Time                             00:01:06


Memory Allocated
-----------------

Peak memory allocated during compilation  = 26,641K
