iMPACT Version: G.38
iMPACT log file Started on 2005/08/24 09:44:15
// *** BATCH CMD : setPreference -pref UserLevel:NOVICE
// *** BATCH CMD : setPreference -pref MessageLevel:DETAILED
// *** BATCH CMD : setPreference -pref ConcurrentMode:FALSE
// *** BATCH CMD : setPreference -pref UseHighz:FALSE
// *** BATCH CMD : setPreference -pref ConfigOnFailure:STOP
// *** BATCH CMD : setPreference -pref StartupCLock:AUTO_CORRECTION
// *** BATCH CMD : setPreference -pref AutoSignature:FALSE
// *** BATCH CMD : setPreference -pref KeepSVF:FALSE
// *** BATCH CMD : setPreference -pref svfUseTime:FALSE
// *** BATCH CMD : setPreference -pref UserLevel:NOVICE
// *** BATCH CMD : setPreference -pref MessageLevel:DETAILED
// *** BATCH CMD : setPreference -pref ConcurrentMode:FALSE
// *** BATCH CMD : setPreference -pref UseHighz:FALSE
// *** BATCH CMD : setPreference -pref ConfigOnFailure:STOP
// *** BATCH CMD : setPreference -pref StartupCLock:AUTO_CORRECTION
// *** BATCH CMD : setPreference -pref AutoSignature:FALSE
// *** BATCH CMD : setPreference -pref KeepSVF:FALSE
// *** BATCH CMD : setPreference -pref svfUseTime:FALSE
// *** BATCH CMD : setMode -pff
// *** BATCH CMD : setMode -pff
// *** BATCH CMD : setMode -pff
// *** BATCH CMD : addConfigDevice -size 256 -name "xcf02s" -path "f:\pt8611\xilinx\fpga_version\v6_00/"
// *** BATCH CMD : setSubmode -pffserial
// *** BATCH CMD : addPromDevice -position 1 -size -1 -name "xcf02s"
'1': Added Device xcf02s successfully.
----------------------------------------------------------------------
// *** BATCH CMD : setMode -pff
// *** BATCH CMD : setSubmode -pffserial
// *** BATCH CMD : setAttribute -configdevice -attr size -value "0"
// *** BATCH CMD : addCollection -name "PT8611_v6_00"
// *** BATCH CMD : setAttribute -collection -attr dir -value "UP"
// *** BATCH CMD : addDesign -version 0 -name "0000"
// *** BATCH CMD : addDeviceChain -index 0
// *** BATCH CMD : addDevice -position 1 -file "F:\PT8611\Xilinx\fpga_version\v6_00\tri_level_module.bit"
'1': Loading file 'F:\PT8611\Xilinx\fpga_version\v6_00\tri_level_module.bit' ...
INFO:iMPACT - Elapsed time =      1 sec.
done.
INFO:iMPACT:501 - '1': Added Device xc3s200 successfully.
----------------------------------------------------------------------
----------------------------------------------------------------------
GUI --- Add one device.
// *** BATCH CMD : setMode -pff
Collection : PT8611_v6_00
Design : 0
Device Chain : 0
----------------------------------------------------------------------
Position	PartName       	FileName            
1       	xc3s200        	F:\PT8611\Xilinx\fpga_version\v6_00\tri_level_module.bit
----------------------------------------------------------------------
// *** BATCH CMD : setAttribute -configdevice -attr fillValue -value "FF"
// *** BATCH CMD : setAttribute -configdevice -attr fileFormat -value "mcs"
// *** BATCH CMD : setAttribute -collection -attr dir -value "UP"
// *** BATCH CMD : setAttribute -configdevice -attr path -value "f:\pt8611\xilinx\fpga_version\v6_00/"
// *** BATCH CMD : setAttribute -collection -attr name -value "PT8611_v6_00"
// *** BATCH CMD : generate
0x1ff88 (130952) bytes loaded up from 0x0
Using user-specified prom size of 256K
Writing file "f:\pt8611\xilinx\fpga_version\v6_00//PT8611_v6_00.mcs".
Writing file "f:\pt8611\xilinx\fpga_version\v6_00//PT8611_v6_00.prm".
Writing file "f:\pt8611\xilinx\fpga_version\v6_00//PT8611_v6_00.sig".
GUI --- Total configuration bit size = 1047616 bits.
GUI --- Total configuration byte size = 130952 bytes.
GUI --- Switch to Configuration Mode
// *** BATCH CMD : setMode -bs
GUI --- Auto connect to cable...
// *** BATCH CMD : setCable -port auto
AutoDetecting cable. Please wait.
CB_PROGRESS_START - Starting Operation.
Connecting to cable (USB Port).
Cable connection failed.
Connecting to cable (Parallel Port - LPT1).
Checking cable driver.
 Driver windrvr6.sys version = 6.2.2.2. LPT base address = 0378h.
 ECP base address = 0778h.
Cable connection failed.
Connecting to cable (Parallel Port - LPT2).
Checking cable driver.
 Driver windrvr6.sys version = 6.2.2.2.Cable connection failed.
Connecting to cable (Parallel Port - LPT3).
Checking cable driver.
 Driver windrvr6.sys version = 6.2.2.2.Cable connection failed.
Connecting to cable (Parallel Port - LPT4).
Checking cable driver.
 Driver windrvr6.sys version = 6.2.2.2.Cable connection failed.
Connecting to cable (Usb Port - USB21).
Checking cable driver.
 Driver xusbdfwu.sys version: 1012 (1012).
 Driver windrvr6.sys version = 6.2.2.2. Max current requested during enumeration is 280 mA.
 Cable Type = 3, Revision = 0.
Cable connection established.
CB_PROGRESS_END - End Operation.
Elapsed time =      2 sec.
Firmware version = 1.
CPLD file version = 0004h.
CPLD version = 0004h.
// *** BATCH CMD : Identify
PROGRESS_START - Starting Operation.
Identifying chain contents ....'1': : Manufacturer's ID =Xilinx xc3s200, Version : 0
INFO:iMPACT:1777 - 
Reading C:/Xilinx/spartan3/data/xc3s200.bsd...
Reading C:/Xilinx/spartan3/data/xc3s200.bsd...
INFO:iMPACT:501 - '1': Added Device xc3s200 successfully.
----------------------------------------------------------------------
----------------------------------------------------------------------
'2': : Manufacturer's ID =Xilinx xcf01s, Version : 0
INFO:iMPACT:1777 - 
Reading C:/Xilinx/xcf/data/xcf01s.bsd...
Reading C:/Xilinx/xcf/data/xcf01s.bsd...
INFO:iMPACT:501 - '1': Added Device xcf01s successfully.
----------------------------------------------------------------------
----------------------------------------------------------------------
done.
PROGRESS_END - End Operation.
Elapsed time =      0 sec.
xc18v01_pc20
xc18v01_so20
xc18v01_vq44
xc18v02_pc44
xc18v02_vq44
xc18v04_pc44
xc18v04_vq44
xcf01s_vo20
xcf02s_vo20
xcf04s_vo20
xcf08p_fs48
xcf08p_vo48
xcf16p_fs48
xcf16p_vo48
xcf32p_fs48
xcf32p_vo48
// *** BATCH CMD : setAttribute -position 1 -attr devicePartName -value "xcf01s"
// *** BATCH CMD : setAttribute -position 1 -attr configFileName -value "F:\PT8611\Xilinx\fpga_version\v6_00\PT8611_v6_00.mcs"
'1': Loading file 'F:\PT8611\Xilinx\fpga_version\v6_00\PT8611_v6_00.mcs' ...
done.
// *** BATCH CMD : Program -p 1 -e -v 
PROGRESS_START - Starting Operation.
Validating chain...
Boundary-scan chain validated successfully.
'1': Putting device in ISP mode...done.
'1': Erasing device...done.
'1': Erasure completed successfully.
'1': Putting device in ISP mode...done.
'1': Programming device...done.
'1': Putting device in ISP mode...done.
'1': Putting device in ISP mode...done.
'1': Verifying device...done.
'1': Verification completed successfully.
'1': Calculated checksum matches expected checksum, 00039090b
'1': Putting device in ISP mode...done.
'1': Setting user-programmable bits...
done.
'1': Putting device in ISP mode...done.
'1': Programming completed successfully.
PROGRESS_END - End Operation.
Elapsed time =     25 sec.
*****   Closing iMPACT program.   *****
----------------------------------------------------------------------
----------------------------------------------------------------------
