(---------------------------------------------------------------------)
(                                                                     )
(    NC DRILL Log                                                     )
(                                                                     )
(    Drawing          : #Taaaabf10136.tmp                             )
(    Software Version : 16.6P004                                      )
(    Date/Time        : Thu Feb 14 14:45:09 2013                      )
(                                                                     )
(---------------------------------------------------------------------)



 Processing NC Parameters file 'nc_param.txt' ...

 NC PARAMETERS
 -------------

 FORMAT   		2.5
 MACHINE-OFFSET		x:0.000000	y:0.000000
 FEEDRATE		1
 COORDINATES		ABSOLUTE
 OUTPUT-UNITS		ENGLISH
 TOOL-ORDER		INCREASING
 REPEAT-CODES		YES
 SUPPRESS-LEAD-ZEROES	NO
 SUPPRESS-TRAIL-ZEROES	NO
 SUPPRESS-EQUAL		NO
 TOOL-SELECT		NO
 HEADER			none
 LEADER			12
 CODE			ASCII
 SEPARATE		NO
 SEPARATE-ROUTING	NO
 OPTIMIZE_DRILLING	NO
 ENHANCED_EXCELLON	NO
 SCALE			1.000000

 WARNING(SPMHMF-363): Units system is being switched when generating drill output file data.


 Drill files being output to directory 'F:/PT8618/dia/allegro' ...



     'PT8618_1-1-2.drl' created for holes connecting TOP and BOTTOM
     --------------------------------------------------------------

           Num     Size      +/- Tolerance     Plating   Quantity

            1.  27.5591    0.0000/  0.0000      PLATED         54
            2.  35.4331    0.0000/  0.0000      PLATED        118
            3.  50.0000    3.1496/  3.1496      PLATED          6
            4. 122.0472    0.0000/  0.0000      PLATED          2
            5. 149.6063    0.0000/  0.0000      PLATED          3
            6.  76.7717    3.1496/  3.1496  NON_PLATED          3

     ---- Total holes:                                        186

     ---- Total head travel:              8.63 feet (2.63 meters)

