--------------------------------------------------------------------------------
Release 8.1.03i Trace I.27
Copyright (c) 1995-2005 Xilinx, Inc.  All rights reserved.

C:\Xilinx81\bin\nt\trce.exe -ise DDR2interface9.ise -intstyle ise -e 3 -l 3 -s
6 -xml HD_Gen_Module HD_Gen_Module.ncd -o HD_Gen_Module.twr HD_Gen_Module.pcf


Design file:              hd_gen_module.ncd
Physical constraint file: hd_gen_module.pcf
Device,speed:             xc2vp20,-6 (PRODUCTION 1.92 2005-11-04)
Report level:             error report

Environment Variable      Effect 
--------------------      ------ 
NONE                      No environment variables were set
--------------------------------------------------------------------------------

INFO:Timing:2802 - Read 161 constraints.  If you are experiencing memory or
   runtime issues it may help to consolidate some of these constraints.  For
   more details please see solution 10784 at support.xilinx.com
INFO:Timing:2752 - To get complete path coverage, use the unconstrained paths
   option. All paths that are not constrained will be reported in the
   unconstrained paths section(s) of the report.

================================================================================
Timing constraint: NET "mem_interface_top_inst/infrastructure_top0/clk_dcm0/clk0dcm" MAXDELAY =
        0.45 ns;

 1 item analyzed, 0 timing errors detected.
 Maximum net delay is   0.239ns.
--------------------------------------------------------------------------------

================================================================================
Timing constraint: NET "mem_interface_top_inst/infrastructure_top0/clk_dcm0/clk0d2inv" MAXDELAY =
        0.755 ns;

 1 item analyzed, 0 timing errors detected.
 Maximum net delay is   0.631ns.
--------------------------------------------------------------------------------

================================================================================
Timing constraint: NET "mem_interface_top_inst/infrastructure_top0/clk_dcm0/clk90dcm" MAXDELAY =
        0.45 ns;

 1 item analyzed, 0 timing errors detected.
 Maximum net delay is   0.261ns.
--------------------------------------------------------------------------------

================================================================================
Timing constraint: NET "mem_interface_top_inst/infrastructure_top0/clk_dcm0/clk90d2inv" MAXDELAY
        = 0.755 ns;

 1 item analyzed, 0 timing errors detected.
 Maximum net delay is   0.635ns.
--------------------------------------------------------------------------------

================================================================================
Timing constraint: NET "mem_interface_top_inst/infrastructure_top0/cal_top0/suClkDiv2" MAXDELAY =
        0.6 ns;

 1 item analyzed, 0 timing errors detected.
 Maximum net delay is   0.407ns.
--------------------------------------------------------------------------------

================================================================================
Timing constraint: NET "mem_interface_top_inst/infrastructure_top0/cal_top0/suPhClkDiv2" MAXDELAY
        = 0.7 ns;

 1 item analyzed, 0 timing errors detected.
 Maximum net delay is   0.571ns.
--------------------------------------------------------------------------------

================================================================================
Timing constraint: NET "mem_interface_top_inst/infrastructure_top0/cal_top0/clkDiv2" MAXDELAY =
        0.6 ns;

 1 item analyzed, 0 timing errors detected.
 Maximum net delay is   0.407ns.
--------------------------------------------------------------------------------

================================================================================
Timing constraint: NET "mem_interface_top_inst/infrastructure_top0/cal_top0/phClkDiv2" MAXDELAY =
        0.6 ns;

 1 item analyzed, 0 timing errors detected.
 Maximum net delay is   0.436ns.
--------------------------------------------------------------------------------

================================================================================
Timing constraint: NET "ddr_rst_dqs_div_o/mem_interface_top_inst/ddr2_top0/rst_dqs_div_int"
        MAXDELAY = 0.7 ns;

 0 items analyzed, 0 timing errors detected.
--------------------------------------------------------------------------------

================================================================================
Timing constraint: NET "mem_interface_top_inst/ddr2_top0/data_path0/fifo_11_rd_addr<0>" MAXDELAY
        = 4 ns;

 1 item analyzed, 0 timing errors detected.
 Maximum net delay is   2.318ns.
--------------------------------------------------------------------------------

================================================================================
Timing constraint: NET "mem_interface_top_inst/ddr2_top0/data_path0/fifo_11_rd_addr<1>" MAXDELAY
        = 4 ns;

 1 item analyzed, 0 timing errors detected.
 Maximum net delay is   2.128ns.
--------------------------------------------------------------------------------

================================================================================
Timing constraint: NET "mem_interface_top_inst/ddr2_top0/data_path0/fifo_11_rd_addr<2>" MAXDELAY
        = 4 ns;

 1 item analyzed, 0 timing errors detected.
 Maximum net delay is   1.725ns.
--------------------------------------------------------------------------------

================================================================================
Timing constraint: NET "mem_interface_top_inst/ddr2_top0/data_path0/fifo_11_rd_addr<3>" MAXDELAY
        = 4 ns;

 1 item analyzed, 0 timing errors detected.
 Maximum net delay is   2.015ns.
--------------------------------------------------------------------------------

================================================================================
Timing constraint: NET "mem_interface_top_inst/ddr2_top0/data_path0/fifo_12_rd_addr<0>" MAXDELAY
        = 4 ns;

 1 item analyzed, 0 timing errors detected.
 Maximum net delay is   1.021ns.
--------------------------------------------------------------------------------

================================================================================
Timing constraint: NET "mem_interface_top_inst/ddr2_top0/data_path0/fifo_12_rd_addr<1>" MAXDELAY
        = 4 ns;

 1 item analyzed, 0 timing errors detected.
 Maximum net delay is   1.108ns.
--------------------------------------------------------------------------------

================================================================================
Timing constraint: NET "mem_interface_top_inst/ddr2_top0/data_path0/fifo_12_rd_addr<2>" MAXDELAY
        = 4 ns;

 1 item analyzed, 0 timing errors detected.
 Maximum net delay is   0.986ns.
--------------------------------------------------------------------------------

================================================================================
Timing constraint: NET "mem_interface_top_inst/ddr2_top0/data_path0/fifo_12_rd_addr<3>" MAXDELAY
        = 4 ns;

 1 item analyzed, 0 timing errors detected.
 Maximum net delay is   0.821ns.
--------------------------------------------------------------------------------

================================================================================
Timing constraint: NET "mem_interface_top_inst/ddr2_top0/data_path0/fifo_13_rd_addr<0>" MAXDELAY
        = 4 ns;

 1 item analyzed, 0 timing errors detected.
 Maximum net delay is   1.043ns.
--------------------------------------------------------------------------------

================================================================================
Timing constraint: NET "mem_interface_top_inst/ddr2_top0/data_path0/fifo_13_rd_addr<1>" MAXDELAY
        = 4 ns;

 1 item analyzed, 0 timing errors detected.
 Maximum net delay is   1.154ns.
--------------------------------------------------------------------------------

================================================================================
Timing constraint: NET "mem_interface_top_inst/ddr2_top0/data_path0/fifo_13_rd_addr<2>" MAXDELAY
        = 4 ns;

 1 item analyzed, 0 timing errors detected.
 Maximum net delay is   0.812ns.
--------------------------------------------------------------------------------

================================================================================
Timing constraint: NET "mem_interface_top_inst/ddr2_top0/data_path0/fifo_13_rd_addr<3>" MAXDELAY
        = 4 ns;

 1 item analyzed, 0 timing errors detected.
 Maximum net delay is   0.805ns.
--------------------------------------------------------------------------------

================================================================================
Timing constraint: NET "mem_interface_top_inst/ddr2_top0/data_path0/fifo_00_wr_addr<0>" MAXDELAY
        = 4 ns;

 1 item analyzed, 0 timing errors detected.
 Maximum net delay is   1.446ns.
--------------------------------------------------------------------------------

================================================================================
Timing constraint: NET "mem_interface_top_inst/ddr2_top0/data_path0/transfer_done_0<0>" MAXDELAY
        = 2 ns;

 1 item analyzed, 0 timing errors detected.
 Maximum net delay is   1.661ns.
--------------------------------------------------------------------------------

================================================================================
Timing constraint: NET
        "mem_interface_top_inst/ddr2_top0/data_path0/data_read_controller0/fifo_00_wr_addr__n0000<1>"
        
MAXDELAY = 4 ns;

 1 item analyzed, 0 timing errors detected.
 Maximum net delay is   0.000ns.
--------------------------------------------------------------------------------

================================================================================
Timing constraint: NET
        "mem_interface_top_inst/ddr2_top0/data_path0/data_read_controller0/fifo_00_wr_addr__n0000<2>"
        
MAXDELAY = 4 ns;

 1 item analyzed, 0 timing errors detected.
 Maximum net delay is   0.000ns.
--------------------------------------------------------------------------------

================================================================================
Timing constraint: NET
        "mem_interface_top_inst/ddr2_top0/data_path0/data_read_controller0/fifo_00_wr_addr__n0000<3>"
        
MAXDELAY = 4 ns;

 1 item analyzed, 0 timing errors detected.
 Maximum net delay is   0.000ns.
--------------------------------------------------------------------------------

================================================================================
Timing constraint: NET "mem_interface_top_inst/ddr2_top0/data_path0/fifo_01_wr_addr<0>" MAXDELAY
        = 4 ns;

 1 item analyzed, 0 timing errors detected.
 Maximum net delay is   2.019ns.
--------------------------------------------------------------------------------

================================================================================
Timing constraint: NET "mem_interface_top_inst/ddr2_top0/data_path0/transfer_done_0<1>" MAXDELAY
        = 2 ns;

 1 item analyzed, 0 timing errors detected.
 Maximum net delay is   1.556ns.
--------------------------------------------------------------------------------

================================================================================
Timing constraint: NET
        "mem_interface_top_inst/ddr2_top0/data_path0/data_read_controller0/fifo_01_wr_addr__n0000<1>"
        
MAXDELAY = 4 ns;

 1 item analyzed, 0 timing errors detected.
 Maximum net delay is   0.000ns.
--------------------------------------------------------------------------------

================================================================================
Timing constraint: NET
        "mem_interface_top_inst/ddr2_top0/data_path0/data_read_controller0/fifo_01_wr_addr__n0000<2>"
        
MAXDELAY = 4 ns;

 1 item analyzed, 0 timing errors detected.
 Maximum net delay is   0.000ns.
--------------------------------------------------------------------------------

================================================================================
Timing constraint: NET
        "mem_interface_top_inst/ddr2_top0/data_path0/data_read_controller0/fifo_01_wr_addr__n0000<3>"
        
MAXDELAY = 4 ns;

 1 item analyzed, 0 timing errors detected.
 Maximum net delay is   0.000ns.
--------------------------------------------------------------------------------

================================================================================
Timing constraint: NET "mem_interface_top_inst/ddr2_top0/data_path0/fifo_02_wr_addr<0>" MAXDELAY
        = 4 ns;

 1 item analyzed, 0 timing errors detected.
 Maximum net delay is   1.263ns.
--------------------------------------------------------------------------------

================================================================================
Timing constraint: NET "mem_interface_top_inst/ddr2_top0/data_path0/transfer_done_0<2>" MAXDELAY
        = 2 ns;

 1 item analyzed, 0 timing errors detected.
 Maximum net delay is   1.170ns.
--------------------------------------------------------------------------------

================================================================================
Timing constraint: NET
        "mem_interface_top_inst/ddr2_top0/data_path0/data_read_controller0/fifo_02_wr_addr__n0000<1>"
        
MAXDELAY = 4 ns;

 1 item analyzed, 0 timing errors detected.
 Maximum net delay is   0.000ns.
--------------------------------------------------------------------------------

================================================================================
Timing constraint: NET
        "mem_interface_top_inst/ddr2_top0/data_path0/data_read_controller0/fifo_02_wr_addr__n0000<2>"
        
MAXDELAY = 4 ns;

 1 item analyzed, 0 timing errors detected.
 Maximum net delay is   0.000ns.
--------------------------------------------------------------------------------

================================================================================
Timing constraint: NET
        "mem_interface_top_inst/ddr2_top0/data_path0/data_read_controller0/fifo_02_wr_addr__n0000<3>"
        
MAXDELAY = 4 ns;

 1 item analyzed, 0 timing errors detected.
 Maximum net delay is   0.000ns.
--------------------------------------------------------------------------------

================================================================================
Timing constraint: NET "mem_interface_top_inst/ddr2_top0/data_path0/fifo_03_wr_addr<0>" MAXDELAY
        = 4 ns;

 1 item analyzed, 0 timing errors detected.
 Maximum net delay is   1.253ns.
--------------------------------------------------------------------------------

================================================================================
Timing constraint: NET "mem_interface_top_inst/ddr2_top0/data_path0/transfer_done_0<3>" MAXDELAY
        = 2 ns;

 1 item analyzed, 0 timing errors detected.
 Maximum net delay is   1.142ns.
--------------------------------------------------------------------------------

================================================================================
Timing constraint: NET
        "mem_interface_top_inst/ddr2_top0/data_path0/data_read_controller0/fifo_03_wr_addr__n0000<1>"
        
MAXDELAY = 4 ns;

 1 item analyzed, 0 timing errors detected.
 Maximum net delay is   0.000ns.
--------------------------------------------------------------------------------

================================================================================
Timing constraint: NET
        "mem_interface_top_inst/ddr2_top0/data_path0/data_read_controller0/fifo_03_wr_addr__n0000<2>"
        
MAXDELAY = 4 ns;

 1 item analyzed, 0 timing errors detected.
 Maximum net delay is   0.000ns.
--------------------------------------------------------------------------------

================================================================================
Timing constraint: NET
        "mem_interface_top_inst/ddr2_top0/data_path0/data_read_controller0/fifo_03_wr_addr__n0000<3>"
        
MAXDELAY = 4 ns;

 1 item analyzed, 0 timing errors detected.
 Maximum net delay is   0.000ns.
--------------------------------------------------------------------------------

================================================================================
Timing constraint: NET "mem_interface_top_inst/ddr2_top0/data_path0/fifo_10_wr_addr<0>" MAXDELAY
        = 4 ns;

 1 item analyzed, 0 timing errors detected.
 Maximum net delay is   0.785ns.
--------------------------------------------------------------------------------

================================================================================
Timing constraint: NET "mem_interface_top_inst/ddr2_top0/data_path0/transfer_done_1<0>" MAXDELAY
        = 2 ns;

 1 item analyzed, 0 timing errors detected.
 Maximum net delay is   1.142ns.
--------------------------------------------------------------------------------

================================================================================
Timing constraint: NET
        "mem_interface_top_inst/ddr2_top0/data_path0/data_read_controller0/fifo_10_wr_addr__n0000<1>"
        
MAXDELAY = 4 ns;

 1 item analyzed, 0 timing errors detected.
 Maximum net delay is   0.000ns.
--------------------------------------------------------------------------------

================================================================================
Timing constraint: NET
        "mem_interface_top_inst/ddr2_top0/data_path0/data_read_controller0/fifo_10_wr_addr__n0000<2>"
        
MAXDELAY = 4 ns;

 1 item analyzed, 0 timing errors detected.
 Maximum net delay is   0.000ns.
--------------------------------------------------------------------------------

================================================================================
Timing constraint: NET
        "mem_interface_top_inst/ddr2_top0/data_path0/data_read_controller0/fifo_10_wr_addr__n0000<3>"
        
MAXDELAY = 4 ns;

 1 item analyzed, 0 timing errors detected.
 Maximum net delay is   0.000ns.
--------------------------------------------------------------------------------

================================================================================
Timing constraint: NET "mem_interface_top_inst/ddr2_top0/data_path0/fifo_11_wr_addr<0>" MAXDELAY
        = 4 ns;

 1 item analyzed, 0 timing errors detected.
 Maximum net delay is   1.314ns.
--------------------------------------------------------------------------------

================================================================================
Timing constraint: NET "mem_interface_top_inst/ddr2_top0/data_path0/transfer_done_1<1>" MAXDELAY
        = 2 ns;

 1 item analyzed, 0 timing errors detected.
 Maximum net delay is   1.129ns.
--------------------------------------------------------------------------------

================================================================================
Timing constraint: NET
        "mem_interface_top_inst/ddr2_top0/data_path0/data_read_controller0/fifo_11_wr_addr__n0000<1>"
        
MAXDELAY = 4 ns;

 1 item analyzed, 0 timing errors detected.
 Maximum net delay is   0.000ns.
--------------------------------------------------------------------------------

================================================================================
Timing constraint: NET
        "mem_interface_top_inst/ddr2_top0/data_path0/data_read_controller0/fifo_11_wr_addr__n0000<2>"
        
MAXDELAY = 4 ns;

 1 item analyzed, 0 timing errors detected.
 Maximum net delay is   0.000ns.
--------------------------------------------------------------------------------

================================================================================
Timing constraint: NET
        "mem_interface_top_inst/ddr2_top0/data_path0/data_read_controller0/fifo_11_wr_addr__n0000<3>"
        
MAXDELAY = 4 ns;

 1 item analyzed, 0 timing errors detected.
 Maximum net delay is   0.000ns.
--------------------------------------------------------------------------------

================================================================================
Timing constraint: NET "mem_interface_top_inst/ddr2_top0/data_path0/fifo_12_wr_addr<0>" MAXDELAY
        = 4 ns;

 1 item analyzed, 0 timing errors detected.
 Maximum net delay is   0.704ns.
--------------------------------------------------------------------------------

================================================================================
Timing constraint: NET "mem_interface_top_inst/ddr2_top0/data_path0/transfer_done_1<2>" MAXDELAY
        = 2 ns;

 1 item analyzed, 0 timing errors detected.
 Maximum net delay is   1.479ns.
--------------------------------------------------------------------------------

================================================================================
Timing constraint: NET
        "mem_interface_top_inst/ddr2_top0/data_path0/data_read_controller0/fifo_12_wr_addr__n0000<1>"
        
MAXDELAY = 4 ns;

 1 item analyzed, 0 timing errors detected.
 Maximum net delay is   0.000ns.
--------------------------------------------------------------------------------

================================================================================
Timing constraint: NET
        "mem_interface_top_inst/ddr2_top0/data_path0/data_read_controller0/fifo_12_wr_addr__n0000<2>"
        
MAXDELAY = 4 ns;

 1 item analyzed, 0 timing errors detected.
 Maximum net delay is   0.000ns.
--------------------------------------------------------------------------------

================================================================================
Timing constraint: NET
        "mem_interface_top_inst/ddr2_top0/data_path0/data_read_controller0/fifo_12_wr_addr__n0000<3>"
        
MAXDELAY = 4 ns;

 1 item analyzed, 0 timing errors detected.
 Maximum net delay is   0.000ns.
--------------------------------------------------------------------------------

================================================================================
Timing constraint: NET "mem_interface_top_inst/ddr2_top0/data_path0/fifo_13_wr_addr<0>" MAXDELAY
        = 4 ns;

 1 item analyzed, 0 timing errors detected.
 Maximum net delay is   0.946ns.
--------------------------------------------------------------------------------

================================================================================
Timing constraint: NET "mem_interface_top_inst/ddr2_top0/data_path0/transfer_done_1<3>" MAXDELAY
        = 2 ns;

 1 item analyzed, 0 timing errors detected.
 Maximum net delay is   0.889ns.
--------------------------------------------------------------------------------

================================================================================
Timing constraint: NET
        "mem_interface_top_inst/ddr2_top0/data_path0/data_read_controller0/fifo_13_wr_addr__n0000<1>"
        
MAXDELAY = 4 ns;

 1 item analyzed, 0 timing errors detected.
 Maximum net delay is   0.000ns.
--------------------------------------------------------------------------------

================================================================================
Timing constraint: NET
        "mem_interface_top_inst/ddr2_top0/data_path0/data_read_controller0/fifo_13_wr_addr__n0000<2>"
        
MAXDELAY = 4 ns;

 1 item analyzed, 0 timing errors detected.
 Maximum net delay is   0.000ns.
--------------------------------------------------------------------------------

================================================================================
Timing constraint: NET
        "mem_interface_top_inst/ddr2_top0/data_path0/data_read_controller0/fifo_13_wr_addr__n0000<3>"
        
MAXDELAY = 4 ns;

 1 item analyzed, 0 timing errors detected.
 Maximum net delay is   0.000ns.
--------------------------------------------------------------------------------

================================================================================
Timing constraint: NET "mem_interface_top_inst/ddr2_top0/data_path0/fifo_00_rd_addr<0>" MAXDELAY
        = 4 ns;

 1 item analyzed, 0 timing errors detected.
 Maximum net delay is   1.504ns.
--------------------------------------------------------------------------------

================================================================================
Timing constraint: NET "mem_interface_top_inst/ddr2_top0/data_path0/fifo_00_rd_addr<1>" MAXDELAY
        = 4 ns;

 1 item analyzed, 0 timing errors detected.
 Maximum net delay is   0.961ns.
--------------------------------------------------------------------------------

================================================================================
Timing constraint: NET "mem_interface_top_inst/ddr2_top0/data_path0/fifo_00_rd_addr<2>" MAXDELAY
        = 4 ns;

 1 item analyzed, 0 timing errors detected.
 Maximum net delay is   2.666ns.
--------------------------------------------------------------------------------

================================================================================
Timing constraint: NET "mem_interface_top_inst/ddr2_top0/data_path0/fifo_00_rd_addr<3>" MAXDELAY
        = 4 ns;

 1 item analyzed, 0 timing errors detected.
 Maximum net delay is   1.577ns.
--------------------------------------------------------------------------------

================================================================================
Timing constraint: NET "mem_interface_top_inst/ddr2_top0/data_path0/fifo_01_rd_addr<0>" MAXDELAY
        = 4 ns;

 1 item analyzed, 0 timing errors detected.
 Maximum net delay is   1.262ns.
--------------------------------------------------------------------------------

================================================================================
Timing constraint: NET "mem_interface_top_inst/ddr2_top0/data_path0/fifo_01_rd_addr<1>" MAXDELAY
        = 4 ns;

 1 item analyzed, 0 timing errors detected.
 Maximum net delay is   1.154ns.
--------------------------------------------------------------------------------

================================================================================
Timing constraint: NET "mem_interface_top_inst/ddr2_top0/data_path0/fifo_01_rd_addr<2>" MAXDELAY
        = 4 ns;

 1 item analyzed, 0 timing errors detected.
 Maximum net delay is   1.178ns.
--------------------------------------------------------------------------------

================================================================================
Timing constraint: NET "mem_interface_top_inst/ddr2_top0/data_path0/fifo_01_rd_addr<3>" MAXDELAY
        = 4 ns;

 1 item analyzed, 0 timing errors detected.
 Maximum net delay is   1.495ns.
--------------------------------------------------------------------------------

================================================================================
Timing constraint: NET "mem_interface_top_inst/ddr2_top0/data_path0/fifo_02_rd_addr<0>" MAXDELAY
        = 4 ns;

 1 item analyzed, 0 timing errors detected.
 Maximum net delay is   1.333ns.
--------------------------------------------------------------------------------

================================================================================
Timing constraint: NET "mem_interface_top_inst/ddr2_top0/data_path0/fifo_02_rd_addr<1>" MAXDELAY
        = 4 ns;

 1 item analyzed, 0 timing errors detected.
 Maximum net delay is   1.545ns.
--------------------------------------------------------------------------------

================================================================================
Timing constraint: NET "mem_interface_top_inst/ddr2_top0/data_path0/fifo_02_rd_addr<2>" MAXDELAY
        = 4 ns;

 1 item analyzed, 0 timing errors detected.
 Maximum net delay is   1.340ns.
--------------------------------------------------------------------------------

================================================================================
Timing constraint: NET "mem_interface_top_inst/ddr2_top0/data_path0/fifo_02_rd_addr<3>" MAXDELAY
        = 4 ns;

 1 item analyzed, 0 timing errors detected.
 Maximum net delay is   1.775ns.
--------------------------------------------------------------------------------

================================================================================
Timing constraint: NET "mem_interface_top_inst/ddr2_top0/data_path0/fifo_03_rd_addr<0>" MAXDELAY
        = 4 ns;

 1 item analyzed, 0 timing errors detected.
 Maximum net delay is   0.979ns.
--------------------------------------------------------------------------------

================================================================================
Timing constraint: NET "mem_interface_top_inst/ddr2_top0/data_path0/fifo_03_rd_addr<1>" MAXDELAY
        = 4 ns;

 1 item analyzed, 0 timing errors detected.
 Maximum net delay is   0.958ns.
--------------------------------------------------------------------------------

================================================================================
Timing constraint: NET "mem_interface_top_inst/ddr2_top0/data_path0/fifo_03_rd_addr<2>" MAXDELAY
        = 4 ns;

 1 item analyzed, 0 timing errors detected.
 Maximum net delay is   0.942ns.
--------------------------------------------------------------------------------

================================================================================
Timing constraint: NET "mem_interface_top_inst/ddr2_top0/data_path0/fifo_03_rd_addr<3>" MAXDELAY
        = 4 ns;

 1 item analyzed, 0 timing errors detected.
 Maximum net delay is   0.817ns.
--------------------------------------------------------------------------------

================================================================================
Timing constraint: NET "mem_interface_top_inst/ddr2_top0/data_path0/fifo_10_rd_addr<0>" MAXDELAY
        = 4 ns;

 1 item analyzed, 0 timing errors detected.
 Maximum net delay is   1.025ns.
--------------------------------------------------------------------------------

================================================================================
Timing constraint: NET "mem_interface_top_inst/ddr2_top0/data_path0/fifo_10_rd_addr<1>" MAXDELAY
        = 4 ns;

 1 item analyzed, 0 timing errors detected.
 Maximum net delay is   0.894ns.
--------------------------------------------------------------------------------

================================================================================
Timing constraint: NET "mem_interface_top_inst/ddr2_top0/data_path0/fifo_10_rd_addr<2>" MAXDELAY
        = 4 ns;

 1 item analyzed, 0 timing errors detected.
 Maximum net delay is   1.246ns.
--------------------------------------------------------------------------------

================================================================================
Timing constraint: NET "mem_interface_top_inst/ddr2_top0/data_path0/fifo_10_rd_addr<3>" MAXDELAY
        = 4 ns;

 1 item analyzed, 0 timing errors detected.
 Maximum net delay is   0.555ns.
--------------------------------------------------------------------------------

================================================================================
Timing constraint: NET
        "mem_interface_top_inst/ddr2_top0/data_path0/data_read_controller0/rst_dqs_div_delayed"
        
MAXDELAY = 2 ns;

 1 item analyzed, 0 timing errors detected.
 Maximum net delay is   0.968ns.
--------------------------------------------------------------------------------

================================================================================
Timing constraint: NET "mem_interface_top_inst/ddr2_top0/data_path0/dqs_div_col1<1>" MAXDELAY =
        1.2 ns;

 1 item analyzed, 0 timing errors detected.
 Maximum net delay is   1.000ns.
--------------------------------------------------------------------------------

================================================================================
Timing constraint: NET "mem_interface_top_inst/ddr2_top0/data_path0/dqs_div_col0<1>" MAXDELAY =
        1.2 ns;

 1 item analyzed, 0 timing errors detected.
 Maximum net delay is   0.632ns.
--------------------------------------------------------------------------------

================================================================================
Timing constraint: NET "mem_interface_top_inst/ddr2_top0/data_path0/dqs_div_col1<0>" MAXDELAY =
        1.2 ns;

 1 item analyzed, 0 timing errors detected.
 Maximum net delay is   0.759ns.
--------------------------------------------------------------------------------

================================================================================
Timing constraint: NET "mem_interface_top_inst/ddr2_top0/data_path0/dqs_div_col0<0>" MAXDELAY =
        1.2 ns;

 1 item analyzed, 0 timing errors detected.
 Maximum net delay is   0.632ns.
--------------------------------------------------------------------------------

================================================================================
Timing constraint: NET "mem_interface_top_inst/ddr2_top0/data_path0/data_read0/fbit_0<15>"
        MAXDELAY = 1.5 ns;

 1 item analyzed, 0 timing errors detected.
 Maximum net delay is   1.500ns.
--------------------------------------------------------------------------------

================================================================================
Timing constraint: NET "mem_interface_top_inst/ddr2_top0/data_path0/data_read0/fbit_1<15>"
        MAXDELAY = 1.5 ns;

 1 item analyzed, 0 timing errors detected.
 Maximum net delay is   0.956ns.
--------------------------------------------------------------------------------

================================================================================
Timing constraint: NET "mem_interface_top_inst/ddr2_top0/data_path0/data_read0/fbit_2<15>"
        MAXDELAY = 1.5 ns;

 1 item analyzed, 0 timing errors detected.
 Maximum net delay is   0.864ns.
--------------------------------------------------------------------------------

================================================================================
Timing constraint: NET "mem_interface_top_inst/ddr2_top0/data_path0/data_read0/fbit_3<15>"
        MAXDELAY = 1.5 ns;

 1 item analyzed, 0 timing errors detected.
 Maximum net delay is   1.139ns.
--------------------------------------------------------------------------------

================================================================================
Timing constraint: NET "mem_interface_top_inst/ddr2_top0/data_path0/data_read0/fbit_0<14>"
        MAXDELAY = 1.5 ns;

 1 item analyzed, 0 timing errors detected.
 Maximum net delay is   0.883ns.
--------------------------------------------------------------------------------

================================================================================
Timing constraint: NET "mem_interface_top_inst/ddr2_top0/data_path0/data_read0/fbit_1<14>"
        MAXDELAY = 1.5 ns;

 1 item analyzed, 0 timing errors detected.
 Maximum net delay is   1.225ns.
--------------------------------------------------------------------------------

================================================================================
Timing constraint: NET "mem_interface_top_inst/ddr2_top0/data_path0/data_read0/fbit_2<14>"
        MAXDELAY = 1.5 ns;

 1 item analyzed, 0 timing errors detected.
 Maximum net delay is   1.102ns.
--------------------------------------------------------------------------------

================================================================================
Timing constraint: NET "mem_interface_top_inst/ddr2_top0/data_path0/data_read0/fbit_3<14>"
        MAXDELAY = 1.5 ns;

 1 item analyzed, 0 timing errors detected.
 Maximum net delay is   0.934ns.
--------------------------------------------------------------------------------

================================================================================
Timing constraint: NET "mem_interface_top_inst/ddr2_top0/data_path0/data_read0/fbit_0<13>"
        MAXDELAY = 1.5 ns;

 1 item analyzed, 0 timing errors detected.
 Maximum net delay is   0.936ns.
--------------------------------------------------------------------------------

================================================================================
Timing constraint: NET "mem_interface_top_inst/ddr2_top0/data_path0/data_read0/fbit_1<13>"
        MAXDELAY = 1.5 ns;

 1 item analyzed, 0 timing errors detected.
 Maximum net delay is   1.383ns.
--------------------------------------------------------------------------------

================================================================================
Timing constraint: NET "mem_interface_top_inst/ddr2_top0/data_path0/data_read0/fbit_2<13>"
        MAXDELAY = 1.5 ns;

 1 item analyzed, 0 timing errors detected.
 Maximum net delay is   1.097ns.
--------------------------------------------------------------------------------

================================================================================
Timing constraint: NET "mem_interface_top_inst/ddr2_top0/data_path0/data_read0/fbit_3<13>"
        MAXDELAY = 1.5 ns;

 1 item analyzed, 0 timing errors detected.
 Maximum net delay is   0.965ns.
--------------------------------------------------------------------------------

================================================================================
Timing constraint: NET "mem_interface_top_inst/ddr2_top0/data_path0/data_read0/fbit_0<12>"
        MAXDELAY = 1.5 ns;

 1 item analyzed, 0 timing errors detected.
 Maximum net delay is   0.887ns.
--------------------------------------------------------------------------------

================================================================================
Timing constraint: NET "mem_interface_top_inst/ddr2_top0/data_path0/data_read0/fbit_1<12>"
        MAXDELAY = 1.5 ns;

 1 item analyzed, 0 timing errors detected.
 Maximum net delay is   1.431ns.
--------------------------------------------------------------------------------

================================================================================
Timing constraint: NET "mem_interface_top_inst/ddr2_top0/data_path0/data_read0/fbit_2<12>"
        MAXDELAY = 1.5 ns;

 1 item analyzed, 0 timing errors detected.
 Maximum net delay is   1.447ns.
--------------------------------------------------------------------------------

================================================================================
Timing constraint: NET "mem_interface_top_inst/ddr2_top0/data_path0/data_read0/fbit_3<12>"
        MAXDELAY = 1.5 ns;

 1 item analyzed, 0 timing errors detected.
 Maximum net delay is   1.095ns.
--------------------------------------------------------------------------------

================================================================================
Timing constraint: NET "mem_interface_top_inst/ddr2_top0/data_path0/data_read0/fbit_0<11>"
        MAXDELAY = 1.5 ns;

 1 item analyzed, 0 timing errors detected.
 Maximum net delay is   1.009ns.
--------------------------------------------------------------------------------

================================================================================
Timing constraint: NET "mem_interface_top_inst/ddr2_top0/data_path0/data_read0/fbit_1<11>"
        MAXDELAY = 1.5 ns;

 1 item analyzed, 0 timing errors detected.
 Maximum net delay is   0.972ns.
--------------------------------------------------------------------------------

================================================================================
Timing constraint: NET "mem_interface_top_inst/ddr2_top0/data_path0/data_read0/fbit_2<11>"
        MAXDELAY = 1.5 ns;

 1 item analyzed, 0 timing errors detected.
 Maximum net delay is   1.225ns.
--------------------------------------------------------------------------------

================================================================================
Timing constraint: NET "mem_interface_top_inst/ddr2_top0/data_path0/data_read0/fbit_3<11>"
        MAXDELAY = 1.5 ns;

 1 item analyzed, 0 timing errors detected.
 Maximum net delay is   1.318ns.
--------------------------------------------------------------------------------

================================================================================
Timing constraint: NET "mem_interface_top_inst/ddr2_top0/data_path0/data_read0/fbit_0<10>"
        MAXDELAY = 1.5 ns;

 1 item analyzed, 0 timing errors detected.
 Maximum net delay is   0.886ns.
--------------------------------------------------------------------------------

================================================================================
Timing constraint: NET "mem_interface_top_inst/ddr2_top0/data_path0/data_read0/fbit_1<10>"
        MAXDELAY = 1.5 ns;

 1 item analyzed, 0 timing errors detected.
 Maximum net delay is   1.312ns.
--------------------------------------------------------------------------------

================================================================================
Timing constraint: NET "mem_interface_top_inst/ddr2_top0/data_path0/data_read0/fbit_2<10>"
        MAXDELAY = 1.5 ns;

 1 item analyzed, 0 timing errors detected.
 Maximum net delay is   1.224ns.
--------------------------------------------------------------------------------

================================================================================
Timing constraint: NET "mem_interface_top_inst/ddr2_top0/data_path0/data_read0/fbit_3<10>"
        MAXDELAY = 1.5 ns;

 1 item analyzed, 0 timing errors detected.
 Maximum net delay is   1.184ns.
--------------------------------------------------------------------------------

================================================================================
Timing constraint: NET "mem_interface_top_inst/ddr2_top0/data_path0/data_read0/fbit_0<9>"
        MAXDELAY = 1.5 ns;

 1 item analyzed, 0 timing errors detected.
 Maximum net delay is   0.922ns.
--------------------------------------------------------------------------------

================================================================================
Timing constraint: NET "mem_interface_top_inst/ddr2_top0/data_path0/data_read0/fbit_1<9>"
        MAXDELAY = 1.5 ns;

 1 item analyzed, 0 timing errors detected.
 Maximum net delay is   1.299ns.
--------------------------------------------------------------------------------

================================================================================
Timing constraint: NET "mem_interface_top_inst/ddr2_top0/data_path0/data_read0/fbit_2<9>"
        MAXDELAY = 1.5 ns;

 1 item analyzed, 0 timing errors detected.
 Maximum net delay is   0.883ns.
--------------------------------------------------------------------------------

================================================================================
Timing constraint: NET "mem_interface_top_inst/ddr2_top0/data_path0/data_read0/fbit_3<9>"
        MAXDELAY = 1.5 ns;

 1 item analyzed, 0 timing errors detected.
 Maximum net delay is   1.037ns.
--------------------------------------------------------------------------------

================================================================================
Timing constraint: NET "mem_interface_top_inst/ddr2_top0/data_path0/data_read0/fbit_0<8>"
        MAXDELAY = 1.5 ns;

 1 item analyzed, 0 timing errors detected.
 Maximum net delay is   0.874ns.
--------------------------------------------------------------------------------

================================================================================
Timing constraint: NET "mem_interface_top_inst/ddr2_top0/data_path0/data_read0/fbit_1<8>"
        MAXDELAY = 1.5 ns;

 1 item analyzed, 0 timing errors detected.
 Maximum net delay is   0.960ns.
--------------------------------------------------------------------------------

================================================================================
Timing constraint: NET "mem_interface_top_inst/ddr2_top0/data_path0/data_read0/fbit_2<8>"
        MAXDELAY = 1.5 ns;

 1 item analyzed, 0 timing errors detected.
 Maximum net delay is   1.232ns.
--------------------------------------------------------------------------------

================================================================================
Timing constraint: NET "mem_interface_top_inst/ddr2_top0/data_path0/data_read0/fbit_3<8>"
        MAXDELAY = 1.5 ns;

 1 item analyzed, 0 timing errors detected.
 Maximum net delay is   0.948ns.
--------------------------------------------------------------------------------

================================================================================
Timing constraint: NET "mem_interface_top_inst/ddr2_top0/data_path0/data_read0/fbit_0<7>"
        MAXDELAY = 1.5 ns;

 1 item analyzed, 0 timing errors detected.
 Maximum net delay is   1.090ns.
--------------------------------------------------------------------------------

================================================================================
Timing constraint: NET "mem_interface_top_inst/ddr2_top0/data_path0/data_read0/fbit_1<7>"
        MAXDELAY = 1.5 ns;

 1 item analyzed, 0 timing errors detected.
 Maximum net delay is   0.961ns.
--------------------------------------------------------------------------------

================================================================================
Timing constraint: NET "mem_interface_top_inst/ddr2_top0/data_path0/data_read0/fbit_2<7>"
        MAXDELAY = 1.5 ns;

 1 item analyzed, 0 timing errors detected.
 Maximum net delay is   1.073ns.
--------------------------------------------------------------------------------

================================================================================
Timing constraint: NET "mem_interface_top_inst/ddr2_top0/data_path0/data_read0/fbit_3<7>"
        MAXDELAY = 1.5 ns;

 1 item analyzed, 0 timing errors detected.
 Maximum net delay is   0.922ns.
--------------------------------------------------------------------------------

================================================================================
Timing constraint: NET "mem_interface_top_inst/ddr2_top0/data_path0/data_read0/fbit_0<6>"
        MAXDELAY = 1.5 ns;

 1 item analyzed, 0 timing errors detected.
 Maximum net delay is   1.077ns.
--------------------------------------------------------------------------------

================================================================================
Timing constraint: NET "mem_interface_top_inst/ddr2_top0/data_path0/data_read0/fbit_1<6>"
        MAXDELAY = 1.5 ns;

 1 item analyzed, 0 timing errors detected.
 Maximum net delay is   1.092ns.
--------------------------------------------------------------------------------

================================================================================
Timing constraint: NET "mem_interface_top_inst/ddr2_top0/data_path0/data_read0/fbit_2<6>"
        MAXDELAY = 1.5 ns;

 1 item analyzed, 0 timing errors detected.
 Maximum net delay is   0.891ns.
--------------------------------------------------------------------------------

================================================================================
Timing constraint: NET "mem_interface_top_inst/ddr2_top0/data_path0/data_read0/fbit_3<6>"
        MAXDELAY = 1.5 ns;

 1 item analyzed, 0 timing errors detected.
 Maximum net delay is   1.118ns.
--------------------------------------------------------------------------------

================================================================================
Timing constraint: NET "mem_interface_top_inst/ddr2_top0/data_path0/data_read0/fbit_0<5>"
        MAXDELAY = 1.5 ns;

 1 item analyzed, 0 timing errors detected.
 Maximum net delay is   1.150ns.
--------------------------------------------------------------------------------

================================================================================
Timing constraint: NET "mem_interface_top_inst/ddr2_top0/data_path0/data_read0/fbit_1<5>"
        MAXDELAY = 1.5 ns;

 1 item analyzed, 0 timing errors detected.
 Maximum net delay is   1.103ns.
--------------------------------------------------------------------------------

================================================================================
Timing constraint: NET "mem_interface_top_inst/ddr2_top0/data_path0/data_read0/fbit_2<5>"
        MAXDELAY = 1.5 ns;

 1 item analyzed, 0 timing errors detected.
 Maximum net delay is   0.891ns.
--------------------------------------------------------------------------------

================================================================================
Timing constraint: NET "mem_interface_top_inst/ddr2_top0/data_path0/data_read0/fbit_3<5>"
        MAXDELAY = 1.5 ns;

 1 item analyzed, 0 timing errors detected.
 Maximum net delay is   0.899ns.
--------------------------------------------------------------------------------

================================================================================
Timing constraint: NET "mem_interface_top_inst/ddr2_top0/data_path0/data_read0/fbit_0<4>"
        MAXDELAY = 1.5 ns;

 1 item analyzed, 0 timing errors detected.
 Maximum net delay is   1.136ns.
--------------------------------------------------------------------------------

================================================================================
Timing constraint: NET "mem_interface_top_inst/ddr2_top0/data_path0/data_read0/fbit_1<4>"
        MAXDELAY = 1.5 ns;

 1 item analyzed, 0 timing errors detected.
 Maximum net delay is   1.322ns.
--------------------------------------------------------------------------------

================================================================================
Timing constraint: NET "mem_interface_top_inst/ddr2_top0/data_path0/data_read0/fbit_2<4>"
        MAXDELAY = 1.5 ns;

 1 item analyzed, 0 timing errors detected.
 Maximum net delay is   0.894ns.
--------------------------------------------------------------------------------

================================================================================
Timing constraint: NET "mem_interface_top_inst/ddr2_top0/data_path0/data_read0/fbit_3<4>"
        MAXDELAY = 1.5 ns;

 1 item analyzed, 0 timing errors detected.
 Maximum net delay is   1.110ns.
--------------------------------------------------------------------------------

================================================================================
Timing constraint: NET "mem_interface_top_inst/ddr2_top0/data_path0/data_read0/fbit_0<3>"
        MAXDELAY = 1.5 ns;

 1 item analyzed, 0 timing errors detected.
 Maximum net delay is   0.930ns.
--------------------------------------------------------------------------------

================================================================================
Timing constraint: NET "mem_interface_top_inst/ddr2_top0/data_path0/data_read0/fbit_1<3>"
        MAXDELAY = 1.5 ns;

 1 item analyzed, 0 timing errors detected.
 Maximum net delay is   1.321ns.
--------------------------------------------------------------------------------

================================================================================
Timing constraint: NET "mem_interface_top_inst/ddr2_top0/data_path0/data_read0/fbit_2<3>"
        MAXDELAY = 1.5 ns;

 1 item analyzed, 0 timing errors detected.
 Maximum net delay is   0.927ns.
--------------------------------------------------------------------------------

================================================================================
Timing constraint: NET "mem_interface_top_inst/ddr2_top0/data_path0/data_read0/fbit_3<3>"
        MAXDELAY = 1.5 ns;

 1 item analyzed, 0 timing errors detected.
 Maximum net delay is   0.907ns.
--------------------------------------------------------------------------------

================================================================================
Timing constraint: NET "mem_interface_top_inst/ddr2_top0/data_path0/data_read0/fbit_0<2>"
        MAXDELAY = 1.5 ns;

 1 item analyzed, 0 timing errors detected.
 Maximum net delay is   0.952ns.
--------------------------------------------------------------------------------

================================================================================
Timing constraint: NET "mem_interface_top_inst/ddr2_top0/data_path0/data_read0/fbit_1<2>"
        MAXDELAY = 1.5 ns;

 1 item analyzed, 0 timing errors detected.
 Maximum net delay is   0.960ns.
--------------------------------------------------------------------------------

================================================================================
Timing constraint: NET "mem_interface_top_inst/ddr2_top0/data_path0/data_read0/fbit_2<2>"
        MAXDELAY = 1.5 ns;

 1 item analyzed, 0 timing errors detected.
 Maximum net delay is   0.938ns.
--------------------------------------------------------------------------------

================================================================================
Timing constraint: NET "mem_interface_top_inst/ddr2_top0/data_path0/data_read0/fbit_3<2>"
        MAXDELAY = 1.5 ns;

 1 item analyzed, 0 timing errors detected.
 Maximum net delay is   0.961ns.
--------------------------------------------------------------------------------

================================================================================
Timing constraint: NET "mem_interface_top_inst/ddr2_top0/data_path0/data_read0/fbit_0<1>"
        MAXDELAY = 1.5 ns;

 1 item analyzed, 0 timing errors detected.
 Maximum net delay is   1.227ns.
--------------------------------------------------------------------------------

================================================================================
Timing constraint: NET "mem_interface_top_inst/ddr2_top0/data_path0/data_read0/fbit_1<1>"
        MAXDELAY = 1.5 ns;

 1 item analyzed, 0 timing errors detected.
 Maximum net delay is   1.170ns.
--------------------------------------------------------------------------------

================================================================================
Timing constraint: NET "mem_interface_top_inst/ddr2_top0/data_path0/data_read0/fbit_2<1>"
        MAXDELAY = 1.5 ns;

 1 item analyzed, 0 timing errors detected.
 Maximum net delay is   0.884ns.
--------------------------------------------------------------------------------

================================================================================
Timing constraint: NET "mem_interface_top_inst/ddr2_top0/data_path0/data_read0/fbit_3<1>"
        MAXDELAY = 1.5 ns;

 1 item analyzed, 0 timing errors detected.
 Maximum net delay is   0.883ns.
--------------------------------------------------------------------------------

================================================================================
Timing constraint: NET "mem_interface_top_inst/ddr2_top0/data_path0/data_read0/fbit_0<0>"
        MAXDELAY = 1.5 ns;

 1 item analyzed, 0 timing errors detected.
 Maximum net delay is   0.930ns.
--------------------------------------------------------------------------------

================================================================================
Timing constraint: NET "mem_interface_top_inst/ddr2_top0/data_path0/data_read0/fbit_1<0>"
        MAXDELAY = 1.5 ns;

 1 item analyzed, 0 timing errors detected.
 Maximum net delay is   1.334ns.
--------------------------------------------------------------------------------

================================================================================
Timing constraint: NET "mem_interface_top_inst/ddr2_top0/data_path0/data_read0/fbit_2<0>"
        MAXDELAY = 1.5 ns;

 1 item analyzed, 0 timing errors detected.
 Maximum net delay is   0.884ns.
--------------------------------------------------------------------------------

================================================================================
Timing constraint: NET "mem_interface_top_inst/ddr2_top0/data_path0/data_read0/fbit_3<0>"
        MAXDELAY = 1.5 ns;

 1 item analyzed, 0 timing errors detected.
 Maximum net delay is   0.684ns.
--------------------------------------------------------------------------------

================================================================================
Timing constraint: TS_brefclk_p_i = PERIOD TIMEGRP "brefclk_p_i" 150 MHz HIGH 50% INPUT_JITTER 0
        ns;

 0 items analyzed, 0 timing errors detected.
--------------------------------------------------------------------------------

================================================================================
Timing constraint: TS_brefclk_n_i = PERIOD TIMEGRP "brefclk_n_i" 150 MHz HIGH 50% INPUT_JITTER 0
        ns;

 0 items analyzed, 0 timing errors detected.
--------------------------------------------------------------------------------

================================================================================
Timing constraint: PATH "TS01_path" TIG;

 8 items analyzed, 0 timing errors detected. (0 setup errors, 0 hold errors)
--------------------------------------------------------------------------------

================================================================================
Timing constraint: PATH "TS02_path" TIG;

 4 items analyzed, 0 timing errors detected. (0 setup errors, 0 hold errors)
--------------------------------------------------------------------------------

================================================================================
Timing constraint: PATH "TS05_path" TIG;

 6 items analyzed, 0 timing errors detected. (0 setup errors, 0 hold errors)
--------------------------------------------------------------------------------

================================================================================
Timing constraint: TS_mem_interface_top_inst_infrastructure_top0_clk_dcm0_clk0dcm = PERIOD
        TIMEGRP 
"mem_interface_top_inst_infrastructure_top0_clk_dcm0_clk0dcm"
        TS_brefclk_n_i HIGH 50% INPUT_JITTER 0 ns;

 0 items analyzed, 0 timing errors detected.
--------------------------------------------------------------------------------

================================================================================
Timing constraint: TS_mem_interface_top_inst_infrastructure_top0_clk_dcm0_clk90dcm = PERIOD
        TIMEGRP 
"mem_interface_top_inst_infrastructure_top0_clk_dcm0_clk90dcm"
        TS_brefclk_n_i PHASE 1.667 ns HIGH 50% INPUT_JITTER 0 ns;

 0 items analyzed, 0 timing errors detected.
--------------------------------------------------------------------------------

================================================================================
Timing constraint: TS_mem_interface_top_inst_infrastructure_top0_cal_top0_phShftClkDcm = PERIOD
        TIMEGRP
        
"mem_interface_top_inst_infrastructure_top0_cal_top0_phShftClkDcm"
        TS_brefclk_n_i PHASE 3.333 ns HIGH 50% INPUT_JITTER 0 
ns;

 0 items analyzed, 0 timing errors detected.
--------------------------------------------------------------------------------

================================================================================
Timing constraint: TS_mem_interface_top_inst_infrastructure_top0_clk_dcm0_clk0dcm_0 = PERIOD
        TIMEGRP
        
"mem_interface_top_inst_infrastructure_top0_clk_dcm0_clk0dcm_0"
        TS_brefclk_p_i HIGH 50% INPUT_JITTER 0 ns;

 7472 items analyzed, 0 timing errors detected. (0 setup errors, 0 hold errors)
 Minimum period is   6.595ns.
--------------------------------------------------------------------------------

================================================================================
Timing constraint: TS_mem_interface_top_inst_infrastructure_top0_clk_dcm0_clk90dcm_0 = PERIOD
        TIMEGRP
        
"mem_interface_top_inst_infrastructure_top0_clk_dcm0_clk90dcm_0"
        TS_brefclk_p_i PHASE 1.667 ns HIGH 50% INPUT_JITTER 0 ns;

 15027 items analyzed, 0 timing errors detected. (0 setup errors, 0 hold errors)
 Minimum period is   6.579ns.
--------------------------------------------------------------------------------

================================================================================
Timing constraint: TS_mem_interface_top_inst_infrastructure_top0_cal_top0_phShftClkDcm_0 = PERIOD
        TIMEGRP
        
"mem_interface_top_inst_infrastructure_top0_cal_top0_phShftClkDcm_0"
        TS_brefclk_p_i PHASE 3.333 ns HIGH 50% INPUT_JITTER 0 
ns;

 4 items analyzed, 0 timing errors detected. (0 setup errors, 0 hold errors)
 Minimum period is   1.764ns.
--------------------------------------------------------------------------------


All constraints were met.


Data Sheet report:
-----------------
All values displayed in nanoseconds (ns)

Clock to Setup on destination clock brefclk_n_i
---------------+---------+---------+---------+---------+
               | Src:Rise| Src:Fall| Src:Rise| Src:Fall|
Source Clock   |Dest:Rise|Dest:Rise|Dest:Fall|Dest:Fall|
---------------+---------+---------+---------+---------+
brefclk_n_i    |    6.579|    4.925|    3.118|    5.504|
brefclk_p_i    |    6.579|    4.925|    3.118|    5.504|
---------------+---------+---------+---------+---------+

Clock to Setup on destination clock brefclk_p_i
---------------+---------+---------+---------+---------+
               | Src:Rise| Src:Fall| Src:Rise| Src:Fall|
Source Clock   |Dest:Rise|Dest:Rise|Dest:Fall|Dest:Fall|
---------------+---------+---------+---------+---------+
brefclk_n_i    |    6.579|    4.925|    3.118|    5.504|
brefclk_p_i    |    6.579|    4.925|    3.118|    5.504|
---------------+---------+---------+---------+---------+


Timing summary:
---------------

Timing errors: 0  Score: 0

Constraints cover 22521 paths, 149 nets, and 6066 connections

Design statistics:
   Minimum period:   6.595ns (Maximum frequency: 151.630MHz)
   Maximum net delay:   2.666ns


Analysis completed Fri Jun 15 12:58:14 2007
--------------------------------------------------------------------------------



Peak Memory Usage: 173 MB
