--------------------------------------------------------------------------------
Release 9.1i Trace 
Copyright (c) 1995-2007 Xilinx, Inc.  All rights reserved.

C:\Xilinx91i\bin\nt\trce.exe -ise
F:/PT8613/VHDL/PT8613 (work)/SDHD_module_v2.ise -intstyle ise -e 3 -s 6 -xml
HD_Gen_Module HD_Gen_Module.ncd -o HD_Gen_Module.twr HD_Gen_Module.pcf -ucf
HD_Gen_Module.ucf

Design file:              hd_gen_module.ncd
Physical constraint file: hd_gen_module.pcf
Device,package,speed:     xc2vp20,ff896,-6 (PRODUCTION 1.92 2006-10-19)
Report level:             error report

Environment Variable      Effect 
--------------------      ------ 
NONE                      No environment variables were set
--------------------------------------------------------------------------------

INFO:Timing:2752 - To get complete path coverage, use the unconstrained paths 
   option. All paths that are not constrained will be reported in the 
   unconstrained paths section(s) of the report.
INFO:Timing:3339 - The clock-to-out numbers in this timing report are based on 
   a 50 Ohm transmission line loading model.  For the details of this model, 
   and for more information on accounting for different loading conditions, 
   please see the device datasheet.

================================================================================
Timing constraint: TS_clk_27_i = PERIOD TIMEGRP "clk_27_i" 27 MHz HIGH 50% INPUT_JITTER 1 ns;

 32547 items analyzed, 0 timing errors detected. (0 setup errors, 0 hold errors)
 Minimum period is   8.110ns.
--------------------------------------------------------------------------------

================================================================================
Timing constraint: TS_brefclk_p_i = PERIOD TIMEGRP "brefclk_p_i" 150 MHz HIGH 50% INPUT_JITTER 1
        ns;

 0 items analyzed, 0 timing errors detected.
--------------------------------------------------------------------------------

================================================================================
Timing constraint: TS_brefclk_n_i = PERIOD TIMEGRP "brefclk_n_i" 150 MHz HIGH 50% INPUT_JITTER 1
        ns;

 735 items analyzed, 0 timing errors detected. (0 setup errors, 0 hold errors)
 Minimum period is   5.884ns.
--------------------------------------------------------------------------------

================================================================================
Timing constraint: TS_brefclk2_p_i = PERIOD TIMEGRP "brefclk2_p_i" 150 MHz HIGH 50% INPUT_JITTER
        1 ns;

 0 items analyzed, 0 timing errors detected.
--------------------------------------------------------------------------------

================================================================================
Timing constraint: TS_brefclk2_n_i = PERIOD TIMEGRP "brefclk2_n_i" 150 MHz HIGH 50% INPUT_JITTER
        1 ns;

 32798 items analyzed, 0 timing errors detected. (0 setup errors, 0 hold errors)
 Minimum period is   6.631ns.
--------------------------------------------------------------------------------

================================================================================
Timing constraint: TS_pll_F2F = MAXDELAY FROM TIMEGRP "pll_ffs_on_27_mhz" TO TIMEGRP
        "pll_ffs_on_148_mhz" 2 ns;

 2 items analyzed, 1 timing error detected. (1 setup error, 0 hold errors)
 Maximum delay is   3.080ns.
--------------------------------------------------------------------------------
Slack:                  -1.080ns (requirement - (data path - clock path skew + uncertainty))
  Source:               clock_and_genlock_control/f8g_genlock/pll_ref_o (FF)
  Destination:          clock_and_genlock_control/digital_pll_f1485/phase_detector/ref_decimated (FF)
  Requirement:          2.000ns
  Data Path Delay:      2.290ns (Levels of Logic = 0)
  Clock Path Skew:      -0.083ns
  Source Clock:         clk_27_pll rising
  Destination Clock:    clk2_pll rising
  Clock Uncertainty:    0.707ns

  Clock Uncertainty:          0.707ns  ((TSJ^2 + TIJ^2)^1/2 + DJ) / 2 + PE
    Total System Jitter (TSJ):  0.000ns
    Total Input Jitter (TIJ):   1.414ns
    Discrete Jitter (DJ):       0.000ns
    Phase Error (PE):           0.000ns

  Maximum Data Path: clock_and_genlock_control/f8g_genlock/pll_ref_o to clock_and_genlock_control/digital_pll_f1485/phase_detector/ref_decimated
    Location             Delay type         Delay(ns)  Physical Resource
                                                       Logical Resource(s)
    -------------------------------------------------  -------------------
    SLICE_X34Y88.YQ      Tcko                  0.374   clock_and_genlock_control/f8g_genlock/pll_ref_o
                                                       clock_and_genlock_control/f8g_genlock/pll_ref_o
    SLICE_X34Y22.BY      net (fanout=1)        1.714   clock_and_genlock_control/f8g_genlock/pll_ref_o
    SLICE_X34Y22.CLK     Tdick                 0.202   clock_and_genlock_control/digital_pll_f1485/phase_detector/ref_decimated
                                                       clock_and_genlock_control/digital_pll_f1485/phase_detector/ref_decimated
    -------------------------------------------------  ---------------------------
    Total                                      2.290ns (0.576ns logic, 1.714ns route)
                                                       (25.2% logic, 74.8% route)

--------------------------------------------------------------------------------

================================================================================
Timing constraint: TS_2cycle = MAXDELAY FROM TIMEGRP "double_cycle" TO TIMEGRP "double_cycle"
        TS_brefclk_p_i / 2;

 140212 items analyzed, 0 timing errors detected. (0 setup errors, 0 hold errors)
 Maximum delay is  12.270ns.
--------------------------------------------------------------------------------

================================================================================
Timing constraint: TS_4cycle = MAXDELAY FROM TIMEGRP "quad_cycle" TO TIMEGRP "quad_cycle"
        TS_brefclk_p_i / 4;

 10168 items analyzed, 0 timing errors detected. (0 setup errors, 0 hold errors)
 Maximum delay is   6.662ns.
--------------------------------------------------------------------------------


1 constraint not met.


Data Sheet report:
-----------------
All values displayed in nanoseconds (ns)

Clock to Setup on destination clock brefclk2_n_i
---------------+---------+---------+---------+---------+
               | Src:Rise| Src:Fall| Src:Rise| Src:Fall|
Source Clock   |Dest:Rise|Dest:Rise|Dest:Fall|Dest:Fall|
---------------+---------+---------+---------+---------+
brefclk2_n_i   |   12.270|         |         |         |
brefclk2_p_i   |   12.270|         |         |         |
brefclk_n_i    |   12.270|         |         |         |
brefclk_p_i    |   12.270|         |         |         |
clk_27_i       |    3.080|         |         |         |
---------------+---------+---------+---------+---------+

Clock to Setup on destination clock brefclk2_p_i
---------------+---------+---------+---------+---------+
               | Src:Rise| Src:Fall| Src:Rise| Src:Fall|
Source Clock   |Dest:Rise|Dest:Rise|Dest:Fall|Dest:Fall|
---------------+---------+---------+---------+---------+
brefclk2_n_i   |   12.270|         |         |         |
brefclk2_p_i   |   12.270|         |         |         |
brefclk_n_i    |   12.270|         |         |         |
brefclk_p_i    |   12.270|         |         |         |
clk_27_i       |    3.080|         |         |         |
---------------+---------+---------+---------+---------+

Clock to Setup on destination clock brefclk_n_i
---------------+---------+---------+---------+---------+
               | Src:Rise| Src:Fall| Src:Rise| Src:Fall|
Source Clock   |Dest:Rise|Dest:Rise|Dest:Fall|Dest:Fall|
---------------+---------+---------+---------+---------+
brefclk2_n_i   |   12.270|         |         |         |
brefclk2_p_i   |   12.270|         |         |         |
brefclk_n_i    |   12.270|         |         |         |
brefclk_p_i    |   12.270|         |         |         |
clk_27_i       |    1.731|         |         |         |
---------------+---------+---------+---------+---------+

Clock to Setup on destination clock brefclk_p_i
---------------+---------+---------+---------+---------+
               | Src:Rise| Src:Fall| Src:Rise| Src:Fall|
Source Clock   |Dest:Rise|Dest:Rise|Dest:Fall|Dest:Fall|
---------------+---------+---------+---------+---------+
brefclk2_n_i   |   12.270|         |         |         |
brefclk2_p_i   |   12.270|         |         |         |
brefclk_n_i    |   12.270|         |         |         |
brefclk_p_i    |   12.270|         |         |         |
clk_27_i       |    1.731|         |         |         |
---------------+---------+---------+---------+---------+

Clock to Setup on destination clock clk_27_i
---------------+---------+---------+---------+---------+
               | Src:Rise| Src:Fall| Src:Rise| Src:Fall|
Source Clock   |Dest:Rise|Dest:Rise|Dest:Fall|Dest:Fall|
---------------+---------+---------+---------+---------+
clk_27_i       |    8.110|         |         |         |
---------------+---------+---------+---------+---------+


Timing summary:
---------------

Timing errors: 1  Score: 1080

Constraints cover 216462 paths, 0 nets, and 44094 connections

Design statistics:
   Minimum period:  12.270ns   (Maximum frequency:  81.500MHz)
   Maximum path delay from/to any node:  12.270ns


Analysis completed Mon Nov 12 11:45:37 2007
--------------------------------------------------------------------------------

Trace Settings:
-------------------------
Trace Settings 

Peak Memory Usage: 336 MB



