{ Using PSTWRITER 16.0.0 s001Aug-16-2010 at 12:50:38 }

#1 Warning [ALG0047] "No_connect" property on Pin "J6.7" ignored for J6: SCHEMATIC1, I/O (345.44, 187.96). Connecting pin to net "N11061304".
#2 Warning [ALG0047] "No_connect" property on Pin "J6.8" ignored for J6: SCHEMATIC1, I/O (345.44, 187.96). Connecting pin to net "N11061593".
#3 Warning [ALG0047] "No_connect" property on Pin "IC5.14" ignored for IC5: SCHEMATIC1, I/O (76.20, 86.36). Connecting pin to net "N11192173".
#4 Warning [ALG0047] "No_connect" property on Pin "IC5.21" ignored for IC5: SCHEMATIC1, I/O (76.20, 86.36). Connecting pin to net "N11192173".
#5 Warning [ALG0047] "No_connect" property on Pin "IC5.13" ignored for IC5: SCHEMATIC1, I/O (76.20, 86.36). Connecting pin to net "N10908753".
#6 Warning [ALG0047] "No_connect" property on Pin "IC5.22" ignored for IC5: SCHEMATIC1, I/O (76.20, 86.36). Connecting pin to net "N10911259".
#7 Warning [ALG0016] Part Name "C8051F132_TQFP100_P050_1600X1600_C8051F130" is renamed to "C8051F132_TQFP100_P050_1600X160".
#8 Warning [ALG0016] Part Name "CP2200_TQFP48_P050_900X900_CP2200" is renamed to "CP2200_TQFP48_P050_900X900_CP22".
#9 Warning [ALG0016] Part Name "LM1117-XX_0_SOT223_1234_LM1117-3.3" is renamed to "LM1117-XX_0_SOT223_1234_LM1117-".
#10 Warning [ALG0016] Part Name "MAX3223_TSSOP20_065_650X650_MAX3223" is renamed to "MAX3223_TSSOP20_065_650X650_MAX".
#11 Warning [ALG0016] Part Name "MAX4571_TSSOP28_P065_640X970_MAX4571" is renamed to "MAX4571_TSSOP28_P065_640X970_MA".
#12 Warning [ALG0016] Part Name "MCP111_SOT23-3_P100_230X290_MCP111" is renamed to "MCP111_SOT23-3_P100_230X290_MCP".
#13 Warning [ALG0016] Part Name "J00-0065NL RJ45_0_CONN_ETHERNET_PE-J00-0065NL_J00-0065NL" is renamed to "J00-0065NL RJ45_0_CONN_ETHERNET".
#14 Warning [ALG0016] Part Name "CONN PCB 10_CONN_MICROMATCH_10_CONN_MICROMATCH_10" is renamed to "CONN PCB 10_CONN_MICROMATCH_10_".
#15 Warning [ALG0016] Part Name "CON9_0_CONN_DSUB_9_FEMALE_SIP_DB9 FEMALE" is renamed to "CON9_0_CONN_DSUB_9_FEMALE_SIP_D".
#16 Warning [ALG0016] Part Name "CON9_0_CONN_DSUB_9_MALE_SIP_DB9 MALE" is renamed to "CON9_0_CONN_DSUB_9_MALE_SIP_DB9".
#17 Warning [ALG0016] Part Name "CRYSTAL_OSC_SMD_1100X470_20.000MHZ" is renamed to "CRYSTAL_OSC_SMD_1100X470_20.000".
Scanning netlist files ...

Loading... D:\DOKUMENTER\PT5300\PT8643\PCB\PT8643_REV_2\NETLIST/pstchip.dat

Loading... D:\DOKUMENTER\PT5300\PT8643\PCB\PT8643_REV_2\NETLIST/pstchip.dat

Loading... D:\DOKUMENTER\PT5300\PT8643\PCB\PT8643_REV_2\NETLIST/pstxprt.dat

Loading... D:\DOKUMENTER\PT5300\PT8643\PCB\PT8643_REV_2\NETLIST/pstxnet.dat
packaging the design view...