547135 960103 ³ 316 337 110.0 ³ 262 283 ³ 467 402 ³ 302 329 109.2 ³ 252 270 ³ *** ³ ****** ³ **** **** **** ³ 05.7 ³ 3068 3296  80.4 ³ Reparation/90.
020795 960104 ³ 317 337 110.7 ³ 266 284 ³ 470 399 ³ 301 325 107.2 ³ 253 271 ³ *** ³ ****** ³ **** **** **** ³ 05.8 ³ 3073 3299  80.9 ³ Reparation/90.
558220 960104 ³ 317 336 108.8 ³ 261 283 ³ 467 398 ³  -   -    -   ³  -   -  ³ *** ³ ****** ³ **** **** **** ³ 05.8 ³ 3067 3298  80.4 ³ Raparation/90.
564769 960104 ³ 317 337 111.8 ³ 263 282 ³ 464 404 ³  -   -    -   ³  -   -  ³ *** ³ ****** ³ **** **** **** ³ 05.8 ³ 3077 3302  81.0 ³ Reparation/90.
030904 960108 ³ 316 337 109.3 ³ 264 285 ³ 464 409 ³ 301 327 107.7 ³ 252 270 ³ *** ³ ****** ³ **** **** **** ³ 02.1 ³ 3066 3300  80.8 ³ Reparation/90.
041455 960109 ³ 318 337 112.3 ³ 269 279 ³ 469 402 ³ 302 330 109.3 ³ 252 270 ³ 332 ³ 242424 ³ 4695 4495 4695 ³ 03.2 ³ 3068 3294  81.9 ³ Produktion/90.
041456 960109 ³ 317 337 109.6 ³ 262 283 ³ 467 403 ³  -   -    -   ³  -   -  ³ 332 ³ 242424 ³ 4695 4495 4695 ³ 03.2 ³ 3069 3299  80.7 ³ Produktion/90.
041458 960109 ³ 318 337 110.4 ³ 262 282 ³ 469 400 ³  -   -    -   ³  -   -  ³ 332 ³ 242424 ³ 4695 4495 4695 ³ 03.2 ³ 3068 3297  80.9 ³ Produktion/90.
041459 960109 ³ 317 337 109.5 ³ 261 284 ³ 468 402 ³  -   -    -   ³  -   -  ³ 332 ³ 242424 ³ 4695 4495 4695 ³ 03.2 ³ 3064 3298  80.9 ³ Produktion/90.
041457 960109 ³ 317 337 109.6 ³ 260 282 ³ 462 391 ³  -   -    -   ³  -   -  ³ 332 ³ 242424 ³ 4695 4495 4695 ³ 03.2 ³ 3065 3308  81.8 ³ Produktion/90.
041460 960109 ³ 316 335 108.5 ³ 260 283 ³ 464 401 ³  -   -    -   ³  -   -  ³ 332 ³ 242424 ³ 4695 4495 4695 ³ 03.2 ³ 3069 3297  80.8 ³ Produktion/90.
041461 960109 ³ 318 335 107.9 ³ 268 280 ³ 471 400 ³  -   -    -   ³  -   -  ³ 332 ³ 242424 ³ 4695 4495 4695 ³ 03.2 ³ 3069 3297  80.8 ³ Produktion/90.
041462 960109 ³ 317 335 109.1 ³ 262 282 ³ 465 398 ³  -   -    -   ³  -   -  ³ 332 ³ 242424 ³ 4695 4495 4695 ³ 03.2 ³ 3067 3296  81.0 ³ Produktion/90.
041463 960109 ³ 317 337 109.6 ³ 261 282 ³ 461 396 ³  -   -    -   ³  -   -  ³ 332 ³ 242424 ³ 4695 4695 4695 ³ 03.2 ³ 3067 3301  81.4 ³ Produktion/90.
041464 960110 ³ 317 336 109.8 ³ 262 282 ³ 466 398 ³ 301 330 108.2 ³ 253 270 ³ 332 ³ 242424 ³ 4695 4495 4695 ³ 03.2 ³ 3068 3299  80.9 ³ Produktion/90.
020883 960112 ³ 317 337 109.5 ³ 265 282 ³ 462 406 ³ 304 332 108.0 ³ 255 271 ³ 332 ³ 242424 ³ 4695 3495 4695 ³ 03.2 ³ 3065 3302  81.9 ³ Produktion /92.
020884 960112 ³ 318 336 112.5 ³ 266 284 ³ 456 407 ³  -   -    -   ³  -   -  ³ 332 ³ 242424 ³ 4695 3495 4695 ³ 03.2 ³ 3070 3300  81.4 ³ Pruduktion /92.
020885 960112 ³ 318 337 112.8 ³ 265 283 ³ 461 402 ³  -   -    -   ³  -   -  ³ 332 ³ 245624 ³ 4695 4295 4695 ³ 03.2 ³ 3072 3302  80.9 ³ Produktion /92.
020886 960112 ³ 317 338 113.1 ³ 260 286 ³ 461 406 ³  -   -    -   ³  -   -  ³ 332 ³ 242424 ³ 4695 2495 4695 ³ 03.2 ³ 3073 3301  81.7 ³ Produktion /92.
020887 960112 ³ 317 335 109.7 ³ 263 283 ³ 462 403 ³  -   -    -   ³  -   -  ³ 332 ³ 242424 ³ 4695 3495 4695 ³ 03.2 ³ 3072 3301  80.7 ³ Produktion /92.
020888 960112 ³ 319 336 112.6 ³ 266 283 ³ 466 404 ³  -   -    -   ³  -   -  ³ 332 ³ 242424 ³ 4695 2495 4695 ³ 03.2 ³ 3067 3300  81.2 ³ Produktion /92.
020889 960112 ³ 318 336 110.9 ³ 268 282 ³ 460 403 ³  -   -    -   ³  -   -  ³ 332 ³ 242424 ³ 4695 3495 4695 ³ 03.2 ³ 3070 3300  80.6 ³ Produktion /92.
020890 960112 ³ 318 336 110.4 ³ 269 281 ³ 467 404 ³  -   -    -   ³  -   -  ³ 332 ³ 242424 ³ 4695 4295 4695 ³ 03.2 ³ 3073 3302  80.6 ³ Produktion /92.
020891 960112 ³ 316 336 110.7 ³ 263 283 ³ 462 402 ³  -   -    -   ³  -   -  ³ 332 ³ 242424 ³ 4695 2495 4695 ³ 03.2 ³ 3067 3297  81.8 ³ Produktion /92.
020894 960112 ³ 316 335 110.1 ³ 266 281 ³ 465 404 ³  -   -    -   ³  -   -  ³ 332 ³ 242424 ³ 4695 4295 4695 ³ 03.2 ³ 3069 3298  81.3 ³ Produktion /92.
020892 960112 ³ 317 336 112.1 ³ 266 283 ³ 460 412 ³  -   -    -   ³  -   -  ³ 332 ³ 242424 ³ 4695 3495 4695 ³ 03.2 ³ 3070 3299  81.3 ³ Produktion /92.
031016 960112 ³ 317 336 111.6 ³ 264 285 ³ 462 405 ³  -   -    -   ³  -   -  ³ *** ³ ****** ³ **** **** **** ³ 02.1 ³ 3070 3299  80.8 ³ Reparation/90.
020893 960112 ³ 317 336 110.7 ³ 264 283 ³ 462 402 ³  -   -    -   ³  -   -  ³ 332 ³ 245624 ³ 4695 4295 4695 ³ 03.2 ³ 3069 3298  80.5 ³ Produktion /92.
539025 960116 ³ 316 337 113.6 ³ 261 284 ³ 466 406 ³ 300 327 110.9 ³ 254 270 ³ *** ³ ****** ³ **** **** **** ³ 03.2 ³ 3067 3301  81.0 ³
564275 960116 ³ 315 336 111.0 ³ 262 283 ³ 463 406 ³ 300 329 111.1 ³ 252 270 ³ *** ³ ****** ³ **** **** **** ³ 05.8 ³ 3066 3295  80.5 ³ Rekalibrering/90.
020895 960118 ³ 316 335 110.5 ³ 261 281 ³ 470 396 ³ 302 326 110.0 ³ 252 269 ³ 332 ³ 242424 ³ 4695 4495 4695 ³ 03.2 ³ 3066 3299  80.9 ³ Produktion/92.
020896 960118 ³ 316 336 112.2 ³ 267 280 ³ 466 403 ³  -   -    -   ³  -   -  ³ 332 ³ 242424 ³ 4695 4495 4695 ³ 03.2 ³ 3071 3299  80.3 ³ Produktion/92.
020897 960118 ³ 316 337 112.3 ³ 259 284 ³ 464 399 ³  -   -    -   ³  -   -  ³ 332 ³ 242424 ³ 4695 4495 4695 ³ 03.2 ³ 3069 3299  80.9 ³ Produktion/92.
041452 960118 ³ 316 336 109.8 ³ 260 283 ³ 471 398 ³  -   -    -   ³  -   -  ³ 332 ³ 242424 ³ 4695 4495 4695 ³ 03.2 ³ 3069 3298  79.7 ³ Produktion/90.
041453 960118 ³ 316 336 110.9 ³ 264 282 ³ 469 400 ³  -   -    -   ³  -   -  ³ 332 ³ 242424 ³ 4695 4495 4695 ³ 03.2 ³ 3070 3301  80.9 ³ Produktion/90.
041454 960118 ³ 316 336 111.1 ³ 265 280 ³ 460 394 ³  -   -    -   ³  -   -  ³ 332 ³ 242424 ³ 4695 4495 4695 ³ 03.2 ³ 3067 3300  81.0 ³ Produktion/90.
041465 960119 ³ 316 336 112.2 ³ 266 281 ³ 466 401 ³ 301 330 111.6 ³ 301 330 ³ 332 ³ 242424 ³ 4695 4495 4695 ³ 03.2 ³ 3064 3298  80.4 ³ Produktion/90.
041466 960119 ³ 316 336 112.3 ³ 259 283 ³ 471 396 ³  -   -    -   ³  -   -  ³ 332 ³ 242424 ³ 4695 4495 4695 ³ 03.2 ³ 3067 3297  80.9 ³ Produktion/90.
041467 960122 ³ 315 336 111.0 ³ 264 281 ³ 469 396 ³ 300 330 111.3 ³ 252 270 ³ 332 ³ 242424 ³ 4695 4495 4695 ³ 03.2 ³ 3068 3299  80.1 ³ Produktion/90.
041468 960122 ³ 317 334 111.0 ³ 268 279 ³ 472 398 ³  -   -    -   ³  -   -  ³ 332 ³ 242424 ³ 4695 4495 4695 ³ 03.2 ³ 3070 3296  80.9 ³ Produktion/90.
041469 960122 ³ 317 335 111.9 ³ 262 283 ³ 468 400 ³  -   -    -   ³  -   -  ³ 332 ³ 242424 ³ 4695 4495 4695 ³ 03.2 ³ 3071 3299  81.2 ³ Produktion/90.
041471 960122 ³ 316 336 112.4 ³ 265 281 ³ 466 399 ³  -   -    -   ³  -   -  ³ 332 ³ 242424 ³ 4695 4495 4695 ³ 03.2 ³ 3067 3298  81.1 ³ Produktion/90.
041472 960122 ³ 316 335 109.8 ³ 263 282 ³ 466 401 ³  -   -    -   ³  -   -  ³ 332 ³ 242424 ³ 4695 4495 4695 ³ 03.2 ³ 3072 3300  80.6 ³ Produktion/90.
041473 960122 ³ 315 336 112.5 ³ 259 284 ³ 469 403 ³  -   -    -   ³  -   -  ³ 332 ³ 242457 ³ 4695 4495 3995 ³ 03.2 ³ 3068 3299  81.1 ³ Produktion/90.
041474 960122 ³ 315 334 110.5 ³ 261 281 ³ 467 396 ³  -   -    -   ³  -   -  ³ 332 ³ 242424 ³ 4695 4495 4695 ³ 03.2 ³ 3068 3300  80.3 ³ Produktion/90.
041475 960122 ³ 315 335 111.6 ³ 269 279 ³ 468 397 ³  -   -    -   ³  -   -  ³ 332 ³ 242424 ³ 4695 4495 4695 ³ 03.2 ³ 3069 3298  81.2 ³ Produktion/90.
041491 960131 ³ 316 337 113.5 ³ 262 283 ³ 469 397 ³ 304 330 110.7 ³ 253 270 ³ 332 ³ 562424 ³ 4095 4495 3995 ³ 03.2 ³ 3066 3298  82.1 ³ Produktion/90.
041476 960131 ³ 317 338 113.3 ³ 261 283 ³ 470 403 ³  -   -    -   ³  -   -  ³ 332 ³ 242457 ³ 4695 4495 3995 ³ 03.2 ³ 3069 3299  80.5 ³ Produktion/90.
041477 960131 ³ 316 338 113.3 ³ 266 282 ³ 466 403 ³  -   -    -   ³  -   -  ³ 332 ³ 242457 ³ 4695 4495 3995 ³ 03.2 ³ 3068 3300  80.7 ³ Produktion/90.
041478 960131 ³ 317 337 112.6 ³ 263 283 ³ 469 397 ³  -   -    -   ³  -   -  ³ 332 ³ 562457 ³ 4095 4495 3995 ³ 03.2 ³ 3071 3291  81.3 ³ Produktion/90.
041479 960131 ³ 316 337 111.4 ³ 266 280 ³ 469 401 ³  -   -    -   ³  -   -  ³ 332 ³ 562457 ³ 4095 4495 3995 ³ 03.2 ³ 3068 3295  81.0 ³ Produktion/90.
041480 960131 ³ 316 337 112.5 ³ 262 283 ³ 465 403 ³  -   -    -   ³  -   -  ³ 332 ³ 242457 ³ 4695 4495 3995 ³ 03.2 ³ 3067 3298  80.9 ³ Produktion/90.
041481 960131 ³ 317 338 112.8 ³ 264 282 ³ 469 405 ³  -   -    -   ³  -   -  ³ 332 ³ 562457 ³ 4095 4495 3995 ³ 03.2 ³ 3066 3298  80.7 ³ Produktion/90.
041482 960131 ³ 317 337 111.9 ³ 267 279 ³ 471 400 ³  -   -    -   ³  -   -  ³ 332 ³ 562457 ³ 4095 4495 3995 ³ 03.2 ³ 3069 3295  80.7 ³ Produktion/90.
041483 960131 ³ 317 337 111.9 ³ 262 283 ³ 467 395 ³  -   -    -   ³  -   -  ³ 332 ³ 562457 ³ 4095 4495 3995 ³ 03.2 ³ 3072 3293  80.6 ³ Produktion/90.
041484 960131 ³ 317 336 111.3 ³ 266 281 ³ 470 402 ³  -   -    -   ³  -   -  ³ 332 ³ 562457 ³ 4095 4495 3995 ³ 03.2 ³ 3069 3298  80.7 ³ Produktion/90.
041485 960131 ³ 316 337 111.8 ³ 261 283 ³ 469 397 ³  -   -    -   ³  -   -  ³ 332 ³ 562457 ³ 4095 4495 3995 ³ 03.2 ³ 3068 3300  80.1 ³ Produktion/90.
041409 960201 ³ 316 335 110.7 ³ 262 284 ³ 465 403 ³ 300 327 107.7 ³ 253 270 ³ *** ³ ****** ³ **** **** **** ³ 03.2 ³ 3067 3295  80.7 ³ Reparation/90.
041256 960201 ³ 317 335 112.1 ³ 260 285 ³ 462 402 ³  -   -    -   ³  -   -  ³ *** ³ ****** ³ **** **** **** ³ 03.2 ³ 3068 3298  81.2 ³ Reparation/90.
553184 960201 ³ 316 336 112.2 ³ 272 283 ³ 473 399 ³  -   -    -   ³  -   -  ³ *** ³ ****** ³ **** **** **** ³ 05.8 ³ 3069 3297  80.5 ³ Reparation/90.
041487 960201 ³ 319 337 113.2 ³ 267 280 ³ 470 393 ³  -   -    -   ³  -   -  ³ 332 ³ 562424 ³ 4095 4495 3995 ³ 03.2 ³ 3071 3298  81.2 ³ Produktion/90.
041486 960201 ³ 317 336 112.5 ³ 268 279 ³ 473 398 ³  -   -    -   ³  -   -  ³ 332 ³ 562424 ³ 4095 4495 3995 ³ 03.2 ³ 3071 3300  81.5 ³ Produktion/90.
041488 960201 ³ 317 336 112.4 ³ 265 281 ³ 469 396 ³  -   -    -   ³  -   -  ³ 332 ³ 562424 ³ 4495 3995 3995 ³ 03.2 ³ 3069 3301  81.3 ³ Produktion/90.
041489 960202 ³ 316 335 111.0 ³ 266 281 ³ 469 398 ³ 301 327 106.8 ³ 253 270 ³ 332 ³ 562424 ³ 4095 4495 3995 ³ 03.2 ³ 3067 3299  80.8 ³ Produktion/90.
041490 960202 ³ 316 336 111.7 ³ 263 282 ³ 467 395 ³  -   -    -   ³  -   -  ³ 332 ³ 562424 ³ 4095 4495 3995 ³ 03.2 ³ 3075 3300  81.2 ³ Produktion/90.
041493 960202 ³ 318 338 112.7 ³ 262 282 ³ 468 398 ³  -   -    -   ³  -   -  ³ 332 ³ 562457 ³ 4095 4495 3995 ³      ³ 3071 3301  81.1 ³ Produktion/90.
041492 960202 ³ 317 335 110.9 ³ 267 280 ³ 473 400 ³  -   -    -   ³  -   -  ³ 332 ³ 562457 ³ 4095 4495 3995 ³ 03.2 ³ 3067 3298  81.3 ³ Produktion/90.
020705 960208 ³ 316 336 109.9 ³ 263 282 ³ 461 403 ³ 300 330 106.3 ³ 252 269 ³ *** ³ ****** ³ **** **** **** ³ 05.8 ³ 3072 3296  80.7 ³ Reparation/90.
010638 960208 ³ 317 338 111.7 ³ 263 285 ³ 462 400 ³  -   -    -   ³  -   -  ³ *** ³ ****** ³ **** **** **** ³ 02.1 ³ 3074 3299  80.4 ³ Reparation/90.
020652 960209 ³ 316 337 111.1 ³ 261 283 ³ 428 417 ³  -   -    -   ³  -   -  ³ *** ³ ****** ³ **** **** **** ³ 05.7 ³ 3060 3306  81.3 ³ Reparation/90.
020899 960209 ³ 316 336 110.1 ³ 263 281 ³ 465 403 ³  -   -    -   ³  -   -  ³ 332 ³ 242424 ³ 4695 4495 4695 ³ 03.2 ³ 3071 3300  81.5 ³ Produktion/92.
020900 960209 ³ 317 336 111.2 ³ 262 281 ³ 467 400 ³  -   -    -   ³  -   -  ³ 332 ³ 242424 ³ 4695 4495 4695 ³ 03.2 ³ 3071 3299  81.1 ³ Produktion/92.
020901 960209 ³ 317 335 108.8 ³ 261 281 ³ 466 396 ³  -   -    -   ³  -   -  ³ 332 ³ 242424 ³ 4695 4495 4695 ³ 03.2 ³ 3067 3298  81.0 ³ Produktion/92.
020902 960209 ³ 317 337 110.6 ³ 262 282 ³ 468 401 ³  -   -    -   ³  -   -  ³ 332 ³ 242424 ³ 4695 4495 4695 ³ 03.2 ³ 3072 3299  80.8 ³ Produktion/92.
020898 960209 ³ 316 337 111.7 ³ 265 280 ³ 467 400 ³  -   -    -   ³  -   -  ³ 332 ³ 242424 ³ 4695 4495 4695 ³ 03.2 ³ 3068 3302  81.4 ³ Produktion/92.
539003 960212 ³ 316 336 107.6 ³ 261 282 ³ 471 396 ³ 299 330 105.9 ³ 252 270 ³ *** ³ ****** ³ **** **** **** ³ 05.7 ³ 3062 3304  80.5 ³ Reparation/90.
539020 960214 ³ 316 336 111.8 ³ 261 283 ³ 458 408 ³ 302 329 105.9 ³ 252 270 ³ *** ³ ****** ³ **** **** **** ³ 05.7 ³ 3067 3302  81.2 ³ Reparation/90.
554189 960214 ³ 316 337 111.5 ³ 263 283 ³ 464 404 ³  -   -    -   ³  -   -  ³ *** ³ ****** ³ **** **** **** ³ 05.8 ³ 3064 3302  80.6 ³ Reparation/90.
020792 960215 ³ 316 338 111.5 ³ 259 286 ³ 465 404 ³ 304 330 106.6 ³ 253 270 ³ *** ³ ****** ³ **** **** **** ³ 03.2 ³ 3068 3299  80.7 ³ Opgradering/90.
041494 960215 ³ 317 337 110.2 ³ 263 282 ³ 462 404 ³  -   -    -   ³  -   -  ³ 332 ³ 242457 ³ 2495 0196 3995 ³ 03.2 ³ 3068 3299  80.1 ³ Produktion/90.
041495 960215 ³ 316 336 111.6 ³ 261 285 ³ 463 404 ³  -   -    -   ³  -   -  ³ 332 ³ 242457 ³ 2495 0196 3995 ³ 03.2 ³ 3067 3297  81.4 ³ Produktion/90.
041496 960215 ³ 317 337 111.5 ³ 258 285 ³ 468 405 ³  -   -    -   ³  -   -  ³ 332 ³ 242457 ³ 2495 0196 3995 ³ 03.2 ³ 3069 3297  81.1 ³ Produktion/90.
041497 960215 ³ 317 336 111.4 ³ 258 285 ³ 466 404 ³  -   -    -   ³  -   -  ³ 332 ³ 242457 ³ 2495 0196 3995 ³ 03.2 ³ 3071 3291  79.8 ³ Produktion/90.
041498 960215 ³ 317 335 110.3 ³ 260 284 ³ 467 402 ³  -   -    -   ³  -   -  ³ 332 ³ 242457 ³ 2495 0196 3995 ³ 03.2 ³ 3078 3288  80.6 ³ Produktion /90.
041499 960215 ³ 317 335 108.7 ³ 263 283 ³ 468 405 ³  -   -    -   ³  -   -  ³ 332 ³ 242457 ³ 2495 0196 3995 ³ 03.2 ³ 3064 3299  79.6 ³ Produktion /90.
041502 960215 ³ 317 336 111.3 ³ 268 282 ³ 469 402 ³  -   -    -   ³  -   -  ³ 332 ³ 562457 ³ 4095 0196 3995 ³ 03.2 ³ 3067 3296  79.7 ³ Produktion /90.
041500 960215 ³ 317 337 111.1 ³ 260 286 ³ 465 405 ³  -   -    -   ³  -   -  ³ 332 ³ 242457 ³ 2495 4495 3995 ³ 03.2 ³ 3072 3303  81.2 ³ Produktion /90.
041501 960215 ³ 317 337 112.0 ³ 258 285 ³ 469 405 ³  -   -    -   ³  -   -  ³ 332 ³ 242457 ³ 2495 4495 3995 ³ 03.2 ³ 3069 3298  81.3 ³ Produktion /90.
041503 960215 ³ 317 335 110.7 ³ 259 284 ³ 470 401 ³  -   -    -   ³  -   -  ³ 332 ³ 242457 ³ 2495 4495 3995 ³ 03.2 ³ 3068 3297  81.4 ³ Produktion /90.
041513 960216 ³ 318 338 112.6 ³ 258 287 ³ 465 401 ³ 304 328 111.7 ³ 253 270 ³ 332 ³ 242457 ³ 2495 0196 3995 ³ 03.2 ³ 3079 3300  79.8 ³ Produktion /90.
041506 960216 ³ 317 336 110.4 ³ 263 284 ³ 469 403 ³  -   -    -   ³  -   -  ³ 332 ³ 562457 ³ 4695 0196 3995 ³ 03.2 ³ 3070 3300  81.3 ³ Produktion /90.
041505 960216 ³ 316 337 110.7 ³ 262 286 ³ 467 408 ³  -   -    -   ³  -   -  ³ 332 ³ 562457 ³ 4695 0196 3995 ³ 03.2 ³ 3070 3299  81.4 ³ Produktion /90.
041510 960216 ³ 316 337 111.9 ³ 261 285 ³ 467 401 ³  -   -    -   ³  -   -  ³ 332 ³ 562457 ³ 4695 0196 3995 ³ 03.2 ³ 3072 3300  80.8 ³ Produktion /90.
041512 960216 ³ 316 337 110.9 ³ 261 285 ³ 462 404 ³  -   -    -   ³  -   -  ³ 332 ³ 562457 ³ 4695 0196 3995 ³ 03.2 ³ 3072 3301  81.1 ³ Produktion /90.
041508 960216 ³ 315 337 110.5 ³ 259 287 ³ 466 400 ³  -   -    -   ³  -   -  ³ 332 ³ 562457 ³ 4695 0196 3995 ³ 03.2 ³ 3074 3300  81.4 ³ Produktion /90.
041509 960216 ³ 317 336 111.7 ³ 262 285 ³ 464 402 ³  -   -    -   ³  -   -  ³ 332 ³ 242457 ³ 2495 0196 3995 ³ 03.2 ³ 3070 3302  81.1 ³ Produktion /90.
041507 960216 ³ 316 336 110.3 ³ 266 283 ³ 467 403 ³  -   -    -   ³  -   -  ³ 332 ³ 562457 ³ 4695 0196 3995 ³ 03.2 ³ 3069 3296  80.8 ³ Produktion /90.
041511 960216 ³ 316 338 110.5 ³ 262 285 ³ 467 404 ³  -   -    -   ³  -   -  ³ 332 ³ 562457 ³ 4695 0196 3995 ³ 03.2 ³ 3074 3301  81.1 ³ Produktion /90.
041504 960216 ³ 316 336 107.6 ³ 260 285 ³ 469 405 ³  -   -    -   ³  -   -  ³ 332 ³ 562457 ³ 4695 0196 3995 ³ 03.2 ³ 3068 3285  79.7 ³ Produktion /90.
041470 960216 ³ 316 337 111.1 ³ 259 286 ³ 465 406 ³  -   -    -   ³  -   -  ³ 332 ³ 562457 ³ 4695 0196 3995 ³ 03.2 ³ 3069 3299  80.9 ³ Produktion /90.
020751 960219 ³ 317 337 111.6 ³ 265 284 ³ 468 402 ³ 301 327 110.2 ³ 252 269 ³ *** ³ ****** ³ **** **** **** ³ 05.8 ³ 3070 3299  80.4 ³ Produktion/90.
031186 960222 ³ 317 337 110.8 ³ 265 283 ³ 459 406 ³  -   -    -   ³  -   -  ³ *** ³ ****** ³ **** **** **** ³ 02.1 ³ 3069 3301  80.7 ³ Reparation/90.
539021 960222 ³ 316 336 111.6 ³ 264 283 ³ 461 405 ³  -   -    -   ³  -   -  ³ *** ³ ****** ³ **** **** **** ³ 05.7 ³ 3068 3300  81.1 ³ Reparation/90.
020717 960222 ³ 315 337 109.9 ³ 258 285 ³ 461 405 ³  -   -    -   ³  -   -  ³ *** ³ ****** ³ **** **** **** ³ 05.8 ³ 3067 3300  80.9 ³ Reparation/90.
544110 960227 ³ 316 337 111.1 ³ 262 284 ³ 464 405 ³ 302 327 109.2 ³ 253 269 ³ *** ³ ****** ³ **** **** **** ³ 05.7 ³ 3070 3298  80.5 ³ reparation
020728 960228 ³ 317 337 112.2 ³ 260 283 ³ 465 404 ³ 302 330 109.9 ³ 252 269 ³ *** ³ ****** ³ **** **** **** ³ 05.8 ³ 3070 3297  80.9 ³ Reparation/90.
010705 960228 ³ 317 336 110.0 ³ 259 284 ³ 465 403 ³  -   -    -   ³  -   -  ³ *** ³ ****** ³ **** **** **** ³      ³ 3071 3298  81.2 ³ Reparation/92.
020798 960228 ³ 317 336 110.6 ³ 264 286 ³ 463 411 ³  -   -    -   ³  -   -  ³ *** ³ ****** ³ **** **** **** ³ 03.2 ³ 3068 3298  81.1 ³ Reparation/92.
031260 960301 ³ 316 337 109.1 ³ 263 285 ³ 466 406 ³ 302 329 108.0 ³ 253 270 ³ 332 ³ 565657 ³ 4695 4295 3995 ³ 03.2 ³ 3065 3300  79.7 ³ Produktion/90. Glemt proceskor
041520 960301 ³ 317 337 110.2 ³ 259 285 ³ 463 400 ³  -   -    -   ³  -   -  ³ 332 ³ 562424 ³ 3995 0196 4395 ³ 03.2 ³ 3071 3300  80.1 ³ Produktion/90.
020903 960304 ³ 317 336 110.1 ³ 263 284 ³ 466 409 ³ 301 330 109.2 ³ 253 269 ³ 332 ³ 562457 ³ 4695 0196 3995 ³ 03.2 ³ 3066 3297  80.8 ³ Produktion/92.
020904 960304 ³ 318 337 110.7 ³ 262 284 ³ 467 404 ³  -   -    -   ³  -   -  ³ 332 ³ 562457 ³ 4695 0196 3995 ³ 03.2 ³ 3072 3298  80.8 ³ Produktion/92.
020905 960304 ³ 318 337 110.7 ³ 262 284 ³ 461 400 ³  -   -    -   ³  -   -  ³ 332 ³ 562457 ³ 4695 0196 3995 ³ 03.2 ³ 3071 3299  80.5 ³ Produktion/92.
020906 960304 ³ 318 337 111.3 ³ 262 284 ³ 463 404 ³  -   -    -   ³  -   -  ³ 332 ³ 562424 ³ 4695 0196 4395 ³ 03.2 ³ 3071 3300  80.4 ³ Produktion/92.
020907 960304 ³ 317 337 109.9 ³ 264 282 ³ 465 408 ³  -   -    -   ³  -   -  ³ 332 ³ 562457 ³ 2495 0196 3995 ³ 03.2 ³ 3065 3304  80.5 ³ Produktion/92.
020908 960304 ³ 317 337 110.4 ³ 262 283 ³ 467 406 ³  -   -    -   ³  -   -  ³ 332 ³ 562424 ³ 4695 0196 4395 ³ 03.2 ³ 3070 3299  81.1 ³ Produktion/92.
020910 960304 ³ 317 337 110.4 ³ 264 282 ³ 464 406 ³  -   -    -   ³  -   -  ³ 332 ³ 562424 ³ 2495 0196 4395 ³      ³ 3071 3298  80.8 ³ Produktion/92.
020911 960304 ³ 317 337 110.2 ³ 267 281 ³ 457 403 ³  -   -    -   ³  -   -  ³ 332 ³ 562424 ³ 2495 0196 4395 ³ 03.2 ³ 3071 3297  80.2 ³ Produktion/92.
020912 960304 ³ 316 336 109.9 ³ 263 282 ³ 464 404 ³  -   -    -   ³  -   -  ³ 332 ³ 562424 ³ 4695 0196 4395 ³ 03.2 ³ 3070 3300  80.6 ³ Produktion/92.
020913 960305 ³ 317 336 110.2 ³ 261 286 ³ 465 405 ³ 303 329 109.6 ³ 253 270 ³ 332 ³ 562424 ³ 2495 0196 4395 ³ 03.2 ³ 3069 3299  81.1 ³ Produktion/92.
020914 960305 ³ 317 337 112.5 ³ 260 284 ³ 459 402 ³  -   -    -   ³  -   -  ³ 332 ³ 562424 ³ 2495 0196 4395 ³ 03.2 ³ 3071 3300  81.1 ³ Produktion/92.
031187 960306 ³ 315 335 109.3 ³ 262 281 ³ 454 400 ³ 300 326 106.5 ³ 252 270 ³ *** ³ ****** ³ **** **** **** ³ 02.1 ³ 3066 3299  80.2 ³ Reparation/90.
020845 960311 ³ 317 337 108.7 ³ 264 283 ³ 468 401 ³ 303 329 109.4 ³ 253 269 ³ *** ³ ****** ³ **** **** **** ³ 05.8 ³ 3068 3300  80.8 ³ Reparation/90.
020926 960314 ³ 315 335 109.9 ³ 268 282 ³ 472 400 ³ 302 329 111.9 ³ 254 268 ³ 332 ³ 242424 ³ 0996 0196 4395 ³ 03.2 ³ 3069 3298  81.1 ³ Produktion/92.
041521 960314 ³ 317 336 112.0 ³ 269 281 ³ 472 393 ³  -   -    -   ³  -   -  ³ 332 ³ 242424 ³ 0996 0196 4395 ³ 03.2 ³ 3067 3300  81.1 ³ Produktion/92.
020614 960315 ³ 316 337 111.7 ³ 263 283 ³ 460 406 ³ 300 328 110.2 ³ 253 269 ³ *** ³ ****** ³ **** **** **** ³ 05.8 ³ 3072 3299  80.4 ³ Reparation/90.
539005 960315 ³ 317 336 110.8 ³ 264 286 ³ 468 389 ³  -   -    -   ³  -   -  ³ *** ³ ****** ³ **** **** **** ³ 03.2 ³ 3067 3300  80.5 ³ Reparation/90.
031205 960318 ³ 318 336 111.9 ³ 264 285 ³ 465 406 ³  -   -    -   ³  -   -  ³ *** ³ ****** ³ **** **** **** ³ 02.1 ³ 3078 3301  81.0 ³ Reparation/90.
020916 960320 ³ 317 336 111.7 ³ 270 281 ³ 471 392 ³ 301 327 109.7 ³ 252 269 ³ 332 ³ 242424 ³ 0996 0196 4395 ³ 03.2 ³ 3072 3302  81.6 ³ Produktion/92.
020917 960320 ³ 317 336 112.1 ³ 271 280 ³ 471 398 ³  -   -    -   ³  -   -  ³ 332 ³ 242424 ³ 0996 0196 4395 ³ 03.2 ³ 3070 3300  81.0 ³ Produktion/92.
020918 960320 ³ 317 335 111.1 ³ 266 280 ³ 464 394 ³  -   -    -   ³  -   -  ³ 332 ³ 562424 ³ 2495 0196 4395 ³ 03.2 ³ 3070 3298  81.2 ³ Produktion/92.
020919 960320 ³ 317 336 112.0 ³ 272 281 ³ 475 396 ³  -   -    -   ³  -   -  ³ 332 ³ 242424 ³ 0996 0196 4395 ³ 03.2 ³ 3070 3300  81.3 ³ Produktion/92.
020920 960320 ³ 317 335 111.5 ³ 272 280 ³ 476 396 ³  -   -    -   ³  -   -  ³ 332 ³ 242424 ³ 0996 0196 4395 ³ 03.2 ³ 3078 3299  80.8 ³ Produktion/92.
020921 960320 ³ 317 334 109.3 ³ 269 280 ³ 475 395 ³  -   -    -   ³  -   -  ³ 332 ³ 242424 ³ 0996 0196 4395 ³ 03.2 ³ 3071 3299  80.1 ³ Produktion/92.
020922 960320 ³ 316 336 111.8 ³ 265 282 ³ 473 396 ³  -   -    -   ³  -   -  ³ 332 ³ 242424 ³ 0996 0196 4395 ³ 03.2 ³ 3069 3301  81.3 ³ Produktion/92.
020915 960320 ³ 317 335 111.2 ³ 273 280 ³ 475 396 ³  -   -    -   ³  -   -  ³ 332 ³ 242424 ³ 0996 0196 4395 ³ 03.2 ³ 3068 3300  81.4 ³ Produktion/92.
020923 960320 ³ 317 334 110.5 ³ 272 280 ³ 475 397 ³  -   -    -   ³  -   -  ³ 332 ³ 242424 ³ 0996 0196 4395 ³ 03.2 ³ 3069 3299  80.9 ³ Produktion/92.
020924 960320 ³ 317 336 110.8 ³ 269 281 ³ 469 390 ³  -   -    -   ³  -   -  ³ 332 ³ 422424 ³ 0996 0196 4395 ³ 03.2 ³ 3070 3299  80.5 ³ produktion/92.
020925 960320 ³ 315 336 111.7 ³ 263 283 ³ 462 406 ³  -   -    -   ³  -   -  ³ 332 ³ 562424 ³ 4695 0196 4395 ³ 03.2 ³ 3068 3298  81.5 ³ Produktion/92.
020927 960320 ³ 317 335 109.4 ³ 266 281 ³ 471 393 ³  -   -    -   ³  -   -  ³ 332 ³ 242457 ³ 0996 0996 4395 ³ 03.2 ³ 3070 3299  80.6 ³ Produktion/92.
041515 960321 ³ 317 338 113.6 ³ 266 282 ³ 467 392 ³ 305 330 112.4 ³ 252 269 ³ 332 ³ 242424 ³ 0996 0196 4395 ³ 03.2 ³ 3068 3302  80.6 ³ Produktion/90.
041516 960321 ³ 317 337 112.9 ³ 268 282 ³ 471 398 ³  -   -    -   ³  -   -  ³ 332 ³ 242457 ³ 0996 0996 4395 ³      ³ 3069 3298  81.0 ³ Produktion/90.
041517 960321 ³ 319 336 112.2 ³ 268 281 ³ 467 397 ³  -   -    -   ³  -   -  ³ 332 ³ 242424 ³ 0296 0196 4395 ³ 03.2 ³ 3076 3297  80.7 ³ Produktion/90.
041518 960321 ³ 317 336 112.7 ³ 270 280 ³ 469 395 ³  -   -    -   ³  -   -  ³ 332 ³ 242424 ³ 0996 0996 4395 ³ 03.2 ³ 3068 3298  80.9 ³ Produktion/90.
041519 960321 ³ 317 337 113.2 ³ 264 283 ³ 474 392 ³  -   -    -   ³  -   -  ³ 332 ³ 242424 ³ 0996 0196 4396 ³ 03.2 ³ 3071 3300  81.0 ³ Produktion/90.
041522 960322 ³ 317 335 112.1 ³ 271 280 ³ 470 394 ³ 303 328 109.5 ³ 253 270 ³ 332 ³ 242424 ³ 0996 0996 4395 ³ 03.2 ³ 3069 3300  81.4 ³ Produktion/90.
041523 960322 ³ 317 337 113.2 ³ 270 280 ³ 471 397 ³  -   -    -   ³  -   -  ³ 332 ³ 242424 ³ 0996 0996 4395 ³ 03.2 ³ 3068 3300  81.2 ³ Produktion/90.
041524 960322 ³ 317 335 111.2 ³ 265 284 ³ 467 395 ³  -   -    -   ³  -   -  ³ 332 ³ 242424 ³ 0996 0996 4395 ³ 03.2 ³ 3068 3300  80.6 ³ Produktion/90.
041525 960322 ³ 317 336 113.8 ³ 264 283 ³ 470 398 ³  -   -    -   ³  -   -  ³ 332 ³ 242424 ³ 0996 0996 4395 ³ 03.2 ³ 3069 3300  81.5 ³ Produktion/90.
041526 960322 ³ 318 334 111.1 ³ 270 280 ³ 472 393 ³  -   -    -   ³  -   -  ³ 332 ³ 242424 ³ 0996 3496 4395 ³ 03.2 ³ 3072 3298  81.0 ³ Produktion/90.
041532 960322 ³ 317 335 112.3 ³ 264 282 ³ 472 394 ³  -   -    -   ³  -   -  ³ 332 ³ 242457 ³ 0996 0996 4395 ³ 03.2 ³ 3070 3297  81.5 ³ Produktion/90.
041533 960322 ³ 318 335 112.2 ³ 272 279 ³ 475 393 ³  -   -    -   ³  -   -  ³ 332 ³ 242424 ³ 0996 0996 4395 ³ 03.2 ³ 3069 3299  80.6 ³ Produktion/90.
041534 960322 ³ 317 336 111.8 ³ 266 281 ³ 469 390 ³  -   -    -   ³  -   -  ³ 332 ³ 242424 ³ 0996 0196 4395 ³ 03.2 ³ 3066 3297  80.1 ³ Produktion/90.
041535 960322 ³ 318 335 112.3 ³ 271 279 ³ 476 391 ³  -   -    -   ³  -   -  ³ 332 ³ 242424 ³ 0996 0196 4395 ³ 03.2 ³ 3069 3298  82.1 ³ Produktion/90.
041536 960322 ³ 318 334 111.2 ³ 272 279 ³ 476 396 ³  -   -    -   ³  -   -  ³ 332 ³ 242457 ³ 0996 0996 4395 ³ 03.2 ³ 3072 3298  80.2 ³ Produktion/90.
041537 960322 ³ 317 338 111.5 ³ 268 281 ³ 461 394 ³  -   -    -   ³  -   -  ³ 332 ³ 242457 ³ 0996 0996 4395 ³ 03.2 ³ 3067 3308  81.3 ³ Produktion/90.
041539 960322 ³ 319 336 112.8 ³ 270 281 ³ 473 397 ³  -   -    -   ³  -   -  ³ 332 ³ 242457 ³ 0996 0796 4395 ³ 03.2 ³ 3069 3301  81.1 ³ Produktion/90.
041538 960322 ³ 318 335 111.6 ³ 269 281 ³ 471 394 ³  -   -    -   ³  -   -  ³ 332 ³ 242424 ³ 0996 0996 4395 ³ 03.2 ³ 3070 3301  80.8 ³ Produktion/90.
041530 960325 ³ 319 337 114.2 ³ 266 282 ³ 471 393 ³ 302 328 109.6 ³ 254 269 ³ 332 ³ 242424 ³ 0996 0996 4395 ³ 03.2 ³ 3072 3300  80.3 ³ Produktion /90.
041527 960325 ³ 317 336 115.3 ³ 269 281 ³ 468 394 ³  -   -    -   ³  -   -  ³ 332 ³ 242424 ³ 0996 0996 4395 ³ 03.2 ³ 3061 3294  83.0 ³ Produktion /90.
041529 960325 ³ 317 336 111.9 ³ 267 282 ³ 476 394 ³  -   -    -   ³  -   -  ³ 332 ³ 242424 ³ 0996 0996 4395 ³ 03.2 ³ 3067 3297  81.3 ³ Produktion /90.
041528 960325 ³ 317 336 110.9 ³ 266 283 ³ 472 391 ³  -   -    -   ³  -   -  ³ 332 ³ 242424 ³ 0996 0196 4395 ³ 03.2 ³ 3070 3300  81.0 ³ Produktion /90.
041531 960325 ³ 317 338 112.3 ³ 268 282 ³ 473 395 ³  -   -    -   ³  -   -  ³ 332 ³ 242424 ³ 0996 0996 4995 ³ 03.2 ³ 3065 3296  81.5 ³ Produktion /90.
041323 960401 ³ 317 336 111.4 ³ 266 286 ³ 462 411 ³ 303 328 109.9 ³ 253 269 ³ *** ³ ****** ³ **** **** **** ³ 03.2 ³ 3066 3296  81.5 ³ Reparation/90.
041540 960403 ³ 318 335 111.9 ³ 267 281 ³ 467 393 ³ 304 329 112.8 ³ 254 268 ³ 332 ³ 242457 ³ 1196 0996 4395 ³ 03.2 ³ 3066 3298  81.4 ³ Produktion/90.
041541 960403 ³ 318 337 113.3 ³ 265 282 ³ 471 398 ³  -   -    -   ³  -   -  ³ 332 ³ 242457 ³ 1196 0996 4395 ³ 03.2 ³ 3070 3296  80.9 ³ Produktion/90.
041542 960403 ³ 317 337 112.9 ³ 270 280 ³ 468 392 ³  -   -    -   ³  -   -  ³ 332 ³ 242457 ³ 1196 0996 4395 ³ 03.2 ³ 3070 3299  81.8 ³ produktion/90.
041543 960403 ³ 317 337 112.5 ³ 270 281 ³ 472 395 ³  -   -    -   ³  -   -  ³ 332 ³ 242457 ³ 1196 0996 4395 ³ 03.2 ³ 3067 3299  81.2 ³ Produktion/90.
041544 960403 ³ 316 336 111.9 ³ 263 284 ³ 470 398 ³  -   -    -   ³  -   -  ³ 332 ³ 242457 ³ 1196 0996 4395 ³ 03.2 ³ 3065 3298  81.2 ³ Produktion/90.
041545 960403 ³ 317 336 111.2 ³ 264 283 ³ 467 396 ³  -   -    -   ³  -   -  ³ 332 ³ 242457 ³ 1196 0996 4395 ³ 03.2 ³ 3070 3295  81.3 ³ Produktion/90.
020929 960410 ³ 317 336 114.7 ³ 266 283 ³ 471 398 ³ 304 326 110.1 ³ 252 270 ³ 332 ³ 242457 ³ 0996 0996 4395 ³ 03.2 ³ 3069 3297  80.9 ³ produktion/92.
020930 960410 ³ 317 337 112.0 ³ 268 281 ³ 467 395 ³  -   -    -   ³  -   -  ³ 332 ³ 242457 ³ 0996 0796 4395 ³ 03.2 ³ 3070 3299  80.7 ³ Produktion/92.
020931 960410 ³ 318 336 111.8 ³ 266 282 ³ 476 397 ³  -   -    -   ³  -   -  ³ 332 ³ 242457 ³ 1196 0996 4395 ³      ³ 3072 3300  81.4 ³ Produktion/92.
020938 960410 ³ 317 335 111.3 ³ 266 282 ³ 476 394 ³  -   -    -   ³  -   -  ³ 332 ³ 242457 ³ 1196 0996 4395 ³ 03.2 ³ 3072 3295  80.1 ³ Produktion/92.
020939 960410 ³ 318 337 111.9 ³ 270 280 ³ 470 397 ³  -   -    -   ³  -   -  ³ 332 ³ 242457 ³ 1196 0996 4395 ³ 03.2 ³ 3072 3300  80.9 ³ Produktion/92.
020928 960410 ³ 317 336 113.0 ³ 264 282 ³ 470 390 ³  -   -    -   ³  -   -  ³ 332 ³ 242457 ³ 0996 0996 4395 ³ 03.2 ³ 3069 3293  81.3 ³ Produktion/92.
551141 960411 ³ 318 336 111.7 ³ 271 277 ³ 483 378 ³ 304 328 110.2 ³ 253 269 ³ *** ³ ****** ³ **** **** **** ³ 05.7 ³ 3067 3299  81.1 ³ Reparation/90.
030950 960417 ³ 317 337 112.8 ³ 264 285 ³ 461 401 ³ 303 330 110.4 ³ 253 269 ³ *** ³ ****** ³ **** **** **** ³ 02.1 ³ 3067 3299  80.8 ³ Reparation/90.
041556 960419 ³ 317 337 110.6 ³ 264 282 ³ 470 395 ³  -   -    -   ³  -   -  ³ 332 ³ 242457 ³ 1196 1996 4395 ³ 03.2 ³ 3067 3299  80.3 ³ Produktion/90.
041557 960419 ³ 319 335 110.9 ³ 272 280 ³ 469 389 ³  -   -    -   ³  -   -  ³ 332 ³ 242457 ³ 1196 0996 4395 ³ 03.2 ³ 3068 3299  81.1 ³ Produktion/90.
020932 960418 I 316 336 108.8 I 268 280 I 473 392 I 300 327 108.3 I 253 269 I 332 I 242457 I 1196 0996 4395 I 03.2 I 3063 3293  79.8 I Produktion/916.
020933 960418 I 317 336 108.8 I 265 284 I 474 398 I  -   -    -   I  -   -  I 332 I 242457 I 1196 0996 4395 I 03.2 I 3064 3296  80.9 I Produktion/916.
020934 960418 I 317 335 108.2 I 269 281 I 474 395 I  -   -    -   I  -   -  I 332 I 242457 I 1196 0996 4395 I 03.2 I 3078 3295  80.1 I Produktion/916.
020935 960418 I 318 333 108.9 I 268 281 I 473 390 I  -   -    -   I  -   -  I 332 I 242457 I 1196 0996 4395 I 03.2 I 3083 3286  80.0 I Produktion/916.
020936 960418 I 315 336 109.5 I 267 282 I 467 397 I  -   -    -   I  -   -  I 332 I 242457 I 1196 0996 4395 I 03.2 I 3067 3296  80.9 I Produktion/916.
020937 960418 I 338 335 110.1 I 268 281 I 473 396 I  -   -    -   I  -   -  I 332 I 242457 I 1196 0996 4395 I 03.2 I 3075 3295  81.1 I Produktion/916.
041546 960426 ³ 318 336 110.4 ³ 271 281 ³ 471 397 ³ 303 328 110.8 ³ 252 269 ³ 332 ³ 242457 ³ 1195 0996 4395 ³ 03.2 ³ 3069 3294  79.9 ³ Produktion/90.
041547 960426 ³ 317 336 111.7 ³ 264 282 ³ 468 388 ³  -   -    -   ³  -   -  ³ 332 ³ 242457 ³ 1196 0996 4395 ³ 03.2 ³ 3071 3287  80.9 ³ Produktion/90.
041548 960426 ³ 317 336 110.7 ³ 268 281 ³ 471 393 ³  -   -    -   ³  -   -  ³ 332 ³ 242457 ³ 1196 0996 4395 ³ 03.2 ³ 3066 3297  80.6 ³ Produktion/90.
041549 960426 ³ 317 336 110.6 ³ 266 281 ³ 469 389 ³  -   -    -   ³  -   -  ³ 332 ³ 242457 ³ 1196 0996 4395 ³ 03.2 ³ 3069 3292  80.9 ³ Produktion/90.
041550 960426 ³ 317 337 112.1 ³ 268 281 ³ 467 390 ³  -   -    -   ³  -   -  ³ 332 ³ 242457 ³ 1196 0996 4396 ³ 03.2 ³ 3068 3299  81.3 ³ Produktion/90.
041551 960426 ³ 317 335 110.1 ³ 265 282 ³ 473 396 ³  -   -    -   ³  -   -  ³ 332 ³ 242457 ³ 1196 0996 4395 ³ 03.2 ³ 3074 3288  80.8 ³ Produktion/90.
041552 960426 ³ 318 336 110.6 ³ 271 280 ³ 472 392 ³  -   -    -   ³  -   -  ³ 332 ³ 242457 ³ 1196 0996 4395 ³ 03.2 ³ 3067 3298  81.1 ³ Produktion/90.
041553 960426 ³ 317 336 111.9 ³ 263 282 ³ 473 389 ³  -   -    -   ³  -   -  ³ 332 ³ 242457 ³ 1196 0996 4395 ³ 03.2 ³ 3071 3292  80.9 ³ Produktion/90.
041554 960426 ³ 317 336 111.6 ³ 265 283 ³ 462 385 ³  -   -    -   ³  -   -  ³ 332 ³ 242457 ³ 1196 0996 4395 ³ 03.2 ³ 3069 3298  80.7 ³ Produktion/90.
041555 960426 ³ 317 335 111.0 ³ 264 282 ³ 474 387 ³  -   -    -   ³  -   -  ³ 332 ³ 242457 ³ 1196 0996 4395 ³ 03.2 ³ 3068 3296  81.2 ³ Produktion/90.
041558 960426 ³ 318 336 112.1 ³ 268 282 ³ 467 391 ³  -   -    -   ³  -   -  ³ 332 ³ 242457 ³ 0996 1196 4395 ³ 03.2 ³ 3073 3289  80.7 ³ Produktion/90.
020940 960426 ³ 317 337 111.9 ³ 263 282 ³ 465 383 ³  -   -    -   ³  -   -  ³ 332 ³ 242457 ³ 1496 0996 4395 ³ 03.2 ³ 3071 3300  80.8 ³ Produktion/92.
020941 960426 ³ 317 337 111.9 ³ 264 283 ³ 463 382 ³  -   -    -   ³  -   -  ³ 332 ³ 242457 ³ 1196 0996 4395 ³      ³ 3073 3300  81.0 ³ Produktion/92.
031072 960429 ³ 319 340 111.6 ³ 265 287 ³ 469 409 ³ 303 327 108.9 ³ 253 269 ³ *** ³ ****** ³ **** **** **** ³ 02.1 ³ 3072 3301  81.1 ³ Reparation/90.
030870 960429 ³ 317 337 111.0 ³ 262 286 ³ 465 402 ³  -   -    -   ³  -   -  ³ *** ³ ****** ³ **** **** **** ³ 02.1 ³ 3065 3304  80.6 ³ Reparation/90.
554177 960429 ³ 317 336 110.6 ³ 276 277 ³ 481 388 ³  -   -    -   ³  -   -  ³ *** ³ ****** ³ **** **** **** ³ 05.7 ³ 3071 3298  80.5 ³ Reparation/90.
010671 960430 ³ 316 338 111.1 ³ 263 287 ³ 464 407 ³ 300 329 109.6 ³ 252 269 ³ *** ³ ****** ³ **** **** **** ³ 02.1 ³ 3068 3299  80.5 ³ Reparation/92.
041559 960502 ³ 317 336 111.3 ³ 278 288 ³ 466 393 ³ 305 328 110.0 ³ 252 269 ³ 332 ³ 242457 ³ 1196 0996 4396 ³ 03.2 ³ 3066 3295  81.0 ³ Produktion/90.
041560 960502 ³ 319 337 112.8 ³ 258 277 ³ 488 397 ³  -   -    -   ³  -   -  ³ 332 ³ 242457 ³ 1196 0996 4396 ³ 03.2 ³ 3064 3296  82.1 ³ produktion/90.
041561 960502 ³ 318 336 109.3 ³ 270 281 ³ 469 399 ³  -   -    -   ³  -   -  ³ 332 ³ 242457 ³ 1196 1696 4395 ³ 03.2 ³ 3073 3295  79.8 ³ Produktion/90.
041502 960507 ³ 317 336 109.7 ³ 269 281 ³ 469 401 ³ 303 329 109.2 ³ 252 270 ³ 332 ³ ****** ³ **** **** **** ³ 03.2 ³ 3070 3299  80.4 ³ Reparation/90.
041562 960507 ³ 318 337 108.9 ³ 272 280 ³ 465 390 ³  -   -    -   ³  -   -  ³ 332 ³ 242457 ³ 1196 1696 4395 ³ 03.2 ³ 3070 3300  80.7 ³ Produktion/90.
041564 960507 ³ 317 337 109.7 ³ 269 281 ³ 459 392 ³  -   -    -   ³  -   -  ³ 332 ³ 242457 ³ 1196 1696 4396 ³ 03.2 ³ 3064 3299  81.4 ³ Produktion/90.
041563 960507 ³ 318 336 109.3 ³ 271 280 ³ 464 392 ³  -   -    -   ³  -   -  ³ 332 ³ 242457 ³ 1196 1996 4395 ³ 03.2 ³ 3069 3298  80.7 ³ Produktion/90.
041565 960508 ³ 319 337 109.6 ³ 267 282 ³ 468 389 ³ 305 330 110.4 ³ 253 269 ³ 332 ³ 242457 ³ 1196 1696 4395 ³ 03.2 ³ 3069 3285  80.2 ³ Produktion/90.
041567 960508 ³ 318 338 110.8 ³ 267 284 ³ 467 391 ³  -   -    -   ³  -   -  ³ 332 ³ 242157 ³ 1196 1696 4395 ³ 03.2 ³ 3069 3300  80.9 ³ Produktion/90.
041568 960508 ³ 317 338 108.1 ³ 264 285 ³ 469 400 ³  -   -    -   ³  -   -  ³ 332 ³ 242457 ³ 1196 1696 4395 ³      ³ 3070 3300  81.1 ³ Produktion/90.
041574 960508 ³ 318 337 109.7 ³ 271 281 ³ 469 400 ³  -   -    -   ³  -   -  ³ 332 ³ 242457 ³ 1196 1696 4695 ³      ³ 3069 3303  81.5 ³ Produktion/90.
041566 960508 ³ 318 337 110.2 ³ 271 280 ³ 464 396 ³  -   -    -   ³  -   -  ³ 332 ³ 242457 ³ 1196 1696 9395 ³ 03.2 ³ 3065 3297  81.3 ³ Produktion/90.
041569 960508 ³ 318 338 109.9 ³ 265 282 ³ 468 389 ³  -   -    -   ³  -   -  ³ 332 ³ 242457 ³ 1196 1696 4695 ³ 03.2 ³ 3069 3297  81.1 ³ Produktion/90.
041570 960509 ³ 318 337 110.0 ³ 268 283 ³ 455 392 ³ 302 327 106.9 ³ 252 269 ³ 332 ³ 242457 ³ 1196 1696 4395 ³ 03.2 ³ 3068 3299  80.9 ³ Produktion/90.
041571 960509 ³ 318 336 109.3 ³ 269 282 ³ 470 396 ³  -   -    -   ³  -   -  ³ 332 ³ 242457 ³ 1196 1696 4395 ³ 03.2 ³ 3071 3300  80.9 ³ Produktion/90.
041572 960509 ³ 317 335 108.6 ³ 266 282 ³ 465 391 ³  -   -    -   ³  -   -  ³ 332 ³ 242457 ³ 1196 1696 4395 ³ 03.2 ³ 3069 3300  80.9 ³ Produktion/90.
041573 960509 ³ 317 336 108.2 ³ 265 282 ³ 462 387 ³  -   -    -   ³  -   -  ³ 332 ³ 242457 ³ 1196 1696 4395 ³      ³ 3069 3297  81.3 ³ Produktion/90.
031054 960509 ³ 311 333 108.5 ³ 259 283 ³ 458 406 ³  -   -    -   ³  -   -  ³ *** ³ ****** ³ **** **** **** ³ 02.1 ³ 3014 3254  79.8 ³ Reklamation/90.
020943 960510 ³ 319 336 109.7 ³ 273 279 ³ 467 398 ³ 305 329 109.5 ³ 252 269 ³ 332 ³ 242457 ³ 1196 1696 4695 ³ 03.2 ³ 3069 3299  80.4 ³ Produktion/92.
020944 960510 ³ 319 337 110.9 ³ 274 279 ³ 468 396 ³  -   -    -   ³  -   -  ³ 332 ³ 242457 ³ 1796 1696 4695 ³ 03.2 ³ 3068 3299  81.1 ³ Produktion/92.
020945 960510 ³ 320 336 108.5 ³ 272 280 ³ 475 395 ³  -   -    -   ³  -   -  ³ 332 ³ 242457 ³ 1796 1696 4695 ³ 03.2 ³ 3070 3299  81.2 ³ Produktion/92.
020946 960510 ³ 319 337 110.6 ³ 273 279 ³ 469 395 ³  -   -    -   ³  -   -  ³ 332 ³ 242457 ³ 1796 1696 4695 ³ 03.2 ³ 3068 3298  80.8 ³ Produktion/92.
020947 960510 ³ 318 337 109.9 ³ 267 281 ³ 469 398 ³  -   -    -   ³  -   -  ³ 332 ³ 242457 ³ 1796 1696 4695 ³ 03.2 ³ 3065 3297  81.1 ³ Produktion/92.
020948 960510 ³ 319 336 109.2 ³ 275 279 ³ 476 397 ³  -   -    -   ³  -   -  ³ 332 ³ 242457 ³ 1796 1696 4695 ³ 03.2 ³ 3071 3300  81.3 ³ Produktion/92.
020949 960510 ³ 319 337 109.6 ³ 271 280 ³ 467 391 ³  -   -    -   ³  -   -  ³ 332 ³ 242457 ³ 1796 1696 4695 ³ 03.2 ³ 3069 3300  80.7 ³ Produktion/92.
020950 960510 ³ 319 336 109.7 ³ 270 279 ³ 470 385 ³  -   -    -   ³  -   -  ³ 332 ³ 242457 ³ 1796 1996 4695 ³ 03.2 ³ 3069 3300  81.2 ³ Produktion/92.
020951 960510 ³ 318 336 108.1 ³ 272 279 ³ 467 399 ³  -   -    -   ³  -   -  ³ 332 ³ 242457 ³ 1796 1696 4695 ³ 03.2 ³ 3068 3297  80.5 ³ Produktion/92.
020952 960510 ³ 318 336 108.5 ³ 272 279 ³ 474 395 ³  -   -    -   ³  -   -  ³ 332 ³ 242457 ³ 1796 1696 4695 ³ 03.2 ³ 3070 3300  81.4 ³ Produktion/92.
020953 960510 ³ 319 336 110.5 ³ 272 280 ³ 474 395 ³  -   -    -   ³  -   -  ³ 332 ³ 242457 ³ 1796 1696 4695 ³ 03.2 ³ 3068 3300  81.4 ³ Produktion/92.
020954 960510 ³ 318 337 109.4 ³ 266 282 ³ 470 399 ³  -   -    -   ³  -   -  ³ 332 ³ 242457 ³ 1796 1696 4695 ³ 03.2 ³ 3070 3301  80.8 ³ Produktion/92.
020955 960510 ³ 318 337 109.8 ³ 268 281 ³ 469 389 ³  -   -    -   ³  -   -  ³ 332 ³ 242457 ³ 1796 1696 4695 ³ 03.2 ³ 3065 3298  81.6 ³ Produktion/92.
020956 960510 ³ 319 337 109.4 ³ 270 281 ³ 473 396 ³  -   -    -   ³  -   -  ³ 332 ³ 242457 ³ 1196 1696 4695 ³ 03.2 ³ 3070 3300  80.9 ³ Produktion/92.
020957 960510 ³ 319 336 109.9 ³ 270 281 ³ 472 396 ³  -   -    -   ³  -   -  ³ 332 ³ 242457 ³ 1196 1696 4695 ³ 03.2 ³ 3072 3299  81.0 ³ Produktion/92.
020858 960510 ³ 318 337 108.5 ³ 268 281 ³ 473 393 ³  -   -    -   ³  -   -  ³ 332 ³ 242457 ³ 1796 1696 4696 ³ 03.2 ³ 3069 3296  81.1 ³ Produktion/92.
020959 960510 ³ 319 337 110.1 ³ 272 279 ³ 472 395 ³  -   -    -   ³  -   -  ³ 332 ³ 242457 ³ 1796 1696 4696 ³ 03.2 ³ 3070 3297  81.0 ³ Produktion/92.
020960 960510 ³ 319 337 109.8 ³ 270 279 ³ 471 394 ³  -   -    -   ³  -   -  ³ 332 ³ 242457 ³ 1796 1696 4695 ³ 03.2 ³ 3071 3300  80.8 ³ Produktion/92.
544111 960521 ³ 318 336 107.9 ³ 265 279 ³ 485 374 ³ 303 328 106.1 ³ 253 269 ³ *** ³ ****** ³ **** **** **** ³ 05.7 ³ 3070 3303  80.4 ³ Reparation/90.
564769 960522 ³ 317 339 110.3 ³ 263 283 ³ 463 406 ³ 304 329 106.8 ³ 252 270 ³ *** ³ ****** ³ **** **** **** ³ 05.8 ³ 3070 3304  80.9 ³ Reparation/90.
031198 960522 ³ 317 337 109.3 ³ 262 284 ³ 463 402 ³  -   -    -   ³  -   -  ³ *** ³ ****** ³ **** **** **** ³ 02.1 ³ 3069 3300  80.7 ³ Reparation/90.
020722 960522 ³ 317 338 110.0 ³ 262 282 ³ 469 393 ³  -   -    -   ³  -   -  ³ *** ³ ****** ³ **** **** **** ³ 02.1 ³ 3067 3298  81.5 ³ Reparation/92.
041346 960523 ³ 316 337 111.1 ³ 259 289 ³ 456 416 ³ 303 327 109.7 ³ 298 322 ³ *** ³ ****** ³ **** **** **** ³ 03.2 ³ 3069 3299  80.8 ³ Reparation/90.
031242 960523 ³ 318 337 111.3 ³ 265 283 ³ 468 402 ³  -   -    -   ³  -   -  ³ *** ³ ****** ³ **** **** **** ³      ³ 3068 3299  80.7 ³ Reparation/90.
560227 960523 ³ 318 336 111.1 ³ 273 278 ³ 478 389 ³ 302 327 108.7 ³ 253 269 ³ *** ³ ****** ³ **** **** **** ³ 05.8 ³ 3072 3296  81.5 ³ Reparation/90.
554189 960524 ³ 316 337 110.3 ³ 259 287 ³ 462 401 ³ 303 328 109.7 ³ 251 269 ³ *** ³ ****** ³ **** **** **** ³ 03.2 ³ 3064 3299  81.0 ³ Reparation/90.
031054 960524 ³ 317 338 111.9 ³ 262 289 ³ 461 410 ³  -   -    -   ³  -   -  ³ *** ³ ****** ³ **** **** **** ³ 03.2 ³ 3067 3301  80.9 ³ Reparation/90.
041589 960524 ³ 319 336 110.1 ³ 268 282 ³ 469 392 ³  -   -    -   ³  -   -  ³ 332 ³ 242457 ³ 1796 1696 4695 ³ 03.2 ³ 3071 3301  80.3 ³ Produktion/90.
041590 960524 ³ 318 336 112.4 ³ 267 282 ³ 471 400 ³  -   -    -   ³  -   -  ³ 332 ³ 242424 ³ 1796 1696 1995 ³ 03.2 ³ 3067 3296  82.1 ³ Produktion/90
041591 960524 ³ 318 337 112.0 ³ 266 281 ³ 468 394 ³  -   -    -   ³  -   -  ³ 332 ³ 242424 ³ 1796 1696 1995 ³ 03.2 ³ 3068 3296  81.4 ³ Produktion/90
041592 960524 ³ 319 336 111.0 ³ 270 280 ³ 473 395 ³  -   -    -   ³  -   -  ³ 332 ³ 242424 ³ 1796 1696 1995 ³ 03.2 ³ 3070 3293  80.9 ³ produktion/90
041593 960524 ³ 318 336 111.6 ³ 271 280 ³ 471 394 ³  -   -    -   ³  -   -  ³ 332 ³ 242424 ³ 1796 1696 1995 ³ 03.2 ³ 3065 3299  81.2 ³ produktion/90
041595 960524 ³ 318 336 112.1 ³ 270 280 ³ 466 399 ³  -   -    -   ³  -   -  ³ 332 ³ 242424 ³ 1796 1696 1995 ³ 03.2 ³ 3069 3300  81.6 ³ produktion/90
041596 960524 ³ 318 336 110.5 ³ 271 281 ³ 470 401 ³  -   -    -   ³  -   -  ³ 332 ³ 242424 ³ 1796 1696 1995 ³ 03.2 ³ 3060 3297  81.0 ³ produktion/90
041597 960524 ³ 318 336 111.3 ³ 273 280 ³ 471 399 ³  -   -    -   ³  -   -  ³ 332 ³ 242457 ³ 1796 1696 4695 ³ 03.2 ³ 3063 3298  81.1 ³ produktion/90
041601 960524 ³ 318 338 111.5 ³ 266 283 ³ 468 388 ³  -   -    -   ³  -   -  ³ 332 ³ 242424 ³ 1796 1696 1995 ³ 03.2 ³ 3069 3298  80.7 ³ produktion/90
020942 960528 ³ 317 335 109.4 ³ 273 281 ³ 472 401 ³ 301 326 108.0 ³ 253 270 ³ 332 ³ 242457 ³ 1196 1696 4695 ³ 03.2 ³ 3071 3299  80.3 ³ Produktion/92.
041599 960528 ³ 319 336 112.3 ³ 270 281 ³ 470 386 ³  -   -    -   ³  -   -  ³ 332 ³ 242457 ³ 1796 1696 4695 ³ 03.2 ³ 3067 3299  81.2 ³ Produktion/90.
552162 960528 ³ 319 337 112.9 ³ 266 279 ³ 483 381 ³  -   -    -   ³  -   -  ³ *** ³ ****** ³ **** **** **** ³ 05.7 ³ 3067 3303  81.0 ³ Produktion/90.
041346 960528 ³ 317 338 112.8 ³ 259 288 ³ 457 415 ³  -   -    -   ³  -   -  ³ *** ³ ****** ³ **** **** **** ³ 03.2 ³ 3065 3300  81.3 ³ Reparation/90.
041547 960529 ³ 319 336 111.5 ³ 273 280 ³ 472 399 ³  -   -    -   ³  -   -  ³ 332 ³ 242457 ³ 1196 1696 4695 ³ 03.2 ³ 3068 3297  81.1 ³ Produktion/90
041548 960529 ³ 317 336 111.4 ³ 264 283 ³ 469 394 ³  -   -    -   ³  -   -  ³ 332 ³ 242457 ³ 1196 1696 4695 ³ 03.2 ³ 3068 3297  81.5 ³ Produktion/90
041549 960529 ³ 318 336 111.7 ³ 267 282 ³ 470 399 ³  -   -    -   ³  -   -  ³ 332 ³ 242457 ³ 1196 1696 4695 ³ 03.2 ³ 3069 3296  81.2 ³ Produktion/90
041550 960529 ³ 317 336 112.5 ³ 273 280 ³ 469 392 ³  -   -    -   ³  -   -  ³ 332 ³ 242457 ³ 1196 1696 4695 ³ 03.2 ³ 3062 3298  82.6 ³ Produktion/90
041551 960529 ³ 318 335 110.6 ³ 267 281 ³ 469 396 ³  -   -    -   ³  -   -  ³ 332 ³ 242457 ³ 1196 1696 4695 ³ 03.2 ³ 3067 3294  81.0 ³ Produktion/90
041581 960529 ³ 324 323 104.4 ³ 265 283 ³ 463 395 ³  -   -    -   ³  -   -  ³ 332 ³ 242457 ³ 1196 1696 4695 ³ 03.2 ³ 3060 3295  80.8 ³ Produktion/90
041582 960529 ³ 318 336 110.4 ³ 266 282 ³ 468 392 ³  -   -    -   ³  -   -  ³ 332 ³ 242457 ³ 1196 1696 4695 ³ 03.2 ³ 3075 3299  81.2 ³ Produktion/90
041575 960529 ³ 317 335 110.2 ³ 265 284 ³ 472 390 ³  -   -    -   ³  -   -  ³ 332 ³ 242457 ³ 1196 1696 4695 ³ 03.2 ³ 3067 3304  81.1 ³ Produktion/90
041593 960530 ³ 318 337 111.2 ³ 267 283 ³ 470 395 ³ 304 328 110.1 ³ 254 270 ³ 332 ³ 242424 ³ 1796 1696 1995 ³      ³ 3070 3295  81.1 ³ Produktion/90
041593 960530 ³ 317 335 109.5 ³ 267 283 ³ 474 397 ³  -   -    -   ³  -   -  ³ 332 ³ 242457 ³ 1796 1696 4695 ³ 03.2 ³ 3065 3299  80.8 ³ Produktion/90
020962 960531 ³ 317 336 111.0 ³ 272 281 ³ 472 399 ³ 300 324 105.6 ³ 254 270 ³ 332 ³ 242424 ³ 1796 1996 1995 ³ 03.2 ³ 3067 3299  80.9 ³ Produktion/92
020963 960531 ³ 317 336 112.1 ³ 271 282 ³ 473 399 ³  -   -    -   ³  -   -  ³ 332 ³ 242457 ³ 1796 1996 4695 ³ 03.2 ³ 3068 3298  81.6 ³ Produktion/92
020964 960531 ³ 318 337 112.1 ³ 272 282 ³ 474 399 ³  -   -    -   ³  -   -  ³ 332 ³ 242424 ³ 1796 1996 1995 ³ 03.2 ³ 3072 3301  80.9 ³ Produktion/92
020965 960531 ³ 317 336 111.7 ³ 268 282 ³ 469 387 ³  -   -    -   ³  -   -  ³ 332 ³ 242457 ³ 1796 0196 4695 ³ 03.2 ³ 3074 3300  81.1 ³ Produktion/92
020966 960531 ³ 316 336 110.6 ³ 268 284 ³ 469 395 ³  -   -    -   ³  -   -  ³ 332 ³ 242457 ³ 1796 1996 4695 ³ 03.2 ³ 3066 3301  81.1 ³ Produktion
020967 960531 ³ 316 336 111.1 ³ 267 282 ³ 473 399 ³  -   -    -   ³  -   -  ³ 332 ³ 242424 ³ 1796 1996 1995 ³ 03.2 ³ 3069 3298  81.1 ³ Produktion/92
020968 960531 ³ 316 337 111.0 ³ 265 282 ³ 464 384 ³  -   -    -   ³  -   -  ³ 332 ³ 242457 ³ 1796 1996 4695 ³ 03.2 ³ 3069 3301  80.8 ³ Produktion/92
020969 960531 ³ 317 336 110.7 ³ 265 283 ³ 468 388 ³  -   -    -   ³  -   -  ³ 332 ³ 242457 ³ 1796 1996 4695 ³ 03.2 ³ 3077 3301  80.9 ³ Produktion/92
020970 960531 ³ 318 335 111.9 ³ 271 281 ³ 474 396 ³  -   -    -   ³  -   -  ³ 332 ³ 242457 ³ 1796 1996 4695 ³ 03.2 ³ 3066 3297  81.9 ³ Produktion/92
020971 960531 ³ 317 337 112.8 ³ 270 281 ³ 472 400 ³  -   -    -   ³  -   -  ³ 332 ³ 242424 ³ 1796 1996 1995 ³ 03.2 ³ 3064 3297  81.4 ³ Produktion/92
020972 960531 ³ 316 337 110.2 ³ 264 283 ³ 464 390 ³  -   -    -   ³  -   -  ³ 332 ³ 242457 ³ 1796 1996 4695 ³ 03.2 ³ 3071 3301  81.0 ³ Produktion/92
020973 960531 ³ 316 337 111.7 ³ 270 282 ³ 461 393 ³  -   -    -   ³  -   -  ³ 332 ³ 242457 ³ 1796 1996 4695 ³ 03.2 ³ 3068 3297  81.7 ³ Produktion
041595 960531 ³ 316 336 110.4 ³ 265 282 ³ 472 392 ³  -   -    -   ³  -   -  ³ 332 ³ 242424 ³ 1795 1696 1995 ³ 03.2 ³ 3067 3298  80.9 ³ Produktion/90
041596 960531 ³ 318 336 113.3 ³ 269 281 ³ 474 397 ³  -   -    -   ³  -   -  ³ 332 ³ 322424 ³ 1796 1696 1995 ³ 03.2 ³ 3072 3301  81.9 ³ Produktion/90
041597 960531 ³ 317 337 112.8 ³ 271 280 ³ 470 398 ³  -   -    -   ³  -   -  ³ 332 ³ 242424 ³ 1796 1696 1995 ³ 03.2 ³ 3065 3294  82.4 ³ Produktion/90
041598 960531 ³ 318 335 111.3 ³ 269 282 ³ 470 394 ³  -   -    -   ³  -   -  ³ 332 ³ 242424 ³ 1796 1696 1995 ³ 03.2 ³ 3070 3300  81.3 ³ Produktion/90
041599 960531 ³ 317 335 110.0 ³ 273 280 ³ 468 392 ³  -   -    -   ³  -   -  ³ 332 ³ 242424 ³ 1796 1696 1995 ³ 03.2 ³ 3071 3300  81.4 ³ Produktion/90
020961 960604 ³ 317 335 110.2 ³ 268 281 ³ 469 387 ³ 304 328 110.1 ³ 253 270 ³ 332 ³ 242457 ³ 1796 0196 4695 ³ 03.2 ³ 3068 3301  80.1 ³ Produktion/92
031260 960604 ³ 316 338 112.1 ³ 265 283 ³ 461 410 ³  -   -    -   ³  -   -  ³ *** ³ ****** ³ **** **** **** ³ 03.2 ³ 3071 3298  81.0 ³ Reparation/90
020798 960604 ³ 316 337 109.8 ³ 264 287 ³ 464 410 ³  -   -    -   ³  -   -  ³ *** ³ ****** ³ **** **** **** ³ 03.2 ³ 3069 3300  80.7 ³ Reparation/90.
544120 960604 ³ 318 335 110.6 ³ 267 280 ³ 451 417 ³  -   -    -   ³  -   -  ³ *** ³ ****** ³ **** **** **** ³ 02.1 ³ 3070 3302  80.8 ³ Reparation/90.
554179 960606 ³ 315 338 111.2 ³ 263 283 ³ 466 398 ³  -   -    -   ³  -   -  ³ *** ³ ****** ³ **** **** **** ³ 05.7 ³ 3067 3296  80.8 ³ Reparation/90
041578 960607 ³ 318 335 110.6 ³ 268 282 ³ 473 396 ³ 303 327 108.2 ³ 251 269 ³ 332 ³ ****** ³ **** **** **** ³ 03.2 ³ 3080 3290  81.0 ³ Produktion/90.
020767 960607 ³ 316 336 110.7 ³ 265 283 ³ 471 402 ³  -   -    -   ³  -   -  ³ 332 ³ ****** ³ **** **** **** ³      ³ 3068 3298  80.6 ³ Reparation/90
041577 960607 ³ 317 335 111.0 ³ 264 281 ³ 470 393 ³  -   -    -   ³  -   -  ³ 332 ³ ****** ³ **** **** **** ³ 03.2 ³ 3068 3289  80.7 ³ Produktion/90.
041576 960607 ³ 318 336 111.6 ³ 273 280 ³ 471 400 ³  -   -    -   ³  -   -  ³ 332 ³ ****** ³ **** **** **** ³ 03.2 ³ 3064 3297  80.5 ³ Produktion/90.
031180 960607 ³ 316 336 110.2 ³ 263 283 ³ 447 415 ³  -   -    -   ³  -   -  ³ 332 ³ ****** ³ **** **** **** ³ 03.2 ³ 3067 3298  81.5 ³ Reparation/90
010660 960607 ³ 317 338 112.2 ³ 263 287 ³ 461 405 ³  -   -    -   ³  -   -  ³ *** ³ ****** ³ **** **** **** ³ 02.1 ³ 3068 3300  80.5 ³ Reparation/92
041296 960610 ³ 317 336 110.7 ³ 266 281 ³ 470 399 ³ 302 328 108.7 ³ 252 269 ³ *** ³ ****** ³ **** **** **** ³ 03.2 ³ 3067 3299  80.8 ³ Reparation/90.
041600 960611 ³ 318 334 110.2 ³ 270 281 ³ 470 399 ³ 302 327 107.6 ³ 253 270 ³ 332 ³ 242457 ³ 1796 1596 4695 ³ 03.2 ³ 3072 3301  80.5 ³ Produktion/90
041601 960611 ³ 318 335 111.2 ³ 267 282 ³ 465 384 ³  -   -    -   ³  -   -  ³ 332 ³ 242457 ³ 1796 0196 4695 ³ 03.2 ³ 3072 3296  80.9 ³ Produktion/90
041602 960611 ³ 318 335 111.0 ³ 271 281 ³ 467 389 ³  -   -    -   ³  -   -  ³ 332 ³ 242457 ³ 1796 1696 4695 ³ 03.2 ³ 3075 3302  81.5 ³ Produktion/90
041603 960611 ³ 317 336 111.5 ³ 273 280 ³ 462 401 ³  -   -    -   ³  -   -  ³ 332 ³ 242457 ³ 1796 1796 4695 ³ 03.2 ³ 3067 3297  81.4 ³ Produktion/90
041604 960611 ³ 318 336 111.5 ³ 271 280 ³ 470 396 ³  -   -    -   ³  -   -  ³ 332 ³ 242457 ³ 1796 1796 4695 ³ 03.2 ³ 3069 3300  80.9 ³ Produktion/90
041605 960611 ³ 317 335 111.3 ³ 266 283 ³ 472 396 ³  -   -    -   ³  -   -  ³ 332 ³ 242457 ³ 1796 1796 4695 ³ 03.2 ³ 3072 3302  81.4 ³ Produktion/90
041606 960611 ³ 317 335 110.2 ³ 269 282 ³ 470 396 ³  -   -    -   ³  -   -  ³ 332 ³ 242457 ³ 1796 1796 4695 ³ 03.2 ³ 3069 3289  81.0 ³ Produktion/90
041608 960611 ³ 318 336 111.7 ³ 269 282 ³ 473 399 ³  -   -    -   ³  -   -  ³ 332 ³ 242457 ³ 1796 1796 4695 ³ 03.2 ³ 3066 3298  81.0 ³ Produktion/90
041609 960611 ³ 317 335 111.0 ³ 272 280 ³ 469 397 ³  -   -    -   ³  -   -  ³ 332 ³ 242457 ³ 1796 1796 4695 ³ 03.2 ³ 3063 3296  82.3 ³ Produktion/90
041607 960611 ³ 317 336 111.9 ³ 269 282 ³ 462 394 ³  -   -    -   ³  -   -  ³ 332 ³ 242457 ³ 1796 1796 4695 ³ 03.2 ³ 3067 3297  82.0 ³ Produktion/90
041615 960612 ³ 316 334 109.7 ³ 265 282 ³ 461 396 ³ 303 327 108.0 ³ 253 269 ³ 332 ³ 242457 ³ 1396 1996 4695 ³ 03.2 ³ 3067 3291  80.5 ³ Produktion/90
020777 960612 ³ 316 337 111.5 ³ 265 284 ³ 469 399 ³  -   -    -   ³  -   -  ³ *** ³ ****** ³ **** **** **** ³ 05.8 ³ 3072 3297  81.6 ³ Reparation/90
020651 960613 ³ 317 337 106.0 ³ 263 285 ³ 462 404 ³ 304 328 108.7 ³ 253 270 ³ *** ³ ****** ³ **** **** **** ³ 03.2 ³ 3071 3304  81.4 ³ Reparation/90
556193 960613 ³ 317 338 111.6 ³ 266 286 ³ 467 401 ³  -   -    -   ³  -   -  ³ *** ³ ****** ³ **** **** **** ³ 03.2 ³ 3074 3298  82.0 ³ Reparation/90
041610 960613 ³ 317 337 110.0 ³ 267 286 ³ 470 401 ³  -   -    -   ³  -   -  ³ 332 ³ 242457 ³ 1796 0294 4695 ³ 03.2 ³ 3066 3297  80.7 ³ Produktion/90
041611 960613 ³ 318 336 109.4 ³ 271 281 ³ 466 392 ³  -   -    -   ³  -   -  ³ 332 ³ 242457 ³ 1796 1995 4695 ³ 03.2 ³ 3074 3300  81.0 ³ Produktion/90
041612 960614 ³ 318 336 110.3 ³ 274 281 ³ 476 396 ³ 303 327 108.2 ³ 253 271 ³ 332 ³ 242457 ³ 1796 0196 4695 ³ 03.2 ³ 3068 3301  81.5 ³ Produktion/90
041613 960614 ³ 317 335 111.6 ³ 267 284 ³ 465 396 ³  -   -    -   ³  -   -  ³ 332 ³ 242457 ³ 2396 0196 4695 ³ 03.2 ³ 3064 3294  82.3 ³ Produktion/90
041614 960614 ³ 317 335 109.2 ³ 271 283 ³ 467 402 ³  -   -    -   ³  -   -  ³ 332 ³ 242457 ³ 2396 1996 4695 ³ 03.2 ³ 3066 3298  81.4 ³ Produktion/90
020975 960614 ³ 315 336 108.9 ³ 261 284 ³ 466 399 ³  -   -    -   ³  -   -  ³ 332 ³ 242457 ³ 1396 1996 4695 ³ 03.2 ³ 3068 3299  81.1 ³ Produktion/92
020976 960614 ³ 316 335 109.6 ³ 264 283 ³ 464 399 ³  -   -    -   ³  -   -  ³ 332 ³ 242457 ³ 2396 1996 4695 ³ 03.2 ³ 3068 3296  81.9 ³ Produktion/92
020977 960614 ³ 316 335 109.0 ³ 266 284 ³ 459 396 ³  -   -    -   ³  -   -  ³ 332 ³ 242457 ³ 2396 1996 4695 ³ 03.2 ³ 3069 3298  81.5 ³ Produktion/92
020978 960614 ³ 316 337 109.9 ³ 267 283 ³ 465 403 ³  -   -    -   ³  -   -  ³ 332 ³ 242457 ³ 2396 1996 4695 ³ 03.2 ³ 3069 3296  80.8 ³ Produktion/92
020979 960614 ³ 317 335 110.9 ³ 264 284 ³ 470 400 ³  -   -    -   ³  -   -  ³ 332 ³ 242457 ³ 2396 1996 4695 ³ 03.2 ³ 3071 3297  81.5 ³ Produktion/92
020980 960614 ³ 317 337 109.4 ³ 263 284 ³ 469 398 ³  -   -    -   ³  -   -  ³ 332 ³ 242457 ³ 2396 1996 4695 ³ 03.2 ³ 3067 3304  80.9 ³ Produktion/92
020974 960614 ³ 316 335 109.8 ³ 261 284 ³ 469 402 ³  -   -    -   ³  -   -  ³ 332 ³ 242457 ³ 2396 1996 4695 ³ 03.2 ³ 3070 3297  81.8 ³ Produktion/92
041581 960619 ³ 318 338 109.8 ³ 265 283 ³ 469 398 ³ 303 327 108.5 ³ 253 271 ³ *** ³ ****** ³ **** **** **** ³ 03.2 ³ 3069 3302  80.6 ³ Reparartion/90.
020651 960619 ³ 317 336 105.3 ³ 262 283 ³ 462 403 ³  -   -    -   ³  -   -  ³ *** ³ ****** ³ **** **** **** ³ 03.2 ³ 3069 3298  81.0 ³ Reparation/90.
041616 960620 ³ 319 338 109.6 ³ 268 282 ³ 468 402 ³ 300 328 107.1 ³ 253 269 ³ 332 ³ 242457 ³ 2396 2196 4695 ³ 03.2 ³ 3069 3297  80.5 ³ Produktion/90
041617 960620 ³ 317 337 109.0 ³ 266 283 ³ 466 398 ³  -   -    -   ³  -   -  ³ 332 ³ 245657 ³ 2396 2196 4495 ³ 03.2 ³ 3066 3296  81.8 ³ Produktion
041618 960620 ³ 317 336 108.5 ³ 267 282 ³ 469 399 ³  -   -    -   ³  -   -  ³ 332 ³ 245657 ³ 2396 2196 4695 ³ 03.2 ³ 3067 3295  81.3 ³ Produktion/90.
041619 960620 ³ 315 335 106.4 ³ 266 282 ³ 466 400 ³  -   -    -   ³  -   -  ³ 332 ³ 235657 ³ 2396 2196 4695 ³ 03.2 ³ 3069 3300  81.3 ³ Produktion/90.
041620 960620 ³ 317 336 109.1 ³ 270 282 ³ 470 404 ³  -   -    -   ³  -   -  ³ 332 ³ 245657 ³ 2396 2196 4695 ³ 03.2 ³ 3069 3300  82.4 ³ Produktion/90.
041621 960620 ³ 317 337 108.1 ³ 267 283 ³ 467 399 ³  -   -    -   ³  -   -  ³ 332 ³ 245657 ³ 2396 2196 4695 ³ 03.2 ³ 3069 3301  81.5 ³ Produktion/90,
041622 960620 ³ 317 336 107.4 ³ 266 283 ³ 467 401 ³  -   -    -   ³  -   -  ³ 332 ³ 245657 ³ 2396 2196 4695 ³ 03.2 ³ 3068 3300  81.9 ³ Produktion/90.
041623 960620 ³ 317 335 107.8 ³ 267 282 ³ 466 401 ³  -   -    -   ³  -   -  ³ 332 ³ 245657 ³ 2396 2196 4695 ³ 03.2 ³ 3063 3293  81.3 ³ Produktion/90.
041624 960620 ³ 316 336 107.5 ³ 266 281 ³ 468 402 ³  -   -    -   ³  -   -  ³ 332 ³ 245657 ³ 2396 2196 2294 ³ 03.2 ³ 3066 3297  81.8 ³ Produktion/90.
041625 960620 ³ 317 337 108.0 ³ 266 283 ³ 468 399 ³  -   -    -   ³  -   -  ³ 332 ³ 245657 ³ 2396 2196 4695 ³ 03.2 ³ 3072 3302  81.0 ³ Produktion/90.
020777 960621 ³ 316 336 106.3 ³ 265 284 ³ 472 398 ³ 300 328 106.7 ³ 252 269 ³ *** ³ ****** ³ **** **** **** ³ 05.8 ³ 3067 3298  80.6 ³ Reparation/90.
031030 960626 ³ 315 336 109.3 ³ 263 285 ³ 460 406 ³  -   -    -   ³  -   -  ³ *** ³ ****** ³ **** **** **** ³ 02.1 ³ 3065 3298  81.9 ³ Reparation/90.
556195 960626 ³ 316 336 108.6 ³ 269 284 ³ 471 399 ³  -   -    -   ³  -   -  ³ *** ³ ****** ³ **** **** **** ³ 05.8 ³ 3066 3297  81.7 ³ Reparation/90.
020782 960627 ³ 314 338 104.8 ³ 266 288 ³ 460 414 ³ 299 329 106.5 ³ 253 269 ³ *** ³ ****** ³ **** **** **** ³ 03.2 ³ 3069 3298  80.5 ³ Reparation/92.
020780 960627 ³ 316 337 106.7 ³ 266 289 ³ 455 415 ³  -   -    -   ³  -   -  ³ *** ³ ****** ³ **** **** **** ³ 03.2 ³ 3068 3298  81.3 ³ Reparation/92.j
020981 960703 ³ 317 336 106.9 ³ 267 282 ³ 465 400 ³ 304 330 108.1 ³ 253 269 ³ 332 ³ 242424 ³ 2396 1996 2696 ³ 03.2 ³ 3071 3299  80.9 ³ Produktion/92.
020982 960703 ³ 317 337 106.6 ³ 265 283 ³ 468 398 ³  -   -    -   ³  -   -  ³ 332 ³ 242424 ³ 2396 1996 2696 ³ 03.2 ³ 3069 3300  81.1 ³ Produktion/92.
020983 960703 ³ 316 337 107.6 ³ 264 284 ³ 467 398 ³  -   -    -   ³  -   -  ³ 332 ³ 242424 ³ 2396 1996 2696 ³ 03.2 ³ 3070 3299  81.4 ³ Produktion/92.
020984 960703 ³ 317 337 107.6 ³ 266 283 ³ 467 399 ³  -   -    -   ³  -   -  ³ 332 ³ 242424 ³ 2396 1996 2696 ³ 03.2 ³ 3071 3300  80.8 ³ Produktion/92.
020985 960703 ³ 317 335 105.7 ³ 268 281 ³ 468 399 ³  -   -    -   ³  -   -  ³ 332 ³ 242424 ³ 2396 1996 2696 ³ 03.2 ³ 3070 3301  80.8 ³ Produktion/92.
020986 960703 ³ 317 336 106.7 ³ 266 282 ³ 466 398 ³  -   -    -   ³  -   -  ³ 332 ³ 242424 ³ 2396 1996 2696 ³ 03.2 ³ 3066 3297  81.7 ³ Produktion/92.
041297 960703 ³ 318 336 106.1 ³ 267 281 ³ 471 399 ³  -   -    -   ³  -   -  ³ *** ³ ****** ³ **** **** **** ³ 03.2 ³ 3069 3298  80.9 ³ Reparation/90.
041626 960704 ³ 317 335 106.0 ³ 268 281 ³ 467 399 ³ 300 328 105.6 ³ 252 270 ³ 332 ³ 245657 ³ 2396 2196 4695 ³ 03.2 ³ 3063 3280  80.1 ³ Produktion/90.
041628 960704 ³ 317 337 107.2 ³ 270 281 ³ 466 399 ³  -   -    -   ³  -   -  ³ 332 ³ 242424 ³ 2396 1996 2696 ³ 03.2 ³ 3069 3299  81.1 ³ Produktion/90.
041629 960704 ³ 317 336 105.9 ³ 266 282 ³ 469 398 ³  -   -    -   ³  -   -  ³ 332 ³ 245657 ³ 2396 2196 4695 ³ 03.2 ³ 3070 3300  80.2 ³ Produktion/90.
041630 960704 ³ 317 336 107.3 ³ 267 283 ³ 468 398 ³  -   -    -   ³  -   -  ³ 332 ³ 245657 ³ 2396 2196 4695 ³ 03.2 ³ 3066 3299  81.2 ³ Produktion/90.
041631 960704 ³ 317 336 107.5 ³ 267 283 ³ 468 401 ³  -   -    -   ³  -   -  ³ 332 ³ 245657 ³ 2396 2196 4695 ³ 03.2 ³ 3068 3299  80.9 ³ Produktion/90.
041632 960704 ³ 317 336 106.4 ³ 269 282 ³ 463 395 ³  -   -    -   ³  -   -  ³ 332 ³ 245657 ³ 2396 2196 4695 ³ 03.2 ³ 3072 3297  79.9 ³ Produktion/90.
041633 960704 ³ 317 335 105.4 ³ 267 281 ³ 467 399 ³  -   -    -   ³  -   -  ³ 332 ³ 245657 ³ 2396 2196 4696 ³ 03.2 ³ 3071 3291  80.4 ³ Produktion/90.
041634 960704 ³ 317 335 105.7 ³ 267 282 ³ 466 397 ³  -   -    -   ³  -   -  ³ 332 ³ 242424 ³ 2396 1996 2696 ³ 03.2 ³ 3064 3298  81.4 ³ Produktion/90.
041635 960704 ³ 313 336 105.4 ³ 266 283 ³ 466 402 ³  -   -    -   ³  -   -  ³ 332 ³ 245657 ³ 2396 2196 4695 ³ 03.2 ³ 3070 3301  81.3 ³ Produktion/90.
041636 960704 ³ 317 334 106.1 ³ 269 281 ³ 470 399 ³  -   -    -   ³  -   -  ³ 332 ³ 242424 ³ 2396 1996 2696 ³ 03.2 ³ 3068 3300  81.4 ³ Produktion/90.
041637 960704 ³ 317 336 106.2 ³ 269 282 ³ 468 398 ³  -   -    -   ³  -   -  ³ 332 ³ 242424 ³ 2396 1996 2696 ³ 03.2 ³ 3066 3296  81.0 ³ Produktion/90.
041638 960704 ³ 317 335 105.8 ³ 268 282 ³ 466 400 ³  -   -    -   ³  -   -  ³ 332 ³ 245657 ³ 2396 2196 4695 ³ 03.2 ³ 3069 3300  81.2 ³ Produktion/90.
041639 960704 ³ 317 335 105.1 ³ 266 283 ³ 470 399 ³  -   -    -   ³  -   -  ³ 332 ³ 245657 ³ 2396 2196 4695 ³ 03.2 ³ 3068 3299  81.0 ³ Produktion/90.
041640 960704 ³ 317 336 105.9 ³ 266 283 ³ 465 402 ³  -   -    -   ³  -   -  ³ 332 ³ 242457 ³ 2396 2196 4696 ³ 03.2 ³ 3069 3302  80.9 ³ Produktion/90.
041627 960704 ³ 316 337 106.1 ³ 267 283 ³ 469 399 ³  -   -    -   ³  -   -  ³ 332 ³ 245657 ³ 2396 2196 4695 ³ 03.2 ³ 3072 3302  81.2 ³ Produktion/90.
010608 960705 ³ 317 339 107.6 ³ 262 287 ³ 463 410 ³  -   -    -   ³  -   -  ³ *** ³ ****** ³ **** **** **** ³ 02.1 ³ 3071 3300  80.4 ³ Reparation/92.
030989 960711 ³ 316 338 106.8 ³ 262 288 ³ 464 405 ³  -   -    -   ³  -   -  ³ *** ³ ****** ³ **** **** **** ³ 02.1 ³ 3065 3303  81.5 ³ Reparation/90.
031022 960712 ³ 315 337 105.1 ³ 263 287 ³ 462 407 ³  -   -    -   ³  -   -  ³ *** ³ ****** ³ **** **** **** ³ 02.1 ³ 3068 3298  81.0 ³ Reparation/90.
010695 960807 ³ 315 337 108.7 ³ 264 288 ³ 472 402 ³ 297 326 107.9 ³ 253 269 ³ *** ³ ****** ³ **** **** **** ³ 02.1 ³ 3067 3299  80.6 ³ Reparation/92.
031223 960807 ³ 315 337 110.5 ³ 263 285 ³ 463 403 ³  -   -    -   ³  -   -  ³ *** ³ ****** ³ **** **** **** ³ 02.1 ³ 3069 3303  81.6 ³ Reparation/90.
041292 960808 ³ 315 335 108.7 ³ 261 283 ³ 469 400 ³ 299 324 107.7 ³ 252 269 ³ *** ³ ****** ³ **** **** **** ³ 03.2 ³ 3064 3298  80.7 ³ Reparation/90.
020991 960813 ³ 316 335 108.1 ³ 266 282 ³ 466 398 ³ 298 325 108.1 ³ 252 269 ³ 332 ³ 242424 ³ 2396 1996 2696 ³ 03.2 ³ 3068 3298  81.0 ³ Produktion/92.
020990 960813 ³ 316 336 109.8 ³ 264 283 ³ 468 397 ³  -   -    -   ³  -   -  ³ 332 ³ 242424 ³ 2396 1996 2696 ³ 03.2 ³ 3068 3300  81.0 ³ Produktion/92.
020988 960813 ³ 316 335 109.9 ³ 264 284 ³ 468 395 ³  -   -    -   ³  -   -  ³ 332 ³ 242424 ³ 2396 1996 2696 ³ 03.2 ³ 3066 3297  81.4 ³ Produktion/92.
020987 960813 ³ 317 335 108.3 ³ 267 283 ³ 468 397 ³  -   -    -   ³  -   -  ³ 332 ³ 242424 ³ 2396 1996 2696 ³ 03.2 ³ 3067 3298  80.5 ³ Produktion/92.
041641 960813 ³ 314 334 108.1 ³ 266 284 ³ 462 401 ³ 297 323 106.2 ³ 252 269 ³ 332 ³ 242424 ³ 2896 1996 2696 ³ 03.2 ³ 3067 3295  80.8 ³ produktion/90
041642 960813 ³ 315 335 108.1 ³ 266 284 ³ 464 399 ³  -   -    -   ³  -   -  ³ 332 ³ 242424 ³ 2896 2196 2696 ³ 03.2 ³ 3063 3302  81.0 ³ produktion/90
041643 960813 ³ 315 335 109.2 ³ 267 284 ³ 465 402 ³  -   -    -   ³  -   -  ³ 332 ³ 242424 ³ 2896 2196 2696 ³ 03.2 ³ 3068 3298  81.2 ³ produktion/90
041644 960813 ³ 316 334 108.2 ³ 266 283 ³ 465 399 ³  -   -    -   ³  -   -  ³ 332 ³ 242424 ³ 2396 2196 2696 ³ 03.2 ³ 3067 3296  81.2 ³ produktion/90
041645 960813 ³ 315 335 108.2 ³ 265 284 ³ 467 399 ³  -   -    -   ³  -   -  ³ 332 ³ 242424 ³ 2896 2196 2696 ³ 03.2 ³ 3071 3298  80.9 ³ produktion/90
041647 960813 ³ 316 335 108.7 ³ 265 283 ³ 469 398 ³  -   -    -   ³  -   -  ³ 332 ³ 242424 ³ 2896 1996 2696 ³ 03.2 ³ 3071 3298  80.8 ³ produktion/90
041648 960813 ³ 316 334 108.6 ³ 267 282 ³ 470 397 ³  -   -    -   ³  -   -  ³ 332 ³ 242424 ³ 2396 1996 2696 ³ 03.2 ³ 3069 3296  81.3 ³ produktion/90
041649 960813 ³ 316 336 109.9 ³ 265 283 ³ 479 402 ³  -   -    -   ³  -   -  ³ 332 ³ 242424 ³ 2396 1996 2696 ³ 03.2 ³ 3069 3299  81.0 ³ produktion/90
041650 960813 ³ 315 336 111.1 ³ 265 284 ³ 469 397 ³  -   -    -   ³  -   -  ³ 332 ³ 242424 ³ 2896 1996 2696 ³ 03.2 ³ 3069 3299  81.3 ³ produktion/90
041646 960813 ³ 315 336 108.7 ³ 265 284 ³ 468 398 ³  -   -    -   ³  -   -  ³ 332 ³ 242424 ³ 2896 1996 2696 ³ 03.2 ³ 3072 3298  80.3 ³ produktion/90
020757 960814 ³ 315 335 109.2 ³ 263 284 ³ 460 408 ³ 297 327 108.5 ³ 252 269 ³ *** ³ ****** ³ **** **** **** ³ 03.2 ³ 3066 3298  81.0 ³ Reparation/92.
020752 960814 ³ 317 335 108.9 ³ 261 287 ³ 464 405 ³  -   -    -   ³  -   -  ³ *** ³ ****** ³ **** **** **** ³ 03.2 ³ 3069 3300  81.1 ³ Reparation/92.
020805 960814 ³ 316 335 109.0 ³ 265 284 ³ 469 401 ³  -   -    -   ³  -   -  ³ *** ³ ****** ³ **** **** **** ³      ³ 3071 3299  81.1 ³ Reparation/90.
010716 960814 ³ 315 335 107.3 ³ 260 286 ³ 466 402 ³  -   -    -   ³  -   -  ³ *** ³ ****** ³ **** **** **** ³ 02.1 ³ 3072 3302  81.2 ³ Reparation/92
041296 960815 ³ 315 335 108.1 ³ 267 282 ³ 470 399 ³ 297 326 107.9 ³ 252 269 ³ *** ³ ****** ³ **** **** **** ³ 03.2 ³ 3071 3299  80.6 ³ Reparation/90.
556204 960815 ³ 317 336 108.4 ³ 265 285 ³ 479 392 ³  -   -    -   ³  -   -  ³ *** ³ ****** ³ **** **** **** ³      ³ 3068 3302  81.3 ³ Reparation/90.
020989 960819 ³ 317 336 109.8 ³ 267 283 ³ 467 398 ³ 298 327 109.0 ³ 253 270 ³ 332 ³ 242424 ³ 2396 1996 2696 ³ 03.2 ³ 3068 3298  81.3 ³ Produktion/92.
041651 960819 ³ 315 336 108.3 ³ 267 284 ³ 469 399 ³  -   -    -   ³  -   -  ³ 332 ³ 242424 ³ 2896 2196 2696 ³ 03.2 ³ 3070 3300  80.6 ³ Produktion/90.
041652 960819 ³ 316 336 108.8 ³ 266 283 ³ 468 399 ³  -   -    -   ³  -   -  ³ 332 ³ 242424 ³ 2896 2196 2696 ³ 03.2 ³ 3068 3299  81.1 ³ Produktion/90.
020994 960819 ³ 315 336 108.3 ³ 265 283 ³ 466 398 ³  -   -    -   ³  -   -  ³ 332 ³ 242424 ³ 2896 2196 2696 ³ 03.2 ³ 3067 3300  80.7 ³ produktion/92
020993 960820 ³ 315 337 108.2 ³ 265 283 ³ 469 396 ³ 300 326 109.8 ³ 252 269 ³ 332 ³ 242424 ³ 2896 2196 2696 ³ 03.2 ³ 3067 3297  80.5 ³ Produktion/92.
020992 960820 ³ 316 337 109.7 ³ 267 284 ³ 463 404 ³  -   -    -   ³  -   -  ³ 332 ³ 242424 ³ 2896 2196 2696 ³ 03.2 ³ 3067 3298  81.0 ³ Produktion/92.
041654 960820 ³ 316 337 110.2 ³ 269 283 ³ 465 402 ³  -   -    -   ³  -   -  ³ 332 ³ 242424 ³ 2896 2196 2696 ³ 03.2 ³ 3068 3298  81.1 ³ Produktion/90.
041653 960820 ³ 315 338 108.9 ³ 266 285 ³ 470 401 ³  -   -    -   ³  -   -  ³ 332 ³ 242424 ³ 2896 2196 2696 ³ 03.2 ³ 3063 3301  80.6 ³ Produktion/90.
020999 960821 ³ 316 335 109.0 ³ 266 283 ³ 466 400 ³  -   -    -   ³  -   -  ³ 332 ³ 242457 ³ 2896 2196 2696 ³ 03.2 ³ 3070 3299  81.2 ³ Produktion/92.
041671 960822 ³ 317 337 109.8 ³ 267 284 ³ 469 400 ³ 300 326 107.6 ³ 252 270 ³ 332 ³ 242457 ³ 2896 2196 2696 ³ 03.2 ³ 3069 3305  80.2 ³ Produktion/90.
020998 960822 ³ 316 337 109.3 ³ 266 284 ³ 469 400 ³  -   -    -   ³  -   -  ³ 332 ³ 242424 ³ 2896 2196 2696 ³ 03.2 ³ 3069 3298  80.3 ³ Produktion/92.
020997 960822 ³ 317 336 108.2 ³ 267 283 ³ 468 399 ³  -   -    -   ³  -   -  ³ 332 ³ 242424 ³ 2896 2196 2696 ³ 03.2 ³ 3069 3299  80.6 ³ Produktion/92.
021000 960822 ³ 317 337 109.3 ³ 265 284 ³ 469 401 ³  -   -    -   ³  -   -  ³ 332 ³ 242424 ³ 2896 2196 2696 ³ 03.2 ³ 3069 3299  81.1 ³ Produktion/92.
021001 960822 ³ 317 336 108.9 ³ 266 284 ³ 469 399 ³  -   -    -   ³  -   -  ³ 332 ³ 242424 ³ 2896 2196 2696 ³ 03.2 ³ 3070 3300  80.3 ³ Produktion/92.
041347 960822 ³ 317 335 108.1 ³ 263 283 ³ 467 403 ³  -   -    -   ³  -   -  ³ *** ³ ****** ³ **** **** **** ³      ³ 3066 3300  80.6 ³ Reparation/90.
020995 960826 ³ 316 334 107.2 ³ 267 282 ³ 471 399 ³ 297 325 107.7 ³ 252 270 ³ 332 ³ 242424 ³ 2896 2196 2696 ³ 03.2 ³ 3065 3297  80.6 ³ Produktion/92.
020996 960826 ³ 316 335 109.1 ³ 266 284 ³ 470 398 ³  -   -    -   ³  -   -  ³ 332 ³ 242424 ³ 2896 2196 2696 ³ 03.2 ³ 3068 3298  80.7 ³ Produktion/92.
041655 960828 ³ 317 334 107.4 ³ 268 282 ³ 468 398 ³ 299 325 108.4 ³ 251 269 ³ 332 ³ 242424 ³ 2896 2196 2696 ³ 03.2 ³ 3071 3299  81.7 ³ Produktion/90.
041656 960828 ³ 316 336 109.0 ³ 266 283 ³ 472 400 ³  -   -    -   ³  -   -  ³ 332 ³ 242424 ³ 2896 2196 2696 ³ 03.2 ³ 3067 3298  81.3 ³ Produktion/90.
041657 960828 ³ 316 336 108.8 ³ 270 282 ³ 465 402 ³  -   -    -   ³  -   -  ³ 332 ³ 242424 ³ 2896 2196 2696 ³ 03.2 ³ 3067 3300  80.4 ³ Produktion/90.
041658 960828 ³ 315 334 107.3 ³ 268 283 ³ 467 400 ³  -   -    -   ³  -   -  ³ 332 ³ 242424 ³ 2896 2196 2696 ³ 03.2 ³ 3070 3300  81.2 ³ Produktion/90.
041659 960828 ³ 316 334 107.5 ³ 267 283 ³ 467 400 ³  -   -    -   ³  -   -  ³ 332 ³ 242424 ³ 2896 2196 2696 ³      ³ 3072 3298  80.7 ³ Produktion/90.
041666 960828 ³ 315 335 108.1 ³ 265 283 ³ 465 399 ³  -   -    -   ³  -   -  ³ 332 ³ 242424 ³ 2896 2196 2696 ³ 03.2 ³ 3070 3299  80.2 ³ Produktion/90
041667 960828 ³ 315 336 109.6 ³ 265 283 ³ 466 400 ³  -   -    -   ³  -   -  ³ 332 ³ 242457 ³ 2896 2196 2696 ³ 03.2 ³ 3069 3299  81.2 ³ Produktion/90.
041668 960828 ³ 317 333 106.8 ³ 267 282 ³ 468 398 ³  -   -    -   ³  -   -  ³ 332 ³ 242457 ³ 2896 2196 2696 ³ 03.2 ³ 3069 3300  81.5 ³ Produktion/90.
041669 960828 ³ 315 335 108.4 ³ 266 284 ³ 470 399 ³  -   -    -   ³  -   -  ³ 332 ³ 242457 ³ 2896 2496 2696 ³ 03.2 ³ 3070 3305  81.7 ³ Produktion/90.
041670 960828 ³ 315 335 109.4 ³ 265 283 ³ 467 399 ³  -   -    -   ³  -   -  ³ 332 ³ 242457 ³ 2896 2196 2696 ³ 03.2 ³ 3065 3297  81.7 ³ Produktion/90.
041665 960829 ³ 316 336 110.1 ³ 262 285 ³ 464 394 ³ 299 326 109.8 ³ 251 269 ³ 332 ³ 242457 ³ 2896 2196 2696 ³ 03.2 ³ 3069 3300  80.6 ³ Produktion/90.
020805 960904 ³ 316 336 109.7 ³ 264 285 ³ 468 402 ³ 300 327 108.9 ³ 251 269 ³ *** ³ ****** ³ **** **** **** ³      ³ 3067 3299  80.9 ³ Reparation/90.
041475 960905 ³ 315 333 108.1 ³ 269 279 ³ 468 396 ³  -   -    -   ³  -   -  ³ *** ³ ****** ³ **** **** **** ³ 03.2 ³ 3070 3299  80.8 ³ Reparation/90.
041660 960906 ³ 315 335 107.6 ³ 269 282 ³ 467 401 ³ 300 327 109.7 ³ 252 269 ³ 332 ³ 242424 ³ 2896 2496 2696 ³ 03.2 ³ 3067 3297  80.6 ³ produktion/90.
041661 960906 ³ 317 334 109.0 ³ 270 282 ³ 465 402 ³  -   -    -   ³  -   -  ³ 332 ³ 242424 ³ 2896 2196 2696 ³ 03.2 ³ 3069 3301  81.5 ³ Produktion/90.
041662 960906 ³ 315 334 108.1 ³ 268 282 ³ 467 401 ³  -   -    -   ³  -   -  ³ 332 ³ 242424 ³ 2896 2196 2696 ³ 03.2 ³ 3067 3296  81.4 ³ Produktion/90.
041663 960906 ³ 316 335 107.9 ³ 267 283 ³ 467 401 ³  -   -    -   ³  -   -  ³ 332 ³ 242424 ³ 2896 2196 2696 ³ 03.2 ³ 3068 3300  80.7 ³ Produktion/90.
041664 960906 ³ 317 336 109.9 ³ 271 282 ³ 463 394 ³  -   -    -   ³  -   -  ³ 332 ³ 242424 ³ 2896 2196 2696 ³ 03.2 ³ 3070 3300  81.3 ³ Produktion/90.
020783 960909 ³ 316 338 110.2 ³ 260 287 ³ 466 397 ³ 297 328 109.2 ³ 252 269 ³ *** ³ ****** ³ **** **** **** ³ 03.2 ³ 3068 3298  81.0 ³ Opgradering 90.
021002 960910 ³ 316 335 109.5 ³ 272 282 ³ 469 396 ³ 297 326 106.6 ³ 253 270 ³ 332 ³ 242457 ³ 0996 2196 2696 ³ 03.2 ³ 3069 3299  80.9 ³ Produktion/92
021003 960910 ³ 316 335 109.5 ³ 274 282 ³ 470 395 ³  -   -    -   ³  -   -  ³ 332 ³ 242457 ³ 0996 2196 2696 ³ 03.2 ³ 3068 3299  81.1 ³ Produktion/92
041444 960910 ³ 314 336 108.5 ³ 263 285 ³ 459 404 ³  -   -    -   ³  -   -  ³ *** ³ ****** ³ **** **** **** ³ 03.2 ³ 3066 3296  80.4 ³ Reparation/90.
021004 960910 ³ 316 335 109.9 ³ 270 283 ³ 468 399 ³  -   -    -   ³  -   -  ³ 332 ³ 242457 ³ 0996 2196 2696 ³ 03.2 ³ 3070 3300  81.5 ³ Produktion/92
021005 960910 ³ 316 335 108.7 ³ 270 282 ³ 470 395 ³  -   -    -   ³  -   -  ³ 332 ³ 242457 ³ 0996 2196 2696 ³ 03.2 ³ 3070 3299  81.0 ³ Produktion/92
021006 960910 ³ 315 334 108.1 ³ 272 282 ³ 467 399 ³  -   -    -   ³  -   -  ³ 332 ³ 242457 ³ 0996 2196 2696 ³ 03.2 ³ 3068 3299  80.9 ³ Produktion/92
021007 960910 ³ 316 335 109.2 ³ 271 282 ³ 470 397 ³  -   -    -   ³  -   -  ³ 332 ³ 242457 ³ 0996 2196 2696 ³ 03.2 ³ 3071 3299  81.0 ³ Produktion/92
021008 960910 ³ 316 335 108.2 ³ 272 282 ³ 469 394 ³  -   -    -   ³  -   -  ³ 332 ³ 242457 ³ 0996 2196 2696 ³ 03.2 ³ 3069 3298  80.9 ³ Produktion/92
021009 960910 ³ 316 334 108.5 ³ 270 282 ³ 470 397 ³  -   -    -   ³  -   -  ³ 332 ³ 242457 ³ 0996 2196 2696 ³ 03.2 ³ 3068 3299  81.2 ³ Produktion/92
041672 960910 ³ 314 335 107.9 ³ 264 284 ³ 468 397 ³ 297 326 108.2 ³ 254 269 ³ 332 ³ 242457 ³ 2896 2196 2696 ³ 03.2 ³ 3068 3300  80.5 ³ Produktion/90
041673 960910 ³ 315 335 108.7 ³ 268 283 ³ 469 393 ³  -   -    -   ³  -   -  ³ 332 ³ 242457 ³ 0996 2196 2696 ³ 03.2 ³ 3068 3298  81.1 ³ Produktion/90
041674 960910 ³ 315 335 107.2 ³ 265 283 ³ 466 398 ³  -   -    -   ³  -   -  ³ 332 ³ 242457 ³ 2696 2196 2696 ³ 03.2 ³ 3069 3297  79.7 ³ Produktion/90
041675 960910 ³ 315 335 108.5 ³ 265 284 ³ 466 396 ³  -   -    -   ³  -   -  ³ 332 ³ 242457 ³ 2896 2196 2696 ³ 03.2 ³ 3072 3299  81.2 ³ Produktion/90
041676 960910 ³ 314 335 111.9 ³ 264 283 ³ 466 397 ³  -   -    -   ³  -   -  ³ 332 ³ 242457 ³ 2896 2196 2696 ³ 03.2 ³ 3065 3298  83.1 ³ Produktion/90
041677 960910 ³ 315 334 106.8 ³ 269 282 ³ 470 392 ³  -   -    -   ³  -   -  ³ 332 ³ 242457 ³ 0996 2196 2696 ³ 03.2 ³ 3070 3298  81.0 ³ Produktion/90
041678 960910 ³ 315 336 108.2 ³ 265 283 ³ 466 397 ³  -   -    -   ³  -   -  ³ 332 ³ 242457 ³ 2896 2196 2696 ³ 03.2 ³ 3069 3298  79.7 ³ Produktion/90
041681 960910 ³ 315 336 109.0 ³ 268 282 ³ 468 393 ³  -   -    -   ³  -   -  ³ 332 ³ 242457 ³ 0996 2196 2696 ³ 03.2 ³ 3068 3300  81.7 ³ Produktion/90
041680 960910 ³ 317 335 109.3 ³ 267 282 ³ 469 396 ³  -   -    -   ³  -   -  ³ 332 ³ 242457 ³ 0996 2196 2696 ³ 03.2 ³ 3065 3297  81.1 ³ Produktion/90
041679 960910 ³ 314 336 107.2 ³ 265 283 ³ 468 396 ³  -   -    -   ³  -   -  ³ 332 ³ 242457 ³ 2896 2196 2696 ³ 03.2 ³ 3067 3299  80.0 ³ Produktion/90
041494 960910 ³ 315 335 108.6 ³ 261 285 ³ 462 404 ³  -   -    -   ³  -   -  ³ *** ³ ****** ³ **** **** **** ³ 03.2 ³ 3070 3301  81.1 ³ Reparation/90.
554177 960911 ³ 316 334 110.0 ³ 276 278 ³ 482 388 ³  -   -    -   ³  -   -  ³ *** ³ ****** ³ **** **** **** ³ 05.7 ³ 3069 3298  81.4 ³ Reparation/90.
031238 960912 ³ 316 336 105.8 ³ 266 283 ³ 465 402 ³ 299 327 108.3 ³ 251 269 ³ *** ³ ****** ³ **** **** **** ³ 03.2 ³ 3065 3298  81.3 ³ Reparation/90.
041305 960912 ³ 317 335 109.3 ³ 267 281 ³ 473 399 ³  -   -    -   ³  -   -  ³ *** ³ ****** ³ **** **** **** ³ 03.2 ³ 3068 3298  80.9 ³ Reparation/90.
030896 960917 ³ 314 337 109.3 ³ 262 285 ³ 459 399 ³  -   -    -   ³  -   -  ³ *** ³ ****** ³ **** **** **** ³ 02.1 ³ 3064 3305  81.2 ³ Reparation/90.
030864 960917 ³ 316 335 107.4 ³ 263 284 ³ 461 402 ³  -   -    -   ³  -   -  ³ *** ³ ****** ³ **** **** **** ³ 02.1 ³ 3071 3299  80.7 ³ Reparation/90.
030852 960918 ³ 315 335 109.3 ³ 263 287 ³ 463 402 ³  -   -    -   ³  -   -  ³ *** ³ ****** ³ **** **** **** ³ 02.1 ³ 3065 3303  81.7 ³ Reparation/90.
539023 960918 ³ 317 335 110.0 ³ 272 278 ³ 456 411 ³  -   -    -   ³  -   -  ³ *** ³ ****** ³ **** **** **** ³ 03.2 ³ 3070 3298  80.8 ³ Reparation/90.
041683 960923 ³ 316 335 107.5 ³ 267 282 ³ 469 395 ³ 299 327 107.7 ³ 252 269 ³ 332 ³ 242457 ³ 3396 2496 2696 ³ 03.2 ³ 3068 3300  80.7 ³ Produktion/90.
041684 960923 ³ 315 334 106.5 ³ 266 282 ³ 470 396 ³  -   -    -   ³  -   -  ³ 332 ³ 242457 ³ 3396 3596 2696 ³      ³ 3067 3300  81.2 ³ Produktion/90.
041686 960924 ³ 315 334 106.2 ³ 266 282 ³ 471 398 ³ 298 326 107.2 ³ 251 270 ³ 332 ³ 242457 ³ 3396 3596 2996 ³ 03.2 ³ 3068 3298  80.7 ³ Produktion/90.
041687 960924 ³ 316 334 108.9 ³ 269 281 ³ 472 399 ³  -   -    -   ³  -   -  ³ 332 ³ 242457 ³ 3398 3596 2996 ³ 03.2 ³ 3069 3300  81.7 ³ Produktion/90.
041688 960924 ³ 314 334 107.2 ³ 267 282 ³ 463 395 ³  -   -    -   ³  -   -  ³ 332 ³ 242457 ³ 3396 2496 2696 ³ 03.2 ³ 3069 3300  80.8 ³ Produktion/90.
041689 960924 ³ 316 335 108.1 ³ 265 283 ³ 467 395 ³  -   -    -   ³  -   -  ³ 332 ³ 242457 ³ 3396 2196 2696 ³ 03.2 ³ 3069 3299  80.9 ³ Produktion/90.
041690 960924 ³ 315 335 108.0 ³ 266 283 ³ 466 397 ³  -   -    -   ³  -   -  ³ 332 ³ 242457 ³ 3396 2196 2696 ³ 03.2 ³ 3067 3298  81.5 ³ Produktion/90.
041691 960924 ³ 316 335 108.3 ³ 265 283 ³ 464 398 ³  -   -    -   ³  -   -  ³ 332 ³ 242457 ³ 3396 2496 2696 ³ 03.2 ³ 3069 3298  81.3 ³ Produktion/90.
041692 960924 ³ 315 336 107.8 ³ 266 284 ³ 467 396 ³  -   -    -   ³  -   -  ³ 332 ³ 242457 ³ 3396 2196 2696 ³ 03.2 ³ 3070 3298  81.0 ³ Produktion/90.
041685 960925 ³ 315 336 110.9 ³ 264 283 ³ 465 392 ³ 298 327 107.9 ³ 252 270 ³ 332 ³ 242457 ³ 3396 2196 2696 ³      ³ 3069 3300  81.5 ³ Produktion/90.
000000 960925 ³ 315 336 110.9 ³ 266 285 ³ 465 398 ³  -   -    -   ³  -   -  ³ 332 ³ 242457 ³ 3396 2196 2696 ³ 03.2 ³ 3069 3299  82.9 ³ John B./90.
021014 960925 ³ 316 335 108.8 ³ 266 283 ³ 471 400 ³  -   -    -   ³  -   -  ³ 332 ³ 242457 ³ 3396 3596 2696 ³ 03.2 ³ 3071 3300  81.3 ³ Produktion/92.
021015 960926 ³ 316 333 107.5 ³ 270 282 ³ 471 399 ³ 299 326 107.4 ³ 252 270 ³ 332 ³ 242424 ³ 3396 3596 3696 ³ 03.2 ³ 3071 3300  80.4 ³ Produktion/92.
031020 960926 ³ 314 334 108.0 ³ 264 286 ³ 463 405 ³  -   -    -   ³  -   -  ³ *** ³ ****** ³ **** **** **** ³ 02.1 ³ 3070 3301  81.3 ³ Reparation/90.
031112 960926 ³ 315 335 108.4 ³ 264 284 ³ 467 403 ³  -   -    -   ³  -   -  ³ *** ³ ****** ³ **** **** **** ³ 02.1 ³ 3069 3299  80.6 ³ Reparation/90.
041708 960927 ³ 316 335 110.6 ³ 266 283 ³ 472 399 ³ 298 326 106.0 ³ 252 270 ³ 332 ³ 242424 ³ 3396 3596 3696 ³ 03.2 ³ 3069 3298  81.0 ³ Produktion/90.
021010 960927 ³ 314 338 110.3 ³ 267 283 ³ 472 399 ³  -   -    -   ³  -   -  ³ 332 ³ 242457 ³ 3396 3596 2696 ³ 03.2 ³ 3069 3299  80.9 ³ Produktion/92.
021011 960927 ³ 315 337 109.5 ³ 266 283 ³ 468 399 ³  -   -    -   ³  -   -  ³ 332 ³ 242457 ³ 3396 3596 2696 ³ 03.2 ³ 3071 3299  81.0 ³ Produktion/92.
021012 960927 ³ 314 335 109.7 ³ 268 280 ³ 474 394 ³  -   -    -   ³  -   -  ³ 332 ³ 242457 ³ 3396 3596 2696 ³ 03.2 ³ 3070 3299  80.7 ³ Produktion/92.
021013 960927 ³ 316 336 109.7 ³ 268 283 ³ 470 398 ³  -   -    -   ³  -   -  ³ 332 ³ 242457 ³ 3396 3596 2696 ³ 03.2 ³ 3070 3299  80.8 ³ Produktion/92.
041693 960927 ³ 316 336 110.4 ³ 267 282 ³ 472 400 ³  -   -    -   ³  -   -  ³ 332 ³ 242457 ³ 3396 3596 2696 ³ 03.2 ³ 3071 3299  80.4 ³ Produktion/90.
041694 960927 ³ 316 335 108.8 ³ 268 282 ³ 470 400 ³  -   -    -   ³  -   -  ³ 332 ³ 242457 ³ 3396 2596 2696 ³ 03.2 ³ 3068 3298  81.3 ³ Produktion/90.
041695 960927 ³ 316 334 108.3 ³ 268 282 ³ 472 399 ³  -   -    -   ³  -   -  ³ 332 ³ 242424 ³ 3396 3596 3696 ³ 03.2 ³ 3066 3296  81.3 ³ Produktion/90.
041696 960927 ³ 315 335 108.5 ³ 268 282 ³ 470 401 ³  -   -    -   ³  -   -  ³ 332 ³ 242424 ³ 3396 3596 3696 ³ 03.2 ³ 3068 3298  80.9 ³ Produktion/90.
041697 960927 ³ 316 335 108.8 ³ 267 283 ³ 469 400 ³  -   -    -   ³  -   -  ³ 332 ³ 242424 ³ 3396 3596 3696 ³ 03.2 ³ 3068 3301  80.9 ³ Produktion/90.
041698 960927 ³ 316 335 110.4 ³ 306 330 ³ 469 400 ³  -   -    -   ³  -   -  ³ 332 ³ 242424 ³ 3396 3696 3696 ³ 03.2 ³ 3067 3298  81.3 ³ Produktion/90.
041699 960927 ³ 315 334 107.0 ³ 267 282 ³ 469 400 ³  -   -    -   ³  -   -  ³ 332 ³ 242424 ³ 3396 3396 3696 ³ 03.2 ³ 3070 3298  81.4 ³ Produktion/90.
041700 960927 ³ 316 334 108.5 ³ 269 281 ³ 471 399 ³  -   -    -   ³  -   -  ³ 332 ³ 242424 ³ 3396 3596 3696 ³ 03.2 ³ 3067 3299  81.1 ³ Produktion/90.
041701 960927 ³ 316 336 111.2 ³ 265 283 ³ 468 400 ³  -   -    -   ³  -   -  ³ 332 ³ 242424 ³ 3396 3596 3696 ³ 03.2 ³ 3068 3300  82.0 ³ Produktion/90.
041702 960927 ³ 315 335 109.6 ³ 269 282 ³ 471 399 ³  -   -    -   ³  -   -  ³ 332 ³ 242424 ³ 3396 3596 3696 ³ 03.2 ³ 3067 3300  81.7 ³ Produktion/90.
041703 960927 ³ 316 336 110.6 ³ 270 282 ³ 469 401 ³  -   -    -   ³  -   -  ³ 332 ³ 242424 ³ 3396 3596 3696 ³ 03.2 ³ 3069 3302  81.1 ³ Produktion/90.
041705 960927 ³ 316 334 108.3 ³ 266 283 ³ 468 400 ³  -   -    -   ³  -   -  ³ 332 ³ 242424 ³ 3396 3596 3696 ³ 03.2 ³ 3069 3301  80.9 ³ Produktion/90.
041706 960927 ³ 317 335 109.8 ³ 268 282 ³ 469 400 ³  -   -    -   ³  -   -  ³ 332 ³ 242424 ³ 3396 3596 3696 ³ 03.2 ³ 3069 3300  81.1 ³ Produktion/90.
041707 960927 ³ 316 335 108.8 ³ 269 282 ³ 470 401 ³  -   -    -   ³  -   -  ³ 332 ³ 242424 ³ 3396 3596 3696 ³ 03.2 ³ 3068 3298  81.6 ³ Produktion/90.
041704 960927 ³ 315 334 108.3 ³ 269 281 ³ 470 398 ³  -   -    -   ³  -   -  ³ 332 ³ 242424 ³ 3396 3596 3696 ³ 03.2 ³ 3070 3301  81.1 ³ Produktion/90.
021016 961008 ³ 315 334 109.1 ³ 268 281 ³ 469 402 ³ 302 327 108.6 ³ 251 269 ³ 332 ³ 242424 ³ 3396 3596 3696 ³ 03.2 ³ 3067 3298  81.4 ³ Produktion/92.
021017 961008 ³ 316 336 109.6 ³ 267 282 ³ 472 399 ³  -   -    -   ³  -   -  ³ 332 ³ 242424 ³ 3396 3596 3696 ³ 03.2 ³ 3067 3298  80.8 ³ Produktion/92.
021018 961008 ³ 316 336 109.7 ³ 267 282 ³ 470 400 ³  -   -    -   ³  -   -  ³ 332 ³ 242424 ³ 3396 3596 3696 ³ 03.2 ³ 3069 3299  81.2 ³ Produktion/92.
021019 961008 ³ 315 335 108.9 ³ 268 282 ³ 470 398 ³  -   -    -   ³  -   -  ³ 332 ³ 242424 ³ 3396 3596 3696 ³ 03.2 ³ 3068 3299  81.1 ³ Produktion/92.
021020 961008 ³ 316 334 107.7 ³ 270 282 ³ 471 400 ³  -   -    -   ³  -   -  ³ 332 ³ 242424 ³ 3396 3596 3696 ³ 03.2 ³ 3069 3300  81.2 ³ Produktion/92.
021021 961008 ³ 316 335 108.7 ³ 267 282 ³ 471 401 ³  -   -    -   ³  -   -  ³ 332 ³ 242424 ³ 3396 3596 3696 ³ 03.2 ³ 3068 3299  80.9 ³ Produktion/92.
020805 961009 ³ 316 336 110.2 ³ 264 283 ³ 468 401 ³  -   -    -   ³  -   -  ³ *** ³ ****** ³ **** **** **** ³ 05.8 ³ 3069 3297  81.4 ³ reparation/90.
020783 961009 ³ 316 337 110.7 ³ 260 286 ³ 468 396 ³  -   -    -   ³  -   -  ³ *** ³ ****** ³ **** **** **** ³ 03.2 ³ 3069 3300  80.4 ³ Reparation/90.
020882 961011 ³ 315 334 109.9 ³ 264 283 ³ 469 406 ³  -   -    -   ³  -   -  ³ *** ³ ****** ³ **** **** **** ³ 03.2 ³ 3071 3299  81.0 ³ Reparation/92.
041719 961021 ³ 311 337 108.8 ³ 267 281 ³ 471 398 ³ 299 329 108.5 ³ 251 269 ³ 332 ³ 242424 ³ 3396 3596 3696 ³ 03.2 ³ 3066 3297  79.8 ³ Produktion/90.
041720 961021 ³ 317 335 110.7 ³ 268 281 ³ 473 399 ³  -   -    -   ³  -   -  ³ 332 ³ 242424 ³ 3396 3596 3696 ³ 03.2 ³ 3067 3296  81.3 ³ Produktion/90.
041721 961021 ³ 315 336 110.1 ³ 267 282 ³ 469 400 ³  -   -    -   ³  -   -  ³ 332 ³ 242424 ³ 3396 3596 3696 ³ 03.2 ³ 3071 3299  81.3 ³ Produktion/90.
041722 961021 ³ 315 336 110.9 ³ 269 282 ³ 472 399 ³  -   -    -   ³  -   -  ³ 332 ³ 242424 ³ 3396 3596 3696 ³ 03.2 ³ 3071 3297  81.3 ³ Produktion/90.
041723 961021 ³ 315 335 107.7 ³ 270 282 ³ 473 397 ³  -   -    -   ³  -   -  ³ 332 ³ 242424 ³ 3396 3596 3696 ³ 03.2 ³ 3068 3299  80.7 ³ Produktion/90.
020706 961022 ³ 315 336 110.6 ³ 259 286 ³ 462 404 ³  -   -    -   ³  -   -  ³ *** ³ ****** ³ **** **** **** ³ 03.2 ³ 3071 3299  81.3 ³ Reparation/90.
031112 961024 ³ 315 336 109.7 ³ 264 284 ³ 469 401 ³  -   -    -   ³  -   -  ³ *** ³ ****** ³ **** **** **** ³ 02.1 ³ 3070 3300  80.8 ³
031101 961024 ³ 317 337 109.8 ³ 266 286 ³ 466 403 ³  -   -    -   ³  -   -  ³ *** ³ ****** ³ **** **** **** ³ 02.1 ³ 3077 3301  80.6 ³ Reparation/90.
041722 961025 ³ 316 334 105.8 ³ 270 281 ³ 474 397 ³  -   -    -   ³  -   -  ³ *** ³ ****** ³ **** **** **** ³ 03.2 ³ 3071 3302  81.0 ³ Produktion/90.
041599 961025 ³ 319 332 107.0 ³ 272 280 ³ 466 395 ³  -   -    -   ³  -   -  ³ *** ³ ****** ³ **** **** **** ³ 03.2 ³ 3066 3300  81.4 ³ Reparation/90.
041722 961025 ³ 317 334 107.5 ³ 270 282 ³ 475 397 ³  -   -    -   ³  -   -  ³ *** ³ ****** ³ **** **** **** ³ 03.2 ³ 3077 3303  80.2 ³ produktion/90
552140 961025 ³ 316 335 106.9 ³ 269 279 ³ 479 374 ³  -   -    -   ³  -   -  ³ *** ³ ****** ³ **** **** **** ³ 05.7 ³ 3070 3299  80.9 ³ Reparation/90.
020795 961025 ³ 316 337 107.9 ³ 265 284 ³ 468 400 ³  -   -    -   ³  -   -  ³ *** ³ ****** ³ **** **** **** ³ 05.8 ³ 3069 3299  80.8 ³ Reparation/90.
041724 961025 ³ 315 334 106.1 ³ 268 281 ³ 470 399 ³ 297 325 105.5 ³ 252 270 ³ 332 ³ 242424 ³ 3396 3596 3696 ³ 03.2 ³ 3069 3300  80.5 ³ produktion/90
041725 961025 ³ 316 334 104.0 ³ 268 282 ³ 470 397 ³  -   -    -   ³  -   -  ³ 332 ³ 242424 ³ 3396 3596 3696 ³ 03.2 ³ 3065 3311  80.2 ³ produktion/90
041726 961025 ³ 315 335 107.2 ³ 267 282 ³ 465 403 ³  -   -    -   ³  -   -  ³ 332 ³ 242424 ³ 3896 3596 3696 ³ 03.2 ³ 3067 3297  80.8 ³ produktion/90
041727 961025 ³ 315 334 104.0 ³ 268 282 ³ 469 400 ³  -   -    -   ³  -   -  ³ 332 ³ 242424 ³ 3396 3596 3696 ³ 03.2 ³ 3069 3297  79.6 ³ produktion/90
041728 961025 ³ 316 334 106.5 ³ 270 281 ³ 468 402 ³  -   -    -   ³  -   -  ³ 332 ³ 242424 ³ 3896 3596 3696 ³ 03.2 ³ 3066 3297  80.5 ³ Produktion/90.
041729 961025 ³ 315 335 107.9 ³ 266 282 ³ 469 397 ³  -   -    -   ³  -   -  ³ 332 ³ 242424 ³ 3396 3596 3696 ³ 03.2 ³ 3067 3297  81.3 ³ produktion/90
041730 961025 ³ 315 334 107.1 ³ 270 281 ³ 473 397 ³  -   -    -   ³  -   -  ³ 332 ³ 242424 ³ 3396 3596 3696 ³ 03.2 ³ 3070 3297  81.1 ³ produktion/90
041731 961025 ³ 315 335 106.4 ³ 270 281 ³ 470 398 ³  -   -    -   ³  -   -  ³ 332 ³ 242424 ³ 3396 3596 3696 ³ 03.2 ³ 3069 3298  80.5 ³ produktion/90
041732 961025 ³ 315 334 106.5 ³ 268 282 ³ 471 398 ³  -   -    -   ³  -   -  ³ 332 ³ 242424 ³ 3396 3596 3696 ³ 03.2 ³ 3068 3299  81.0 ³ produktion/90
020728 961025 ³ 316 335 110.4 ³ 265 282 ³ 463 406 ³  -   -    -   ³  -   -  ³ *** ³ ****** ³ **** **** **** ³ 05.8 ³ 3065 3299  82.3 ³ Reparation/90.
041734 961025 ³ 315 336 107.7 ³ 266 283 ³ 470 398 ³  -   -    -   ³  -   -  ³ 332 ³ 242424 ³ 3396 3596 3696 ³ 03.2 ³ 3070 3300  81.5 ³ produktion/90
041733 961025 ³ 315 334 106.0 ³ 266 282 ³ 470 396 ³  -   -    -   ³  -   -  ³ 332 ³ 242424 ³ 3396 3596 3696 ³ 03.2 ³ 3068 3298  81.0 ³ produktion/90
041735 961028 ³ 316 334 107.1 ³ 268 283 ³ 465 401 ³ 299 325 104.9 ³ 251 271 ³ 332 ³ 242424 ³ 3396 3596 3696 ³ 03.2 ³ 3068 3298  80.8 ³ produktion/90
041736 961028 ³ 316 335 109.0 ³ 269 283 ³ 474 396 ³  -   -    -   ³  -   -  ³ 332 ³ 242424 ³ 3396 3596 3696 ³ 03.2 ³ 3067 3298  80.6 ³ produktion/90
041737 961028 ³ 316 337 110.8 ³ 269 282 ³ 465 403 ³  -   -    -   ³  -   -  ³ 332 ³ 242424 ³ 3896 3596 3696 ³ 03.2 ³ 3068 3300  81.9 ³ produktion/90
041738 961028 ³ 316 336 108.4 ³ 268 283 ³ 472 400 ³  -   -    -   ³  -   -  ³ 332 ³ 242424 ³ 3396 3596 3696 ³ 03.2 ³ 3073 3299  80.0 ³ produktion/90
030905 961028 ³ 316 338 108.9 ³ 261 289 ³ 464 400 ³  -   -    -   ³  -   -  ³ *** ³ ****** ³ **** **** **** ³ 02.1 ³ 3066 3302  80.9 ³ Reparation/90.
010719 961029 ³ 317 336 109.4 ³ 262 284 ³ 465 407 ³  -   -    -   ³  -   -  ³ *** ³ ****** ³ **** **** **** ³ 02.1 ³ 3066 3298  81.1 ³ Reparation/92. - SONY
041328 961029 ³ 316 337 106.9 ³ 264 286 ³ 458 411 ³  -   -    -   ³  -   -  ³ *** ³ ****** ³ **** **** **** ³ 03.2 ³ 3072 3300  80.9 ³ Reparation/90.
010623 961029 ³ 316 336 107.4 ³ 262 285 ³ 469 401 ³  -   -    -   ³  -   -  ³ *** ³ ****** ³ **** **** **** ³ 02.1 ³ 3071 3293  80.8 ³ Reparation/92. Hong Kong.
020758 961029 ³ 316 337 108.6 ³ 264 286 ³ 460 414 ³  -   -    -   ³  -   -  ³ *** ³ ****** ³ **** **** **** ³ 03.2 ³ 3071 3299  80.6 ³ Reparation/92. Hong Kong.
020749 961029 ³ 316 338 110.2 ³ 260 287 ³ 459 414 ³  -   -    -   ³  -   -  ³ *** ³ ****** ³ **** **** **** ³ 03.2 ³ 3068 3300  81.1 ³ Reparation/92. Hong Kong.
041309 961030 ³ 315 336 107.2 ³ 268 281 ³ 468 401 ³ 298 326 105.6 ³ 253 269 ³ *** ³ ****** ³ **** **** **** ³      ³ 3066 3300  80.5 ³ Reparation/90. Philips.
041644 961030 ³ 315 335 107.0 ³ 264 282 ³ 464 400 ³  -   -    -   ³  -   -  ³ *** ³ ****** ³ **** **** **** ³      ³ 3069 3299  80.8 ³ Reparation/90. Philips.
031075 961031 ³ 316 336 107.8 ³ 264 285 ³ 465 402 ³  -   -    -   ³  -   -  ³ *** ³ ****** ³ **** **** **** ³ 02.1 ³ 3068 3301  81.1 ³ Reparation/90. Thomson.
041541 961031 ³ 315 336 107.1 ³ 265 283 ³ 470 399 ³  -   -    -   ³  -   -  ³ *** ³ ****** ³ **** **** **** ³ 03.2 ³ 3068 3299  81.1 ³ Raparation/90. PTV.
020729 961101 ³ 315 336 108.9 ³ 261 283 ³ 465 402 ³  -   -    -   ³  -   -  ³ *** ³ ****** ³ **** **** **** ³ 05.8 ³ 3069 3300  81.3 ³ Reparation/90. Olivetti.
041739 961104 ³ 316 335 109.2 ³ 270 282 ³ 463 405 ³ 301 325 106.2 ³ 253 269 ³ 332 ³ 242424 ³ 3896 3596 3696 ³ 03.2 ³ 3067 3300  81.1 ³ Produktion/90.
041740 961104 ³ 316 335 108.6 ³ 267 282 ³ 465 402 ³  -   -    -   ³  -   -  ³ 332 ³ 242424 ³ 3896 3596 3696 ³ 03.2 ³ 3068 3299  80.8 ³ Produktion/90.
041741 961104 ³ 314 336 107.3 ³ 269 283 ³ 464 404 ³  -   -    -   ³  -   -  ³ 332 ³ 242424 ³ 3896 4096 3696 ³ 03.2 ³ 3069 3301  80.7 ³ Produktion/90.
041742 961105 ³ 316 337 109.1 ³ 267 282 ³ 461 406 ³ 298 328 106.7 ³ 251 269 ³ 332 ³ 242424 ³ 3896 4096 3696 ³ 03.2 ³ 3066 3301  80.7 ³ produktion/90.
041743 961105 ³ 316 335 108.6 ³ 267 282 ³ 462 404 ³  -   -    -   ³  -   -  ³ 332 ³ 242424 ³ 3896 4096 3696 ³ 03.2 ³ 3064 3298  80.9 ³ Produktion/90.
041744 961105 ³ 316 335 108.0 ³ 267 281 ³ 466 404 ³  -   -    -   ³  -   -  ³ 332 ³ 242424 ³ 3896 4096 3696 ³      ³ 3066 3299  80.9 ³ Produktion/90.
041745 961105 ³ 316 336 107.9 ³ 266 282 ³ 464 404 ³  -   -    -   ³  -   -  ³ 332 ³ 242424 ³ 3896 4096 3696 ³ 03.2 ³ 3071 3300  80.7 ³ Produktion/90.
041746 961105 ³ 315 336 108.1 ³ 267 282 ³ 465 402 ³  -   -    -   ³  -   -  ³ 332 ³ 242457 ³ 4096 3696 3696 ³ 03.2 ³ 3068 3300  80.8 ³ Produktion/90.
041747 961105 ³ 315 337 107.6 ³ 266 282 ³ 464 403 ³  -   -    -   ³  -   -  ³ 332 ³ 242424 ³ 3896 4096 3696 ³ 03.2 ³ 3063 3295  81.0 ³ Peoduktion/90,
041748 961105 ³ 317 336 108.2 ³ 270 280 ³ 464 402 ³  -   -    -   ³  -   -  ³ 332 ³ 242424 ³ 3896 4096 3696 ³ 03.2 ³ 3071 3300  80.7 ³ Produktion/90.
041749 961105 ³ 316 335 106.7 ³ 267 282 ³ 463 403 ³  -   -    -   ³  -   -  ³ 332 ³ 242424 ³ 4096 3896 3696 ³ 03.2 ³ 3066 3298  80.5 ³ Produktion/90.
041750 961105 ³ 315 335 105.7 ³ 266 281 ³ 463 403 ³  -   -    -   ³  -   -  ³ 332 ³ 242424 ³ 3896 4096 3696 ³ 03.2 ³ 3069 3296  80.0 ³ Produktion/90.
041751 961105 ³ 316 336 111.3 ³ 268 281 ³ 465 402 ³  -   -    -   ³  -   -  ³ 332 ³ 242424 ³ 3896 4096 3696 ³ 03.2 ³ 3069 3300  82.7 ³ Produktion/90.
021023 961111 ³ 315 334 106.5 ³ 269 280 ³ 467 401 ³ 298 327 103.7 ³ 252 270 ³ 332 ³ 242457 ³ 3896 4096 3696 ³ 03.2 ³ 3068 3299  80.9 ³ Produktion/92.
021022 961111 ³ 315 335 107.6 ³ 270 280 ³ 465 403 ³  -   -    -   ³  -   -  ³ 332 ³ 242457 ³ 3896 4096 3696 ³ 03.2 ³ 3067 3298  81.2 ³ Produktion/92.
041511 961112 ³ 315 337 108.9 ³ 262 284 ³ 466 404 ³  -   -    -   ³  -   -  ³ *** ³ ****** ³ **** **** **** ³ 03.2 ³ 3069 3299  80.8 ³ Reparation/90. strig.
020636 961112 ³ 314 337 108.3 ³ 260 285 ³ 457 410 ³  -   -    -   ³  -   -  ³ *** ³ ****** ³ **** **** **** ³ 05.8 ³ 3068 3300  81.0 ³ Reparation/90. Toshiba.
020630 961112 ³ 315 338 108.2 ³ 258 285 ³ 461 405 ³  -   -    -   ³  -   -  ³ *** ³ ****** ³ **** **** **** ³ 05.8 ³ 3067 3300  81.0 ³ Reparation/90. Toshiba.
041752 961112 ³ 315 336 108.3 ³ 266 281 ³ 463 403 ³ 300 328 106.4 ³ 253 270 ³ 332 ³ 242457 ³ 3896 4096 3696 ³ 03.2 ³ 3068 3298  80.5 ³ produktion/90
041753 961112 ³ 317 334 107.1 ³ 267 281 ³ 462 402 ³  -   -    -   ³  -   -  ³ 332 ³ 242457 ³ 3896 4096 3696 ³ 03.2 ³ 3067 3297  81.2 ³ produktion/90
041754 961113 ³ 315 334 111.8 ³ 267 280 ³ 466 402 ³ 299 326 108.1 ³ 252 270 ³ 332 ³ 242457 ³ 3896 4096 3696 ³ 03.2 ³ 3068 3300  80.4 ³ produktion/90
041755 961113 ³ 314 337 114.4 ³ 265 281 ³ 466 400 ³  -   -    -   ³  -   -  ³ 332 ³ 242457 ³ 3896 4096 3696 ³ 03.2 ³ 3071 3302  81.6 ³ produktion/90
041756 961113 ³ 315 335 114.2 ³ 265 281 ³ 466 401 ³  -   -    -   ³  -   -  ³ 332 ³ 242457 ³ 3896 4096 3696 ³ 03.2 ³ 3077 3297  81.1 ³ produktion/90
041757 961113 ³ 315 334 113.4 ³ 265 280 ³ 464 402 ³  -   -    -   ³  -   -  ³ 332 ³ 242457 ³ 3896 4096 3696 ³ 03.2 ³ 3070 3301  81.6 ³ produktion/90
041758 961113 ³ 314 334 112.0 ³ 267 280 ³ 465 403 ³  -   -    -   ³  -   -  ³ 332 ³ 242457 ³ 3896 4096 3696 ³ 03.2 ³ 3069 3297  80.2 ³ produktion/90
041759 961113 ³ 314 335 115.3 ³ 266 281 ³ 462 404 ³  -   -    -   ³  -   -  ³ 332 ³ 242457 ³ 3896 4096 3696 ³ 03.2 ³ 3066 3301  82.7 ³ produktion/90
041760 961113 ³ 316 334 110.6 ³ 267 280 ³ 466 402 ³  -   -    -   ³  -   -  ³ 332 ³ 242457 ³ 3896 4096 3696 ³ 03.2 ³ 3070 3296  81.9 ³ produktion/90
041761 961113 ³ 315 335 111.0 ³ 267 281 ³ 466 402 ³  -   -    -   ³  -   -  ³ 332 ³ 242457 ³ 3896 4096 3696 ³ 03.2 ³ 3063 3301  81.3 ³ produktion/90
031076 961114 ³ 323 344 111.6 ³ 264 286 ³ 478 414 ³  -   -    -   ³  -   -  ³ *** ³ ****** ³ **** **** **** ³      ³ 3067 3297  80.4 ³ Reparation/90. PTV.
041542 961114 ³ 315 335 109.6 ³ 270 280 ³ 467 392 ³  -   -    -   ³  -   -  ³ *** ³ ****** ³ **** **** **** ³ 03.2 ³ 3070 3299  81.1 ³ Reparation/90. PTV.
041560 961115 ³ 315 335 110.2 ³ 264 283 ³ 466 392 ³  -   -    -   ³  -   -  ³ *** ³ ****** ³ **** **** **** ³ 03.2 ³ 3070 3300  80.7 ³ Reparation/90.
041545 961118 ³ 314 335 107.7 ³ 263 283 ³ 465 396 ³  -   -    -   ³  -   -  ³ *** ³ ****** ³ **** **** **** ³ 03.2 ³ 3070 3299  80.6 ³ Reparation/90. PTV.
020792 961119 ³ 315 338 112.9 ³ 260 288 ³ 465 404 ³  -   -    -   ³  -   -  ³ *** ³ ****** ³ **** **** **** ³ 03.2 ³ 3067 3301  81.2 ³ Reparation/90. BTS Italy.
030929 961119 ³ 316 334 109.0 ³ 274 245 ³ 421 476 ³  -   -    -   ³  -   -  ³ *** ³ ****** ³ **** **** **** ³ 02.1 ³ 3069 3301  80.8 ³ Reparation/90. Brazil.
030928 961119 ³ 316 335 110.2 ³ 263 286 ³ 470 401 ³  -   -    -   ³  -   -  ³ *** ³ ****** ³ **** **** **** ³ 02.1 ³ 3069 3301  80.5 ³ Reparation/90. Brazil.
041763 961121 ³ 318 334 110.8 ³ 268 279 ³ 467 400 ³ 299 327 105.2 ³ 253 270 ³ 332 ³ 242457 ³ 3896 4096 3696 ³ 03.2 ³ 3074 3298  80.5 ³ Produktion/90.
041762 961121 ³ 317 336 112.6 ³ 265 281 ³ 464 401 ³  -   -    -   ³  -   -  ³ 332 ³ 242457 ³ 3896 4096 3696 ³ 03.2 ³ 3077 3299  81.4 ³ Produktion/90.
020730 961121 ³ 316 335 111.9 ³ 261 284 ³ 465 405 ³  -   -    -   ³  -   -  ³ *** ³ ****** ³ **** **** **** ³ 05.8 ³ 3079 3295  80.9 ³ Reparation/90.
041444 961121 ³ 316 335 111.1 ³ 266 282 ³ 463 406 ³  -   -    -   ³  -   -  ³ *** ³ ****** ³ **** **** **** ³ 03.2 ³ 3073 3301  80.8 ³ Reparation/90.
041784 961122 ³ 316 336 107.3 ³ 265 282 ³ 462 403 ³  -   -    -   ³  -   -  ³ 332 ³ 242457 ³ 3896 4096 3696 ³ 03.2 ³ 3068 3299  80.3 ³ Produktion/90.
020674 961128 ³ 314 335 106.6 ³ 265 284 ³ 463 404 ³ 298 324 104.7 ³ 251 270 ³ *** ³ ****** ³ **** **** **** ³      ³ 3070 3301  81.1 ³ Reparation/90.
041764 961129 ³ 315 335 106.2 ³ 268 281 ³ 462 402 ³ 300 328 107.9 ³ 252 270 ³ 332 ³ 242457 ³ 3896 4096 3696 ³ 03.2 ³ 3064 3296  80.9 ³ Produktion/90.
041765 961129 ³ 316 334 106.8 ³ 267 281 ³ 465 404 ³  -   -    -   ³  -   -  ³ 332 ³ 242457 ³ 3896 4096 3696 ³      ³ 3068 3302  81.6 ³ Produktion/90.
041766 961129 ³ 316 335 107.0 ³ 267 281 ³ 463 400 ³  -   -    -   ³  -   -  ³ 332 ³ 242457 ³ 3896 4096 3696 ³ 03.2 ³ 3066 3295  80.9 ³ Produktion/90.
041767 961129 ³ 316 334 105.9 ³ 269 281 ³ 466 403 ³  -   -    -   ³  -   -  ³ 332 ³ 242457 ³ 3896 4096 3696 ³      ³ 3069 3298  80.7 ³ Produktion/90.
041768 961129 ³ 315 334 106.3 ³ 268 281 ³ 465 404 ³  -   -    -   ³  -   -  ³ 332 ³ 242457 ³ 3896 4096 3696 ³ 03.2 ³ 3063 3295  81.4 ³ Produktion/90.
041769 961129 ³ 317 335 106.9 ³ 268 281 ³ 464 403 ³  -   -    -   ³  -   -  ³ 332 ³ 242457 ³ 3896 4096 3696 ³ 03.2 ³ 3071 3295  80.1 ³ Produktion/90.
041770 961129 ³ 316 334 105.7 ³ 267 281 ³ 463 402 ³  -   -    -   ³  -   -  ³ 332 ³ 242457 ³ 3896 4096 3696 ³ 03.2 ³ 3069 3298  80.6 ³ Produktion/90.
041771 961129 ³ 316 335 106.0 ³ 267 281 ³ 464 400 ³  -   -    -   ³  -   -  ³ 332 ³ 242457 ³ 3896 4096 3696 ³ 03.2 ³ 3069 3299  80.9 ³ Produktion/90.
041772 961129 ³ 315 334 105.1 ³ 265 281 ³ 461 400 ³  -   -    -   ³  -   -  ³ 332 ³ 242457 ³ 3896 4096 3696 ³ 03.2 ³ 3065 3296  80.5 ³ Produktion/90.
041773 961129 ³ 316 334 105.4 ³ 269 280 ³ 466 401 ³  -   -    -   ³  -   -  ³ 332 ³ 242457 ³ 3896 4096 3696 ³ 03.2 ³ 3066 3296  80.6 ³ Produktion/90.
539024 961129 ³ 317 336 107.5 ³ 260 289 ³ 469 404 ³  -   -    -   ³  -   -  ³ *** ³ ****** ³ **** **** **** ³ 05.7 ³ 3071 3296  80.9 ³ Reparation/90.
041775 961203 ³ 317 334 110.8 ³ 265 280 ³ 466 400 ³ 302 328 110.2 ³ 252 268 ³ 332 ³ 242457 ³ 3896 4096 3696 ³ 03.2 ³ 3065 3294  81.9 ³ Produktion/90.
041776 961203 ³ 318 336 108.3 ³ 268 281 ³ 468 401 ³  -   -    -   ³  -   -  ³ 332 ³ 242457 ³ 3896 4096 3696 ³ 03.2 ³ 3071 3300  81.1 ³ Produktion/90.
041774 961203 ³ 317 336 111.3 ³ 267 280 ³ 464 400 ³  -   -    -   ³  -   -  ³ 332 ³ 242457 ³ 3896 4096 3696 ³ 03.2 ³ 3066 3297  82.0 ³ Produktion/90.
041777 961203 ³ 317 337 110.5 ³ 265 282 ³ 465 400 ³  -   -    -   ³  -   -  ³ 332 ³ 242457 ³ 3796 4096 3696 ³ 03.2 ³ 3069 3299  81.4 ³ Produktion/90.
041778 961203 ³ 318 335 109.4 ³ 267 280 ³ 467 401 ³  -   -    -   ³  -   -  ³ 332 ³ 242457 ³ 3896 4096 3696 ³ 03.2 ³ 3069 3299  80.7 ³ Produktion/90.
041779 961203 ³ 318 335 108.1 ³ 267 280 ³ 466 399 ³  -   -    -   ³  -   -  ³ 332 ³ 242457 ³ 3896 4096 3696 ³ 03.2 ³ 3068 3298  80.5 ³ Produktion/90.
041780 961203 ³ 317 336 109.2 ³ 267 280 ³ 465 402 ³  -   -    -   ³  -   -  ³ 332 ³ 242457 ³ 3896 4096 3696 ³ 03.2 ³ 3066 3299  81.0 ³ Produktion/90.
041782 961203 ³ 318 335 108.3 ³ 267 281 ³ 466 401 ³  -   -    -   ³  -   -  ³ 332 ³ 242457 ³ 3896 4096 3696 ³ 03.2 ³ 3071 3301  80.7 ³ Produktion/90.
041783 961204 ³ 316 334 107.6 ³ 266 281 ³ 464 399 ³ 299 327 108.0 ³ 252 269 ³ 332 ³ 242457 ³ 3896 4096 3696 ³ 03.2 ³ 3069 3298  80.8 ³ Produktion/90.
041781 961204 ³ 316 333 108.0 ³ 268 280 ³ 464 402 ³  -   -    -   ³  -   -  ³ 332 ³ 242457 ³ 3896 4096 3696 ³ 03.2 ³ 3069 3299  81.2 ³ Produktion/90.
041785 961204 ³ 316 335 109.4 ³ 266 280 ³ 464 402 ³  -   -    -   ³  -   -  ³ 332 ³ 242457 ³ 3896 4096 3696 ³ 03.2 ³ 3068 3299  80.9 ³ Produktion/90.
041786 961204 ³ 315 335 108.5 ³ 265 281 ³ 462 399 ³  -   -    -   ³  -   -  ³ 332 ³ 242457 ³ 3896 4096 3696 ³ 03.2 ³ 3069 3297  80.7 ³ Produktion/90.
030929 961204 ³ 315 336 108.9 ³ 265 282 ³ 463 405 ³  -   -    -   ³  -   -  ³ *** ³ ****** ³ **** **** **** ³ 02.1 ³ 3070 3299  81.0 ³ Raparation/90.
030928 961204 ³ 316 336 108.7 ³ 263 287 ³ 469 403 ³  -   -    -   ³  -   -  ³ *** ³ ****** ³ **** **** **** ³ 02.1 ³ 3068 3307  81.5 ³ Reparation/90. Manaus - Brazil
539022 961206 ³ 317 336 107.7 ³ 268 284 ³ 473 398 ³  -   -    -   ³  -   -  ³ *** ³ ****** ³ **** **** **** ³ 05.7 ³ 3069 3299  81.1 ³ Reparation/90. London Gatwick.
031235 961209 ³ 315 336 108.2 ³ 263 283 ³ 469 401 ³  -   -    -   ³  -   -  ³ *** ³ ****** ³ **** **** **** ³ 02.1 ³ 3064 3307  81.7 ³ Reparation/90 Philips.
010651 961210 ³ 316 338 110.2 ³ 263 288 ³ 460 405 ³  -   -    -   ³  -   -  ³ *** ³ ****** ³ **** **** **** ³ 02.1 ³ 3068 3298  80.6 ³
547135 961210 ³ 316 337 109.4 ³ 261 284 ³ 466 403 ³  -   -    -   ³  -   -  ³ *** ³ ****** ³ **** **** **** ³ 05.7 ³ 3073 3299  81.1 ³ Reparation/90. NGP.
020845 961211 ³ 316 336 110.3 ³ 264 284 ³ 467 402 ³  -   -    -   ³  -   -  ³ *** ³ ****** ³ **** **** **** ³ 05.8 ³ 3066 3298  82.2 ³ Reparation/90 Toshiba.
041456 961216 ³ 316 338 109.2 ³ 262 286 ³ 466 404 ³ 299 328 106.7 ³ 252 270 ³ *** ³ ****** ³ **** **** **** ³ 03.2 ³ 3069 3301  81.0 ³ Reparation/90. PTV.
041616 961216 ³ 316 337 109.1 ³ 265 284 ³ 466 404 ³  -   -    -   ³  -   -  ³ *** ³ ****** ³ **** **** **** ³ 03.2 ³ 3067 3296  81.4 ³ Reparation/90. Brazil.
031060 961217 ³ 316 338 108.8 ³ 263 290 ³ 459 411 ³ 300 329 107.8 ³ 252 270 ³ *** ³ ****** ³ **** **** **** ³ 02.1 ³ 3062 3307  81.0 ³ Reparation/90. Philips.
041787 961218 ³ 317 337 106.7 ³ 268 281 ³ 473 394 ³ 299 329 106.6 ³ 252 270 ³ 332 ³ 242457 ³ 4796 4096 3696 ³ 03.2 ³ 3069 3298  80.7 ³ Produktion/90.
041788 961218 ³ 316 337 106.1 ³ 269 281 ³ 473 396 ³  -   -    -   ³  -   -  ³ 332 ³ 242457 ³ 4796 4096 3696 ³ 03.2 ³ 3069 3300  80.8 ³ Produktion/90.
020873 961219 ³ 317 336 106.7 ³ 265 284 ³ 466 408 ³  -   -    -   ³  -   -  ³ *** ³ ****** ³ **** **** **** ³ 03.2 ³ 3068 3301  81.1 ³ Reparation/92. Taiwan.
020770 961219 ³ 316 337 106.0 ³ 265 282 ³ 466 405 ³  -   -    -   ³  -   -  ³ *** ³ ****** ³ **** **** **** ³ 03.2 ³ 3069 3299  80.4 ³ Reparation/92. Taiwan.
