
BL51 BANKED LINKER/LOCATER V5.15 - SN: K1DQP-01744E
COPYRIGHT KEIL ELEKTRONIK GmbH 1987 - 2004
"F:\PT8616\final_source\released\SW_ver1.1\MCU\EEPROM_drv.obj",
"F:\PT8616\final_source\released\SW_ver1.1\MCU\GPS_main.obj",
"F:\PT8616\final_source\released\SW_ver1.1\MCU\I2C_bus.obj",
"F:\PT8616\final_source\released\SW_ver1.1\MCU\i2c_slave.obj",
"F:\PT8616\final_source\released\SW_ver1.1\MCU\ini.obj",
"F:\PT8616\final_source\released\SW_ver1.1\MCU\LTC_handler.obj",
"F:\PT8616\final_source\released\SW_ver1.1\MCU\pt5300_handler.obj",
"F:\PT8616\final_source\released\SW_ver1.1\MCU\serial.obj",
"F:\PT8616\final_source\released\SW_ver1.1\MCU\SW_uart.obj",
"F:\PT8616\final_source\released\SW_ver1.1\MCU\ublox_prot.obj"  TO "F:\PT8616\final_source\released\SW_ver1.1\MCU\EEPROM_drv" RS(256) PL(68) PW(78) 

*** WARNING L16: UNCALLED SEGMENT, IGNORED FOR OVERLAY PROCESS
    SEGMENT: ?PR?PRINT_DEBUG_PAGE?GPS_MAIN

*** WARNING L16: UNCALLED SEGMENT, IGNORED FOR OVERLAY PROCESS
    SEGMENT: ?PR?I2C_GIVEACK?I2C_BUS

*** WARNING L16: UNCALLED SEGMENT, IGNORED FOR OVERLAY PROCESS
    SEGMENT: ?PR?PRINT_LTC_INFO?LTC_HANDLER

*** WARNING L16: UNCALLED SEGMENT, IGNORED FOR OVERLAY PROCESS
    SEGMENT: ?PR?SETUP_SW_UART?SW_UART

Program Size: data=106.3 xdata=441 code=12165
LINK/LOCATE RUN COMPLETE.  4 WARNING(S),  0 ERROR(S)
