iMPACT Version: H.42
iMPACT log file started on 2006/05/23 15:24:02
// *** BATCH CMD : setPreference -pref UserLevel:NOVICE
// *** BATCH CMD : setPreference -pref MessageLevel:DETAILED
// *** BATCH CMD : setPreference -pref ConcurrentMode:FALSE
// *** BATCH CMD : setPreference -pref UseHighz:FALSE
// *** BATCH CMD : setPreference -pref ConfigOnFailure:STOP
// *** BATCH CMD : setPreference -pref StartupCLock:AUTO_CORRECTION
// *** BATCH CMD : setPreference -pref AutoSignature:FALSE
// *** BATCH CMD : setPreference -pref KeepSVF:FALSE
// *** BATCH CMD : setPreference -pref svfUseTime:FALSE
// *** BATCH CMD : setPreference -pref UserLevel:NOVICE
// *** BATCH CMD : setPreference -pref MessageLevel:DETAILED
// *** BATCH CMD : setPreference -pref ConcurrentMode:FALSE
// *** BATCH CMD : setPreference -pref UseHighz:FALSE
// *** BATCH CMD : setPreference -pref ConfigOnFailure:STOP
// *** BATCH CMD : setPreference -pref StartupCLock:AUTO_CORRECTION
// *** BATCH CMD : setPreference -pref AutoSignature:FALSE
// *** BATCH CMD : setPreference -pref KeepSVF:FALSE
// *** BATCH CMD : setPreference -pref svfUseTime:FALSE
// *** BATCH CMD : setMode -bs
// *** BATCH CMD : setMode -pff
// *** BATCH CMD : setMode -pff
// *** BATCH CMD : addConfigDevice -size 1024 -name "xcf08p" -path "F:\pt8612\vhdl\xilinx\sdhd_module_v2 (0.2)debug/"
// *** BATCH CMD : setSubmode -pffserial
// *** BATCH CMD : addPromDevice -position 1 -size -1 -name "xcf08p"
'1': Added Device xcf08p successfully.
----------------------------------------------------------------------
// *** BATCH CMD : setMode -pff
// *** BATCH CMD : setSubmode -pffserial
// *** BATCH CMD : setAttribute -configdevice -attr size -value "0"
// *** BATCH CMD : addCollection -name "test_control"
// *** BATCH CMD : setAttribute -collection -attr dir -value "UP"
// *** BATCH CMD : addDesign -version 0 -name "0000"
// *** BATCH CMD : addDeviceChain -index 0
// *** BATCH CMD : addDevice -position 1 -file "F:\PT8612\VHDL\xilinx\SDHD_module_v2 (0.2)debug\hd_gen_module.bit"
'1': Loading file 'F:\PT8612\VHDL\xilinx\SDHD_module_v2 (0.2)debug\hd_gen_module.bit' ...
INFO:iMPACT - Elapsed time =      2 sec.
done.
INFO:iMPACT:501 - '1': Added Device xc2vp20 successfully.
----------------------------------------------------------------------
----------------------------------------------------------------------
GUI --- Add one device.
// *** BATCH CMD : setMode -pff
Collection : test_control
Design : 0
Device Chain : 0
----------------------------------------------------------------------
Position	PartName       	FileName            
1       	xc2vp20        	F:\PT8612\VHDL\xilinx\SDHD_module_v2 (0.2)debug\hd_gen_module.bit
----------------------------------------------------------------------
// *** BATCH CMD : setAttribute -configdevice -attr fillValue -value "FF"
// *** BATCH CMD : setAttribute -configdevice -attr fileFormat -value "mcs"
// *** BATCH CMD : setAttribute -collection -attr dir -value "UP"
// *** BATCH CMD : setAttribute -configdevice -attr path -value "F:\pt8612\vhdl\xilinx\sdhd_module_v2 (0.2)debug/"
// *** BATCH CMD : setAttribute -collection -attr name -value "test_control"
// *** BATCH CMD : generate
0xfab04 (1026820) bytes loaded up from 0x0
Using user-specified prom size of 1024K
Writing file "F:\pt8612\vhdl\xilinx\sdhd_module_v2 (0.2)debug//test_control.mcs".
Writing file "F:\pt8612\vhdl\xilinx\sdhd_module_v2 (0.2)debug//test_control.prm".
Writing file "F:\pt8612\vhdl\xilinx\sdhd_module_v2 (0.2)debug//test_control.sig".
GUI --- Total configuration bit size = 8214560 bits.
GUI --- Total configuration byte size = 1026820 bytes.
// *** BATCH CMD : setCurrentDesign -version 0
*****   Closing iMPACT program.   *****
