
bitinit version Xilinx EDK 8.1 Build EDK_I.18.7
Copyright (c) Xilinx Inc. 2002.

Parsing MHS File system.mhs...
Sourcing tcl file
C:/EDK/hw/XilinxProcessorIPLib/pcores/ppc405_v2_00_c/data/ppc405_v2_1_0.tcl ...
Sourcing tcl file
C:/EDK/hw/XilinxProcessorIPLib/pcores/jtagppc_cntlr_v2_00_a/data/jtagppc_cntlr_v
2_1_0.tcl ...
Sourcing tcl file
C:/EDK/hw/XilinxProcessorIPLib/pcores/isocm_v10_v2_00_a/data/isocm_v10_v2_1_0.tc
l ...
Sourcing tcl file
C:/EDK/hw/XilinxProcessorIPLib/pcores/isbram_if_cntlr_v3_00_a/data/isbram_if_cnt
lr_v2_1_0.tcl ...
Sourcing tcl file
C:/EDK/hw/XilinxProcessorIPLib/pcores/dsocm_v10_v2_00_a/data/dsocm_v10_v2_1_0.tc
l ...
Sourcing tcl file
C:/EDK/hw/XilinxProcessorIPLib/pcores/dsbram_if_cntlr_v3_00_a/data/dsbram_if_cnt
lr_v2_1_0.tcl ...
Sourcing tcl file
C:/EDK/hw/XilinxProcessorIPLib/pcores/plb_v34_v1_02_a/data/plb_v34_v2_1_0.tcl
...
Sourcing tcl file
C:/EDK/hw/XilinxProcessorIPLib/pcores/plb_emc_v2_00_a/data/plb_emc_v2_1_0.tcl
...
Sourcing tcl file
C:/EDK/hw/XilinxProcessorIPLib/pcores/plb2opb_bridge_v1_01_a/data/plb2opb_bridge
_v2_1_0.tcl ...
Sourcing tcl file
C:/EDK/hw/XilinxProcessorIPLib/pcores/plb_bram_if_cntlr_v1_00_b/data/plb_bram_if
_cntlr_v2_1_0.tcl ...
Sourcing tcl file
C:/EDK/hw/XilinxProcessorIPLib/pcores/dcm_module_v1_00_a/data/dcm_module_v2_1_0.
tcl ...

Overriding IP level properties ...
jtagppc_cntlr (jtagppc_0) -
C:\EDK\hw\XilinxProcessorIPLib\pcores\jtagppc_cntlr_v2_00_a\data\jtagppc_cntlr_v
2_1_0.mpd line 36 - tool overriding c_device value X2VP4 to 
bram_block (isocm_bram) -
C:\EDK\hw\XilinxProcessorIPLib\pcores\bram_block_v1_00_a\data\bram_block_v2_1_0.
mpd line 42 - tool overriding c_family value virtex2 to 
bram_block (dsocm_bram) -
C:\EDK\hw\XilinxProcessorIPLib\pcores\bram_block_v1_00_a\data\bram_block_v2_1_0.
mpd line 42 - tool overriding c_family value virtex2 to 
plb2opb_bridge (plb2opb) -
C:\EDK\hw\XilinxProcessorIPLib\pcores\plb2opb_bridge_v1_01_a\data\plb2opb_bridge
_v2_1_0.mpd line 39 - tool overriding c_family value virtex2p to 
opb_gpio (generic_gpio) -
C:\EDK\hw\XilinxProcessorIPLib\pcores\opb_gpio_v3_01_b\data\opb_gpio_v2_1_0.mpd
line 41 - tool overriding c_family value virtex2 to 
opb_gpio (leds) -
C:\EDK\hw\XilinxProcessorIPLib\pcores\opb_gpio_v3_01_b\data\opb_gpio_v2_1_0.mpd
line 41 - tool overriding c_family value virtex2 to 
bram_block (plb_bram_if_cntlr_1_bram) -
C:\EDK\hw\XilinxProcessorIPLib\pcores\bram_block_v1_00_a\data\bram_block_v2_1_0.
mpd line 42 - tool overriding c_family value virtex2 to 
dcm_module (dcm_0) -
C:\EDK\hw\XilinxProcessorIPLib\pcores\dcm_module_v1_00_a\data\dcm_module_v2_1_0.
mpd line 60 - tool overriding c_family value virtex2 to 

Performing IP level DRCs on properties...

Running DRC Tcl procedures for OPTION IPLEVEL_DRC_PROC...
Sourcing tcl file
C:/EDK/hw/XilinxProcessorIPLib/pcores/emc_common_v2_00_a/data/emc_common_v2_1_0.
tcl ...
Sourcing tcl file
C:/EDK/hw/XilinxProcessorIPLib/pcores/bram_if_cntlr_v1_00_b/data/bram_if_cntlr_v
2_1_0.tcl ...
Address Map for Processor ppc405_0
  (0x00000000-0x01ffffff) Generic_External_Memory	plb
  (0x03000000-0x03007fff) plb_bram_if_cntlr_1	plb
  (0x21800000-0x21807fff) docm_cntlr	docm
  (0x40000000-0x4000ffff) Generic_GPIO	plb->plb2opb->opb
  (0x40020000-0x4002ffff) LEDS	plb->plb2opb->opb
  (0x40600000-0x4060ffff) RS232	plb->plb2opb->opb
  (0xffff8000-0xffffffff) iocm_cntlr	iocm
Address Map for Processor ppc405_1

Initializing Memory...
Checking ELFs associated with PPC405 instance ppc405_0 for overlap...


Analyzing file Test_Flash/executable.elf...
INFO:MDT - BRAM isocm_bram will be initialized with ELF of processor ppc405_0
Running Data2Mem with the following command:
data2mem -bm implementation/system_bd -bt implementation/system.bit  -bd
Test_Flash/executable.elf tag dsocm_bram isocm_bram plb_bram_if_cntlr_1_bram  -o
b implementation/download.bit 
Memory Initialization completed successfully.

