--------------------------------------------------------------------------------
Release 6.3.03i Trace G.38
Copyright (c) 1995-2004 Xilinx, Inc.  All rights reserved.

C:/Xilinx/bin/nt/trce.exe -intstyle ise -e 3 -l 3 -xml tri_level_module
tri_level_module.ncd -o tri_level_module.twr tri_level_module.pcf


Design file:              tri_level_module.ncd
Physical constraint file: tri_level_module.pcf
Device,speed:             xc3s200,-5 (ADVANCED 1.35 2004-11-11)
Report level:             error report

Environment Variable      Effect 
--------------------      ------ 
NONE                      No environment variables were set
--------------------------------------------------------------------------------

INFO:Timing:2752 - To get complete path coverage, use the unconstrained paths
   option. All paths that are not constrained will be reported in the
   unconstrained paths section(s) of the report.

================================================================================
Timing constraint: NET "f1485a" PERIOD =  6.700 nS   HIGH 50.000000 % ;

 1713 items analyzed, 0 timing errors detected. (0 setup errors, 0 hold errors)
 Minimum period is   5.922ns.
--------------------------------------------------------------------------------

================================================================================
Timing constraint: NET "f1485_i_IBUFG" PERIOD =  6.700 nS   HIGH 50.000000 % ;

 0 items analyzed, 0 timing errors detected.
--------------------------------------------------------------------------------

================================================================================
Timing constraint: NET "f1484_i_IBUFG" PERIOD =  6.700 nS   HIGH 50.000000 % ;

 0 items analyzed, 0 timing errors detected.
--------------------------------------------------------------------------------

================================================================================
Timing constraint: NET "clk1" PERIOD =  6.700 nS   HIGH 50.000000 % ;

 3289 items analyzed, 0 timing errors detected. (0 setup errors, 0 hold errors)
 Minimum period is   6.678ns.
--------------------------------------------------------------------------------

================================================================================
Timing constraint: NET "clk2" PERIOD =  6.700 nS   HIGH 50.000000 % ;

 3289 items analyzed, 0 timing errors detected. (0 setup errors, 0 hold errors)
 Minimum period is   6.618ns.
--------------------------------------------------------------------------------

================================================================================
Timing constraint: NET "clk3" PERIOD =  6.700 nS   HIGH 50.000000 % ;

 3289 items analyzed, 0 timing errors detected. (0 setup errors, 0 hold errors)
 Minimum period is   6.579ns.
--------------------------------------------------------------------------------

================================================================================
Timing constraint: NET "clk4" PERIOD =  6.700 nS   HIGH 50.000000 % ;

 3289 items analyzed, 0 timing errors detected. (0 setup errors, 0 hold errors)
 Minimum period is   6.644ns.
--------------------------------------------------------------------------------

================================================================================
Timing constraint: NET "f1485c" PERIOD =  6.700 nS   HIGH 50.000000 % ;

 3179 items analyzed, 0 timing errors detected. (0 setup errors, 0 hold errors)
 Minimum period is   6.664ns.
--------------------------------------------------------------------------------

================================================================================
Timing constraint: NET "f1485b" PERIOD =  6.700 nS   HIGH 50.000000 % ;

 3179 items analyzed, 0 timing errors detected. (0 setup errors, 0 hold errors)
 Minimum period is   6.623ns.
--------------------------------------------------------------------------------

================================================================================
Timing constraint: NET "f1484" PERIOD =  6.700 nS   HIGH 50.000000 % ;

 741 items analyzed, 0 timing errors detected. (0 setup errors, 0 hold errors)
 Minimum period is   5.711ns.
--------------------------------------------------------------------------------


All constraints were met.


Data Sheet report:
-----------------
All values displayed in nanoseconds (ns)

Clock to Setup on destination clock f1484_i
---------------+---------+---------+---------+---------+
               | Src:Rise| Src:Fall| Src:Rise| Src:Fall|
Source Clock   |Dest:Rise|Dest:Rise|Dest:Fall|Dest:Fall|
---------------+---------+---------+---------+---------+
f1484_i        |    7.297|         |         |         |
f1485_i        |    7.570|         |         |         |
---------------+---------+---------+---------+---------+

Clock to Setup on destination clock f1485_i
---------------+---------+---------+---------+---------+
               | Src:Rise| Src:Fall| Src:Rise| Src:Fall|
Source Clock   |Dest:Rise|Dest:Rise|Dest:Fall|Dest:Fall|
---------------+---------+---------+---------+---------+
f1484_i        |    7.147|         |         |         |
f1485_i        |    7.875|         |         |         |
---------------+---------+---------+---------+---------+


Timing summary:
---------------

Timing errors: 0  Score: 0

Constraints cover 21968 paths, 0 nets, and 9978 connections

Design statistics:
   Minimum period:   6.678ns (Maximum frequency: 149.745MHz)


Analysis completed Wed Aug 24 08:56:37 2005
--------------------------------------------------------------------------------

Peak Memory Usage: 71 MB
