# Xilinx CORE Generator 6.3.03i
# User = thh
Initializing default project...
Loading plug-ins...
All runtime messages will be recorded in F:\PT8611\Xilinx\fpga_version\v5_debug\Mainframe2\coregen.log
NEWPROJECT .
SETPROJECT .
# busformat=BusFormatAngleBracketNotRipped
# designflow=VHDL
# expandedprojectpath=F:\PT8611\Xilinx\fpga_version\v5_debug\Mainframe2
# flowvendor=Foundation_iSE
# formalverification=None
# simulationoutputproducts=VHDL
# xilinxfamily=Virtex2
# outputoption=DesignFlow
# overwritefiles=Default
# simvendor=ModelSim
# expandedprojectpath=F:\PT8611\Xilinx\fpga_version\v5_debug\Mainframe2
Set current Project to F:\PT8611\Xilinx\fpga_version\v5_debug\Mainframe2
SET BusFormat = BusFormatAngleBracketNotRipped
SETXIPCPORTHOST 1061
XIPCPJSENDCORES spartan3
