41709	971008	³	316	334	102.4	³	263	282	³	468	393	³	298	326	101.2	³	251	270	³	***	³	******	³	****	****	****	³	3.2	³	3070	3300	80.6	³	Mastercal. 041709. 09:48
41709	971008	³	324	340	114.3	³	274	290	³	483	391	³	-	-	-	³	-	-	³	***	³	******	³	****	****	****	³	3.2	³	3161	3365	91	³	M.B. 041709 B.p. 041710 09:55.
41709	971008	³	319	339	104.7	³	270	289	³	465	397	³	-	-	-	³	-	-	³	***	³	******	³	****	****	****	³	3.2	³	3108	3357	82.8	³	M.B. 041709 B.p. 041711 10:00.
41709	971008	³	322	332	108.5	³	271	283	³	478	388	³	-	-	-	³	-	-	³	***	³	******	³	****	****	****	³	3.2	³	3145	3293	86.4	³	M.B. 041709 B.p. 041712 10:15.
41709	971008	³	321	340	119.4	³	272	288	³	466	401	³	-	-	-	³	-	-	³	***	³	******	³	****	****	****	³	3.2	³	3134	3346	94	³	M.B. 041709 B.p. 041713 10:23.
41709	971008	³	337	330	105.1	³	287	281	³	486	382	³	-	-	-	³	-	-	³	***	³	******	³	****	****	****	³	3.2	³	3289	3265	83.2	³	M.B. 041709 B.p. 041714 10:30.
41709	971008	³	327	345	107.7	³	277	295	³	475	399	³	-	-	-	³	-	-	³	***	³	******	³	****	****	****	³	3.2	³	3192	3419	86.4	³	M.B. 041709 B.p. 041715 10:37.
41709	971008	³	328	348	111.6	³	280	297	³	473	402	³	-	-	-	³	-	-	³	***	³	******	³	****	****	****	³	3.2	³	3203	3437	88.6	³	M.B. 041709 B.p. 041716 10:42.
41709	971008	³	336	333	109	³	287	286	³	490	383	³	-	-	-	³	-	-	³	***	³	******	³	****	****	****	³	3.2	³	3282	3303	88.1	³	M.B. 041709 B.p. 041717 10:47.
41709	971008	³	317	332	101.3	³	264	281	³	468	392	³	-	-	-	³	-	-	³	***	³	******	³	****	****	****	³	3.2	³	3080	3279	82.1	³	M.B. 041709 B.p. 041709 u. cal 10:53.
20641	971013	³	313	334	108.4	³	263	284	³	473	399	³	-	-	-	³	-	-	³	332	³	242424	³	2397	2397	2497	³	3.4	³	3068	3295	80.7	³	Produktion/93.
20642	971013	³	314	335	108.7	³	263	286	³	470	397	³	-	-	-	³	-	-	³	332	³	242424	³	2397	2397	2497	³	3.4	³	3070	3300	80.7	³	Produktion/93.
20643	971013	³	314	335	110	³	264	285	³	470	399	³	-	-	-	³	-	-	³	332	³	242424	³	2397	2397	2497	³	3.4	³	3070	3298	81.1	³	Produktion/93.
20646	971013	³	315	335	110.5	³	264	285	³	470	396	³	-	-	-	³	-	-	³	332	³	242424	³	2397	2397	2497	³	3.4	³	3067	3297	81.2	³	Produktion/93.
20648	971013	³	316	337	111	³	263	286	³	472	398	³	-	-	-	³	-	-	³	332	³	242424	³	2397	2397	2497	³	3.4	³	3069	3299	81.4	³	Produktion/93.
20649	971013	³	316	337	112.1	³	261	287	³	471	397	³	-	-	-	³	-	-	³	332	³	242424	³	2397	2397	2497	³	3.4	³	3068	3296	80.8	³	Produktion/93.
20645	971013	³	315	335	110.9	³	264	285	³	471	397	³	-	-	-	³	-	-	³	332	³	242424	³	2397	2397	2497	³	3.4	³	3068	3297	81.2	³	Produktion/93.
20640	971013	³	315	336	110.8	³	263	285	³	471	397	³	-	-	-	³	-	-	³	332	³	242424	³	2397	2397	2497	³	3.4	³	3067	3296	81.1	³	Produktion/93.
20644	971013	³	313	335	108.4	³	261	286	³	468	398	³	-	-	-	³	-	-	³	332	³	242424	³	2397	2397	2497	³	3.4	³	3068	3297	81.4	³	Produktion/93.
20647	971013	³	315	336	110.8	³	264	286	³	472	396	³	-	-	-	³	-	-	³	332	³	242424	³	2397	2397	2497	³	3.4	³	3069	3296	81.1	³	Produktion/93.
20650	971013	³	313	335	109	³	264	285	³	471	397	³	-	-	-	³	-	-	³	332	³	242424	³	2397	2397	2497	³	3.4	³	3068	3300	81	³	Produktion/93.
20651	971014	³	313	334	109.6	³	264	286	³	471	398	³	-	-	-	³	-	-	³	332	³	242424	³	2397	2397	2497	³	3.4	³	3069	3297	81.2	³	Produktion/93.
																																		
