{ Using PSTWRITER 16.0.0 s001May-10-2010 at 11:23:53 }

#1 Warning [ALG0047] "No_connect" property on Pin "J6.7" ignored for J6: SCHEMATIC1, I/O (345.44, 187.96). Connecting pin to net "N11061304".
#2 Warning [ALG0047] "No_connect" property on Pin "J6.8" ignored for J6: SCHEMATIC1, I/O (345.44, 187.96). Connecting pin to net "N11061593".
#3 Warning [ALG0016] Part Name "C8051F132_TQFP100_P050_1600X1600_C8051F132" is renamed to "C8051F132_TQFP100_P050_1600X160".
#4 Warning [ALG0016] Part Name "CP2200_TQFP48_P050_900X900_CP2200" is renamed to "CP2200_TQFP48_P050_900X900_CP22".
#5 Warning [ALG0016] Part Name "LM1117-XX_0_SOT223_1234_LM1117-3.3" is renamed to "LM1117-XX_0_SOT223_1234_LM1117-".
#6 Warning [ALG0016] Part Name "MAX3223_TSSOP20_065_650X650_MAX3223" is renamed to "MAX3223_TSSOP20_065_650X650_MAX".
#7 Warning [ALG0016] Part Name "MAX4571_TSSOP28_P065_640X970_MAX4571" is renamed to "MAX4571_TSSOP28_P065_640X970_MA".
#8 Warning [ALG0016] Part Name "J00-0065NL RJ45_0_CONN_ETHERNET_PE-J00-0065NL_J00-0065NL" is renamed to "J00-0065NL RJ45_0_CONN_ETHERNET".
#9 Warning [ALG0016] Part Name "CONN PCB 10_CONN_MICROMATCH_10_MAINFRAME." is renamed to "CONN PCB 10_CONN_MICROMATCH_10_".
#10 Warning [ALG0016] Part Name "CON9_0_CONN_DSUB_9_FEMALE_SIP_DB9 FEMALE" is renamed to "CON9_0_CONN_DSUB_9_FEMALE_SIP_D".
#11 Warning [ALG0016] Part Name "CONN PCB 10_CONN_MICROMATCH_10_CONN PCB 10" is renamed to "CONN PCB 10_CONN_MICROMATCH_1_1".
#12 Warning [ALG0016] Part Name "CON9_0_CONN_DSUB_9_MALE_SIP_DB9 MALE" is renamed to "CON9_0_CONN_DSUB_9_MALE_SIP_DB9".
#13 Warning [ALG0016] Part Name "CRYSTAL_OSC_SMD_1100X470_20.000MHZ" is renamed to "CRYSTAL_OSC_SMD_1100X470_20.000".
Scanning netlist files ...

Loading... D:\DOKUMENTER\PT5300_NTP\PT8640\PCB\NETLIST/pstchip.dat

Loading... D:\DOKUMENTER\PT5300_NTP\PT8640\PCB\NETLIST/pstchip.dat

Loading... D:\DOKUMENTER\PT5300_NTP\PT8640\PCB\NETLIST/pstxprt.dat

Loading... D:\DOKUMENTER\PT5300_NTP\PT8640\PCB\NETLIST/pstxnet.dat
packaging the design view...