Project Information                              c:\max2work\8631\anlv63v3.rpt

MAX+plus II Compiler Report File
Version 6.1 02/28/96
Compiled: 06/18/98 13:47:24

Copyright (c) 1996 by Altera Corporation.  All rights reserved.  This text
contains proprietary, confidential information of Altera Corporation, and
may be used, copied, and/or disclosed only pursuant to the terms of a
valid software license agreement with Altera Corporation.  This copyright
notice must be retained as part of this text at all times.



***** Project compilation was successful




** DEVICE SUMMARY **

Chip/                     Input   Output   Bidir         Shareable
POF       Device          Pins    Pins     Pins     LCs  Expanders  % Utilized

anlv63v3  EPM7064LC84      30       30       0      60      30          93 %

User Pins:                 30       30       0  



Project Information                              c:\max2work\8631\anlv63v3.rpt

** PROJECT COMPILATION MESSAGES **

Warning: Primitive 'TDO' is stuck at GND
Warning: Can't run "Multichip Partitioner": all network licenses are in use
Warning: Project has user pin or logic cell assignments, but has never been compiled before. For best fitting results, let the Compiler choose the first set of assignments instead.
Info: Reserved unused input pin 'TCK' for future use because it has a pin assignment--pin is tri-stated and must be connected to your board
Info: Reserved unused input pin 'TMS' for future use because it has a pin assignment--pin is tri-stated and must be connected to your board
Info: Reserved unused input pin 'VINT' for future use because it has a pin assignment--pin is tri-stated and must be connected to your board


Project Information                              c:\max2work\8631\anlv63v3.rpt

** AUTO GLOBAL SIGNALS **



INFO: Signal 'CLK' chosen for auto global Clock


Project Information                              c:\max2work\8631\anlv63v3.rpt

** PIN/LC/CHIP ASSIGNMENTS **

                  Actual                  
    User       Assignments                
Assignments   (if different)     Node Name

anlv63v3@75                       AD0
anlv63v3@74                       AD1
anlv63v3@73                       AD2
anlv63v3@70                       AD3
anlv63v3@69                       AD4
anlv63v3@68                       AD5
anlv63v3@67                       AD6
anlv63v3@65                       AD7
anlv63v3@64                       AD8
anlv63v3@63                       AD9
anlv63v3@55                       AD10
anlv63v3@54                       AD11
anlv63v3@52                       AD12
anlv63v3@35                       ALE
anlv63v3@4                        BURSTGATE
anlv63v3@83                       CLK
anlv63v3@33                       CLK2
anlv63v3@61                       CLR1
anlv63v3@29                       COLORRST
anlv63v3@51                       D10
anlv63v3@50                       D11
anlv63v3@49                       D12
anlv63v3@41                       EBIT
anlv63v3@40                       EBIT2
anlv63v3@30                       FIELD
anlv63v3@25                       FIELDRESET
anlv63v3@28                       FIELD2
anlv63v3@79                       HCLR
anlv63v3@34                       HCLRC
anlv63v3@5                        HINT
anlv63v3@80                       HLOAD
anlv63v3@9                        H0
anlv63v3@10                       H1
anlv63v3@11                       H2
anlv63v3@12                       H3
anlv63v3@15                       H4
anlv63v3@16                       H5
anlv63v3@17                       H6
anlv63v3@18                       H7
anlv63v3@20                       H8
anlv63v3@21                       H9
anlv63v3@57                       LDLNR
anlv63v3@44                       LDNCO
anlv63v3@81                       LDOFFSET
anlv63v3@58                       LOADNCO
anlv63v3@24                       MENTE
anlv63v3@8                        NOTH2
anlv63v3@22                       NOTH4
anlv63v3@37                       OKFLAG
anlv63v3@27                       PI
anlv63v3@31                       RESET
anlv63v3@6                        SYSSEL
anlv63v3@77                       S0
anlv63v3@76                       S1
anlv63v3@62                       TCK
anlv63v3@14                       TDI
anlv63v3@71                       TDO
anlv63v3@23                       TMS
anlv63v3@36                       UPINT
anlv63v3@60                       VINT


Project Information                              c:\max2work\8631\anlv63v3.rpt

** FILE HIERARCHY **



|10dffs:25|
|colorrst:27|
|palid:36|
|4dffs:58|
|invert:59|
|3dffs:63|
|3dffs:84|
|2dffs:70|
|2dffs:72|
|lcntanla:75|
|loadnco:78|
|dtoreset:81|
|1dff:85|


Device-Specific Information:                     c:\max2work\8631\anlv63v3.rpt
anlv63v3

***** Logic for device 'anlv63v3' compiled without errors.




Device: EPM7064LC84
Turbo: ON
Security: OFF


Device-Specific Information:                     c:\max2work\8631\anlv63v3.rpt
anlv63v3

** ERROR SUMMARY **

Info: Chip 'anlv63v3' in device 'EPM7064LC84' has less than 10% of logic cells available for future logic changes -- if your project is likely to change, Altera recommends using a larger device
Info: Chip 'anlv63v3' in device 'EPM7064LC84' has less than 20% of pins available for future logic changes -- if your project is likely to change, Altera recommends using a larger device
                                                                               
                                     B                                         
                                     U                    L                    
                                     R                    D                    
                               S     S                    O                    
                         N     Y     T                    F  H                 
                         O     S  H  G                    F  L  H              
                         T  G  S  I  A  V  G  G  G  C  G  S  O  C  V        A  
                H  H  H  H  N  E  N  T  C  N  N  N  L  N  E  A  L  C  S  S  D  
                2  1  0  2  D  L  T  E  C  D  D  D  K  D  T  D  R  C  0  1  0  
              -----------------------------------------------------------------_ 
            /  11 10  9  8  7  6  5  4  3  2  1 84 83 82 81 80 79 78 77 76 75   | 
        H3 | 12                                                              74 | AD1 
       VCC | 13                                                              73 | AD2 
       TDI | 14                                                              72 | GND 
        H4 | 15                                                              71 | TDO 
        H5 | 16                                                              70 | AD3 
        H6 | 17                                                              69 | AD4 
        H7 | 18                                                              68 | AD5 
       GND | 19                                                              67 | AD6 
        H8 | 20                                                              66 | VCC 
        H9 | 21                                                              65 | AD7 
     NOTH4 | 22                         EPM7064LC84                          64 | AD8 
       TMS | 23                                                              63 | AD9 
     MENTE | 24                                                              62 | TCK 
FIELDRESET | 25                                                              61 | CLR1 
       VCC | 26                                                              60 | VINT 
        PI | 27                                                              59 | GND 
    FIELD2 | 28                                                              58 | LOADNCO 
  COLORRST | 29                                                              57 | LDLNR 
     FIELD | 30                                                              56 | RESERVED 
     RESET | 31                                                              55 | AD10 
       GND | 32                                                              54 | AD11 
           |_  33 34 35 36 37 38 39 40 41 42 43 44 45 46 47 48 49 50 51 52 53  _| 
             ------------------------------------------------------------------ 
                C  H  A  U  O  V  R  E  E  G  V  L  R  R  G  R  D  D  D  A  V  
                L  C  L  P  K  C  E  B  B  N  C  D  E  E  N  E  1  1  1  D  C  
                K  L  E  I  F  C  S  I  I  D  C  N  S  S  D  S  2  1  0  1  C  
                2  R     N  L     E  T  T        C  E  E     E           2     
                   C     T  A     R  2           O  R  R     R                 
                            G     V                 V  V     V                 
                                  E                 E  E     E                 
                                  D                 D  D     D                 
                                                                               
                                                                               


N.C. = Not Connected.
VCC = Dedicated power pin, which MUST be connected to VCC.
GND = Dedicated ground pin or unused dedicated input, which MUST be connected to GND.
RESERVED = Unused I/O pin, which MUST be left unconnected.



Device-Specific Information:                     c:\max2work\8631\anlv63v3.rpt
anlv63v3

** RESOURCE USAGE **

                                                Shareable     External
Logic Array Block     Logic Cells   I/O Pins    Expanders   Interconnect

A:     LC1 - LC16    16/16(100%)  16/16(100%)  14/16( 87%)  31/36( 86%) 
B:    LC17 - LC32    12/16( 75%)  15/16( 93%)  13/16( 81%)  32/36( 88%) 
C:    LC33 - LC48    16/16(100%)  12/16( 75%)   0/16(  0%)  21/36( 58%) 
D:    LC49 - LC64    16/16(100%)  16/16(100%)   8/16( 50%)  22/36( 61%) 


Total dedicated input pins used:                 1/4    ( 25%)
Total I/O pins used:                            59/64   ( 92%)
Total logic cells used:                         60/64   ( 93%)
Total shareable expanders used:                 30/64   ( 46%)
Total Turbo logic cells used:                   60/64   ( 93%)
Total shareable expanders not available (n/a):   5/64   (  7%)

Total input pins required:                      30
Total output pins required:                     30
Total bidirectional pins required:               0
Total logic cells required:                     60
Total flipflops required:                       50
Total shareable expanders in database:          30

Synthesized logic cells:                         6/  64 (  9%)



Device-Specific Information:                     c:\max2work\8631\anlv63v3.rpt
anlv63v3

** INPUTS **

                                         Shareable
                                         Expanders     Fan-In    Fan-Out
 Pin     LC  LAB  Primitive    Code   Total Shared n/a INP  FBK  OUT  FBK  Name
  75   (59)  (D)      INPUT              0      0   0    0    0    0    1  AD0
  74   (58)  (D)      INPUT              0      0   0    0    0    0    1  AD1
  73   (57)  (D)      INPUT              0      0   0    0    0    0    1  AD2
  70   (55)  (D)      INPUT              0      0   0    0    0    0    1  AD3
  69   (54)  (D)      INPUT              0      0   0    0    0    0    1  AD4
  68   (53)  (D)      INPUT              0      0   0    0    0    0    1  AD5
  67   (52)  (D)      INPUT              0      0   0    0    0    0    2  AD6
  65   (51)  (D)      INPUT              0      0   0    0    0    0    2  AD7
  64   (50)  (D)      INPUT              0      0   0    0    0    0    2  AD8
  63   (49)  (D)      INPUT              0      0   0    0    0    0    1  AD9
  55   (42)  (C)      INPUT              0      0   0    0    0    0    1  AD10
  54   (41)  (C)      INPUT              0      0   0    0    0    0    1  AD11
  52   (40)  (C)      INPUT              0      0   0    0    0    0    1  AD12
  35   (22)  (B)      INPUT              0      0   0    0    0    1    0  ALE
  83      -   -       INPUT              0      0   0    0    0    0    0  CLK
  33   (24)  (B)      INPUT              0      0   0    0    0    2    0  CLK2
  61   (47)  (C)      INPUT              0      0   0    0    0    2    2  CLR1
  30   (26)  (B)      INPUT              0      0   0    0    0    0    1  FIELD
  25   (30)  (B)      INPUT              0      0   0    0    0    0    1  FIELDRESET
  57   (44)  (C)      INPUT              0      0   0    0    0    0    3  LDLNR
  44   (33)  (C)      INPUT              0      0   0    0    0    0    3  LDNCO
  81   (64)  (D)      INPUT              0      0   0    0    0    0   10  LDOFFSET
  24   (31)  (B)      INPUT              0      0   0    0    0    1    0  MENTE
   6   (14)  (A)      INPUT              0      0   0    0    0    7    3  SYSSEL
  77   (61)  (D)      INPUT              0      0   0    0    0    0    1  S0
  76   (60)  (D)      INPUT              0      0   0    0    0    0    1  S1
  62   (48)  (C)      INPUT              0      0   0    0    0    0    0  TCK
  14    (8)  (A)      INPUT              0      0   0    0    0    1    0  TDI
  23   (32)  (B)      INPUT              0      0   0    0    0    0    0  TMS
  60   (46)  (C)      INPUT              0      0   0    0    0    0    0  VINT


Code:

s = Synthesized pin or logic cell
t = Turbo logic cell
+ = Synchronous flipflop
! = NOT gate push-back
r = Fitter-inserted logic cell


Device-Specific Information:                     c:\max2work\8631\anlv63v3.rpt
anlv63v3

** OUTPUTS **

                                         Shareable
                                         Expanders     Fan-In    Fan-Out
 Pin     LC  LAB  Primitive    Code   Total Shared n/a INP  FBK  OUT  FBK  Name
   4     16    A         FF  +  t        1      0   0    0    4    0    0  BURSTGATE (|lcntanla:75|:62)
  29     27    B         FF  +  t        0      0   0    0    2    0    0  COLORRST (|colorrst:27|:31)
  51     39    C         FF     t        0      0   0    0    2    0    0  D10 (|3dffs:84|sa)
  50     38    C         FF     t        0      0   0    0    2    0    0  D11 (|3dffs:84|sb)
  49     37    C         FF     t        0      0   0    0    2    0    0  D12 (|3dffs:84|sc)
  41     17    B         FF     t        0      0   0    0    2    1    0  EBIT (|2dffs:72|sb)
  40     18    B         FF     t        0      0   0    0    2    0    0  EBIT2 (|2dffs:72|sa)
  28     28    B     OUTPUT     t        0      0   0    1    1    0    0  FIELD2
  79     62    D         FF  +  t        0      0   0    0    1   11    5  HCLR (|lcntanla:75|:75)
  34     23    B         FF  +  t        0      0   0    0    4    1    0  HCLRC (|lcntanla:75|:77)
   5     15    A         FF  +  t        0      0   0    0   10    4    0  HINT (|lcntanla:75|:73)
  80     63    D         FF  +  t        0      0   0    0   10    3    4  HLOAD (|lcntanla:75|:74)
   9     12    A         FF  +  t        0      0   0    0    3   12    8  H0 (|lcntanla:75|:72)
  10     11    A         FF  +  t        0      0   0    1   12   11    8  H1 (|lcntanla:75|:71)
  11     10    A         FF  +  t        0      0   0    0    5   11    8  H2 (|lcntanla:75|:70)
  12      9    A         FF  +  t        0      0   0    1   12    9    8  H3 (|lcntanla:75|:69)
  15      7    A         FF  +  t        0      0   0    1   12    9    8  H4 (|lcntanla:75|:68)
  16      6    A         FF  +  t        3      0   1    0   14    9    8  H5 (|lcntanla:75|:67)
  17      5    A     OUTPUT     t        0      0   0    0    1    9    7  H6 (|lcntanla:75|:66)
  18      4    A         FF  +  t        4      0   1    0   14    9    8  H7 (|lcntanla:75|:65)
  20      3    A         FF  +  t        5      0   1    1   14    9    8  H8 (|lcntanla:75|:64)
  21      2    A     OUTPUT     t        0      0   0    0    1    7    7  H9 (|lcntanla:75|:63)
  58     45    C     OUTPUT     t        0      0   0    2    1    0    0  LOADNCO
   8     13    A         FF  +  t !      0      0   0    0    5    0    0  NOTH2 (|lcntanla:75|:70)
  22      1    A         FF  +  t !      1      0   1    1   12    0    0  NOTH4 (|lcntanla:75|:68)
  37     20    B         FF     t        0      0   0    2    0    1    0  OKFLAG (|dtoreset:81|hclrb)
  27     29    B         FF  +  t        0      0   0    1    3    1    0  PI (|palid:36|:32)
  31     25    B     OUTPUT     t        0      0   0    2    1    0    0  RESET
  71     56    D     OUTPUT     t        0      0   0    0    0    0    0  TDO
  36     21    B         FF     t        0      0   0    1    1    0    0  UPINT (|1dff:85|:30)


Code:

s = Synthesized pin or logic cell
t = Turbo logic cell
+ = Synchronous flipflop
! = NOT gate push-back
r = Fitter-inserted logic cell


Device-Specific Information:                     c:\max2work\8631\anlv63v3.rpt
anlv63v3

** BURIED LOGIC **

                                         Shareable
                                         Expanders     Fan-In    Fan-Out
 Pin     LC  LAB  Primitive    Code   Total Shared n/a INP  FBK  OUT  FBK  Name
 (81)    64    D       DFFE  +  t        0      0   0    0   10    1    0  |lcntanla:75|clearff
 (76)    60    D       DFFE     t        0      0   0    1    3    1    0  |lcntanla:75|hclrb
 (69)    54    D       DFFE     t        1      0   0    1    3    1    0  |lcntanla:75|hclrd
 (63)    49    D       TFFE  +s t  r     6      0   0    1   14    3    1  |lcntanla~75.h9~1~fit~in1 (|lcntanla:75|:63)
 (30)    26    B       DFFE  +s t  r    13      0   0    1   13    1    1  |lcntanla~75.h6~1~fit~in1 (|lcntanla:75|:66)
 (70)    55    D       DFFE  +  t        0      0   0    0   10    1    0  |lcntanla:75.hid (|lcntanla:75|:76)
 (75)    59    D       SOFT   s t        0      0   0    1   11    1    0  |lcntanla:75|~161~1
 (65)    51    D       SOFT   s t        0      0   0    0   12    1    0  |lcntanla:75|~177~1
 (74)    58    D       SOFT   s t        0      0   0    0   12    1    0  |lcntanla:75|~199~1
 (67)    52    D       SOFT   s t        1      0   1    0   13    0    1  |lcntanla:75|~630~1
 (44)    33    C       DFFE     t        0      0   0    2    0    1    0  |loadnco:78|load
 (77)    61    D       DFFE     t        0      0   0    2    0    1    0  |2dffs:70.s1b (|2dffs:70|sa)
 (73)    57    D       DFFE     t        0      0   0    2    0    1    0  |2dffs:70.s0b (|2dffs:70|sb)
 (62)    48    C       DFFE     t        0      0   0    2    0    1    0  |3dffs:63.s2b (|3dffs:63|sa)
 (46)    35    C       DFFE     t        0      0   0    2    0    1    0  |3dffs:63.s1b (|3dffs:63|sb)
 (57)    44    C       DFFE     t        0      0   0    2    0    1    0  |3dffs:63.s0b (|3dffs:63|sc)
 (35)    22    B       DFFE     t        0      0   0    1    1    3    7  |4dffs:58.s3b (|4dffs:58|sa)
 (14)     8    A       DFFE     t        0      0   0    1    1    3    6  |4dffs:58.s2b (|4dffs:58|sb)
  (6)    14    A       DFFE     t        0      0   0    1    1    1    0  |4dffs:58.s1b (|4dffs:58|sc)
 (39)    19    B       DFFE     t        0      0   0    1    1    2    0  |4dffs:58.s0b (|4dffs:58|sd)
 (48)    36    C       DFFE     t        0      0   0    2    0    0    1  |10dffs:25.dout9 (|10dffs:25|:49)
 (55)    42    C       DFFE     t        0      0   0    2    0    1    0  |10dffs:25.dout8 (|10dffs:25|:50)
 (68)    53    D       DFFE     t        0      0   0    2    0    1    0  |10dffs:25.dout7 (|10dffs:25|:51)
 (64)    50    D       DFFE     t        0      0   0    2    0    0    1  |10dffs:25.dout6 (|10dffs:25|:52)
 (61)    47    C       DFFE     t        0      0   0    2    0    1    0  |10dffs:25.dout5 (|10dffs:25|:53)
 (60)    46    C       DFFE     t        0      0   0    2    0    2    0  |10dffs:25.dout4 (|10dffs:25|:54)
 (52)    40    C       DFFE     t        0      0   0    2    0    1    0  |10dffs:25.dout3 (|10dffs:25|:55)
 (54)    41    C       DFFE     t        0      0   0    2    0    2    0  |10dffs:25.dout2 (|10dffs:25|:56)
 (56)    43    C       DFFE     t        0      0   0    2    0    1    0  |10dffs:25.dout1 (|10dffs:25|:57)
 (45)    34    C       DFFE     t        0      0   0    2    0    1    0  |10dffs:25.dout0 (|10dffs:25|:58)


Code:

s = Synthesized pin or logic cell
t = Turbo logic cell
+ = Synchronous flipflop
! = NOT gate push-back
r = Fitter-inserted logic cell


Device-Specific Information:                     c:\max2work\8631\anlv63v3.rpt
anlv63v3

** LOGIC CELL INTERCONNECTIONS **

Logic Array Block 'A':

                                         Logic cells placed in LAB 'A'
        +------------------------------- LC16 BURSTGATE
        | +----------------------------- LC15 HINT
        | | +--------------------------- LC12 H0
        | | | +------------------------- LC11 H1
        | | | | +----------------------- LC10 H2
        | | | | | +--------------------- LC9 H3
        | | | | | | +------------------- LC7 H4
        | | | | | | | +----------------- LC6 H5
        | | | | | | | | +--------------- LC5 H6
        | | | | | | | | | +------------- LC4 H7
        | | | | | | | | | | +----------- LC3 H8
        | | | | | | | | | | | +--------- LC2 H9
        | | | | | | | | | | | | +------- LC13 NOTH2
        | | | | | | | | | | | | | +----- LC1 NOTH4
        | | | | | | | | | | | | | | +--- LC8 |4dffs:58.s2b
        | | | | | | | | | | | | | | | +- LC14 |4dffs:58.s1b
        | | | | | | | | | | | | | | | | 
        | | | | | | | | | | | | | | | |   Other LABs fed by signals
        | | | | | | | | | | | | | | | |   that feed LAB 'A'
LC      | | | | | | | | | | | | | | | | | A B C D |     Logic cells that feed LAB 'A':
LC12 -> - * * * * * * * - * * - * * - - | * * - * | <-- H0
LC11 -> - * - * * * * * - * * - * * - - | * * - * | <-- H1
LC10 -> - * - * * * * * - * * - * * - - | * * - * | <-- H2
LC9  -> - * - * - * * * - * * - - * - - | * * - * | <-- H3
LC7  -> - * - * - * * * - * * - - * - - | * * - * | <-- H4
LC6  -> - * - * - * * * - * * - - * - - | * * - * | <-- H5
LC5  -> - * - * - * * * - * * - - * - - | * - - * | <-- H6
LC4  -> - * - * - * * * - * * - - * - - | * * - * | <-- H7
LC3  -> - * - * - * * * - * * - - * - - | * * - * | <-- H8
LC2  -> - * - * - - - * - * * - - * - - | * * - * | <-- H9
LC8  -> - - - - - - - * - * * - - - - - | * - - * | <-- |4dffs:58.s2b

Pin
83   -> - - - - - - - - - - - - - - - - | - - - - | <-- CLK
30   -> - - - - - - - - - - - - - - - * | * - - - | <-- FIELD
6    -> - - - * - * * - - - * - - * - - | * * - * | <-- SYSSEL
77   -> - - - - - - - - - - - - - - * - | * - - - | <-- S0
LC62 -> - - * * * * * * - * * - * * - - | * * - * | <-- HCLR
LC63 -> - - - - - - - - - - - - - - * * | * * - - | <-- HLOAD
LC64 -> * - - - - - - - - - - - - - - - | * - - - | <-- |lcntanla:75|clearff
LC49 -> - - - - - * * - - - - * - - - - | * - - * | <-- |lcntanla~75.h9~1~fit~in1
LC26 -> - - - - - - - - * - - - - - - - | * * - - | <-- |lcntanla~75.h6~1~fit~in1
LC59 -> * - - - - - - - - - - - - - - - | * - - - | <-- |lcntanla:75|~161~1
LC51 -> * - - - - - - - - - - - - - - - | * - - - | <-- |lcntanla:75|~177~1
LC58 -> * - - - - - - - - - - - - - - - | * - - - | <-- |lcntanla:75|~199~1
LC22 -> - - - - - - - * - * * - - - - - | * - - * | <-- |4dffs:58.s3b
LC42 -> - - - - - - - - - - * - - - - - | * - - - | <-- |10dffs:25.dout8
LC53 -> - - - - - - - - - * - - - - - - | * - - - | <-- |10dffs:25.dout7
LC47 -> - - - - - - - * - - - - - - - - | * - - - | <-- |10dffs:25.dout5
LC46 -> - - - - - - * - - - - - - * - - | * - - - | <-- |10dffs:25.dout4
LC40 -> - - - - - * - - - - - - - - - - | * - - - | <-- |10dffs:25.dout3
LC41 -> - - - - * - - - - - - - * - - - | * - - - | <-- |10dffs:25.dout2
LC43 -> - - - * - - - - - - - - - - - - | * - - - | <-- |10dffs:25.dout1
LC34 -> - - * - - - - - - - - - - - - - | * - - - | <-- |10dffs:25.dout0


* = The logic cell or pin is an input to the logic cell (or LAB) through the PIA.
- = The logic cell or pin is not an input to the logic cell (or LAB).


Device-Specific Information:                     c:\max2work\8631\anlv63v3.rpt
anlv63v3

** LOGIC CELL INTERCONNECTIONS **

Logic Array Block 'B':

                                 Logic cells placed in LAB 'B'
        +----------------------- LC27 COLORRST
        | +--------------------- LC17 EBIT
        | | +------------------- LC18 EBIT2
        | | | +----------------- LC28 FIELD2
        | | | | +--------------- LC23 HCLRC
        | | | | | +------------- LC26 |lcntanla~75.h6~1~fit~in1
        | | | | | | +----------- LC20 OKFLAG
        | | | | | | | +--------- LC29 PI
        | | | | | | | | +------- LC25 RESET
        | | | | | | | | | +----- LC21 UPINT
        | | | | | | | | | | +--- LC22 |4dffs:58.s3b
        | | | | | | | | | | | +- LC19 |4dffs:58.s0b
        | | | | | | | | | | | | 
        | | | | | | | | | | | |   Other LABs fed by signals
        | | | | | | | | | | | |   that feed LAB 'B'
LC      | | | | | | | | | | | | | A B C D |     Logic cells that feed LAB 'B':
LC17 -> - - - - * - - - - - - - | - * - - | <-- EBIT
LC26 -> - - - - - * - - - - - - | * * - - | <-- |lcntanla~75.h6~1~fit~in1
LC20 -> - - - - - - - - * - - - | - * - - | <-- OKFLAG
LC29 -> - - - - - - - * - - - - | - * - - | <-- PI
LC19 -> * - - - - - - * - - - - | - * - - | <-- |4dffs:58.s0b

Pin
35   -> - - - - - - - - - * - - | - * - - | <-- ALE
83   -> - - - - - - - - - - - - | - - - - | <-- CLK
33   -> - - - - - - * - * - - - | - * - - | <-- CLK2
61   -> - - - - - - * - - - - - | - * * * | <-- CLR1
25   -> - - - - - - - - - - - * | - * - - | <-- FIELDRESET
24   -> - - - - - - - - * - - - | - * - - | <-- MENTE
6    -> - - - * - * - * - - - - | * * - * | <-- SYSSEL
76   -> - - - - - - - - - - * - | - * - - | <-- S1
LC62 -> - - - - * * - - - - - - | * * - * | <-- HCLR
LC15 -> - - - - - - - - - * - - | - * * - | <-- HINT
LC63 -> * * * - - - - - - - * * | * * - - | <-- HLOAD
LC12 -> - - - - - * - - - - - - | * * - * | <-- H0
LC11 -> - - - - - * - - - - - - | * * - * | <-- H1
LC10 -> - - - - - * - - - - - - | * * - * | <-- H2
LC9  -> - - - - - * - - - - - - | * * - * | <-- H3
LC7  -> - - - - - * - - - - - - | * * - * | <-- H4
LC6  -> - - - - - * - - - - - - | * * - * | <-- H5
LC4  -> - - - - - * - - - - - - | * * - * | <-- H7
LC3  -> - - - - - * - - - - - - | * * - * | <-- H8
LC2  -> - - - - - * - - - - - - | * * - * | <-- H9
LC60 -> - - - - * - - - - - - - | - * - - | <-- |lcntanla:75|hclrb
LC54 -> - - - - * - - - - - - - | - * - - | <-- |lcntanla:75|hclrd
LC55 -> - - - - - - - * - - - - | - * - - | <-- |lcntanla:75.hid
LC52 -> - - - - - * - - - - - - | - * - - | <-- |lcntanla:75|~630~1
LC61 -> - - * - - - - - - - - - | - * - - | <-- |2dffs:70.s1b
LC57 -> - * - - - - - - - - - - | - * - - | <-- |2dffs:70.s0b
LC14 -> - - - * - - - - - - - - | - * - - | <-- |4dffs:58.s1b
LC50 -> - - - - - * - - - - - - | - * - - | <-- |10dffs:25.dout6


* = The logic cell or pin is an input to the logic cell (or LAB) through the PIA.
- = The logic cell or pin is not an input to the logic cell (or LAB).


Device-Specific Information:                     c:\max2work\8631\anlv63v3.rpt
anlv63v3

** LOGIC CELL INTERCONNECTIONS **

Logic Array Block 'C':

                                         Logic cells placed in LAB 'C'
        +------------------------------- LC39 D10
        | +----------------------------- LC38 D11
        | | +--------------------------- LC37 D12
        | | | +------------------------- LC45 LOADNCO
        | | | | +----------------------- LC33 |loadnco:78|load
        | | | | | +--------------------- LC48 |3dffs:63.s2b
        | | | | | | +------------------- LC35 |3dffs:63.s1b
        | | | | | | | +----------------- LC44 |3dffs:63.s0b
        | | | | | | | | +--------------- LC36 |10dffs:25.dout9
        | | | | | | | | | +------------- LC42 |10dffs:25.dout8
        | | | | | | | | | | +----------- LC47 |10dffs:25.dout5
        | | | | | | | | | | | +--------- LC46 |10dffs:25.dout4
        | | | | | | | | | | | | +------- LC40 |10dffs:25.dout3
        | | | | | | | | | | | | | +----- LC41 |10dffs:25.dout2
        | | | | | | | | | | | | | | +--- LC43 |10dffs:25.dout1
        | | | | | | | | | | | | | | | +- LC34 |10dffs:25.dout0
        | | | | | | | | | | | | | | | | 
        | | | | | | | | | | | | | | | |   Other LABs fed by signals
        | | | | | | | | | | | | | | | |   that feed LAB 'C'
LC      | | | | | | | | | | | | | | | | | A B C D |     Logic cells that feed LAB 'C':
LC33 -> - - - * - - - - - - - - - - - - | - - * - | <-- |loadnco:78|load
LC48 -> * - - - - - - - - - - - - - - - | - - * - | <-- |3dffs:63.s2b
LC35 -> - * - - - - - - - - - - - - - - | - - * - | <-- |3dffs:63.s1b
LC44 -> - - * - - - - - - - - - - - - - | - - * - | <-- |3dffs:63.s0b

Pin
75   -> - - - - - - - - - - - - - - - * | - - * - | <-- AD0
74   -> - - - - - - - - - - - - - - * - | - - * - | <-- AD1
73   -> - - - - - - - - - - - - - * - - | - - * - | <-- AD2
70   -> - - - - - - - - - - - - * - - - | - - * - | <-- AD3
69   -> - - - - - - - - - - - * - - - - | - - * - | <-- AD4
68   -> - - - - - - - - - - * - - - - - | - - * - | <-- AD5
64   -> - - - - * - - - - * - - - - - - | - - * - | <-- AD8
63   -> - - - - - - - - * - - - - - - - | - - * - | <-- AD9
55   -> - - - - - * - - - - - - - - - - | - - * - | <-- AD10
54   -> - - - - - - * - - - - - - - - - | - - * - | <-- AD11
52   -> - - - - - - - * - - - - - - - - | - - * - | <-- AD12
83   -> - - - - - - - - - - - - - - - - | - - - - | <-- CLK
61   -> - - - * - - - - - - - - - - - - | - * * * | <-- CLR1
57   -> - - - - - * * * - - - - - - - - | - - * - | <-- LDLNR
44   -> - - - - * - - - - - - - - - - - | - - * * | <-- LDNCO
81   -> - - - - - - - - * * * * * * * * | - - * * | <-- LDOFFSET
14   -> - - - * - - - - - - - - - - - - | - - * - | <-- TDI
LC15 -> * * * - - - - - - - - - - - - - | - * * - | <-- HINT


* = The logic cell or pin is an input to the logic cell (or LAB) through the PIA.
- = The logic cell or pin is not an input to the logic cell (or LAB).


Device-Specific Information:                     c:\max2work\8631\anlv63v3.rpt
anlv63v3

** LOGIC CELL INTERCONNECTIONS **

Logic Array Block 'D':

                                         Logic cells placed in LAB 'D'
        +------------------------------- LC62 HCLR
        | +----------------------------- LC63 HLOAD
        | | +--------------------------- LC64 |lcntanla:75|clearff
        | | | +------------------------- LC60 |lcntanla:75|hclrb
        | | | | +----------------------- LC54 |lcntanla:75|hclrd
        | | | | | +--------------------- LC49 |lcntanla~75.h9~1~fit~in1
        | | | | | | +------------------- LC55 |lcntanla:75.hid
        | | | | | | | +----------------- LC59 |lcntanla:75|~161~1
        | | | | | | | | +--------------- LC51 |lcntanla:75|~177~1
        | | | | | | | | | +------------- LC58 |lcntanla:75|~199~1
        | | | | | | | | | | +----------- LC52 |lcntanla:75|~630~1
        | | | | | | | | | | | +--------- LC56 TDO
        | | | | | | | | | | | | +------- LC61 |2dffs:70.s1b
        | | | | | | | | | | | | | +----- LC57 |2dffs:70.s0b
        | | | | | | | | | | | | | | +--- LC53 |10dffs:25.dout7
        | | | | | | | | | | | | | | | +- LC50 |10dffs:25.dout6
        | | | | | | | | | | | | | | | | 
        | | | | | | | | | | | | | | | |   Other LABs fed by signals
        | | | | | | | | | | | | | | | |   that feed LAB 'D'
LC      | | | | | | | | | | | | | | | | | A B C D |     Logic cells that feed LAB 'D':
LC62 -> - - - * * * - - - - * - - - - - | * * - * | <-- HCLR
LC49 -> - - - - - * - - - - - - - - - - | * - - * | <-- |lcntanla~75.h9~1~fit~in1

Pin
67   -> - - - - - - - - - - - - * - - * | - - - * | <-- AD6
65   -> - - - - - - - - - - - - - * * - | - - - * | <-- AD7
83   -> - - - - - - - - - - - - - - - - | - - - - | <-- CLK
61   -> - - - * * - - - - - - - - - - - | - * * * | <-- CLR1
44   -> - - - - - - - - - - - - * * - - | - - * * | <-- LDNCO
81   -> - - - - - - - - - - - - - - * * | - - * * | <-- LDOFFSET
6    -> - - - - - * - * - - - - - - - - | * * - * | <-- SYSSEL
LC23 -> * - - - - - - - - - - - - - - - | - - - * | <-- HCLRC
LC12 -> - * * - - * * * * * * - - - - - | * * - * | <-- H0
LC11 -> - * * - - * * * * * * - - - - - | * * - * | <-- H1
LC10 -> - * * - - * * * * * * - - - - - | * * - * | <-- H2
LC9  -> - * * - - * * * * * * - - - - - | * * - * | <-- H3
LC7  -> - * * - - * * * * * * - - - - - | * * - * | <-- H4
LC6  -> - * * - - * * * * * * - - - - - | * * - * | <-- H5
LC5  -> - * * - - * * * * * * - - - - - | * - - * | <-- H6
LC4  -> - * * - - * * * * * * - - - - - | * * - * | <-- H7
LC3  -> - * * - - * * * * * * - - - - - | * * - * | <-- H8
LC2  -> - * * - - - * * * * * - - - - - | * * - * | <-- H9
LC22 -> - - - * * * - * * * * - - - - - | * - - * | <-- |4dffs:58.s3b
LC8  -> - - - * * * - - * * * - - - - - | * - - * | <-- |4dffs:58.s2b
LC36 -> - - - - - * - - - - - - - - - - | - - - * | <-- |10dffs:25.dout9


* = The logic cell or pin is an input to the logic cell (or LAB) through the PIA.
- = The logic cell or pin is not an input to the logic cell (or LAB).


Device-Specific Information:                     c:\max2work\8631\anlv63v3.rpt
anlv63v3

** EQUATIONS **

AD0      : INPUT;
AD1      : INPUT;
AD2      : INPUT;
AD3      : INPUT;
AD4      : INPUT;
AD5      : INPUT;
AD6      : INPUT;
AD7      : INPUT;
AD8      : INPUT;
AD9      : INPUT;
AD10     : INPUT;
AD11     : INPUT;
AD12     : INPUT;
ALE      : INPUT;
CLK      : INPUT;
CLK2     : INPUT;
CLR1     : INPUT;
FIELD    : INPUT;
FIELDRESET : INPUT;
LDLNR    : INPUT;
LDNCO    : INPUT;
LDOFFSET : INPUT;
MENTE    : INPUT;
SYSSEL   : INPUT;
S0       : INPUT;
S1       : INPUT;
TCK      : INPUT;
TDI      : INPUT;
TMS      : INPUT;
VINT     : INPUT;

-- Node name is 'BURSTGATE' = '|lcntanla:75.burst' from file "lcntanla.tdf" line 12, column 8
-- Equation name is 'BURSTGATE', type is output 
 BURSTGATE = DFFE( GND $  VCC, GLOBAL( CLK), !_LC064,  VCC,  _EQ001);
  _EQ001 =  _X001;
  _X001  = EXP(!_LC051 & !_LC058 & !_LC059);

-- Node name is 'COLORRST' = '|colorrst:27.crst' from file "colorrst.tdf" line 7, column 5
-- Equation name is 'COLORRST', type is output 
 COLORRST = DFFE( _EQ002 $  VCC, GLOBAL( CLK),  VCC,  VCC,  VCC);
  _EQ002 =  HLOAD &  _LC019;

-- Node name is 'D10' = '|3dffs:84.s2b' from file "3dffs.tdf" line 7, column 2
-- Equation name is 'D10', type is output 
 D10     = DFFE( _LC048 $  GND,  HINT,  VCC,  VCC,  VCC);

-- Node name is 'D11' = '|3dffs:84.s1b' from file "3dffs.tdf" line 7, column 5
-- Equation name is 'D11', type is output 
 D11     = DFFE( _LC035 $  GND,  HINT,  VCC,  VCC,  VCC);

-- Node name is 'D12' = '|3dffs:84.s0b' from file "3dffs.tdf" line 7, column 8
-- Equation name is 'D12', type is output 
 D12     = DFFE( _LC044 $  GND,  HINT,  VCC,  VCC,  VCC);

-- Node name is 'EBIT' = '|2dffs:72.s0b' from file "2dffs.tdf" line 7, column 5
-- Equation name is 'EBIT', type is output 
 EBIT    = DFFE( _LC057 $  GND,  HLOAD,  VCC,  VCC,  VCC);

-- Node name is 'EBIT2' = '|2dffs:72.s1b' from file "2dffs.tdf" line 7, column 2
-- Equation name is 'EBIT2', type is output 
 EBIT2   = DFFE( _LC061 $  GND,  HLOAD,  VCC,  VCC,  VCC);

-- Node name is 'FIELD2' 
-- Equation name is 'FIELD2', location is LC028, type is output.
 FIELD2  = LCELL( SYSSEL $  _LC014);

-- Node name is 'HCLR' = '|lcntanla:75.hclr' from file "lcntanla.tdf" line 10, column 10
-- Equation name is 'HCLR', type is output 
 HCLR    = DFFE( HCLRC $  GND, GLOBAL( CLK),  VCC,  VCC,  VCC);

-- Node name is 'HCLRC' = '|lcntanla:75.hclrc' from file "lcntanla.tdf" line 12, column 14
-- Equation name is 'HCLRC', type is output 
 HCLRC   = DFFE( _EQ003 $  GND, GLOBAL( CLK), !HCLR,  VCC,  VCC);
  _EQ003 =  EBIT &  _LC060
         # !EBIT &  _LC054;

-- Node name is 'HINT' = '|lcntanla:75.upint' from file "lcntanla.tdf" line 12, column 2
-- Equation name is 'HINT', type is output 
 HINT    = DFFE( GND $  VCC, GLOBAL( CLK), !_EQ004,  VCC,  _EQ005);
  _EQ004 = !H0 & !H1 & !H2 & !H3 & !H4 &  H5 & !H6 & !H7 & !H8 & !H9;
  _EQ005 = !H0 & !H1 & !H2 & !H3 & !H4 & !H5 & !H6 & !H7 & !H8 & !H9;

-- Node name is 'HLOAD' = '|lcntanla:75.hload' from file "lcntanla.tdf" line 11, column 2
-- Equation name is 'HLOAD', type is output 
 HLOAD   = DFFE( _EQ006 $  GND, GLOBAL( CLK),  VCC,  VCC,  VCC);
  _EQ006 = !H0 & !H1 & !H2 & !H3 & !H4 & !H5 & !H6 & !H7 & !H8 & !H9;

-- Node name is 'H0' = '|lcntanla:75.h0' from file "lcntanla.tdf" line 10, column 3
-- Equation name is 'H0', type is output 
 H0      = DFFE( _EQ007 $  VCC, GLOBAL( CLK),  VCC,  VCC,  VCC);
  _EQ007 = !HCLR &  H0
         #  HCLR & !_LC034;

-- Node name is 'H1' = '|lcntanla:75.h1' from file "lcntanla.tdf" line 10, column 3
-- Equation name is 'H1', type is output 
 H1      = DFFE( _EQ008 $  VCC, GLOBAL( CLK),  VCC,  VCC,  VCC);
  _EQ008 = !HCLR & !H1 & !H2 &  H3 &  H4 & !H5 &  H6 & !H7 &  H8 &  H9 & 
              SYSSEL
         # !HCLR &  H0 &  H1
         # !HCLR & !H0 & !H1
         #  HCLR & !_LC043;

-- Node name is 'H2' = '|lcntanla:75.h2' from file "lcntanla.tdf" line 10, column 3
-- Equation name is 'H2', type is output 
 H2      = TFFE( _EQ009, GLOBAL( CLK),  VCC,  VCC,  VCC);
  _EQ009 =  HCLR & !H2 &  _LC041
         # !HCLR &  H0 &  H1
         #  HCLR &  H2 & !_LC041;

-- Node name is 'H3' = '|lcntanla:75.h3' from file "lcntanla.tdf" line 10, column 3
-- Equation name is 'H3', type is output 
 H3      = TFFE( _EQ010, GLOBAL( CLK),  VCC,  VCC,  VCC);
  _EQ010 = !HCLR &  H0 & !H1 & !H2 &  H3 &  H4 & !H5 &  H6 & !H7 &  H8 & 
              _LC049 &  SYSSEL
         # !HCLR &  H0 &  H1 &  H2
         #  HCLR & !H3 &  _LC040
         #  HCLR &  H3 & !_LC040;

-- Node name is 'H4' = '|lcntanla:75.h4' from file "lcntanla.tdf" line 10, column 3
-- Equation name is 'H4', type is output 
 H4      = TFFE( _EQ011, GLOBAL( CLK),  VCC,  VCC,  VCC);
  _EQ011 = !HCLR &  H0 & !H1 & !H2 &  H3 &  H4 & !H5 &  H6 & !H7 &  H8 & 
              _LC049 &  SYSSEL
         # !HCLR &  H0 &  H1 &  H2 &  H3
         #  HCLR & !H4 &  _LC046
         #  HCLR &  H4 & !_LC046;

-- Node name is 'H5' = '|lcntanla:75.h5' from file "lcntanla.tdf" line 10, column 3
-- Equation name is 'H5', type is output 
 H5      = DFFE( _EQ012 $  VCC, GLOBAL( CLK),  VCC,  VCC,  VCC);
  _EQ012 = !HCLR &  H0 &  H1 &  H2 &  H3 &  H4 & !H6 &  H7 &  H8 &  H9
         # !HCLR &  H0 &  H1 &  H2 &  H3 &  H4 &  H6 & !H7 &  H8 &  H9
         # !HCLR &  H0 &  H1 &  H2 &  H3 &  H4 &  H5 &  _X002
         # !HCLR & !H5 &  _X003
         #  HCLR & !_LC047;
  _X002  = EXP( H6 &  H7 &  H8 & !H9 &  _LC008 & !_LC022);
  _X003  = EXP( H0 &  H1 &  H2 &  H3 &  H4);

-- Node name is 'H6' = '|lcntanla:75.h6' from file "lcntanla.tdf" line 10, column 3
-- Equation name is 'H6', type is output 
 H6      = LCELL( _LC026 $  GND);

-- Node name is 'H7' = '|lcntanla:75.h7' from file "lcntanla.tdf" line 10, column 3
-- Equation name is 'H7', type is output 
 H7      = DFFE( _EQ013 $  VCC, GLOBAL( CLK),  VCC,  VCC,  VCC);
  _EQ013 = !HCLR &  H0 &  H1 &  H2 &  H3 &  H4 &  H5 &  H6 &  H7 &  _X004
         # !HCLR &  H0 &  H1 &  H2 &  H3 &  H4 & !H5 & !H6 &  H8 &  H9
         # !HCLR & !H5 & !H7 &  _X005
         # !HCLR & !H7 &  _X006
         #  HCLR & !_LC053;
  _X004  = EXP( H8 &  H9);
  _X005  = EXP( H8 & !H9 & !_LC008 &  _LC022);
  _X006  = EXP( H0 &  H1 &  H2 &  H3 &  H4 &  H6);

-- Node name is 'H8' = '|lcntanla:75.h8' from file "lcntanla.tdf" line 10, column 3
-- Equation name is 'H8', type is output 
 H8      = DFFE( _EQ014 $  _EQ015, GLOBAL( CLK),  VCC,  VCC,  VCC);
  _EQ014 = !HCLR &  H0 & !H1 & !H2 &  H3 &  H4 & !H5 &  H6 & !H7 &  H9 & 
              SYSSEL
         # !HCLR &  H0 &  H1 &  H2 &  H3 &  H4 & !H5 &  H6 & !H7 &  H9
         # !HCLR &  H0 &  H1 &  H2 &  H3 &  H4 & !H5 & !H6 &  H7 &  H9
         # !HCLR & !H8 &  _X007;
  _X007  = EXP( H0 &  H1 &  H2 &  H3 &  H4 &  H5 &  H6 &  H7);
  _EQ015 =  _X008 &  _X009 &  _X010;
  _X008  = EXP(!HCLR &  H0 &  H1 &  H2 &  H3 &  H4 &  H5 &  H6 &  H7 &  H8 & !H9 & 
             !_LC008);
  _X009  = EXP(!HCLR &  H0 &  H1 &  H2 &  H3 &  H4 &  H5 &  H6 &  H7 &  H8 & !H9 & 
              _LC022);
  _X010  = EXP( HCLR & !_LC042);

-- Node name is 'H9' = '|lcntanla:75.h9' from file "lcntanla.tdf" line 10, column 3
-- Equation name is 'H9', type is output 
 H9      = LCELL( _LC049 $  GND);

-- Node name is 'LOADNCO' 
-- Equation name is 'LOADNCO', location is LC045, type is output.
 LOADNCO = LCELL( _EQ016 $  VCC);
  _EQ016 =  CLR1 & !_LC033 &  TDI;

-- Node name is 'NOTH2' = '|lcntanla~75.h2~1' from file "lcntanla.tdf" line 10, column 3
-- Equation name is 'NOTH2', type is output 
NOTH2    = _LC013~NOT;
_LC013~NOT = DFFE( _EQ017 $ !H2, GLOBAL( CLK),  VCC,  VCC,  VCC);
  _EQ017 =  HCLR & !H2 &  _LC041
         # !HCLR &  H0 &  H1
         #  HCLR &  H2 & !_LC041;

-- Node name is 'NOTH4' = '|lcntanla~75.h4~1' from file "lcntanla.tdf" line 10, column 3
-- Equation name is 'NOTH4', type is output 
NOTH4    = _LC001~NOT;
_LC001~NOT = DFFE( _EQ018 $ !H4, GLOBAL( CLK),  VCC,  VCC,  VCC);
  _EQ018 = !HCLR &  H0 & !H1 & !H2 &  H3 &  H4 & !H5 &  H6 & !H7 &  H8 &  H9 & 
              SYSSEL
         # !HCLR &  H0 &  H1 &  H2 &  H3
         #  HCLR & !H4 &  _LC046
         #  HCLR &  H4 & !_LC046;

-- Node name is 'OKFLAG' = '|dtoreset:81.okflag' from file "dtoreset.tdf" line 8, column 5
-- Equation name is 'OKFLAG', type is output 
 OKFLAG  = DFFE( CLR1 $  GND,  CLK2,  VCC,  VCC,  VCC);

-- Node name is 'PI' = '|palid:36.palid' from file "palid.tdf" line 8, column 5
-- Equation name is 'PI', type is output 
 PI      = DFFE( _EQ019 $ !SYSSEL, GLOBAL( CLK),  VCC,  VCC,  _LC055);
  _EQ019 = !_LC019 &  PI & !SYSSEL;

-- Node name is 'RESET' 
-- Equation name is 'RESET', location is LC025, type is output.
 RESET   = LCELL( _EQ020 $  VCC);
  _EQ020 = !CLK2 & !MENTE &  OKFLAG;

-- Node name is 'TDO' 
-- Equation name is 'TDO', location is LC056, type is output.
 TDO     = LCELL( GND $  GND);

-- Node name is 'UPINT' = '|1dff:85.sa' from file "1dff.tdf" line 7, column 2
-- Equation name is 'UPINT', type is output 
 UPINT   = DFFE( HINT $  GND,  ALE,  VCC,  VCC,  VCC);

-- Node name is '|lcntanla:75|clearff' from file "lcntanla.tdf" line 11, column 8
-- Equation name is '_LC064', type is buried 
_LC064   = DFFE( _EQ021 $  GND, GLOBAL( CLK),  VCC,  VCC,  VCC);
  _EQ021 =  H0 & !H1 & !H2 &  H3 &  H4 & !H5 &  H6 & !H7 &  H8 &  H9
         # !H0 & !H1 & !H2 & !H3 & !H4 & !H5 & !H6 &  H7 &  H8 &  H9
         #  H0 & !H1 & !H2 & !H3 & !H4 & !H5 & !H6 &  H7 & !H8 & !H9;

-- Node name is '|lcntanla:75|hclrb' from file "lcntanla.tdf" line 11, column 20
-- Equation name is '_LC060', type is buried 
_LC060   = DFFE( GND $  VCC,  _EQ022, !HCLR,  VCC,  VCC);
  _EQ022 =  CLR1 & !_LC008 & !_LC022;

-- Node name is '|lcntanla:75|hclrd' from file "lcntanla.tdf" line 10, column 15
-- Equation name is '_LC054', type is buried 
_LC054   = DFFE( GND $  VCC,  _EQ023, !HCLR,  VCC,  VCC);
  _EQ023 =  _X011;
  _X011  = EXP( CLR1 & !_LC008 & !_LC022);

-- Node name is '|lcntanla:75|:76' = '|lcntanla:75.hid' from file "lcntanla.tdf" line 11, column 16
-- Equation name is '_LC055', type is buried 
_LC055   = DFFE( _EQ024 $  GND, GLOBAL( CLK),  VCC,  VCC,  VCC);
  _EQ024 = !H0 & !H1 & !H2 & !H3 & !H4 & !H5 &  H6 & !H7 & !H8 & !H9;

-- Node name is '|lcntanla:75|~66~1~fit~in1' = '|lcntanla~75.h6~1~fit~in1' from file "lcntanla.tdf" line 10, column 3
-- Equation name is '_LC026', type is buried 
-- synthesized logic cell 
_LC026   = DFFE( _EQ025 $  VCC, GLOBAL( CLK),  VCC,  VCC,  VCC);
  _EQ025 = !_LC052 &  _X012 &  _X013 &  _X014 &  _X015 &  _X016 &  _X017 & 
              _X018 &  _X019 &  _X020 &  _X021 &  _X022 &  _X023 &  _X024;
  _X012  = EXP( HCLR &  _LC050);
  _X013  = EXP(!HCLR & !H1 &  H2 &  _LC026);
  _X014  = EXP(!H1 & !H8 &  _LC026 &  _LC050);
  _X015  = EXP(!HCLR & !H0 &  _LC026);
  _X016  = EXP(!HCLR & !H3 &  _LC026);
  _X017  = EXP(!HCLR & !H4 &  _LC026);
  _X018  = EXP(!HCLR & !H5 & !H8 &  _LC026);
  _X019  = EXP(!HCLR & !H2 & !H9 &  _LC026);
  _X020  = EXP(!HCLR & !H1 &  _LC026 & !SYSSEL);
  _X021  = EXP(!H1 & !H9 &  _LC026 &  _LC050);
  _X022  = EXP(!HCLR &  H1 & !H2 &  _LC026);
  _X023  = EXP(!HCLR & !H2 &  H5 &  _LC026);
  _X024  = EXP(!HCLR & !H5 &  H7 &  _LC026);

-- Node name is '|lcntanla:75|~63~1~fit~in1' = '|lcntanla~75.h9~1~fit~in1' from file "lcntanla.tdf" line 10, column 3
-- Equation name is '_LC049', type is buried 
-- synthesized logic cell 
_LC049   = TFFE(!_EQ026, GLOBAL( CLK),  VCC,  VCC,  VCC);
  _EQ026 =  _X025 &  _X026 &  _X027 &  _X028 &  _X029 &  _X030;
  _X025  = EXP(!HCLR &  H0 & !H1 & !H2 &  H3 &  H4 & !H5 &  H6 & !H7 &  H8 & 
              _LC049 &  SYSSEL);
  _X026  = EXP(!HCLR &  H0 &  H1 &  H2 &  H3 &  H4 & !H5 &  H6 & !H7 &  H8 & 
             !_LC008 &  _LC022 & !_LC049);
  _X027  = EXP(!HCLR &  H0 &  H1 &  H2 &  H3 &  H4 & !H5 &  H6 & !H7 &  H8 & 
              _LC049);
  _X028  = EXP(!HCLR &  H0 &  H1 &  H2 &  H3 &  H4 &  H5 &  H6 &  H7 &  H8);
  _X029  = EXP( HCLR &  _LC036 & !_LC049);
  _X030  = EXP( HCLR & !_LC036 &  _LC049);

-- Node name is '|lcntanla:75|~161~1' from file "lcntanla.tdf" line 25, column 31
-- Equation name is '_LC059', type is buried 
-- synthesized logic cell 
_LC059   = LCELL( _EQ027 $  GND);
  _EQ027 = !H0 &  H1 &  H2 &  H3 & !H4 & !H5 &  H6 & !H7 & !H8 & !H9 & 
              _LC022 & !SYSSEL;

-- Node name is '|lcntanla:75|~177~1' from file "lcntanla.tdf" line 26, column 25
-- Equation name is '_LC051', type is buried 
-- synthesized logic cell 
_LC051   = LCELL( _EQ028 $  GND);
  _EQ028 =  H0 &  H1 & !H2 & !H3 & !H4 & !H5 & !H6 &  H7 & !H8 & !H9 & 
              _LC008 & !_LC022;

-- Node name is '|lcntanla:75|~199~1' from file "lcntanla.tdf" line 27, column 25
-- Equation name is '_LC058', type is buried 
-- synthesized logic cell 
_LC058   = LCELL( _EQ029 $  GND);
  _EQ029 =  H0 &  H1 &  H2 &  H3 &  H4 & !H5 &  H6 &  H7 &  H8 & !H9 & 
             !_LC008 &  _LC022;

-- Node name is '|lcntanla:75|~630~1' from file "lcntanla.tdf" line 87, column 25
-- Equation name is '_LC052', type is buried 
-- synthesized logic cell 
_LC052   = LCELL( _EQ030 $  GND);
  _EQ030 = !HCLR &  H0 &  H1 &  H2 &  H3 &  H4 &  H7 &  H8 &  H9
         # !HCLR &  H0 &  H1 &  H2 &  H3 &  H4 &  H5 & !H6
         # !HCLR &  H6 &  H7 &  H8 &  _LC008 & !_LC022
         # !HCLR & !H5 &  H6 & !H9 &  _LC008
         # !HCLR & !H5 &  H6 & !H9 & !_LC022;

-- Node name is '|loadnco:78|load' from file "loadnco.tdf" line 9, column 2
-- Equation name is '_LC033', type is buried 
_LC033   = DFFE( AD8 $  GND,  LDNCO,  VCC,  VCC,  VCC);

-- Node name is '|2dffs:70|sb' = '|2dffs:70.s0b' from file "2dffs.tdf" line 7, column 5
-- Equation name is '_LC057', type is buried 
_LC057   = DFFE( AD7 $  GND,  LDNCO,  VCC,  VCC,  VCC);

-- Node name is '|2dffs:70|sa' = '|2dffs:70.s1b' from file "2dffs.tdf" line 7, column 2
-- Equation name is '_LC061', type is buried 
_LC061   = DFFE( AD6 $  GND,  LDNCO,  VCC,  VCC,  VCC);

-- Node name is '|3dffs:63|sc' = '|3dffs:63.s0b' from file "3dffs.tdf" line 7, column 8
-- Equation name is '_LC044', type is buried 
_LC044   = DFFE( AD12 $  GND,  LDLNR,  VCC,  VCC,  VCC);

-- Node name is '|3dffs:63|sb' = '|3dffs:63.s1b' from file "3dffs.tdf" line 7, column 5
-- Equation name is '_LC035', type is buried 
_LC035   = DFFE( AD11 $  GND,  LDLNR,  VCC,  VCC,  VCC);

-- Node name is '|3dffs:63|sa' = '|3dffs:63.s2b' from file "3dffs.tdf" line 7, column 2
-- Equation name is '_LC048', type is buried 
_LC048   = DFFE( AD10 $  GND,  LDLNR,  VCC,  VCC,  VCC);

-- Node name is '|4dffs:58|sd' = '|4dffs:58.s0b' from file "4dffs.tdf" line 7, column 11
-- Equation name is '_LC019', type is buried 
_LC019   = DFFE( FIELDRESET $  GND,  HLOAD,  VCC,  VCC,  VCC);

-- Node name is '|4dffs:58|sc' = '|4dffs:58.s1b' from file "4dffs.tdf" line 7, column 8
-- Equation name is '_LC014', type is buried 
_LC014   = DFFE( FIELD $  GND,  HLOAD,  VCC,  VCC,  VCC);

-- Node name is '|4dffs:58|sb' = '|4dffs:58.s2b' from file "4dffs.tdf" line 7, column 5
-- Equation name is '_LC008', type is buried 
_LC008   = DFFE( S0 $  GND,  HLOAD,  VCC,  VCC,  VCC);

-- Node name is '|4dffs:58|sa' = '|4dffs:58.s3b' from file "4dffs.tdf" line 7, column 2
-- Equation name is '_LC022', type is buried 
_LC022   = DFFE( S1 $  GND,  HLOAD,  VCC,  VCC,  VCC);

-- Node name is '|10dffs:25|:58' = '|10dffs:25.dout0' from file "10dffs.tdf" line 7, column 6
-- Equation name is '_LC034', type is buried 
_LC034   = DFFE( AD0 $  GND,  LDOFFSET,  VCC,  VCC,  VCC);

-- Node name is '|10dffs:25|:57' = '|10dffs:25.dout1' from file "10dffs.tdf" line 7, column 6
-- Equation name is '_LC043', type is buried 
_LC043   = DFFE( AD1 $  GND,  LDOFFSET,  VCC,  VCC,  VCC);

-- Node name is '|10dffs:25|:56' = '|10dffs:25.dout2' from file "10dffs.tdf" line 7, column 6
-- Equation name is '_LC041', type is buried 
_LC041   = DFFE( AD2 $  GND,  LDOFFSET,  VCC,  VCC,  VCC);

-- Node name is '|10dffs:25|:55' = '|10dffs:25.dout3' from file "10dffs.tdf" line 7, column 6
-- Equation name is '_LC040', type is buried 
_LC040   = DFFE( AD3 $  GND,  LDOFFSET,  VCC,  VCC,  VCC);

-- Node name is '|10dffs:25|:54' = '|10dffs:25.dout4' from file "10dffs.tdf" line 7, column 6
-- Equation name is '_LC046', type is buried 
_LC046   = DFFE( AD4 $  GND,  LDOFFSET,  VCC,  VCC,  VCC);

-- Node name is '|10dffs:25|:53' = '|10dffs:25.dout5' from file "10dffs.tdf" line 7, column 6
-- Equation name is '_LC047', type is buried 
_LC047   = DFFE( AD5 $  GND,  LDOFFSET,  VCC,  VCC,  VCC);

-- Node name is '|10dffs:25|:52' = '|10dffs:25.dout6' from file "10dffs.tdf" line 7, column 6
-- Equation name is '_LC050', type is buried 
_LC050   = DFFE( AD6 $  GND,  LDOFFSET,  VCC,  VCC,  VCC);

-- Node name is '|10dffs:25|:51' = '|10dffs:25.dout7' from file "10dffs.tdf" line 7, column 6
-- Equation name is '_LC053', type is buried 
_LC053   = DFFE( AD7 $  GND,  LDOFFSET,  VCC,  VCC,  VCC);

-- Node name is '|10dffs:25|:50' = '|10dffs:25.dout8' from file "10dffs.tdf" line 7, column 6
-- Equation name is '_LC042', type is buried 
_LC042   = DFFE( AD8 $  GND,  LDOFFSET,  VCC,  VCC,  VCC);

-- Node name is '|10dffs:25|:49' = '|10dffs:25.dout9' from file "10dffs.tdf" line 7, column 6
-- Equation name is '_LC036', type is buried 
_LC036   = DFFE( AD9 $  GND,  LDOFFSET,  VCC,  VCC,  VCC);



--     Shareable expanders that are duplicated in multiple LABs:
--     (none)




Project Information                              c:\max2work\8631\anlv63v3.rpt

** COMPILATION SETTINGS & TIMES **

Processing Menu Commands
------------------------

Design Doctor                             = off

Logic Synthesis:

   Synthesis Type Used                    = Standard

   Default Synthesis Style                = NORMAL

      Logic option settings in 'NORMAL' style for 'MAX7000' family

      DECOMPOSE_GATES                     = on
      DUPLICATE_LOGIC_EXTRACTION          = on
      MINIMIZATION                        = full
      MULTI_LEVEL_FACTORING               = on
      NOT_GATE_PUSH_BACK                  = on
      PARALLEL_EXPANDERS                  = off
      REDUCE_LOGIC                        = on
      REFACTORIZATION                     = on
      REGISTER_OPTIMIZATION               = on
      RESYNTHESIZE_NETWORK                = on
      SLOW_SLEW_RATE                      = off
      SOFT_BUFFER_INSERTION               = on
      SUBFACTOR_EXTRACTION                = on
      TURBO_BIT                           = on
      XOR_SYNTHESIS                       = on
      IGNORE_SOFT_BUFFERS                 = on
      USE_LPM_FOR_AHDL_OPERATORS          = off

   Other logic synthesis settings:

      Automatic Global Clock              = on
      Automatic Global Clear              = on
      Automatic Global Preset             = on
      Automatic Global Output Enable      = on
      Automatic I/O Cell Registers        = off
      Automatic Register Packing          = off
      Automatic Open-Drain Pins           = on
      Automatic Implement in EAB          = off
      One-Hot State Machine Encoding      = off
      Optimize                            = 5

Default Timing Specifications: None

Cut All Bidir Feedback Timing Paths       = on
Cut All Clear & Preset Timing Paths       = on

Ignore Timing Assignments                 = on

Functional SNF Extractor                  = off

Linked SNF Extractor                      = off
Timing SNF Extractor                      = on
Optimize Timing SNF                       = off
Generate AHDL TDO File                    = off
Fitter Settings                           = NORMAL
Smart Recompile                           = off
Total Recompile                           = off

Interface Menu Commands
-----------------------

EDIF Netlist Writer                       = off
Verilog Netlist Writer                    = off
VHDL Netlist Writer                       = off

Compilation Times
-----------------

   Compiler Netlist Extractor             00:00:01
   Database Builder                       00:00:01
   Logic Synthesizer                      00:00:02
   Partitioner                            00:00:01
   Fitter                                 00:00:03
   Timing SNF Extractor                   00:00:01
   Assembler                              00:00:00
   --------------------------             --------
   Total Time                             00:00:09


Memory Allocated
-----------------

Peak memory allocated during compilation  = 3,539K
