iMPACT Version: H.42
iMPACT log file started on 2006/07/28 09:44:01
// *** BATCH CMD : setPreference -pref UserLevel:NOVICE
// *** BATCH CMD : setPreference -pref MessageLevel:DETAILED
// *** BATCH CMD : setPreference -pref ConcurrentMode:FALSE
// *** BATCH CMD : setPreference -pref UseHighz:FALSE
// *** BATCH CMD : setPreference -pref ConfigOnFailure:STOP
// *** BATCH CMD : setPreference -pref StartupCLock:AUTO_CORRECTION
// *** BATCH CMD : setPreference -pref AutoSignature:FALSE
// *** BATCH CMD : setPreference -pref KeepSVF:FALSE
// *** BATCH CMD : setPreference -pref svfUseTime:FALSE
// *** BATCH CMD : setPreference -pref UserLevel:NOVICE
// *** BATCH CMD : setPreference -pref MessageLevel:DETAILED
// *** BATCH CMD : setPreference -pref ConcurrentMode:FALSE
// *** BATCH CMD : setPreference -pref UseHighz:FALSE
// *** BATCH CMD : setPreference -pref ConfigOnFailure:STOP
// *** BATCH CMD : setPreference -pref StartupCLock:AUTO_CORRECTION
// *** BATCH CMD : setPreference -pref AutoSignature:FALSE
// *** BATCH CMD : setPreference -pref KeepSVF:FALSE
// *** BATCH CMD : setPreference -pref svfUseTime:FALSE
// *** BATCH CMD : setMode -bs
Loading cdf file f:\pt8612\vhdl\xilinx\sdhd_module_v2/SDHD_module_v2.ipf...
// *** BATCH CMD : setPreference -pref UserLevel:Novice
// *** BATCH CMD : setMode -pff
// *** BATCH CMD : addConfigDevice -size 0 -name "xcf08p" -path "F:\pt8612\vhdl\xilinx\sdhd_module_v2/"
// *** BATCH CMD : setAttribute -configdevice -attr size -value "0"
// *** BATCH CMD : setAttribute -configdevice -attr reseveSize -value "0"
// *** BATCH CMD : setSubmode -pffserial
// *** BATCH CMD : setAttribute -configdevice -attr activeCollection -value "sdhd_lyd_noctrlpkt"
// *** BATCH CMD : addCollection -name "sdhd_lyd_noctrlpkt"
// *** BATCH CMD : addDesign -version 0 -name "0"
// *** BATCH CMD : addDeviceChain -index 0
// *** BATCH CMD : addDevice -position 1 -file "F:\PT8612\VHDL\xilinx\SDHD_module_v2\hd_gen_module.bit"
'1': Loading file 'F:\PT8612\VHDL\xilinx\SDHD_module_v2\hd_gen_module.bit' ...
INFO:iMPACT - Elapsed time =      2 sec.
done.
INFO:iMPACT:501 - '1': Added Device xc2vp20 successfully.
----------------------------------------------------------------------
----------------------------------------------------------------------
// *** BATCH CMD : 
// *** BATCH CMD : addPromDevice -position 1 -size 0 -name "xcf08p"
'1': Added Device xcf08p successfully.
----------------------------------------------------------------------
// *** BATCH CMD : setAttribute -configdevice -attr fileFormat -value "mcs"
// *** BATCH CMD : setAttribute -configdevice -attr swapBit -value "FALSE"
// *** BATCH CMD : setAttribute -configdevice -attr fillValue -value "FF"
// *** BATCH CMD : setAttribute -collection -attr dir -value "UP"
// *** BATCH CMD : setMode -mpm
// *** BATCH CMD : setMode -cf
// *** BATCH CMD : setMode -dtconfig
// *** BATCH CMD : setMode -bsfile
// *** BATCH CMD : setMode -sm
// *** BATCH CMD : setMode -ss
// *** BATCH CMD : setMode -bs
// *** BATCH CMD : addDevice -position 1 -part "xcf08p"
INFO:iMPACT:1777 - 
Reading C:/Xilinx71/xcfp/data/xcf08p.bsd...
Reading C:/Xilinx71/xcfp/data/xcf08p.bsd...
INFO:iMPACT:501 - '1': Added Device xcf08p successfully.
----------------------------------------------------------------------
----------------------------------------------------------------------
// *** BATCH CMD : setAttribute -position 1 -attr configFileName -value "F:\PT8612\VHDL\xilinx\SDHD_module_v2\sdhd_lyd_noctrlpkt.mcs"
'1': Loading file 'F:\PT8612\VHDL\xilinx\SDHD_module_v2\sdhd_lyd_noctrlpkt.mcs' ...
done.
INFO:iMPACT:1835 - Loading CFI file F:\PT8612\VHDL\xilinx\SDHD_module_v2\sdhd_lyd_noctrlpkt.cfi
CFI file not found, proceed with device default setting.
// *** BATCH CMD : 
// *** BATCH CMD : addDevice -position 2 -part "xc2vp20"
INFO:iMPACT:1777 - 
Reading C:/Xilinx71/virtex2p/data/xc2vp20.bsd...
Reading C:/Xilinx71/virtex2p/data/xc2vp20.bsd...
INFO:iMPACT:501 - '2': Added Device xc2vp20 successfully.
----------------------------------------------------------------------
----------------------------------------------------------------------
// *** BATCH CMD : setCable -port lpt1
Connecting to cable (Parallel Port - LPT1).
Checking cable driver.
 Driver windrvr6.sys version = 6.2.2.2. LPT base address = 0378h.
 ECP base address = FFFFFFFFh.
Cable connection established.
// *** BATCH CMD : setMode -bs
Finish loading cdf file f:\pt8612\vhdl\xilinx\sdhd_module_v2/SDHD_module_v2.ipf.
// *** BATCH CMD : setMode -bs
// *** BATCH CMD : setMode -ss
// *** BATCH CMD : setMode -sm
// *** BATCH CMD : setMode -bsfile
// *** BATCH CMD : setMode -dtconfig
// *** BATCH CMD : setMode -cf
GUI --- Read System ACE CF Mode...
// *** BATCH CMD : setMode -mpm
GUI --- Read System ACE MPM Mode...
// *** BATCH CMD : setMode -pff
GUI --- Read PROM Formatter Mode...
// *** BATCH CMD : setCurrentDeviceChain -index 0
// *** BATCH CMD : setMode -bs
// *** BATCH CMD : setMode -pff
// *** BATCH CMD : setMode -bs
GUI --- Switch to File Mode
GUI --- PROM Formatter selected
// *** BATCH CMD : setMode -pff
// *** BATCH CMD : setCurrentDesign -version 0
// *** BATCH CMD : deletePromDevice -position 1
// *** BATCH CMD : setMode -pff
// *** BATCH CMD : setMode -pff
// *** BATCH CMD : addConfigDevice -size 1024 -name "xcf08p" -path "\\wts\data1\pt8612\vhdl\xilinx\sdhd_module_v2/"
// *** BATCH CMD : setSubmode -pffserial
// *** BATCH CMD : addPromDevice -position 1 -size -1 -name "xcf08p"
'1': Added Device xcf08p successfully.
----------------------------------------------------------------------
// *** BATCH CMD : setMode -pff
// *** BATCH CMD : setSubmode -pffserial
// *** BATCH CMD : setAttribute -configdevice -attr size -value "0"
// *** BATCH CMD : addCollection -name "sdhd_ver7"
// *** BATCH CMD : setAttribute -collection -attr dir -value "UP"
// *** BATCH CMD : addDesign -version 0 -name "0000"
// *** BATCH CMD : addDeviceChain -index 0
// *** BATCH CMD : addDevice -position 1 -file "F:\PT8612\VHDL\xilinx\SDHD_module_v2\hd_gen_module.bit"
'1': Loading file 'F:\PT8612\VHDL\xilinx\SDHD_module_v2\hd_gen_module.bit' ...
INFO:iMPACT - Elapsed time =      2 sec.
done.
INFO:iMPACT:501 - '1': Added Device xc2vp20 successfully.
----------------------------------------------------------------------
----------------------------------------------------------------------
GUI --- Add one device.
// *** BATCH CMD : setMode -pff
Collection : sdhd_ver7
Design : 0
Device Chain : 0
----------------------------------------------------------------------
Position	PartName       	FileName            
1       	xc2vp20        	F:\PT8612\VHDL\xilinx\SDHD_module_v2\hd_gen_module.bit
----------------------------------------------------------------------
// *** BATCH CMD : setAttribute -configdevice -attr fillValue -value "FF"
// *** BATCH CMD : setAttribute -configdevice -attr fileFormat -value "mcs"
// *** BATCH CMD : setAttribute -collection -attr dir -value "UP"
// *** BATCH CMD : setAttribute -configdevice -attr path -value "\\wts\data1\pt8612\vhdl\xilinx\sdhd_module_v2/"
// *** BATCH CMD : setAttribute -collection -attr name -value "sdhd_ver7"
// *** BATCH CMD : generate
0xfab04 (1026820) bytes loaded up from 0x0
Using user-specified prom size of 1024K
Writing file "\\wts\data1\pt8612\vhdl\xilinx\sdhd_module_v2//sdhd_ver7.mcs".
Writing file "\\wts\data1\pt8612\vhdl\xilinx\sdhd_module_v2//sdhd_ver7.prm".
Writing file "\\wts\data1\pt8612\vhdl\xilinx\sdhd_module_v2//sdhd_ver7.sig".
GUI --- Total configuration bit size = 8214560 bits.
GUI --- Total configuration byte size = 1026820 bytes.
// *** BATCH CMD : setCurrentDesign -version 0
GUI --- Switch to Configuration Mode
// *** BATCH CMD : setMode -bs
// *** BATCH CMD : Identify
PROGRESS_START - Starting Operation.
----------------------------------------------------------------------
----------------------------------------------------------------------
Identifying chain contents ....'1': : Manufacturer's ID =Xilinx xc2vp20, Version : 3
INFO:iMPACT:1777 - 
Reading C:/Xilinx71/virtex2p/data/xc2vp20.bsd...
Reading C:/Xilinx71/virtex2p/data/xc2vp20.bsd...
INFO:iMPACT:501 - '1': Added Device xc2vp20 successfully.
----------------------------------------------------------------------
----------------------------------------------------------------------
'2': : Manufacturer's ID =Xilinx xcf08p, Version : 14
INFO:iMPACT:1777 - 
Reading C:/Xilinx71/xcfp/data/xcf08p.bsd...
Reading C:/Xilinx71/xcfp/data/xcf08p.bsd...
INFO:iMPACT:501 - '1': Added Device xcf08p successfully.
----------------------------------------------------------------------
----------------------------------------------------------------------
done.
Validating chain...
Boundary-scan chain validated successfully.
PROGRESS_END - End Operation.
Elapsed time =      1 sec.
xcf08p_fs48
xcf08p_vo48
xcf16p_fs48
xcf16p_vo48
xcf32p_fs48
xcf32p_vo48
// *** BATCH CMD : setAttribute -position 1 -attr devicePartName -value "xcf08p"
// *** BATCH CMD : setAttribute -position 1 -attr configFileName -value "F:\PT8612\VHDL\xilinx\SDHD_module_v2\sdhd_ver7.mcs"
'1': Loading file 'F:\PT8612\VHDL\xilinx\SDHD_module_v2\sdhd_ver7.mcs' ...
done.
INFO:iMPACT:1835 - Loading CFI file F:\PT8612\VHDL\xilinx\SDHD_module_v2\sdhd_ver7.cfi
CFI file not found, proceed with device default setting.
// *** BATCH CMD : Program -p 1 -e -v 
PROGRESS_START - Starting Operation.
Validating chain...
Boundary-scan chain validated successfully.
'1': Erasing device...
Erasure completed successfully.
'1': Putting device in ISP mode...done.
done.
'1': Putting device in ISP mode...done.
done.
'1': Putting device in ISP mode...done.
'1': Putting device in ISP mode...done.
done.
'1': Putting device in ISP mode...done.
[
  1 1 1 1 1 1 1 1 
]
]
[
  0 1 1 1 0 0 1 1 
]
]
done.
done.
'1': Putting device in ISP mode...done.
'1': Verifying device...done.
'1': Verification completed.
'1': Putting device in ISP mode...done.
'1': Programming completed successfully.
Programming completed successfully.
PROGRESS_END - End Operation.
Elapsed time =    198 sec.
// *** BATCH CMD : Program -p 1 -e -v 
PROGRESS_START - Starting Operation.
Validating chain...
Boundary-scan chain validated successfully.
'1': Erasing device...
Erasure completed successfully.
'1': Putting device in ISP mode...done.
done.
'1': Putting device in ISP mode...done.
done.
'1': Putting device in ISP mode...done.
'1': Putting device in ISP mode...done.
done.
'1': Putting device in ISP mode...done.
[
  1 1 1 1 1 1 1 1 
]
]
[
  0 1 1 1 0 0 1 1 
]
]
done.
done.
'1': Putting device in ISP mode...done.
'1': Verifying device...done.
'1': Verification completed.
'1': Putting device in ISP mode...done.
'1': Programming completed successfully.
Programming completed successfully.
PROGRESS_END - End Operation.
Elapsed time =    198 sec.
// *** BATCH CMD : Program -p 1 -e -v 
PROGRESS_START - Starting Operation.
ERROR:iMPACT:583 - '1': The idcode read from the device does not match the idcode in the bsdl File.
INFO:iMPACT:1578 - '1':  Device IDCODE :        00001111111111111111111111111111
INFO:iMPACT:1579 - '1': Expected IDCODE:    00000101000001010111000010010011
PROGRESS_END - End Operation.
Elapsed time =     13 sec.
// *** BATCH CMD : Program -p 1 -e -v 
PROGRESS_START - Starting Operation.
Validating chain...
Boundary-scan chain validated successfully.
'1': Erasing device...
Erasure completed successfully.
'1': Putting device in ISP mode...done.
done.
'1': Putting device in ISP mode...done.
done.
'1': Putting device in ISP mode...done.
'1': Putting device in ISP mode...done.
done.
'1': Putting device in ISP mode...done.
[
  1 1 1 1 1 1 1 1 
]
]
[
  0 1 1 1 0 0 1 1 
]
]
done.
done.
'1': Putting device in ISP mode...done.
'1': Verifying device...done.
'1': Verification completed.
'1': Putting device in ISP mode...done.
'1': Programming completed successfully.
Programming completed successfully.
PROGRESS_END - End Operation.
Elapsed time =    196 sec.
// *** BATCH CMD : Program -p 1 -e -v 
PROGRESS_START - Starting Operation.
Validating chain...
Boundary-scan chain validated successfully.
'1': Erasing device...
Erasure completed successfully.
'1': Putting device in ISP mode...done.
done.
'1': Putting device in ISP mode...done.
done.
'1': Putting device in ISP mode...done.
'1': Putting device in ISP mode...done.
done.
'1': Putting device in ISP mode...done.
[
  1 1 1 1 1 1 1 1 
]
]
[
  0 1 1 1 0 0 1 1 
]
]
done.
done.
'1': Putting device in ISP mode...done.
'1': Verifying device...done.
'1': Verification completed.
'1': Putting device in ISP mode...done.
'1': Programming completed successfully.
Programming completed successfully.
PROGRESS_END - End Operation.
Elapsed time =    197 sec.
// *** BATCH CMD : Program -p 1 -e -v 
PROGRESS_START - Starting Operation.
Validating chain...
Boundary-scan chain validated successfully.
'1': Erasing device...
Erasure completed successfully.
'1': Putting device in ISP mode...done.
done.
'1': Putting device in ISP mode...done.
done.
'1': Putting device in ISP mode...done.
'1': Putting device in ISP mode...done.
done.
'1': Putting device in ISP mode...done.
[
  1 1 1 1 1 1 1 1 
]
]
[
  0 1 1 1 0 0 1 1 
]
]
done.
done.
'1': Putting device in ISP mode...done.
'1': Verifying device...done.
'1': Verification completed.
'1': Putting device in ISP mode...done.
'1': Programming completed successfully.
Programming completed successfully.
PROGRESS_END - End Operation.
Elapsed time =    198 sec.
// *** BATCH CMD : Program -p 1 -e -v 
PROGRESS_START - Starting Operation.
Validating chain...
Boundary-scan chain validated successfully.
'1': Erasing device...
Erasure completed successfully.
'1': Putting device in ISP mode...done.
done.
'1': Putting device in ISP mode...done.
done.
'1': Putting device in ISP mode...done.
'1': Putting device in ISP mode...done.
done.
'1': Putting device in ISP mode...done.
[
  1 1 1 1 1 1 1 1 
]
]
[
  0 1 1 1 0 0 1 1 
]
]
done.
done.
'1': Putting device in ISP mode...done.
'1': Verifying device...done.
'1': Verification completed.
'1': Putting device in ISP mode...done.
'1': Programming completed successfully.
Programming completed successfully.
PROGRESS_END - End Operation.
Elapsed time =    200 sec.
// *** BATCH CMD : Program -p 1 -e -v 
PROGRESS_START - Starting Operation.
Validating chain...
Boundary-scan chain validated successfully.
'1': Erasing device...
Erasure completed successfully.
'1': Putting device in ISP mode...done.
done.
'1': Putting device in ISP mode...done.
done.
'1': Putting device in ISP mode...done.
'1': Putting device in ISP mode...done.
done.
'1': Putting device in ISP mode...done.
[
  1 1 1 1 1 1 1 1 
]
]
[
  0 1 1 1 0 0 1 1 
]
]
done.
done.
'1': Putting device in ISP mode...done.
'1': Verifying device...done.
'1': Verification completed.
'1': Putting device in ISP mode...done.
'1': Programming completed successfully.
Programming completed successfully.
PROGRESS_END - End Operation.
Elapsed time =    201 sec.
*****   Closing iMPACT program.   *****
----------------------------------------------------------------------
----------------------------------------------------------------------
