(------------------------------------------------------------)
(                                                            )
(        Refresh Padstack                                    )
(                                                            )
(        Drawing          : PT8640.brd                       )
(        Software Version : 16.0p002                         )
(        Date/Time        : Fri Mar 12 16:50:13 2010         )
(                                                            )
(------------------------------------------------------------)


Fri Mar 12 16:50:13 2010				Page     1


------ Pad Stack Refresh Options ------

OLD_LAYOUT_NAME = 'D:/Dokumenter/PT5300_NTP/PT8640/PCB/PT8640.brd';
NEW_LAYOUT_NAME = '';
REFRESH_SYMBOL_TEXT_LOCATIONS = 'NO';


------ Library Paths ------
PSMPATH =  c:\allegro\packages 

PADPATH =  c:\allegro\pads 


------ Pad Stack Refresh Messages ------

'VIA_080P040'  pad stack refresh starting.

     'VIA_080P040'  pad stack refreshed successfully.
     
'VIA_055P025'  pad stack refresh starting.

     'VIA_055P025'  pad stack refreshed successfully.
     
'THT_080P040S010'  pad stack refresh starting.

     'THT_080P040S010'  pad stack refreshed successfully.
     
'THT_520P320S020'  pad stack refresh starting.

     'THT_520P320S020'  pad stack refreshed successfully.
     
'THT_200P100S020'  pad stack refresh starting.

     'THT_200P100S020'  pad stack refreshed successfully.
     
'THT_000NP195S020'  pad stack refresh starting.

     'THT_000NP195S020'  pad stack refreshed successfully.
     
'THT_110P070S010'  pad stack refresh starting.

     'THT_110P070S010'  pad stack refreshed successfully.
     
'THT_140P090S20'  pad stack refresh starting.

     'THT_140P090S20'  pad stack refreshed successfully.
     
'THT_250P165S20'  pad stack refresh starting.

     'THT_250P165S20'  pad stack refreshed successfully.
     
'THT_160P100S020'  pad stack refresh starting.

     'THT_160P100S020'  pad stack refreshed successfully.
     
'THT_000NP325S020'  pad stack refresh starting.

     'THT_000NP325S020'  pad stack refreshed successfully.
     
'SMD_160_550S20'  pad stack refresh starting.

     'SMD_160_550S20'  pad stack refreshed successfully.
     
'SMD_115_270S20'  pad stack refresh starting.

     'SMD_115_270S20'  pad stack refreshed successfully.
     
'SMD_040_220S10'  pad stack refresh starting.

     'SMD_040_220S10'  pad stack refreshed successfully.
     
'SMD_200_380S010'  pad stack refresh starting.

     'SMD_200_380S010'  pad stack refreshed successfully.
     
'SMD_150_200S010'  pad stack refresh starting.

     'SMD_150_200S010'  pad stack refreshed successfully.
     
'SMD_030_160S010'  pad stack refresh starting.

     'SMD_030_160S010'  pad stack refreshed successfully.
     
'SMD_095_140S020'  pad stack refresh starting.

     'SMD_095_140S020'  pad stack refreshed successfully.
     
'SMD_100_260S010'  pad stack refresh starting.

     'SMD_100_260S010'  pad stack refreshed successfully.
     
'SMD_090_090S020'  pad stack refresh starting.

     'SMD_090_090S020'  pad stack refreshed successfully.
     
Completed refreshing all pad stacks successfully.
