C:\MyProject\PT8614_flash\projnav\system.ngc 1180703417
C:/MyProject/PT8614_flash/implementation/ppc405_0_wrapper.ngc 1180702986
C:/MyProject/PT8614_flash/implementation/ppc405_1_wrapper.ngc 1180702986
C:/MyProject/PT8614_flash/implementation/jtagppc_0_wrapper.ngc 1180702986
C:/MyProject/PT8614_flash/implementation/reset_block_wrapper.ngc 1180702986
C:/MyProject/PT8614_flash/implementation/iocm_wrapper.ngc 1180702986
C:/MyProject/PT8614_flash/implementation/iocm_cntlr_wrapper.ngc 1180702986
C:/MyProject/PT8614_flash/implementation/isocm_bram_wrapper.ngc 1180702986
C:/MyProject/PT8614_flash/implementation/docm_wrapper.ngc 1180702986
C:/MyProject/PT8614_flash/implementation/docm_cntlr_wrapper.ngc 1180702986
C:/MyProject/PT8614_flash/implementation/dsocm_bram_wrapper.ngc 1180702986
C:/MyProject/PT8614_flash/implementation/plb_wrapper.ngc 1180702986
C:/MyProject/PT8614_flash/implementation/generic_external_memory_wrapper.ngc 1180702986
C:/MyProject/PT8614_flash/implementation/opb_wrapper.ngc 1180702986
C:/MyProject/PT8614_flash/implementation/plb2opb_wrapper.ngc 1180702986
C:/MyProject/PT8614_flash/implementation/generic_gpio_wrapper.ngc 1180702986
C:/MyProject/PT8614_flash/implementation/leds_wrapper.ngc 1180702986
C:/MyProject/PT8614_flash/implementation/rs232_wrapper.ngc 1180702986
C:/MyProject/PT8614_flash/implementation/plb_bram_if_cntlr_1_wrapper.ngc 1180702986
C:/MyProject/PT8614_flash/implementation/plb_bram_if_cntlr_1_bram_wrapper.ngc 1180702986
C:/MyProject/PT8614_flash/implementation/dcm_0_wrapper.ngc 1180702986
C:/MyProject/PT8614_flash/implementation/util_bus_split_0_wrapper.ngc 1180702986
OK
