iMPACT Version: 
iMPACT log file Started on Mon Oct 04 15:19:09 2010

The following values are set for this run of the wizard
SUBMODE_TYPE is SUBMODE_PFFSERIAL
MULTIBOOT_DEVICE is DEVICE_NONE
MULTIBOOT_TYPE is TYPE_NONE
Downstream Daisy-Chain type is CHAINTYPE_NONE
setMultiBootSelect is FALSE
setSPISelect is FALSE
// *** BATCH CMD : setMode -pff
// *** BATCH CMD : setMode -pff
// *** BATCH CMD : addConfigDevice  -name "top" -path"C:\MATHIAS_WORK\PT8612\PT8612 (work)\"
// *** BATCH CMD : setSubmode -pffserial
// *** BATCH CMD : setAttribute -configdevice -attr multibootBpiType -value ""
// *** BATCH CMD : addDesign -version 0 -name ""
// *** BATCH CMD : setMode -pff
// *** BATCH CMD : addDeviceChain -index 0
// *** BATCH CMD : setMode -pff
// *** BATCH CMD : addDeviceChain -index 0
Override chain at index 0.
Overriding chain at index 0.
// *** BATCH CMD : setAttribute -configdevice -attr compressed -value "FALSE"
// *** BATCH CMD : setAttribute -configdevice -attr compressed -value "FALSE"
// *** BATCH CMD : setAttribute -configdevice -attr autoSize -value "FALSE"
// *** BATCH CMD : setAttribute -configdevice -attr fileFormat -value "mcs"
// *** BATCH CMD : setAttribute -configdevice -attr fillValue -value "FF"
// *** BATCH CMD : setAttribute -configdevice -attr swapBit -value "FALSE"
// *** BATCH CMD : setAttribute -configdevice -attr dir -value "UP"
// *** BATCH CMD : setAttribute -configdevice -attr multiboot -value "FALSE"
// *** BATCH CMD : setAttribute -configdevice -attr multiboot -value "FALSE"
// *** BATCH CMD : setAttribute -configdevice -attr spiSelected -value "FALSE"
// *** BATCH CMD : setAttribute -configdevice -attr spiSelected -value "FALSE"
// *** BATCH CMD : addPromDevice -p 1 -size 0 -name xcf16p
'1': Added Device xcf16p successfully.
----------------------------------------------------------------------
// *** BATCH CMD : setMode -pff
------------------------  GUI: PFFView Wizard Data Report ------------------------
SubMode: PFF_SERIAL
MB Master Device: 
MB Mode: 
MB Chain: 
getMultiBootSelected(): FALSE
getSPISelected(): FALSE
------------------------  GUI: End PFFView Report  ------------------------
// *** BATCH CMD : setMode -pff
// *** BATCH CMD : deletePromDevice -position 1
// *** BATCH CMD : setCurrentDesign -version 0
// *** BATCH CMD : setCurrentDeviceChain -index 0
// *** BATCH CMD : setCurrentDeviceChain -index 0
// *** BATCH CMD : deleteDesign -version 0
// *** BATCH CMD : setCurrentDesign -version -1
// *** BATCH CMD : setMode -pff
// *** BATCH CMD : addConfigDevice -size 512 -name "top" -path"C:\MATHIAS_WORK\PT8612\PT8612 (work)\/"
// *** BATCH CMD : setSubmode -pffserial
// *** BATCH CMD : setAttribute -configdevice -attr dir -value "UP"
// *** BATCH CMD : setAttribute -configdevice -attr flashDataWidth -value "8"
// *** BATCH CMD : addPromDevice -p 1 -size 0 -name xcf16p
'1': Added Device xcf16p successfully.
----------------------------------------------------------------------
// *** BATCH CMD : setMode -pff
// *** BATCH CMD : setSubmode -pffserial
// *** BATCH CMD : setAttribute -configdevice -attr dir -value "UP"
// *** BATCH CMD : addDesign -version 0 -name "0000"
// *** BATCH CMD : setMode -pff
// *** BATCH CMD : addDeviceChain -index 0
// *** BATCH CMD : setCurrentDeviceChain -index 0
------------------------  GUI: Wizard Data Report  ---------------------------
      PROM Mode : Serial
      Compression : false
      Fill Value : FF
      Output Format : mcs
      Swap Bits : true
      LoadDirection : UP
      PROM Basename : top
      File Location : C:\MATHIAS_WORK\PT8612\PT8612 (work)\/
      Auto Selcet : false
      Number of Data Stream : 1
      Number of PROMs : 1
      PROM Name : xcf16p		PROM Size : 2097152 Bytes
-------------------------- END of Report ----------------------------
// *** BATCH CMD : setCurrentDeviceChain -index 0
// *** BATCH CMD : setAttribute -design -attr name -value "0"
// *** BATCH CMD : addDevice -p 1 -file "C:/MATHIAS_WORK/PT8612/PT8612(work)/hd_gen_module.bit"
'1': Loading file 'C:/MATHIAS_WORK/PT8612/PT8612 (work)/hd_gen_module.bit' ...
INFO:iMPACT - Elapsed time =      1 sec.
done.
INFO:iMPACT:501 - '1': Added Device xc2vp20 successfully.
----------------------------------------------------------------------
----------------------------------------------------------------------
Add one device.// *** BATCH CMD : setMode -pff
// *** BATCH CMD : setSubmode -pffserial
// *** BATCH CMD : setAttribute -configdevice -attr fillValue -value "FF"
// *** BATCH CMD : setAttribute -configdevice -attr fileFormat -value "mcs"
// *** BATCH CMD : setAttribute -configdevice -attr dir -value "UP"
// *** BATCH CMD : setAttribute -configdevice -attr path -value"C:\MATHIAS_WORK\PT8612\PT8612 (work)\/"
// *** BATCH CMD : setAttribute -configdevice -attr name -value "top"
Total configuration bit size = 8214560 bits.
// *** BATCH CMD : generate
Total configuration byte size = 1026820 bytes.
Swap bit can only be disabled in Hex file format only.
// *** BATCH CMD : setCurrentDesign -version 0
0xfab04 (1026820) bytes loaded up from 0x0
Using user-specified prom size of 2048K
Writing file "C:\MATHIAS_WORK\PT8612\PT8612 (work)\//top.mcs".
Writing file "C:\MATHIAS_WORK\PT8612\PT8612 (work)\//top.prm".
Writing file "C:\MATHIAS_WORK\PT8612\PT8612 (work)\//top.sig".
// *** BATCH CMD : setMode -bs
// *** BATCH CMD : setMode -bs
// *** BATCH CMD : setCable -port usb21 -baud -1
Connecting to cable (Usb Port - USB21).
Checking cable driver.
 Driver version: 1027 (1027).
 Driver windrvr6.sys version = 8.1.1.0. WinDriver v8.11 Jungo (c) 1997 - 2006 Build Date: Oct 16 2006 X86 32bit SYS12:35:07, version = 811.
 Cable PID = 0008.
 Max current requested during enumeration is 74 mA.
Type = 0x0004.
 Cable Type = 3, Revision = 0.
 Setting cable speed to 6 MHz.
Cable connection established.
Firmware version = 1029.
File version of C:/Xilinx92i/data/xusb_xlp.hex = 1301.
Firmware hex file version = 1301.
Downloading C:/Xilinx92i/data/xusb_xlp.hex.
Downloaded firmware version = 1301.
ESN Family Code: 01
ESN: 000011667FA2
CPLD file version = 0012h.
CPLD version = 0012h.
// *** BATCH CMD : setCable -port usb21 -baud 750000
Connecting to cable (Usb Port - USB21).
Checking cable driver.
 Driver version: 1027 (1027).
 Driver windrvr6.sys version = 8.1.1.0. WinDriver v8.11 Jungo (c) 1997 - 2006 Build Date: Oct 16 2006 X86 32bit SYS12:35:07, version = 811.
 Cable PID = 0008.
 Max current requested during enumeration is 74 mA.
Type = 0x0004.
 Cable Type = 3, Revision = 0.
 Setting cable speed to 750 KHz.
Cable connection established.
Firmware version = 1301.
File version of C:/Xilinx92i/data/xusb_xlp.hex = 1301.
Firmware hex file version = 1301.
ESN Family Code: 01
ESN: 000011667FA2
CPLD file version = 0012h.
CPLD version = 0012h.
Attempting to identify devices in the boundary-scan chain configuration...// *** BATCH CMD : Identify 
PROGRESS_START - Starting Operation.
Identifying chain contents ....'1': : Manufacturer's ID =Xilinx xc2vp20, Version : 3
INFO:iMPACT:1777 - 
   Reading C:/Xilinx92i/virtex2p/data/xc2vp20.bsd...
INFO:iMPACT:501 - '1': Added Device xc2vp20 successfully.
----------------------------------------------------------------------
----------------------------------------------------------------------
'2': : Manufacturer's ID =Xilinx xcf08p, Version : 14
INFO:iMPACT:1777 - 
   Reading C:/Xilinx92i/xcfp/data/xcf08p.bsd...
INFO:iMPACT:501 - '1': Added Device xcf08p successfully.
----------------------------------------------------------------------
----------------------------------------------------------------------
done.
PROGRESS_END - End Operation.
Elapsed time =      1 sec.
// *** BATCH CMD : identifyMPM 
// *** BATCH CMD : assignFile -p 1 -file "C:/MATHIAS_WORK/PT8612/PT8612(work)/top.mcs"
'1': Loading file 'C:/MATHIAS_WORK/PT8612/PT8612 (work)/top.mcs' ...
done.
INFO:iMPACT:1835 - Loading CFI file C:/MATHIAS_WORK/PT8612/PT8612 (work)/top.cfi
CFI file not found, proceed with device default setting.
// *** BATCH CMD : setAttribute -position 1 -attr packageName -value "(null)"
// *** BATCH CMD : Program -p 1 -e -loadfpga -defaultVersion 0 
'1': Putting device in ISP mode...done.
Maximum TCK operating frequency for this device chain: 15000000.
Validating chain...
Boundary-scan chain validated successfully.
PROGRESS_START - Starting Operation.
'1': Erasing device...
Erasure completed successfully.
'1': Putting device in ISP mode...done.
done.
'1': Putting device in ISP mode...done.
'1': Putting device in ISP mode...done.
'1': Putting device in ISP mode...done.
done.
'1': Putting device in ISP mode...done.
'1': Putting device in ISP mode...done.
done.
done.
'1': Putting device in ISP mode...done.
done.
'1': Starting FPGA Load with Prom Data...INFO:iMPACT:563 - '1':Please ensure proper connections as specified by the data   book ...
'1': Programming completed successfully.
'1': Programming completed successfully.
PROGRESS_END - End Operation.
Elapsed time =     57 sec.
// *** BATCH CMD : Program -p 1 -e -v -loadfpga -defaultVersion 0 
'1': Putting device in ISP mode...done.
Maximum TCK operating frequency for this device chain: 15000000.
Validating chain...
Boundary-scan chain validated successfully.
'1': Erasing device...
PROGRESS_START - Starting Operation.
Erasure completed successfully.
'1': Putting device in ISP mode...done.
done.
'1': Putting device in ISP mode...done.
'1': Putting device in ISP mode...done.
'1': Putting device in ISP mode...done.
done.
'1': Putting device in ISP mode...done.
'1': Putting device in ISP mode...done.
done.
'1': Putting device in ISP mode...done.
done.
'1': Putting device in ISP mode...done.
'1': Verifying device...Failed at address, 0'1': Verification Terminated
'1': Programming completed successfully.
Operation aborted.
PROGRESS_END - End Operation.
Elapsed time =      7 sec.
// *** BATCH CMD : setMode -pff
// *** BATCH CMD : setMode -pff
// *** BATCH CMD : setMode -pff
// *** BATCH CMD : setSubmode -pffserial
// *** BATCH CMD : setAttribute -configdevice -attr fillValue -value "FF"
// *** BATCH CMD : setAttribute -configdevice -attr fileFormat -value "mcs"
// *** BATCH CMD : setAttribute -configdevice -attr dir -value "UP"
// *** BATCH CMD : setAttribute -configdevice -attr path -value"C:\MATHIAS_WORK\PT8612\PT8612 (work)\/"
// *** BATCH CMD : setAttribute -configdevice -attr name -value "top"
Total configuration bit size = 8214560 bits.
// *** BATCH CMD : generate
Total configuration byte size = 1026820 bytes.
Swap bit can only be disabled in Hex file format only.
// *** BATCH CMD : setCurrentDesign -version 0
0xfab04 (1026820) bytes loaded up from 0x0
Using user-specified prom size of 2048K
Writing file "C:\MATHIAS_WORK\PT8612\PT8612 (work)\//top.mcs".
Writing file "C:\MATHIAS_WORK\PT8612\PT8612 (work)\//top.prm".
Writing file "C:\MATHIAS_WORK\PT8612\PT8612 (work)\//top.sig".
Revision 0, Design 0 Device #0 is Selected.
// *** BATCH CMD : cutDevice -p 1
// *** BATCH CMD : deletePromDevice -position 1
// *** BATCH CMD : setMode -pff
// *** BATCH CMD : setMode -pff
// *** BATCH CMD : setCurrentDesign -version 0
// *** BATCH CMD : setMode -pff
// *** BATCH CMD : setCurrentDeviceChain -index 0
// *** BATCH CMD : setMode -pff
// *** BATCH CMD : setCurrentDesign -version 0
// *** BATCH CMD : setCurrentDeviceChain -index 0
// *** BATCH CMD : setCurrentDeviceChain -index 0
// *** BATCH CMD : deleteDesign -version 0
// *** BATCH CMD : setCurrentDesign -version -1
// *** BATCH CMD : setMode -pff
// *** BATCH CMD : setMode -bs
// *** BATCH CMD : setMode -bs
The following values are set for this run of the wizard
SUBMODE_TYPE is SUBMODE_PFFSERIAL
MULTIBOOT_DEVICE is DEVICE_NONE
MULTIBOOT_TYPE is TYPE_NONE
Downstream Daisy-Chain type is CHAINTYPE_NONE
setMultiBootSelect is FALSE
setSPISelect is FALSE
// *** BATCH CMD : setMode -pff
// *** BATCH CMD : setMode -pff
// *** BATCH CMD : addConfigDevice  -name "top" -path"C:\MATHIAS_WORK\PT8612\PT8612 (work)\"
// *** BATCH CMD : setSubmode -pffserial
// *** BATCH CMD : setAttribute -configdevice -attr multibootBpiType -value ""
// *** BATCH CMD : addDesign -version 0 -name ""
// *** BATCH CMD : setMode -pff
// *** BATCH CMD : addDeviceChain -index 0
// *** BATCH CMD : setMode -pff
// *** BATCH CMD : addDeviceChain -index 0
Override chain at index 0.
Overriding chain at index 0.
// *** BATCH CMD : setAttribute -configdevice -attr compressed -value "FALSE"
// *** BATCH CMD : setAttribute -configdevice -attr compressed -value "FALSE"
// *** BATCH CMD : setAttribute -configdevice -attr autoSize -value "FALSE"
// *** BATCH CMD : setAttribute -configdevice -attr fileFormat -value "mcs"
// *** BATCH CMD : setAttribute -configdevice -attr fillValue -value "FF"
// *** BATCH CMD : setAttribute -configdevice -attr swapBit -value "FALSE"
// *** BATCH CMD : setAttribute -configdevice -attr dir -value "UP"
// *** BATCH CMD : setAttribute -configdevice -attr multiboot -value "FALSE"
// *** BATCH CMD : setAttribute -configdevice -attr multiboot -value "FALSE"
// *** BATCH CMD : setAttribute -configdevice -attr spiSelected -value "FALSE"
// *** BATCH CMD : setAttribute -configdevice -attr spiSelected -value "FALSE"
// *** BATCH CMD : addPromDevice -p 1 -size 0 -name xcf08p
'1': Added Device xcf08p successfully.
----------------------------------------------------------------------
// *** BATCH CMD : setMode -pff
------------------------  GUI: PFFView Wizard Data Report ------------------------
SubMode: PFF_SERIAL
MB Master Device: 
MB Mode: 
MB Chain: 
getMultiBootSelected(): FALSE
getSPISelected(): FALSE
------------------------  GUI: End PFFView Report  ------------------------
// *** BATCH CMD : setMode -pff
// *** BATCH CMD : deletePromDevice -position 1
// *** BATCH CMD : setCurrentDesign -version 0
// *** BATCH CMD : setCurrentDeviceChain -index 0
// *** BATCH CMD : setCurrentDeviceChain -index 0
// *** BATCH CMD : deleteDesign -version 0
// *** BATCH CMD : setCurrentDesign -version -1
// *** BATCH CMD : setMode -pff
// *** BATCH CMD : addConfigDevice -size 512 -name "top" -path"C:\MATHIAS_WORK\PT8612\PT8612 (work)\/"
// *** BATCH CMD : setSubmode -pffserial
// *** BATCH CMD : setAttribute -configdevice -attr dir -value "UP"
// *** BATCH CMD : setAttribute -configdevice -attr flashDataWidth -value "8"
// *** BATCH CMD : addPromDevice -p 1 -size 0 -name xcf08p
'1': Added Device xcf08p successfully.
----------------------------------------------------------------------
// *** BATCH CMD : setMode -pff
// *** BATCH CMD : setSubmode -pffserial
// *** BATCH CMD : setAttribute -configdevice -attr dir -value "UP"
// *** BATCH CMD : addDesign -version 0 -name "0000"
// *** BATCH CMD : setMode -pff
// *** BATCH CMD : addDeviceChain -index 0
// *** BATCH CMD : setCurrentDeviceChain -index 0
------------------------  GUI: Wizard Data Report  ---------------------------
      PROM Mode : Serial
      Compression : false
      Fill Value : FF
      Output Format : mcs
      Swap Bits : true
      LoadDirection : UP
      PROM Basename : top
      File Location : C:\MATHIAS_WORK\PT8612\PT8612 (work)\/
      Auto Selcet : false
      Number of Data Stream : 1
      Number of PROMs : 1
      PROM Name : xcf08p		PROM Size : 1048576 Bytes
-------------------------- END of Report ----------------------------
// *** BATCH CMD : setCurrentDeviceChain -index 0
// *** BATCH CMD : setAttribute -design -attr name -value "0"
// *** BATCH CMD : addDevice -p 1 -file "C:/MATHIAS_WORK/PT8612/PT8612(work)/hd_gen_module.bit"
'1': Loading file 'C:/MATHIAS_WORK/PT8612/PT8612 (work)/hd_gen_module.bit' ...
INFO:iMPACT - Elapsed time =      0 sec.
done.
INFO:iMPACT:501 - '1': Added Device xc2vp20 successfully.
----------------------------------------------------------------------
----------------------------------------------------------------------
Add one device.// *** BATCH CMD : setMode -pff
// *** BATCH CMD : setSubmode -pffserial
// *** BATCH CMD : setAttribute -configdevice -attr fillValue -value "FF"
// *** BATCH CMD : setAttribute -configdevice -attr fileFormat -value "mcs"
// *** BATCH CMD : setAttribute -configdevice -attr dir -value "UP"
// *** BATCH CMD : setAttribute -configdevice -attr path -value"C:\MATHIAS_WORK\PT8612\PT8612 (work)\/"
// *** BATCH CMD : setAttribute -configdevice -attr name -value "top"
Total configuration bit size = 8214560 bits.
// *** BATCH CMD : generate
Total configuration byte size = 1026820 bytes.
Swap bit can only be disabled in Hex file format only.
// *** BATCH CMD : setCurrentDesign -version 0
0xfab04 (1026820) bytes loaded up from 0x0
Using user-specified prom size of 1024K
Writing file "C:\MATHIAS_WORK\PT8612\PT8612 (work)\//top.mcs".
Writing file "C:\MATHIAS_WORK\PT8612\PT8612 (work)\//top.prm".
Writing file "C:\MATHIAS_WORK\PT8612\PT8612 (work)\//top.sig".
// *** BATCH CMD : setMode -bs
// *** BATCH CMD : setMode -bs
Updating config file C:/MATHIAS_WORK/PT8612/PT8612 (work)/top.mcs...
// *** BATCH CMD : Program -p 1 -e -v -loadfpga -defaultVersion 0 
'1': Putting device in ISP mode...done.
Maximum TCK operating frequency for this device chain: 15000000.
Validating chain...
Boundary-scan chain validated successfully.
'1': Erasing device...
PROGRESS_START - Starting Operation.
Erasure completed successfully.
'1': Putting device in ISP mode...done.
done.
'1': Putting device in ISP mode...done.
'1': Putting device in ISP mode...done.
'1': Putting device in ISP mode...done.
done.
'1': Putting device in ISP mode...done.
'1': Putting device in ISP mode...done.
done.
done.
'1': Putting device in ISP mode...done.
done.
'1': Putting device in ISP mode...done.
'1': Verifying device...done.
'1': Verification completed.
'1': Putting device in ISP mode...done.
'1': Starting FPGA Load with Prom Data...INFO:iMPACT:563 - '1':Please ensure proper connections as specified by the data   book ...
'1': Programming completed successfully.
'1': Programming completed successfully.
PROGRESS_END - End Operation.
Elapsed time =     73 sec.
// *** BATCH CMD : setMode -pff
// *** BATCH CMD : setMode -pff
Revision 0, Design 0 Device #0 is Selected.
Revision 0, Design 0 Device #0 is Selected.
// *** BATCH CMD : setCurrentDeviceChain -index 0
// *** BATCH CMD : assignFile -p 1 -file "C:/MATHIAS_WORK/PT8612/PT8612(work)/hd_gen_module.bit"
'1': Loading file 'C:/MATHIAS_WORK/PT8612/PT8612 (work)/hd_gen_module.bit' ...
INFO:iMPACT - Elapsed time =      0 sec.
done.
INFO:iMPACT:501 - '1': Added Device xc2vp20 successfully.
----------------------------------------------------------------------
----------------------------------------------------------------------
----------------------------------------------------------------------
----------------------------------------------------------------------
// *** BATCH CMD : setAttribute -position 1 -attr devicePartName -value"xc2vp20"
// *** BATCH CMD : setMode -pff
// *** BATCH CMD : setSubmode -pffserial
// *** BATCH CMD : setAttribute -configdevice -attr fillValue -value "FF"
// *** BATCH CMD : setAttribute -configdevice -attr fileFormat -value "mcs"
// *** BATCH CMD : setAttribute -configdevice -attr dir -value "UP"
// *** BATCH CMD : setAttribute -configdevice -attr path -value"C:\MATHIAS_WORK\PT8612\PT8612 (work)\/"
// *** BATCH CMD : setAttribute -configdevice -attr name -value "top"
Total configuration bit size = 8214560 bits.
// *** BATCH CMD : generate
Total configuration byte size = 1026820 bytes.
Swap bit can only be disabled in Hex file format only.
// *** BATCH CMD : setCurrentDesign -version 0
0xfab04 (1026820) bytes loaded up from 0x0
Using user-specified prom size of 1024K
Writing file "C:\MATHIAS_WORK\PT8612\PT8612 (work)\//top.mcs".
Writing file "C:\MATHIAS_WORK\PT8612\PT8612 (work)\//top.prm".
Writing file "C:\MATHIAS_WORK\PT8612\PT8612 (work)\//top.sig".
// *** BATCH CMD : setMode -bs
// *** BATCH CMD : setMode -bs
// *** BATCH CMD : assignFile -p 1 -file "C:/MATHIAS_WORK/PT8612/PT8612(work)/top.mcs"
'1': Loading file 'C:/MATHIAS_WORK/PT8612/PT8612 (work)/top.mcs' ...
done.
INFO:iMPACT:1835 - Loading CFI file C:/MATHIAS_WORK/PT8612/PT8612 (work)/top.cfi
CFI file not found, proceed with device default setting.
// *** BATCH CMD : setAttribute -position 1 -attr packageName -value "(null)"
Updating config file C:/MATHIAS_WORK/PT8612/PT8612 (work)/top.mcs...
// *** BATCH CMD : Program -p 1 -e -v -loadfpga -defaultVersion 0 
'1': Putting device in ISP mode...done.
Maximum TCK operating frequency for this device chain: 15000000.
Validating chain...
Boundary-scan chain validated successfully.
'1': Erasing device...
PROGRESS_START - Starting Operation.
Erasure completed successfully.
'1': Putting device in ISP mode...done.
done.
'1': Putting device in ISP mode...done.
'1': Putting device in ISP mode...done.
'1': Putting device in ISP mode...done.
done.
'1': Putting device in ISP mode...done.
'1': Putting device in ISP mode...done.
done.
done.
'1': Putting device in ISP mode...done.
done.
'1': Putting device in ISP mode...done.
'1': Verifying device...done.
'1': Verification completed.
'1': Putting device in ISP mode...done.
'1': Starting FPGA Load with Prom Data...INFO:iMPACT:563 - '1':Please ensure proper connections as specified by the data   book ...
'1': Programming completed successfully.
'1': Programming completed successfully.
PROGRESS_END - End Operation.
Elapsed time =     70 sec.
// *** BATCH CMD : assignFile -p 1 -file "L:/PTA/PT8612/firmware/ver11/pt8612(1.6.1.6).mcs"
'1': Loading file 'L:/PTA/PT8612/firmware/ver11/pt8612 (1.6.1.6).mcs' ...
done.
INFO:iMPACT:1835 - Loading CFI file L:/PTA/PT8612/firmware/ver11/pt8612   (1.6.1.6).cfi
CFI file not found, proceed with device default setting.
// *** BATCH CMD : setAttribute -position 1 -attr packageName -value "(null)"
// *** BATCH CMD : Program -p 1 -e -v -loadfpga -defaultVersion 0 
'1': Putting device in ISP mode...done.
Maximum TCK operating frequency for this device chain: 15000000.
Validating chain...
Boundary-scan chain validated successfully.
'1': Erasing device...
PROGRESS_START - Starting Operation.
Erasure completed successfully.
'1': Putting device in ISP mode...done.
done.
'1': Putting device in ISP mode...done.
'1': Putting device in ISP mode...done.
'1': Putting device in ISP mode...done.
done.
'1': Putting device in ISP mode...done.
'1': Putting device in ISP mode...done.
done.
done.
'1': Putting device in ISP mode...done.
done.
'1': Putting device in ISP mode...done.
'1': Verifying device...done.
'1': Verification completed.
'1': Putting device in ISP mode...done.
'1': Starting FPGA Load with Prom Data...INFO:iMPACT:563 - '1':Please ensure proper connections as specified by the data   book ...
'1': Programming completed successfully.
'1': Programming completed successfully.
PROGRESS_END - End Operation.
Elapsed time =     70 sec.
// *** BATCH CMD : assignFile -p 1 -file "C:/MATHIAS_WORK/PT8612/PT8612(work)/top.mcs"
'1': Loading file 'C:/MATHIAS_WORK/PT8612/PT8612 (work)/top.mcs' ...
done.
INFO:iMPACT:1835 - Loading CFI file C:/MATHIAS_WORK/PT8612/PT8612 (work)/top.cfi
CFI file not found, proceed with device default setting.
// *** BATCH CMD : setAttribute -position 1 -attr packageName -value "(null)"
// *** BATCH CMD : Program -p 1 -e -v -loadfpga -defaultVersion 0 
'1': Putting device in ISP mode...done.
Maximum TCK operating frequency for this device chain: 15000000.
Validating chain...
Boundary-scan chain validated successfully.
'1': Erasing device...
PROGRESS_START - Starting Operation.
Erasure completed successfully.
'1': Putting device in ISP mode...done.
done.
'1': Putting device in ISP mode...done.
'1': Putting device in ISP mode...done.
'1': Putting device in ISP mode...done.
done.
'1': Putting device in ISP mode...done.
'1': Putting device in ISP mode...done.
done.
done.
'1': Putting device in ISP mode...done.
done.
'1': Putting device in ISP mode...done.
'1': Verifying device...done.
'1': Verification completed.
'1': Putting device in ISP mode...done.
'1': Starting FPGA Load with Prom Data...INFO:iMPACT:563 - '1':Please ensure proper connections as specified by the data   book ...
'1': Programming completed successfully.
'1': Programming completed successfully.
PROGRESS_END - End Operation.
Elapsed time =     70 sec.
// *** BATCH CMD : setCable -port usb21 -baud 750000
Connecting to cable (Usb Port - USB21).
Checking cable driver.
 Driver version: 1027 (1027).
 Driver windrvr6.sys version = 8.1.1.0. WinDriver v8.11 Jungo (c) 1997 - 2006 Build Date: Oct 16 2006 X86 32bit SYS12:35:07, version = 811.
 Cable PID = 0008.
 Max current requested during enumeration is 74 mA.
Type = 0x0004.
 Cable Type = 3, Revision = 0.
 Setting cable speed to 750 KHz.
Cable connection established.
Firmware version = 1301.
File version of C:/Xilinx92i/data/xusb_xlp.hex = 1301.
Firmware hex file version = 1301.
ESN Family Code: 01
ESN: 000011667FA2
CPLD file version = 0012h.
CPLD version = 0012h.
// *** BATCH CMD : Program -p 1 -e -v -loadfpga -defaultVersion 0 
'1': Putting device in ISP mode...done.
Maximum TCK operating frequency for this device chain: 15000000.
Validating chain...
Boundary-scan chain validated successfully.
'1': Erasing device...
PROGRESS_START - Starting Operation.
Erasure completed successfully.
'1': Putting device in ISP mode...done.
done.
'1': Putting device in ISP mode...done.
'1': Putting device in ISP mode...done.
'1': Putting device in ISP mode...done.
done.
'1': Putting device in ISP mode...done.
'1': Putting device in ISP mode...done.
done.
done.
'1': Putting device in ISP mode...done.
done.
'1': Putting device in ISP mode...done.
'1': Verifying device...done.
'1': Verification completed.
'1': Putting device in ISP mode...done.
'1': Starting FPGA Load with Prom Data...INFO:iMPACT:563 - '1':Please ensure proper connections as specified by the data   book ...
'1': Programming completed successfully.
'1': Programming completed successfully.
PROGRESS_END - End Operation.
Elapsed time =     70 sec.
// *** BATCH CMD : assignFile -p 1 -file "C:/MATHIAS_WORK/PT8612/PT8612(work)/pt8612 (1.6.1.6).mcs"
'1': Loading file 'C:/MATHIAS_WORK/PT8612/PT8612 (work)/pt8612 (1.6.1.6).mcs'...
done.
INFO:iMPACT:1835 - Loading CFI file C:/MATHIAS_WORK/PT8612/PT8612 (work)/pt8612   (1.6.1.6).cfi
CFI file not found, proceed with device default setting.
// *** BATCH CMD : setAttribute -position 1 -attr packageName -value "(null)"
// *** BATCH CMD : Program -p 1 -e -v -loadfpga -defaultVersion 0 
'1': Putting device in ISP mode...done.
Maximum TCK operating frequency for this device chain: 15000000.
Validating chain...
Boundary-scan chain validated successfully.
'1': Erasing device...
PROGRESS_START - Starting Operation.
Erasure completed successfully.
'1': Putting device in ISP mode...done.
done.
'1': Putting device in ISP mode...done.
'1': Putting device in ISP mode...done.
'1': Putting device in ISP mode...done.
done.
'1': Putting device in ISP mode...done.
'1': Putting device in ISP mode...done.
done.
'1': Putting device in ISP mode...done.
done.
'1': Putting device in ISP mode...done.
'1': Verifying device...Failed at address, 49152'1': Verification Terminated
'1': Programming completed successfully.
Operation aborted.
PROGRESS_END - End Operation.
Elapsed time =     11 sec.
// *** BATCH CMD : assignFile -p 1 -file "L:/PTA/PT8612/firmware/ver11/pt8612(1.6.1.6).mcs"
'1': Loading file 'L:/PTA/PT8612/firmware/ver11/pt8612 (1.6.1.6).mcs' ...
done.
INFO:iMPACT:1835 - Loading CFI file L:/PTA/PT8612/firmware/ver11/pt8612   (1.6.1.6).cfi
CFI file not found, proceed with device default setting.
// *** BATCH CMD : setAttribute -position 1 -attr packageName -value "(null)"
// *** BATCH CMD : Program -p 1 -e -v -loadfpga -defaultVersion 0 
'1': Putting device in ISP mode...done.
Maximum TCK operating frequency for this device chain: 15000000.
Validating chain...
Boundary-scan chain validated successfully.
'1': Erasing device...
PROGRESS_START - Starting Operation.
Erasure completed successfully.
'1': Putting device in ISP mode...done.
done.
'1': Putting device in ISP mode...done.
'1': Putting device in ISP mode...done.
'1': Putting device in ISP mode...done.
done.
'1': Putting device in ISP mode...done.
'1': Putting device in ISP mode...done.
done.
done.
'1': Putting device in ISP mode...done.
done.
'1': Putting device in ISP mode...done.
'1': Verifying device...done.
'1': Verification completed.
'1': Putting device in ISP mode...done.
'1': Starting FPGA Load with Prom Data...INFO:iMPACT:563 - '1':Please ensure proper connections as specified by the data   book ...
'1': Programming completed successfully.
'1': Programming completed successfully.
PROGRESS_END - End Operation.
Elapsed time =     73 sec.
