#:C0     
#Xilinx FPGA Editor Command Log File
#Editor Version:
#:V   NT M2.1 I.27
#Current Working Directory:
#:D   C:\MyProject\DDR2interface_test\DDR2interface6
#Date/Time:
#:T   Mon Mar 05 10:12:16 2007
#------------------------------
	#Reading HD_Gen_Module.ncd...
	#Loading device for application Rf_Device from file '2vp20.nph' in environment C:\Xilinx81;C:\Xilinx81.
	#   "HD_Gen_Module" is an NCD, version 3.1, device xc2vp20, package ff896, speed -6
	#Building chip graphics...
	#Loading speed info...
	#1
setattr main edit-mode no-logic-changes
	#2
post routecst
	#3
unselect -all
	#4
unpost routecst
