Cadence Design Systems, Inc. netrev 16.0 Fri Mar 19 13:53:50 2010
(C) Copyright 2002 Cadence Design Systems, Inc.

------ Directives ------

RIPUP_ETCH TRUE;
RIPUP_SYMBOLS ALWAYS;
Missing symbol has error FALSE;
SCHEMATIC_DIRECTORY 'F:\PT8616\GENLOCK SCHEM\ALLEGRO';
BOARD_DIRECTORY 'F:/PT8616/PCB/rev4_pcb';
OLD_BOARD_NAME 'F:/PT8616/PCB/rev4_pcb/GPS_genlock.brd';
NEW_BOARD_NAME 'F:/PT8616/PCB/rev4_pcb/GPS_genlock2.brd';

CmdLine: netrev.exe -5 -y 1 -x -z -i F:\PT8616\GENLOCK SCHEM\ALLEGRO F:\PT8616\PCB\rev4_pcb\GPS_genlock.brd F:\PT8616\PCB\rev4_pcb\GPS_genlock2.brd

------ Preparing to read pst files ------

Starting to read F:/PT8616/GENLOCK SCHEM/ALLEGRO/pstchip.dat 
   Finished reading F:/PT8616/GENLOCK SCHEM/ALLEGRO/pstchip.dat (00:00:00.15)
Starting to read F:/PT8616/GENLOCK SCHEM/ALLEGRO/pstxprt.dat 
   Finished reading F:/PT8616/GENLOCK SCHEM/ALLEGRO/pstxprt.dat (00:00:00.00)
Starting to read F:/PT8616/GENLOCK SCHEM/ALLEGRO/pstxnet.dat 
   Finished reading F:/PT8616/GENLOCK SCHEM/ALLEGRO/pstxnet.dat (00:00:00.01)

------ Oversights/Warnings/Errors ------


#1   WARNING(SPMHNI-184): Device library warning detected.

WARNING: REG3 component device pin number mismatch; cannot replace.

#2   WARNING(SPMHNI-184): Device library warning detected.

WARNING: REG4 component device pin number mismatch; cannot replace.

#3   WARNING(SPMHNI-184): Device library warning detected.

WARNING: REG2 component device pin number mismatch; cannot replace.

#4   WARNING(SPMHNI-184): Device library warning detected.

WARNING: REG1 component device pin number mismatch; cannot replace.

#1   ERROR(SPMHNI-176): Device library error detected.

ERROR(SPMHNI-164): Problems with device 'CIRDIN_3-P_POLCON.100/RH/TM1SQS'. JEDEC_TYPE property 'POLCON.100/RH/TM1SQS/W.440/3_NONGLOBAL' is illegal: 'Package name is too long.'.

ERROR(SPMHNI-170): Device 'CIRDIN_3-P_POLCON.100/RH/TM1SQS' has library errors. Unable to transfer to Allegro.

#2   ERROR(SPMHNI-176): Device library error detected.

ERROR(SPMHNI-164): Problems with device 'CON14_TMM 2MM 2*7_JTAG'. JEDEC_TYPE property 'TMM 2MM 2*7' is illegal: 'Package name has invalid characters or is too long.'.

ERROR(SPMHNI-170): Device 'CON14_TMM 2MM 2*7_JTAG' has library errors. Unable to transfer to Allegro.

#3   ERROR(SPMHNI-176): Device library error detected.

ERROR(SPMHNI-164): Problems with device 'CON10A_TMM 2.54 2X5_MCU_JTAG'. JEDEC_TYPE property 'TMM 2.54 2X5' is illegal: 'Package name has invalid characters or is too long.'.

ERROR(SPMHNI-170): Device 'CON10A_TMM 2.54 2X5_MCU_JTAG' has library errors. Unable to transfer to Allegro.

#5   WARNING(SPMHNI-184): Device library warning detected.

WARNING: J1 component device pin number mismatch; cannot replace.

#6   WARNING(SPMHNI-184): Device library warning detected.

WARNING: IC6 component device pin number mismatch; cannot replace.

#7   WARNING(SPMHNI-184): Device library warning detected.

WARNING: IC11 component device pin number mismatch; cannot replace.

#4   ERROR(SPMHNI-176): Device library error detected.

ERROR(SPMHNI-164): Problems with device 'SPARTAN3E_4_QUAD.50M/100/WG16.0'. JEDEC_TYPE property 'QUAD.50M/100/WG16.00' is illegal: 'Package name has invalid characters or is too long.'.

ERROR(SPMHNI-170): Device 'SPARTAN3E_4_QUAD.50M/100/WG16.0' has library errors. Unable to transfer to Allegro.

#5   ERROR(SPMHNI-176): Device library error detected.

ERROR(SPMHNI-164): Problems with device 'C_SMD CAP B_10U'. JEDEC_TYPE property 'SMD CAP B' is illegal: 'Package name has invalid characters or is too long.'.

ERROR(SPMHNI-170): Device 'C_SMD CAP B_10U' has library errors. Unable to transfer to Allegro.

------ Summary Statistics ------


#6   Run stopped because errors were detected

netrev run on Mar 19 13:53:50 2010
   DESIGN NAME : 'GPS-GENLOCK'
   PACKAGING ON Oct 24 2007 13:27:25

   COMPILE 'logic'
   CHECK_PIN_NAMES OFF
   CROSS_REFERENCE OFF
   FEEDBACK OFF
   INCREMENTAL OFF
   INTERFACE_TYPE PHYSICAL
   MAX_ERRORS 500
   MERGE_MINIMUM 5
   NET_NAME_CHARS '#%&()*+-./:=>?@[]^_`|'
   NET_NAME_LENGTH 24
   OVERSIGHTS ON
   REPLACE_CHECK OFF
   SINGLE_NODE_NETS ON
   SPLIT_MINIMUM 0
   SUPPRESS   20
   WARNINGS ON

  6 errors detected
 No oversight detected
  7 warnings detected

cpu time      0:01:24
elapsed time  0:00:00

